============================================================
  Generated by:           Genus(TM) Synthesis Solution 21.12-s068_1
  Generated on:           May 18 2026  04:25:10 pm
  Module:                 tile_buffer_DATA_WIDTH32_TILE_DIM4_NUM_RD_PORTS4
  Operating conditions:   _nominal_ (balanced_tree)
  Wireload mode:          enclosed
  Area mode:              timing library
============================================================

                                   
    Gate      Instances    Area            Library         
-----------------------------------------------------------
AND2X1_RVT           41     83.359    saed32rvt_tt0p85v25c 
AND2X2_RVT            6     13.724    saed32rvt_tt0p85v25c 
AND2X4_RVT            6     16.774    saed32rvt_tt0p85v25c 
AND3X1_RVT           23     52.608    saed32rvt_tt0p85v25c 
AND4X1_RVT            2      5.083    saed32rvt_tt0p85v25c 
AO21X1_RVT            7     17.790    saed32rvt_tt0p85v25c 
AO221X1_RVT         447   1363.228    saed32rvt_tt0p85v25c 
AO222X1_RVT          10     33.039    saed32rvt_tt0p85v25c 
AO22X1_RVT          637   1618.897    saed32rvt_tt0p85v25c 
AOI21X1_RVT           8     24.398    saed32rvt_tt0p85v25c 
AOI221X1_RVT         57    202.807    saed32rvt_tt0p85v25c 
AOI222X1_RVT          9     34.309    saed32rvt_tt0p85v25c 
AOI22X1_RVT         135    411.713    saed32rvt_tt0p85v25c 
DEC24X1_RVT           1      6.099    saed32rvt_tt0p85v25c 
IBUFFX16_RVT          1      6.608    saed32rvt_tt0p85v25c 
IBUFFX2_RVT           2      5.083    saed32rvt_tt0p85v25c 
IBUFFX4_RVT           3      9.149    saed32rvt_tt0p85v25c 
IBUFFX8_RVT           2      8.641    saed32rvt_tt0p85v25c 
INVX0_RVT           109    138.508    saed32rvt_tt0p85v25c 
INVX16_RVT            5     25.414    saed32rvt_tt0p85v25c 
INVX1_RVT           379    481.603    saed32rvt_tt0p85v25c 
INVX2_RVT            38     57.945    saed32rvt_tt0p85v25c 
INVX4_RVT            42     85.392    saed32rvt_tt0p85v25c 
INVX8_RVT            31     94.542    saed32rvt_tt0p85v25c 
NAND2X0_RVT         610    930.167    saed32rvt_tt0p85v25c 
NAND2X1_RVT           1      2.541    saed32rvt_tt0p85v25c 
NAND2X2_RVT           2      5.591    saed32rvt_tt0p85v25c 
NAND2X4_RVT          10     33.039    saed32rvt_tt0p85v25c 
NAND3X0_RVT         115    204.586    saed32rvt_tt0p85v25c 
NAND4X0_RVT         134    272.442    saed32rvt_tt0p85v25c 
NBUFFX16_RVT         10     60.995    saed32rvt_tt0p85v25c 
NBUFFX2_RVT           8     16.265    saed32rvt_tt0p85v25c 
NBUFFX32_RVT          2     21.348    saed32rvt_tt0p85v25c 
NBUFFX4_RVT          37     94.033    saed32rvt_tt0p85v25c 
NBUFFX8_RVT          22     83.868    saed32rvt_tt0p85v25c 
NOR2X0_RVT            4     10.166    saed32rvt_tt0p85v25c 
NOR4X1_RVT            2      6.099    saed32rvt_tt0p85v25c 
OA21X1_RVT           13     33.039    saed32rvt_tt0p85v25c 
OA221X1_RVT          56    170.785    saed32rvt_tt0p85v25c 
OA222X1_RVT          35    115.636    saed32rvt_tt0p85v25c 
OA22X1_RVT          143    363.426    saed32rvt_tt0p85v25c 
OAI22X1_RVT           1      3.050    saed32rvt_tt0p85v25c 
OR2X1_RVT            54    109.790    saed32rvt_tt0p85v25c 
OR2X2_RVT            34     77.768    saed32rvt_tt0p85v25c 
OR2X4_RVT            20     55.912    saed32rvt_tt0p85v25c 
OR3X1_RVT             2      5.083    saed32rvt_tt0p85v25c 
SDFFARX1_RVT        500   4574.592    saed32rvt_tt0p85v25c 
SDFFARX2_RVT         12    115.890    saed32rvt_tt0p85v25c 
-----------------------------------------------------------
total              3828  12162.824                         


                                          
     Type      Instances    Area   Area % 
------------------------------------------
sequential           512  4690.482   38.6 
inverter             612   912.885    7.5 
buffer                79   276.509    2.3 
logic               2625  6282.948   51.7 
physical_cells         0     0.000    0.0 
------------------------------------------
total               3828 12162.824  100.0 

