============================================================
  Generated by:           Genus(TM) Synthesis Solution 21.12-s068_1
  Generated on:           May 18 2026  04:25:10 pm
  Module:                 tile_buffer_DATA_WIDTH32_TILE_DIM4_NUM_RD_PORTS4
  Operating conditions:   _nominal_ (balanced_tree)
  Wireload mode:          enclosed
  Area mode:              timing library
============================================================

Timing
--------

Clock Period 
-------------
clk   1000.0 


  Cost    Critical             Violating 
 Group   Path Slack    TNS       Paths   
-----------------------------------------
clk           -25.3   -3900.5        192 
default    No paths       0.0            
-----------------------------------------
Total                 -3900.5        192 

Instance Count
--------------
Leaf Instance Count             3828 
Physical Instance count            0 
Sequential Instance Count        512 
Combinational Instance Count    3316 
Hierarchical Instance Count        0 

Area
----
Cell Area                          12162.824
Physical Cell Area                 0.000
Total Cell Area (Cell+Physical)    12162.824
Net Area                           0.000
Total Area (Cell+Physical+Net)     12162.824

Max Fanout                         512 (clk)
Min Fanout                         0 (rst_n)
Average Fanout                     3.2
Terms to net ratio                 4.3642
Terms to instance ratio            4.4451
Runtime                            196.72325599999982 seconds
Elapsed Runtime                    196 seconds
Genus peak memory usage            1168.83 
Innovus peak memory usage          no_value 
Hostname                           phobos.ece.pdx.edu
