============================================================
  Generated by:           Genus(TM) Synthesis Solution 21.12-s068_1
  Generated on:           May 18 2026  04:25:09 pm
  Module:                 tile_buffer_DATA_WIDTH32_TILE_DIM4_NUM_RD_PORTS4
  Operating conditions:   _nominal_ (balanced_tree)
  Wireload mode:          enclosed
  Area mode:              timing library
============================================================


Path 1: VIOLATED (-25 ps) Late External Delay Assertion at pin mp_rd_data[0][10]
          Group: clk
     Startpoint: (F) mp_rd_row[0][0]
          Clock: (R) clk
       Endpoint: (R) mp_rd_data[0][10]
          Clock: (R) clk

                     Capture       Launch     
        Clock Edge:+    1000            0     
        Drv Adjust:+       0            7     
       Src Latency:+       0            0     
       Net Latency:+       0 (I)        0 (I) 
           Arrival:=    1000            7     
                                              
      Output Delay:-     300                  
       Uncertainty:-      50                  
     Required Time:=     650                  
      Launch Clock:-       7                  
       Input Delay:-     300                  
         Data Path:-     368                  
             Slack:=     -25                  

Exceptions/Constraints:
  input_delay              300             in_del_104_1 
  output_delay             300             ou_del_316_1 

#---------------------------------------------------------------------------------------------
#   Timing Point    Flags   Arc   Edge     Cell      Fanout Load Trans Delay Arrival Instance 
#                                                           (fF)  (ps)  (ps)   (ps)  Location 
#---------------------------------------------------------------------------------------------
  mp_rd_row[0][0]   -       -     F     (arrival)         3  2.0    17     0     307    (-,-) 
  g108132/Y         -       A1->Y F     OR2X2_RVT         2  6.0    38    71     378    (-,-) 
  g113486/Y         -       A->Y  R     INVX8_RVT        63 35.1    46    45     423    (-,-) 
  g102480/Y         -       A1->Y R     AND2X1_RVT        5  2.8    39    63     486    (-,-) 
  fopt103791/Y      -       A->Y  R     NBUFFX4_RVT       5  2.5    24    49     535    (-,-) 
  g100986__5115/Y   -       A1->Y F     AOI221X1_RVT      1  0.6    25   112     647    (-,-) 
  g100399__5477/Y   -       A2->Y R     NAND3X0_RVT       1  0.1    27    28     675    (-,-) 
  mp_rd_data[0][10] -       -     R     (port)            -    -     -     0     675    (-,-) 
#---------------------------------------------------------------------------------------------



Path 2: VIOLATED (-25 ps) Late External Delay Assertion at pin mp_rd_data[0][30]
          Group: clk
     Startpoint: (F) mp_rd_row[0][0]
          Clock: (R) clk
       Endpoint: (R) mp_rd_data[0][30]
          Clock: (R) clk

                     Capture       Launch     
        Clock Edge:+    1000            0     
        Drv Adjust:+       0            7     
       Src Latency:+       0            0     
       Net Latency:+       0 (I)        0 (I) 
           Arrival:=    1000            7     
                                              
      Output Delay:-     300                  
       Uncertainty:-      50                  
     Required Time:=     650                  
      Launch Clock:-       7                  
       Input Delay:-     300                  
         Data Path:-     368                  
             Slack:=     -25                  

Exceptions/Constraints:
  input_delay              300             in_del_104_1 
  output_delay             300             ou_del_296_1 

#---------------------------------------------------------------------------------------------
#   Timing Point    Flags   Arc   Edge     Cell      Fanout Load Trans Delay Arrival Instance 
#                                                           (fF)  (ps)  (ps)   (ps)  Location 
#---------------------------------------------------------------------------------------------
  mp_rd_row[0][0]   -       -     F     (arrival)         3  2.0    17     0     307    (-,-) 
  g108132/Y         -       A1->Y F     OR2X2_RVT         2  6.0    38    71     378    (-,-) 
  g113486/Y         -       A->Y  R     INVX8_RVT        63 35.1    46    45     423    (-,-) 
  g102480/Y         -       A1->Y R     AND2X1_RVT        5  2.8    39    63     486    (-,-) 
  fopt103791/Y      -       A->Y  R     NBUFFX4_RVT       5  2.5    24    49     535    (-,-) 
  g100961__6417/Y   -       A1->Y F     AOI221X1_RVT      1  0.6    25   112     647    (-,-) 
  g100367__7482/Y   -       A2->Y R     NAND3X0_RVT       1  0.1    27    28     675    (-,-) 
  mp_rd_data[0][30] -       -     R     (port)            -    -     -     0     675    (-,-) 
#---------------------------------------------------------------------------------------------



Path 3: VIOLATED (-25 ps) Late External Delay Assertion at pin mp_rd_data[3][9]
          Group: clk
     Startpoint: (F) mp_rd_col[3][1]
          Clock: (R) clk
       Endpoint: (F) mp_rd_data[3][9]
          Clock: (R) clk

                     Capture       Launch     
        Clock Edge:+    1000            0     
        Drv Adjust:+       0            9     
       Src Latency:+       0            0     
       Net Latency:+       0 (I)        0 (I) 
           Arrival:=    1000            9     
                                              
      Output Delay:-     300                  
       Uncertainty:-      50                  
     Required Time:=     650                  
      Launch Clock:-       9                  
       Input Delay:-     300                  
         Data Path:-     367                  
             Slack:=     -25                  

Exceptions/Constraints:
  input_delay              300             in_del_111_1 
  output_delay             300             ou_del_221_1 

#-------------------------------------------------------------------------------------------
#  Timing Point    Flags   Arc   Edge    Cell      Fanout Load Trans Delay Arrival Instance 
#                                                         (fF)  (ps)  (ps)   (ps)  Location 
#-------------------------------------------------------------------------------------------
  mp_rd_col[3][1]  -       -     F     (arrival)        4  2.4    21     0     309    (-,-) 
  fopt114003/Y     -       A->Y  R     INVX0_RVT        1  0.7    19    22     331    (-,-) 
  g114002/Y        -       A2->Y R     OR2X2_RVT        3  6.8    46    64     395    (-,-) 
  g114001/Y        -       A->Y  F     INVX8_RVT       18 17.0    34    28     424    (-,-) 
  fopt103744/Y     -       A->Y  F     NBUFFX4_RVT      8  4.4    25    52     475    (-,-) 
  g109981/Y        -       A3->Y F     AO221X1_RVT      1  0.6    30    78     553    (-,-) 
  g105790/Y        -       A1->Y R     AOI21X1_RVT      1  0.5    19    89     642    (-,-) 
  g105787/Y        -       A3->Y F     NAND3X0_RVT      1  0.1    32    33     675    (-,-) 
  mp_rd_data[3][9] -       -     F     (port)           -    -     -     0     675    (-,-) 
#-------------------------------------------------------------------------------------------



Path 4: VIOLATED (-25 ps) Late External Delay Assertion at pin mp_rd_data[3][22]
          Group: clk
     Startpoint: (F) mp_rd_col[3][1]
          Clock: (R) clk
       Endpoint: (F) mp_rd_data[3][22]
          Clock: (R) clk

                     Capture       Launch     
        Clock Edge:+    1000            0     
        Drv Adjust:+       0            9     
       Src Latency:+       0            0     
       Net Latency:+       0 (I)        0 (I) 
           Arrival:=    1000            9     
                                              
      Output Delay:-     300                  
       Uncertainty:-      50                  
     Required Time:=     650                  
      Launch Clock:-       9                  
       Input Delay:-     300                  
         Data Path:-     367                  
             Slack:=     -25                  

Exceptions/Constraints:
  input_delay              300             in_del_111_1 
  output_delay             300             ou_del_208_1 

#--------------------------------------------------------------------------------------------
#   Timing Point    Flags   Arc   Edge    Cell      Fanout Load Trans Delay Arrival Instance 
#                                                          (fF)  (ps)  (ps)   (ps)  Location 
#--------------------------------------------------------------------------------------------
  mp_rd_col[3][1]   -       -     F     (arrival)        4  2.4    21     0     309    (-,-) 
  fopt114003/Y      -       A->Y  R     INVX0_RVT        1  0.7    19    22     331    (-,-) 
  g114002/Y         -       A2->Y R     OR2X2_RVT        3  6.8    46    64     395    (-,-) 
  g114001/Y         -       A->Y  F     INVX8_RVT       18 17.0    34    28     424    (-,-) 
  fopt103744/Y      -       A->Y  F     NBUFFX4_RVT      8  4.4    25    52     475    (-,-) 
  g109980/Y         -       A3->Y F     AO221X1_RVT      1  0.6    30    78     553    (-,-) 
  g105785/Y         -       A1->Y R     AOI21X1_RVT      1  0.5    19    89     642    (-,-) 
  g120/Y            -       A3->Y F     NAND3X0_RVT      1  0.1    32    33     675    (-,-) 
  mp_rd_data[3][22] -       -     F     (port)           -    -     -     0     675    (-,-) 
#--------------------------------------------------------------------------------------------



Path 5: VIOLATED (-25 ps) Late External Delay Assertion at pin rd_lin_data[1]
          Group: clk
     Startpoint: (R) rd_lin_idx[7]
          Clock: (R) clk
       Endpoint: (R) rd_lin_data[1]
          Clock: (R) clk

                     Capture       Launch     
        Clock Edge:+    1000            0     
        Drv Adjust:+       0            8     
       Src Latency:+       0            0     
       Net Latency:+       0 (I)        0 (I) 
           Arrival:=    1000            8     
                                              
      Output Delay:-     300                  
       Uncertainty:-      50                  
     Required Time:=     650                  
      Launch Clock:-       8                  
       Input Delay:-     300                  
         Data Path:-     368                  
             Slack:=     -25                  

Exceptions/Constraints:
  input_delay              300             in_del_65_1  
  output_delay             300             ou_del_197_1 

#------------------------------------------------------------------------------------------
#  Timing Point   Flags   Arc   Edge    Cell      Fanout Load Trans Delay Arrival Instance 
#                                                        (fF)  (ps)  (ps)   (ps)  Location 
#------------------------------------------------------------------------------------------
  rd_lin_idx[7]   -       -     R     (arrival)        3  2.0    21     0     308    (-,-) 
  g108562/Y       -       A->Y  F     INVX1_RVT        2  1.3    20    20     327    (-,-) 
  g109020/Y       -       A2->Y F     OR2X2_RVT        1  5.4    36    64     391    (-,-) 
  g113624/Y       -       A->Y  R     INVX8_RVT       24 20.0    32    34     425    (-,-) 
  g113623/Y       -       A->Y  F     INVX4_RVT        3  3.3    21    18     443    (-,-) 
  g112855/Y       -       A2->Y F     OA22X1_RVT       1  0.6    31    67     510    (-,-) 
  g108563/Y       -       A5->Y F     OA221X1_RVT      1  0.5    39    63     572    (-,-) 
  g100506__6260/Y -       A2->Y F     OA22X1_RVT       1  0.6    31    74     647    (-,-) 
  g100341__6417/Y -       A1->Y R     NAND3X0_RVT      1  0.1    28    29     675    (-,-) 
  rd_lin_data[1]  -       -     R     (port)           -    -     -     0     675    (-,-) 
#------------------------------------------------------------------------------------------



Path 6: VIOLATED (-25 ps) Late External Delay Assertion at pin mp_rd_data[1][8]
          Group: clk
     Startpoint: (R) mp_rd_row[1][0]
          Clock: (R) clk
       Endpoint: (R) mp_rd_data[1][8]
          Clock: (R) clk

                     Capture       Launch     
        Clock Edge:+    1000            0     
        Drv Adjust:+       0           10     
       Src Latency:+       0            0     
       Net Latency:+       0 (I)        0 (I) 
           Arrival:=    1000           10     
                                              
      Output Delay:-     300                  
       Uncertainty:-      50                  
     Required Time:=     650                  
      Launch Clock:-      10                  
       Input Delay:-     300                  
         Data Path:-     365                  
             Slack:=     -25                  

Exceptions/Constraints:
  input_delay              300             in_del_96_1  
  output_delay             300             ou_del_286_1 

#-------------------------------------------------------------------------------------------
#  Timing Point    Flags   Arc   Edge    Cell      Fanout Load Trans Delay Arrival Instance 
#                                                         (fF)  (ps)  (ps)   (ps)  Location 
#-------------------------------------------------------------------------------------------
  mp_rd_row[1][0]  -       -     R     (arrival)        4  2.4    25     0     310    (-,-) 
  g78/Y            -       A->Y  F     INVX0_RVT        1  0.7    20    19     329    (-,-) 
  g109631/Y        -       A2->Y F     OR2X2_RVT        2  6.1    38    65     394    (-,-) 
  g3/Y             -       A->Y  F     NBUFFX4_RVT      2  5.9    28    56     451    (-,-) 
  g67/Y            -       A4->Y F     OA22X1_RVT       1  0.6    31    59     510    (-,-) 
  g105438/Y        -       A5->Y F     OA221X1_RVT      1  0.5    39    62     572    (-,-) 
  g263/Y           -       A2->Y F     OA22X1_RVT       1  0.6    31    74     646    (-,-) 
  g100356__8246/Y  -       A1->Y R     NAND3X0_RVT      1  0.1    29    29     675    (-,-) 
  mp_rd_data[1][8] -       -     R     (port)           -    -     -     0     675    (-,-) 
#-------------------------------------------------------------------------------------------



Path 7: VIOLATED (-25 ps) Late External Delay Assertion at pin rd_lin_data[21]
          Group: clk
     Startpoint: (R) rd_lin_idx[7]
          Clock: (R) clk
       Endpoint: (F) rd_lin_data[21]
          Clock: (R) clk

                     Capture       Launch     
        Clock Edge:+    1000            0     
        Drv Adjust:+       0            8     
       Src Latency:+       0            0     
       Net Latency:+       0 (I)        0 (I) 
           Arrival:=    1000            8     
                                              
      Output Delay:-     300                  
       Uncertainty:-      50                  
     Required Time:=     650                  
      Launch Clock:-       8                  
       Input Delay:-     300                  
         Data Path:-     367                  
             Slack:=     -25                  

Exceptions/Constraints:
  input_delay              300             in_del_65_1  
  output_delay             300             ou_del_177_1 

#------------------------------------------------------------------------------------------
#  Timing Point   Flags   Arc   Edge    Cell      Fanout Load Trans Delay Arrival Instance 
#                                                        (fF)  (ps)  (ps)   (ps)  Location 
#------------------------------------------------------------------------------------------
  rd_lin_idx[7]   -       -     R     (arrival)        3  2.0    21     0     308    (-,-) 
  g109049/Y       -       A1->Y R     OR2X4_RVT        7 18.3    63    92     400    (-,-) 
  fopt113917/Y    -       A->Y  F     INVX2_RVT       18  9.0    55    49     449    (-,-) 
  g108987/Y       -       A1->Y F     AO22X1_RVT       1  0.6    24    83     532    (-,-) 
  g113641/Y       -       A5->Y F     AO221X1_RVT      1  0.6    30    54     586    (-,-) 
  g112519/Y       -       A1->Y R     NAND2X0_RVT      1  0.6    38    38     624    (-,-) 
  g112514/Y       -       A4->Y F     NAND4X0_RVT      1  0.1    44    51     675    (-,-) 
  rd_lin_data[21] -       -     F     (port)           -    -     -     0     675    (-,-) 
#------------------------------------------------------------------------------------------



Path 8: VIOLATED (-25 ps) Late External Delay Assertion at pin rd_lin_data[26]
          Group: clk
     Startpoint: (R) rd_lin_idx[7]
          Clock: (R) clk
       Endpoint: (F) rd_lin_data[26]
          Clock: (R) clk

                     Capture       Launch     
        Clock Edge:+    1000            0     
        Drv Adjust:+       0            8     
       Src Latency:+       0            0     
       Net Latency:+       0 (I)        0 (I) 
           Arrival:=    1000            8     
                                              
      Output Delay:-     300                  
       Uncertainty:-      50                  
     Required Time:=     650                  
      Launch Clock:-       8                  
       Input Delay:-     300                  
         Data Path:-     367                  
             Slack:=     -25                  

Exceptions/Constraints:
  input_delay              300             in_del_65_1  
  output_delay             300             ou_del_172_1 

#------------------------------------------------------------------------------------------
#  Timing Point   Flags   Arc   Edge    Cell      Fanout Load Trans Delay Arrival Instance 
#                                                        (fF)  (ps)  (ps)   (ps)  Location 
#------------------------------------------------------------------------------------------
  rd_lin_idx[7]   -       -     R     (arrival)        3  2.0    21     0     308    (-,-) 
  g109049/Y       -       A1->Y R     OR2X4_RVT        7 18.3    63    92     400    (-,-) 
  fopt113917/Y    -       A->Y  F     INVX2_RVT       18  9.0    55    49     449    (-,-) 
  g108971/Y       -       A1->Y F     AO22X1_RVT       1  0.6    23    83     532    (-,-) 
  g112825/Y       -       A5->Y F     AO221X1_RVT      1  0.6    30    54     586    (-,-) 
  g113195/Y       -       A1->Y R     NAND2X0_RVT      1  0.6    38    38     624    (-,-) 
  g82/Y           -       A4->Y F     NAND4X0_RVT      1  0.1    44    51     675    (-,-) 
  rd_lin_data[26] -       -     F     (port)           -    -     -     0     675    (-,-) 
#------------------------------------------------------------------------------------------



Path 9: VIOLATED (-24 ps) Late External Delay Assertion at pin mp_rd_data[1][15]
          Group: clk
     Startpoint: (R) mp_rd_row[1][0]
          Clock: (R) clk
       Endpoint: (R) mp_rd_data[1][15]
          Clock: (R) clk

                     Capture       Launch     
        Clock Edge:+    1000            0     
        Drv Adjust:+       0           10     
       Src Latency:+       0            0     
       Net Latency:+       0 (I)        0 (I) 
           Arrival:=    1000           10     
                                              
      Output Delay:-     300                  
       Uncertainty:-      50                  
     Required Time:=     650                  
      Launch Clock:-      10                  
       Input Delay:-     300                  
         Data Path:-     365                  
             Slack:=     -24                  

Exceptions/Constraints:
  input_delay              300             in_del_96_1  
  output_delay             300             ou_del_279_1 

#---------------------------------------------------------------------------------------------
#   Timing Point    Flags   Arc   Edge     Cell      Fanout Load Trans Delay Arrival Instance 
#                                                           (fF)  (ps)  (ps)   (ps)  Location 
#---------------------------------------------------------------------------------------------
  mp_rd_row[1][0]   -       -     R     (arrival)         4  2.4    25     0     310    (-,-) 
  g78/Y             -       A->Y  F     INVX0_RVT         1  0.7    20    19     329    (-,-) 
  g109631/Y         -       A2->Y F     OR2X2_RVT         2  6.1    38    65     394    (-,-) 
  g113813/Y         -       A->Y  R     INVX8_RVT        39 24.2    37    38     432    (-,-) 
  g109639/Y         -       A1->Y R     AND2X2_RVT       10  6.0    47    75     507    (-,-) 
  g101685__9315/Y   -       A3->Y R     AO22X1_RVT        1  0.6    29    61     568    (-,-) 
  g152/Y            -       A5->Y F     AOI221X1_RVT      1  0.5    24    77     645    (-,-) 
  g151/Y            -       A3->Y R     NAND3X0_RVT       1  0.1    26    29     674    (-,-) 
  mp_rd_data[1][15] -       -     R     (port)            -    -     -     0     674    (-,-) 
#---------------------------------------------------------------------------------------------



Path 10: VIOLATED (-24 ps) Late External Delay Assertion at pin mp_rd_data[1][20]
          Group: clk
     Startpoint: (R) mp_rd_row[1][0]
          Clock: (R) clk
       Endpoint: (R) mp_rd_data[1][20]
          Clock: (R) clk

                     Capture       Launch     
        Clock Edge:+    1000            0     
        Drv Adjust:+       0           10     
       Src Latency:+       0            0     
       Net Latency:+       0 (I)        0 (I) 
           Arrival:=    1000           10     
                                              
      Output Delay:-     300                  
       Uncertainty:-      50                  
     Required Time:=     650                  
      Launch Clock:-      10                  
       Input Delay:-     300                  
         Data Path:-     365                  
             Slack:=     -24                  

Exceptions/Constraints:
  input_delay              300             in_del_96_1  
  output_delay             300             ou_del_274_1 

#---------------------------------------------------------------------------------------------
#   Timing Point    Flags   Arc   Edge     Cell      Fanout Load Trans Delay Arrival Instance 
#                                                           (fF)  (ps)  (ps)   (ps)  Location 
#---------------------------------------------------------------------------------------------
  mp_rd_row[1][0]   -       -     R     (arrival)         4  2.4    25     0     310    (-,-) 
  g78/Y             -       A->Y  F     INVX0_RVT         1  0.7    20    19     329    (-,-) 
  g109631/Y         -       A2->Y F     OR2X2_RVT         2  6.1    38    65     394    (-,-) 
  g113813/Y         -       A->Y  R     INVX8_RVT        39 24.2    37    38     432    (-,-) 
  g109639/Y         -       A1->Y R     AND2X2_RVT       10  6.0    47    75     507    (-,-) 
  g101682__4733/Y   -       A3->Y R     AO22X1_RVT        1  0.6    29    61     568    (-,-) 
  g105811/Y         -       A5->Y F     AOI221X1_RVT      1  0.5    24    77     645    (-,-) 
  g105806/Y         -       A3->Y R     NAND3X0_RVT       1  0.1    26    29     674    (-,-) 
  mp_rd_data[1][20] -       -     R     (port)            -    -     -     0     674    (-,-) 
#---------------------------------------------------------------------------------------------

