
45. Printing statistics.

=== tile_buffer ===

   Number of wires:               4938
   Number of wire bits:           5752
   Number of public wires:          29
   Number of public wire bits:     843
   Number of ports:                 13
   Number of port bits:            331
   Number of memories:               0
   Number of memory bits:            0
   Number of processes:              0
   Number of cells:               5613
     sky130_fd_sc_hd__a21oi_1      130
     sky130_fd_sc_hd__and2_2        13
     sky130_fd_sc_hd__clkinv_1     384
     sky130_fd_sc_hd__dfrtp_1      512
     sky130_fd_sc_hd__nand2_1      431
     sky130_fd_sc_hd__nand3_1       36
     sky130_fd_sc_hd__nand3b_1      12
     sky130_fd_sc_hd__nand4_1     1401
     sky130_fd_sc_hd__nor2_1       766
     sky130_fd_sc_hd__nor3_1         4
     sky130_fd_sc_hd__o2111a_1     192
     sky130_fd_sc_hd__o2111ai_1    768
     sky130_fd_sc_hd__o211a_1       14
     sky130_fd_sc_hd__o21ai_0      574
     sky130_fd_sc_hd__o221a_2      178
     sky130_fd_sc_hd__o22ai_1      192
     sky130_fd_sc_hd__or2_2          6

   Chip area for module '\tile_buffer': 43694.406400
     of which used for sequential elements: 12812.288000 (29.32%)

