============================================================
  Generated by:           Genus(TM) Synthesis Solution 21.12-s068_1
  Generated on:           May 19 2026  06:56:51 pm
  Module:                 softmax_unit_DATA_WIDTH32_VEC_LEN8
  Operating conditions:   _nominal_ (balanced_tree)
  Wireload mode:          enclosed
  Area mode:              timing library
============================================================

                                    
    Gate      Instances     Area            Library         
------------------------------------------------------------
AND2X1_RVT        23415   47606.254    saed32rvt_tt0p85v25c 
AND2X2_RVT          188     430.012    saed32rvt_tt0p85v25c 
AND2X4_RVT           22      61.503    saed32rvt_tt0p85v25c 
AND3X1_RVT         3278    7497.756    saed32rvt_tt0p85v25c 
AND3X2_RVT           66     167.735    saed32rvt_tt0p85v25c 
AND3X4_RVT            4      12.199    saed32rvt_tt0p85v25c 
AND4X1_RVT         1209    3072.601    saed32rvt_tt0p85v25c 
AND4X2_RVT           35     133.426    saed32rvt_tt0p85v25c 
AND4X4_RVT            1       4.320    saed32rvt_tt0p85v25c 
AO21X1_RVT        12664   32184.796    saed32rvt_tt0p85v25c 
AO21X2_RVT          160     447.293    saed32rvt_tt0p85v25c 
AO221X1_RVT         723    2204.953    saed32rvt_tt0p85v25c 
AO221X2_RVT          47     155.282    saed32rvt_tt0p85v25c 
AO222X1_RVT         177     584.785    saed32rvt_tt0p85v25c 
AO222X2_RVT           4      14.232    saed32rvt_tt0p85v25c 
AO22X1_RVT        15330   38960.275    saed32rvt_tt0p85v25c 
AO22X2_RVT           67     187.304    saed32rvt_tt0p85v25c 
AOI21X1_RVT         593    1808.489    saed32rvt_tt0p85v25c 
AOI21X2_RVT          47     155.282    saed32rvt_tt0p85v25c 
AOI221X1_RVT         41     145.879    saed32rvt_tt0p85v25c 
AOI221X2_RVT         31     118.177    saed32rvt_tt0p85v25c 
AOI222X1_RVT         23      87.680    saed32rvt_tt0p85v25c 
AOI22X1_RVT         446    1360.179    saed32rvt_tt0p85v25c 
AOI22X2_RVT           3       9.912    saed32rvt_tt0p85v25c 
DEC24X1_RVT         235    1433.372    saed32rvt_tt0p85v25c 
DEC24X2_RVT         105     747.183    saed32rvt_tt0p85v25c 
DELLN1X2_RVT        715    3634.259    saed32rvt_tt0p85v25c 
DELLN3X2_RVT          8      77.260    saed32rvt_tt0p85v25c 
DFFARX1_RVT         538    3828.425    saed32rvt_tt0p85v25c 
DFFARX2_RVT           8      60.995    saed32rvt_tt0p85v25c 
FADDX1_RVT        14194   68539.079    saed32rvt_tt0p85v25c 
FADDX2_RVT           67     357.581    saed32rvt_tt0p85v25c 
HADDX1_RVT         1434    4737.752    saed32rvt_tt0p85v25c 
HADDX2_RVT           30     114.365    saed32rvt_tt0p85v25c 
IBUFFX16_RVT        108     713.636    saed32rvt_tt0p85v25c 
IBUFFX2_RVT         919    2335.583    saed32rvt_tt0p85v25c 
IBUFFX32_RVT         38     444.244    saed32rvt_tt0p85v25c 
IBUFFX4_RVT          56     170.785    saed32rvt_tt0p85v25c 
IBUFFX8_RVT         116     501.172    saed32rvt_tt0p85v25c 
INVX0_RVT         11217   14253.666    saed32rvt_tt0p85v25c 
INVX16_RVT           98     498.122    saed32rvt_tt0p85v25c 
INVX1_RVT         17729   22528.595    saed32rvt_tt0p85v25c 
INVX2_RVT          3876    5910.373    saed32rvt_tt0p85v25c 
INVX32_RVT           19     173.834    saed32rvt_tt0p85v25c 
INVX4_RVT          1479    3007.032    saed32rvt_tt0p85v25c 
INVX8_RVT           342    1043.007    saed32rvt_tt0p85v25c 
MUX21X1_RVT        1055    3485.585    saed32rvt_tt0p85v25c 
MUX21X2_RVT          81     288.199    saed32rvt_tt0p85v25c 
NAND2X0_RVT       21790   33226.787    saed32rvt_tt0p85v25c 
NAND2X1_RVT         114     289.724    saed32rvt_tt0p85v25c 
NAND2X2_RVT         164     458.476    saed32rvt_tt0p85v25c 
NAND2X4_RVT         221     730.156    saed32rvt_tt0p85v25c 
NAND3X0_RVT        7649   13607.632    saed32rvt_tt0p85v25c 
NAND3X1_RVT         186     519.979    saed32rvt_tt0p85v25c 
NAND3X2_RVT         249     759.382    saed32rvt_tt0p85v25c 
NAND3X4_RVT           1       3.558    saed32rvt_tt0p85v25c 
NAND4X0_RVT        2299    4674.216    saed32rvt_tt0p85v25c 
NAND4X1_RVT         430    1311.383    saed32rvt_tt0p85v25c 
NBUFFX16_RVT         40     243.978    saed32rvt_tt0p85v25c 
NBUFFX2_RVT        4695    9545.649    saed32rvt_tt0p85v25c 
NBUFFX32_RVT          3      32.022    saed32rvt_tt0p85v25c 
NBUFFX4_RVT        3576    9088.189    saed32rvt_tt0p85v25c 
NBUFFX8_RVT         568    2165.307    saed32rvt_tt0p85v25c 
NOR2X0_RVT          355     902.211    saed32rvt_tt0p85v25c 
NOR2X2_RVT           14      39.138    saed32rvt_tt0p85v25c 
NOR2X4_RVT            3       9.912    saed32rvt_tt0p85v25c 
NOR3X0_RVT           27      75.481    saed32rvt_tt0p85v25c 
NOR3X1_RVT           30      83.868    saed32rvt_tt0p85v25c 
NOR3X2_RVT            1       3.050    saed32rvt_tt0p85v25c 
NOR3X4_RVT            5      17.790    saed32rvt_tt0p85v25c 
NOR4X1_RVT           58     176.884    saed32rvt_tt0p85v25c 
OA21X1_RVT        15761   40055.636    saed32rvt_tt0p85v25c 
OA21X2_RVT           50     139.779    saed32rvt_tt0p85v25c 
OA221X1_RVT        1057    3223.562    saed32rvt_tt0p85v25c 
OA221X2_RVT          33     109.028    saed32rvt_tt0p85v25c 
OA222X1_RVT         347    1146.444    saed32rvt_tt0p85v25c 
OA222X2_RVT           2       7.116    saed32rvt_tt0p85v25c 
OA22X1_RVT         7665   19480.138    saed32rvt_tt0p85v25c 
OA22X2_RVT            5      13.978    saed32rvt_tt0p85v25c 
OAI21X1_RVT         186     567.249    saed32rvt_tt0p85v25c 
OAI21X2_RVT          26      85.901    saed32rvt_tt0p85v25c 
OAI221X1_RVT        165     587.073    saed32rvt_tt0p85v25c 
OAI221X2_RVT         74     282.100    saed32rvt_tt0p85v25c 
OAI222X1_RVT          9      34.309    saed32rvt_tt0p85v25c 
OAI222X2_RVT          2       8.133    saed32rvt_tt0p85v25c 
OAI22X1_RVT         312     951.515    saed32rvt_tt0p85v25c 
OAI22X2_RVT          95     313.868    saed32rvt_tt0p85v25c 
OR2X1_RVT          7446   15138.850    saed32rvt_tt0p85v25c 
OR2X2_RVT          1239    2833.960    saed32rvt_tt0p85v25c 
OR2X4_RVT            37     103.437    saed32rvt_tt0p85v25c 
OR3X1_RVT           553    1405.416    saed32rvt_tt0p85v25c 
OR3X2_RVT            43     109.282    saed32rvt_tt0p85v25c 
OR4X1_RVT            36     128.089    saed32rvt_tt0p85v25c 
OR4X2_RVT             2       7.624    saed32rvt_tt0p85v25c 
OR4X4_RVT             2       8.641    saed32rvt_tt0p85v25c 
SDFFARX1_RVT        401    3668.823    saed32rvt_tt0p85v25c 
SDFFARX2_RVT        169    1632.113    saed32rvt_tt0p85v25c 
XNOR2X1_RVT        1057    4566.714    saed32rvt_tt0p85v25c 
XNOR2X2_RVT         324    1482.168    saed32rvt_tt0p85v25c 
XNOR3X1_RVT         946    5770.085    saed32rvt_tt0p85v25c 
XNOR3X2_RVT          56     355.802    saed32rvt_tt0p85v25c 
XOR2X1_RVT           57     246.266    saed32rvt_tt0p85v25c 
XOR2X2_RVT          114     521.503    saed32rvt_tt0p85v25c 
XOR3X1_RVT         1665   11848.193    saed32rvt_tt0p85v25c 
XOR3X2_RVT         3485   25685.063    saed32rvt_tt0p85v25c 
------------------------------------------------------------
total            198940  496777.056                         


                                           
     Type      Instances    Area    Area % 
-------------------------------------------
sequential          1116   9190.355    1.8 
inverter           35997  51580.050   10.4 
buffer              9605  24786.664    5.0 
logic             152222 411219.986   82.8 
physical_cells         0      0.000    0.0 
-------------------------------------------
total             198940 496777.056  100.0 

