============================================================
  Generated by:           Genus(TM) Synthesis Solution 21.12-s068_1
  Generated on:           May 19 2026  06:56:51 pm
  Module:                 softmax_unit_DATA_WIDTH32_VEC_LEN8
  Operating conditions:   _nominal_ (balanced_tree)
  Wireload mode:          enclosed
  Area mode:              timing library
============================================================

Timing
--------

Clock Period 
-------------
clk   1000.0 


  Cost    Critical                Violating 
 Group   Path Slack      TNS        Paths   
--------------------------------------------
clk        -18784.9   -7724234.7        576 
default    No paths          0.0            
--------------------------------------------
Total                 -7724234.7        576 

Instance Count
--------------
Leaf Instance Count             198940 
Physical Instance count              0 
Sequential Instance Count         1116 
Combinational Instance Count    197824 
Hierarchical Instance Count          0 

Area
----
Cell Area                          496777.056
Physical Cell Area                 0.000
Total Cell Area (Cell+Physical)    496777.056
Net Area                           0.000
Total Area (Cell+Physical+Net)     496777.056

Max Fanout                         1116 (clk)
Min Fanout                         0 (rst_n)
Average Fanout                     2.3
Terms to net ratio                 3.3249
Terms to instance ratio            3.5147
Runtime                            11388.901245000005 seconds
Elapsed Runtime                    11123 seconds
Genus peak memory usage            4546.64 
Innovus peak memory usage          no_value 
Hostname                           phobos.ece.pdx.edu
