
43. Printing statistics.

=== accel_controller ===

   Number of wires:               3117
   Number of wire bits:           3550
   Number of public wires:          34
   Number of public wire bits:     467
   Number of ports:                 26
   Number of port bits:            308
   Number of memories:               0
   Number of memory bits:            0
   Number of processes:              0
   Number of cells:               3345
     sky130_fd_sc_hd__a2111oi_0      2
     sky130_fd_sc_hd__a211oi_1       5
     sky130_fd_sc_hd__a21boi_0      34
     sky130_fd_sc_hd__a21o_2         3
     sky130_fd_sc_hd__a21oi_1      222
     sky130_fd_sc_hd__a22o_2         1
     sky130_fd_sc_hd__a22oi_1       13
     sky130_fd_sc_hd__a31o_2         1
     sky130_fd_sc_hd__a31oi_1       20
     sky130_fd_sc_hd__a32o_1         1
     sky130_fd_sc_hd__a32oi_1        1
     sky130_fd_sc_hd__a41oi_1        1
     sky130_fd_sc_hd__and2_2        15
     sky130_fd_sc_hd__and3_2         1
     sky130_fd_sc_hd__clkinv_1     418
     sky130_fd_sc_hd__dfrtp_1      147
     sky130_fd_sc_hd__lpflow_inputiso0p_1      3
     sky130_fd_sc_hd__mux2_2         2
     sky130_fd_sc_hd__nand2_1      794
     sky130_fd_sc_hd__nand3_1      765
     sky130_fd_sc_hd__nand3b_1      18
     sky130_fd_sc_hd__nand4_1      205
     sky130_fd_sc_hd__nor2_1       409
     sky130_fd_sc_hd__nor3_1        14
     sky130_fd_sc_hd__o2111ai_1      7
     sky130_fd_sc_hd__o211a_1        1
     sky130_fd_sc_hd__o211ai_1      12
     sky130_fd_sc_hd__o21a_1        14
     sky130_fd_sc_hd__o21ai_0       90
     sky130_fd_sc_hd__o21bai_1      11
     sky130_fd_sc_hd__o221ai_1       3
     sky130_fd_sc_hd__o22ai_1       28
     sky130_fd_sc_hd__o2bb2ai_1     12
     sky130_fd_sc_hd__o311ai_0       1
     sky130_fd_sc_hd__o31ai_1        2
     sky130_fd_sc_hd__o41ai_1        1
     sky130_fd_sc_hd__or2_2         13
     sky130_fd_sc_hd__xnor2_1       13
     sky130_fd_sc_hd__xnor3_4        1
     sky130_fd_sc_hd__xor2_1        41

   Chip area for module '\accel_controller': 18680.416000
     of which used for sequential elements: 3678.528000 (19.69%)

