Clock: clk
Sources: clk 
Generated: no
Virtual: yes
Propagated: no
Period: 10.000000

===========================================================================
report_clock_properties
============================================================================
Clock                   Period          Waveform
----------------------------------------------------
clk                  10.000000    0.000000  5.000000

===========================================================================
report_clock_latency
============================================================================
Clock clk
rise -> rise
    min     max
0.000000 0.000000 source latency
3.248035         network latency _69580_/CLK
        3.963942 network latency _65500_/CLK
---------------
3.248035 3.963942 latency
        0.715906 skew

fall -> fall
    min     max
0.000000 0.000000 source latency
2.602695         network latency _69580_/CLK
        3.180419 network latency _66558_/CLK
---------------
2.602695 3.180419 latency
        0.577725 skew



===========================================================================
report_clock_min_period
============================================================================
clk period_min = 17.16 fmax = 58.26
