============================================================
  Generated by:           Genus(TM) Synthesis Solution 21.12-s068_1
  Generated on:           May 16 2026  03:57:06 pm
  Module:                 systolic_array_64x64_ROWS4_COLS4_DATA_WIDTH32
  Operating conditions:   _nominal_ (balanced_tree)
  Wireload mode:          enclosed
  Area mode:              timing library
============================================================

                                   
    Gate      Instances    Area            Library         
-----------------------------------------------------------
AND2X1_RVT         1217   2474.346    saed32rvt_tt0p85v25c 
AND3X1_RVT          107    244.741    saed32rvt_tt0p85v25c 
AND3X2_RVT            1      2.541    saed32rvt_tt0p85v25c 
AND4X1_RVT           51    129.613    saed32rvt_tt0p85v25c 
AND4X2_RVT            2      7.624    saed32rvt_tt0p85v25c 
AO21X1_RVT          661   1679.892    saed32rvt_tt0p85v25c 
AO21X2_RVT            8     22.365    saed32rvt_tt0p85v25c 
AO221X1_RVT          11     33.547    saed32rvt_tt0p85v25c 
AO222X1_RVT           4     13.215    saed32rvt_tt0p85v25c 
AO22X1_RVT          549   1395.251    saed32rvt_tt0p85v25c 
AO22X2_RVT            3      8.387    saed32rvt_tt0p85v25c 
AOI21X1_RVT          20     60.995    saed32rvt_tt0p85v25c 
AOI221X2_RVT          1      3.812    saed32rvt_tt0p85v25c 
AOI222X1_RVT          2      7.624    saed32rvt_tt0p85v25c 
AOI22X1_RVT          22     67.094    saed32rvt_tt0p85v25c 
DEC24X1_RVT           1      6.099    saed32rvt_tt0p85v25c 
DFFARX1_RVT         384   2732.556    saed32rvt_tt0p85v25c 
FADDX1_RVT          560   2704.092    saed32rvt_tt0p85v25c 
FADDX2_RVT            1      5.337    saed32rvt_tt0p85v25c 
HADDX1_RVT          212    700.421    saed32rvt_tt0p85v25c 
HADDX2_RVT            1      3.812    saed32rvt_tt0p85v25c 
IBUFFX16_RVT          1      6.608    saed32rvt_tt0p85v25c 
IBUFFX2_RVT           7     17.790    saed32rvt_tt0p85v25c 
IBUFFX32_RVT          1     11.691    saed32rvt_tt0p85v25c 
IBUFFX4_RVT           3      9.149    saed32rvt_tt0p85v25c 
INVX0_RVT           409    519.724    saed32rvt_tt0p85v25c 
INVX1_RVT           748    950.499    saed32rvt_tt0p85v25c 
INVX2_RVT            67    102.166    saed32rvt_tt0p85v25c 
INVX32_RVT            4     36.597    saed32rvt_tt0p85v25c 
INVX4_RVT             4      8.133    saed32rvt_tt0p85v25c 
MUX21X1_RVT          32    105.724    saed32rvt_tt0p85v25c 
MUX21X2_RVT          25     88.950    saed32rvt_tt0p85v25c 
NAND2X0_RVT        1304   1988.423    saed32rvt_tt0p85v25c 
NAND2X1_RVT          10     25.414    saed32rvt_tt0p85v25c 
NAND2X2_RVT           3      8.387    saed32rvt_tt0p85v25c 
NAND2X4_RVT           2      6.608    saed32rvt_tt0p85v25c 
NAND3X0_RVT         315    560.388    saed32rvt_tt0p85v25c 
NAND4X0_RVT          97    197.216    saed32rvt_tt0p85v25c 
NBUFFX16_RVT          1      6.099    saed32rvt_tt0p85v25c 
NBUFFX2_RVT         119    241.945    saed32rvt_tt0p85v25c 
NBUFFX32_RVT          1     10.674    saed32rvt_tt0p85v25c 
NBUFFX4_RVT          42    106.740    saed32rvt_tt0p85v25c 
NBUFFX8_RVT           4     15.249    saed32rvt_tt0p85v25c 
NOR2X0_RVT           84    213.481    saed32rvt_tt0p85v25c 
NOR2X4_RVT            1      3.304    saed32rvt_tt0p85v25c 
NOR3X0_RVT            3      8.387    saed32rvt_tt0p85v25c 
NOR3X1_RVT            9     25.160    saed32rvt_tt0p85v25c 
NOR4X1_RVT            9     27.448    saed32rvt_tt0p85v25c 
OA21X1_RVT          417   1059.780    saed32rvt_tt0p85v25c 
OA21X2_RVT            5     13.978    saed32rvt_tt0p85v25c 
OA221X1_RVT          62    189.083    saed32rvt_tt0p85v25c 
OA22X1_RVT           63    160.111    saed32rvt_tt0p85v25c 
OAI21X1_RVT          12     36.597    saed32rvt_tt0p85v25c 
OAI221X1_RVT          2      7.116    saed32rvt_tt0p85v25c 
OAI22X1_RVT           5     15.249    saed32rvt_tt0p85v25c 
OAI22X2_RVT           1      3.304    saed32rvt_tt0p85v25c 
OR2X1_RVT           597   1213.792    saed32rvt_tt0p85v25c 
OR2X2_RVT            26     59.470    saed32rvt_tt0p85v25c 
OR3X1_RVT            43    109.282    saed32rvt_tt0p85v25c 
OR3X2_RVT             2      5.083    saed32rvt_tt0p85v25c 
OR4X1_RVT            12     42.696    saed32rvt_tt0p85v25c 
SDFFARX1_RVT        477   4364.161    saed32rvt_tt0p85v25c 
SDFFARX2_RVT          3     28.972    saed32rvt_tt0p85v25c 
XNOR2X1_RVT           7     30.243    saed32rvt_tt0p85v25c 
XNOR2X2_RVT          15     68.619    saed32rvt_tt0p85v25c 
XOR2X2_RVT           16     73.193    saed32rvt_tt0p85v25c 
XOR3X1_RVT            1      7.116    saed32rvt_tt0p85v25c 
XOR3X2_RVT          262   1930.986    saed32rvt_tt0p85v25c 
-----------------------------------------------------------
total              9151  27024.148                         


                                          
     Type      Instances    Area   Area % 
------------------------------------------
sequential           864  7125.689   26.4 
inverter            1244  1662.356    6.2 
buffer               167   380.708    1.4 
logic               6876 17855.395   66.1 
physical_cells         0     0.000    0.0 
------------------------------------------
total               9151 27024.148  100.0 

