============================================================
  Generated by:           Genus(TM) Synthesis Solution 21.12-s068_1
  Generated on:           May 16 2026  03:57:06 pm
  Module:                 systolic_array_64x64_ROWS4_COLS4_DATA_WIDTH32
  Operating conditions:   _nominal_ (balanced_tree)
  Wireload mode:          enclosed
  Area mode:              timing library
============================================================

Timing
--------

Clock Period 
-------------
clk   1000.0 


  Cost    Critical               Violating 
 Group   Path Slack     TNS        Paths   
-------------------------------------------
clk          -648.4   -177492.8        359 
default    No paths         0.0            
-------------------------------------------
Total                 -177492.8        359 

Instance Count
--------------
Leaf Instance Count             9151 
Physical Instance count            0 
Sequential Instance Count        864 
Combinational Instance Count    8287 
Hierarchical Instance Count        0 

Area
----
Cell Area                          27024.148
Physical Cell Area                 0.000
Total Cell Area (Cell+Physical)    27024.148
Net Area                           0.000
Total Area (Cell+Physical+Net)     27024.148

Max Fanout                         864 (clk)
Min Fanout                         0 (a_in[0][0])
Average Fanout                     2.2
Terms to net ratio                 3.3077
Terms to instance ratio            3.7013
Runtime                            580.7255990000098 seconds
Elapsed Runtime                    586 seconds
Genus peak memory usage            1305.11 
Innovus peak memory usage          no_value 
Hostname                           phobos.ece.pdx.edu
