============================================================
  Generated by:           Genus(TM) Synthesis Solution 21.12-s068_1
  Generated on:           May 16 2026  03:57:04 pm
  Module:                 systolic_array_64x64_ROWS4_COLS4_DATA_WIDTH32
  Operating conditions:   _nominal_ (balanced_tree)
  Wireload mode:          enclosed
  Area mode:              timing library
============================================================


Path 1: VIOLATED (-648 ps) Setup Check with Pin gen_row[0].gen_col[3].u_pe_acc_r_reg[28]/CLK->D
          Group: clk
     Startpoint: (R) b_in[3][22]
          Clock: (R) clk
       Endpoint: (R) gen_row[0].gen_col[3].u_pe_acc_r_reg[28]/D
          Clock: (R) clk

                     Capture       Launch     
        Clock Edge:+    1000            0     
        Drv Adjust:+       0            6     
       Src Latency:+       0            0     
       Net Latency:+       0 (I)        0 (I) 
           Arrival:=    1000            6     
                                              
             Setup:-      52                  
       Uncertainty:-      50                  
     Required Time:=     898                  
      Launch Clock:-       6                  
       Input Delay:-     300                  
         Data Path:-    1241                  
             Slack:=    -648                  

Exceptions/Constraints:
  input_delay             300             in_del_139_1 

#-----------------------------------------------------------------------------------------------------------------------------------------
#                         Timing Point                          Flags    Arc   Edge    Cell      Fanout Load Trans Delay Arrival Instance 
#                                                                                                       (fF)  (ps)  (ps)   (ps)  Location 
#-----------------------------------------------------------------------------------------------------------------------------------------
  b_in[3][22]                                                   -       -      R     (arrival)        3  1.6    17     0     306    (-,-) 
  g22122/Y                                                      -       A2->Y  R     AND2X1_RVT       1  0.6    21    44     350    (-,-) 
  g22118/Y                                                      -       A4->Y  F     NAND4X0_RVT      1  0.6    54    56     406    (-,-) 
  g22117/Y                                                      -       A2->Y  F     OA21X1_RVT       1  1.4    32    77     483    (-,-) 
  g25964/Y                                                      -       A->Y   R     INVX2_RVT        7  3.5    27    31     514    (-,-) 
  g13864__15151/Y                                               -       A1->Y  R     AO21X1_RVT       4  2.5    43    77     591    (-,-) 
  fopt16016/Y                                                   -       A->Y   R     NBUFFX4_RVT      7  3.9    27    53     644    (-,-) 
  g17663/Y                                                      -       A1->Y  R     AND2X1_RVT       1  1.5    29    51     695    (-,-) 
  g17660/S                                                      -       CI->S  F     FADDX1_RVT       1  1.5    42   132     826    (-,-) 
  g17659/CO                                                     -       CI->CO F     FADDX1_RVT       4  3.8    53   100     926    (-,-) 
  g19518/Y                                                      -       A->Y   R     INVX2_RVT        2  1.3    30    29     956    (-,-) 
  g259/Y                                                        -       A1->Y  F     NAND2X0_RVT      2  1.0    42    35     990    (-,-) 
  g19520/Y                                                      -       A2->Y  R     NAND2X0_RVT      1  0.6    39    47    1037    (-,-) 
  g19519/Y                                                      -       A1->Y  R     AND2X1_RVT       2  1.2    27    52    1089    (-,-) 
  g253_0/Y                                                      -       A3->Y  R     AO22X1_RVT       2  1.0    32    58    1147    (-,-) 
  g19521/Y                                                      -       A1->Y  R     AO21X1_RVT       1  0.5    27    64    1211    (-,-) 
  g27610/Y                                                      -       A3->Y  R     AO21X1_RVT       1  0.6    28    42    1253    (-,-) 
  g32/Y                                                         -       A1->Y  F     NAND2X0_RVT      1  0.7    34    30    1283    (-,-) 
  g27607/Y                                                      -       A2->Y  F     OR2X2_RVT        8  5.0    35    67    1350    (-,-) 
  gen_row[0].gen_col[3].u_pe_csa_tree_add_99_24_groupi_g15399/Y -       A2->Y  F     OA21X1_RVT       1  0.5    26    62    1412    (-,-) 
  gen_row[0].gen_col[3].u_pe_csa_tree_add_99_24_groupi_g1995/Y  -       A3->Y  F     OA21X1_RVT       2  1.3    30    59    1471    (-,-) 
  g27721/Y                                                      -       A2->Y  F     OR2X1_RVT        1  0.6    20    47    1519    (-,-) 
  g27720/Y                                                      -       A1->Y  R     NAND3X0_RVT      1  0.6    34    28    1547    (-,-) 
  gen_row[0].gen_col[3].u_pe_acc_r_reg[28]/D                    -       -      R     DFFARX1_RVT      1    -     -     0    1547    (-,-) 
#-----------------------------------------------------------------------------------------------------------------------------------------



Path 2: VIOLATED (-648 ps) Setup Check with Pin gen_row[0].gen_col[1].u_pe_acc_r_reg[27]/CLK->D
          Group: clk
     Startpoint: (R) b_in[1][26]
          Clock: (R) clk
       Endpoint: (F) gen_row[0].gen_col[1].u_pe_acc_r_reg[27]/D
          Clock: (R) clk

                     Capture       Launch     
        Clock Edge:+    1000            0     
        Drv Adjust:+       0            6     
       Src Latency:+       0            0     
       Net Latency:+       0 (I)        0 (I) 
           Arrival:=    1000            6     
                                              
             Setup:-      46                  
       Uncertainty:-      50                  
     Required Time:=     904                  
      Launch Clock:-       6                  
       Input Delay:-     300                  
         Data Path:-    1246                  
             Slack:=    -648                  

Exceptions/Constraints:
  input_delay             300             in_del_199_1 

#---------------------------------------------------------------------------------------------------------------------------------------------------
#                              Timing Point                                Flags   Arc   Edge    Cell      Fanout Load Trans Delay Arrival Instance 
#                                                                                                                 (fF)  (ps)  (ps)   (ps)  Location 
#---------------------------------------------------------------------------------------------------------------------------------------------------
  b_in[1][26]                                                              -       -     R     (arrival)        3  1.7    18     0     306    (-,-) 
  g14365__7410/Y                                                           -       A2->Y R     AND2X1_RVT       1  0.6    21    45     351    (-,-) 
  g14018__1617/Y                                                           -       A4->Y F     NAND4X0_RVT      1  0.6    54    56     407    (-,-) 
  g27701/Y                                                                 -       A2->Y F     OA21X1_RVT       1  1.4    32    77     484    (-,-) 
  g27700/Y                                                                 -       A->Y  R     INVX2_RVT        8  4.0    29    32     516    (-,-) 
  g13857__5107/Y                                                           -       A1->Y R     AO21X1_RVT       5  3.1    48    82     598    (-,-) 
  gen_row[0].gen_col[1].u_pe_csa_tree_add_99_24_groupi_g2164/Y             -       A1->Y R     AND2X1_RVT       1  1.5    30    56     653    (-,-) 
  gen_row[0].gen_col[1].u_pe_csa_tree_add_99_24_groupi_cdnfadd_016_15898/S -       CI->S F     FADDX1_RVT       4  2.9    51   142     795    (-,-) 
  g16932/Y                                                                 -       A1->Y F     XOR3X2_RVT       3  2.6    52   157     952    (-,-) 
  g27994/Y                                                                 -       A2->Y R     XOR3X2_RVT       3  1.8    43   160    1112    (-,-) 
  g26744/Y                                                                 -       A4->Y R     OA22X1_RVT       4  2.2    41    72    1184    (-,-) 
  g22689/Y                                                                 -       A1->Y F     NAND3X0_RVT      2  1.2    61    50    1234    (-,-) 
  g24027/Y                                                                 -       A2->Y F     OR3X2_RVT        9  5.2    45   111    1346    (-,-) 
  gen_row[0].gen_col[1].u_pe_csa_tree_add_99_24_groupi_g15385/Y            -       A2->Y F     OA21X1_RVT       1  0.5    26    66    1411    (-,-) 
  gen_row[0].gen_col[1].u_pe_csa_tree_add_99_24_groupi_g1996/Y             -       A3->Y F     OA21X1_RVT       2  1.3    30    59    1471    (-,-) 
  g23621/Y                                                                 -       A1->Y R     NAND2X0_RVT      1  0.5    32    36    1507    (-,-) 
  g23619/Y                                                                 -       A3->Y F     NAND3X0_RVT      1  0.6    44    46    1553    (-,-) 
  gen_row[0].gen_col[1].u_pe_acc_r_reg[27]/D                               -       -     F     DFFARX1_RVT      1    -     -     0    1553    (-,-) 
#---------------------------------------------------------------------------------------------------------------------------------------------------



Path 3: VIOLATED (-648 ps) Setup Check with Pin gen_row[3].gen_col[2].u_pe_acc_r_reg[30]/CLK->D
          Group: clk
     Startpoint: (R) gen_row[3].gen_col[1].u_pe_a_out_reg[23]/CLK
          Clock: (R) clk
       Endpoint: (R) gen_row[3].gen_col[2].u_pe_acc_r_reg[30]/D
          Clock: (R) clk

                     Capture       Launch     
        Clock Edge:+    1000            0     
       Src Latency:+       0            0     
       Net Latency:+       0 (I)        0 (I) 
           Arrival:=    1000            0     
                                              
             Setup:-      50                  
       Uncertainty:-      50                  
     Required Time:=     900                  
      Launch Clock:-       0                  
         Data Path:-    1548                  
             Slack:=    -648                  

#-------------------------------------------------------------------------------------------------------------------------------------------
#                         Timing Point                          Flags    Arc    Edge     Cell      Fanout Load Trans Delay Arrival Instance 
#                                                                                                         (fF)  (ps)  (ps)   (ps)  Location 
#-------------------------------------------------------------------------------------------------------------------------------------------
  gen_row[3].gen_col[1].u_pe_a_out_reg[23]/CLK                  -       -       R     (arrival)       864    -    50     0       0    (-,-) 
  gen_row[3].gen_col[1].u_pe_a_out_reg[23]/QN                   -       CLK->QN R     SDFFARX1_RVT      1  0.8    38   125     125    (-,-) 
  g14976/Y                                                      -       A->Y    F     INVX1_RVT         4  2.0    31    28     153    (-,-) 
  g14196__2346/Y                                                -       A4->Y   F     AND4X1_RVT        1  0.6    39    91     244    (-,-) 
  g22221/Y                                                      -       A4->Y   R     NAND4X0_RVT       1  0.6    46    50     295    (-,-) 
  g27851/Y                                                      -       A1->Y   F     NAND2X2_RVT       7  4.2    30    80     375    (-,-) 
  g13885__5107/Y                                                -       A1->Y   F     AO21X1_RVT        4  2.3    35    79     454    (-,-) 
  gen_row[3].gen_col[2].u_pe_csa_tree_add_99_24_groupi_g20989/Y -       A->Y    F     NBUFFX4_RVT       7  3.8    24    51     506    (-,-) 
  g26659/Y                                                      -       A1->Y   R     NAND2X0_RVT       3  2.4    77    61     566    (-,-) 
  g20994/Y                                                      -       A2->Y   F     XOR3X2_RVT        4  2.3    52   176     743    (-,-) 
  g21633/Y                                                      -       A->Y    R     INVX1_RVT         1  1.3    34    36     779    (-,-) 
  g21903/Y                                                      -       A2->Y   F     XOR3X2_RVT        2  2.8    53   160     938    (-,-) 
  g21636/Y                                                      -       A->Y    R     INVX2_RVT         3  1.5    31    30     969    (-,-) 
  g21637/Y                                                      -       A2->Y   R     AO21X1_RVT        3  1.8    38    77    1045    (-,-) 
  g20433/Y                                                      -       A3->Y   R     OA22X1_RVT        3  1.8    38    74    1119    (-,-) 
  g52_21688/Y                                                   -       A2->Y   F     NAND3X0_RVT       1  0.6    44    46    1165    (-,-) 
  g21687/Y                                                      -       A1->Y   R     NAND2X0_RVT       1  0.5    34    44    1208    (-,-) 
  g23910/Y                                                      -       A1->Y   R     AO21X1_RVT        2  2.1    40    77    1285    (-,-) 
  g19815/Y                                                      -       A->Y    F     INVX2_RVT         8  4.2    32    28    1314    (-,-) 
  gen_row[3].gen_col[2].u_pe_csa_tree_add_99_24_groupi_g1841/Y  -       A4->Y   F     OA221X1_RVT       2  1.3    44    85    1399    (-,-) 
  gen_row[3].gen_col[2].u_pe_csa_tree_add_99_24_groupi_g1835/Y  -       A->Y    R     INVX1_RVT         1  0.6    26    28    1426    (-,-) 
  gen_row[3].gen_col[2].u_pe_csa_tree_add_99_24_groupi_g1819/Y  -       A3->Y   R     AO22X1_RVT        1  0.5    28    54    1480    (-,-) 
  g13656__7482/Y                                                -       A1->Y   R     AO22X1_RVT        1  0.6    29    68    1548    (-,-) 
  gen_row[3].gen_col[2].u_pe_acc_r_reg[30]/D                    -       -       R     DFFARX1_RVT       1    -     -     0    1548    (-,-) 
#-------------------------------------------------------------------------------------------------------------------------------------------



Path 4: VIOLATED (-648 ps) Setup Check with Pin gen_row[3].gen_col[2].u_pe_acc_r_reg[29]/CLK->D
          Group: clk
     Startpoint: (R) gen_row[3].gen_col[1].u_pe_a_out_reg[23]/CLK
          Clock: (R) clk
       Endpoint: (R) gen_row[3].gen_col[2].u_pe_acc_r_reg[29]/D
          Clock: (R) clk

                     Capture       Launch     
        Clock Edge:+    1000            0     
       Src Latency:+       0            0     
       Net Latency:+       0 (I)        0 (I) 
           Arrival:=    1000            0     
                                              
             Setup:-      50                  
       Uncertainty:-      50                  
     Required Time:=     900                  
      Launch Clock:-       0                  
         Data Path:-    1548                  
             Slack:=    -648                  

#-------------------------------------------------------------------------------------------------------------------------------------------
#                         Timing Point                          Flags    Arc    Edge     Cell      Fanout Load Trans Delay Arrival Instance 
#                                                                                                         (fF)  (ps)  (ps)   (ps)  Location 
#-------------------------------------------------------------------------------------------------------------------------------------------
  gen_row[3].gen_col[1].u_pe_a_out_reg[23]/CLK                  -       -       R     (arrival)       864    -    50     0       0    (-,-) 
  gen_row[3].gen_col[1].u_pe_a_out_reg[23]/QN                   -       CLK->QN R     SDFFARX1_RVT      1  0.8    38   125     125    (-,-) 
  g14976/Y                                                      -       A->Y    F     INVX1_RVT         4  2.0    31    28     153    (-,-) 
  g14196__2346/Y                                                -       A4->Y   F     AND4X1_RVT        1  0.6    39    91     244    (-,-) 
  g22221/Y                                                      -       A4->Y   R     NAND4X0_RVT       1  0.6    46    50     295    (-,-) 
  g27851/Y                                                      -       A1->Y   F     NAND2X2_RVT       7  4.2    30    80     375    (-,-) 
  g13885__5107/Y                                                -       A1->Y   F     AO21X1_RVT        4  2.3    35    79     454    (-,-) 
  gen_row[3].gen_col[2].u_pe_csa_tree_add_99_24_groupi_g20989/Y -       A->Y    F     NBUFFX4_RVT       7  3.8    24    51     506    (-,-) 
  g26659/Y                                                      -       A1->Y   R     NAND2X0_RVT       3  2.4    77    61     566    (-,-) 
  g20994/Y                                                      -       A2->Y   F     XOR3X2_RVT        4  2.3    52   176     743    (-,-) 
  g21633/Y                                                      -       A->Y    R     INVX1_RVT         1  1.3    34    36     779    (-,-) 
  g21903/Y                                                      -       A2->Y   F     XOR3X2_RVT        2  2.8    53   160     938    (-,-) 
  g21636/Y                                                      -       A->Y    R     INVX2_RVT         3  1.5    31    30     969    (-,-) 
  g21637/Y                                                      -       A2->Y   R     AO21X1_RVT        3  1.8    38    77    1045    (-,-) 
  g20433/Y                                                      -       A3->Y   R     OA22X1_RVT        3  1.8    38    74    1119    (-,-) 
  g52_21688/Y                                                   -       A2->Y   F     NAND3X0_RVT       1  0.6    44    46    1165    (-,-) 
  g21687/Y                                                      -       A1->Y   R     NAND2X0_RVT       1  0.5    34    44    1208    (-,-) 
  g23910/Y                                                      -       A1->Y   R     AO21X1_RVT        2  2.1    40    77    1285    (-,-) 
  g19815/Y                                                      -       A->Y    F     INVX2_RVT         8  4.2    32    28    1314    (-,-) 
  gen_row[3].gen_col[2].u_pe_csa_tree_add_99_24_groupi_g1842/Y  -       A4->Y   F     OA221X1_RVT       2  1.3    44    85    1399    (-,-) 
  gen_row[3].gen_col[2].u_pe_csa_tree_add_99_24_groupi_g1836/Y  -       A->Y    R     INVX1_RVT         1  0.6    26    28    1426    (-,-) 
  gen_row[3].gen_col[2].u_pe_csa_tree_add_99_24_groupi_g1820/Y  -       A3->Y   R     AO22X1_RVT        1  0.5    28    54    1480    (-,-) 
  g13655__5115/Y                                                -       A1->Y   R     AO22X1_RVT        1  0.6    29    68    1548    (-,-) 
  gen_row[3].gen_col[2].u_pe_acc_r_reg[29]/D                    -       -       R     DFFARX1_RVT       1    -     -     0    1548    (-,-) 
#-------------------------------------------------------------------------------------------------------------------------------------------



Path 5: VIOLATED (-648 ps) Setup Check with Pin gen_row[3].gen_col[2].u_pe_acc_r_reg[28]/CLK->D
          Group: clk
     Startpoint: (R) gen_row[3].gen_col[1].u_pe_a_out_reg[23]/CLK
          Clock: (R) clk
       Endpoint: (R) gen_row[3].gen_col[2].u_pe_acc_r_reg[28]/D
          Clock: (R) clk

                     Capture       Launch     
        Clock Edge:+    1000            0     
       Src Latency:+       0            0     
       Net Latency:+       0 (I)        0 (I) 
           Arrival:=    1000            0     
                                              
             Setup:-      50                  
       Uncertainty:-      50                  
     Required Time:=     900                  
      Launch Clock:-       0                  
         Data Path:-    1548                  
             Slack:=    -648                  

#-------------------------------------------------------------------------------------------------------------------------------------------
#                         Timing Point                          Flags    Arc    Edge     Cell      Fanout Load Trans Delay Arrival Instance 
#                                                                                                         (fF)  (ps)  (ps)   (ps)  Location 
#-------------------------------------------------------------------------------------------------------------------------------------------
  gen_row[3].gen_col[1].u_pe_a_out_reg[23]/CLK                  -       -       R     (arrival)       864    -    50     0       0    (-,-) 
  gen_row[3].gen_col[1].u_pe_a_out_reg[23]/QN                   -       CLK->QN R     SDFFARX1_RVT      1  0.8    38   125     125    (-,-) 
  g14976/Y                                                      -       A->Y    F     INVX1_RVT         4  2.0    31    28     153    (-,-) 
  g14196__2346/Y                                                -       A4->Y   F     AND4X1_RVT        1  0.6    39    91     244    (-,-) 
  g22221/Y                                                      -       A4->Y   R     NAND4X0_RVT       1  0.6    46    50     295    (-,-) 
  g27851/Y                                                      -       A1->Y   F     NAND2X2_RVT       7  4.2    30    80     375    (-,-) 
  g13885__5107/Y                                                -       A1->Y   F     AO21X1_RVT        4  2.3    35    79     454    (-,-) 
  gen_row[3].gen_col[2].u_pe_csa_tree_add_99_24_groupi_g20989/Y -       A->Y    F     NBUFFX4_RVT       7  3.8    24    51     506    (-,-) 
  g26659/Y                                                      -       A1->Y   R     NAND2X0_RVT       3  2.4    77    61     566    (-,-) 
  g20994/Y                                                      -       A2->Y   F     XOR3X2_RVT        4  2.3    52   176     743    (-,-) 
  g21633/Y                                                      -       A->Y    R     INVX1_RVT         1  1.3    34    36     779    (-,-) 
  g21903/Y                                                      -       A2->Y   F     XOR3X2_RVT        2  2.8    53   160     938    (-,-) 
  g21636/Y                                                      -       A->Y    R     INVX2_RVT         3  1.5    31    30     969    (-,-) 
  g21637/Y                                                      -       A2->Y   R     AO21X1_RVT        3  1.8    38    77    1045    (-,-) 
  g20433/Y                                                      -       A3->Y   R     OA22X1_RVT        3  1.8    38    74    1119    (-,-) 
  g52_21688/Y                                                   -       A2->Y   F     NAND3X0_RVT       1  0.6    44    46    1165    (-,-) 
  g21687/Y                                                      -       A1->Y   R     NAND2X0_RVT       1  0.5    34    44    1208    (-,-) 
  g23910/Y                                                      -       A1->Y   R     AO21X1_RVT        2  2.1    40    77    1285    (-,-) 
  g19815/Y                                                      -       A->Y    F     INVX2_RVT         8  4.2    32    28    1314    (-,-) 
  gen_row[3].gen_col[2].u_pe_csa_tree_add_99_24_groupi_g1843/Y  -       A4->Y   F     OA221X1_RVT       2  1.3    44    85    1399    (-,-) 
  gen_row[3].gen_col[2].u_pe_csa_tree_add_99_24_groupi_g1837/Y  -       A->Y    R     INVX1_RVT         1  0.6    26    28    1426    (-,-) 
  gen_row[3].gen_col[2].u_pe_csa_tree_add_99_24_groupi_g1821/Y  -       A3->Y   R     AO22X1_RVT        1  0.5    28    54    1480    (-,-) 
  g13654__1881/Y                                                -       A1->Y   R     AO22X1_RVT        1  0.6    29    68    1548    (-,-) 
  gen_row[3].gen_col[2].u_pe_acc_r_reg[28]/D                    -       -       R     DFFARX1_RVT       1    -     -     0    1548    (-,-) 
#-------------------------------------------------------------------------------------------------------------------------------------------



Path 6: VIOLATED (-648 ps) Setup Check with Pin gen_row[3].gen_col[2].u_pe_acc_r_reg[27]/CLK->D
          Group: clk
     Startpoint: (R) gen_row[3].gen_col[1].u_pe_a_out_reg[23]/CLK
          Clock: (R) clk
       Endpoint: (R) gen_row[3].gen_col[2].u_pe_acc_r_reg[27]/D
          Clock: (R) clk

                     Capture       Launch     
        Clock Edge:+    1000            0     
       Src Latency:+       0            0     
       Net Latency:+       0 (I)        0 (I) 
           Arrival:=    1000            0     
                                              
             Setup:-      50                  
       Uncertainty:-      50                  
     Required Time:=     900                  
      Launch Clock:-       0                  
         Data Path:-    1548                  
             Slack:=    -648                  

#-------------------------------------------------------------------------------------------------------------------------------------------
#                         Timing Point                          Flags    Arc    Edge     Cell      Fanout Load Trans Delay Arrival Instance 
#                                                                                                         (fF)  (ps)  (ps)   (ps)  Location 
#-------------------------------------------------------------------------------------------------------------------------------------------
  gen_row[3].gen_col[1].u_pe_a_out_reg[23]/CLK                  -       -       R     (arrival)       864    -    50     0       0    (-,-) 
  gen_row[3].gen_col[1].u_pe_a_out_reg[23]/QN                   -       CLK->QN R     SDFFARX1_RVT      1  0.8    38   125     125    (-,-) 
  g14976/Y                                                      -       A->Y    F     INVX1_RVT         4  2.0    31    28     153    (-,-) 
  g14196__2346/Y                                                -       A4->Y   F     AND4X1_RVT        1  0.6    39    91     244    (-,-) 
  g22221/Y                                                      -       A4->Y   R     NAND4X0_RVT       1  0.6    46    50     295    (-,-) 
  g27851/Y                                                      -       A1->Y   F     NAND2X2_RVT       7  4.2    30    80     375    (-,-) 
  g13885__5107/Y                                                -       A1->Y   F     AO21X1_RVT        4  2.3    35    79     454    (-,-) 
  gen_row[3].gen_col[2].u_pe_csa_tree_add_99_24_groupi_g20989/Y -       A->Y    F     NBUFFX4_RVT       7  3.8    24    51     506    (-,-) 
  g26659/Y                                                      -       A1->Y   R     NAND2X0_RVT       3  2.4    77    61     566    (-,-) 
  g20994/Y                                                      -       A2->Y   F     XOR3X2_RVT        4  2.3    52   176     743    (-,-) 
  g21633/Y                                                      -       A->Y    R     INVX1_RVT         1  1.3    34    36     779    (-,-) 
  g21903/Y                                                      -       A2->Y   F     XOR3X2_RVT        2  2.8    53   160     938    (-,-) 
  g21636/Y                                                      -       A->Y    R     INVX2_RVT         3  1.5    31    30     969    (-,-) 
  g21637/Y                                                      -       A2->Y   R     AO21X1_RVT        3  1.8    38    77    1045    (-,-) 
  g20433/Y                                                      -       A3->Y   R     OA22X1_RVT        3  1.8    38    74    1119    (-,-) 
  g52_21688/Y                                                   -       A2->Y   F     NAND3X0_RVT       1  0.6    44    46    1165    (-,-) 
  g21687/Y                                                      -       A1->Y   R     NAND2X0_RVT       1  0.5    34    44    1208    (-,-) 
  g23910/Y                                                      -       A1->Y   R     AO21X1_RVT        2  2.1    40    77    1285    (-,-) 
  g19815/Y                                                      -       A->Y    F     INVX2_RVT         8  4.2    32    28    1314    (-,-) 
  gen_row[3].gen_col[2].u_pe_csa_tree_add_99_24_groupi_g1844/Y  -       A4->Y   F     OA221X1_RVT       2  1.3    44    85    1399    (-,-) 
  gen_row[3].gen_col[2].u_pe_csa_tree_add_99_24_groupi_g1838/Y  -       A->Y    R     INVX1_RVT         1  0.6    26    28    1426    (-,-) 
  gen_row[3].gen_col[2].u_pe_csa_tree_add_99_24_groupi_g1822/Y  -       A3->Y   R     AO22X1_RVT        1  0.5    28    54    1480    (-,-) 
  g13653__6131/Y                                                -       A1->Y   R     AO22X1_RVT        1  0.6    29    68    1548    (-,-) 
  gen_row[3].gen_col[2].u_pe_acc_r_reg[27]/D                    -       -       R     DFFARX1_RVT       1    -     -     0    1548    (-,-) 
#-------------------------------------------------------------------------------------------------------------------------------------------



Path 7: VIOLATED (-648 ps) Setup Check with Pin gen_row[3].gen_col[2].u_pe_acc_r_reg[26]/CLK->D
          Group: clk
     Startpoint: (R) gen_row[3].gen_col[1].u_pe_a_out_reg[23]/CLK
          Clock: (R) clk
       Endpoint: (R) gen_row[3].gen_col[2].u_pe_acc_r_reg[26]/D
          Clock: (R) clk

                     Capture       Launch     
        Clock Edge:+    1000            0     
       Src Latency:+       0            0     
       Net Latency:+       0 (I)        0 (I) 
           Arrival:=    1000            0     
                                              
             Setup:-      50                  
       Uncertainty:-      50                  
     Required Time:=     900                  
      Launch Clock:-       0                  
         Data Path:-    1548                  
             Slack:=    -648                  

#-------------------------------------------------------------------------------------------------------------------------------------------
#                         Timing Point                          Flags    Arc    Edge     Cell      Fanout Load Trans Delay Arrival Instance 
#                                                                                                         (fF)  (ps)  (ps)   (ps)  Location 
#-------------------------------------------------------------------------------------------------------------------------------------------
  gen_row[3].gen_col[1].u_pe_a_out_reg[23]/CLK                  -       -       R     (arrival)       864    -    50     0       0    (-,-) 
  gen_row[3].gen_col[1].u_pe_a_out_reg[23]/QN                   -       CLK->QN R     SDFFARX1_RVT      1  0.8    38   125     125    (-,-) 
  g14976/Y                                                      -       A->Y    F     INVX1_RVT         4  2.0    31    28     153    (-,-) 
  g14196__2346/Y                                                -       A4->Y   F     AND4X1_RVT        1  0.6    39    91     244    (-,-) 
  g22221/Y                                                      -       A4->Y   R     NAND4X0_RVT       1  0.6    46    50     295    (-,-) 
  g27851/Y                                                      -       A1->Y   F     NAND2X2_RVT       7  4.2    30    80     375    (-,-) 
  g13885__5107/Y                                                -       A1->Y   F     AO21X1_RVT        4  2.3    35    79     454    (-,-) 
  gen_row[3].gen_col[2].u_pe_csa_tree_add_99_24_groupi_g20989/Y -       A->Y    F     NBUFFX4_RVT       7  3.8    24    51     506    (-,-) 
  g26659/Y                                                      -       A1->Y   R     NAND2X0_RVT       3  2.4    77    61     566    (-,-) 
  g20994/Y                                                      -       A2->Y   F     XOR3X2_RVT        4  2.3    52   176     743    (-,-) 
  g21633/Y                                                      -       A->Y    R     INVX1_RVT         1  1.3    34    36     779    (-,-) 
  g21903/Y                                                      -       A2->Y   F     XOR3X2_RVT        2  2.8    53   160     938    (-,-) 
  g21636/Y                                                      -       A->Y    R     INVX2_RVT         3  1.5    31    30     969    (-,-) 
  g21637/Y                                                      -       A2->Y   R     AO21X1_RVT        3  1.8    38    77    1045    (-,-) 
  g20433/Y                                                      -       A3->Y   R     OA22X1_RVT        3  1.8    38    74    1119    (-,-) 
  g52_21688/Y                                                   -       A2->Y   F     NAND3X0_RVT       1  0.6    44    46    1165    (-,-) 
  g21687/Y                                                      -       A1->Y   R     NAND2X0_RVT       1  0.5    34    44    1208    (-,-) 
  g23910/Y                                                      -       A1->Y   R     AO21X1_RVT        2  2.1    40    77    1285    (-,-) 
  g19815/Y                                                      -       A->Y    F     INVX2_RVT         8  4.2    32    28    1314    (-,-) 
  gen_row[3].gen_col[2].u_pe_csa_tree_add_99_24_groupi_g1840/Y  -       A4->Y   F     OA221X1_RVT       2  1.3    44    85    1399    (-,-) 
  gen_row[3].gen_col[2].u_pe_csa_tree_add_99_24_groupi_g1834/Y  -       A->Y    R     INVX1_RVT         1  0.6    26    28    1426    (-,-) 
  gen_row[3].gen_col[2].u_pe_csa_tree_add_99_24_groupi_g1823/Y  -       A3->Y   R     AO22X1_RVT        1  0.5    28    54    1480    (-,-) 
  g13652__7098/Y                                                -       A1->Y   R     AO22X1_RVT        1  0.6    29    68    1548    (-,-) 
  gen_row[3].gen_col[2].u_pe_acc_r_reg[26]/D                    -       -       R     DFFARX1_RVT       1    -     -     0    1548    (-,-) 
#-------------------------------------------------------------------------------------------------------------------------------------------



Path 8: VIOLATED (-648 ps) Setup Check with Pin gen_row[0].gen_col[1].u_pe_acc_r_reg[29]/CLK->D
          Group: clk
     Startpoint: (R) b_in[1][26]
          Clock: (R) clk
       Endpoint: (F) gen_row[0].gen_col[1].u_pe_acc_r_reg[29]/D
          Clock: (R) clk

                     Capture       Launch     
        Clock Edge:+    1000            0     
        Drv Adjust:+       0            6     
       Src Latency:+       0            0     
       Net Latency:+       0 (I)        0 (I) 
           Arrival:=    1000            6     
                                              
             Setup:-      46                  
       Uncertainty:-      50                  
     Required Time:=     904                  
      Launch Clock:-       6                  
       Input Delay:-     300                  
         Data Path:-    1246                  
             Slack:=    -648                  

Exceptions/Constraints:
  input_delay             300             in_del_199_1 

#---------------------------------------------------------------------------------------------------------------------------------------------------
#                              Timing Point                                Flags   Arc   Edge    Cell      Fanout Load Trans Delay Arrival Instance 
#                                                                                                                 (fF)  (ps)  (ps)   (ps)  Location 
#---------------------------------------------------------------------------------------------------------------------------------------------------
  b_in[1][26]                                                              -       -     R     (arrival)        3  1.7    18     0     306    (-,-) 
  g14365__7410/Y                                                           -       A2->Y R     AND2X1_RVT       1  0.6    21    45     351    (-,-) 
  g14018__1617/Y                                                           -       A4->Y F     NAND4X0_RVT      1  0.6    54    56     407    (-,-) 
  g27701/Y                                                                 -       A2->Y F     OA21X1_RVT       1  1.4    32    77     484    (-,-) 
  g27700/Y                                                                 -       A->Y  R     INVX2_RVT        8  4.0    29    32     516    (-,-) 
  g13857__5107/Y                                                           -       A1->Y R     AO21X1_RVT       5  3.1    48    82     598    (-,-) 
  gen_row[0].gen_col[1].u_pe_csa_tree_add_99_24_groupi_g2164/Y             -       A1->Y R     AND2X1_RVT       1  1.5    30    56     653    (-,-) 
  gen_row[0].gen_col[1].u_pe_csa_tree_add_99_24_groupi_cdnfadd_016_15898/S -       CI->S F     FADDX1_RVT       4  2.9    51   142     795    (-,-) 
  g16932/Y                                                                 -       A1->Y F     XOR3X2_RVT       3  2.6    52   157     952    (-,-) 
  g27994/Y                                                                 -       A2->Y R     XOR3X2_RVT       3  1.8    43   160    1112    (-,-) 
  g26744/Y                                                                 -       A4->Y R     OA22X1_RVT       4  2.2    41    72    1184    (-,-) 
  g22689/Y                                                                 -       A1->Y F     NAND3X0_RVT      2  1.2    61    50    1234    (-,-) 
  g24027/Y                                                                 -       A2->Y F     OR3X2_RVT        9  5.2    45   111    1346    (-,-) 
  gen_row[0].gen_col[1].u_pe_csa_tree_add_99_24_groupi_g15389/Y            -       A2->Y F     OA21X1_RVT       1  0.5    26    66    1411    (-,-) 
  gen_row[0].gen_col[1].u_pe_csa_tree_add_99_24_groupi_g1994/Y             -       A3->Y F     OA21X1_RVT       2  1.3    30    59    1471    (-,-) 
  g23550/Y                                                                 -       A1->Y R     NAND2X0_RVT      1  0.5    32    36    1507    (-,-) 
  g23548/Y                                                                 -       A3->Y F     NAND3X0_RVT      1  0.6    44    45    1552    (-,-) 
  gen_row[0].gen_col[1].u_pe_acc_r_reg[29]/D                               -       -     F     DFFARX1_RVT      1    -     -     0    1552    (-,-) 
#---------------------------------------------------------------------------------------------------------------------------------------------------



Path 9: VIOLATED (-648 ps) Setup Check with Pin gen_row[0].gen_col[1].u_pe_acc_r_reg[28]/CLK->D
          Group: clk
     Startpoint: (R) b_in[1][26]
          Clock: (R) clk
       Endpoint: (F) gen_row[0].gen_col[1].u_pe_acc_r_reg[28]/D
          Clock: (R) clk

                     Capture       Launch     
        Clock Edge:+    1000            0     
        Drv Adjust:+       0            6     
       Src Latency:+       0            0     
       Net Latency:+       0 (I)        0 (I) 
           Arrival:=    1000            6     
                                              
             Setup:-      46                  
       Uncertainty:-      50                  
     Required Time:=     904                  
      Launch Clock:-       6                  
       Input Delay:-     300                  
         Data Path:-    1246                  
             Slack:=    -648                  

Exceptions/Constraints:
  input_delay             300             in_del_199_1 

#---------------------------------------------------------------------------------------------------------------------------------------------------
#                              Timing Point                                Flags   Arc   Edge    Cell      Fanout Load Trans Delay Arrival Instance 
#                                                                                                                 (fF)  (ps)  (ps)   (ps)  Location 
#---------------------------------------------------------------------------------------------------------------------------------------------------
  b_in[1][26]                                                              -       -     R     (arrival)        3  1.7    18     0     306    (-,-) 
  g14365__7410/Y                                                           -       A2->Y R     AND2X1_RVT       1  0.6    21    45     351    (-,-) 
  g14018__1617/Y                                                           -       A4->Y F     NAND4X0_RVT      1  0.6    54    56     407    (-,-) 
  g27701/Y                                                                 -       A2->Y F     OA21X1_RVT       1  1.4    32    77     484    (-,-) 
  g27700/Y                                                                 -       A->Y  R     INVX2_RVT        8  4.0    29    32     516    (-,-) 
  g13857__5107/Y                                                           -       A1->Y R     AO21X1_RVT       5  3.1    48    82     598    (-,-) 
  gen_row[0].gen_col[1].u_pe_csa_tree_add_99_24_groupi_g2164/Y             -       A1->Y R     AND2X1_RVT       1  1.5    30    56     653    (-,-) 
  gen_row[0].gen_col[1].u_pe_csa_tree_add_99_24_groupi_cdnfadd_016_15898/S -       CI->S F     FADDX1_RVT       4  2.9    51   142     795    (-,-) 
  g16932/Y                                                                 -       A1->Y F     XOR3X2_RVT       3  2.6    52   157     952    (-,-) 
  g27994/Y                                                                 -       A2->Y R     XOR3X2_RVT       3  1.8    43   160    1112    (-,-) 
  g26744/Y                                                                 -       A4->Y R     OA22X1_RVT       4  2.2    41    72    1184    (-,-) 
  g22689/Y                                                                 -       A1->Y F     NAND3X0_RVT      2  1.2    61    50    1234    (-,-) 
  g24027/Y                                                                 -       A2->Y F     OR3X2_RVT        9  5.2    45   111    1346    (-,-) 
  gen_row[0].gen_col[1].u_pe_csa_tree_add_99_24_groupi_g15386/Y            -       A2->Y F     OA21X1_RVT       1  0.5    26    66    1411    (-,-) 
  gen_row[0].gen_col[1].u_pe_csa_tree_add_99_24_groupi_g1995/Y             -       A3->Y F     OA21X1_RVT       2  1.3    30    59    1471    (-,-) 
  g23594/Y                                                                 -       A1->Y R     NAND2X0_RVT      1  0.5    32    36    1507    (-,-) 
  g23592/Y                                                                 -       A3->Y F     NAND3X0_RVT      1  0.6    44    45    1552    (-,-) 
  gen_row[0].gen_col[1].u_pe_acc_r_reg[28]/D                               -       -     F     DFFARX1_RVT      1    -     -     0    1552    (-,-) 
#---------------------------------------------------------------------------------------------------------------------------------------------------



Path 10: VIOLATED (-648 ps) Setup Check with Pin gen_row[0].gen_col[0].u_pe_acc_r_reg[30]/CLK->D
          Group: clk
     Startpoint: (R) b_in[0][21]
          Clock: (R) clk
       Endpoint: (F) gen_row[0].gen_col[0].u_pe_acc_r_reg[30]/D
          Clock: (R) clk

                     Capture       Launch     
        Clock Edge:+    1000            0     
        Drv Adjust:+       0            6     
       Src Latency:+       0            0     
       Net Latency:+       0 (I)        0 (I) 
           Arrival:=    1000            6     
                                              
             Setup:-      41                  
       Uncertainty:-      50                  
     Required Time:=     909                  
      Launch Clock:-       6                  
       Input Delay:-     300                  
         Data Path:-    1251                  
             Slack:=    -648                  

Exceptions/Constraints:
  input_delay             300             in_del_236_1 

#-----------------------------------------------------------------------------------------------------------------------------------------
#                         Timing Point                          Flags    Arc   Edge    Cell      Fanout Load Trans Delay Arrival Instance 
#                                                                                                       (fF)  (ps)  (ps)   (ps)  Location 
#-----------------------------------------------------------------------------------------------------------------------------------------
  b_in[0][21]                                                   -       -      R     (arrival)        3  1.6    17     0     306    (-,-) 
  g114/Y                                                        -       A2->Y  R     AND2X1_RVT       1  0.6    21    44     350    (-,-) 
  g111/Y                                                        -       A4->Y  F     NAND4X0_RVT      1  0.6    54    56     406    (-,-) 
  g22357/Y                                                      -       A2->Y  F     OA21X1_RVT       1  1.4    32    77     483    (-,-) 
  g24836/Y                                                      -       A->Y   R     INVX2_RVT       11  5.5    34    36     519    (-,-) 
  g24839/Y                                                      -       A1->Y  R     AO21X1_RVT       8  4.8    61    94     613    (-,-) 
  g28104/Y                                                      -       A1->Y  R     AND2X1_RVT       1  1.9    34    61     674    (-,-) 
  g21225/S                                                      -       A->S   F     FADDX1_RVT       1  1.9    45   143     817    (-,-) 
  g23860/CO                                                     -       B->CO  F     FADDX1_RVT       1  1.5    37    84     901    (-,-) 
  g21410/CO                                                     -       CI->CO F     FADDX1_RVT       1  1.5    37    81     982    (-,-) 
  g22426/S                                                      -       CI->S  R     FADDX1_RVT       4  2.3    46   147    1129    (-,-) 
  g27787/Y                                                      -       A1->Y  F     NAND2X0_RVT      3  1.5    53    45    1174    (-,-) 
  g69_0/Y                                                       -       A1->Y  F     OA21X1_RVT       1  0.5    25    83    1257    (-,-) 
  g27786/Y                                                      -       A3->Y  F     OA21X1_RVT       1  0.6    26    54    1311    (-,-) 
  g1236/Y                                                       -       A2->Y  F     OA21X1_RVT       4  2.0    34    70    1381    (-,-) 
  gen_row[0].gen_col[0].u_pe_csa_tree_add_99_24_groupi_g15998/Y -       A4->Y  F     OA221X1_RVT      1  1.2    44    85    1466    (-,-) 
  gen_row[0].gen_col[0].u_pe_csa_tree_add_99_24_groupi_g15994/Y -       S0->Y  F     MUX21X2_RVT      1  0.6    36    91    1557    (-,-) 
  gen_row[0].gen_col[0].u_pe_acc_r_reg[30]/D                    -       -      F     DFFARX1_RVT      1    -     -     0    1557    (-,-) 
#-----------------------------------------------------------------------------------------------------------------------------------------

