============================================================
  Generated by:           Genus(TM) Synthesis Solution 21.12-s068_1
  Generated on:           May 16 2026  08:38:25 pm
  Module:                 gelu_unit
  Operating conditions:   _nominal_ (balanced_tree)
  Wireload mode:          enclosed
  Area mode:              timing library
============================================================

                                   
    Gate      Instances    Area            Library         
-----------------------------------------------------------
AND2X1_RVT         2592   5269.930    saed32rvt_tt0p85v25c 
AND2X2_RVT           45    102.928    saed32rvt_tt0p85v25c 
AND2X4_RVT           29     81.072    saed32rvt_tt0p85v25c 
AND3X1_RVT          408    933.217    saed32rvt_tt0p85v25c 
AND3X2_RVT            9     22.873    saed32rvt_tt0p85v25c 
AND3X4_RVT            1      3.050    saed32rvt_tt0p85v25c 
AND4X1_RVT          163    414.255    saed32rvt_tt0p85v25c 
AND4X2_RVT            2      7.624    saed32rvt_tt0p85v25c 
AND4X4_RVT            1      4.320    saed32rvt_tt0p85v25c 
AO21X1_RVT         1482   3766.414    saed32rvt_tt0p85v25c 
AO21X2_RVT           16     44.729    saed32rvt_tt0p85v25c 
AO221X1_RVT          76    231.779    saed32rvt_tt0p85v25c 
AO221X2_RVT           9     29.735    saed32rvt_tt0p85v25c 
AO222X1_RVT          11     36.343    saed32rvt_tt0p85v25c 
AO222X2_RVT           1      3.558    saed32rvt_tt0p85v25c 
AO22X1_RVT         3051   7753.933    saed32rvt_tt0p85v25c 
AO22X2_RVT            8     22.365    saed32rvt_tt0p85v25c 
AOI21X1_RVT          88    268.376    saed32rvt_tt0p85v25c 
AOI21X2_RVT           5     16.519    saed32rvt_tt0p85v25c 
AOI221X1_RVT         14     49.812    saed32rvt_tt0p85v25c 
AOI221X2_RVT          4     15.249    saed32rvt_tt0p85v25c 
AOI222X1_RVT          2      7.624    saed32rvt_tt0p85v25c 
AOI22X1_RVT          58    176.884    saed32rvt_tt0p85v25c 
DEC24X1_RVT           5     30.497    saed32rvt_tt0p85v25c 
DEC24X2_RVT           5     35.580    saed32rvt_tt0p85v25c 
DELLN1X2_RVT        227   1153.814    saed32rvt_tt0p85v25c 
DELLN2X2_RVT          3     19.823    saed32rvt_tt0p85v25c 
DELLN3X2_RVT          1      9.657    saed32rvt_tt0p85v25c 
DFFARX1_RVT          57    405.614    saed32rvt_tt0p85v25c 
DFFARX2_RVT           7     53.370    saed32rvt_tt0p85v25c 
FADDX1_RVT         2278  10999.861    saed32rvt_tt0p85v25c 
FADDX2_RVT            4     21.348    saed32rvt_tt0p85v25c 
HADDX1_RVT          306   1010.985    saed32rvt_tt0p85v25c 
HADDX2_RVT            5     19.061    saed32rvt_tt0p85v25c 
IBUFFX16_RVT         25    165.194    saed32rvt_tt0p85v25c 
IBUFFX2_RVT         111    282.100    saed32rvt_tt0p85v25c 
IBUFFX32_RVT         13    151.978    saed32rvt_tt0p85v25c 
IBUFFX4_RVT          35    106.740    saed32rvt_tt0p85v25c 
IBUFFX8_RVT          30    129.613    saed32rvt_tt0p85v25c 
INVX0_RVT          1334   1695.140    saed32rvt_tt0p85v25c 
INVX16_RVT           19     96.575    saed32rvt_tt0p85v25c 
INVX1_RVT          1804   2292.379    saed32rvt_tt0p85v25c 
INVX2_RVT           405    617.570    saed32rvt_tt0p85v25c 
INVX32_RVT            4     36.597    saed32rvt_tt0p85v25c 
INVX4_RVT           216    439.161    saed32rvt_tt0p85v25c 
INVX8_RVT            49    149.437    saed32rvt_tt0p85v25c 
MUX21X1_RVT         182    601.305    saed32rvt_tt0p85v25c 
MUX21X2_RVT           5     17.790    saed32rvt_tt0p85v25c 
NAND2X0_RVT        2944   4489.200    saed32rvt_tt0p85v25c 
NAND2X1_RVT          52    132.155    saed32rvt_tt0p85v25c 
NAND2X2_RVT          16     44.729    saed32rvt_tt0p85v25c 
NAND2X4_RVT          23     75.989    saed32rvt_tt0p85v25c 
NAND3X0_RVT        1145   2036.964    saed32rvt_tt0p85v25c 
NAND3X1_RVT          32     89.459    saed32rvt_tt0p85v25c 
NAND3X2_RVT          40    121.989    saed32rvt_tt0p85v25c 
NAND4X0_RVT         312    634.343    saed32rvt_tt0p85v25c 
NAND4X1_RVT          72    219.580    saed32rvt_tt0p85v25c 
NBUFFX16_RVT          8     48.796    saed32rvt_tt0p85v25c 
NBUFFX2_RVT         653   1327.648    saed32rvt_tt0p85v25c 
NBUFFX32_RVT          3     32.022    saed32rvt_tt0p85v25c 
NBUFFX4_RVT         212    538.785    saed32rvt_tt0p85v25c 
NBUFFX8_RVT          56    213.481    saed32rvt_tt0p85v25c 
NOR2X0_RVT           60    152.486    saed32rvt_tt0p85v25c 
NOR2X2_RVT            2      5.591    saed32rvt_tt0p85v25c 
NOR2X4_RVT            1      3.304    saed32rvt_tt0p85v25c 
NOR3X0_RVT            9     25.160    saed32rvt_tt0p85v25c 
NOR3X1_RVT            4     11.182    saed32rvt_tt0p85v25c 
NOR4X1_RVT            8     24.398    saed32rvt_tt0p85v25c 
OA21X1_RVT         1732   4401.774    saed32rvt_tt0p85v25c 
OA21X2_RVT           11     30.751    saed32rvt_tt0p85v25c 
OA221X1_RVT         141    430.012    saed32rvt_tt0p85v25c 
OA221X2_RVT           3      9.912    saed32rvt_tt0p85v25c 
OA222X1_RVT          24     79.293    saed32rvt_tt0p85v25c 
OA22X1_RVT          966   2455.031    saed32rvt_tt0p85v25c 
OA22X2_RVT            5     13.978    saed32rvt_tt0p85v25c 
OAI21X1_RVT          28     85.392    saed32rvt_tt0p85v25c 
OAI21X2_RVT           3      9.912    saed32rvt_tt0p85v25c 
OAI221X1_RVT         15     53.370    saed32rvt_tt0p85v25c 
OAI221X2_RVT         15     57.182    saed32rvt_tt0p85v25c 
OAI222X1_RVT          5     19.061    saed32rvt_tt0p85v25c 
OAI222X2_RVT          1      4.066    saed32rvt_tt0p85v25c 
OAI22X1_RVT          53    161.636    saed32rvt_tt0p85v25c 
OAI22X2_RVT           6     19.823    saed32rvt_tt0p85v25c 
OR2X1_RVT           999   2031.119    saed32rvt_tt0p85v25c 
OR2X2_RVT           180    411.713    saed32rvt_tt0p85v25c 
OR2X4_RVT             2      5.591    saed32rvt_tt0p85v25c 
OR3X1_RVT            88    223.647    saed32rvt_tt0p85v25c 
OR3X2_RVT            11     27.956    saed32rvt_tt0p85v25c 
OR4X1_RVT             6     21.348    saed32rvt_tt0p85v25c 
OR4X2_RVT             1      3.812    saed32rvt_tt0p85v25c 
SDFFARX1_RVT        345   3156.468    saed32rvt_tt0p85v25c 
SDFFARX2_RVT         24    231.779    saed32rvt_tt0p85v25c 
SDFFASX1_RVT          1      9.149    saed32rvt_tt0p85v25c 
XNOR2X1_RVT         158    682.631    saed32rvt_tt0p85v25c 
XNOR2X2_RVT          66    301.923    saed32rvt_tt0p85v25c 
XNOR3X1_RVT          98    597.747    saed32rvt_tt0p85v25c 
XNOR3X2_RVT           8     50.829    saed32rvt_tt0p85v25c 
XOR2X2_RVT            5     22.873    saed32rvt_tt0p85v25c 
XOR3X1_RVT          228   1622.455    saed32rvt_tt0p85v25c 
XOR3X2_RVT          161   1186.598    saed32rvt_tt0p85v25c 
-----------------------------------------------------------
total             26246  68449.874                         


                                          
     Type      Instances    Area   Area % 
------------------------------------------
sequential           434  3856.381    5.6 
inverter            4045  6162.484    9.0 
buffer              1163  3344.027    4.9 
logic              20604 55086.983   80.5 
physical_cells         0     0.000    0.0 
------------------------------------------
total              26246 68449.874  100.0 

