============================================================
  Generated by:           Genus(TM) Synthesis Solution 21.12-s068_1
  Generated on:           May 16 2026  08:38:25 pm
  Module:                 gelu_unit
  Operating conditions:   _nominal_ (balanced_tree)
  Wireload mode:          enclosed
  Area mode:              timing library
============================================================

Timing
--------

Clock Period 
-------------
clk   1000.0 


  Cost    Critical               Violating 
 Group   Path Slack     TNS        Paths   
-------------------------------------------
clk        -13413.4   -613461.4        223 
default    No paths         0.0            
-------------------------------------------
Total                 -613461.4        223 

Instance Count
--------------
Leaf Instance Count             26246 
Physical Instance count             0 
Sequential Instance Count         434 
Combinational Instance Count    25812 
Hierarchical Instance Count         0 

Area
----
Cell Area                          68449.874
Physical Cell Area                 0.000
Total Cell Area (Cell+Physical)    68449.874
Net Area                           0.000
Total Area (Cell+Physical+Net)     68449.874

Max Fanout                         434 (clk)
Min Fanout                         0 (s2_z[29])
Average Fanout                     2.3
Terms to net ratio                 3.3903
Terms to instance ratio            3.6679
Runtime                            4402.921463999994 seconds
Elapsed Runtime                    4349 seconds
Genus peak memory usage            1843.21 
Innovus peak memory usage          no_value 
Hostname                           phobos.ece.pdx.edu
