
 /----------------------------------------------------------------------------\
 |  yosys -- Yosys Open SYnthesis Suite                                       |
 |  Copyright (C) 2012 - 2024  Claire Xenia Wolf <claire@yosyshq.com>         |
 |  Distributed under an ISC-like license, type "license" to see terms        |
 \----------------------------------------------------------------------------/
 Yosys 0.46 (git sha1 e97731b9dda91fa5fa53ed87df7c34163ba59a41, clang++ 17.0.6 -fPIC -O3)

-- Running command `read_verilog v_hand/*.v
chparam -set NUM_BANKS 2 scratchpad_ctrl; chparam -set BANK_DEPTH 64 scratchpad_ctrl;
hierarchy -check -top scratchpad_ctrl
proc
flatten
opt -fast
techmap
opt -fast
dfflibmap -liberty /home/david/.volare/volare/sky130/versions/0fe599b2afb6708d281543108caf8310912f54af/sky130A/libs.ref/sky130_fd_sc_hd/lib/sky130_fd_sc_hd__tt_025C_1v80.lib
abc -liberty /home/david/.volare/volare/sky130/versions/0fe599b2afb6708d281543108caf8310912f54af/sky130A/libs.ref/sky130_fd_sc_hd/lib/sky130_fd_sc_hd__tt_025C_1v80.lib -script "+strash; scorr; ifraig; retime,{D}; strash; dch,-f; map,-M,1,{D}"
opt_clean -purge
tee -o per_module/scratchpad_ctrl/stat.rpt stat -liberty /home/david/.volare/volare/sky130/versions/0fe599b2afb6708d281543108caf8310912f54af/sky130A/libs.ref/sky130_fd_sc_hd/lib/sky130_fd_sc_hd__tt_025C_1v80.lib
write_verilog -noattr per_module/scratchpad_ctrl/scratchpad_ctrl.synth.v' --

1. Executing Verilog-2005 frontend: v_hand/accel_controller.v
Parsing Verilog input from `v_hand/accel_controller.v' to AST representation.
Generating RTLIL representation for module `\accel_controller'.
Successfully finished Verilog frontend.

2. Executing Verilog-2005 frontend: v_hand/accel_engine.v
Parsing Verilog input from `v_hand/accel_engine.v' to AST representation.
Generating RTLIL representation for module `\accel_engine'.
Successfully finished Verilog frontend.

3. Executing Verilog-2005 frontend: v_hand/accel_top.v
Parsing Verilog input from `v_hand/accel_top.v' to AST representation.
Generating RTLIL representation for module `\accel_top'.
Successfully finished Verilog frontend.

4. Executing Verilog-2005 frontend: v_hand/adder_tree.v
Parsing Verilog input from `v_hand/adder_tree.v' to AST representation.
Generating RTLIL representation for module `\adder_tree'.
Warning: Replacing memory \stage with list of registers. See v_hand/adder_tree.v:63
Warning: Replacing memory \valid_pipe with list of registers. See v_hand/adder_tree.v:61
Successfully finished Verilog frontend.

5. Executing Verilog-2005 frontend: v_hand/address_gen.v
Parsing Verilog input from `v_hand/address_gen.v' to AST representation.
Generating RTLIL representation for module `\address_gen'.
Successfully finished Verilog frontend.

6. Executing Verilog-2005 frontend: v_hand/causal_mask_unit.v
Parsing Verilog input from `v_hand/causal_mask_unit.v' to AST representation.
Generating RTLIL representation for module `\causal_mask_unit'.
Successfully finished Verilog frontend.

7. Executing Verilog-2005 frontend: v_hand/chiplet_interface.v
Parsing Verilog input from `v_hand/chiplet_interface.v' to AST representation.
Generating RTLIL representation for module `\chiplet_interface'.
Successfully finished Verilog frontend.

8. Executing Verilog-2005 frontend: v_hand/compute_core.v
Parsing Verilog input from `v_hand/compute_core.v' to AST representation.
Generating RTLIL representation for module `\compute_core'.
Successfully finished Verilog frontend.

9. Executing Verilog-2005 frontend: v_hand/divider_or_reciprocal_unit.v
Parsing Verilog input from `v_hand/divider_or_reciprocal_unit.v' to AST representation.
Generating RTLIL representation for module `\divider_or_reciprocal_unit'.
Successfully finished Verilog frontend.

10. Executing Verilog-2005 frontend: v_hand/dma_engine.v
Parsing Verilog input from `v_hand/dma_engine.v' to AST representation.
Generating RTLIL representation for module `\dma_engine'.
Successfully finished Verilog frontend.

11. Executing Verilog-2005 frontend: v_hand/double_buffer_ctrl.v
Parsing Verilog input from `v_hand/double_buffer_ctrl.v' to AST representation.
Generating RTLIL representation for module `\double_buffer_ctrl'.
Successfully finished Verilog frontend.

12. Executing Verilog-2005 frontend: v_hand/exp_lut.v
Parsing Verilog input from `v_hand/exp_lut.v' to AST representation.
Generating RTLIL representation for module `\exp_lut'.
Successfully finished Verilog frontend.

13. Executing Verilog-2005 frontend: v_hand/fused_postproc_unit.v
Parsing Verilog input from `v_hand/fused_postproc_unit.v' to AST representation.
Generating RTLIL representation for module `\fused_postproc_unit'.
Warning: Replacing memory \data_delay with list of registers. See v_hand/fused_postproc_unit.v:97
Successfully finished Verilog frontend.

14. Executing Verilog-2005 frontend: v_hand/gelu_grad_unit.v
Parsing Verilog input from `v_hand/gelu_grad_unit.v' to AST representation.
Generating RTLIL representation for module `\gelu_grad_unit'.
Successfully finished Verilog frontend.

15. Executing Verilog-2005 frontend: v_hand/gelu_lut.v
Parsing Verilog input from `v_hand/gelu_lut.v' to AST representation.
Generating RTLIL representation for module `\gelu_lut'.
Successfully finished Verilog frontend.

16. Executing Verilog-2005 frontend: v_hand/gelu_unit.v
Parsing Verilog input from `v_hand/gelu_unit.v' to AST representation.
Generating RTLIL representation for module `\gelu_unit'.
Successfully finished Verilog frontend.

17. Executing Verilog-2005 frontend: v_hand/mac_pe.v
Parsing Verilog input from `v_hand/mac_pe.v' to AST representation.
Generating RTLIL representation for module `\mac_pe'.
Successfully finished Verilog frontend.

18. Executing Verilog-2005 frontend: v_hand/mode_decoder.v
Parsing Verilog input from `v_hand/mode_decoder.v' to AST representation.
Generating RTLIL representation for module `\mode_decoder'.
Successfully finished Verilog frontend.

19. Executing Verilog-2005 frontend: v_hand/perf_counter_block.v
Parsing Verilog input from `v_hand/perf_counter_block.v' to AST representation.
Generating RTLIL representation for module `\perf_counter_block'.
Successfully finished Verilog frontend.

20. Executing Verilog-2005 frontend: v_hand/pipeline_stage.v
Parsing Verilog input from `v_hand/pipeline_stage.v' to AST representation.
Generating RTLIL representation for module `\pipeline_stage'.
Successfully finished Verilog frontend.

21. Executing Verilog-2005 frontend: v_hand/scratchpad_ctrl.v
Parsing Verilog input from `v_hand/scratchpad_ctrl.v' to AST representation.
Generating RTLIL representation for module `\scratchpad_ctrl'.
Successfully finished Verilog frontend.

22. Executing Verilog-2005 frontend: v_hand/skid_buffer.v
Parsing Verilog input from `v_hand/skid_buffer.v' to AST representation.
Generating RTLIL representation for module `\skid_buffer'.
Successfully finished Verilog frontend.

23. Executing Verilog-2005 frontend: v_hand/softmax_unit.v
Parsing Verilog input from `v_hand/softmax_unit.v' to AST representation.
Generating RTLIL representation for module `\softmax_unit'.
Warning: Replacing memory \s3_exp with list of registers. See v_hand/softmax_unit.v:194
Warning: Replacing memory \s2_exp with list of registers. See v_hand/softmax_unit.v:171
Warning: Replacing memory \s1_scores with list of registers. See v_hand/softmax_unit.v:146
Successfully finished Verilog frontend.

24. Executing Verilog-2005 frontend: v_hand/sram_bank.v
Parsing Verilog input from `v_hand/sram_bank.v' to AST representation.
Generating RTLIL representation for module `\sram_bank'.
Successfully finished Verilog frontend.

25. Executing Verilog-2005 frontend: v_hand/stream_mux.v
Parsing Verilog input from `v_hand/stream_mux.v' to AST representation.
Generating RTLIL representation for module `\stream_mux'.
Successfully finished Verilog frontend.

26. Executing Verilog-2005 frontend: v_hand/stream_pipeline.v
Parsing Verilog input from `v_hand/stream_pipeline.v' to AST representation.
Generating RTLIL representation for module `\stream_pipeline'.
Warning: Replacing memory \sm_row_buf with list of registers. See v_hand/stream_pipeline.v:302
Successfully finished Verilog frontend.

27. Executing Verilog-2005 frontend: v_hand/systolic_array_64x64.v
Parsing Verilog input from `v_hand/systolic_array_64x64.v' to AST representation.
Generating RTLIL representation for module `\systolic_array_64x64'.
Successfully finished Verilog frontend.

28. Executing Verilog-2005 frontend: v_hand/tile_buffer.v
Parsing Verilog input from `v_hand/tile_buffer.v' to AST representation.
Generating RTLIL representation for module `\tile_buffer'.
Warning: Replacing memory \mem with list of registers. See v_hand/tile_buffer.v:70
Successfully finished Verilog frontend.

29. Executing Verilog-2005 frontend: v_hand/tile_dispatcher.v
Parsing Verilog input from `v_hand/tile_dispatcher.v' to AST representation.
Generating RTLIL representation for module `\tile_dispatcher'.
Successfully finished Verilog frontend.

30. Executing Verilog-2005 frontend: v_hand/tile_loader.v
Parsing Verilog input from `v_hand/tile_loader.v' to AST representation.
Generating RTLIL representation for module `\tile_loader'.
Successfully finished Verilog frontend.

31. Executing Verilog-2005 frontend: v_hand/tile_scheduler.v
Parsing Verilog input from `v_hand/tile_scheduler.v' to AST representation.
Generating RTLIL representation for module `\tile_scheduler'.
Successfully finished Verilog frontend.

32. Executing Verilog-2005 frontend: v_hand/tile_writer.v
Parsing Verilog input from `v_hand/tile_writer.v' to AST representation.
Generating RTLIL representation for module `\tile_writer'.
Successfully finished Verilog frontend.

33. Executing Verilog-2005 frontend: v_hand/top_small.v
Parsing Verilog input from `v_hand/top_small.v' to AST representation.
Generating RTLIL representation for module `\top_small'.
Successfully finished Verilog frontend.
Parameter \NUM_BANKS = 2

34. Executing AST frontend in derive mode using pre-parsed AST for module `\scratchpad_ctrl'.
Parameter \NUM_BANKS = 2
Generating RTLIL representation for module `$paramod\scratchpad_ctrl\NUM_BANKS=32'00000000000000000000000000000010'.
Parameter \BANK_DEPTH = 64

35. Executing AST frontend in derive mode using pre-parsed AST for module `\scratchpad_ctrl'.
Parameter \BANK_DEPTH = 64
Generating RTLIL representation for module `$paramod\scratchpad_ctrl\BANK_DEPTH=32'00000000000000000000000001000000'.

36. Executing HIERARCHY pass (managing design hierarchy).

36.1. Analyzing design hierarchy..
Top module:  \scratchpad_ctrl
Used module:     \sram_bank
Parameter \DATA_WIDTH = 32
Parameter \DEPTH = 64
Parameter \ADDR_WIDTH = 6

36.2. Executing AST frontend in derive mode using pre-parsed AST for module `\sram_bank'.
Parameter \DATA_WIDTH = 32
Parameter \DEPTH = 64
Parameter \ADDR_WIDTH = 6
Generating RTLIL representation for module `$paramod$97f4c182a141e3d8a89622679f3f9c1991fa7179\sram_bank'.
Parameter \DATA_WIDTH = 32
Parameter \DEPTH = 64
Parameter \ADDR_WIDTH = 6
Found cached RTLIL representation for module `$paramod$97f4c182a141e3d8a89622679f3f9c1991fa7179\sram_bank'.

36.3. Analyzing design hierarchy..
Top module:  \scratchpad_ctrl
Used module:     $paramod$97f4c182a141e3d8a89622679f3f9c1991fa7179\sram_bank

36.4. Analyzing design hierarchy..
Top module:  \scratchpad_ctrl
Used module:     $paramod$97f4c182a141e3d8a89622679f3f9c1991fa7179\sram_bank
Removing unused module `\top_small'.
Removing unused module `\tile_writer'.
Removing unused module `\tile_scheduler'.
Removing unused module `\tile_loader'.
Removing unused module `\tile_dispatcher'.
Removing unused module `\tile_buffer'.
Removing unused module `\systolic_array_64x64'.
Removing unused module `\stream_pipeline'.
Removing unused module `\stream_mux'.
Removing unused module `\sram_bank'.
Removing unused module `\softmax_unit'.
Removing unused module `\skid_buffer'.
Removing unused module `\pipeline_stage'.
Removing unused module `\perf_counter_block'.
Removing unused module `\mode_decoder'.
Removing unused module `\mac_pe'.
Removing unused module `\gelu_unit'.
Removing unused module `\gelu_lut'.
Removing unused module `\gelu_grad_unit'.
Removing unused module `\fused_postproc_unit'.
Removing unused module `\exp_lut'.
Removing unused module `\double_buffer_ctrl'.
Removing unused module `\dma_engine'.
Removing unused module `\divider_or_reciprocal_unit'.
Removing unused module `\compute_core'.
Removing unused module `\chiplet_interface'.
Removing unused module `\causal_mask_unit'.
Removing unused module `\address_gen'.
Removing unused module `\adder_tree'.
Removing unused module `\accel_top'.
Removing unused module `\accel_engine'.
Removing unused module `\accel_controller'.
Removed 32 unused modules.

37. Executing PROC pass (convert processes to netlists).

37.1. Executing PROC_CLEAN pass (remove empty switches from decision trees).
Cleaned up 0 empty switches.

37.2. Executing PROC_RMDEAD pass (remove dead branches from decision trees).
Marked 2 switch rules as full_case in process $proc$v_hand/sram_bank.v:39$21754 in module $paramod$97f4c182a141e3d8a89622679f3f9c1991fa7179\sram_bank.
Marked 6 switch rules as full_case in process $proc$v_hand/scratchpad_ctrl.v:100$21732 in module scratchpad_ctrl.
Removed a total of 0 dead cases.

37.3. Executing PROC_PRUNE pass (remove redundant assignments in processes).
Removed 0 redundant assignments.
Promoted 12 assignments to connections.

37.4. Executing PROC_INIT pass (extract init attributes).

37.5. Executing PROC_ARST pass (detect async resets in processes).

37.6. Executing PROC_ROM pass (convert switches to ROMs).
Converted 0 switches.
<suppressed ~8 debug messages>

37.7. Executing PROC_MUX pass (convert decision trees to multiplexers).
Creating decoders for process `$paramod$97f4c182a141e3d8a89622679f3f9c1991fa7179\sram_bank.$proc$v_hand/sram_bank.v:39$21754'.
     1/8: $2$memwr$\mem$v_hand/sram_bank.v:43$21753_EN[31:0]$21763
     2/8: $2$memwr$\mem$v_hand/sram_bank.v:43$21753_DATA[31:0]$21762
     3/8: $2$memwr$\mem$v_hand/sram_bank.v:43$21753_ADDR[5:0]$21761
     4/8: $1$memwr$\mem$v_hand/sram_bank.v:43$21753_EN[31:0]$21760
     5/8: $1$memwr$\mem$v_hand/sram_bank.v:43$21753_DATA[31:0]$21759
     6/8: $1$memwr$\mem$v_hand/sram_bank.v:43$21753_ADDR[5:0]$21758
     7/8: $0\rvalid[0:0]
     8/8: $0\rdata[31:0]
Creating decoders for process `\scratchpad_ctrl.$proc$v_hand/scratchpad_ctrl.v:100$21732'.
     1/24: $6\bank_wdata_pkt[63:32]
     2/24: $6\bank_addr_pkt[11:6]
     3/24: $6\bank_we_pkt[1:1]
     4/24: $6\bank_req_pkt[1:1]
     5/24: $5\bank_wdata_pkt[63:32]
     6/24: $5\bank_addr_pkt[11:6]
     7/24: $5\bank_we_pkt[1:1]
     8/24: $5\bank_req_pkt[1:1]
     9/24: $4\bank_addr_pkt[11:6]
    10/24: $4\bank_we_pkt[1:1]
    11/24: $4\bank_req_pkt[1:1]
    12/24: $4\bank_wdata_pkt[63:32]
    13/24: $3\bank_wdata_pkt[31:0]
    14/24: $3\bank_addr_pkt[5:0]
    15/24: $3\bank_we_pkt[0:0]
    16/24: $3\bank_req_pkt[0:0]
    17/24: $2\bank_wdata_pkt[31:0]
    18/24: $2\bank_addr_pkt[5:0]
    19/24: $2\bank_we_pkt[0:0]
    20/24: $2\bank_req_pkt[0:0]
    21/24: $1\bank_addr_pkt[5:0]
    22/24: $1\bank_we_pkt[0:0]
    23/24: $1\bank_req_pkt[0:0]
    24/24: $1\bank_wdata_pkt[31:0]

37.8. Executing PROC_DLATCH pass (convert process syncs to latches).
No latch inferred for signal `\scratchpad_ctrl.\bank_req_pkt' from process `\scratchpad_ctrl.$proc$v_hand/scratchpad_ctrl.v:100$21732'.
No latch inferred for signal `\scratchpad_ctrl.\bank_we_pkt' from process `\scratchpad_ctrl.$proc$v_hand/scratchpad_ctrl.v:100$21732'.
No latch inferred for signal `\scratchpad_ctrl.\bank_addr_pkt' from process `\scratchpad_ctrl.$proc$v_hand/scratchpad_ctrl.v:100$21732'.
No latch inferred for signal `\scratchpad_ctrl.\bank_wdata_pkt' from process `\scratchpad_ctrl.$proc$v_hand/scratchpad_ctrl.v:100$21732'.
No latch inferred for signal `\scratchpad_ctrl.\bi' from process `\scratchpad_ctrl.$proc$v_hand/scratchpad_ctrl.v:100$21732'.

37.9. Executing PROC_DFF pass (convert process syncs to FFs).
Creating register for signal `$paramod$97f4c182a141e3d8a89622679f3f9c1991fa7179\sram_bank.\rdata' using process `$paramod$97f4c182a141e3d8a89622679f3f9c1991fa7179\sram_bank.$proc$v_hand/sram_bank.v:39$21754'.
  created $dff cell `$procdff$21948' with positive edge clock.
Creating register for signal `$paramod$97f4c182a141e3d8a89622679f3f9c1991fa7179\sram_bank.\rvalid' using process `$paramod$97f4c182a141e3d8a89622679f3f9c1991fa7179\sram_bank.$proc$v_hand/sram_bank.v:39$21754'.
  created $dff cell `$procdff$21949' with positive edge clock.
Creating register for signal `$paramod$97f4c182a141e3d8a89622679f3f9c1991fa7179\sram_bank.$memwr$\mem$v_hand/sram_bank.v:43$21753_ADDR' using process `$paramod$97f4c182a141e3d8a89622679f3f9c1991fa7179\sram_bank.$proc$v_hand/sram_bank.v:39$21754'.
  created $dff cell `$procdff$21950' with positive edge clock.
Creating register for signal `$paramod$97f4c182a141e3d8a89622679f3f9c1991fa7179\sram_bank.$memwr$\mem$v_hand/sram_bank.v:43$21753_DATA' using process `$paramod$97f4c182a141e3d8a89622679f3f9c1991fa7179\sram_bank.$proc$v_hand/sram_bank.v:39$21754'.
  created $dff cell `$procdff$21951' with positive edge clock.
Creating register for signal `$paramod$97f4c182a141e3d8a89622679f3f9c1991fa7179\sram_bank.$memwr$\mem$v_hand/sram_bank.v:43$21753_EN' using process `$paramod$97f4c182a141e3d8a89622679f3f9c1991fa7179\sram_bank.$proc$v_hand/sram_bank.v:39$21754'.
  created $dff cell `$procdff$21952' with positive edge clock.

37.10. Executing PROC_MEMWR pass (convert process memory writes to cells).

37.11. Executing PROC_CLEAN pass (remove empty switches from decision trees).
Found and cleaned up 2 empty switches in `$paramod$97f4c182a141e3d8a89622679f3f9c1991fa7179\sram_bank.$proc$v_hand/sram_bank.v:39$21754'.
Removing empty process `$paramod$97f4c182a141e3d8a89622679f3f9c1991fa7179\sram_bank.$proc$v_hand/sram_bank.v:39$21754'.
Found and cleaned up 6 empty switches in `\scratchpad_ctrl.$proc$v_hand/scratchpad_ctrl.v:100$21732'.
Removing empty process `scratchpad_ctrl.$proc$v_hand/scratchpad_ctrl.v:100$21732'.
Cleaned up 8 empty switches.

37.12. Executing OPT_EXPR pass (perform const folding).
Optimizing module $paramod$97f4c182a141e3d8a89622679f3f9c1991fa7179\sram_bank.
Optimizing module scratchpad_ctrl.
<suppressed ~6 debug messages>

38. Executing FLATTEN pass (flatten design).
Deleting now unused module $paramod$97f4c182a141e3d8a89622679f3f9c1991fa7179\sram_bank.
<suppressed ~2 debug messages>

39. Executing OPT pass (performing simple optimizations).

39.1. Executing OPT_EXPR pass (perform const folding).
Optimizing module scratchpad_ctrl.
<suppressed ~6 debug messages>

39.2. Executing OPT_MERGE pass (detect identical cells).
Finding identical cells in module `\scratchpad_ctrl'.
Removed a total of 0 cells.

39.3. Executing OPT_DFF pass (perform DFF optimizations).
Adding SRST signal on $flatten\gen_bank[1].u_bank.$procdff$21949 ($dff) from module scratchpad_ctrl (D = $flatten\gen_bank[1].u_bank.$procmux$21794_Y, Q = \gen_bank[1].u_bank.rvalid, rval = 1'0).
Adding EN signal on $flatten\gen_bank[1].u_bank.$procdff$21948 ($dff) from module scratchpad_ctrl (D = $flatten\gen_bank[1].u_bank.$memrd$\mem$v_hand/sram_bank.v:45$21764_DATA, Q = \gen_bank[1].u_bank.rdata).
Adding SRST signal on $flatten\gen_bank[0].u_bank.$procdff$21949 ($dff) from module scratchpad_ctrl (D = $flatten\gen_bank[0].u_bank.$procmux$21794_Y, Q = \gen_bank[0].u_bank.rvalid, rval = 1'0).
Adding EN signal on $flatten\gen_bank[0].u_bank.$procdff$21948 ($dff) from module scratchpad_ctrl (D = $flatten\gen_bank[0].u_bank.$memrd$\mem$v_hand/sram_bank.v:45$21764_DATA, Q = \gen_bank[0].u_bank.rdata).

39.4. Executing OPT_CLEAN pass (remove unused cells and wires).
Finding unused cells or wires in module \scratchpad_ctrl..
Removed 12 unused cells and 156 unused wires.
<suppressed ~15 debug messages>

39.5. Rerunning OPT passes. (Removed registers in this run.)

39.6. Executing OPT_EXPR pass (perform const folding).
Optimizing module scratchpad_ctrl.

39.7. Executing OPT_MERGE pass (detect identical cells).
Finding identical cells in module `\scratchpad_ctrl'.
Removed a total of 0 cells.

39.8. Executing OPT_DFF pass (perform DFF optimizations).

39.9. Executing OPT_CLEAN pass (remove unused cells and wires).
Finding unused cells or wires in module \scratchpad_ctrl..

39.10. Finished fast OPT passes.

40. Executing TECHMAP pass (map to technology primitives).

40.1. Executing Verilog-2005 frontend: /nix/store/9r0bh7sp051dpm8km8bqlb028anpd3v3-yosys/bin/../share/yosys/techmap.v
Parsing Verilog input from `/nix/store/9r0bh7sp051dpm8km8bqlb028anpd3v3-yosys/bin/../share/yosys/techmap.v' to AST representation.
Generating RTLIL representation for module `\_90_simplemap_bool_ops'.
Generating RTLIL representation for module `\_90_simplemap_reduce_ops'.
Generating RTLIL representation for module `\_90_simplemap_logic_ops'.
Generating RTLIL representation for module `\_90_simplemap_compare_ops'.
Generating RTLIL representation for module `\_90_simplemap_various'.
Generating RTLIL representation for module `\_90_simplemap_registers'.
Generating RTLIL representation for module `\_90_shift_ops_shr_shl_sshl_sshr'.
Generating RTLIL representation for module `\_90_shift_shiftx'.
Generating RTLIL representation for module `\_90_fa'.
Generating RTLIL representation for module `\_90_lcu_brent_kung'.
Generating RTLIL representation for module `\_90_alu'.
Generating RTLIL representation for module `\_90_macc'.
Generating RTLIL representation for module `\_90_alumacc'.
Generating RTLIL representation for module `\$__div_mod_u'.
Generating RTLIL representation for module `\$__div_mod_trunc'.
Generating RTLIL representation for module `\_90_div'.
Generating RTLIL representation for module `\_90_mod'.
Generating RTLIL representation for module `\$__div_mod_floor'.
Generating RTLIL representation for module `\_90_divfloor'.
Generating RTLIL representation for module `\_90_modfloor'.
Generating RTLIL representation for module `\_90_pow'.
Generating RTLIL representation for module `\_90_pmux'.
Generating RTLIL representation for module `\_90_demux'.
Generating RTLIL representation for module `\_90_lut'.
Successfully finished Verilog frontend.

40.2. Continuing TECHMAP pass.
Using extmapper simplemap for cells of type $mux.
Using extmapper simplemap for cells of type $reduce_and.
Using extmapper simplemap for cells of type $not.
Using extmapper simplemap for cells of type $dffe.
Using extmapper simplemap for cells of type $sdff.
Using template $paramod$constmap:10887e013c6ac5a74755f7ac430ded3f147ecbc3$paramod$1e265d9719406ee45a570be27d6567e3eeff81e5\_90_shift_shiftx for cells of type $shiftx.
Using extmapper simplemap for cells of type $logic_and.
Using template $paramod$constmap:79d997c240a201dd2ee6a0cb193f081796663007$paramod$e22b3b882cb68dcb6935843c107c3c43adc93ae7\_90_shift_shiftx for cells of type $shiftx.
No more expansions possible.
<suppressed ~589 debug messages>

41. Executing OPT pass (performing simple optimizations).

41.1. Executing OPT_EXPR pass (perform const folding).
Optimizing module scratchpad_ctrl.
<suppressed ~322 debug messages>

41.2. Executing OPT_MERGE pass (detect identical cells).
Finding identical cells in module `\scratchpad_ctrl'.
<suppressed ~378 debug messages>
Removed a total of 126 cells.

41.3. Executing OPT_DFF pass (perform DFF optimizations).

41.4. Executing OPT_CLEAN pass (remove unused cells and wires).
Finding unused cells or wires in module \scratchpad_ctrl..
Removed 66 unused cells and 32 unused wires.
<suppressed ~67 debug messages>

41.5. Finished fast OPT passes.

42. Executing DFFLIBMAP pass (mapping DFF cells to sequential cells from liberty file).
Warning: Found unsupported expression 'D&!SCE|SCD&SCE' in pin attribute of cell 'sky130_fd_sc_hd__sdfbbn_1' - skipping.
Warning: Found unsupported expression 'D&!SCE|SCD&SCE' in pin attribute of cell 'sky130_fd_sc_hd__sdfbbn_2' - skipping.
Warning: Found unsupported expression 'D&!SCE|SCD&SCE' in pin attribute of cell 'sky130_fd_sc_hd__sdfrtn_1' - skipping.
Warning: Found unsupported expression 'D&DE|IQ&!DE' in pin attribute of cell 'sky130_fd_sc_hd__edfxbp_1' - skipping.
Warning: Found unsupported expression 'D&DE|IQ&!DE' in pin attribute of cell 'sky130_fd_sc_hd__edfxtp_1' - skipping.
Warning: Found unsupported expression 'D&!SCE|SCD&SCE' in pin attribute of cell 'sky130_fd_sc_hd__sdfbbp_1' - skipping.
Warning: Found unsupported expression 'D&!SCE|SCD&SCE' in pin attribute of cell 'sky130_fd_sc_hd__sdfrbp_1' - skipping.
Warning: Found unsupported expression 'D&!SCE|SCD&SCE' in pin attribute of cell 'sky130_fd_sc_hd__sdfrbp_2' - skipping.
Warning: Found unsupported expression 'D&!SCE|SCD&SCE' in pin attribute of cell 'sky130_fd_sc_hd__sdfrtp_1' - skipping.
Warning: Found unsupported expression 'D&!SCE|SCD&SCE' in pin attribute of cell 'sky130_fd_sc_hd__sdfrtp_2' - skipping.
Warning: Found unsupported expression 'D&!SCE|SCD&SCE' in pin attribute of cell 'sky130_fd_sc_hd__sdfrtp_4' - skipping.
Warning: Found unsupported expression 'D&!SCE|SCD&SCE' in pin attribute of cell 'sky130_fd_sc_hd__sdfsbp_1' - skipping.
Warning: Found unsupported expression 'D&!SCE|SCD&SCE' in pin attribute of cell 'sky130_fd_sc_hd__sdfsbp_2' - skipping.
Warning: Found unsupported expression 'D&!SCE|SCD&SCE' in pin attribute of cell 'sky130_fd_sc_hd__sdfstp_1' - skipping.
Warning: Found unsupported expression 'D&!SCE|SCD&SCE' in pin attribute of cell 'sky130_fd_sc_hd__sdfstp_2' - skipping.
Warning: Found unsupported expression 'D&!SCE|SCD&SCE' in pin attribute of cell 'sky130_fd_sc_hd__sdfstp_4' - skipping.
Warning: Found unsupported expression 'D&!SCE|SCD&SCE' in pin attribute of cell 'sky130_fd_sc_hd__sdfxbp_1' - skipping.
Warning: Found unsupported expression 'D&!SCE|SCD&SCE' in pin attribute of cell 'sky130_fd_sc_hd__sdfxbp_2' - skipping.
Warning: Found unsupported expression 'D&!SCE|SCD&SCE' in pin attribute of cell 'sky130_fd_sc_hd__sdfxtp_1' - skipping.
Warning: Found unsupported expression 'D&!SCE|SCD&SCE' in pin attribute of cell 'sky130_fd_sc_hd__sdfxtp_2' - skipping.
Warning: Found unsupported expression 'D&!SCE|SCD&SCE' in pin attribute of cell 'sky130_fd_sc_hd__sdfxtp_4' - skipping.
Warning: Found unsupported expression 'D&DE&!SCE|IQ&!DE&!SCE|SCD&SCE' in pin attribute of cell 'sky130_fd_sc_hd__sedfxbp_1' - skipping.
Warning: Found unsupported expression 'D&DE&!SCE|IQ&!DE&!SCE|SCD&SCE' in pin attribute of cell 'sky130_fd_sc_hd__sedfxbp_2' - skipping.
Warning: Found unsupported expression 'D&DE&!SCE|IQ&!DE&!SCE|SCD&SCE' in pin attribute of cell 'sky130_fd_sc_hd__sedfxtp_1' - skipping.
Warning: Found unsupported expression 'D&DE&!SCE|IQ&!DE&!SCE|SCD&SCE' in pin attribute of cell 'sky130_fd_sc_hd__sedfxtp_2' - skipping.
Warning: Found unsupported expression 'D&DE&!SCE|IQ&!DE&!SCE|SCD&SCE' in pin attribute of cell 'sky130_fd_sc_hd__sedfxtp_4' - skipping.
  cell sky130_fd_sc_hd__dfxtp_1 (noninv, pins=3, area=20.02) is a direct match for cell type $_DFF_P_.
Warning: Found unsupported expression 'D&!SCE|SCD&SCE' in pin attribute of cell 'sky130_fd_sc_hd__sdfbbn_1' - skipping.
Warning: Found unsupported expression 'D&!SCE|SCD&SCE' in pin attribute of cell 'sky130_fd_sc_hd__sdfbbn_2' - skipping.
Warning: Found unsupported expression 'D&!SCE|SCD&SCE' in pin attribute of cell 'sky130_fd_sc_hd__sdfrtn_1' - skipping.
  cell sky130_fd_sc_hd__dfrtn_1 (noninv, pins=4, area=25.02) is a direct match for cell type $_DFF_NN0_.
Warning: Found unsupported expression 'D&!SCE|SCD&SCE' in pin attribute of cell 'sky130_fd_sc_hd__sdfbbn_1' - skipping.
Warning: Found unsupported expression 'D&!SCE|SCD&SCE' in pin attribute of cell 'sky130_fd_sc_hd__sdfbbn_2' - skipping.
Warning: Found unsupported expression 'D&!SCE|SCD&SCE' in pin attribute of cell 'sky130_fd_sc_hd__sdfrtn_1' - skipping.
Warning: Found unsupported expression 'D&!SCE|SCD&SCE' in pin attribute of cell 'sky130_fd_sc_hd__sdfbbn_1' - skipping.
Warning: Found unsupported expression 'D&!SCE|SCD&SCE' in pin attribute of cell 'sky130_fd_sc_hd__sdfbbn_2' - skipping.
Warning: Found unsupported expression 'D&!SCE|SCD&SCE' in pin attribute of cell 'sky130_fd_sc_hd__sdfrtn_1' - skipping.
Warning: Found unsupported expression 'D&!SCE|SCD&SCE' in pin attribute of cell 'sky130_fd_sc_hd__sdfbbn_1' - skipping.
Warning: Found unsupported expression 'D&!SCE|SCD&SCE' in pin attribute of cell 'sky130_fd_sc_hd__sdfbbn_2' - skipping.
Warning: Found unsupported expression 'D&!SCE|SCD&SCE' in pin attribute of cell 'sky130_fd_sc_hd__sdfrtn_1' - skipping.
Warning: Found unsupported expression 'D&DE|IQ&!DE' in pin attribute of cell 'sky130_fd_sc_hd__edfxbp_1' - skipping.
Warning: Found unsupported expression 'D&DE|IQ&!DE' in pin attribute of cell 'sky130_fd_sc_hd__edfxtp_1' - skipping.
Warning: Found unsupported expression 'D&!SCE|SCD&SCE' in pin attribute of cell 'sky130_fd_sc_hd__sdfbbp_1' - skipping.
Warning: Found unsupported expression 'D&!SCE|SCD&SCE' in pin attribute of cell 'sky130_fd_sc_hd__sdfrbp_1' - skipping.
Warning: Found unsupported expression 'D&!SCE|SCD&SCE' in pin attribute of cell 'sky130_fd_sc_hd__sdfrbp_2' - skipping.
Warning: Found unsupported expression 'D&!SCE|SCD&SCE' in pin attribute of cell 'sky130_fd_sc_hd__sdfrtp_1' - skipping.
Warning: Found unsupported expression 'D&!SCE|SCD&SCE' in pin attribute of cell 'sky130_fd_sc_hd__sdfrtp_2' - skipping.
Warning: Found unsupported expression 'D&!SCE|SCD&SCE' in pin attribute of cell 'sky130_fd_sc_hd__sdfrtp_4' - skipping.
Warning: Found unsupported expression 'D&!SCE|SCD&SCE' in pin attribute of cell 'sky130_fd_sc_hd__sdfsbp_1' - skipping.
Warning: Found unsupported expression 'D&!SCE|SCD&SCE' in pin attribute of cell 'sky130_fd_sc_hd__sdfsbp_2' - skipping.
Warning: Found unsupported expression 'D&!SCE|SCD&SCE' in pin attribute of cell 'sky130_fd_sc_hd__sdfstp_1' - skipping.
Warning: Found unsupported expression 'D&!SCE|SCD&SCE' in pin attribute of cell 'sky130_fd_sc_hd__sdfstp_2' - skipping.
Warning: Found unsupported expression 'D&!SCE|SCD&SCE' in pin attribute of cell 'sky130_fd_sc_hd__sdfstp_4' - skipping.
Warning: Found unsupported expression 'D&!SCE|SCD&SCE' in pin attribute of cell 'sky130_fd_sc_hd__sdfxbp_1' - skipping.
Warning: Found unsupported expression 'D&!SCE|SCD&SCE' in pin attribute of cell 'sky130_fd_sc_hd__sdfxbp_2' - skipping.
Warning: Found unsupported expression 'D&!SCE|SCD&SCE' in pin attribute of cell 'sky130_fd_sc_hd__sdfxtp_1' - skipping.
Warning: Found unsupported expression 'D&!SCE|SCD&SCE' in pin attribute of cell 'sky130_fd_sc_hd__sdfxtp_2' - skipping.
Warning: Found unsupported expression 'D&!SCE|SCD&SCE' in pin attribute of cell 'sky130_fd_sc_hd__sdfxtp_4' - skipping.
Warning: Found unsupported expression 'D&DE&!SCE|IQ&!DE&!SCE|SCD&SCE' in pin attribute of cell 'sky130_fd_sc_hd__sedfxbp_1' - skipping.
Warning: Found unsupported expression 'D&DE&!SCE|IQ&!DE&!SCE|SCD&SCE' in pin attribute of cell 'sky130_fd_sc_hd__sedfxbp_2' - skipping.
Warning: Found unsupported expression 'D&DE&!SCE|IQ&!DE&!SCE|SCD&SCE' in pin attribute of cell 'sky130_fd_sc_hd__sedfxtp_1' - skipping.
Warning: Found unsupported expression 'D&DE&!SCE|IQ&!DE&!SCE|SCD&SCE' in pin attribute of cell 'sky130_fd_sc_hd__sedfxtp_2' - skipping.
Warning: Found unsupported expression 'D&DE&!SCE|IQ&!DE&!SCE|SCD&SCE' in pin attribute of cell 'sky130_fd_sc_hd__sedfxtp_4' - skipping.
  cell sky130_fd_sc_hd__dfrtp_1 (noninv, pins=4, area=25.02) is a direct match for cell type $_DFF_PN0_.
Warning: Found unsupported expression 'D&DE|IQ&!DE' in pin attribute of cell 'sky130_fd_sc_hd__edfxbp_1' - skipping.
Warning: Found unsupported expression 'D&DE|IQ&!DE' in pin attribute of cell 'sky130_fd_sc_hd__edfxtp_1' - skipping.
Warning: Found unsupported expression 'D&!SCE|SCD&SCE' in pin attribute of cell 'sky130_fd_sc_hd__sdfbbp_1' - skipping.
Warning: Found unsupported expression 'D&!SCE|SCD&SCE' in pin attribute of cell 'sky130_fd_sc_hd__sdfrbp_1' - skipping.
Warning: Found unsupported expression 'D&!SCE|SCD&SCE' in pin attribute of cell 'sky130_fd_sc_hd__sdfrbp_2' - skipping.
Warning: Found unsupported expression 'D&!SCE|SCD&SCE' in pin attribute of cell 'sky130_fd_sc_hd__sdfrtp_1' - skipping.
Warning: Found unsupported expression 'D&!SCE|SCD&SCE' in pin attribute of cell 'sky130_fd_sc_hd__sdfrtp_2' - skipping.
Warning: Found unsupported expression 'D&!SCE|SCD&SCE' in pin attribute of cell 'sky130_fd_sc_hd__sdfrtp_4' - skipping.
Warning: Found unsupported expression 'D&!SCE|SCD&SCE' in pin attribute of cell 'sky130_fd_sc_hd__sdfsbp_1' - skipping.
Warning: Found unsupported expression 'D&!SCE|SCD&SCE' in pin attribute of cell 'sky130_fd_sc_hd__sdfsbp_2' - skipping.
Warning: Found unsupported expression 'D&!SCE|SCD&SCE' in pin attribute of cell 'sky130_fd_sc_hd__sdfstp_1' - skipping.
Warning: Found unsupported expression 'D&!SCE|SCD&SCE' in pin attribute of cell 'sky130_fd_sc_hd__sdfstp_2' - skipping.
Warning: Found unsupported expression 'D&!SCE|SCD&SCE' in pin attribute of cell 'sky130_fd_sc_hd__sdfstp_4' - skipping.
Warning: Found unsupported expression 'D&!SCE|SCD&SCE' in pin attribute of cell 'sky130_fd_sc_hd__sdfxbp_1' - skipping.
Warning: Found unsupported expression 'D&!SCE|SCD&SCE' in pin attribute of cell 'sky130_fd_sc_hd__sdfxbp_2' - skipping.
Warning: Found unsupported expression 'D&!SCE|SCD&SCE' in pin attribute of cell 'sky130_fd_sc_hd__sdfxtp_1' - skipping.
Warning: Found unsupported expression 'D&!SCE|SCD&SCE' in pin attribute of cell 'sky130_fd_sc_hd__sdfxtp_2' - skipping.
Warning: Found unsupported expression 'D&!SCE|SCD&SCE' in pin attribute of cell 'sky130_fd_sc_hd__sdfxtp_4' - skipping.
Warning: Found unsupported expression 'D&DE&!SCE|IQ&!DE&!SCE|SCD&SCE' in pin attribute of cell 'sky130_fd_sc_hd__sedfxbp_1' - skipping.
Warning: Found unsupported expression 'D&DE&!SCE|IQ&!DE&!SCE|SCD&SCE' in pin attribute of cell 'sky130_fd_sc_hd__sedfxbp_2' - skipping.
Warning: Found unsupported expression 'D&DE&!SCE|IQ&!DE&!SCE|SCD&SCE' in pin attribute of cell 'sky130_fd_sc_hd__sedfxtp_1' - skipping.
Warning: Found unsupported expression 'D&DE&!SCE|IQ&!DE&!SCE|SCD&SCE' in pin attribute of cell 'sky130_fd_sc_hd__sedfxtp_2' - skipping.
Warning: Found unsupported expression 'D&DE&!SCE|IQ&!DE&!SCE|SCD&SCE' in pin attribute of cell 'sky130_fd_sc_hd__sedfxtp_4' - skipping.
  cell sky130_fd_sc_hd__dfstp_2 (noninv, pins=4, area=26.28) is a direct match for cell type $_DFF_PN1_.
Warning: Found unsupported expression 'D&DE|IQ&!DE' in pin attribute of cell 'sky130_fd_sc_hd__edfxbp_1' - skipping.
Warning: Found unsupported expression 'D&DE|IQ&!DE' in pin attribute of cell 'sky130_fd_sc_hd__edfxtp_1' - skipping.
Warning: Found unsupported expression 'D&!SCE|SCD&SCE' in pin attribute of cell 'sky130_fd_sc_hd__sdfbbp_1' - skipping.
Warning: Found unsupported expression 'D&!SCE|SCD&SCE' in pin attribute of cell 'sky130_fd_sc_hd__sdfrbp_1' - skipping.
Warning: Found unsupported expression 'D&!SCE|SCD&SCE' in pin attribute of cell 'sky130_fd_sc_hd__sdfrbp_2' - skipping.
Warning: Found unsupported expression 'D&!SCE|SCD&SCE' in pin attribute of cell 'sky130_fd_sc_hd__sdfrtp_1' - skipping.
Warning: Found unsupported expression 'D&!SCE|SCD&SCE' in pin attribute of cell 'sky130_fd_sc_hd__sdfrtp_2' - skipping.
Warning: Found unsupported expression 'D&!SCE|SCD&SCE' in pin attribute of cell 'sky130_fd_sc_hd__sdfrtp_4' - skipping.
Warning: Found unsupported expression 'D&!SCE|SCD&SCE' in pin attribute of cell 'sky130_fd_sc_hd__sdfsbp_1' - skipping.
Warning: Found unsupported expression 'D&!SCE|SCD&SCE' in pin attribute of cell 'sky130_fd_sc_hd__sdfsbp_2' - skipping.
Warning: Found unsupported expression 'D&!SCE|SCD&SCE' in pin attribute of cell 'sky130_fd_sc_hd__sdfstp_1' - skipping.
Warning: Found unsupported expression 'D&!SCE|SCD&SCE' in pin attribute of cell 'sky130_fd_sc_hd__sdfstp_2' - skipping.
Warning: Found unsupported expression 'D&!SCE|SCD&SCE' in pin attribute of cell 'sky130_fd_sc_hd__sdfstp_4' - skipping.
Warning: Found unsupported expression 'D&!SCE|SCD&SCE' in pin attribute of cell 'sky130_fd_sc_hd__sdfxbp_1' - skipping.
Warning: Found unsupported expression 'D&!SCE|SCD&SCE' in pin attribute of cell 'sky130_fd_sc_hd__sdfxbp_2' - skipping.
Warning: Found unsupported expression 'D&!SCE|SCD&SCE' in pin attribute of cell 'sky130_fd_sc_hd__sdfxtp_1' - skipping.
Warning: Found unsupported expression 'D&!SCE|SCD&SCE' in pin attribute of cell 'sky130_fd_sc_hd__sdfxtp_2' - skipping.
Warning: Found unsupported expression 'D&!SCE|SCD&SCE' in pin attribute of cell 'sky130_fd_sc_hd__sdfxtp_4' - skipping.
Warning: Found unsupported expression 'D&DE&!SCE|IQ&!DE&!SCE|SCD&SCE' in pin attribute of cell 'sky130_fd_sc_hd__sedfxbp_1' - skipping.
Warning: Found unsupported expression 'D&DE&!SCE|IQ&!DE&!SCE|SCD&SCE' in pin attribute of cell 'sky130_fd_sc_hd__sedfxbp_2' - skipping.
Warning: Found unsupported expression 'D&DE&!SCE|IQ&!DE&!SCE|SCD&SCE' in pin attribute of cell 'sky130_fd_sc_hd__sedfxtp_1' - skipping.
Warning: Found unsupported expression 'D&DE&!SCE|IQ&!DE&!SCE|SCD&SCE' in pin attribute of cell 'sky130_fd_sc_hd__sedfxtp_2' - skipping.
Warning: Found unsupported expression 'D&DE&!SCE|IQ&!DE&!SCE|SCD&SCE' in pin attribute of cell 'sky130_fd_sc_hd__sedfxtp_4' - skipping.
Warning: Found unsupported expression 'D&DE|IQ&!DE' in pin attribute of cell 'sky130_fd_sc_hd__edfxbp_1' - skipping.
Warning: Found unsupported expression 'D&DE|IQ&!DE' in pin attribute of cell 'sky130_fd_sc_hd__edfxtp_1' - skipping.
Warning: Found unsupported expression 'D&!SCE|SCD&SCE' in pin attribute of cell 'sky130_fd_sc_hd__sdfbbp_1' - skipping.
Warning: Found unsupported expression 'D&!SCE|SCD&SCE' in pin attribute of cell 'sky130_fd_sc_hd__sdfrbp_1' - skipping.
Warning: Found unsupported expression 'D&!SCE|SCD&SCE' in pin attribute of cell 'sky130_fd_sc_hd__sdfrbp_2' - skipping.
Warning: Found unsupported expression 'D&!SCE|SCD&SCE' in pin attribute of cell 'sky130_fd_sc_hd__sdfrtp_1' - skipping.
Warning: Found unsupported expression 'D&!SCE|SCD&SCE' in pin attribute of cell 'sky130_fd_sc_hd__sdfrtp_2' - skipping.
Warning: Found unsupported expression 'D&!SCE|SCD&SCE' in pin attribute of cell 'sky130_fd_sc_hd__sdfrtp_4' - skipping.
Warning: Found unsupported expression 'D&!SCE|SCD&SCE' in pin attribute of cell 'sky130_fd_sc_hd__sdfsbp_1' - skipping.
Warning: Found unsupported expression 'D&!SCE|SCD&SCE' in pin attribute of cell 'sky130_fd_sc_hd__sdfsbp_2' - skipping.
Warning: Found unsupported expression 'D&!SCE|SCD&SCE' in pin attribute of cell 'sky130_fd_sc_hd__sdfstp_1' - skipping.
Warning: Found unsupported expression 'D&!SCE|SCD&SCE' in pin attribute of cell 'sky130_fd_sc_hd__sdfstp_2' - skipping.
Warning: Found unsupported expression 'D&!SCE|SCD&SCE' in pin attribute of cell 'sky130_fd_sc_hd__sdfstp_4' - skipping.
Warning: Found unsupported expression 'D&!SCE|SCD&SCE' in pin attribute of cell 'sky130_fd_sc_hd__sdfxbp_1' - skipping.
Warning: Found unsupported expression 'D&!SCE|SCD&SCE' in pin attribute of cell 'sky130_fd_sc_hd__sdfxbp_2' - skipping.
Warning: Found unsupported expression 'D&!SCE|SCD&SCE' in pin attribute of cell 'sky130_fd_sc_hd__sdfxtp_1' - skipping.
Warning: Found unsupported expression 'D&!SCE|SCD&SCE' in pin attribute of cell 'sky130_fd_sc_hd__sdfxtp_2' - skipping.
Warning: Found unsupported expression 'D&!SCE|SCD&SCE' in pin attribute of cell 'sky130_fd_sc_hd__sdfxtp_4' - skipping.
Warning: Found unsupported expression 'D&DE&!SCE|IQ&!DE&!SCE|SCD&SCE' in pin attribute of cell 'sky130_fd_sc_hd__sedfxbp_1' - skipping.
Warning: Found unsupported expression 'D&DE&!SCE|IQ&!DE&!SCE|SCD&SCE' in pin attribute of cell 'sky130_fd_sc_hd__sedfxbp_2' - skipping.
Warning: Found unsupported expression 'D&DE&!SCE|IQ&!DE&!SCE|SCD&SCE' in pin attribute of cell 'sky130_fd_sc_hd__sedfxtp_1' - skipping.
Warning: Found unsupported expression 'D&DE&!SCE|IQ&!DE&!SCE|SCD&SCE' in pin attribute of cell 'sky130_fd_sc_hd__sedfxtp_2' - skipping.
Warning: Found unsupported expression 'D&DE&!SCE|IQ&!DE&!SCE|SCD&SCE' in pin attribute of cell 'sky130_fd_sc_hd__sedfxtp_4' - skipping.
Warning: Found unsupported expression 'D&!SCE|SCD&SCE' in pin attribute of cell 'sky130_fd_sc_hd__sdfbbn_1' - skipping.
Warning: Found unsupported expression 'D&!SCE|SCD&SCE' in pin attribute of cell 'sky130_fd_sc_hd__sdfbbn_2' - skipping.
Warning: Found unsupported expression 'D&!SCE|SCD&SCE' in pin attribute of cell 'sky130_fd_sc_hd__sdfrtn_1' - skipping.
  cell sky130_fd_sc_hd__dfbbn_1 (noninv, pins=6, area=32.53) is a direct match for cell type $_DFFSR_NNN_.
Warning: Found unsupported expression 'D&!SCE|SCD&SCE' in pin attribute of cell 'sky130_fd_sc_hd__sdfbbn_1' - skipping.
Warning: Found unsupported expression 'D&!SCE|SCD&SCE' in pin attribute of cell 'sky130_fd_sc_hd__sdfbbn_2' - skipping.
Warning: Found unsupported expression 'D&!SCE|SCD&SCE' in pin attribute of cell 'sky130_fd_sc_hd__sdfrtn_1' - skipping.
Warning: Found unsupported expression 'D&!SCE|SCD&SCE' in pin attribute of cell 'sky130_fd_sc_hd__sdfbbn_1' - skipping.
Warning: Found unsupported expression 'D&!SCE|SCD&SCE' in pin attribute of cell 'sky130_fd_sc_hd__sdfbbn_2' - skipping.
Warning: Found unsupported expression 'D&!SCE|SCD&SCE' in pin attribute of cell 'sky130_fd_sc_hd__sdfrtn_1' - skipping.
Warning: Found unsupported expression 'D&!SCE|SCD&SCE' in pin attribute of cell 'sky130_fd_sc_hd__sdfbbn_1' - skipping.
Warning: Found unsupported expression 'D&!SCE|SCD&SCE' in pin attribute of cell 'sky130_fd_sc_hd__sdfbbn_2' - skipping.
Warning: Found unsupported expression 'D&!SCE|SCD&SCE' in pin attribute of cell 'sky130_fd_sc_hd__sdfrtn_1' - skipping.
Warning: Found unsupported expression 'D&DE|IQ&!DE' in pin attribute of cell 'sky130_fd_sc_hd__edfxbp_1' - skipping.
Warning: Found unsupported expression 'D&DE|IQ&!DE' in pin attribute of cell 'sky130_fd_sc_hd__edfxtp_1' - skipping.
Warning: Found unsupported expression 'D&!SCE|SCD&SCE' in pin attribute of cell 'sky130_fd_sc_hd__sdfbbp_1' - skipping.
Warning: Found unsupported expression 'D&!SCE|SCD&SCE' in pin attribute of cell 'sky130_fd_sc_hd__sdfrbp_1' - skipping.
Warning: Found unsupported expression 'D&!SCE|SCD&SCE' in pin attribute of cell 'sky130_fd_sc_hd__sdfrbp_2' - skipping.
Warning: Found unsupported expression 'D&!SCE|SCD&SCE' in pin attribute of cell 'sky130_fd_sc_hd__sdfrtp_1' - skipping.
Warning: Found unsupported expression 'D&!SCE|SCD&SCE' in pin attribute of cell 'sky130_fd_sc_hd__sdfrtp_2' - skipping.
Warning: Found unsupported expression 'D&!SCE|SCD&SCE' in pin attribute of cell 'sky130_fd_sc_hd__sdfrtp_4' - skipping.
Warning: Found unsupported expression 'D&!SCE|SCD&SCE' in pin attribute of cell 'sky130_fd_sc_hd__sdfsbp_1' - skipping.
Warning: Found unsupported expression 'D&!SCE|SCD&SCE' in pin attribute of cell 'sky130_fd_sc_hd__sdfsbp_2' - skipping.
Warning: Found unsupported expression 'D&!SCE|SCD&SCE' in pin attribute of cell 'sky130_fd_sc_hd__sdfstp_1' - skipping.
Warning: Found unsupported expression 'D&!SCE|SCD&SCE' in pin attribute of cell 'sky130_fd_sc_hd__sdfstp_2' - skipping.
Warning: Found unsupported expression 'D&!SCE|SCD&SCE' in pin attribute of cell 'sky130_fd_sc_hd__sdfstp_4' - skipping.
Warning: Found unsupported expression 'D&!SCE|SCD&SCE' in pin attribute of cell 'sky130_fd_sc_hd__sdfxbp_1' - skipping.
Warning: Found unsupported expression 'D&!SCE|SCD&SCE' in pin attribute of cell 'sky130_fd_sc_hd__sdfxbp_2' - skipping.
Warning: Found unsupported expression 'D&!SCE|SCD&SCE' in pin attribute of cell 'sky130_fd_sc_hd__sdfxtp_1' - skipping.
Warning: Found unsupported expression 'D&!SCE|SCD&SCE' in pin attribute of cell 'sky130_fd_sc_hd__sdfxtp_2' - skipping.
Warning: Found unsupported expression 'D&!SCE|SCD&SCE' in pin attribute of cell 'sky130_fd_sc_hd__sdfxtp_4' - skipping.
Warning: Found unsupported expression 'D&DE&!SCE|IQ&!DE&!SCE|SCD&SCE' in pin attribute of cell 'sky130_fd_sc_hd__sedfxbp_1' - skipping.
Warning: Found unsupported expression 'D&DE&!SCE|IQ&!DE&!SCE|SCD&SCE' in pin attribute of cell 'sky130_fd_sc_hd__sedfxbp_2' - skipping.
Warning: Found unsupported expression 'D&DE&!SCE|IQ&!DE&!SCE|SCD&SCE' in pin attribute of cell 'sky130_fd_sc_hd__sedfxtp_1' - skipping.
Warning: Found unsupported expression 'D&DE&!SCE|IQ&!DE&!SCE|SCD&SCE' in pin attribute of cell 'sky130_fd_sc_hd__sedfxtp_2' - skipping.
Warning: Found unsupported expression 'D&DE&!SCE|IQ&!DE&!SCE|SCD&SCE' in pin attribute of cell 'sky130_fd_sc_hd__sedfxtp_4' - skipping.
  cell sky130_fd_sc_hd__dfbbp_1 (noninv, pins=6, area=32.53) is a direct match for cell type $_DFFSR_PNN_.
Warning: Found unsupported expression 'D&DE|IQ&!DE' in pin attribute of cell 'sky130_fd_sc_hd__edfxbp_1' - skipping.
Warning: Found unsupported expression 'D&DE|IQ&!DE' in pin attribute of cell 'sky130_fd_sc_hd__edfxtp_1' - skipping.
Warning: Found unsupported expression 'D&!SCE|SCD&SCE' in pin attribute of cell 'sky130_fd_sc_hd__sdfbbp_1' - skipping.
Warning: Found unsupported expression 'D&!SCE|SCD&SCE' in pin attribute of cell 'sky130_fd_sc_hd__sdfrbp_1' - skipping.
Warning: Found unsupported expression 'D&!SCE|SCD&SCE' in pin attribute of cell 'sky130_fd_sc_hd__sdfrbp_2' - skipping.
Warning: Found unsupported expression 'D&!SCE|SCD&SCE' in pin attribute of cell 'sky130_fd_sc_hd__sdfrtp_1' - skipping.
Warning: Found unsupported expression 'D&!SCE|SCD&SCE' in pin attribute of cell 'sky130_fd_sc_hd__sdfrtp_2' - skipping.
Warning: Found unsupported expression 'D&!SCE|SCD&SCE' in pin attribute of cell 'sky130_fd_sc_hd__sdfrtp_4' - skipping.
Warning: Found unsupported expression 'D&!SCE|SCD&SCE' in pin attribute of cell 'sky130_fd_sc_hd__sdfsbp_1' - skipping.
Warning: Found unsupported expression 'D&!SCE|SCD&SCE' in pin attribute of cell 'sky130_fd_sc_hd__sdfsbp_2' - skipping.
Warning: Found unsupported expression 'D&!SCE|SCD&SCE' in pin attribute of cell 'sky130_fd_sc_hd__sdfstp_1' - skipping.
Warning: Found unsupported expression 'D&!SCE|SCD&SCE' in pin attribute of cell 'sky130_fd_sc_hd__sdfstp_2' - skipping.
Warning: Found unsupported expression 'D&!SCE|SCD&SCE' in pin attribute of cell 'sky130_fd_sc_hd__sdfstp_4' - skipping.
Warning: Found unsupported expression 'D&!SCE|SCD&SCE' in pin attribute of cell 'sky130_fd_sc_hd__sdfxbp_1' - skipping.
Warning: Found unsupported expression 'D&!SCE|SCD&SCE' in pin attribute of cell 'sky130_fd_sc_hd__sdfxbp_2' - skipping.
Warning: Found unsupported expression 'D&!SCE|SCD&SCE' in pin attribute of cell 'sky130_fd_sc_hd__sdfxtp_1' - skipping.
Warning: Found unsupported expression 'D&!SCE|SCD&SCE' in pin attribute of cell 'sky130_fd_sc_hd__sdfxtp_2' - skipping.
Warning: Found unsupported expression 'D&!SCE|SCD&SCE' in pin attribute of cell 'sky130_fd_sc_hd__sdfxtp_4' - skipping.
Warning: Found unsupported expression 'D&DE&!SCE|IQ&!DE&!SCE|SCD&SCE' in pin attribute of cell 'sky130_fd_sc_hd__sedfxbp_1' - skipping.
Warning: Found unsupported expression 'D&DE&!SCE|IQ&!DE&!SCE|SCD&SCE' in pin attribute of cell 'sky130_fd_sc_hd__sedfxbp_2' - skipping.
Warning: Found unsupported expression 'D&DE&!SCE|IQ&!DE&!SCE|SCD&SCE' in pin attribute of cell 'sky130_fd_sc_hd__sedfxtp_1' - skipping.
Warning: Found unsupported expression 'D&DE&!SCE|IQ&!DE&!SCE|SCD&SCE' in pin attribute of cell 'sky130_fd_sc_hd__sedfxtp_2' - skipping.
Warning: Found unsupported expression 'D&DE&!SCE|IQ&!DE&!SCE|SCD&SCE' in pin attribute of cell 'sky130_fd_sc_hd__sedfxtp_4' - skipping.
Warning: Found unsupported expression 'D&DE|IQ&!DE' in pin attribute of cell 'sky130_fd_sc_hd__edfxbp_1' - skipping.
Warning: Found unsupported expression 'D&DE|IQ&!DE' in pin attribute of cell 'sky130_fd_sc_hd__edfxtp_1' - skipping.
Warning: Found unsupported expression 'D&!SCE|SCD&SCE' in pin attribute of cell 'sky130_fd_sc_hd__sdfbbp_1' - skipping.
Warning: Found unsupported expression 'D&!SCE|SCD&SCE' in pin attribute of cell 'sky130_fd_sc_hd__sdfrbp_1' - skipping.
Warning: Found unsupported expression 'D&!SCE|SCD&SCE' in pin attribute of cell 'sky130_fd_sc_hd__sdfrbp_2' - skipping.
Warning: Found unsupported expression 'D&!SCE|SCD&SCE' in pin attribute of cell 'sky130_fd_sc_hd__sdfrtp_1' - skipping.
Warning: Found unsupported expression 'D&!SCE|SCD&SCE' in pin attribute of cell 'sky130_fd_sc_hd__sdfrtp_2' - skipping.
Warning: Found unsupported expression 'D&!SCE|SCD&SCE' in pin attribute of cell 'sky130_fd_sc_hd__sdfrtp_4' - skipping.
Warning: Found unsupported expression 'D&!SCE|SCD&SCE' in pin attribute of cell 'sky130_fd_sc_hd__sdfsbp_1' - skipping.
Warning: Found unsupported expression 'D&!SCE|SCD&SCE' in pin attribute of cell 'sky130_fd_sc_hd__sdfsbp_2' - skipping.
Warning: Found unsupported expression 'D&!SCE|SCD&SCE' in pin attribute of cell 'sky130_fd_sc_hd__sdfstp_1' - skipping.
Warning: Found unsupported expression 'D&!SCE|SCD&SCE' in pin attribute of cell 'sky130_fd_sc_hd__sdfstp_2' - skipping.
Warning: Found unsupported expression 'D&!SCE|SCD&SCE' in pin attribute of cell 'sky130_fd_sc_hd__sdfstp_4' - skipping.
Warning: Found unsupported expression 'D&!SCE|SCD&SCE' in pin attribute of cell 'sky130_fd_sc_hd__sdfxbp_1' - skipping.
Warning: Found unsupported expression 'D&!SCE|SCD&SCE' in pin attribute of cell 'sky130_fd_sc_hd__sdfxbp_2' - skipping.
Warning: Found unsupported expression 'D&!SCE|SCD&SCE' in pin attribute of cell 'sky130_fd_sc_hd__sdfxtp_1' - skipping.
Warning: Found unsupported expression 'D&!SCE|SCD&SCE' in pin attribute of cell 'sky130_fd_sc_hd__sdfxtp_2' - skipping.
Warning: Found unsupported expression 'D&!SCE|SCD&SCE' in pin attribute of cell 'sky130_fd_sc_hd__sdfxtp_4' - skipping.
Warning: Found unsupported expression 'D&DE&!SCE|IQ&!DE&!SCE|SCD&SCE' in pin attribute of cell 'sky130_fd_sc_hd__sedfxbp_1' - skipping.
Warning: Found unsupported expression 'D&DE&!SCE|IQ&!DE&!SCE|SCD&SCE' in pin attribute of cell 'sky130_fd_sc_hd__sedfxbp_2' - skipping.
Warning: Found unsupported expression 'D&DE&!SCE|IQ&!DE&!SCE|SCD&SCE' in pin attribute of cell 'sky130_fd_sc_hd__sedfxtp_1' - skipping.
Warning: Found unsupported expression 'D&DE&!SCE|IQ&!DE&!SCE|SCD&SCE' in pin attribute of cell 'sky130_fd_sc_hd__sedfxtp_2' - skipping.
Warning: Found unsupported expression 'D&DE&!SCE|IQ&!DE&!SCE|SCD&SCE' in pin attribute of cell 'sky130_fd_sc_hd__sedfxtp_4' - skipping.
Warning: Found unsupported expression 'D&DE|IQ&!DE' in pin attribute of cell 'sky130_fd_sc_hd__edfxbp_1' - skipping.
Warning: Found unsupported expression 'D&DE|IQ&!DE' in pin attribute of cell 'sky130_fd_sc_hd__edfxtp_1' - skipping.
Warning: Found unsupported expression 'D&!SCE|SCD&SCE' in pin attribute of cell 'sky130_fd_sc_hd__sdfbbp_1' - skipping.
Warning: Found unsupported expression 'D&!SCE|SCD&SCE' in pin attribute of cell 'sky130_fd_sc_hd__sdfrbp_1' - skipping.
Warning: Found unsupported expression 'D&!SCE|SCD&SCE' in pin attribute of cell 'sky130_fd_sc_hd__sdfrbp_2' - skipping.
Warning: Found unsupported expression 'D&!SCE|SCD&SCE' in pin attribute of cell 'sky130_fd_sc_hd__sdfrtp_1' - skipping.
Warning: Found unsupported expression 'D&!SCE|SCD&SCE' in pin attribute of cell 'sky130_fd_sc_hd__sdfrtp_2' - skipping.
Warning: Found unsupported expression 'D&!SCE|SCD&SCE' in pin attribute of cell 'sky130_fd_sc_hd__sdfrtp_4' - skipping.
Warning: Found unsupported expression 'D&!SCE|SCD&SCE' in pin attribute of cell 'sky130_fd_sc_hd__sdfsbp_1' - skipping.
Warning: Found unsupported expression 'D&!SCE|SCD&SCE' in pin attribute of cell 'sky130_fd_sc_hd__sdfsbp_2' - skipping.
Warning: Found unsupported expression 'D&!SCE|SCD&SCE' in pin attribute of cell 'sky130_fd_sc_hd__sdfstp_1' - skipping.
Warning: Found unsupported expression 'D&!SCE|SCD&SCE' in pin attribute of cell 'sky130_fd_sc_hd__sdfstp_2' - skipping.
Warning: Found unsupported expression 'D&!SCE|SCD&SCE' in pin attribute of cell 'sky130_fd_sc_hd__sdfstp_4' - skipping.
Warning: Found unsupported expression 'D&!SCE|SCD&SCE' in pin attribute of cell 'sky130_fd_sc_hd__sdfxbp_1' - skipping.
Warning: Found unsupported expression 'D&!SCE|SCD&SCE' in pin attribute of cell 'sky130_fd_sc_hd__sdfxbp_2' - skipping.
Warning: Found unsupported expression 'D&!SCE|SCD&SCE' in pin attribute of cell 'sky130_fd_sc_hd__sdfxtp_1' - skipping.
Warning: Found unsupported expression 'D&!SCE|SCD&SCE' in pin attribute of cell 'sky130_fd_sc_hd__sdfxtp_2' - skipping.
Warning: Found unsupported expression 'D&!SCE|SCD&SCE' in pin attribute of cell 'sky130_fd_sc_hd__sdfxtp_4' - skipping.
Warning: Found unsupported expression 'D&DE&!SCE|IQ&!DE&!SCE|SCD&SCE' in pin attribute of cell 'sky130_fd_sc_hd__sedfxbp_1' - skipping.
Warning: Found unsupported expression 'D&DE&!SCE|IQ&!DE&!SCE|SCD&SCE' in pin attribute of cell 'sky130_fd_sc_hd__sedfxbp_2' - skipping.
Warning: Found unsupported expression 'D&DE&!SCE|IQ&!DE&!SCE|SCD&SCE' in pin attribute of cell 'sky130_fd_sc_hd__sedfxtp_1' - skipping.
Warning: Found unsupported expression 'D&DE&!SCE|IQ&!DE&!SCE|SCD&SCE' in pin attribute of cell 'sky130_fd_sc_hd__sedfxtp_2' - skipping.
Warning: Found unsupported expression 'D&DE&!SCE|IQ&!DE&!SCE|SCD&SCE' in pin attribute of cell 'sky130_fd_sc_hd__sedfxtp_4' - skipping.
  final dff cell mappings:
    unmapped dff cell: $_DFF_N_
    \sky130_fd_sc_hd__dfxtp_1 _DFF_P_ (.CLK( C), .D( D), .Q( Q));
    \sky130_fd_sc_hd__dfrtn_1 _DFF_NN0_ (.CLK_N( C), .D( D), .Q( Q), .RESET_B( R));
    unmapped dff cell: $_DFF_NN1_
    unmapped dff cell: $_DFF_NP0_
    unmapped dff cell: $_DFF_NP1_
    \sky130_fd_sc_hd__dfrtp_1 _DFF_PN0_ (.CLK( C), .D( D), .Q( Q), .RESET_B( R));
    \sky130_fd_sc_hd__dfstp_2 _DFF_PN1_ (.CLK( C), .D( D), .Q( Q), .SET_B( R));
    unmapped dff cell: $_DFF_PP0_
    unmapped dff cell: $_DFF_PP1_
    \sky130_fd_sc_hd__dfbbn_1 _DFFSR_NNN_ (.CLK_N( C), .D( D), .Q( Q), .Q_N(~Q), .RESET_B( R), .SET_B( S));
    unmapped dff cell: $_DFFSR_NNP_
    unmapped dff cell: $_DFFSR_NPN_
    unmapped dff cell: $_DFFSR_NPP_
    \sky130_fd_sc_hd__dfbbp_1 _DFFSR_PNN_ (.CLK( C), .D( D), .Q( Q), .Q_N(~Q), .RESET_B( R), .SET_B( S));
    unmapped dff cell: $_DFFSR_PNP_
    unmapped dff cell: $_DFFSR_PPN_
    unmapped dff cell: $_DFFSR_PPP_

42.1. Executing DFFLEGALIZE pass (convert FFs to types supported by the target).
Mapping DFF cells in module `\scratchpad_ctrl':
  mapped 66 $_DFF_P_ cells to \sky130_fd_sc_hd__dfxtp_1 cells.

43. Executing ABC pass (technology mapping using ABC).

43.1. Extracting gate netlist of module `\scratchpad_ctrl' to `<abc-temp-dir>/input.blif'..
Replacing 470 occurrences of constant undef bits with constant zero bits
Extracted 855 gates and 1078 wires to a netlist network with 220 inputs and 222 outputs.

43.1.1. Executing ABC.
Running ABC command: "/nix/store/6l3aj1gi4lja8z5s4lan2k2cfz9mqkrz-yosys-abc/bin/abc" -s -f <abc-temp-dir>/abc.script 2>&1
ABC: ABC command line: "source <abc-temp-dir>/abc.script".
ABC: 
ABC: + read_blif <abc-temp-dir>/input.blif 
ABC: + read_lib -w /home/david/.volare/volare/sky130/versions/0fe599b2afb6708d281543108caf8310912f54af/sky130A/libs.ref/sky130_fd_sc_hd/lib/sky130_fd_sc_hd__tt_025C_1v80.lib 
ABC: Parsing finished successfully.  Parsing time =     0.07 sec
ABC: Scl_LibertyReadGenlib() skipped cell "sky130_fd_sc_hd__decap_12" without logic function.
ABC: Scl_LibertyReadGenlib() skipped cell "sky130_fd_sc_hd__decap_3" without logic function.
ABC: Scl_LibertyReadGenlib() skipped cell "sky130_fd_sc_hd__decap_4" without logic function.
ABC: Scl_LibertyReadGenlib() skipped cell "sky130_fd_sc_hd__decap_6" without logic function.
ABC: Scl_LibertyReadGenlib() skipped cell "sky130_fd_sc_hd__decap_8" without logic function.
ABC: Scl_LibertyReadGenlib() skipped sequential cell "sky130_fd_sc_hd__dfbbn_1".
ABC: Scl_LibertyReadGenlib() skipped sequential cell "sky130_fd_sc_hd__dfbbn_2".
ABC: Scl_LibertyReadGenlib() skipped sequential cell "sky130_fd_sc_hd__dfbbp_1".
ABC: Scl_LibertyReadGenlib() skipped sequential cell "sky130_fd_sc_hd__dfrbp_1".
ABC: Scl_LibertyReadGenlib() skipped sequential cell "sky130_fd_sc_hd__dfrbp_2".
ABC: Scl_LibertyReadGenlib() skipped sequential cell "sky130_fd_sc_hd__dfrtn_1".
ABC: Scl_LibertyReadGenlib() skipped sequential cell "sky130_fd_sc_hd__dfrtp_1".
ABC: Scl_LibertyReadGenlib() skipped sequential cell "sky130_fd_sc_hd__dfrtp_2".
ABC: Scl_LibertyReadGenlib() skipped sequential cell "sky130_fd_sc_hd__dfrtp_4".
ABC: Scl_LibertyReadGenlib() skipped sequential cell "sky130_fd_sc_hd__dfsbp_1".
ABC: Scl_LibertyReadGenlib() skipped sequential cell "sky130_fd_sc_hd__dfsbp_2".
ABC: Scl_LibertyReadGenlib() skipped sequential cell "sky130_fd_sc_hd__dfstp_1".
ABC: Scl_LibertyReadGenlib() skipped sequential cell "sky130_fd_sc_hd__dfstp_2".
ABC: Scl_LibertyReadGenlib() skipped sequential cell "sky130_fd_sc_hd__dfstp_4".
ABC: Scl_LibertyReadGenlib() skipped sequential cell "sky130_fd_sc_hd__dfxbp_1".
ABC: Scl_LibertyReadGenlib() skipped sequential cell "sky130_fd_sc_hd__dfxbp_2".
ABC: Scl_LibertyReadGenlib() skipped sequential cell "sky130_fd_sc_hd__dfxtp_1".
ABC: Scl_LibertyReadGenlib() skipped sequential cell "sky130_fd_sc_hd__dfxtp_2".
ABC: Scl_LibertyReadGenlib() skipped sequential cell "sky130_fd_sc_hd__dfxtp_4".
ABC: Scl_LibertyReadGenlib() skipped cell "sky130_fd_sc_hd__diode_2" without logic function.
ABC: Scl_LibertyReadGenlib() skipped cell "sky130_fd_sc_hd__dlclkp_1" without logic function.
ABC: Scl_LibertyReadGenlib() skipped cell "sky130_fd_sc_hd__dlclkp_2" without logic function.
ABC: Scl_LibertyReadGenlib() skipped cell "sky130_fd_sc_hd__dlclkp_4" without logic function.
ABC: Scl_LibertyReadGenlib() skipped sequential cell "sky130_fd_sc_hd__dlrbn_1".
ABC: Scl_LibertyReadGenlib() skipped sequential cell "sky130_fd_sc_hd__dlrbn_2".
ABC: Scl_LibertyReadGenlib() skipped sequential cell "sky130_fd_sc_hd__dlrbp_1".
ABC: Scl_LibertyReadGenlib() skipped sequential cell "sky130_fd_sc_hd__dlrbp_2".
ABC: Scl_LibertyReadGenlib() skipped sequential cell "sky130_fd_sc_hd__dlrtn_1".
ABC: Scl_LibertyReadGenlib() skipped sequential cell "sky130_fd_sc_hd__dlrtn_2".
ABC: Scl_LibertyReadGenlib() skipped sequential cell "sky130_fd_sc_hd__dlrtn_4".
ABC: Scl_LibertyReadGenlib() skipped sequential cell "sky130_fd_sc_hd__dlrtp_1".
ABC: Scl_LibertyReadGenlib() skipped sequential cell "sky130_fd_sc_hd__dlrtp_2".
ABC: Scl_LibertyReadGenlib() skipped sequential cell "sky130_fd_sc_hd__dlrtp_4".
ABC: Scl_LibertyReadGenlib() skipped sequential cell "sky130_fd_sc_hd__dlxbn_1".
ABC: Scl_LibertyReadGenlib() skipped sequential cell "sky130_fd_sc_hd__dlxbn_2".
ABC: Scl_LibertyReadGenlib() skipped sequential cell "sky130_fd_sc_hd__dlxbp_1".
ABC: Scl_LibertyReadGenlib() skipped sequential cell "sky130_fd_sc_hd__dlxtn_1".
ABC: Scl_LibertyReadGenlib() skipped sequential cell "sky130_fd_sc_hd__dlxtn_2".
ABC: Scl_LibertyReadGenlib() skipped sequential cell "sky130_fd_sc_hd__dlxtn_4".
ABC: Scl_LibertyReadGenlib() skipped sequential cell "sky130_fd_sc_hd__dlxtp_1".
ABC: Scl_LibertyReadGenlib() skipped three-state cell "sky130_fd_sc_hd__ebufn_1".
ABC: Scl_LibertyReadGenlib() skipped three-state cell "sky130_fd_sc_hd__ebufn_2".
ABC: Scl_LibertyReadGenlib() skipped three-state cell "sky130_fd_sc_hd__ebufn_4".
ABC: Scl_LibertyReadGenlib() skipped three-state cell "sky130_fd_sc_hd__ebufn_8".
ABC: Scl_LibertyReadGenlib() skipped sequential cell "sky130_fd_sc_hd__edfxbp_1".
ABC: Scl_LibertyReadGenlib() skipped sequential cell "sky130_fd_sc_hd__edfxtp_1".
ABC: Scl_LibertyReadGenlib() skipped three-state cell "sky130_fd_sc_hd__einvn_0".
ABC: Scl_LibertyReadGenlib() skipped three-state cell "sky130_fd_sc_hd__einvn_1".
ABC: Scl_LibertyReadGenlib() skipped three-state cell "sky130_fd_sc_hd__einvn_2".
ABC: Scl_LibertyReadGenlib() skipped three-state cell "sky130_fd_sc_hd__einvn_4".
ABC: Scl_LibertyReadGenlib() skipped three-state cell "sky130_fd_sc_hd__einvn_8".
ABC: Scl_LibertyReadGenlib() skipped three-state cell "sky130_fd_sc_hd__einvp_1".
ABC: Scl_LibertyReadGenlib() skipped three-state cell "sky130_fd_sc_hd__einvp_2".
ABC: Scl_LibertyReadGenlib() skipped three-state cell "sky130_fd_sc_hd__einvp_4".
ABC: Scl_LibertyReadGenlib() skipped three-state cell "sky130_fd_sc_hd__einvp_8".
ABC: Scl_LibertyReadGenlib() skipped cell "sky130_fd_sc_hd__lpflow_bleeder_1" without logic function.
ABC: Scl_LibertyReadGenlib() skipped cell "sky130_fd_sc_hd__lpflow_decapkapwr_12" without logic function.
ABC: Scl_LibertyReadGenlib() skipped cell "sky130_fd_sc_hd__lpflow_decapkapwr_3" without logic function.
ABC: Scl_LibertyReadGenlib() skipped cell "sky130_fd_sc_hd__lpflow_decapkapwr_4" without logic function.
ABC: Scl_LibertyReadGenlib() skipped cell "sky130_fd_sc_hd__lpflow_decapkapwr_6" without logic function.
ABC: Scl_LibertyReadGenlib() skipped cell "sky130_fd_sc_hd__lpflow_decapkapwr_8" without logic function.
ABC: Scl_LibertyReadGenlib() skipped sequential cell "sky130_fd_sc_hd__lpflow_inputisolatch_1".
ABC: Scl_LibertyReadGenlib() skipped sequential cell "sky130_fd_sc_hd__sdfbbn_1".
ABC: Scl_LibertyReadGenlib() skipped sequential cell "sky130_fd_sc_hd__sdfbbn_2".
ABC: Scl_LibertyReadGenlib() skipped sequential cell "sky130_fd_sc_hd__sdfbbp_1".
ABC: Scl_LibertyReadGenlib() skipped sequential cell "sky130_fd_sc_hd__sdfrbp_1".
ABC: Scl_LibertyReadGenlib() skipped sequential cell "sky130_fd_sc_hd__sdfrbp_2".
ABC: Scl_LibertyReadGenlib() skipped sequential cell "sky130_fd_sc_hd__sdfrtn_1".
ABC: Scl_LibertyReadGenlib() skipped sequential cell "sky130_fd_sc_hd__sdfrtp_1".
ABC: Scl_LibertyReadGenlib() skipped sequential cell "sky130_fd_sc_hd__sdfrtp_2".
ABC: Scl_LibertyReadGenlib() skipped sequential cell "sky130_fd_sc_hd__sdfrtp_4".
ABC: Scl_LibertyReadGenlib() skipped sequential cell "sky130_fd_sc_hd__sdfsbp_1".
ABC: Scl_LibertyReadGenlib() skipped sequential cell "sky130_fd_sc_hd__sdfsbp_2".
ABC: Scl_LibertyReadGenlib() skipped sequential cell "sky130_fd_sc_hd__sdfstp_1".
ABC: Scl_LibertyReadGenlib() skipped sequential cell "sky130_fd_sc_hd__sdfstp_2".
ABC: Scl_LibertyReadGenlib() skipped sequential cell "sky130_fd_sc_hd__sdfstp_4".
ABC: Scl_LibertyReadGenlib() skipped sequential cell "sky130_fd_sc_hd__sdfxbp_1".
ABC: Scl_LibertyReadGenlib() skipped sequential cell "sky130_fd_sc_hd__sdfxbp_2".
ABC: Scl_LibertyReadGenlib() skipped sequential cell "sky130_fd_sc_hd__sdfxtp_1".
ABC: Scl_LibertyReadGenlib() skipped sequential cell "sky130_fd_sc_hd__sdfxtp_2".
ABC: Scl_LibertyReadGenlib() skipped sequential cell "sky130_fd_sc_hd__sdfxtp_4".
ABC: Scl_LibertyReadGenlib() skipped cell "sky130_fd_sc_hd__sdlclkp_1" without logic function.
ABC: Scl_LibertyReadGenlib() skipped cell "sky130_fd_sc_hd__sdlclkp_2" without logic function.
ABC: Scl_LibertyReadGenlib() skipped cell "sky130_fd_sc_hd__sdlclkp_4" without logic function.
ABC: Scl_LibertyReadGenlib() skipped sequential cell "sky130_fd_sc_hd__sedfxbp_1".
ABC: Scl_LibertyReadGenlib() skipped sequential cell "sky130_fd_sc_hd__sedfxbp_2".
ABC: Scl_LibertyReadGenlib() skipped sequential cell "sky130_fd_sc_hd__sedfxtp_1".
ABC: Scl_LibertyReadGenlib() skipped sequential cell "sky130_fd_sc_hd__sedfxtp_2".
ABC: Scl_LibertyReadGenlib() skipped sequential cell "sky130_fd_sc_hd__sedfxtp_4".
ABC: Library "sky130_fd_sc_hd__tt_025C_1v80" from "/home/david/.volare/volare/sky130/versions/0fe599b2afb6708d281543108caf8310912f54af/sky130A/libs.ref/sky130_fd_sc_hd/lib/sky130_fd_sc_hd__tt_025C_1v80.lib" has 334 cells (94 skipped: 63 seq; 13 tri-state; 18 no func; 0 dont_use).  Time =     0.11 sec
ABC: Memory =   19.85 MB. Time =     0.11 sec
ABC: Warning: Detected 9 multi-output gates (for example, "sky130_fd_sc_hd__fa_1").
ABC: + strash 
ABC: + scorr 
ABC: Warning: The network is combinational (run "fraig" or "fraig_sweep").
ABC: + ifraig 
ABC: + retime 
ABC: + strash 
ABC: + dch -f 
ABC: + map -M 1 
ABC: + write_blif <abc-temp-dir>/output.blif 

43.1.2. Re-integrating ABC results.
ABC RESULTS:   sky130_fd_sc_hd__and2b_2 cells:        1
ABC RESULTS:   sky130_fd_sc_hd__nor3b_1 cells:        1
ABC RESULTS:   sky130_fd_sc_hd__nand3b_1 cells:        1
ABC RESULTS:   sky130_fd_sc_hd__o2bb2ai_1 cells:        1
ABC RESULTS:   sky130_fd_sc_hd__a2bb2oi_1 cells:        1
ABC RESULTS:   sky130_fd_sc_hd__a21o_2 cells:        1
ABC RESULTS:   sky130_fd_sc_hd__nand3_1 cells:       72
ABC RESULTS:   sky130_fd_sc_hd__o211ai_1 cells:        7
ABC RESULTS:   sky130_fd_sc_hd__nor2_1 cells:       44
ABC RESULTS:   sky130_fd_sc_hd__nor4_1 cells:       32
ABC RESULTS:   sky130_fd_sc_hd__nand4_1 cells:       33
ABC RESULTS:   sky130_fd_sc_hd__a21oi_1 cells:       71
ABC RESULTS:   sky130_fd_sc_hd__a311oi_1 cells:        4
ABC RESULTS:   sky130_fd_sc_hd__a31oi_1 cells:        8
ABC RESULTS:   sky130_fd_sc_hd__clkinv_1 cells:       48
ABC RESULTS:   sky130_fd_sc_hd__nand2_1 cells:      155
ABC RESULTS:   sky130_fd_sc_hd__o21ai_0 cells:      136
ABC RESULTS:        internal signals:      636
ABC RESULTS:           input signals:      220
ABC RESULTS:          output signals:      222
Removing temp directory.

44. Executing OPT_CLEAN pass (remove unused cells and wires).
Finding unused cells or wires in module \scratchpad_ctrl..
Removed 2 unused cells and 393 unused wires.
<suppressed ~27 debug messages>

45. Printing statistics.

=== scratchpad_ctrl ===

   Number of wires:                621
   Number of wire bits:            865
   Number of public wires:          19
   Number of public wire bits:     263
   Number of ports:                 16
   Number of port bits:            185
   Number of memories:               2
   Number of memory bits:         4096
   Number of processes:              0
   Number of cells:                686
     $memrd                          2
     $memwr_v2                       2
     sky130_fd_sc_hd__a21o_2         1
     sky130_fd_sc_hd__a21oi_1       71
     sky130_fd_sc_hd__a2bb2oi_1      1
     sky130_fd_sc_hd__a311oi_1       4
     sky130_fd_sc_hd__a31oi_1        8
     sky130_fd_sc_hd__and2b_2        1
     sky130_fd_sc_hd__clkinv_1      48
     sky130_fd_sc_hd__dfxtp_1       66
     sky130_fd_sc_hd__nand2_1      155
     sky130_fd_sc_hd__nand3_1       72
     sky130_fd_sc_hd__nand3b_1       1
     sky130_fd_sc_hd__nand4_1       33
     sky130_fd_sc_hd__nor2_1        44
     sky130_fd_sc_hd__nor3b_1        1
     sky130_fd_sc_hd__nor4_1        32
     sky130_fd_sc_hd__o211ai_1       7
     sky130_fd_sc_hd__o21ai_0      136
     sky130_fd_sc_hd__o2bb2ai_1      1

   Area for cell type $memrd is unknown!
   Area for cell type $memwr_v2 is unknown!

   Chip area for module '\scratchpad_ctrl': 4239.065600
     of which used for sequential elements: 1321.267200 (31.17%)

46. Executing Verilog backend.

46.1. Executing BMUXMAP pass.

46.2. Executing DEMUXMAP pass.
Dumping module `\scratchpad_ctrl'.

Warnings: 34 unique messages, 242 total
End of script. Logfile hash: fbccc1b91a, CPU: user 39.10s system 3.24s, MEM: 1898.95 MB peak
Yosys 0.46 (git sha1 e97731b9dda91fa5fa53ed87df7c34163ba59a41, clang++ 17.0.6 -fPIC -O3)
Time spent: 97% 35x read_verilog (41 sec), 0% 1x hierarchy (0 sec), ...
