============================================================
  Generated by:           Genus(TM) Synthesis Solution 21.12-s068_1
  Generated on:           May 31 2026  08:55:46 am
  Module:                 stream_pipeline_DATA_WIDTH32_ARRAY_DIM64_USE_LUT_SOFTMAX1_USE_PIPED_MAC1
  Operating conditions:   _nominal_ (balanced_tree)
  Wireload mode:          enclosed
  Area mode:              timing library
============================================================

                                     
    Gate      Instances     Area             Library         
-------------------------------------------------------------
AND2X1_RVT       404137   821671.950    saed32rvt_tt0p85v25c 
AND2X2_RVT          374      855.449    saed32rvt_tt0p85v25c 
AND2X4_RVT           55      153.757    saed32rvt_tt0p85v25c 
AND3X1_RVT        29326    67077.242    saed32rvt_tt0p85v25c 
AND3X2_RVT           46      116.906    saed32rvt_tt0p85v25c 
AND3X4_RVT            3        9.149    saed32rvt_tt0p85v25c 
AND4X1_RVT         9147    23246.552    saed32rvt_tt0p85v25c 
AND4X2_RVT           16       60.995    saed32rvt_tt0p85v25c 
AND4X4_RVT            2        8.641    saed32rvt_tt0p85v25c 
AO21X1_RVT       131997   335462.456    saed32rvt_tt0p85v25c 
AO21X2_RVT         1697     4744.106    saed32rvt_tt0p85v25c 
AO221X1_RVT       33404   101873.114    saed32rvt_tt0p85v25c 
AO221X2_RVT          55      181.713    saed32rvt_tt0p85v25c 
AO222X1_RVT        2799     9247.538    saed32rvt_tt0p85v25c 
AO222X2_RVT           9       32.022    saed32rvt_tt0p85v25c 
AO22X1_RVT       214606   545408.273    saed32rvt_tt0p85v25c 
AO22X2_RVT          161      450.089    saed32rvt_tt0p85v25c 
AOI21X1_RVT        6560    20006.216    saed32rvt_tt0p85v25c 
AOI21X2_RVT         118      389.857    saed32rvt_tt0p85v25c 
AOI221X1_RVT      10417    37063.853    saed32rvt_tt0p85v25c 
AOI221X2_RVT         33      125.801    saed32rvt_tt0p85v25c 
AOI222X1_RVT       1111     4235.310    saed32rvt_tt0p85v25c 
AOI22X1_RVT        4567    13928.108    saed32rvt_tt0p85v25c 
DEC24X1_RVT         434     2647.164    saed32rvt_tt0p85v25c 
DEC24X2_RVT         108      768.531    saed32rvt_tt0p85v25c 
DELLN1X2_RVT        544     2765.087    saed32rvt_tt0p85v25c 
DELLN3X2_RVT          3       28.972    saed32rvt_tt0p85v25c 
DFFARX1_RVT      238748  1698938.408    saed32rvt_tt0p85v25c 
DFFARX2_RVT          80      609.946    saed32rvt_tt0p85v25c 
FADDX1_RVT       143971   695197.951    saed32rvt_tt0p85v25c 
FADDX2_RVT          405     2161.495    saed32rvt_tt0p85v25c 
HADDX1_RVT        79120   261402.353    saed32rvt_tt0p85v25c 
HADDX2_RVT          201      766.244    saed32rvt_tt0p85v25c 
IBUFFX16_RVT        267     1764.268    saed32rvt_tt0p85v25c 
IBUFFX2_RVT         640     1626.522    saed32rvt_tt0p85v25c 
IBUFFX32_RVT        770     9001.780    saed32rvt_tt0p85v25c 
IBUFFX4_RVT          15       45.746    saed32rvt_tt0p85v25c 
IBUFFX8_RVT         101      436.365    saed32rvt_tt0p85v25c 
INVX0_RVT         95500   121353.760    saed32rvt_tt0p85v25c 
INVX16_RVT         3387    17215.715    saed32rvt_tt0p85v25c 
INVX1_RVT        262896   334067.205    saed32rvt_tt0p85v25c 
INVX2_RVT         33106    50482.148    saed32rvt_tt0p85v25c 
INVX32_RVT         1065     9743.881    saed32rvt_tt0p85v25c 
INVX4_RVT          3250     6607.744    saed32rvt_tt0p85v25c 
INVX8_RVT          1022     3116.822    saed32rvt_tt0p85v25c 
MUX21X1_RVT       10489    34654.313    saed32rvt_tt0p85v25c 
MUX21X2_RVT         498     1771.892    saed32rvt_tt0p85v25c 
NAND2X0_RVT      395716   603413.083    saed32rvt_tt0p85v25c 
NAND2X1_RVT         162      411.713    saed32rvt_tt0p85v25c 
NAND2X2_RVT         595     1663.372    saed32rvt_tt0p85v25c 
NAND2X4_RVT         169      558.354    saed32rvt_tt0p85v25c 
NAND3X0_RVT       50669    90140.556    saed32rvt_tt0p85v25c 
NAND3X1_RVT          69      192.895    saed32rvt_tt0p85v25c 
NAND3X2_RVT         149      454.409    saed32rvt_tt0p85v25c 
NAND3X4_RVT           1        3.558    saed32rvt_tt0p85v25c 
NAND4X0_RVT       28379    57698.821    saed32rvt_tt0p85v25c 
NAND4X1_RVT         153      466.608    saed32rvt_tt0p85v25c 
NBUFFX16_RVT       3527    21512.781    saed32rvt_tt0p85v25c 
NBUFFX2_RVT       27281    55466.420    saed32rvt_tt0p85v25c 
NBUFFX32_RVT        676     7215.656    saed32rvt_tt0p85v25c 
NBUFFX4_RVT       14389    36568.780    saed32rvt_tt0p85v25c 
NBUFFX8_RVT        2086     7952.166    saed32rvt_tt0p85v25c 
NOR2X0_RVT        34852    88574.267    saed32rvt_tt0p85v25c 
NOR2X1_RVT            3        7.624    saed32rvt_tt0p85v25c 
NOR2X2_RVT         7409    20712.482    saed32rvt_tt0p85v25c 
NOR2X4_RVT           89      294.045    saed32rvt_tt0p85v25c 
NOR3X0_RVT         2621     7327.226    saed32rvt_tt0p85v25c 
NOR3X1_RVT         6743    18850.623    saed32rvt_tt0p85v25c 
NOR3X2_RVT           30       91.492    saed32rvt_tt0p85v25c 
NOR4X0_RVT            2        6.099    saed32rvt_tt0p85v25c 
NOR4X1_RVT         6480    19762.237    saed32rvt_tt0p85v25c 
OA21X1_RVT        57786   146859.652    saed32rvt_tt0p85v25c 
OA21X2_RVT          866     2420.976    saed32rvt_tt0p85v25c 
OA221X1_RVT       61364   187143.509    saed32rvt_tt0p85v25c 
OA221X2_RVT          27       89.205    saed32rvt_tt0p85v25c 
OA222X1_RVT         959     3168.413    saed32rvt_tt0p85v25c 
OA22X1_RVT        23708    60252.460    saed32rvt_tt0p85v25c 
OA22X2_RVT           23       64.298    saed32rvt_tt0p85v25c 
OAI21X1_RVT         864     2634.965    saed32rvt_tt0p85v25c 
OAI21X2_RVT        1402     4632.029    saed32rvt_tt0p85v25c 
OAI221X1_RVT        178      633.327    saed32rvt_tt0p85v25c 
OAI221X2_RVT         49      186.796    saed32rvt_tt0p85v25c 
OAI222X1_RVT         20       76.243    saed32rvt_tt0p85v25c 
OAI222X2_RVT          4       16.265    saed32rvt_tt0p85v25c 
OAI22X1_RVT        4056    12369.697    saed32rvt_tt0p85v25c 
OAI22X2_RVT         262      865.614    saed32rvt_tt0p85v25c 
OR2X1_RVT        217109   441415.598    saed32rvt_tt0p85v25c 
OR2X2_RVT         10238    23417.336    saed32rvt_tt0p85v25c 
OR2X4_RVT           137      382.995    saed32rvt_tt0p85v25c 
OR3X1_RVT         16937    43044.369    saed32rvt_tt0p85v25c 
OR3X2_RVT           212      538.785    saed32rvt_tt0p85v25c 
OR3X4_RVT             1        4.066    saed32rvt_tt0p85v25c 
OR4X1_RVT          1074     3821.309    saed32rvt_tt0p85v25c 
OR4X2_RVT            52      198.232    saed32rvt_tt0p85v25c 
OR4X4_RVT             2        8.641    saed32rvt_tt0p85v25c 
SDFFARX1_RVT     218471  1998831.378    saed32rvt_tt0p85v25c 
SDFFARX2_RVT        224     2163.274    saed32rvt_tt0p85v25c 
SDFFASX1_RVT          2       18.298    saed32rvt_tt0p85v25c 
XNOR2X1_RVT       45302   195724.935    saed32rvt_tt0p85v25c 
XNOR2X2_RVT       10496    48014.918    saed32rvt_tt0p85v25c 
XNOR3X1_RVT        4408    26886.402    saed32rvt_tt0p85v25c 
XNOR3X2_RVT         263     1670.997    saed32rvt_tt0p85v25c 
XOR2X1_RVT           43      185.779    saed32rvt_tt0p85v25c 
XOR2X2_RVT         1188     5434.615    saed32rvt_tt0p85v25c 
XOR3X1_RVT         1273     9058.709    saed32rvt_tt0p85v25c 
XOR3X2_RVT        26174   192906.987    saed32rvt_tt0p85v25c 
-------------------------------------------------------------
total           3014684  9698009.747                         


                                            
     Type      Instances     Area    Area % 
--------------------------------------------
sequential        457525 3700561.303   38.2 
inverter          402019  555461.955    5.7 
buffer             48506  131509.863    1.4 
logic            2106634 5310476.626   54.8 
physical_cells         0       0.000    0.0 
--------------------------------------------
total            3014684 9698009.747  100.0 

