============================================================
  Generated by:           Genus(TM) Synthesis Solution 21.12-s068_1
  Generated on:           Jun 02 2026  12:32:36 am
  Module:                 stream_pipeline_DATA_WIDTH32_ARRAY_DIM64_USE_LUT_SOFTMAX1_USE_LUT_GELU1_USE_PIPED4_MAC1_USE_PIPED_MAC1
  Operating conditions:   _nominal_ (balanced_tree)
  Wireload mode:          enclosed
  Area mode:              timing library
============================================================

Timing
--------

Clock Period 
-------------
clk   1333.0 


  Cost    Critical               Violating 
 Group   Path Slack     TNS        Paths   
-------------------------------------------
clk          -348.6   -250920.8       1118 
default    No paths         0.0            
-------------------------------------------
Total                 -250920.8       1118 

Instance Count
--------------
Leaf Instance Count             2687049 
Physical Instance count               0 
Sequential Instance Count        595004 
Combinational Instance Count    2092045 
Hierarchical Instance Count        4102 

Area
----
Cell Area                          10048064.643
Physical Cell Area                 0.000
Total Cell Area (Cell+Physical)    10048064.643
Net Area                           0.000
Total Area (Cell+Physical+Net)     10048064.643

Max Fanout                         595004 (clk)
Min Fanout                         0 (a_rd_data[63][0])
Average Fanout                     2.3
Terms to net ratio                 3.6074
Terms to instance ratio            4.1446
Runtime                            26936.833235999726 seconds
Elapsed Runtime                    27275 seconds
Genus peak memory usage            38118.18 
Innovus peak memory usage          no_value 
Hostname                           phobos.ece.pdx.edu
