============================================================
  Generated by:           Genus(TM) Synthesis Solution 21.12-s068_1
  Generated on:           Jun 02 2026  12:27:47 am
  Module:                 stream_pipeline_DATA_WIDTH32_ARRAY_DIM64_USE_LUT_SOFTMAX1_USE_LUT_GELU1_USE_PIPED4_MAC1_USE_PIPED_MAC1
  Operating conditions:   _nominal_ (balanced_tree)
  Wireload mode:          enclosed
  Area mode:              timing library
============================================================


Path 1: VIOLATED (-349 ps) Setup Check with Pin elemwise_end_reg[15]/CLK->D
          Group: clk
     Startpoint: (F) tile_n[3]
          Clock: (R) clk
       Endpoint: (F) elemwise_end_reg[15]/D
          Clock: (R) clk

                     Capture       Launch     
        Clock Edge:+    1333            0     
        Drv Adjust:+       0           12     
       Src Latency:+       0            0     
       Net Latency:+       0 (I)        0 (I) 
           Arrival:=    1333           12     
                                              
             Setup:-     109                  
       Uncertainty:-      50                  
     Required Time:=    1174                  
      Launch Clock:-      12                  
       Input Delay:-     400                  
         Data Path:-    1111                  
             Slack:=    -349                  

Exceptions/Constraints:
  input_delay             400             in_del_13_1 

#--------------------------------------------------------------------------------------------------
#     Timing Point       Flags   Arc   Edge     Cell      Fanout Load Trans Delay Arrival Instance 
#                                                                (fF)  (ps)  (ps)   (ps)  Location 
#--------------------------------------------------------------------------------------------------
  tile_n[3]              -       -     F     (arrival)         5  3.2    28     0     412    (-,-) 
  g154048/Y              -       A1->Y F     AND2X1_RVT        1  1.5    26    53     465    (-,-) 
  g154045/S              -       CI->S R     FADDX1_RVT        3  2.4    47   144     609    (-,-) 
  g154041/Y              -       A2->Y F     XOR3X2_RVT        2  1.8    50   161     771    (-,-) 
  fopt14069/Y            -       A->Y  F     NBUFFX4_RVT       5  2.9    25    57     828    (-,-) 
  g152401/Y              -       A1->Y R     NAND3X0_RVT       1  0.6    34    31     859    (-,-) 
  g14216/Y               -       A2->Y F     NAND3X0_RVT       1  0.6    43    45     903    (-,-) 
  g14215/Y               -       A1->Y F     AND2X1_RVT        1  0.6    21    55     958    (-,-) 
  g154061/Y              -       A1->Y F     AO21X1_RVT        5  3.1    40    79    1037    (-,-) 
  g154247/Y              -       A1->Y F     AO21X1_RVT        1  0.9    26    75    1112    (-,-) 
  g154243/Y              -       A3->Y R     XOR3X2_RVT        6  3.6    51    78    1191    (-,-) 
  g252/Y                 -       A2->Y R     OR2X1_RVT         1  0.6    22    52    1242    (-,-) 
  g152460/Y              -       A1->Y F     NAND3X0_RVT       1  0.6    43    36    1278    (-,-) 
  g154196/Y              -       A1->Y F     AO21X1_RVT        4  2.0    33    85    1363    (-,-) 
  g154195/Y              -       A3->Y F     OA21X1_RVT        3  1.9    35    67    1430    (-,-) 
  g152488/Y              -       A2->Y F     OR2X1_RVT         1  0.6    20    49    1479    (-,-) 
  g152486/Y              -       A3->Y F     AO22X1_RVT        1  0.5    23    44    1523    (-,-) 
  elemwise_end_reg[15]/D -       -     F     SDFFARX1_RVT      1    -     -     0    1523    (-,-) 
#--------------------------------------------------------------------------------------------------



Path 2: VIOLATED (-348 ps) Setup Check with Pin elemwise_end_reg[14]/CLK->D
          Group: clk
     Startpoint: (R) tile_n[2]
          Clock: (R) clk
       Endpoint: (F) elemwise_end_reg[14]/D
          Clock: (R) clk

                     Capture       Launch     
        Clock Edge:+    1333            0     
        Drv Adjust:+       0           10     
       Src Latency:+       0            0     
       Net Latency:+       0 (I)        0 (I) 
           Arrival:=    1333           10     
                                              
             Setup:-     116                  
       Uncertainty:-      50                  
     Required Time:=    1167                  
      Launch Clock:-      10                  
       Input Delay:-     400                  
         Data Path:-    1105                  
             Slack:=    -348                  

Exceptions/Constraints:
  input_delay             400             in_del_14_1 

#-----------------------------------------------------------------------------------------------------------------
#            Timing Point              Flags    Arc   Edge     Cell      Fanout Load Trans Delay Arrival Instance 
#                                                                               (fF)  (ps)  (ps)   (ps)  Location 
#-----------------------------------------------------------------------------------------------------------------
  tile_n[2]                            -       -      R     (arrival)         4  2.5    26     0     410    (-,-) 
  fopt13070/Y                          -       A->Y   R     NBUFFX4_RVT       5  6.1    30    50     461    (-,-) 
  fopt11305/Y                          -       A->Y   R     NBUFFX8_RVT      12  7.9    24    47     507    (-,-) 
  mul_130_47_g1256/Y                   -       A1->Y  R     AND2X1_RVT        1  1.9    31    52     560    (-,-) 
  mul_130_47_cdnfadd_003_14168/S       -       B->S   F     FADDX1_RVT        1  1.5    42   136     696    (-,-) 
  mul_130_47_g14170/CO                 -       CI->CO F     FADDX1_RVT        1  1.5    37    83     778    (-,-) 
  g154157/CO                           -       CI->CO F     FADDX1_RVT        3  1.7    39    83     861    (-,-) 
  g154156/Y                            -       A2->Y  F     AO21X1_RVT        1  0.9    26    78     940    (-,-) 
  g154155/Y                            -       A3->Y  R     XOR3X2_RVT        4  2.9    48    76    1015    (-,-) 
  g154159/C1                           -       B0->C1 R     HADDX1_RVT        2  1.3    33    64    1080    (-,-) 
  WALLACE_CSA_DUMMY_OP_groupi_g13904/Y -       A2->Y  R     OR2X1_RVT         1  0.7    22    48    1127    (-,-) 
  g152347/Y                            -       A2->Y  R     OR2X2_RVT         4  2.2    28    51    1178    (-,-) 
  g2170_0/Y                            -       A1->Y  F     NAND2X0_RVT       1  0.5    29    27    1205    (-,-) 
  g2165/Y                              -       A2->Y  F     OA22X1_RVT        3  1.7    37    80    1285    (-,-) 
  g29/Y                                -       A1->Y  F     AND3X1_RVT        2  1.1    32    66    1351    (-,-) 
  g53/Y                                -       A1->Y  F     OA21X1_RVT        3  1.6    33    80    1431    (-,-) 
  g152478/Y                            -       A2->Y  R     NAND2X0_RVT       1  0.5    34    40    1471    (-,-) 
  g13981/Y                             -       A3->Y  F     NAND3X0_RVT       1  0.5    40    44    1515    (-,-) 
  elemwise_end_reg[14]/D               -       -      F     SDFFARX1_RVT      1    -     -     0    1515    (-,-) 
#-----------------------------------------------------------------------------------------------------------------



Path 3: VIOLATED (-348 ps) Setup Check with Pin output_end_reg[10]/CLK->D
          Group: clk
     Startpoint: (R) tile_m[3]
          Clock: (R) clk
       Endpoint: (R) output_end_reg[10]/D
          Clock: (R) clk

                     Capture       Launch     
        Clock Edge:+    1333            0     
        Drv Adjust:+       0           10     
       Src Latency:+       0            0     
       Net Latency:+       0 (I)        0 (I) 
           Arrival:=    1333           10     
                                              
             Setup:-     107                  
       Uncertainty:-      50                  
     Required Time:=    1176                  
      Launch Clock:-      10                  
       Input Delay:-     400                  
         Data Path:-    1114                  
             Slack:=    -348                  

Exceptions/Constraints:
  input_delay             400             in_del_5_1 

#-------------------------------------------------------------------------------------------------
#    Timing Point      Flags    Arc   Edge     Cell      Fanout Load Trans Delay Arrival Instance 
#                                                               (fF)  (ps)  (ps)   (ps)  Location 
#-------------------------------------------------------------------------------------------------
  tile_m[3]            -       -      R     (arrival)         4  2.5    26     0     410    (-,-) 
  fopt14037/Y          -       A->Y   R     NBUFFX4_RVT       6  6.4    30    51     461    (-,-) 
  g152290/Y3           -       A0->Y3 R     DEC24X1_RVT       1  1.9    29    52     513    (-,-) 
  g152289/S            -       B->S   F     FADDX1_RVT        3  2.3    47   141     654    (-,-) 
  g14056/Y             -       A1->Y  F     XOR3X2_RVT        2  2.0    51   153     807    (-,-) 
  g152288/Y            -       A->Y   R     INVX2_RVT         2  1.7    30    31     838    (-,-) 
  g152287/Y            -       A1->Y  F     XOR3X2_RVT        7  4.5    58   156     993    (-,-) 
  g153260/Y            -       A1->Y  F     OR2X1_RVT         4  2.3    33    81    1075    (-,-) 
  g184/Y               -       A3->Y  F     OA21X1_RVT        1  0.6    26    58    1132    (-,-) 
  g153265/Y            -       A1->Y  F     AO21X1_RVT        2  1.2    28    70    1202    (-,-) 
  g153271/Y            -       A1->Y  F     AO21X1_RVT        4  2.6    37    80    1282    (-,-) 
  g153277/Y            -       A->Y   R     INVX1_RVT         2  1.3    27    30    1312    (-,-) 
  g154192/Y            -       A->Y   F     INVX1_RVT         1  0.6    18    16    1329    (-,-) 
  g154191/Y            -       A1->Y  F     AO21X1_RVT        2  1.1    27    65    1394    (-,-) 
  g153275/Y            -       A1->Y  F     AND2X1_RVT        3  1.9    29    56    1449    (-,-) 
  g153284/Y            -       A->Y   R     INVX1_RVT         1  0.6    20    23    1472    (-,-) 
  g13922/Y             -       A3->Y  R     AO22X1_RVT        1  0.5    28    52    1524    (-,-) 
  output_end_reg[10]/D -       -      R     SDFFARX1_RVT      1    -     -     0    1524    (-,-) 
#-------------------------------------------------------------------------------------------------



Path 4: VIOLATED (-348 ps) Setup Check with Pin elemwise_end_reg[11]/CLK->D
          Group: clk
     Startpoint: (F) tile_n[3]
          Clock: (R) clk
       Endpoint: (F) elemwise_end_reg[11]/D
          Clock: (R) clk

                     Capture       Launch     
        Clock Edge:+    1333            0     
        Drv Adjust:+       0           12     
       Src Latency:+       0            0     
       Net Latency:+       0 (I)        0 (I) 
           Arrival:=    1333           12     
                                              
             Setup:-     109                  
       Uncertainty:-      50                  
     Required Time:=    1174                  
      Launch Clock:-      12                  
       Input Delay:-     400                  
         Data Path:-    1109                  
             Slack:=    -348                  

Exceptions/Constraints:
  input_delay             400             in_del_13_1 

#-----------------------------------------------------------------------------------------------------------------
#             Timing Point              Flags   Arc   Edge     Cell      Fanout Load Trans Delay Arrival Instance 
#                                                                               (fF)  (ps)  (ps)   (ps)  Location 
#-----------------------------------------------------------------------------------------------------------------
  tile_n[3]                             -       -     F     (arrival)         5  3.2    28     0     412    (-,-) 
  g154048/Y                             -       A1->Y F     AND2X1_RVT        1  1.5    26    53     465    (-,-) 
  g154045/S                             -       CI->S R     FADDX1_RVT        3  2.4    47   144     609    (-,-) 
  g154041/Y                             -       A2->Y F     XOR3X2_RVT        2  1.8    50   161     771    (-,-) 
  fopt14069/Y                           -       A->Y  F     NBUFFX4_RVT       5  2.9    25    57     828    (-,-) 
  g152400/Y                             -       A1->Y F     OR2X1_RVT         1  0.6    23    54     881    (-,-) 
  g14216/Y                              -       A1->Y R     NAND3X0_RVT       1  0.6    36    30     911    (-,-) 
  g14215/Y                              -       A1->Y R     AND2X1_RVT        1  0.5    21    46     957    (-,-) 
  g154061/Y                             -       A1->Y R     AO21X1_RVT        5  2.9    46    78    1035    (-,-) 
  g154060/Y                             -       A1->Y R     AO21X1_RVT        1  0.9    31    72    1107    (-,-) 
  g154248/Y                             -       A3->Y F     XOR3X2_RVT        5  3.6    55    78    1185    (-,-) 
  fopt13490/Y                           -       A->Y  F     NBUFFX4_RVT       9  5.0    29    63    1248    (-,-) 
  WALLACE_CSA_DUMMY_OP_groupi_g150256/Y -       A1->Y R     NAND2X0_RVT       3  1.6    58    52    1300    (-,-) 
  g13128/Y                              -       A->Y  F     INVX0_RVT         1  0.5    30    20    1320    (-,-) 
  g13254/Y                              -       A2->Y F     OA22X1_RVT        3  1.6    37    79    1399    (-,-) 
  g13253/Y                              -       A->Y  R     INVX0_RVT         1  0.6    24    28    1428    (-,-) 
  g13252/Y                              -       A1->Y F     NAND2X0_RVT       1  0.5    28    26    1454    (-,-) 
  g13251/Y                              -       A1->Y F     AO22X1_RVT        1  0.5    24    68    1521    (-,-) 
  elemwise_end_reg[11]/D                -       -     F     SDFFARX1_RVT      1    -     -     0    1521    (-,-) 
#-----------------------------------------------------------------------------------------------------------------



Path 5: VIOLATED (-347 ps) Setup Check with Pin sm_walk_end_reg[14]/CLK->D
          Group: clk
     Startpoint: (F) tile_n[3]
          Clock: (R) clk
       Endpoint: (F) sm_walk_end_reg[14]/D
          Clock: (R) clk

                     Capture       Launch     
        Clock Edge:+    1333            0     
        Drv Adjust:+       0           12     
       Src Latency:+       0            0     
       Net Latency:+       0 (I)        0 (I) 
           Arrival:=    1333           12     
                                              
             Setup:-     117                  
       Uncertainty:-      50                  
     Required Time:=    1166                  
      Launch Clock:-      12                  
       Input Delay:-     400                  
         Data Path:-    1102                  
             Slack:=    -347                  

Exceptions/Constraints:
  input_delay             400             in_del_13_1 

#-------------------------------------------------------------------------------------------------
#     Timing Point      Flags   Arc   Edge     Cell      Fanout Load Trans Delay Arrival Instance 
#                                                               (fF)  (ps)  (ps)   (ps)  Location 
#-------------------------------------------------------------------------------------------------
  tile_n[3]             -       -     F     (arrival)         5  3.2    28     0     412    (-,-) 
  g154048/Y             -       A1->Y F     AND2X1_RVT        1  1.5    26    53     465    (-,-) 
  g154045/S             -       CI->S R     FADDX1_RVT        3  2.4    47   144     609    (-,-) 
  g154041/Y             -       A2->Y F     XOR3X2_RVT        2  1.8    50   161     771    (-,-) 
  fopt14069/Y           -       A->Y  F     NBUFFX4_RVT       5  2.9    25    57     828    (-,-) 
  g152400/Y             -       A1->Y F     OR2X1_RVT         1  0.6    23    54     881    (-,-) 
  g14216/Y              -       A1->Y R     NAND3X0_RVT       1  0.6    36    30     911    (-,-) 
  g14215/Y              -       A1->Y R     AND2X1_RVT        1  0.5    21    46     957    (-,-) 
  g154061/Y             -       A1->Y R     AO21X1_RVT        5  2.9    46    78    1035    (-,-) 
  g152370/Y             -       A3->Y F     NAND3X0_RVT       2  1.0    55    56    1091    (-,-) 
  g154209/Y             -       A2->Y R     NAND2X0_RVT       2  1.0    50    60    1151    (-,-) 
  g154208/Y             -       A2->Y F     NAND2X0_RVT       1  0.6    34    36    1188    (-,-) 
  g13518/Y              -       A1->Y R     NAND3X0_RVT       1  0.9    39    39    1226    (-,-) 
  g2163/Y               -       A3->Y F     XOR3X2_RVT        2  2.8    53    77    1304    (-,-) 
  fopt2184/Y            -       A->Y  R     INVX2_RVT        13  7.7    49    52    1356    (-,-) 
  g152463/Y             -       A2->Y F     AOI21X1_RVT       1  0.5    19    87    1443    (-,-) 
  g154162/Y             -       A2->Y R     NAND2X0_RVT       1  0.6    34    34    1477    (-,-) 
  g154161/Y             -       A1->Y F     NAND3X0_RVT       1  0.5    42    37    1514    (-,-) 
  sm_walk_end_reg[14]/D -       -     F     SDFFARX1_RVT      1    -     -     0    1514    (-,-) 
#-------------------------------------------------------------------------------------------------



Path 6: VIOLATED (-347 ps) Setup Check with Pin sm_walk_end_reg[12]/CLK->D
          Group: clk
     Startpoint: (F) tile_n[3]
          Clock: (R) clk
       Endpoint: (R) sm_walk_end_reg[12]/D
          Clock: (R) clk

                     Capture       Launch     
        Clock Edge:+    1333            0     
        Drv Adjust:+       0           12     
       Src Latency:+       0            0     
       Net Latency:+       0 (I)        0 (I) 
           Arrival:=    1333           12     
                                              
             Setup:-     107                  
       Uncertainty:-      50                  
     Required Time:=    1176                  
      Launch Clock:-      12                  
       Input Delay:-     400                  
         Data Path:-    1111                  
             Slack:=    -347                  

Exceptions/Constraints:
  input_delay             400             in_del_13_1 

#-------------------------------------------------------------------------------------------------
#     Timing Point      Flags   Arc   Edge     Cell      Fanout Load Trans Delay Arrival Instance 
#                                                               (fF)  (ps)  (ps)   (ps)  Location 
#-------------------------------------------------------------------------------------------------
  tile_n[3]             -       -     F     (arrival)         5  3.2    28     0     412    (-,-) 
  g154048/Y             -       A1->Y F     AND2X1_RVT        1  1.5    26    53     465    (-,-) 
  g154045/S             -       CI->S R     FADDX1_RVT        3  2.4    47   144     609    (-,-) 
  g154041/Y             -       A2->Y F     XOR3X2_RVT        2  1.8    50   161     771    (-,-) 
  fopt14069/Y           -       A->Y  F     NBUFFX4_RVT       5  2.9    25    57     828    (-,-) 
  g13898/Y              -       A3->Y F     OA21X1_RVT        1  0.7    26    54     882    (-,-) 
  g13962/Y              -       A2->Y F     OR2X2_RVT         5  3.5    30    60     942    (-,-) 
  g13965/Y              -       A1->Y F     OR2X1_RVT         1  0.5    23    56     998    (-,-) 
  g13964/Y              -       A3->Y F     OA21X1_RVT        1  0.6    27    52    1050    (-,-) 
  g13907/Y              -       A1->Y F     AO21X1_RVT        3  1.8    32    74    1125    (-,-) 
  g13912/Y              -       A->Y  R     INVX0_RVT         1  0.6    22    27    1152    (-,-) 
  g13909/Y              -       A4->Y F     OAI22X2_RVT       8  4.6    32    79    1231    (-,-) 
  g13916/Y              -       A1->Y F     AO22X1_RVT        2  1.3    28    75    1306    (-,-) 
  g154/Y                -       A3->Y F     AO21X1_RVT        3  1.7    31    52    1358    (-,-) 
  g154096/Y             -       A1->Y F     OA21X1_RVT        2  1.2    30    76    1434    (-,-) 
  add_137_29_g303/Y     -       A->Y  R     INVX0_RVT         1  0.5    20    24    1459    (-,-) 
  add_137_29_g8581/Y    -       A1->Y R     AO22X1_RVT        1  0.5    28    65    1523    (-,-) 
  sm_walk_end_reg[12]/D -       -     R     SDFFARX1_RVT      1    -     -     0    1523    (-,-) 
#-------------------------------------------------------------------------------------------------



Path 7: VIOLATED (-346 ps) Setup Check with Pin sm_walk_end_reg[15]/CLK->D
          Group: clk
     Startpoint: (F) tile_n[3]
          Clock: (R) clk
       Endpoint: (F) sm_walk_end_reg[15]/D
          Clock: (R) clk

                     Capture       Launch     
        Clock Edge:+    1333            0     
        Drv Adjust:+       0           12     
       Src Latency:+       0            0     
       Net Latency:+       0 (I)        0 (I) 
           Arrival:=    1333           12     
                                              
             Setup:-     117                  
       Uncertainty:-      50                  
     Required Time:=    1166                  
      Launch Clock:-      12                  
       Input Delay:-     400                  
         Data Path:-    1100                  
             Slack:=    -346                  

Exceptions/Constraints:
  input_delay             400             in_del_13_1 

#-------------------------------------------------------------------------------------------------
#     Timing Point      Flags   Arc   Edge     Cell      Fanout Load Trans Delay Arrival Instance 
#                                                               (fF)  (ps)  (ps)   (ps)  Location 
#-------------------------------------------------------------------------------------------------
  tile_n[3]             -       -     F     (arrival)         5  3.2    28     0     412    (-,-) 
  g154048/Y             -       A1->Y F     AND2X1_RVT        1  1.5    26    53     465    (-,-) 
  g154045/S             -       CI->S R     FADDX1_RVT        3  2.4    47   144     609    (-,-) 
  g154041/Y             -       A2->Y F     XOR3X2_RVT        2  1.8    50   161     771    (-,-) 
  fopt14069/Y           -       A->Y  F     NBUFFX4_RVT       5  2.9    25    57     828    (-,-) 
  g152400/Y             -       A1->Y F     OR2X1_RVT         1  0.6    23    54     881    (-,-) 
  g14216/Y              -       A1->Y R     NAND3X0_RVT       1  0.6    36    30     911    (-,-) 
  g14215/Y              -       A1->Y R     AND2X1_RVT        1  0.5    21    46     957    (-,-) 
  g154061/Y             -       A1->Y R     AO21X1_RVT        5  2.9    46    78    1035    (-,-) 
  g13907/Y              -       A2->Y R     AO21X1_RVT        3  1.7    37    81    1116    (-,-) 
  g152425/Y             -       A1->Y R     AO21X1_RVT        1  0.9    31    69    1185    (-,-) 
  g152424/Y             -       A3->Y F     XOR3X2_RVT        7  4.7    58    82    1267    (-,-) 
  fopt9/Y               -       A->Y  R     INVX2_RVT         3  2.1    35    35    1302    (-,-) 
  fopt154122/Y          -       A->Y  F     INVX1_RVT         2  1.2    25    22    1324    (-,-) 
  g63/Y                 -       A1->Y R     NAND2X0_RVT       1  0.5    35    34    1358    (-,-) 
  g62/Y                 -       A3->Y R     AO21X1_RVT        2  1.2    33    49    1407    (-,-) 
  g5418/Y               -       A1->Y F     NAND2X0_RVT       1  0.5    31    28    1435    (-,-) 
  g97/Y                 -       A2->Y R     NAND2X0_RVT       1  0.6    36    41    1476    (-,-) 
  g95/Y                 -       A1->Y F     NAND3X0_RVT       1  0.5    43    37    1512    (-,-) 
  sm_walk_end_reg[15]/D -       -     F     SDFFARX1_RVT      1    -     -     0    1512    (-,-) 
#-------------------------------------------------------------------------------------------------



Path 8: VIOLATED (-346 ps) Setup Check with Pin elemwise_end_reg[13]/CLK->D
          Group: clk
     Startpoint: (F) tile_n[1]
          Clock: (R) clk
       Endpoint: (F) elemwise_end_reg[13]/D
          Clock: (R) clk

                     Capture       Launch     
        Clock Edge:+    1333            0     
        Drv Adjust:+       0           16     
       Src Latency:+       0            0     
       Net Latency:+       0 (I)        0 (I) 
           Arrival:=    1333           16     
                                              
             Setup:-     116                  
       Uncertainty:-      50                  
     Required Time:=    1167                  
      Launch Clock:-      16                  
       Input Delay:-     400                  
         Data Path:-    1097                  
             Slack:=    -346                  

Exceptions/Constraints:
  input_delay             400             in_del_15_1 

#-----------------------------------------------------------------------------------------------------------------
#            Timing Point              Flags    Arc   Edge     Cell      Fanout Load Trans Delay Arrival Instance 
#                                                                               (fF)  (ps)  (ps)   (ps)  Location 
#-----------------------------------------------------------------------------------------------------------------
  tile_n[1]                            -       -      F     (arrival)         6  4.1    36     0     416    (-,-) 
  mul_130_47_g1298/Y                   -       A2->Y  R     NAND2X0_RVT       2  1.3    52    54     470    (-,-) 
  mul_130_47_g1266/Y                   -       A->Y   F     INVX1_RVT         2  1.2    32    24     494    (-,-) 
  mul_130_47_g1229/Y                   -       A3->Y  F     AO22X1_RVT        1  1.5    29    56     550    (-,-) 
  mul_130_47_cdnfadd_003_14168/S       -       CI->S  R     FADDX1_RVT        1  1.5    41   138     689    (-,-) 
  mul_130_47_g14170/CO                 -       CI->CO R     FADDX1_RVT        1  1.5    44    87     776    (-,-) 
  g154157/CO                           -       CI->CO R     FADDX1_RVT        3  1.6    44    89     864    (-,-) 
  g154156/Y                            -       A2->Y  R     AO21X1_RVT        1  0.9    31    74     939    (-,-) 
  g154155/Y                            -       A3->Y  F     XOR3X2_RVT        4  2.9    53    75    1013    (-,-) 
  g154159/C1                           -       B0->C1 F     HADDX1_RVT        2  1.3    31    70    1083    (-,-) 
  WALLACE_CSA_DUMMY_OP_groupi_g13904/Y -       A2->Y  F     OR2X1_RVT         1  0.7    20    48    1132    (-,-) 
  g152347/Y                            -       A2->Y  F     OR2X2_RVT         4  2.2    26    53    1185    (-,-) 
  g2170_0/Y                            -       A1->Y  R     NAND2X0_RVT       1  0.5    34    34    1219    (-,-) 
  g2165/Y                              -       A2->Y  R     OA22X1_RVT        3  1.7    37    75    1294    (-,-) 
  g29/Y                                -       A1->Y  R     AND3X1_RVT        2  1.1    31    61    1356    (-,-) 
  g53/Y                                -       A1->Y  R     OA21X1_RVT        3  1.6    34    72    1428    (-,-) 
  g154024/Y                            -       A1->Y  R     OR2X1_RVT         1  0.6    22    51    1479    (-,-) 
  g154023/Y                            -       A1->Y  F     NAND3X0_RVT       1  0.5    41    34    1513    (-,-) 
  elemwise_end_reg[13]/D               -       -      F     SDFFARX1_RVT      1    -     -     0    1513    (-,-) 
#-----------------------------------------------------------------------------------------------------------------



Path 9: VIOLATED (-345 ps) Setup Check with Pin output_end_reg[12]/CLK->D
          Group: clk
     Startpoint: (F) tile_n[3]
          Clock: (R) clk
       Endpoint: (R) output_end_reg[12]/D
          Clock: (R) clk

                     Capture       Launch     
        Clock Edge:+    1333            0     
        Drv Adjust:+       0           12     
       Src Latency:+       0            0     
       Net Latency:+       0 (I)        0 (I) 
           Arrival:=    1333           12     
                                              
             Setup:-      52                  
       Uncertainty:-      50                  
     Required Time:=    1230                  
      Launch Clock:-      12                  
       Input Delay:-     400                  
         Data Path:-    1163                  
             Slack:=    -345                  

Exceptions/Constraints:
  input_delay             400             in_del_13_1 

#-----------------------------------------------------------------------------------------------
#    Timing Point      Flags   Arc   Edge    Cell      Fanout Load Trans Delay Arrival Instance 
#                                                             (fF)  (ps)  (ps)   (ps)  Location 
#-----------------------------------------------------------------------------------------------
  tile_n[3]            -       -     F     (arrival)        5  3.2    28     0     412    (-,-) 
  g154048/Y            -       A1->Y F     AND2X1_RVT       1  1.5    26    53     465    (-,-) 
  g154045/S            -       CI->S R     FADDX1_RVT       3  2.4    47   144     609    (-,-) 
  g154041/Y            -       A2->Y F     XOR3X2_RVT       2  1.8    50   161     771    (-,-) 
  fopt14069/Y          -       A->Y  F     NBUFFX4_RVT      5  2.9    25    57     828    (-,-) 
  g152400/Y            -       A1->Y F     OR2X1_RVT        1  0.6    23    54     881    (-,-) 
  g14216/Y             -       A1->Y R     NAND3X0_RVT      1  0.6    36    30     911    (-,-) 
  g14215/Y             -       A1->Y R     AND2X1_RVT       1  0.5    21    46     957    (-,-) 
  g154061/Y            -       A1->Y R     AO21X1_RVT       5  2.9    46    78    1035    (-,-) 
  g154060/Y            -       A1->Y R     AO21X1_RVT       1  0.9    31    72    1107    (-,-) 
  g154248/Y            -       A3->Y F     XOR3X2_RVT       5  3.6    55    78    1185    (-,-) 
  fopt13490/Y          -       A->Y  F     NBUFFX4_RVT      9  5.0    29    63    1248    (-,-) 
  g1663/Y              -       A1->Y R     NAND2X0_RVT      3  1.8    62    55    1302    (-,-) 
  g3909/Y              -       A1->Y F     NAND2X0_RVT      1  0.6    44    34    1336    (-,-) 
  g129/Y               -       A2->Y F     OA21X1_RVT       6  3.6    44    86    1422    (-,-) 
  g153270/Y            -       A->Y  R     INVX1_RVT        2  1.1    29    32    1454    (-,-) 
  g1425/Y              -       A2->Y R     OA21X1_RVT       1  0.6    27    59    1513    (-,-) 
  g153269/Y            -       A1->Y F     NAND2X0_RVT      1  0.6    31    28    1541    (-,-) 
  g722007/Y            -       A1->Y R     NAND3X0_RVT      1  0.6    36    34    1575    (-,-) 
  output_end_reg[12]/D -       -     R     DFFARX1_RVT      1    -     -     0    1575    (-,-) 
#-----------------------------------------------------------------------------------------------



Path 10: VIOLATED (-345 ps) Setup Check with Pin sm_walk_end_reg[13]/CLK->D
          Group: clk
     Startpoint: (F) tile_n[3]
          Clock: (R) clk
       Endpoint: (R) sm_walk_end_reg[13]/D
          Clock: (R) clk

                     Capture       Launch     
        Clock Edge:+    1333            0     
        Drv Adjust:+       0           12     
       Src Latency:+       0            0     
       Net Latency:+       0 (I)        0 (I) 
           Arrival:=    1333           12     
                                              
             Setup:-     107                  
       Uncertainty:-      50                  
     Required Time:=    1176                  
      Launch Clock:-      12                  
       Input Delay:-     400                  
         Data Path:-    1109                  
             Slack:=    -345                  

Exceptions/Constraints:
  input_delay             400             in_del_13_1 

#-------------------------------------------------------------------------------------------------
#     Timing Point      Flags   Arc   Edge     Cell      Fanout Load Trans Delay Arrival Instance 
#                                                               (fF)  (ps)  (ps)   (ps)  Location 
#-------------------------------------------------------------------------------------------------
  tile_n[3]             -       -     F     (arrival)         5  3.2    28     0     412    (-,-) 
  g154048/Y             -       A1->Y F     AND2X1_RVT        1  1.5    26    53     465    (-,-) 
  g154045/S             -       CI->S R     FADDX1_RVT        3  2.4    47   144     609    (-,-) 
  g154041/Y             -       A2->Y F     XOR3X2_RVT        2  1.8    50   161     771    (-,-) 
  fopt14069/Y           -       A->Y  F     NBUFFX4_RVT       5  2.9    25    57     828    (-,-) 
  g13898/Y              -       A3->Y F     OA21X1_RVT        1  0.7    26    54     882    (-,-) 
  g13962/Y              -       A2->Y F     OR2X2_RVT         5  3.5    30    60     942    (-,-) 
  g13965/Y              -       A1->Y F     OR2X1_RVT         1  0.5    23    56     998    (-,-) 
  g13964/Y              -       A3->Y F     OA21X1_RVT        1  0.6    27    52    1050    (-,-) 
  g13907/Y              -       A1->Y F     AO21X1_RVT        3  1.8    32    74    1125    (-,-) 
  g13909/Y              -       A2->Y R     OAI22X2_RVT       8  4.6    34   103    1228    (-,-) 
  add_137_29_g13915/Y   -       A2->Y R     OR2X1_RVT         6  3.3    43    63    1291    (-,-) 
  g154092/Y             -       A2->Y R     AND2X1_RVT        1  0.7    24    53    1344    (-,-) 
  g154091/Y             -       A1->Y F     NAND4X0_RVT       2  1.1    68    50    1395    (-,-) 
  g154088/Y             -       A2->Y R     NAND2X0_RVT       1  0.5    46    59    1453    (-,-) 
  g154087/Y             -       A1->Y R     AO21X1_RVT        1  0.5    28    68    1521    (-,-) 
  sm_walk_end_reg[13]/D -       -     R     SDFFARX1_RVT      1    -     -     0    1521    (-,-) 
#-------------------------------------------------------------------------------------------------



Path 11: VIOLATED (-340 ps) Late External Delay Assertion at pin b_rd_row[35][0]
          Group: clk
     Startpoint: (R) cycle_cnt_reg[1]/CLK
          Clock: (R) clk
       Endpoint: (F) b_rd_row[35][0]
          Clock: (R) clk

                     Capture       Launch     
        Clock Edge:+    1333            0     
       Src Latency:+       0            0     
       Net Latency:+       0 (I)        0 (I) 
           Arrival:=    1333            0     
                                              
      Output Delay:-     400                  
       Uncertainty:-      50                  
     Required Time:=     883                  
      Launch Clock:-       0                  
         Data Path:-    1223                  
             Slack:=    -340                  

Exceptions/Constraints:
  output_delay             400             ou_del_5410_1 

#--------------------------------------------------------------------------------------------------
#    Timing Point      Flags    Arc    Edge    Cell       Fanout Load Trans Delay Arrival Instance 
#                                                                (fF)  (ps)  (ps)   (ps)  Location 
#--------------------------------------------------------------------------------------------------
  cycle_cnt_reg[1]/CLK -       -       R     (arrival)    595004    -    50     0       0    (-,-) 
  cycle_cnt_reg[1]/QN  -       CLK->QN R     DFFARX2_RVT       3  3.9    52   144     144    (-,-) 
  g12478/Y             -       A->Y    F     INVX4_RVT         9  5.3    32    24     168    (-,-) 
  g1233/Y              -       A1->Y   F     OR2X2_RVT         6  3.4    30    71     239    (-,-) 
  g10857/Y             -       A2->Y   F     OR3X1_RVT         5  2.9    40    86     325    (-,-) 
  g2669/Y              -       A1->Y   F     AO21X1_RVT        1  1.4    29    79     404    (-,-) 
  g152190/Y            -       A->Y    F     NBUFFX8_RVT      41 23.2    34    58     462    (-,-) 
  g152528/Y            -       A1->Y   R     NAND2X4_RVT      11  6.8    32    89     551    (-,-) 
  g152545/Y            -       A1->Y   R     AND2X1_RVT        1  1.5    28    52     604    (-,-) 
  g152544/Y            -       A->Y    F     INVX2_RVT         6  5.5    31    29     632    (-,-) 
  g150395/Y            -       A->Y    R     INVX4_RVT        24 13.5    38    38     670    (-,-) 
  g5598_dup/Y          -       A1->Y   R     AO21X1_RVT        4  2.6    44    81     751    (-,-) 
  g152740/Y            -       A5->Y   R     AO221X2_RVT       5  2.9    54    83     834    (-,-) 
  g13042/Y             -       A1->Y   R     AO21X1_RVT        1  0.5    28    70     905    (-,-) 
  g151115/Y            -       A1->Y   R     AO222X1_RVT       3  1.7    50   115    1020    (-,-) 
  g152738/Y            -       A3->Y   R     AO21X1_RVT        6  4.2    56    70    1090    (-,-) 
  g663320_151118_dup/Y -       A2->Y   F     NOR2X2_RVT        7  4.2    32    88    1178    (-,-) 
  g151330/Y            -       A1->Y   F     AND2X1_RVT        1  0.1    20    45    1223    (-,-) 
  b_rd_row[35][0]      -       -       F     (port)            -    -     -     0    1223    (-,-) 
#--------------------------------------------------------------------------------------------------



Path 12: VIOLATED (-340 ps) Late External Delay Assertion at pin a_rd_col[35][0]
          Group: clk
     Startpoint: (R) cycle_cnt_reg[1]/CLK
          Clock: (R) clk
       Endpoint: (F) a_rd_col[35][0]
          Clock: (R) clk

                     Capture       Launch     
        Clock Edge:+    1333            0     
       Src Latency:+       0            0     
       Net Latency:+       0 (I)        0 (I) 
           Arrival:=    1333            0     
                                              
      Output Delay:-     400                  
       Uncertainty:-      50                  
     Required Time:=     883                  
      Launch Clock:-       0                  
         Data Path:-    1223                  
             Slack:=    -340                  

Exceptions/Constraints:
  output_delay             400             ou_del_4898_1 

#--------------------------------------------------------------------------------------------------
#    Timing Point      Flags    Arc    Edge    Cell       Fanout Load Trans Delay Arrival Instance 
#                                                                (fF)  (ps)  (ps)   (ps)  Location 
#--------------------------------------------------------------------------------------------------
  cycle_cnt_reg[1]/CLK -       -       R     (arrival)    595004    -    50     0       0    (-,-) 
  cycle_cnt_reg[1]/QN  -       CLK->QN R     DFFARX2_RVT       3  3.9    52   144     144    (-,-) 
  g12478/Y             -       A->Y    F     INVX4_RVT         9  5.3    32    24     168    (-,-) 
  g1233/Y              -       A1->Y   F     OR2X2_RVT         6  3.4    30    71     239    (-,-) 
  g10857/Y             -       A2->Y   F     OR3X1_RVT         5  2.9    40    86     325    (-,-) 
  g2669/Y              -       A1->Y   F     AO21X1_RVT        1  1.4    29    79     404    (-,-) 
  g152190/Y            -       A->Y    F     NBUFFX8_RVT      41 23.2    34    58     462    (-,-) 
  g152528/Y            -       A1->Y   R     NAND2X4_RVT      11  6.8    32    89     551    (-,-) 
  g152545/Y            -       A1->Y   R     AND2X1_RVT        1  1.5    28    52     604    (-,-) 
  g152544/Y            -       A->Y    F     INVX2_RVT         6  5.5    31    29     632    (-,-) 
  g150395/Y            -       A->Y    R     INVX4_RVT        24 13.5    38    38     670    (-,-) 
  g5598_dup/Y          -       A1->Y   R     AO21X1_RVT        4  2.6    44    81     751    (-,-) 
  g152740/Y            -       A5->Y   R     AO221X2_RVT       5  2.9    54    83     834    (-,-) 
  g13042/Y             -       A1->Y   R     AO21X1_RVT        1  0.5    28    70     905    (-,-) 
  g151115/Y            -       A1->Y   R     AO222X1_RVT       3  1.7    50   115    1020    (-,-) 
  g152738/Y            -       A3->Y   R     AO21X1_RVT        6  4.2    56    70    1090    (-,-) 
  g663319_151111_dup/Y -       A2->Y   F     NOR2X2_RVT        7  4.2    32    88    1178    (-,-) 
  g151313/Y            -       A1->Y   F     AND2X1_RVT        1  0.1    20    45    1223    (-,-) 
  a_rd_col[35][0]      -       -       F     (port)            -    -     -     0    1223    (-,-) 
#--------------------------------------------------------------------------------------------------



Path 13: VIOLATED (-339 ps) Setup Check with Pin elemwise_end_reg[10]/CLK->D
          Group: clk
     Startpoint: (F) tile_n[3]
          Clock: (R) clk
       Endpoint: (R) elemwise_end_reg[10]/D
          Clock: (R) clk

                     Capture       Launch     
        Clock Edge:+    1333            0     
        Drv Adjust:+       0           12     
       Src Latency:+       0            0     
       Net Latency:+       0 (I)        0 (I) 
           Arrival:=    1333           12     
                                              
             Setup:-     109                  
       Uncertainty:-      50                  
     Required Time:=    1174                  
      Launch Clock:-      12                  
       Input Delay:-     400                  
         Data Path:-    1102                  
             Slack:=    -339                  

Exceptions/Constraints:
  input_delay             400             in_del_13_1 

#-----------------------------------------------------------------------------------------------------------------
#             Timing Point              Flags   Arc   Edge     Cell      Fanout Load Trans Delay Arrival Instance 
#                                                                               (fF)  (ps)  (ps)   (ps)  Location 
#-----------------------------------------------------------------------------------------------------------------
  tile_n[3]                             -       -     F     (arrival)         5  3.2    28     0     412    (-,-) 
  g154048/Y                             -       A1->Y F     AND2X1_RVT        1  1.5    26    53     465    (-,-) 
  g154045/S                             -       CI->S R     FADDX1_RVT        3  2.4    47   144     609    (-,-) 
  g154041/Y                             -       A2->Y F     XOR3X2_RVT        2  1.8    50   161     771    (-,-) 
  fopt14069/Y                           -       A->Y  F     NBUFFX4_RVT       5  2.9    25    57     828    (-,-) 
  g152400/Y                             -       A1->Y F     OR2X1_RVT         1  0.6    23    54     881    (-,-) 
  g14216/Y                              -       A1->Y R     NAND3X0_RVT       1  0.6    36    30     911    (-,-) 
  g14215/Y                              -       A1->Y R     AND2X1_RVT        1  0.5    21    46     957    (-,-) 
  g154061/Y                             -       A1->Y R     AO21X1_RVT        5  2.9    46    78    1035    (-,-) 
  g154060/Y                             -       A1->Y R     AO21X1_RVT        1  0.9    31    72    1107    (-,-) 
  g154248/Y                             -       A3->Y F     XOR3X2_RVT        5  3.6    55    78    1185    (-,-) 
  fopt13490/Y                           -       A->Y  F     NBUFFX4_RVT       9  5.0    29    63    1248    (-,-) 
  WALLACE_CSA_DUMMY_OP_groupi_g150256/Y -       A1->Y R     NAND2X0_RVT       3  1.6    58    52    1300    (-,-) 
  g13128/Y                              -       A->Y  F     INVX0_RVT         1  0.5    30    20    1320    (-,-) 
  g13254/Y                              -       A2->Y F     OA22X1_RVT        3  1.6    37    79    1399    (-,-) 
  g13971/Y                              -       A2->Y R     NAND2X0_RVT       1  0.6    38    44    1443    (-,-) 
  g152509/Y                             -       A1->Y F     NAND2X0_RVT       1  0.5    35    29    1472    (-,-) 
  g152508/Y                             -       A2->Y R     NAND2X0_RVT       1  0.5    35    42    1514    (-,-) 
  elemwise_end_reg[10]/D                -       -     R     SDFFARX1_RVT      1    -     -     0    1514    (-,-) 
#-----------------------------------------------------------------------------------------------------------------



Path 14: VIOLATED (-339 ps) Setup Check with Pin output_end_reg[14]/CLK->D
          Group: clk
     Startpoint: (R) tile_m[3]
          Clock: (R) clk
       Endpoint: (R) output_end_reg[14]/D
          Clock: (R) clk

                     Capture       Launch     
        Clock Edge:+    1333            0     
        Drv Adjust:+       0           10     
       Src Latency:+       0            0     
       Net Latency:+       0 (I)        0 (I) 
           Arrival:=    1333           10     
                                              
             Setup:-      54                  
       Uncertainty:-      50                  
     Required Time:=    1229                  
      Launch Clock:-      10                  
       Input Delay:-     400                  
         Data Path:-    1158                  
             Slack:=    -339                  

Exceptions/Constraints:
  input_delay             400             in_del_5_1 

#------------------------------------------------------------------------------------------------
#    Timing Point      Flags    Arc   Edge    Cell      Fanout Load Trans Delay Arrival Instance 
#                                                              (fF)  (ps)  (ps)   (ps)  Location 
#------------------------------------------------------------------------------------------------
  tile_m[3]            -       -      R     (arrival)        4  2.5    26     0     410    (-,-) 
  fopt14037/Y          -       A->Y   R     NBUFFX4_RVT      6  6.4    30    51     461    (-,-) 
  g152290/Y3           -       A0->Y3 R     DEC24X1_RVT      1  1.9    29    52     513    (-,-) 
  g152289/S            -       B->S   F     FADDX1_RVT       3  2.3    47   141     654    (-,-) 
  g14056/Y             -       A1->Y  F     XOR3X2_RVT       2  2.0    51   153     807    (-,-) 
  g152288/Y            -       A->Y   R     INVX2_RVT        2  1.7    30    31     838    (-,-) 
  g152287/Y            -       A1->Y  F     XOR3X2_RVT       7  4.5    58   156     993    (-,-) 
  g153260/Y            -       A1->Y  F     OR2X1_RVT        4  2.3    33    81    1075    (-,-) 
  g184/Y               -       A3->Y  F     OA21X1_RVT       1  0.6    26    58    1132    (-,-) 
  g153265/Y            -       A1->Y  F     AO21X1_RVT       2  1.2    28    70    1202    (-,-) 
  g153271/Y            -       A1->Y  F     AO21X1_RVT       4  2.6    37    80    1282    (-,-) 
  g153277/Y            -       A->Y   R     INVX1_RVT        2  1.3    27    30    1312    (-,-) 
  g154192/Y            -       A->Y   F     INVX1_RVT        1  0.6    18    16    1329    (-,-) 
  g154191/Y            -       A1->Y  F     AO21X1_RVT       2  1.1    27    65    1394    (-,-) 
  g153275/Y            -       A1->Y  F     AND2X1_RVT       3  1.9    29    56    1449    (-,-) 
  g1483/Y              -       A2->Y  R     NAND2X0_RVT      1  0.6    36    39    1489    (-,-) 
  g1430/Y              -       A1->Y  F     NAND3X0_RVT      1  0.6    46    38    1527    (-,-) 
  g1428/Y              -       A1->Y  R     NAND3X0_RVT      1  0.6    40    41    1568    (-,-) 
  output_end_reg[14]/D -       -      R     DFFARX1_RVT      1    -     -     0    1568    (-,-) 
#------------------------------------------------------------------------------------------------



Path 15: VIOLATED (-339 ps) Setup Check with Pin output_end_reg[13]/CLK->D
          Group: clk
     Startpoint: (F) tile_n[3]
          Clock: (R) clk
       Endpoint: (R) output_end_reg[13]/D
          Clock: (R) clk

                     Capture       Launch     
        Clock Edge:+    1333            0     
        Drv Adjust:+       0           12     
       Src Latency:+       0            0     
       Net Latency:+       0 (I)        0 (I) 
           Arrival:=    1333           12     
                                              
             Setup:-      53                  
       Uncertainty:-      50                  
     Required Time:=    1230                  
      Launch Clock:-      12                  
       Input Delay:-     400                  
         Data Path:-    1157                  
             Slack:=    -339                  

Exceptions/Constraints:
  input_delay             400             in_del_13_1 

#-----------------------------------------------------------------------------------------------
#    Timing Point      Flags   Arc   Edge    Cell      Fanout Load Trans Delay Arrival Instance 
#                                                             (fF)  (ps)  (ps)   (ps)  Location 
#-----------------------------------------------------------------------------------------------
  tile_n[3]            -       -     F     (arrival)        5  3.2    28     0     412    (-,-) 
  g154048/Y            -       A1->Y F     AND2X1_RVT       1  1.5    26    53     465    (-,-) 
  g154045/S            -       CI->S R     FADDX1_RVT       3  2.4    47   144     609    (-,-) 
  g154041/Y            -       A2->Y F     XOR3X2_RVT       2  1.8    50   161     771    (-,-) 
  fopt14069/Y          -       A->Y  F     NBUFFX4_RVT      5  2.9    25    57     828    (-,-) 
  g152401/Y            -       A1->Y R     NAND3X0_RVT      1  0.6    34    31     859    (-,-) 
  g14216/Y             -       A2->Y F     NAND3X0_RVT      1  0.6    43    45     903    (-,-) 
  g14215/Y             -       A1->Y F     AND2X1_RVT       1  0.6    21    55     958    (-,-) 
  g154061/Y            -       A1->Y F     AO21X1_RVT       5  3.1    40    79    1037    (-,-) 
  g154060/Y            -       A1->Y F     AO21X1_RVT       1  0.9    26    75    1112    (-,-) 
  g154248/Y            -       A3->Y R     XOR3X2_RVT       5  3.7    51    79    1191    (-,-) 
  fopt13490/Y          -       A->Y  R     NBUFFX4_RVT      9  5.0    30    57    1248    (-,-) 
  g1663/Y              -       A1->Y F     NAND2X0_RVT      3  1.7    51    44    1292    (-,-) 
  g3909/Y              -       A1->Y R     NAND2X0_RVT      1  0.6    42    49    1341    (-,-) 
  g129/Y               -       A2->Y R     OA21X1_RVT       6  3.6    49    82    1423    (-,-) 
  g1426/Y              -       A1->Y F     NAND3X0_RVT      2  1.4    67    55    1478    (-,-) 
  g66/Y                -       A2->Y F     OR2X1_RVT        1  0.6    26    60    1538    (-,-) 
  g5271/Y              -       A1->Y R     NAND3X0_RVT      1  0.6    37    31    1569    (-,-) 
  output_end_reg[13]/D -       -     R     DFFARX1_RVT      1    -     -     0    1569    (-,-) 
#-----------------------------------------------------------------------------------------------



Path 16: VIOLATED (-338 ps) Setup Check with Pin sm_walk_end_reg[10]/CLK->D
          Group: clk
     Startpoint: (F) tile_n[3]
          Clock: (R) clk
       Endpoint: (R) sm_walk_end_reg[10]/D
          Clock: (R) clk

                     Capture       Launch     
        Clock Edge:+    1333            0     
        Drv Adjust:+       0           12     
       Src Latency:+       0            0     
       Net Latency:+       0 (I)        0 (I) 
           Arrival:=    1333           12     
                                              
             Setup:-     107                  
       Uncertainty:-      50                  
     Required Time:=    1176                  
      Launch Clock:-      12                  
       Input Delay:-     400                  
         Data Path:-    1102                  
             Slack:=    -338                  

Exceptions/Constraints:
  input_delay             400             in_del_13_1 

#-------------------------------------------------------------------------------------------------
#     Timing Point      Flags   Arc   Edge     Cell      Fanout Load Trans Delay Arrival Instance 
#                                                               (fF)  (ps)  (ps)   (ps)  Location 
#-------------------------------------------------------------------------------------------------
  tile_n[3]             -       -     F     (arrival)         5  3.2    28     0     412    (-,-) 
  g154048/Y             -       A1->Y F     AND2X1_RVT        1  1.5    26    53     465    (-,-) 
  g154045/S             -       CI->S R     FADDX1_RVT        3  2.4    47   144     609    (-,-) 
  g154041/Y             -       A2->Y F     XOR3X2_RVT        2  1.8    50   161     771    (-,-) 
  g152332/Y             -       A1->Y F     XOR3X2_RVT        2  1.7    50   152     923    (-,-) 
  g450/Y                -       A1->Y F     XOR3X2_RVT        3  4.0    56   163    1086    (-,-) 
  g537/Y                -       A1->Y F     OR2X1_RVT         3  1.9    28    78    1164    (-,-) 
  g152422/Y             -       A->Y  R     INVX1_RVT         1  0.6    20    22    1187    (-,-) 
  g154205/Y             -       A2->Y R     OA21X1_RVT        1  0.6    27    56    1243    (-,-) 
  g152421/Y             -       A1->Y F     NAND2X4_RVT       6  3.8    26    74    1316    (-,-) 
  g14634/Y              -       A1->Y R     AOI21X1_RVT       2  1.4    26    92    1408    (-,-) 
  fopt13805/Y           -       A->Y  F     INVX1_RVT         2  2.3    28    26    1434    (-,-) 
  g14636/Y              -       A1->Y R     XNOR2X2_RVT       1  0.5    29    80    1514    (-,-) 
  sm_walk_end_reg[10]/D -       -     R     SDFFARX1_RVT      1    -     -     0    1514    (-,-) 
#-------------------------------------------------------------------------------------------------



Path 17: VIOLATED (-330 ps) Setup Check with Pin elemwise_end_reg[12]/CLK->D
          Group: clk
     Startpoint: (R) tile_n[2]
          Clock: (R) clk
       Endpoint: (R) elemwise_end_reg[12]/D
          Clock: (R) clk

                     Capture       Launch     
        Clock Edge:+    1333            0     
        Drv Adjust:+       0           10     
       Src Latency:+       0            0     
       Net Latency:+       0 (I)        0 (I) 
           Arrival:=    1333           10     
                                              
             Setup:-     107                  
       Uncertainty:-      50                  
     Required Time:=    1176                  
      Launch Clock:-      10                  
       Input Delay:-     400                  
         Data Path:-    1096                  
             Slack:=    -330                  

Exceptions/Constraints:
  input_delay             400             in_del_14_1 

#-----------------------------------------------------------------------------------------------------------------
#            Timing Point              Flags    Arc   Edge     Cell      Fanout Load Trans Delay Arrival Instance 
#                                                                               (fF)  (ps)  (ps)   (ps)  Location 
#-----------------------------------------------------------------------------------------------------------------
  tile_n[2]                            -       -      R     (arrival)         4  2.5    26     0     410    (-,-) 
  fopt13070/Y                          -       A->Y   R     NBUFFX4_RVT       5  6.1    30    50     461    (-,-) 
  fopt11305/Y                          -       A->Y   R     NBUFFX8_RVT      12  7.9    24    47     507    (-,-) 
  mul_130_47_g1256/Y                   -       A1->Y  R     AND2X1_RVT        1  1.9    31    52     560    (-,-) 
  mul_130_47_cdnfadd_003_14168/S       -       B->S   F     FADDX1_RVT        1  1.5    42   136     696    (-,-) 
  mul_130_47_g14170/CO                 -       CI->CO F     FADDX1_RVT        1  1.5    37    83     778    (-,-) 
  g154157/CO                           -       CI->CO F     FADDX1_RVT        3  1.7    39    83     861    (-,-) 
  g154156/Y                            -       A2->Y  F     AO21X1_RVT        1  0.9    26    78     940    (-,-) 
  g154155/Y                            -       A3->Y  R     XOR3X2_RVT        4  2.9    48    76    1015    (-,-) 
  g154159/C1                           -       B0->C1 R     HADDX1_RVT        2  1.3    33    64    1080    (-,-) 
  WALLACE_CSA_DUMMY_OP_groupi_g13904/Y -       A2->Y  R     OR2X1_RVT         1  0.7    22    48    1127    (-,-) 
  g152347/Y                            -       A2->Y  R     OR2X2_RVT         4  2.2    28    51    1178    (-,-) 
  g2170_0/Y                            -       A1->Y  F     NAND2X0_RVT       1  0.5    29    27    1205    (-,-) 
  g2165/Y                              -       A2->Y  F     OA22X1_RVT        3  1.7    37    80    1285    (-,-) 
  g29/Y                                -       A1->Y  F     AND3X1_RVT        2  1.1    32    66    1351    (-,-) 
  g154029/Y                            -       A1->Y  F     OR2X1_RVT         2  1.2    28    61    1412    (-,-) 
  g154197/Y                            -       A1->Y  R     NAND2X0_RVT       1  0.6    36    36    1449    (-,-) 
  g155/Y                               -       A3->Y  R     AO22X1_RVT        1  0.5    28    57    1506    (-,-) 
  elemwise_end_reg[12]/D               -       -      R     SDFFARX1_RVT      1    -     -     0    1506    (-,-) 
#-----------------------------------------------------------------------------------------------------------------



Path 18: VIOLATED (-329 ps) Late External Delay Assertion at pin b_rd_row[51][0]
          Group: clk
     Startpoint: (R) tile_k[1]
          Clock: (R) clk
       Endpoint: (R) b_rd_row[51][0]
          Clock: (R) clk

                     Capture       Launch     
        Clock Edge:+    1333            0     
        Drv Adjust:+       0           13     
       Src Latency:+       0            0     
       Net Latency:+       0 (I)        0 (I) 
           Arrival:=    1333           13     
                                              
      Output Delay:-     400                  
       Uncertainty:-      50                  
     Required Time:=     883                  
      Launch Clock:-      13                  
       Input Delay:-     400                  
         Data Path:-     799                  
             Slack:=    -329                  

Exceptions/Constraints:
  input_delay              400             in_del_23_1   
  output_delay             400             ou_del_5282_1 

#------------------------------------------------------------------------------------------
#  Timing Point   Flags   Arc   Edge    Cell      Fanout Load Trans Delay Arrival Instance 
#                                                        (fF)  (ps)  (ps)   (ps)  Location 
#------------------------------------------------------------------------------------------
  tile_k[1]       -       -     R     (arrival)        5  3.0    31     0     413    (-,-) 
  fopt152140/Y    -       A->Y  F     INVX1_RVT        4  2.4    30    29     442    (-,-) 
  fopt35/Y        -       A->Y  R     INVX1_RVT        5  3.0    37    38     479    (-,-) 
  fopt6019/Y      -       A->Y  F     INVX1_RVT        4  2.3    32    30     509    (-,-) 
  g5662/Y         -       A1->Y R     NAND2X0_RVT      2  1.0    44    45     553    (-,-) 
  g5595/Y         -       A2->Y F     NAND2X0_RVT      2  1.1    42    43     596    (-,-) 
  g5485/Y         -       A1->Y R     NAND2X0_RVT      2  1.0    48    50     646    (-,-) 
  g5366/Y         -       A3->Y R     OA21X1_RVT       2  1.2    31    64     710    (-,-) 
  g5357/Y         -       A->Y  F     INVX0_RVT        1  0.5    20    18     728    (-,-) 
  g5324/Y         -       A1->Y F     AO22X1_RVT       2  1.0    26    67     795    (-,-) 
  g5297/Y         -       A1->Y F     AO22X1_RVT       2  1.3    28    72     867    (-,-) 
  g13357/Y        -       A2->Y F     OR2X1_RVT        2  1.2    23    50     917    (-,-) 
  g12553/Y        -       A1->Y F     AO21X1_RVT       1  0.6    24    64     981    (-,-) 
  g8259/Y         -       A1->Y F     AO21X1_RVT       2  1.4    29    70    1051    (-,-) 
  g9198/Y         -       A3->Y F     OR3X2_RVT        1  5.4    45    83    1134    (-,-) 
  g152604/Y       -       A->Y  R     INVX8_RVT       28 16.8    34    36    1170    (-,-) 
  g9205/Y         -       A1->Y R     AND2X1_RVT       1  0.1    20    42    1212    (-,-) 
  b_rd_row[51][0] -       -     R     (port)           -    -     -     0    1212    (-,-) 
#------------------------------------------------------------------------------------------



Path 19: VIOLATED (-329 ps) Late External Delay Assertion at pin b_rd_row[51][1]
          Group: clk
     Startpoint: (R) tile_k[1]
          Clock: (R) clk
       Endpoint: (R) b_rd_row[51][1]
          Clock: (R) clk

                     Capture       Launch     
        Clock Edge:+    1333            0     
        Drv Adjust:+       0           13     
       Src Latency:+       0            0     
       Net Latency:+       0 (I)        0 (I) 
           Arrival:=    1333           13     
                                              
      Output Delay:-     400                  
       Uncertainty:-      50                  
     Required Time:=     883                  
      Launch Clock:-      13                  
       Input Delay:-     400                  
         Data Path:-     799                  
             Slack:=    -329                  

Exceptions/Constraints:
  input_delay              400             in_del_23_1   
  output_delay             400             ou_del_5281_1 

#------------------------------------------------------------------------------------------
#  Timing Point   Flags   Arc   Edge    Cell      Fanout Load Trans Delay Arrival Instance 
#                                                        (fF)  (ps)  (ps)   (ps)  Location 
#------------------------------------------------------------------------------------------
  tile_k[1]       -       -     R     (arrival)        5  3.0    31     0     413    (-,-) 
  fopt152140/Y    -       A->Y  F     INVX1_RVT        4  2.4    30    29     442    (-,-) 
  fopt35/Y        -       A->Y  R     INVX1_RVT        5  3.0    37    38     479    (-,-) 
  fopt6019/Y      -       A->Y  F     INVX1_RVT        4  2.3    32    30     509    (-,-) 
  g5662/Y         -       A1->Y R     NAND2X0_RVT      2  1.0    44    45     553    (-,-) 
  g5595/Y         -       A2->Y F     NAND2X0_RVT      2  1.1    42    43     596    (-,-) 
  g5485/Y         -       A1->Y R     NAND2X0_RVT      2  1.0    48    50     646    (-,-) 
  g5366/Y         -       A3->Y R     OA21X1_RVT       2  1.2    31    64     710    (-,-) 
  g5357/Y         -       A->Y  F     INVX0_RVT        1  0.5    20    18     728    (-,-) 
  g5324/Y         -       A1->Y F     AO22X1_RVT       2  1.0    26    67     795    (-,-) 
  g5297/Y         -       A1->Y F     AO22X1_RVT       2  1.3    28    72     867    (-,-) 
  g13357/Y        -       A2->Y F     OR2X1_RVT        2  1.2    23    50     917    (-,-) 
  g12553/Y        -       A1->Y F     AO21X1_RVT       1  0.6    24    64     981    (-,-) 
  g8259/Y         -       A1->Y F     AO21X1_RVT       2  1.4    29    70    1051    (-,-) 
  g9198/Y         -       A3->Y F     OR3X2_RVT        1  5.4    45    83    1134    (-,-) 
  g152604/Y       -       A->Y  R     INVX8_RVT       28 16.8    34    36    1170    (-,-) 
  g151909/Y       -       A1->Y R     AND2X1_RVT       1  0.1    21    42    1212    (-,-) 
  b_rd_row[51][1] -       -     R     (port)           -    -     -     0    1212    (-,-) 
#------------------------------------------------------------------------------------------



Path 20: VIOLATED (-329 ps) Late External Delay Assertion at pin b_rd_row[51][2]
          Group: clk
     Startpoint: (R) tile_k[1]
          Clock: (R) clk
       Endpoint: (R) b_rd_row[51][2]
          Clock: (R) clk

                     Capture       Launch     
        Clock Edge:+    1333            0     
        Drv Adjust:+       0           13     
       Src Latency:+       0            0     
       Net Latency:+       0 (I)        0 (I) 
           Arrival:=    1333           13     
                                              
      Output Delay:-     400                  
       Uncertainty:-      50                  
     Required Time:=     883                  
      Launch Clock:-      13                  
       Input Delay:-     400                  
         Data Path:-     799                  
             Slack:=    -329                  

Exceptions/Constraints:
  input_delay              400             in_del_23_1   
  output_delay             400             ou_del_5280_1 

#------------------------------------------------------------------------------------------
#  Timing Point   Flags   Arc   Edge    Cell      Fanout Load Trans Delay Arrival Instance 
#                                                        (fF)  (ps)  (ps)   (ps)  Location 
#------------------------------------------------------------------------------------------
  tile_k[1]       -       -     R     (arrival)        5  3.0    31     0     413    (-,-) 
  fopt152140/Y    -       A->Y  F     INVX1_RVT        4  2.4    30    29     442    (-,-) 
  fopt35/Y        -       A->Y  R     INVX1_RVT        5  3.0    37    38     479    (-,-) 
  fopt6019/Y      -       A->Y  F     INVX1_RVT        4  2.3    32    30     509    (-,-) 
  g5662/Y         -       A1->Y R     NAND2X0_RVT      2  1.0    44    45     553    (-,-) 
  g5595/Y         -       A2->Y F     NAND2X0_RVT      2  1.1    42    43     596    (-,-) 
  g5485/Y         -       A1->Y R     NAND2X0_RVT      2  1.0    48    50     646    (-,-) 
  g5366/Y         -       A3->Y R     OA21X1_RVT       2  1.2    31    64     710    (-,-) 
  g5357/Y         -       A->Y  F     INVX0_RVT        1  0.5    20    18     728    (-,-) 
  g5324/Y         -       A1->Y F     AO22X1_RVT       2  1.0    26    67     795    (-,-) 
  g5297/Y         -       A1->Y F     AO22X1_RVT       2  1.3    28    72     867    (-,-) 
  g13357/Y        -       A2->Y F     OR2X1_RVT        2  1.2    23    50     917    (-,-) 
  g12553/Y        -       A1->Y F     AO21X1_RVT       1  0.6    24    64     981    (-,-) 
  g8259/Y         -       A1->Y F     AO21X1_RVT       2  1.4    29    70    1051    (-,-) 
  g9198/Y         -       A3->Y F     OR3X2_RVT        1  5.4    45    83    1134    (-,-) 
  g152604/Y       -       A->Y  R     INVX8_RVT       28 16.8    34    36    1170    (-,-) 
  g151908/Y       -       A1->Y R     AND2X1_RVT       1  0.1    24    42    1212    (-,-) 
  b_rd_row[51][2] -       -     R     (port)           -    -     -     0    1212    (-,-) 
#------------------------------------------------------------------------------------------

