============================================================
  Generated by:           Genus(TM) Synthesis Solution 21.12-s068_1
  Generated on:           Jun 06 2026  05:59:56 am
  Module:                 stream_pipeline_DATA_WIDTH32_ARRAY_DIM64_USE_LUT_SOFTMAX1_USE_LUT_GELU1_USE_PIPED4_MAC1_USE_PIPED_MAC1
  Operating conditions:   _nominal_ (balanced_tree)
  Wireload mode:          enclosed
  Area mode:              timing library
============================================================


Path 1: VIOLATED (-158 ps) Setup Check with Pin elemwise_end_reg[15]/CLK->D
          Group: clk
     Startpoint: (R) tile_m_r_reg[6]/CLK
          Clock: (R) clk
       Endpoint: (F) elemwise_end_reg[15]/D
          Clock: (R) clk

                     Capture       Launch     
        Clock Edge:+    1333            0     
       Src Latency:+       0            0     
       Net Latency:+       0 (I)        0 (I) 
           Arrival:=    1333            0     
                                              
             Setup:-     118                  
       Uncertainty:-      50                  
     Required Time:=    1165                  
      Launch Clock:-       0                  
         Data Path:-    1323                  
             Slack:=    -158                  

#------------------------------------------------------------------------------------------------------------------
#            Timing Point             Flags    Arc    Edge     Cell       Fanout Load Trans Delay Arrival Instance 
#                                                                                (fF)  (ps)  (ps)   (ps)  Location 
#------------------------------------------------------------------------------------------------------------------
  tile_m_r_reg[6]/CLK                 <<<     -       R     (arrival)     596183    -    50     0       0    (-,-) 
  tile_m_r_reg[6]/QN                  -       CLK->QN R     DFFARX2_RVT        1  2.8    47   138     138    (-,-) 
  g6658/Y                             -       A->Y    F     INVX4_RVT         13  8.7    35    30     168    (-,-) 
  csa_tree_mul_165_49_g3239/Y         -       A2->Y   F     AND2X1_RVT         2  1.5    26    60     228    (-,-) 
  csa_tree_mul_165_49_g3200/SO        -       B0->SO  R     HADDX1_RVT         1  1.9    34   103     331    (-,-) 
  csa_tree_mul_165_49_g3176/CO        -       B->CO   R     FADDX1_RVT         1  1.5    44    88     419    (-,-) 
  csa_tree_mul_165_49_g6671/S         -       CI->S   F     FADDX1_RVT         1  1.5    42   136     555    (-,-) 
  csa_tree_mul_165_49_g6668/CO        -       CI->CO  F     FADDX1_RVT         2  1.6    38    84     639    (-,-) 
  csa_tree_add_165_29_g6672/SO        -       B0->SO  R     HADDX1_RVT         1  1.5    31   106     745    (-,-) 
  csa_tree_add_165_29_g1001/S         -       CI->S   F     FADDX1_RVT         6  3.6    55   146     891    (-,-) 
  WALLACE_CSA_DUMMY_OP_groupi_g1957/Y -       A1->Y   R     NAND2X0_RVT        2  1.0    47    58     949    (-,-) 
  WALLACE_CSA_DUMMY_OP_groupi_g1915/Y -       A3->Y   R     AND3X1_RVT         2  1.4    34    74    1023    (-,-) 
  WALLACE_CSA_DUMMY_OP_groupi_g4383/Y -       A2->Y   R     OA21X1_RVT         2  1.4    32    66    1089    (-,-) 
  WALLACE_CSA_DUMMY_OP_groupi_g1872/Y -       A2->Y   R     OA21X1_RVT         2  1.5    33    66    1155    (-,-) 
  fopt153833/Y                        -       A->Y    F     INVX1_RVT          3  2.0    29    27    1182    (-,-) 
  WALLACE_CSA_DUMMY_OP_groupi_g1868/Y -       A1->Y   R     NAND2X0_RVT        2  1.4    53    49    1231    (-,-) 
  g268/Y                              -       A2->Y   R     OR2X1_RVT          1  0.6    23    53    1284    (-,-) 
  g265/Y                              -       A2->Y   F     NAND3X0_RVT        1  0.5    46    40    1323    (-,-) 
  elemwise_end_reg[15]/D              <<<     -       F     SDFFARX1_RVT       1    -     -     0    1323    (-,-) 
#------------------------------------------------------------------------------------------------------------------



Path 2: VIOLATED (-157 ps) Setup Check with Pin elemwise_end_reg[13]/CLK->D
          Group: clk
     Startpoint: (R) tile_m_r_reg[6]/CLK
          Clock: (R) clk
       Endpoint: (F) elemwise_end_reg[13]/D
          Clock: (R) clk

                     Capture       Launch     
        Clock Edge:+    1333            0     
       Src Latency:+       0            0     
       Net Latency:+       0 (I)        0 (I) 
           Arrival:=    1333            0     
                                              
             Setup:-     109                  
       Uncertainty:-      50                  
     Required Time:=    1174                  
      Launch Clock:-       0                  
         Data Path:-    1331                  
             Slack:=    -157                  

#------------------------------------------------------------------------------------------------------------------
#            Timing Point             Flags    Arc    Edge     Cell       Fanout Load Trans Delay Arrival Instance 
#                                                                                (fF)  (ps)  (ps)   (ps)  Location 
#------------------------------------------------------------------------------------------------------------------
  tile_m_r_reg[6]/CLK                 <<<     -       R     (arrival)     596183    -    50     0       0    (-,-) 
  tile_m_r_reg[6]/QN                  -       CLK->QN R     DFFARX2_RVT        1  2.8    47   138     138    (-,-) 
  g6658/Y                             -       A->Y    F     INVX4_RVT         13  8.7    35    30     168    (-,-) 
  csa_tree_mul_165_49_g3239/Y         -       A2->Y   F     AND2X1_RVT         2  1.5    26    60     228    (-,-) 
  csa_tree_mul_165_49_g3200/SO        -       B0->SO  R     HADDX1_RVT         1  1.9    34   103     331    (-,-) 
  csa_tree_mul_165_49_g3176/CO        -       B->CO   R     FADDX1_RVT         1  1.5    44    88     419    (-,-) 
  csa_tree_mul_165_49_g6671/S         -       CI->S   F     FADDX1_RVT         1  1.5    42   136     555    (-,-) 
  csa_tree_mul_165_49_g6668/CO        -       CI->CO  F     FADDX1_RVT         2  1.6    38    84     639    (-,-) 
  csa_tree_add_165_29_g6672/SO        -       B0->SO  R     HADDX1_RVT         1  1.5    31   106     745    (-,-) 
  csa_tree_add_165_29_g1001/S         -       CI->S   F     FADDX1_RVT         6  3.6    55   146     891    (-,-) 
  WALLACE_CSA_DUMMY_OP_groupi_g1957/Y -       A1->Y   R     NAND2X0_RVT        2  1.0    47    58     949    (-,-) 
  WALLACE_CSA_DUMMY_OP_groupi_g1915/Y -       A3->Y   R     AND3X1_RVT         2  1.4    34    74    1023    (-,-) 
  WALLACE_CSA_DUMMY_OP_groupi_g4383/Y -       A2->Y   R     OA21X1_RVT         2  1.4    32    66    1089    (-,-) 
  WALLACE_CSA_DUMMY_OP_groupi_g1872/Y -       A2->Y   R     OA21X1_RVT         2  1.5    33    66    1155    (-,-) 
  fopt153833/Y                        -       A->Y    F     INVX1_RVT          3  2.0    29    27    1182    (-,-) 
  g5408/Y                             -       A1->Y   R     NAND2X0_RVT        2  1.1    47    44    1227    (-,-) 
  g5406/Y                             -       A2->Y   F     NAND2X0_RVT        1  0.6    33    36    1262    (-,-) 
  g156406/Y                           -       A1->Y   F     AO21X1_RVT         1  0.5    24    69    1331    (-,-) 
  elemwise_end_reg[13]/D              <<<     -       F     SDFFARX1_RVT       1    -     -     0    1331    (-,-) 
#------------------------------------------------------------------------------------------------------------------



Path 3: VIOLATED (-140 ps) Setup Check with Pin sm_walk_end_reg[15]/CLK->D
          Group: clk
     Startpoint: (R) tile_m_r_reg[4]/CLK
          Clock: (R) clk
       Endpoint: (F) sm_walk_end_reg[15]/D
          Clock: (R) clk

                     Capture       Launch     
        Clock Edge:+    1333            0     
       Src Latency:+       0            0     
       Net Latency:+       0 (I)        0 (I) 
           Arrival:=    1333            0     
                                              
             Setup:-     109                  
       Uncertainty:-      50                  
     Required Time:=    1174                  
      Launch Clock:-       0                  
         Data Path:-    1314                  
             Slack:=    -140                  

#-------------------------------------------------------------------------------------------------------------------------------
#                  Timing Point                    Flags    Arc    Edge     Cell       Fanout Load Trans Delay Arrival Instance 
#                                                                                             (fF)  (ps)  (ps)   (ps)  Location 
#-------------------------------------------------------------------------------------------------------------------------------
  tile_m_r_reg[4]/CLK                              <<<     -       R     (arrival)     596183    -    50     0       0    (-,-) 
  tile_m_r_reg[4]/QN                               -       CLK->QN R     DFFARX2_RVT        1  2.8    47   138     138    (-,-) 
  g1080012/Y                                       -       A->Y    F     INVX4_RVT         17 11.2    38    33     172    (-,-) 
  g1079619/Y                                       -       A1->Y   F     AND2X1_RVT         4  3.0    36    67     239    (-,-) 
  g4860/Y                                          -       A->Y    R     INVX1_RVT          1  0.6    23    25     264    (-,-) 
  g89/Y                                            -       A3->Y   R     AO22X1_RVT         1  1.1    33    58     322    (-,-) 
  g4858/Y                                          -       A1->Y   F     XOR3X2_RVT         4  4.1    57   156     478    (-,-) 
  g2972/Y                                          -       A2->Y   R     OAI22X2_RVT        4  2.6    27   107     585    (-,-) 
  g5715/Y                                          -       A2->Y   R     OA21X1_RVT         1  0.5    26    57     642    (-,-) 
  g726891/Y                                        -       A3->Y   R     AO21X1_RVT         3  2.6    44    54     696    (-,-) 
  WALLACE_CSA_DUMMY_OP3_groupi_cdnfadd_006_6678/CO -       CI->CO  R     FADDX1_RVT         3  2.6    53    97     793    (-,-) 
  g6681/Y                                          -       A2->Y   F     XOR3X2_RVT         3  1.8    50   164     957    (-,-) 
  WALLACE_CSA_DUMMY_OP3_groupi_g6683/Y             -       A2->Y   F     OR2X1_RVT          2  1.1    26    58    1015    (-,-) 
  WALLACE_CSA_DUMMY_OP3_groupi_g154543/Y           -       A1->Y   F     AO21X1_RVT         2  1.0    27    68    1083    (-,-) 
  WALLACE_CSA_DUMMY_OP3_groupi_g6847_dup7623/Y     -       A3->Y   F     AO21X1_RVT         4  2.5    36    56    1139    (-,-) 
  fopt156410/Y                                     -       A->Y    R     INVX1_RVT          2  2.0    31    35    1174    (-,-) 
  g597/Y                                           -       A2->Y   R     OR2X1_RVT          2  1.1    26    50    1223    (-,-) 
  g593/Y                                           -       A1->Y   F     NAND3X0_RVT        1  0.6    43    36    1260    (-,-) 
  g7927/Y                                          -       A3->Y   F     AO22X1_RVT         1  0.5    23    54    1314    (-,-) 
  sm_walk_end_reg[15]/D                            <<<     -       F     SDFFARX1_RVT       1    -     -     0    1314    (-,-) 
#-------------------------------------------------------------------------------------------------------------------------------



Path 4: VIOLATED (-139 ps) Setup Check with Pin elemwise_end_reg[14]/CLK->D
          Group: clk
     Startpoint: (R) tile_m_r_reg[3]/CLK
          Clock: (R) clk
       Endpoint: (F) elemwise_end_reg[14]/D
          Clock: (R) clk

                     Capture       Launch     
        Clock Edge:+    1333            0     
       Src Latency:+       0            0     
       Net Latency:+       0 (I)        0 (I) 
           Arrival:=    1333            0     
                                              
             Setup:-     109                  
       Uncertainty:-      50                  
     Required Time:=    1174                  
      Launch Clock:-       0                  
         Data Path:-    1313                  
             Slack:=    -139                  

#------------------------------------------------------------------------------------------------------------------
#            Timing Point             Flags    Arc    Edge     Cell       Fanout Load Trans Delay Arrival Instance 
#                                                                                (fF)  (ps)  (ps)   (ps)  Location 
#------------------------------------------------------------------------------------------------------------------
  tile_m_r_reg[3]/CLK                 <<<     -       R     (arrival)     596183    -    50     0       0    (-,-) 
  tile_m_r_reg[3]/QN                  -       CLK->QN F     DFFARX1_RVT        1  0.8    37   111     111    (-,-) 
  fopt7850/Y                          -       A->Y    R     INVX1_RVT          2  1.3    27    31     142    (-,-) 
  fopt7852/Y                          -       A->Y    R     NBUFFX4_RVT        6  4.4    26    48     190    (-,-) 
  csa_tree_mul_165_49_g7856/Y         -       A1->Y   R     AND2X1_RVT         1  1.9    32    53     243    (-,-) 
  csa_tree_mul_165_49_g3191/S         -       B->S    F     FADDX1_RVT         1  1.5    42   136     379    (-,-) 
  csa_tree_mul_165_49_g6669/S         -       CI->S   R     FADDX1_RVT         1  1.5    41   143     522    (-,-) 
  csa_tree_mul_165_49_g3162/CO        -       CI->CO  R     FADDX1_RVT         3  2.0    48    92     614    (-,-) 
  csa_tree_add_165_29_g1633/Y         -       A3->Y   F     XOR3X2_RVT         1  1.9    50    76     690    (-,-) 
  csa_tree_add_165_29_g8909/S         -       A->S    R     FADDX1_RVT         2  2.4    47   162     852    (-,-) 
  fopt8911/Y                          -       A->Y    R     NBUFFX4_RVT        6  3.5    27    54     906    (-,-) 
  WALLACE_CSA_DUMMY_OP_groupi_g8916/Y -       A1->Y   F     NAND2X0_RVT        2  1.0    46    34     940    (-,-) 
  WALLACE_CSA_DUMMY_OP_groupi_g1915/Y -       A2->Y   F     AND3X1_RVT         2  1.4    34    78    1018    (-,-) 
  WALLACE_CSA_DUMMY_OP_groupi_g4383/Y -       A2->Y   F     OA21X1_RVT         2  1.4    31    69    1086    (-,-) 
  WALLACE_CSA_DUMMY_OP_groupi_g1872/Y -       A2->Y   F     OA21X1_RVT         2  1.5    31    68    1155    (-,-) 
  WALLACE_CSA_DUMMY_OP_groupi_g1866/Y -       A2->Y   F     OR2X1_RVT          2  1.1    24    51    1206    (-,-) 
  g156413/Y                           -       A1->Y   F     AND2X1_RVT         1  0.5    20    44    1250    (-,-) 
  g156412/Y                           -       A1->Y   F     AO22X1_RVT         1  0.5    23    63    1313    (-,-) 
  elemwise_end_reg[14]/D              <<<     -       F     SDFFARX1_RVT       1    -     -     0    1313    (-,-) 
#------------------------------------------------------------------------------------------------------------------



Path 5: VIOLATED (-135 ps) Setup Check with Pin sm_walk_end_reg[13]/CLK->D
          Group: clk
     Startpoint: (R) tile_m_r_reg[5]/CLK
          Clock: (R) clk
       Endpoint: (R) sm_walk_end_reg[13]/D
          Clock: (R) clk

                     Capture       Launch     
        Clock Edge:+    1333            0     
       Src Latency:+       0            0     
       Net Latency:+       0 (I)        0 (I) 
           Arrival:=    1333            0     
                                              
             Setup:-     109                  
       Uncertainty:-      50                  
     Required Time:=    1174                  
      Launch Clock:-       0                  
         Data Path:-    1308                  
             Slack:=    -135                  

#---------------------------------------------------------------------------------------------------------------------------
#                Timing Point                  Flags    Arc    Edge     Cell       Fanout Load Trans Delay Arrival Instance 
#                                                                                         (fF)  (ps)  (ps)   (ps)  Location 
#---------------------------------------------------------------------------------------------------------------------------
  tile_m_r_reg[5]/CLK                          <<<     -       R     (arrival)     596183    -    50     0       0    (-,-) 
  tile_m_r_reg[5]/QN                           -       CLK->QN R     DFFARX2_RVT        1  2.8    47   138     138    (-,-) 
  g156388/Y                                    -       A->Y    F     INVX4_RVT         13  8.0    34    28     167    (-,-) 
  g156391/Y                                    -       A1->Y   R     NAND2X0_RVT        2  1.7    60    56     223    (-,-) 
  g3051/Y                                      -       A1->Y   F     XOR3X2_RVT         3  2.5    52   161     384    (-,-) 
  g13574/Y                                     -       A1->Y   R     NAND2X0_RVT        3  2.7    84    80     464    (-,-) 
  g1074163/Y                                   -       A->Y    F     INVX1_RVT          5  4.5    64    54     518    (-,-) 
  g16081/Y                                     -       A1->Y   F     AND2X1_RVT         3  2.3    34    77     594    (-,-) 
  g717531/SO                                   -       A0->SO  R     HADDX1_RVT         2  2.1    36   108     703    (-,-) 
  WALLACE_CSA_DUMMY_OP3_groupi_cdnfadd_008_0/S -       CI->S   F     FADDX1_RVT         1  1.5    42   134     836    (-,-) 
  WALLACE_CSA_DUMMY_OP3_groupi_cdnfadd_008_1/S -       CI->S   R     FADDX1_RVT         2  1.3    39   142     978    (-,-) 
  WALLACE_CSA_DUMMY_OP3_groupi_g6684/Y         -       A1->Y   F     NAND2X0_RVT        2  1.2    45    40    1017    (-,-) 
  g8195/Y                                      -       A1->Y   F     AND2X1_RVT         2  1.2    26    60    1077    (-,-) 
  g7419_dup/Y                                  -       A2->Y   F     OA21X1_RVT         2  1.2    30    65    1142    (-,-) 
  WALLACE_CSA_DUMMY_OP3_groupi_g8198/Y         -       A2->Y   F     OA21X1_RVT         2  1.2    30    66    1208    (-,-) 
  WALLACE_CSA_DUMMY_OP3_groupi_g6831/Y         -       A1->Y   F     AO21X1_RVT         1  0.6    25    67    1275    (-,-) 
  WALLACE_CSA_DUMMY_OP3_groupi_g6824/Y         -       A1->Y   R     NAND2X0_RVT        1  0.5    37    34    1308    (-,-) 
  sm_walk_end_reg[13]/D                        <<<     -       R     SDFFARX1_RVT       1    -     -     0    1308    (-,-) 
#---------------------------------------------------------------------------------------------------------------------------



Path 6: VIOLATED (-133 ps) Setup Check with Pin elemwise_end_reg[12]/CLK->D
          Group: clk
     Startpoint: (R) tile_m_r_reg[3]/CLK
          Clock: (R) clk
       Endpoint: (F) elemwise_end_reg[12]/D
          Clock: (R) clk

                     Capture       Launch     
        Clock Edge:+    1333            0     
       Src Latency:+       0            0     
       Net Latency:+       0 (I)        0 (I) 
           Arrival:=    1333            0     
                                              
             Setup:-     109                  
       Uncertainty:-      50                  
     Required Time:=    1174                  
      Launch Clock:-       0                  
         Data Path:-    1306                  
             Slack:=    -133                  

#------------------------------------------------------------------------------------------------------------------
#            Timing Point             Flags    Arc    Edge     Cell       Fanout Load Trans Delay Arrival Instance 
#                                                                                (fF)  (ps)  (ps)   (ps)  Location 
#------------------------------------------------------------------------------------------------------------------
  tile_m_r_reg[3]/CLK                 <<<     -       R     (arrival)     596183    -    50     0       0    (-,-) 
  tile_m_r_reg[3]/QN                  -       CLK->QN F     DFFARX1_RVT        1  0.8    37   111     111    (-,-) 
  fopt7850/Y                          -       A->Y    R     INVX1_RVT          2  1.3    27    31     142    (-,-) 
  fopt7852/Y                          -       A->Y    R     NBUFFX4_RVT        6  4.4    26    48     190    (-,-) 
  csa_tree_mul_165_49_g7856/Y         -       A1->Y   R     AND2X1_RVT         1  1.9    32    53     243    (-,-) 
  csa_tree_mul_165_49_g3191/S         -       B->S    F     FADDX1_RVT         1  1.5    42   136     379    (-,-) 
  csa_tree_mul_165_49_g6669/S         -       CI->S   R     FADDX1_RVT         1  1.5    41   143     522    (-,-) 
  csa_tree_mul_165_49_g3162/CO        -       CI->CO  R     FADDX1_RVT         3  2.0    48    92     614    (-,-) 
  csa_tree_add_165_29_g1633/Y         -       A3->Y   F     XOR3X2_RVT         1  1.9    50    76     690    (-,-) 
  csa_tree_add_165_29_g8909/S         -       A->S    R     FADDX1_RVT         2  2.4    47   162     852    (-,-) 
  fopt8911/Y                          -       A->Y    R     NBUFFX4_RVT        6  3.5    27    54     906    (-,-) 
  WALLACE_CSA_DUMMY_OP_groupi_g8916/Y -       A1->Y   F     NAND2X0_RVT        2  1.0    46    34     940    (-,-) 
  WALLACE_CSA_DUMMY_OP_groupi_g1915/Y -       A2->Y   F     AND3X1_RVT         2  1.4    34    78    1018    (-,-) 
  WALLACE_CSA_DUMMY_OP_groupi_g4383/Y -       A2->Y   F     OA21X1_RVT         2  1.4    31    69    1086    (-,-) 
  WALLACE_CSA_DUMMY_OP_groupi_g1872/Y -       A2->Y   F     OA21X1_RVT         2  1.5    31    68    1155    (-,-) 
  fopt153833/Y                        -       A->Y    R     INVX1_RVT          3  2.0    29    33    1188    (-,-) 
  g6422/Y                             -       A->Y    F     INVX1_RVT          2  1.2    23    21    1209    (-,-) 
  g6421/Y                             -       A1->Y   F     AND3X1_RVT         1  0.5    27    54    1263    (-,-) 
  WALLACE_CSA_DUMMY_OP_groupi_g1828/Y -       A3->Y   F     AO21X1_RVT         1  0.5    24    44    1306    (-,-) 
  elemwise_end_reg[12]/D              <<<     -       F     SDFFARX1_RVT       1    -     -     0    1306    (-,-) 
#------------------------------------------------------------------------------------------------------------------



Path 7: VIOLATED (-123 ps) Setup Check with Pin sm_walk_end_reg[12]/CLK->D
          Group: clk
     Startpoint: (R) tile_m_r_reg[4]/CLK
          Clock: (R) clk
       Endpoint: (R) sm_walk_end_reg[12]/D
          Clock: (R) clk

                     Capture       Launch     
        Clock Edge:+    1333            0     
       Src Latency:+       0            0     
       Net Latency:+       0 (I)        0 (I) 
           Arrival:=    1333            0     
                                              
             Setup:-     107                  
       Uncertainty:-      50                  
     Required Time:=    1176                  
      Launch Clock:-       0                  
         Data Path:-    1299                  
             Slack:=    -123                  

#-------------------------------------------------------------------------------------------------------------------------------
#                  Timing Point                    Flags    Arc    Edge     Cell       Fanout Load Trans Delay Arrival Instance 
#                                                                                             (fF)  (ps)  (ps)   (ps)  Location 
#-------------------------------------------------------------------------------------------------------------------------------
  tile_m_r_reg[4]/CLK                              <<<     -       R     (arrival)     596183    -    50     0       0    (-,-) 
  tile_m_r_reg[4]/QN                               -       CLK->QN R     DFFARX2_RVT        1  2.8    47   138     138    (-,-) 
  g1080012/Y                                       -       A->Y    F     INVX4_RVT         17 11.2    38    33     172    (-,-) 
  g1079619/Y                                       -       A1->Y   F     AND2X1_RVT         4  3.0    36    67     239    (-,-) 
  g4860/Y                                          -       A->Y    R     INVX1_RVT          1  0.6    23    25     264    (-,-) 
  g89/Y                                            -       A3->Y   R     AO22X1_RVT         1  1.1    33    58     322    (-,-) 
  g4858/Y                                          -       A1->Y   F     XOR3X2_RVT         4  4.1    57   156     478    (-,-) 
  g2972/Y                                          -       A2->Y   R     OAI22X2_RVT        4  2.6    27   107     585    (-,-) 
  g5715/Y                                          -       A2->Y   R     OA21X1_RVT         1  0.5    26    57     642    (-,-) 
  g726891/Y                                        -       A3->Y   R     AO21X1_RVT         3  2.6    44    54     696    (-,-) 
  WALLACE_CSA_DUMMY_OP3_groupi_cdnfadd_006_6678/CO -       CI->CO  R     FADDX1_RVT         3  2.6    53    97     793    (-,-) 
  g6681/Y                                          -       A2->Y   F     XOR3X2_RVT         3  1.8    50   164     957    (-,-) 
  WALLACE_CSA_DUMMY_OP3_groupi_g6683/Y             -       A2->Y   F     OR2X1_RVT          2  1.1    26    58    1015    (-,-) 
  WALLACE_CSA_DUMMY_OP3_groupi_g154543/Y           -       A1->Y   F     AO21X1_RVT         2  1.0    27    68    1083    (-,-) 
  WALLACE_CSA_DUMMY_OP3_groupi_g6847_dup7623/Y     -       A3->Y   F     AO21X1_RVT         4  2.5    36    56    1139    (-,-) 
  WALLACE_CSA_DUMMY_OP3_groupi_g154548/Y           -       A1->Y   F     AO21X1_RVT         1  1.7    31    79    1218    (-,-) 
  WALLACE_CSA_DUMMY_OP3_groupi_g6822/Y             -       A1->Y   R     XNOR2X2_RVT        1  0.5    29    81    1299    (-,-) 
  sm_walk_end_reg[12]/D                            <<<     -       R     SDFFARX1_RVT       1    -     -     0    1299    (-,-) 
#-------------------------------------------------------------------------------------------------------------------------------



Path 8: VIOLATED (-119 ps) Setup Check with Pin sm_walk_end_reg[11]/CLK->D
          Group: clk
     Startpoint: (R) tile_m_r_reg[4]/CLK
          Clock: (R) clk
       Endpoint: (F) sm_walk_end_reg[11]/D
          Clock: (R) clk

                     Capture       Launch     
        Clock Edge:+    1333            0     
       Src Latency:+       0            0     
       Net Latency:+       0 (I)        0 (I) 
           Arrival:=    1333            0     
                                              
             Setup:-     117                  
       Uncertainty:-      50                  
     Required Time:=    1166                  
      Launch Clock:-       0                  
         Data Path:-    1285                  
             Slack:=    -119                  

#-------------------------------------------------------------------------------------------------------------------------------
#                  Timing Point                    Flags    Arc    Edge     Cell       Fanout Load Trans Delay Arrival Instance 
#                                                                                             (fF)  (ps)  (ps)   (ps)  Location 
#-------------------------------------------------------------------------------------------------------------------------------
  tile_m_r_reg[4]/CLK                              <<<     -       R     (arrival)     596183    -    50     0       0    (-,-) 
  tile_m_r_reg[4]/QN                               -       CLK->QN R     DFFARX2_RVT        1  2.8    47   138     138    (-,-) 
  g1080012/Y                                       -       A->Y    F     INVX4_RVT         17 11.2    38    33     172    (-,-) 
  g1079619/Y                                       -       A1->Y   F     AND2X1_RVT         4  3.0    36    67     239    (-,-) 
  g4860/Y                                          -       A->Y    R     INVX1_RVT          1  0.6    23    25     264    (-,-) 
  g89/Y                                            -       A3->Y   R     AO22X1_RVT         1  1.1    33    58     322    (-,-) 
  g4858/Y                                          -       A1->Y   F     XOR3X2_RVT         4  4.1    57   156     478    (-,-) 
  g2972/Y                                          -       A2->Y   R     OAI22X2_RVT        4  2.6    27   107     585    (-,-) 
  g5715/Y                                          -       A2->Y   R     OA21X1_RVT         1  0.5    26    57     642    (-,-) 
  g726891/Y                                        -       A3->Y   R     AO21X1_RVT         3  2.6    44    54     696    (-,-) 
  WALLACE_CSA_DUMMY_OP3_groupi_cdnfadd_006_6678/CO -       CI->CO  R     FADDX1_RVT         3  2.6    53    97     793    (-,-) 
  g6681/Y                                          -       A2->Y   F     XOR3X2_RVT         3  1.8    50   164     957    (-,-) 
  WALLACE_CSA_DUMMY_OP3_groupi_g6683/Y             -       A2->Y   F     OR2X1_RVT          2  1.1    26    58    1015    (-,-) 
  WALLACE_CSA_DUMMY_OP3_groupi_g154543/Y           -       A1->Y   F     AO21X1_RVT         2  1.0    27    68    1083    (-,-) 
  WALLACE_CSA_DUMMY_OP3_groupi_g7626/Y             -       A3->Y   F     AO21X1_RVT         5  2.7    37    57    1140    (-,-) 
  g6498/Y                                          -       A2->Y   R     NAND2X0_RVT        2  1.2    50    53    1193    (-,-) 
  g6502/Y                                          -       A2->Y   R     OR2X1_RVT          1  0.5    22    51    1244    (-,-) 
  g6495/Y                                          -       A3->Y   F     NAND3X0_RVT        1  0.5    44    41    1285    (-,-) 
  sm_walk_end_reg[11]/D                            <<<     -       F     SDFFARX1_RVT       1    -     -     0    1285    (-,-) 
#-------------------------------------------------------------------------------------------------------------------------------



Path 9: VIOLATED (-118 ps) Setup Check with Pin sm_walk_end_reg[14]/CLK->D
          Group: clk
     Startpoint: (R) tile_m_r_reg[6]/CLK
          Clock: (R) clk
       Endpoint: (F) sm_walk_end_reg[14]/D
          Clock: (R) clk

                     Capture       Launch     
        Clock Edge:+    1333            0     
       Src Latency:+       0            0     
       Net Latency:+       0 (I)        0 (I) 
           Arrival:=    1333            0     
                                              
             Setup:-     112                  
       Uncertainty:-      50                  
     Required Time:=    1171                  
      Launch Clock:-       0                  
         Data Path:-    1289                  
             Slack:=    -118                  

#------------------------------------------------------------------------------------------------------------------------------
#                  Timing Point                   Flags    Arc    Edge     Cell       Fanout Load Trans Delay Arrival Instance 
#                                                                                            (fF)  (ps)  (ps)   (ps)  Location 
#------------------------------------------------------------------------------------------------------------------------------
  tile_m_r_reg[6]/CLK                             <<<     -       R     (arrival)     596183    -    50     0       0    (-,-) 
  tile_m_r_reg[6]/QN                              -       CLK->QN R     DFFARX2_RVT        1  2.8    47   138     138    (-,-) 
  g6658/Y                                         -       A->Y    F     INVX4_RVT         13  8.7    35    30     168    (-,-) 
  csa_tree_mul_165_49_g3239/Y                     -       A2->Y   F     AND2X1_RVT         2  1.5    26    60     228    (-,-) 
  csa_tree_mul_165_49_g3200/SO                    -       B0->SO  R     HADDX1_RVT         1  1.9    34   103     331    (-,-) 
  csa_tree_mul_165_49_g3176/CO                    -       B->CO   R     FADDX1_RVT         1  1.5    44    88     419    (-,-) 
  csa_tree_mul_165_49_g6671/S                     -       CI->S   F     FADDX1_RVT         1  1.5    42   136     555    (-,-) 
  csa_tree_mul_165_49_g6668/CO                    -       CI->CO  F     FADDX1_RVT         2  1.6    38    84     639    (-,-) 
  g6674/Y                                         -       A->Y    F     NBUFFX2_RVT        1  1.9    23    52     691    (-,-) 
  WALLACE_CSA_DUMMY_OP3_groupi_cdnfadd_009_6673/S -       B->S    R     FADDX1_RVT         1  1.5    41   132     823    (-,-) 
  WALLACE_CSA_DUMMY_OP3_groupi_cdnfadd_009_1002/S -       CI->S   F     FADDX1_RVT         2  1.3    41   133     956    (-,-) 
  WALLACE_CSA_DUMMY_OP3_groupi_g6906/Y            -       A1->Y   R     NAND2X0_RVT        3  1.7    61    60    1016    (-,-) 
  g8195/Y                                         -       A2->Y   R     AND2X1_RVT         2  1.2    28    61    1077    (-,-) 
  g156409/Y                                       -       A2->Y   R     OA21X1_RVT         2  1.3    32    64    1141    (-,-) 
  WALLACE_CSA_DUMMY_OP3_groupi_g8197/Y            -       A2->Y   R     OA21X1_RVT         2  1.2    32    64    1205    (-,-) 
  g6441/Y                                         -       A3->Y   R     AO22X1_RVT         1  0.6    30    56    1262    (-,-) 
  g6440/Y                                         -       A1->Y   F     NAND2X0_RVT        1  0.5    30    28    1289    (-,-) 
  sm_walk_end_reg[14]/D                           <<<     -       F     SDFFARX1_RVT       1    -     -     0    1289    (-,-) 
#------------------------------------------------------------------------------------------------------------------------------



Path 10: VIOLATED (-117 ps) Setup Check with Pin output_end_reg[15]/CLK->D
          Group: clk
     Startpoint: (R) tile_m_r_reg[4]/CLK
          Clock: (R) clk
       Endpoint: (R) output_end_reg[15]/D
          Clock: (R) clk

                     Capture       Launch     
        Clock Edge:+    1333            0     
       Src Latency:+       0            0     
       Net Latency:+       0 (I)        0 (I) 
           Arrival:=    1333            0     
                                              
             Setup:-     110                  
       Uncertainty:-      50                  
     Required Time:=    1173                  
      Launch Clock:-       0                  
         Data Path:-    1291                  
             Slack:=    -117                  

#-------------------------------------------------------------------------------------------------------------
#         Timing Point           Flags    Arc    Edge     Cell       Fanout Load Trans Delay Arrival Instance 
#                                                                           (fF)  (ps)  (ps)   (ps)  Location 
#-------------------------------------------------------------------------------------------------------------
  tile_m_r_reg[4]/CLK            <<<     -       R     (arrival)     596183    -    50     0       0    (-,-) 
  tile_m_r_reg[4]/QN             -       CLK->QN R     DFFARX2_RVT        1  2.8    47   138     138    (-,-) 
  g1080012/Y                     -       A->Y    F     INVX4_RVT         17 11.2    38    33     172    (-,-) 
  g1079619/Y                     -       A1->Y   F     AND2X1_RVT         4  3.0    36    67     239    (-,-) 
  g4860/Y                        -       A->Y    R     INVX1_RVT          1  0.6    23    25     264    (-,-) 
  g89/Y                          -       A3->Y   R     AO22X1_RVT         1  1.1    33    58     322    (-,-) 
  g4858/Y                        -       A1->Y   F     XOR3X2_RVT         4  4.1    57   156     478    (-,-) 
  csa_tree_add_165_29_g8054/S    -       A->S    R     FADDX1_RVT         1  1.5    41   158     636    (-,-) 
  csa_tree_add_165_29_g1620/S    -       CI->S   F     FADDX1_RVT         5  3.0    51   146     782    (-,-) 
  final_adder_add_165_29_g9572/Y -       A2->Y   F     OR2X1_RVT          2  1.1    26    58     840    (-,-) 
  final_adder_add_165_29_g9527/Y -       A1->Y   F     AO21X1_RVT         2  1.2    28    70     910    (-,-) 
  g5342/Y                        -       A1->Y   F     AO21X1_RVT         1  0.6    24    66     976    (-,-) 
  g7293/Y                        -       A1->Y   F     AO21X1_RVT         2  1.4    29    70    1046    (-,-) 
  g7291/Y                        -       A2->Y   F     OR2X2_RVT          4  2.5    28    58    1104    (-,-) 
  g7290/Y                        -       A1->Y   R     NAND3X0_RVT        1  0.6    35    32    1136    (-,-) 
  final_adder_add_165_29_g9487/Y -       A1->Y   F     NAND3X0_RVT        1  0.5    43    37    1173    (-,-) 
  final_adder_add_165_29_g9474/Y -       A3->Y   F     AO21X1_RVT         1  0.9    26    53    1226    (-,-) 
  final_adder_add_165_29_g9468/Y -       A3->Y   R     XOR3X2_RVT         1  0.5    38    65    1291    (-,-) 
  output_end_reg[15]/D           <<<     -       R     SDFFARX1_RVT       1    -     -     0    1291    (-,-) 
#-------------------------------------------------------------------------------------------------------------



Path 11: VIOLATED (-117 ps) Setup Check with Pin output_end_reg[14]/CLK->D
          Group: clk
     Startpoint: (R) tile_m_r_reg[3]/CLK
          Clock: (R) clk
       Endpoint: (R) output_end_reg[14]/D
          Clock: (R) clk

                     Capture       Launch     
        Clock Edge:+    1333            0     
       Src Latency:+       0            0     
       Net Latency:+       0 (I)        0 (I) 
           Arrival:=    1333            0     
                                              
             Setup:-     107                  
       Uncertainty:-      50                  
     Required Time:=    1176                  
      Launch Clock:-       0                  
         Data Path:-    1293                  
             Slack:=    -117                  

#-------------------------------------------------------------------------------------------------------------
#         Timing Point           Flags    Arc    Edge     Cell       Fanout Load Trans Delay Arrival Instance 
#                                                                           (fF)  (ps)  (ps)   (ps)  Location 
#-------------------------------------------------------------------------------------------------------------
  tile_m_r_reg[3]/CLK            <<<     -       R     (arrival)     596183    -    50     0       0    (-,-) 
  tile_m_r_reg[3]/QN             -       CLK->QN R     DFFARX1_RVT        1  0.8    37   125     125    (-,-) 
  fopt7850/Y                     -       A->Y    F     INVX1_RVT          2  1.3    27    23     149    (-,-) 
  g5265/Y                        -       A1->Y   R     NAND2X0_RVT        2  1.7    60    52     200    (-,-) 
  g5713/Y                        -       A1->Y   F     XOR3X2_RVT         3  2.6    52   161     362    (-,-) 
  g18203/Y                       -       A2->Y   R     XOR2X2_RVT         6  5.1    48   118     480    (-,-) 
  csa_tree_add_165_29_g5719/S    -       CI->S   F     FADDX1_RVT         1  1.5    42   137     617    (-,-) 
  csa_tree_add_165_29_g1618/S    -       CI->S   R     FADDX1_RVT         5  3.5    55   157     774    (-,-) 
  final_adder_add_165_29_g9590/Y -       A1->Y   R     AND2X1_RVT         3  1.6    31    58     832    (-,-) 
  final_adder_add_165_29_g9527/Y -       A2->Y   R     AO21X1_RVT         2  1.1    32    72     903    (-,-) 
  g5342/Y                        -       A1->Y   R     AO21X1_RVT         1  0.5    27    64     967    (-,-) 
  g7293/Y                        -       A1->Y   R     AO21X1_RVT         2  1.4    34    70    1036    (-,-) 
  g7291/Y                        -       A2->Y   R     OR2X2_RVT          4  2.5    29    57    1093    (-,-) 
  g156750/Y                      -       A->Y    F     INVX1_RVT          3  1.5    24    23    1116    (-,-) 
  g5573/Y                        -       A2->Y   F     OA221X1_RVT        2  1.3    44    96    1212    (-,-) 
  final_adder_add_165_29_g9477/Y -       A->Y    R     INVX1_RVT          1  0.6    26    28    1239    (-,-) 
  final_adder_add_165_29_g9467/Y -       A3->Y   R     AO22X1_RVT         1  0.5    28    54    1293    (-,-) 
  output_end_reg[14]/D           <<<     -       R     SDFFARX1_RVT       1    -     -     0    1293    (-,-) 
#-------------------------------------------------------------------------------------------------------------



Path 12: VIOLATED (-117 ps) Setup Check with Pin output_end_reg[13]/CLK->D
          Group: clk
     Startpoint: (R) tile_m_r_reg[3]/CLK
          Clock: (R) clk
       Endpoint: (R) output_end_reg[13]/D
          Clock: (R) clk

                     Capture       Launch     
        Clock Edge:+    1333            0     
       Src Latency:+       0            0     
       Net Latency:+       0 (I)        0 (I) 
           Arrival:=    1333            0     
                                              
             Setup:-     107                  
       Uncertainty:-      50                  
     Required Time:=    1176                  
      Launch Clock:-       0                  
         Data Path:-    1293                  
             Slack:=    -117                  

#-------------------------------------------------------------------------------------------------------------
#         Timing Point           Flags    Arc    Edge     Cell       Fanout Load Trans Delay Arrival Instance 
#                                                                           (fF)  (ps)  (ps)   (ps)  Location 
#-------------------------------------------------------------------------------------------------------------
  tile_m_r_reg[3]/CLK            <<<     -       R     (arrival)     596183    -    50     0       0    (-,-) 
  tile_m_r_reg[3]/QN             -       CLK->QN R     DFFARX1_RVT        1  0.8    37   125     125    (-,-) 
  fopt7850/Y                     -       A->Y    F     INVX1_RVT          2  1.3    27    23     149    (-,-) 
  g5265/Y                        -       A1->Y   R     NAND2X0_RVT        2  1.7    60    52     200    (-,-) 
  g5713/Y                        -       A1->Y   F     XOR3X2_RVT         3  2.6    52   161     362    (-,-) 
  g18203/Y                       -       A2->Y   R     XOR2X2_RVT         6  5.1    48   118     480    (-,-) 
  csa_tree_add_165_29_g5719/S    -       CI->S   F     FADDX1_RVT         1  1.5    42   137     617    (-,-) 
  csa_tree_add_165_29_g1618/S    -       CI->S   R     FADDX1_RVT         5  3.5    55   157     774    (-,-) 
  final_adder_add_165_29_g9590/Y -       A1->Y   R     AND2X1_RVT         3  1.6    31    58     832    (-,-) 
  final_adder_add_165_29_g9527/Y -       A2->Y   R     AO21X1_RVT         2  1.1    32    72     903    (-,-) 
  g5342/Y                        -       A1->Y   R     AO21X1_RVT         1  0.5    27    64     967    (-,-) 
  g7293/Y                        -       A1->Y   R     AO21X1_RVT         2  1.4    34    70    1036    (-,-) 
  g7291/Y                        -       A2->Y   R     OR2X2_RVT          4  2.5    29    57    1093    (-,-) 
  g156750/Y                      -       A->Y    F     INVX1_RVT          3  1.5    24    23    1116    (-,-) 
  g5570/Y                        -       A2->Y   F     OA221X1_RVT        2  1.3    44    96    1212    (-,-) 
  final_adder_add_165_29_g9475/Y -       A->Y    R     INVX1_RVT          1  0.6    26    28    1239    (-,-) 
  final_adder_add_165_29_g9466/Y -       A3->Y   R     AO22X1_RVT         1  0.5    28    54    1293    (-,-) 
  output_end_reg[13]/D           <<<     -       R     SDFFARX1_RVT       1    -     -     0    1293    (-,-) 
#-------------------------------------------------------------------------------------------------------------



Path 13: VIOLATED (-116 ps) Setup Check with Pin elemwise_end_reg[9]/CLK->D
          Group: clk
     Startpoint: (R) tile_m_r_reg[4]/CLK
          Clock: (R) clk
       Endpoint: (F) elemwise_end_reg[9]/D
          Clock: (R) clk

                     Capture       Launch     
        Clock Edge:+    1333            0     
       Src Latency:+       0            0     
       Net Latency:+       0 (I)        0 (I) 
           Arrival:=    1333            0     
                                              
             Setup:-     112                  
       Uncertainty:-      50                  
     Required Time:=    1171                  
      Launch Clock:-       0                  
         Data Path:-    1287                  
             Slack:=    -116                  

#------------------------------------------------------------------------------------------------------------------
#            Timing Point             Flags    Arc    Edge     Cell       Fanout Load Trans Delay Arrival Instance 
#                                                                                (fF)  (ps)  (ps)   (ps)  Location 
#------------------------------------------------------------------------------------------------------------------
  tile_m_r_reg[4]/CLK                 <<<     -       R     (arrival)     596183    -    50     0       0    (-,-) 
  tile_m_r_reg[4]/QN                  -       CLK->QN R     DFFARX2_RVT        1  2.8    47   138     138    (-,-) 
  g1080012/Y                          -       A->Y    F     INVX4_RVT         17 11.2    38    33     172    (-,-) 
  g1079619/Y                          -       A1->Y   F     AND2X1_RVT         4  3.0    36    67     239    (-,-) 
  g4860/Y                             -       A->Y    R     INVX1_RVT          1  0.6    23    25     264    (-,-) 
  g89/Y                               -       A3->Y   R     AO22X1_RVT         1  1.1    33    58     322    (-,-) 
  g4858/Y                             -       A1->Y   F     XOR3X2_RVT         4  4.1    57   156     478    (-,-) 
  csa_tree_add_165_29_g8054/S         -       A->S    R     FADDX1_RVT         1  1.5    41   158     636    (-,-) 
  csa_tree_add_165_29_g1620/S         -       CI->S   F     FADDX1_RVT         5  3.0    51   146     782    (-,-) 
  WALLACE_CSA_DUMMY_OP_groupi_g1961/Y -       A2->Y   F     OR2X1_RVT          2  1.0    25    58     839    (-,-) 
  WALLACE_CSA_DUMMY_OP_groupi_g7629/Y -       A2->Y   F     AO21X1_RVT         3  1.8    32    77     916    (-,-) 
  g7634/Y                             -       A1->Y   R     NAND3X0_RVT        1  0.6    34    34     951    (-,-) 
  g156394/Y                           -       A2->Y   F     NAND3X0_RVT        2  1.1    57    53    1004    (-,-) 
  WALLACE_CSA_DUMMY_OP_groupi_g871/Y  -       A2->Y   F     AO21X1_RVT         2  2.1    34    97    1101    (-,-) 
  WALLACE_CSA_DUMMY_OP_groupi_g1854/Y -       A->Y    F     NBUFFX8_RVT        7  7.5    22    49    1150    (-,-) 
  WALLACE_CSA_DUMMY_OP_groupi_g1848/Y -       A1->Y   R     NAND2X0_RVT        2  1.1    47    41    1191    (-,-) 
  WALLACE_CSA_DUMMY_OP_groupi_g1833/Y -       A1->Y   R     AO21X1_RVT         1  0.6    29    69    1260    (-,-) 
  WALLACE_CSA_DUMMY_OP_groupi_g1826/Y -       A1->Y   F     NAND2X0_RVT        1  0.5    29    27    1287    (-,-) 
  elemwise_end_reg[9]/D               <<<     -       F     SDFFARX1_RVT       1    -     -     0    1287    (-,-) 
#------------------------------------------------------------------------------------------------------------------



Path 14: VIOLATED (-91 ps) Setup Check with Pin sm_walk_end_reg[8]/CLK->D
          Group: clk
     Startpoint: (R) tile_m_r_reg[4]/CLK
          Clock: (R) clk
       Endpoint: (F) sm_walk_end_reg[8]/D
          Clock: (R) clk

                     Capture       Launch     
        Clock Edge:+    1333            0     
       Src Latency:+       0            0     
       Net Latency:+       0 (I)        0 (I) 
           Arrival:=    1333            0     
                                              
             Setup:-     113                  
       Uncertainty:-      50                  
     Required Time:=    1170                  
      Launch Clock:-       0                  
         Data Path:-    1260                  
             Slack:=     -91                  

#-------------------------------------------------------------------------------------------------------------------------------
#                  Timing Point                    Flags    Arc    Edge     Cell       Fanout Load Trans Delay Arrival Instance 
#                                                                                             (fF)  (ps)  (ps)   (ps)  Location 
#-------------------------------------------------------------------------------------------------------------------------------
  tile_m_r_reg[4]/CLK                              <<<     -       R     (arrival)     596183    -    50     0       0    (-,-) 
  tile_m_r_reg[4]/QN                               -       CLK->QN R     DFFARX2_RVT        1  2.8    47   138     138    (-,-) 
  g1080012/Y                                       -       A->Y    F     INVX4_RVT         17 11.2    38    33     172    (-,-) 
  g1079619/Y                                       -       A1->Y   F     AND2X1_RVT         4  3.0    36    67     239    (-,-) 
  g4860/Y                                          -       A->Y    R     INVX1_RVT          1  0.6    23    25     264    (-,-) 
  g89/Y                                            -       A3->Y   R     AO22X1_RVT         1  1.1    33    58     322    (-,-) 
  g4858/Y                                          -       A1->Y   F     XOR3X2_RVT         4  4.1    57   156     478    (-,-) 
  g2972/Y                                          -       A2->Y   R     OAI22X2_RVT        4  2.6    27   107     585    (-,-) 
  g5715/Y                                          -       A2->Y   R     OA21X1_RVT         1  0.5    26    57     642    (-,-) 
  g726891/Y                                        -       A3->Y   R     AO21X1_RVT         3  2.6    44    54     696    (-,-) 
  WALLACE_CSA_DUMMY_OP3_groupi_cdnfadd_006_6678/CO -       CI->CO  R     FADDX1_RVT         3  2.6    53    97     793    (-,-) 
  g6681/Y                                          -       A2->Y   F     XOR3X2_RVT         3  1.8    50   164     957    (-,-) 
  WALLACE_CSA_DUMMY_OP3_groupi_g6683/Y             -       A2->Y   F     OR2X1_RVT          2  1.1    26    58    1015    (-,-) 
  WALLACE_CSA_DUMMY_OP3_groupi_g154543/Y           -       A1->Y   F     AO21X1_RVT         2  1.0    27    68    1083    (-,-) 
  WALLACE_CSA_DUMMY_OP3_groupi_g6847_dup7623/Y     -       A3->Y   F     AO21X1_RVT         4  2.5    36    56    1139    (-,-) 
  fopt156410/Y                                     -       A->Y    R     INVX1_RVT          2  2.0    31    35    1174    (-,-) 
  g5622/Y                                          -       A1->Y   F     XOR2X2_RVT         1  0.5    32    87    1260    (-,-) 
  sm_walk_end_reg[8]/D                             <<<     -       F     SDFFARX1_RVT       1    -     -     0    1260    (-,-) 
#-------------------------------------------------------------------------------------------------------------------------------



Path 15: VIOLATED (-90 ps) Setup Check with Pin u_fused/g_gelu_lut.u_gelu/s1_sat_pos_reg/CLK->D
          Group: clk
     Startpoint: (R) out_col_cnt_reg[2]/CLK
          Clock: (R) clk
       Endpoint: (F) u_fused/g_gelu_lut.u_gelu/s1_sat_pos_reg/D
          Clock: (R) clk

                     Capture       Launch     
        Clock Edge:+    1333            0     
       Src Latency:+       0            0     
       Net Latency:+       0 (I)        0 (I) 
           Arrival:=    1333            0     
                                              
             Setup:-      35                  
       Uncertainty:-      50                  
     Required Time:=    1248                  
      Launch Clock:-       0                  
         Data Path:-    1338                  
             Slack:=     -90                  

#------------------------------------------------------------------------------------------------------------------------
#               Timing Point                 Flags    Arc    Edge    Cell       Fanout Load Trans Delay Arrival Instance 
#                                                                                      (fF)  (ps)  (ps)   (ps)  Location 
#------------------------------------------------------------------------------------------------------------------------
  out_col_cnt_reg[2]/CLK                     <<<     -       R     (arrival)    596183    -    50     0       0    (-,-) 
  out_col_cnt_reg[2]/QN                      -       CLK->QN R     DFFARX2_RVT       2  3.3    50   141     141    (-,-) 
  g42607/Y                                   -       A->Y    F     INVX4_RVT         6  4.2    29    21     162    (-,-) 
  g28681/Y                                   -       A3->Y   F     AND3X1_RVT        8  4.5    52    93     255    (-,-) 
  g13141/Y                                   -       A1->Y   F     AND2X1_RVT        1  1.4    27    65     320    (-,-) 
  fopt44974/Y                                -       A->Y    F     NBUFFX8_RVT       2 10.8    25    49     368    (-,-) 
  fopt37632/Y                                -       A->Y    R     INVX8_RVT        15 11.9    22    24     392    (-,-) 
  g10670/Y                                   -       A2->Y   R     OR2X2_RVT         2  1.6    25    48     440    (-,-) 
  g743768/Y                                  -       A->Y    F     INVX1_RVT        10  5.5    50    42     482    (-,-) 
  g29341/Y                                   -       A1->Y   F     AO22X1_RVT        1  0.6    23    81     563    (-,-) 
  g38589/Y                                   -       A5->Y   F     AO221X1_RVT       1  0.6    30    54     617    (-,-) 
  g24114/Y                                   -       A1->Y   R     NOR4X1_RVT        1  0.6    22   125     742    (-,-) 
  g33996/Y                                   -       A2->Y   R     AND2X1_RVT        1  0.6    21    46     788    (-,-) 
  g33994/Y                                   -       A2->Y   F     NAND4X0_RVT       1  0.7    57    51     838    (-,-) 
  g35108/Y                                   -       A3->Y   R     NOR3X0_RVT        1  0.5    20    86     924    (-,-) 
  g35513/Y                                   -       A2->Y   R     AND4X1_RVT        1  0.7    35    75     999    (-,-) 
  g25368/Y                                   -       A1->Y   F     NAND4X0_RVT       1  0.7    58    45    1045    (-,-) 
  g717483/Y                                  -       A3->Y   F     OR3X1_RVT         3  2.5    39    79    1123    (-,-) 
  u_fused/g_gelu_lut.u_gelu/fopt17/Y         -       A->Y    R     INVX2_RVT         2  2.1    26    29    1152    (-,-) 
  u_fused/g_gelu_lut.u_gelu/g15/Y            -       A1->Y   R     AND3X1_RVT        1  0.6    27    55    1207    (-,-) 
  u_fused/g_gelu_lut.u_gelu/g679/Y           -       A2->Y   F     NAND4X0_RVT       1  0.5    53    49    1255    (-,-) 
  u_fused/g_gelu_lut.u_gelu/g678/Y           -       A1->Y   F     AO22X1_RVT        1  0.6    24    82    1338    (-,-) 
  u_fused/g_gelu_lut.u_gelu/s1_sat_pos_reg/D <<<     -       F     DFFARX1_RVT       1    -     -     0    1338    (-,-) 
#------------------------------------------------------------------------------------------------------------------------



Path 16: VIOLATED (-85 ps) Setup Check with Pin elemwise_end_reg[10]/CLK->D
          Group: clk
     Startpoint: (R) tile_m_r_reg[4]/CLK
          Clock: (R) clk
       Endpoint: (F) elemwise_end_reg[10]/D
          Clock: (R) clk

                     Capture       Launch     
        Clock Edge:+    1333            0     
       Src Latency:+       0            0     
       Net Latency:+       0 (I)        0 (I) 
           Arrival:=    1333            0     
                                              
             Setup:-     109                  
       Uncertainty:-      50                  
     Required Time:=    1174                  
      Launch Clock:-       0                  
         Data Path:-    1259                  
             Slack:=     -85                  

#------------------------------------------------------------------------------------------------------------------
#            Timing Point             Flags    Arc    Edge     Cell       Fanout Load Trans Delay Arrival Instance 
#                                                                                (fF)  (ps)  (ps)   (ps)  Location 
#------------------------------------------------------------------------------------------------------------------
  tile_m_r_reg[4]/CLK                 <<<     -       R     (arrival)     596183    -    50     0       0    (-,-) 
  tile_m_r_reg[4]/QN                  -       CLK->QN R     DFFARX2_RVT        1  2.8    47   138     138    (-,-) 
  g1080012/Y                          -       A->Y    F     INVX4_RVT         17 11.2    38    33     172    (-,-) 
  g1079619/Y                          -       A1->Y   F     AND2X1_RVT         4  3.0    36    67     239    (-,-) 
  g4860/Y                             -       A->Y    R     INVX1_RVT          1  0.6    23    25     264    (-,-) 
  g89/Y                               -       A3->Y   R     AO22X1_RVT         1  1.1    33    58     322    (-,-) 
  g4858/Y                             -       A1->Y   F     XOR3X2_RVT         4  4.1    57   156     478    (-,-) 
  csa_tree_add_165_29_g8054/S         -       A->S    R     FADDX1_RVT         1  1.5    41   158     636    (-,-) 
  csa_tree_add_165_29_g1620/S         -       CI->S   F     FADDX1_RVT         5  3.0    51   146     782    (-,-) 
  WALLACE_CSA_DUMMY_OP_groupi_g1961/Y -       A2->Y   F     OR2X1_RVT          2  1.0    25    58     839    (-,-) 
  WALLACE_CSA_DUMMY_OP_groupi_g7629/Y -       A2->Y   F     AO21X1_RVT         3  1.8    32    77     916    (-,-) 
  g7634/Y                             -       A1->Y   R     NAND3X0_RVT        1  0.6    34    34     951    (-,-) 
  g156394/Y                           -       A2->Y   F     NAND3X0_RVT        2  1.1    57    53    1004    (-,-) 
  WALLACE_CSA_DUMMY_OP_groupi_g871/Y  -       A2->Y   F     AO21X1_RVT         2  2.1    34    97    1101    (-,-) 
  WALLACE_CSA_DUMMY_OP_groupi_g1854/Y -       A->Y    F     NBUFFX8_RVT        7  7.5    22    49    1150    (-,-) 
  g5314/Y                             -       A1->Y   F     AO21X1_RVT         1  0.6    24    63    1213    (-,-) 
  g5412/Y                             -       A3->Y   F     AO22X1_RVT         1  0.5    23    46    1259    (-,-) 
  elemwise_end_reg[10]/D              <<<     -       F     SDFFARX1_RVT       1    -     -     0    1259    (-,-) 
#------------------------------------------------------------------------------------------------------------------



Path 17: VIOLATED (-84 ps) Setup Check with Pin sm_walk_end_reg[9]/CLK->D
          Group: clk
     Startpoint: (R) tile_m_r_reg[4]/CLK
          Clock: (R) clk
       Endpoint: (F) sm_walk_end_reg[9]/D
          Clock: (R) clk

                     Capture       Launch     
        Clock Edge:+    1333            0     
       Src Latency:+       0            0     
       Net Latency:+       0 (I)        0 (I) 
           Arrival:=    1333            0     
                                              
             Setup:-     109                  
       Uncertainty:-      50                  
     Required Time:=    1174                  
      Launch Clock:-       0                  
         Data Path:-    1258                  
             Slack:=     -84                  

#-------------------------------------------------------------------------------------------------------------------------------
#                  Timing Point                    Flags    Arc    Edge     Cell       Fanout Load Trans Delay Arrival Instance 
#                                                                                             (fF)  (ps)  (ps)   (ps)  Location 
#-------------------------------------------------------------------------------------------------------------------------------
  tile_m_r_reg[4]/CLK                              <<<     -       R     (arrival)     596183    -    50     0       0    (-,-) 
  tile_m_r_reg[4]/QN                               -       CLK->QN R     DFFARX2_RVT        1  2.8    47   138     138    (-,-) 
  g1080012/Y                                       -       A->Y    F     INVX4_RVT         17 11.2    38    33     172    (-,-) 
  g1079619/Y                                       -       A1->Y   F     AND2X1_RVT         4  3.0    36    67     239    (-,-) 
  g4860/Y                                          -       A->Y    R     INVX1_RVT          1  0.6    23    25     264    (-,-) 
  g89/Y                                            -       A3->Y   R     AO22X1_RVT         1  1.1    33    58     322    (-,-) 
  g4858/Y                                          -       A1->Y   F     XOR3X2_RVT         4  4.1    57   156     478    (-,-) 
  g2972/Y                                          -       A2->Y   R     OAI22X2_RVT        4  2.6    27   107     585    (-,-) 
  g5715/Y                                          -       A2->Y   R     OA21X1_RVT         1  0.5    26    57     642    (-,-) 
  g726891/Y                                        -       A3->Y   R     AO21X1_RVT         3  2.6    44    54     696    (-,-) 
  WALLACE_CSA_DUMMY_OP3_groupi_cdnfadd_006_6678/CO -       CI->CO  R     FADDX1_RVT         3  2.6    53    97     793    (-,-) 
  g6681/Y                                          -       A2->Y   F     XOR3X2_RVT         3  1.8    50   164     957    (-,-) 
  WALLACE_CSA_DUMMY_OP3_groupi_g6683/Y             -       A2->Y   F     OR2X1_RVT          2  1.1    26    58    1015    (-,-) 
  WALLACE_CSA_DUMMY_OP3_groupi_g154543/Y           -       A1->Y   F     AO21X1_RVT         2  1.0    27    68    1083    (-,-) 
  WALLACE_CSA_DUMMY_OP3_groupi_g7626/Y             -       A3->Y   F     AO21X1_RVT         5  2.7    37    57    1140    (-,-) 
  g6507/Y                                          -       A1->Y   F     AO21X1_RVT         1  0.6    24    72    1212    (-,-) 
  g6503/Y                                          -       A3->Y   F     AO22X1_RVT         1  0.5    23    46    1258    (-,-) 
  sm_walk_end_reg[9]/D                             <<<     -       F     SDFFARX1_RVT       1    -     -     0    1258    (-,-) 
#-------------------------------------------------------------------------------------------------------------------------------



Path 18: VIOLATED (-82 ps) Setup Check with Pin sm_walk_end_reg[10]/CLK->D
          Group: clk
     Startpoint: (R) tile_m_r_reg[4]/CLK
          Clock: (R) clk
       Endpoint: (F) sm_walk_end_reg[10]/D
          Clock: (R) clk

                     Capture       Launch     
        Clock Edge:+    1333            0     
       Src Latency:+       0            0     
       Net Latency:+       0 (I)        0 (I) 
           Arrival:=    1333            0     
                                              
             Setup:-     109                  
       Uncertainty:-      50                  
     Required Time:=    1174                  
      Launch Clock:-       0                  
         Data Path:-    1256                  
             Slack:=     -82                  

#-------------------------------------------------------------------------------------------------------------------------------
#                  Timing Point                    Flags    Arc    Edge     Cell       Fanout Load Trans Delay Arrival Instance 
#                                                                                             (fF)  (ps)  (ps)   (ps)  Location 
#-------------------------------------------------------------------------------------------------------------------------------
  tile_m_r_reg[4]/CLK                              <<<     -       R     (arrival)     596183    -    50     0       0    (-,-) 
  tile_m_r_reg[4]/QN                               -       CLK->QN R     DFFARX2_RVT        1  2.8    47   138     138    (-,-) 
  g1080012/Y                                       -       A->Y    F     INVX4_RVT         17 11.2    38    33     172    (-,-) 
  g1079619/Y                                       -       A1->Y   F     AND2X1_RVT         4  3.0    36    67     239    (-,-) 
  g4860/Y                                          -       A->Y    R     INVX1_RVT          1  0.6    23    25     264    (-,-) 
  g89/Y                                            -       A3->Y   R     AO22X1_RVT         1  1.1    33    58     322    (-,-) 
  g4858/Y                                          -       A1->Y   F     XOR3X2_RVT         4  4.1    57   156     478    (-,-) 
  g2972/Y                                          -       A2->Y   R     OAI22X2_RVT        4  2.6    27   107     585    (-,-) 
  g5715/Y                                          -       A2->Y   R     OA21X1_RVT         1  0.5    26    57     642    (-,-) 
  g726891/Y                                        -       A3->Y   R     AO21X1_RVT         3  2.6    44    54     696    (-,-) 
  WALLACE_CSA_DUMMY_OP3_groupi_cdnfadd_006_6678/CO -       CI->CO  R     FADDX1_RVT         3  2.6    53    97     793    (-,-) 
  g6681/Y                                          -       A2->Y   F     XOR3X2_RVT         3  1.8    50   164     957    (-,-) 
  WALLACE_CSA_DUMMY_OP3_groupi_g6683/Y             -       A2->Y   F     OR2X1_RVT          2  1.1    26    58    1015    (-,-) 
  WALLACE_CSA_DUMMY_OP3_groupi_g154543/Y           -       A1->Y   F     AO21X1_RVT         2  1.0    27    68    1083    (-,-) 
  WALLACE_CSA_DUMMY_OP3_groupi_g6847_dup7623/Y     -       A3->Y   F     AO21X1_RVT         4  2.5    36    56    1139    (-,-) 
  g156418/Y                                        -       A1->Y   F     AO21X1_RVT         1  0.6    24    71    1210    (-,-) 
  g216/Y                                           -       A3->Y   F     AO22X1_RVT         1  0.5    23    46    1256    (-,-) 
  sm_walk_end_reg[10]/D                            <<<     -       F     SDFFARX1_RVT       1    -     -     0    1256    (-,-) 
#-------------------------------------------------------------------------------------------------------------------------------



Path 19: VIOLATED (-76 ps) Setup Check with Pin output_end_reg[12]/CLK->D
          Group: clk
     Startpoint: (R) tile_m_r_reg[4]/CLK
          Clock: (R) clk
       Endpoint: (F) output_end_reg[12]/D
          Clock: (R) clk

                     Capture       Launch     
        Clock Edge:+    1333            0     
       Src Latency:+       0            0     
       Net Latency:+       0 (I)        0 (I) 
           Arrival:=    1333            0     
                                              
             Setup:-     109                  
       Uncertainty:-      50                  
     Required Time:=    1174                  
      Launch Clock:-       0                  
         Data Path:-    1250                  
             Slack:=     -76                  

#-------------------------------------------------------------------------------------------------------------
#         Timing Point           Flags    Arc    Edge     Cell       Fanout Load Trans Delay Arrival Instance 
#                                                                           (fF)  (ps)  (ps)   (ps)  Location 
#-------------------------------------------------------------------------------------------------------------
  tile_m_r_reg[4]/CLK            <<<     -       R     (arrival)     596183    -    50     0       0    (-,-) 
  tile_m_r_reg[4]/QN             -       CLK->QN R     DFFARX2_RVT        1  2.8    47   138     138    (-,-) 
  g1080012/Y                     -       A->Y    F     INVX4_RVT         17 11.2    38    33     172    (-,-) 
  g1079619/Y                     -       A1->Y   F     AND2X1_RVT         4  3.0    36    67     239    (-,-) 
  g4860/Y                        -       A->Y    R     INVX1_RVT          1  0.6    23    25     264    (-,-) 
  g89/Y                          -       A3->Y   R     AO22X1_RVT         1  1.1    33    58     322    (-,-) 
  g4858/Y                        -       A1->Y   F     XOR3X2_RVT         4  4.1    57   156     478    (-,-) 
  csa_tree_add_165_29_g8054/S    -       A->S    R     FADDX1_RVT         1  1.5    41   158     636    (-,-) 
  csa_tree_add_165_29_g1620/S    -       CI->S   F     FADDX1_RVT         5  3.0    51   146     782    (-,-) 
  final_adder_add_165_29_g9572/Y -       A2->Y   F     OR2X1_RVT          2  1.1    26    58     840    (-,-) 
  final_adder_add_165_29_g9527/Y -       A1->Y   F     AO21X1_RVT         2  1.2    28    70     910    (-,-) 
  g5342/Y                        -       A1->Y   F     AO21X1_RVT         1  0.6    24    66     976    (-,-) 
  g7293/Y                        -       A1->Y   F     AO21X1_RVT         2  1.4    29    70    1046    (-,-) 
  g5336_dup/Y                    -       A2->Y   F     OR2X2_RVT          4  2.4    27    57    1104    (-,-) 
  g7298/Y                        -       A1->Y   F     AND2X1_RVT         1  0.6    21    47    1151    (-,-) 
  final_adder_add_165_29_g9473/Y -       A2->Y   F     OA21X1_RVT         1  0.5    25    57    1208    (-,-) 
  final_adder_add_165_29_g9472/Y -       A3->Y   F     AO21X1_RVT         1  0.5    24    43    1250    (-,-) 
  output_end_reg[12]/D           <<<     -       F     SDFFARX1_RVT       1    -     -     0    1250    (-,-) 
#-------------------------------------------------------------------------------------------------------------



Path 20: VIOLATED (-67 ps) Setup Check with Pin output_end_reg[11]/CLK->D
          Group: clk
     Startpoint: (R) tile_m_r_reg[3]/CLK
          Clock: (R) clk
       Endpoint: (F) output_end_reg[11]/D
          Clock: (R) clk

                     Capture       Launch     
        Clock Edge:+    1333            0     
       Src Latency:+       0            0     
       Net Latency:+       0 (I)        0 (I) 
           Arrival:=    1333            0     
                                              
             Setup:-     116                  
       Uncertainty:-      50                  
     Required Time:=    1167                  
      Launch Clock:-       0                  
         Data Path:-    1234                  
             Slack:=     -67                  

#-------------------------------------------------------------------------------------------------------------
#         Timing Point           Flags    Arc    Edge     Cell       Fanout Load Trans Delay Arrival Instance 
#                                                                           (fF)  (ps)  (ps)   (ps)  Location 
#-------------------------------------------------------------------------------------------------------------
  tile_m_r_reg[3]/CLK            <<<     -       R     (arrival)     596183    -    50     0       0    (-,-) 
  tile_m_r_reg[3]/QN             -       CLK->QN R     DFFARX1_RVT        1  0.8    37   125     125    (-,-) 
  fopt7850/Y                     -       A->Y    F     INVX1_RVT          2  1.3    27    23     149    (-,-) 
  g5265/Y                        -       A1->Y   R     NAND2X0_RVT        2  1.7    60    52     200    (-,-) 
  g5713/Y                        -       A1->Y   F     XOR3X2_RVT         3  2.6    52   161     362    (-,-) 
  g18203/Y                       -       A2->Y   R     XOR2X2_RVT         6  5.1    48   118     480    (-,-) 
  csa_tree_add_165_29_g5719/S    -       CI->S   F     FADDX1_RVT         1  1.5    42   137     617    (-,-) 
  csa_tree_add_165_29_g1618/S    -       CI->S   R     FADDX1_RVT         5  3.5    55   157     774    (-,-) 
  final_adder_add_165_29_g9590/Y -       A1->Y   R     AND2X1_RVT         3  1.6    31    58     832    (-,-) 
  final_adder_add_165_29_g9527/Y -       A2->Y   R     AO21X1_RVT         2  1.1    32    72     903    (-,-) 
  g5342/Y                        -       A1->Y   R     AO21X1_RVT         1  0.5    27    64     967    (-,-) 
  g7293/Y                        -       A1->Y   R     AO21X1_RVT         2  1.4    34    70    1036    (-,-) 
  g7291/Y                        -       A2->Y   R     OR2X2_RVT          4  2.5    29    57    1093    (-,-) 
  g18291/Y                       -       A1->Y   F     NAND3X0_RVT        2  1.3    61    49    1142    (-,-) 
  g230/Y                         -       A1->Y   R     NAND3X0_RVT        1  0.5    39    46    1188    (-,-) 
  g229/Y                         -       A3->Y   F     NAND3X0_RVT        1  0.5    41    45    1234    (-,-) 
  output_end_reg[11]/D           <<<     -       F     SDFFARX1_RVT       1    -     -     0    1234    (-,-) 
#-------------------------------------------------------------------------------------------------------------

