============================================================
  Generated by:           Genus(TM) Synthesis Solution 21.12-s068_1
  Generated on:           May 20 2026  09:11:47 am
  Module:                 adder_tree_DATA_WIDTH32_NUM_INPUTS2
  Operating conditions:   _nominal_ (balanced_tree)
  Wireload mode:          enclosed
  Area mode:              timing library
============================================================

                                  
    Gate      Instances    Area           Library         
----------------------------------------------------------
AND2X1_RVT            9    18.298    saed32rvt_tt0p85v25c 
AND4X1_RVT            1     2.541    saed32rvt_tt0p85v25c 
AO21X1_RVT           12    30.497    saed32rvt_tt0p85v25c 
FADDX1_RVT            1     4.829    saed32rvt_tt0p85v25c 
HADDX1_RVT           12    39.646    saed32rvt_tt0p85v25c 
INVX0_RVT            25    31.768    saed32rvt_tt0p85v25c 
INVX1_RVT            22    27.956    saed32rvt_tt0p85v25c 
MUX21X1_RVT           3     9.912    saed32rvt_tt0p85v25c 
NAND2X0_RVT          78   118.939    saed32rvt_tt0p85v25c 
NAND3X0_RVT          15    26.685    saed32rvt_tt0p85v25c 
NBUFFX32_RVT          1    10.674    saed32rvt_tt0p85v25c 
OA21X1_RVT           12    30.497    saed32rvt_tt0p85v25c 
OA221X1_RVT          16    48.796    saed32rvt_tt0p85v25c 
OA22X1_RVT            1     2.541    saed32rvt_tt0p85v25c 
OR2X1_RVT            48    97.591    saed32rvt_tt0p85v25c 
SDFFARX1_RVT         98   896.620    saed32rvt_tt0p85v25c 
XNOR2X1_RVT          15    64.807    saed32rvt_tt0p85v25c 
XNOR3X1_RVT           1     6.099    saed32rvt_tt0p85v25c 
----------------------------------------------------------
total               370  1468.698                         


                                         
     Type      Instances   Area   Area % 
-----------------------------------------
sequential            98  896.620   61.0 
inverter              47   59.724    4.1 
buffer                 1   10.674    0.7 
logic                224  501.680   34.2 
physical_cells         0    0.000    0.0 
-----------------------------------------
total                370 1468.698  100.0 

