============================================================
  Generated by:           Genus(TM) Synthesis Solution 21.12-s068_1
  Generated on:           May 20 2026  09:11:47 am
  Module:                 adder_tree_DATA_WIDTH32_NUM_INPUTS2
  Operating conditions:   _nominal_ (balanced_tree)
  Wireload mode:          enclosed
  Area mode:              timing library
============================================================

Timing
--------

Clock Period 
-------------
clk   1000.0 


  Cost    Critical         Violating 
 Group   Path Slack  TNS     Paths   
-------------------------------------
clk             8.4   0.0          0 
default    No paths   0.0            
-------------------------------------
Total                 0.0          0 

Instance Count
--------------
Leaf Instance Count             370 
Physical Instance count           0 
Sequential Instance Count        98 
Combinational Instance Count    272 
Hierarchical Instance Count       0 

Area
----
Cell Area                          1468.698
Physical Cell Area                 0.000
Total Cell Area (Cell+Physical)    1468.698
Net Area                           0.000
Total Area (Cell+Physical+Net)     1468.698

Max Fanout                         98 (n_4)
Min Fanout                         0 (rst_n)
Average Fanout                     2.3
Terms to net ratio                 3.5523
Terms to instance ratio            4.2243
Runtime                            20.987918999999998 seconds
Elapsed Runtime                    24 seconds
Genus peak memory usage            1157.88 
Innovus peak memory usage          no_value 
Hostname                           phobos.ece.pdx.edu
