============================================================
  Generated by:           Genus(TM) Synthesis Solution 21.12-s068_1
  Generated on:           May 20 2026  09:11:47 am
  Module:                 adder_tree_DATA_WIDTH32_NUM_INPUTS2
  Operating conditions:   _nominal_ (balanced_tree)
  Wireload mode:          enclosed
  Area mode:              timing library
============================================================


Path 1: MET (8 ps) Setup Check with Pin stage_reg[1][0][26]/CLK->SI
          Group: clk
     Startpoint: (R) stage_reg[0][1][0]/CLK
          Clock: (R) clk
       Endpoint: (F) stage_reg[1][0][26]/SI
          Clock: (R) clk

                     Capture       Launch     
        Clock Edge:+    1000            0     
       Src Latency:+       0            0     
       Net Latency:+       0 (I)        0 (I) 
           Arrival:=    1000            0     
                                              
             Setup:-     112                  
       Uncertainty:-      50                  
     Required Time:=     838                  
      Launch Clock:-       0                  
         Data Path:-     830                  
             Slack:=       8                  

#------------------------------------------------------------------------------------------------------------
#         Timing Point           Flags    Arc    Edge     Cell      Fanout Load Trans Delay Arrival Instance 
#                                                                          (fF)  (ps)  (ps)   (ps)  Location 
#------------------------------------------------------------------------------------------------------------
  stage_reg[0][1][0]/CLK         -       -       R     (arrival)        98    -    50     0       0    (-,-) 
  stage_reg[0][1][0]/QN          -       CLK->QN R     SDFFARX1_RVT      1  0.8    38   125     125    (-,-) 
  g644/Y                         -       A->Y    F     INVX1_RVT         2  1.5    28    25     150    (-,-) 
  add_50_46_I1_I1_g1336__3680/C1 -       A0->C1  F     HADDX1_RVT        1  1.5    30    62     211    (-,-) 
  add_50_46_I1_I1_g1304__5122/CO -       CI->CO  F     FADDX1_RVT        3  2.4    43    85     297    (-,-) 
  add_50_46_I1_I1_g1296__8428/Y  -       A1->Y   F     AO21X1_RVT        5  3.1    40    91     388    (-,-) 
  add_50_46_I1_I1_g1283__9315/Y  -       A1->Y   F     AO21X1_RVT        7  4.3    48    96     484    (-,-) 
  add_50_46_I1_I1_g1278__5115/Y  -       A1->Y   F     AO21X1_RVT        9  5.5    56   106     589    (-,-) 
  add_50_46_I1_I1_g1272/Y        -       A->Y    R     INVX1_RVT         9  4.8    58    60     650    (-,-) 
  add_50_46_I1_I1_g1259__5477/Y  -       A4->Y   R     OA221X1_RVT       1  1.0    36    85     735    (-,-) 
  add_50_46_I1_I1_g1504__9945/SO -       A0->SO  F     HADDX1_RVT        1  0.5    30    95     830    (-,-) 
  stage_reg[1][0][26]/SI         -       -       F     SDFFARX1_RVT      1    -     -     0     830    (-,-) 
#------------------------------------------------------------------------------------------------------------



Path 2: MET (8 ps) Setup Check with Pin stage_reg[1][0][22]/CLK->SI
          Group: clk
     Startpoint: (R) stage_reg[0][1][0]/CLK
          Clock: (R) clk
       Endpoint: (F) stage_reg[1][0][22]/SI
          Clock: (R) clk

                     Capture       Launch     
        Clock Edge:+    1000            0     
       Src Latency:+       0            0     
       Net Latency:+       0 (I)        0 (I) 
           Arrival:=    1000            0     
                                              
             Setup:-     112                  
       Uncertainty:-      50                  
     Required Time:=     838                  
      Launch Clock:-       0                  
         Data Path:-     830                  
             Slack:=       8                  

#------------------------------------------------------------------------------------------------------------
#         Timing Point           Flags    Arc    Edge     Cell      Fanout Load Trans Delay Arrival Instance 
#                                                                          (fF)  (ps)  (ps)   (ps)  Location 
#------------------------------------------------------------------------------------------------------------
  stage_reg[0][1][0]/CLK         -       -       R     (arrival)        98    -    50     0       0    (-,-) 
  stage_reg[0][1][0]/QN          -       CLK->QN R     SDFFARX1_RVT      1  0.8    38   125     125    (-,-) 
  g644/Y                         -       A->Y    F     INVX1_RVT         2  1.5    28    25     150    (-,-) 
  add_50_46_I1_I1_g1336__3680/C1 -       A0->C1  F     HADDX1_RVT        1  1.5    30    62     211    (-,-) 
  add_50_46_I1_I1_g1304__5122/CO -       CI->CO  F     FADDX1_RVT        3  2.4    43    85     297    (-,-) 
  add_50_46_I1_I1_g1296__8428/Y  -       A1->Y   F     AO21X1_RVT        5  3.1    40    91     388    (-,-) 
  add_50_46_I1_I1_g1283__9315/Y  -       A1->Y   F     AO21X1_RVT        7  4.3    48    96     484    (-,-) 
  add_50_46_I1_I1_g1278__5115/Y  -       A1->Y   F     AO21X1_RVT        9  5.5    56   106     589    (-,-) 
  add_50_46_I1_I1_g1272/Y        -       A->Y    R     INVX1_RVT         9  4.8    58    60     650    (-,-) 
  add_50_46_I1_I1_g1255__2346/Y  -       A4->Y   R     OA221X1_RVT       1  1.0    36    85     735    (-,-) 
  add_50_46_I1_I1_g1508__2346/SO -       A0->SO  F     HADDX1_RVT        1  0.5    30    95     830    (-,-) 
  stage_reg[1][0][22]/SI         -       -       F     SDFFARX1_RVT      1    -     -     0     830    (-,-) 
#------------------------------------------------------------------------------------------------------------



Path 3: MET (9 ps) Setup Check with Pin stage_reg[1][0][28]/CLK->SI
          Group: clk
     Startpoint: (R) stage_reg[0][1][0]/CLK
          Clock: (R) clk
       Endpoint: (F) stage_reg[1][0][28]/SI
          Clock: (R) clk

                     Capture       Launch     
        Clock Edge:+    1000            0     
       Src Latency:+       0            0     
       Net Latency:+       0 (I)        0 (I) 
           Arrival:=    1000            0     
                                              
             Setup:-     112                  
       Uncertainty:-      50                  
     Required Time:=     838                  
      Launch Clock:-       0                  
         Data Path:-     829                  
             Slack:=       9                  

#------------------------------------------------------------------------------------------------------------
#         Timing Point           Flags    Arc    Edge     Cell      Fanout Load Trans Delay Arrival Instance 
#                                                                          (fF)  (ps)  (ps)   (ps)  Location 
#------------------------------------------------------------------------------------------------------------
  stage_reg[0][1][0]/CLK         -       -       R     (arrival)        98    -    50     0       0    (-,-) 
  stage_reg[0][1][0]/QN          -       CLK->QN R     SDFFARX1_RVT      1  0.8    38   125     125    (-,-) 
  g644/Y                         -       A->Y    F     INVX1_RVT         2  1.5    28    25     150    (-,-) 
  add_50_46_I1_I1_g1336__3680/C1 -       A0->C1  F     HADDX1_RVT        1  1.5    30    62     211    (-,-) 
  add_50_46_I1_I1_g1304__5122/CO -       CI->CO  F     FADDX1_RVT        3  2.4    43    85     297    (-,-) 
  add_50_46_I1_I1_g1296__8428/Y  -       A1->Y   F     AO21X1_RVT        5  3.1    40    91     388    (-,-) 
  add_50_46_I1_I1_g1283__9315/Y  -       A1->Y   F     AO21X1_RVT        7  4.3    48    96     484    (-,-) 
  add_50_46_I1_I1_g1278__5115/Y  -       A1->Y   F     AO21X1_RVT        9  5.5    56   106     589    (-,-) 
  add_50_46_I1_I1_g1272/Y        -       A->Y    R     INVX1_RVT         9  4.8    58    60     650    (-,-) 
  add_50_46_I1_I1_g1256__1666/Y  -       A4->Y   R     OA221X1_RVT       1  1.0    36    85     735    (-,-) 
  add_50_46_I1_I1_g1502__9315/SO -       A0->SO  F     HADDX1_RVT        1  0.5    30    95     829    (-,-) 
  stage_reg[1][0][28]/SI         -       -       F     SDFFARX1_RVT      1    -     -     0     829    (-,-) 
#------------------------------------------------------------------------------------------------------------



Path 4: MET (9 ps) Setup Check with Pin stage_reg[1][0][21]/CLK->SI
          Group: clk
     Startpoint: (R) stage_reg[0][1][0]/CLK
          Clock: (R) clk
       Endpoint: (F) stage_reg[1][0][21]/SI
          Clock: (R) clk

                     Capture       Launch     
        Clock Edge:+    1000            0     
       Src Latency:+       0            0     
       Net Latency:+       0 (I)        0 (I) 
           Arrival:=    1000            0     
                                              
             Setup:-     112                  
       Uncertainty:-      50                  
     Required Time:=     838                  
      Launch Clock:-       0                  
         Data Path:-     829                  
             Slack:=       9                  

#------------------------------------------------------------------------------------------------------------
#         Timing Point           Flags    Arc    Edge     Cell      Fanout Load Trans Delay Arrival Instance 
#                                                                          (fF)  (ps)  (ps)   (ps)  Location 
#------------------------------------------------------------------------------------------------------------
  stage_reg[0][1][0]/CLK         -       -       R     (arrival)        98    -    50     0       0    (-,-) 
  stage_reg[0][1][0]/QN          -       CLK->QN R     SDFFARX1_RVT      1  0.8    38   125     125    (-,-) 
  g644/Y                         -       A->Y    F     INVX1_RVT         2  1.5    28    25     150    (-,-) 
  add_50_46_I1_I1_g1336__3680/C1 -       A0->C1  F     HADDX1_RVT        1  1.5    30    62     211    (-,-) 
  add_50_46_I1_I1_g1304__5122/CO -       CI->CO  F     FADDX1_RVT        3  2.4    43    85     297    (-,-) 
  add_50_46_I1_I1_g1296__8428/Y  -       A1->Y   F     AO21X1_RVT        5  3.1    40    91     388    (-,-) 
  add_50_46_I1_I1_g1283__9315/Y  -       A1->Y   F     AO21X1_RVT        7  4.3    48    96     484    (-,-) 
  add_50_46_I1_I1_g1278__5115/Y  -       A1->Y   F     AO21X1_RVT        9  5.5    56   106     589    (-,-) 
  add_50_46_I1_I1_g1272/Y        -       A->Y    R     INVX1_RVT         9  4.8    58    60     650    (-,-) 
  add_50_46_I1_I1_g1254__2883/Y  -       A4->Y   R     OA221X1_RVT       1  1.0    35    85     735    (-,-) 
  add_50_46_I1_I1_g1510__1666/SO -       A0->SO  F     HADDX1_RVT        1  0.5    29    95     829    (-,-) 
  stage_reg[1][0][21]/SI         -       -       F     SDFFARX1_RVT      1    -     -     0     829    (-,-) 
#------------------------------------------------------------------------------------------------------------



Path 5: MET (19 ps) Setup Check with Pin stage_reg[1][0][31]/CLK->SI
          Group: clk
     Startpoint: (R) stage_reg[0][1][0]/CLK
          Clock: (R) clk
       Endpoint: (R) stage_reg[1][0][31]/SI
          Clock: (R) clk

                     Capture       Launch     
        Clock Edge:+    1000            0     
       Src Latency:+       0            0     
       Net Latency:+       0 (I)        0 (I) 
           Arrival:=    1000            0     
                                              
             Setup:-     117                  
       Uncertainty:-      50                  
     Required Time:=     833                  
      Launch Clock:-       0                  
         Data Path:-     814                  
             Slack:=      19                  

#------------------------------------------------------------------------------------------------------------
#         Timing Point           Flags    Arc    Edge     Cell      Fanout Load Trans Delay Arrival Instance 
#                                                                          (fF)  (ps)  (ps)   (ps)  Location 
#------------------------------------------------------------------------------------------------------------
  stage_reg[0][1][0]/CLK         -       -       R     (arrival)        98    -    50     0       0    (-,-) 
  stage_reg[0][1][0]/QN          -       CLK->QN R     SDFFARX1_RVT      1  0.8    38   125     125    (-,-) 
  g644/Y                         -       A->Y    F     INVX1_RVT         2  1.5    28    25     150    (-,-) 
  add_50_46_I1_I1_g1336__3680/C1 -       A0->C1  F     HADDX1_RVT        1  1.5    30    62     211    (-,-) 
  add_50_46_I1_I1_g1304__5122/CO -       CI->CO  F     FADDX1_RVT        3  2.4    43    85     297    (-,-) 
  add_50_46_I1_I1_g1296__8428/Y  -       A1->Y   F     AO21X1_RVT        5  3.1    40    91     388    (-,-) 
  add_50_46_I1_I1_g1283__9315/Y  -       A1->Y   F     AO21X1_RVT        7  4.3    48    96     484    (-,-) 
  add_50_46_I1_I1_g1278__5115/Y  -       A1->Y   F     AO21X1_RVT        9  5.5    56   106     589    (-,-) 
  add_50_46_I1_I1_g1272/Y        -       A->Y    R     INVX1_RVT         9  4.8    58    60     650    (-,-) 
  add_50_46_I1_I1_g1257__7410/Y  -       A4->Y   R     OA221X1_RVT       1  1.3    38    87     737    (-,-) 
  add_50_46_I1_I1_g1229__3680/Y  -       A3->Y   R     XNOR3X1_RVT       1  0.5    57    77     814    (-,-) 
  stage_reg[1][0][31]/SI         -       -       R     SDFFARX1_RVT      1    -     -     0     814    (-,-) 
#------------------------------------------------------------------------------------------------------------



Path 6: MET (26 ps) Setup Check with Pin stage_reg[1][0][18]/CLK->SI
          Group: clk
     Startpoint: (R) stage_reg[0][1][0]/CLK
          Clock: (R) clk
       Endpoint: (F) stage_reg[1][0][18]/SI
          Clock: (R) clk

                     Capture       Launch     
        Clock Edge:+    1000            0     
       Src Latency:+       0            0     
       Net Latency:+       0 (I)        0 (I) 
           Arrival:=    1000            0     
                                              
             Setup:-     112                  
       Uncertainty:-      50                  
     Required Time:=     838                  
      Launch Clock:-       0                  
         Data Path:-     812                  
             Slack:=      26                  

#------------------------------------------------------------------------------------------------------------
#         Timing Point           Flags    Arc    Edge     Cell      Fanout Load Trans Delay Arrival Instance 
#                                                                          (fF)  (ps)  (ps)   (ps)  Location 
#------------------------------------------------------------------------------------------------------------
  stage_reg[0][1][0]/CLK         -       -       R     (arrival)        98    -    50     0       0    (-,-) 
  stage_reg[0][1][0]/QN          -       CLK->QN R     SDFFARX1_RVT      1  0.8    38   125     125    (-,-) 
  g644/Y                         -       A->Y    F     INVX1_RVT         2  1.5    28    25     150    (-,-) 
  add_50_46_I1_I1_g1336__3680/C1 -       A0->C1  F     HADDX1_RVT        1  1.5    30    62     211    (-,-) 
  add_50_46_I1_I1_g1304__5122/CO -       CI->CO  F     FADDX1_RVT        3  2.4    43    85     297    (-,-) 
  add_50_46_I1_I1_g1296__8428/Y  -       A1->Y   F     AO21X1_RVT        5  3.1    40    91     388    (-,-) 
  add_50_46_I1_I1_g1283__9315/Y  -       A1->Y   F     AO21X1_RVT        7  4.3    48    96     484    (-,-) 
  add_50_46_I1_I1_g1278__5115/Y  -       A1->Y   F     AO21X1_RVT        9  5.5    56   106     589    (-,-) 
  add_50_46_I1_I1_g1272/Y        -       A->Y    R     INVX1_RVT         9  4.8    58    60     650    (-,-) 
  add_50_46_I1_I1_g1241__1881/Y  -       A2->Y   R     OA21X1_RVT        1  1.0    30    70     719    (-,-) 
  add_50_46_I1_I1_g1514__6417/SO -       A0->SO  F     HADDX1_RVT        1  0.5    30    93     812    (-,-) 
  stage_reg[1][0][18]/SI         -       -       F     SDFFARX1_RVT      1    -     -     0     812    (-,-) 
#------------------------------------------------------------------------------------------------------------



Path 7: MET (26 ps) Setup Check with Pin stage_reg[1][0][24]/CLK->SI
          Group: clk
     Startpoint: (R) stage_reg[0][1][0]/CLK
          Clock: (R) clk
       Endpoint: (F) stage_reg[1][0][24]/SI
          Clock: (R) clk

                     Capture       Launch     
        Clock Edge:+    1000            0     
       Src Latency:+       0            0     
       Net Latency:+       0 (I)        0 (I) 
           Arrival:=    1000            0     
                                              
             Setup:-     112                  
       Uncertainty:-      50                  
     Required Time:=     838                  
      Launch Clock:-       0                  
         Data Path:-     812                  
             Slack:=      26                  

#------------------------------------------------------------------------------------------------------------
#         Timing Point           Flags    Arc    Edge     Cell      Fanout Load Trans Delay Arrival Instance 
#                                                                          (fF)  (ps)  (ps)   (ps)  Location 
#------------------------------------------------------------------------------------------------------------
  stage_reg[0][1][0]/CLK         -       -       R     (arrival)        98    -    50     0       0    (-,-) 
  stage_reg[0][1][0]/QN          -       CLK->QN R     SDFFARX1_RVT      1  0.8    38   125     125    (-,-) 
  g644/Y                         -       A->Y    F     INVX1_RVT         2  1.5    28    25     150    (-,-) 
  add_50_46_I1_I1_g1336__3680/C1 -       A0->C1  F     HADDX1_RVT        1  1.5    30    62     211    (-,-) 
  add_50_46_I1_I1_g1304__5122/CO -       CI->CO  F     FADDX1_RVT        3  2.4    43    85     297    (-,-) 
  add_50_46_I1_I1_g1296__8428/Y  -       A1->Y   F     AO21X1_RVT        5  3.1    40    91     388    (-,-) 
  add_50_46_I1_I1_g1283__9315/Y  -       A1->Y   F     AO21X1_RVT        7  4.3    48    96     484    (-,-) 
  add_50_46_I1_I1_g1278__5115/Y  -       A1->Y   F     AO21X1_RVT        9  5.5    56   106     589    (-,-) 
  add_50_46_I1_I1_g1272/Y        -       A->Y    R     INVX1_RVT         9  4.8    58    60     650    (-,-) 
  add_50_46_I1_I1_g1242__5115/Y  -       A2->Y   R     OA21X1_RVT        1  1.0    30    70     719    (-,-) 
  add_50_46_I1_I1_g1506__2883/SO -       A0->SO  F     HADDX1_RVT        1  0.5    30    93     812    (-,-) 
  stage_reg[1][0][24]/SI         -       -       F     SDFFARX1_RVT      1    -     -     0     812    (-,-) 
#------------------------------------------------------------------------------------------------------------



Path 8: MET (26 ps) Setup Check with Pin stage_reg[1][0][20]/CLK->SI
          Group: clk
     Startpoint: (R) stage_reg[0][1][0]/CLK
          Clock: (R) clk
       Endpoint: (F) stage_reg[1][0][20]/SI
          Clock: (R) clk

                     Capture       Launch     
        Clock Edge:+    1000            0     
       Src Latency:+       0            0     
       Net Latency:+       0 (I)        0 (I) 
           Arrival:=    1000            0     
                                              
             Setup:-     112                  
       Uncertainty:-      50                  
     Required Time:=     838                  
      Launch Clock:-       0                  
         Data Path:-     812                  
             Slack:=      26                  

#------------------------------------------------------------------------------------------------------------
#         Timing Point           Flags    Arc    Edge     Cell      Fanout Load Trans Delay Arrival Instance 
#                                                                          (fF)  (ps)  (ps)   (ps)  Location 
#------------------------------------------------------------------------------------------------------------
  stage_reg[0][1][0]/CLK         -       -       R     (arrival)        98    -    50     0       0    (-,-) 
  stage_reg[0][1][0]/QN          -       CLK->QN R     SDFFARX1_RVT      1  0.8    38   125     125    (-,-) 
  g644/Y                         -       A->Y    F     INVX1_RVT         2  1.5    28    25     150    (-,-) 
  add_50_46_I1_I1_g1336__3680/C1 -       A0->C1  F     HADDX1_RVT        1  1.5    30    62     211    (-,-) 
  add_50_46_I1_I1_g1304__5122/CO -       CI->CO  F     FADDX1_RVT        3  2.4    43    85     297    (-,-) 
  add_50_46_I1_I1_g1296__8428/Y  -       A1->Y   F     AO21X1_RVT        5  3.1    40    91     388    (-,-) 
  add_50_46_I1_I1_g1283__9315/Y  -       A1->Y   F     AO21X1_RVT        7  4.3    48    96     484    (-,-) 
  add_50_46_I1_I1_g1278__5115/Y  -       A1->Y   F     AO21X1_RVT        9  5.5    56   106     589    (-,-) 
  add_50_46_I1_I1_g1272/Y        -       A->Y    R     INVX1_RVT         9  4.8    58    60     650    (-,-) 
  add_50_46_I1_I1_g1240__6131/Y  -       A2->Y   R     OA21X1_RVT        1  1.0    30    70     719    (-,-) 
  add_50_46_I1_I1_g1512__7410/SO -       A0->SO  F     HADDX1_RVT        1  0.5    30    93     812    (-,-) 
  stage_reg[1][0][20]/SI         -       -       F     SDFFARX1_RVT      1    -     -     0     812    (-,-) 
#------------------------------------------------------------------------------------------------------------



Path 9: MET (49 ps) Setup Check with Pin stage_reg[1][0][25]/CLK->SI
          Group: clk
     Startpoint: (R) stage_reg[0][1][0]/CLK
          Clock: (R) clk
       Endpoint: (R) stage_reg[1][0][25]/SI
          Clock: (R) clk

                     Capture       Launch     
        Clock Edge:+    1000            0     
       Src Latency:+       0            0     
       Net Latency:+       0 (I)        0 (I) 
           Arrival:=    1000            0     
                                              
             Setup:-     112                  
       Uncertainty:-      50                  
     Required Time:=     838                  
      Launch Clock:-       0                  
         Data Path:-     790                  
             Slack:=      49                  

#------------------------------------------------------------------------------------------------------------
#         Timing Point           Flags    Arc    Edge     Cell      Fanout Load Trans Delay Arrival Instance 
#                                                                          (fF)  (ps)  (ps)   (ps)  Location 
#------------------------------------------------------------------------------------------------------------
  stage_reg[0][1][0]/CLK         -       -       R     (arrival)        98    -    50     0       0    (-,-) 
  stage_reg[0][1][0]/QN          -       CLK->QN R     SDFFARX1_RVT      1  0.8    38   125     125    (-,-) 
  g644/Y                         -       A->Y    F     INVX1_RVT         2  1.5    28    25     150    (-,-) 
  add_50_46_I1_I1_g1336__3680/C1 -       A0->C1  F     HADDX1_RVT        1  1.5    30    62     211    (-,-) 
  add_50_46_I1_I1_g1304__5122/CO -       CI->CO  F     FADDX1_RVT        3  2.4    43    85     297    (-,-) 
  add_50_46_I1_I1_g1296__8428/Y  -       A1->Y   F     AO21X1_RVT        5  3.1    40    91     388    (-,-) 
  add_50_46_I1_I1_g1283__9315/Y  -       A1->Y   F     AO21X1_RVT        7  4.3    48    96     484    (-,-) 
  add_50_46_I1_I1_g1278__5115/Y  -       A1->Y   F     AO21X1_RVT        9  5.5    56   106     589    (-,-) 
  add_50_46_I1_I1_g1261__5107/Y  -       A1->Y   R     NAND3X0_RVT       1  0.6    38    46     635    (-,-) 
  add_50_46_I1_I1_g1244__4733/Y  -       A1->Y   F     NAND3X0_RVT       1  1.2    60    49     684    (-,-) 
  add_50_46_I1_I1_g1215__2398/Y  -       A1->Y   R     XNOR2X1_RVT       1  0.5    33   105     790    (-,-) 
  stage_reg[1][0][25]/SI         -       -       R     SDFFARX1_RVT      1    -     -     0     790    (-,-) 
#------------------------------------------------------------------------------------------------------------



Path 10: MET (49 ps) Setup Check with Pin stage_reg[1][0][19]/CLK->SI
          Group: clk
     Startpoint: (R) stage_reg[0][1][0]/CLK
          Clock: (R) clk
       Endpoint: (R) stage_reg[1][0][19]/SI
          Clock: (R) clk

                     Capture       Launch     
        Clock Edge:+    1000            0     
       Src Latency:+       0            0     
       Net Latency:+       0 (I)        0 (I) 
           Arrival:=    1000            0     
                                              
             Setup:-     112                  
       Uncertainty:-      50                  
     Required Time:=     838                  
      Launch Clock:-       0                  
         Data Path:-     790                  
             Slack:=      49                  

#------------------------------------------------------------------------------------------------------------
#         Timing Point           Flags    Arc    Edge     Cell      Fanout Load Trans Delay Arrival Instance 
#                                                                          (fF)  (ps)  (ps)   (ps)  Location 
#------------------------------------------------------------------------------------------------------------
  stage_reg[0][1][0]/CLK         -       -       R     (arrival)        98    -    50     0       0    (-,-) 
  stage_reg[0][1][0]/QN          -       CLK->QN R     SDFFARX1_RVT      1  0.8    38   125     125    (-,-) 
  g644/Y                         -       A->Y    F     INVX1_RVT         2  1.5    28    25     150    (-,-) 
  add_50_46_I1_I1_g1336__3680/C1 -       A0->C1  F     HADDX1_RVT        1  1.5    30    62     211    (-,-) 
  add_50_46_I1_I1_g1304__5122/CO -       CI->CO  F     FADDX1_RVT        3  2.4    43    85     297    (-,-) 
  add_50_46_I1_I1_g1296__8428/Y  -       A1->Y   F     AO21X1_RVT        5  3.1    40    91     388    (-,-) 
  add_50_46_I1_I1_g1283__9315/Y  -       A1->Y   F     AO21X1_RVT        7  4.3    48    96     484    (-,-) 
  add_50_46_I1_I1_g1278__5115/Y  -       A1->Y   F     AO21X1_RVT        9  5.5    56   106     589    (-,-) 
  add_50_46_I1_I1_g1262__6260/Y  -       A1->Y   R     NAND3X0_RVT       1  0.6    38    46     635    (-,-) 
  add_50_46_I1_I1_g1258__6417/Y  -       A1->Y   F     NAND3X0_RVT       1  1.2    60    49     684    (-,-) 
  add_50_46_I1_I1_g1221__6783/Y  -       A1->Y   R     XNOR2X1_RVT       1  0.5    33   105     790    (-,-) 
  stage_reg[1][0][19]/SI         -       -       R     SDFFARX1_RVT      1    -     -     0     790    (-,-) 
#------------------------------------------------------------------------------------------------------------

