============================================================
  Generated by:           Genus(TM) Synthesis Solution 21.12-s068_1
  Generated on:           May 17 2026  01:49:43 pm
  Module:                 softmax_unit_DATA_WIDTH32_VEC_LEN64
  Operating conditions:   _nominal_ (balanced_tree)
  Wireload mode:          enclosed
  Area mode:              timing library
============================================================

                                     
    Gate      Instances     Area             Library         
-------------------------------------------------------------
AND2X1_RVT       184761   375647.197    saed32rvt_tt0p85v25c 
AND2X2_RVT         1222     2795.076    saed32rvt_tt0p85v25c 
AND2X4_RVT          201      561.912    saed32rvt_tt0p85v25c 
AND3X1_RVT        25059    57317.350    saed32rvt_tt0p85v25c 
AND3X2_RVT          621     1578.234    saed32rvt_tt0p85v25c 
AND3X4_RVT           36      109.790    saed32rvt_tt0p85v25c 
AND4X1_RVT         9293    23617.602    saed32rvt_tt0p85v25c 
AND4X2_RVT          218      831.051    saed32rvt_tt0p85v25c 
AND4X4_RVT           22       95.050    saed32rvt_tt0p85v25c 
AO21X1_RVT        88883   225890.812    saed32rvt_tt0p85v25c 
AO21X2_RVT          896     2504.843    saed32rvt_tt0p85v25c 
AO221X1_RVT        5940    18115.384    saed32rvt_tt0p85v25c 
AO221X2_RVT         357     1179.482    saed32rvt_tt0p85v25c 
AO222X1_RVT        1014     3350.126    saed32rvt_tt0p85v25c 
AO222X2_RVT          28       99.624    saed32rvt_tt0p85v25c 
AO22X1_RVT       116737   296680.081    saed32rvt_tt0p85v25c 
AO22X2_RVT          539     1506.820    saed32rvt_tt0p85v25c 
AOI21X1_RVT        4097    12494.736    saed32rvt_tt0p85v25c 
AOI21X2_RVT         320     1057.239    saed32rvt_tt0p85v25c 
AOI221X1_RVT        284     1010.477    saed32rvt_tt0p85v25c 
AOI221X2_RVT        173      659.504    saed32rvt_tt0p85v25c 
AOI222X1_RVT         86      327.846    saed32rvt_tt0p85v25c 
AOI22X1_RVT        2638     8045.182    saed32rvt_tt0p85v25c 
AOI22X2_RVT          27       89.205    saed32rvt_tt0p85v25c 
DEC24X1_RVT        1455     8874.708    saed32rvt_tt0p85v25c 
DEC24X2_RVT         829     5899.191    saed32rvt_tt0p85v25c 
DELLN1X2_RVT       5203    26446.225    saed32rvt_tt0p85v25c 
DELLN2X2_RVT          6       39.646    saed32rvt_tt0p85v25c 
DELLN3X2_RVT         35      338.012    saed32rvt_tt0p85v25c 
DFFARX1_RVT        4124    29346.516    saed32rvt_tt0p85v25c 
DFFARX2_RVT          13       99.116    saed32rvt_tt0p85v25c 
FADDX1_RVT       114066   550794.601    saed32rvt_tt0p85v25c 
FADDX2_RVT          441     2353.628    saed32rvt_tt0p85v25c 
HADDX1_RVT        10940    36144.360    saed32rvt_tt0p85v25c 
HADDX2_RVT          210      800.554    saed32rvt_tt0p85v25c 
IBUFFX16_RVT        926     6118.771    saed32rvt_tt0p85v25c 
IBUFFX2_RVT        6370    16188.973    saed32rvt_tt0p85v25c 
IBUFFX32_RVT        292     3413.662    saed32rvt_tt0p85v25c 
IBUFFX4_RVT         425     1296.134    saed32rvt_tt0p85v25c 
IBUFFX8_RVT         550     2376.246    saed32rvt_tt0p85v25c 
INVX0_RVT         87787   111552.697    saed32rvt_tt0p85v25c 
INVX16_RVT          808     4106.967    saed32rvt_tt0p85v25c 
INVX1_RVT        126405   160625.362    saed32rvt_tt0p85v25c 
INVX2_RVT         30905    47125.922    saed32rvt_tt0p85v25c 
INVX32_RVT          172     1573.660    saed32rvt_tt0p85v25c 
INVX4_RVT         11871    24135.547    saed32rvt_tt0p85v25c 
INVX8_RVT          3183     9707.284    saed32rvt_tt0p85v25c 
MUX21X1_RVT        8557    28271.233    saed32rvt_tt0p85v25c 
MUX21X2_RVT         698     2483.495    saed32rvt_tt0p85v25c 
NAND2X0_RVT      168288   256616.313    saed32rvt_tt0p85v25c 
NAND2X1_RVT         720     1829.837    saed32rvt_tt0p85v25c 
NAND2X2_RVT        1017     2843.109    saed32rvt_tt0p85v25c 
NAND2X4_RVT        1657     5474.516    saed32rvt_tt0p85v25c 
NAND3X0_RVT       53359    94926.088    saed32rvt_tt0p85v25c 
NAND3X1_RVT        1542     4310.791    saed32rvt_tt0p85v25c 
NAND3X2_RVT        1920     5855.478    saed32rvt_tt0p85v25c 
NAND3X4_RVT          14       49.812    saed32rvt_tt0p85v25c 
NAND4X0_RVT       19928    40516.653    saed32rvt_tt0p85v25c 
NAND4X1_RVT        3114     9496.853    saed32rvt_tt0p85v25c 
NBUFFX16_RVT        421     2567.871    saed32rvt_tt0p85v25c 
NBUFFX2_RVT       32877    66843.938    saed32rvt_tt0p85v25c 
NBUFFX32_RVT         50      533.702    saed32rvt_tt0p85v25c 
NBUFFX4_RVT       26922    68420.648    saed32rvt_tt0p85v25c 
NBUFFX8_RVT        4589    17494.002    saed32rvt_tt0p85v25c 
NOR2X0_RVT         2493     6335.810    saed32rvt_tt0p85v25c 
NOR2X1_RVT            3        7.624    saed32rvt_tt0p85v25c 
NOR2X2_RVT          138      385.791    saed32rvt_tt0p85v25c 
NOR2X4_RVT           19       62.774    saed32rvt_tt0p85v25c 
NOR3X0_RVT          243      679.327    saed32rvt_tt0p85v25c 
NOR3X1_RVT          128      357.835    saed32rvt_tt0p85v25c 
NOR3X2_RVT           11       33.547    saed32rvt_tt0p85v25c 
NOR3X4_RVT           23       81.834    saed32rvt_tt0p85v25c 
NOR4X1_RVT          279      850.874    saed32rvt_tt0p85v25c 
OA21X1_RVT       129423   328920.789    saed32rvt_tt0p85v25c 
OA21X2_RVT          336      939.316    saed32rvt_tt0p85v25c 
OA221X1_RVT        8331    25407.284    saed32rvt_tt0p85v25c 
OA221X2_RVT         266      878.830    saed32rvt_tt0p85v25c 
OA222X1_RVT        2758     9112.079    saed32rvt_tt0p85v25c 
OA222X2_RVT           5       17.790    saed32rvt_tt0p85v25c 
OA22X1_RVT        59162   150356.673    saed32rvt_tt0p85v25c 
OA22X2_RVT           67      187.304    saed32rvt_tt0p85v25c 
OAI21X1_RVT        1452     4428.205    saed32rvt_tt0p85v25c 
OAI21X2_RVT         231      763.194    saed32rvt_tt0p85v25c 
OAI221X1_RVT       1470     5230.284    saed32rvt_tt0p85v25c 
OAI221X2_RVT        610     2325.418    saed32rvt_tt0p85v25c 
OAI222X1_RVT        111      423.150    saed32rvt_tt0p85v25c 
OAI222X2_RVT         36      146.387    saed32rvt_tt0p85v25c 
OAI22X1_RVT        2398     7313.248    saed32rvt_tt0p85v25c 
OAI22X2_RVT         795     2626.578    saed32rvt_tt0p85v25c 
OR2X1_RVT         54370   110542.474    saed32rvt_tt0p85v25c 
OR2X2_RVT          9379    21452.549    saed32rvt_tt0p85v25c 
OR2X4_RVT           243      679.327    saed32rvt_tt0p85v25c 
OR3X1_RVT          3580     9098.355    saed32rvt_tt0p85v25c 
OR3X2_RVT           411     1044.532    saed32rvt_tt0p85v25c 
OR3X4_RVT            16       65.061    saed32rvt_tt0p85v25c 
OR4X1_RVT           389     1384.068    saed32rvt_tt0p85v25c 
OR4X2_RVT             8       30.497    saed32rvt_tt0p85v25c 
OR4X4_RVT             1        4.320    saed32rvt_tt0p85v25c 
SDFFARX1_RVT       3604    32973.659    saed32rvt_tt0p85v25c 
SDFFARX2_RVT        543     5244.007    saed32rvt_tt0p85v25c 
XNOR2X1_RVT        7685    33202.643    saed32rvt_tt0p85v25c 
XNOR2X2_RVT        2804    12827.156    saed32rvt_tt0p85v25c 
XNOR3X1_RVT        7070    43123.154    saed32rvt_tt0p85v25c 
XNOR3X2_RVT         722     4587.299    saed32rvt_tt0p85v25c 
XOR2X1_RVT          470     2030.611    saed32rvt_tt0p85v25c 
XOR2X2_RVT          719     3289.132    saed32rvt_tt0p85v25c 
XOR3X1_RVT        13680    97347.318    saed32rvt_tt0p85v25c 
XOR3X2_RVT        26922   198419.878    saed32rvt_tt0p85v25c 
-------------------------------------------------------------
total           1519545  3818674.727                         


                                            
     Type      Instances     Area    Area % 
--------------------------------------------
sequential          8284   67663.299    1.8 
inverter          269694  388221.225   10.2 
buffer             70103  182684.044    4.8 
logic            1171464 3180106.159   83.3 
physical_cells         0       0.000    0.0 
--------------------------------------------
total            1519545 3818674.727  100.0 

