============================================================
  Generated by:           Genus(TM) Synthesis Solution 21.12-s068_1
  Generated on:           May 17 2026  01:49:44 pm
  Module:                 softmax_unit_DATA_WIDTH32_VEC_LEN64
  Operating conditions:   _nominal_ (balanced_tree)
  Wireload mode:          enclosed
  Area mode:              timing library
============================================================

Timing
--------

Clock Period 
-------------
clk   1000.0 


  Cost    Critical                 Violating 
 Group   Path Slack      TNS         Paths   
---------------------------------------------
clk        -19080.0   -59711810.4       4160 
default    No paths           0.0            
---------------------------------------------
Total                 -59711810.4       4160 

Instance Count
--------------
Leaf Instance Count             1519545 
Physical Instance count               0 
Sequential Instance Count          8284 
Combinational Instance Count    1511261 
Hierarchical Instance Count           0 

Area
----
Cell Area                          3818674.727
Physical Cell Area                 0.000
Total Cell Area (Cell+Physical)    3818674.727
Net Area                           0.000
Total Area (Cell+Physical+Net)     3818674.727

Max Fanout                         8284 (clk)
Min Fanout                         0 (rst_n)
Average Fanout                     2.3
Terms to net ratio                 3.3262
Terms to instance ratio            3.5278
Runtime                            58498.209817000024 seconds
Elapsed Runtime                    56225 seconds
Genus peak memory usage            14827.43 
Innovus peak memory usage          no_value 
Hostname                           phobos.ece.pdx.edu
