============================================================
  Generated by:           Genus(TM) Synthesis Solution 21.12-s068_1
  Generated on:           May 20 2026  09:13:02 am
  Module:                 adder_tree_DATA_WIDTH32_NUM_INPUTS8
  Operating conditions:   _nominal_ (balanced_tree)
  Wireload mode:          enclosed
  Area mode:              timing library
============================================================

                                  
    Gate      Instances    Area           Library         
----------------------------------------------------------
AND2X1_RVT           63   128.089    saed32rvt_tt0p85v25c 
AND4X1_RVT            7    17.790    saed32rvt_tt0p85v25c 
AO21X1_RVT           84   213.481    saed32rvt_tt0p85v25c 
FADDX1_RVT            7    33.801    saed32rvt_tt0p85v25c 
HADDX1_RVT           84   277.525    saed32rvt_tt0p85v25c 
INVX0_RVT           182   231.271    saed32rvt_tt0p85v25c 
INVX1_RVT           154   195.691    saed32rvt_tt0p85v25c 
INVX32_RVT            4    36.597    saed32rvt_tt0p85v25c 
INVX8_RVT             1     3.050    saed32rvt_tt0p85v25c 
MUX21X1_RVT          21    69.381    saed32rvt_tt0p85v25c 
NAND2X0_RVT         553   843.250    saed32rvt_tt0p85v25c 
NAND3X0_RVT         105   186.796    saed32rvt_tt0p85v25c 
NBUFFX8_RVT           1     3.812    saed32rvt_tt0p85v25c 
OA21X1_RVT           84   213.481    saed32rvt_tt0p85v25c 
OA221X1_RVT         112   341.570    saed32rvt_tt0p85v25c 
OA22X1_RVT            7    17.790    saed32rvt_tt0p85v25c 
OR2X1_RVT           329   668.907    saed32rvt_tt0p85v25c 
SDFFARX1_RVT        484  4428.205    saed32rvt_tt0p85v25c 
XNOR2X1_RVT         105   453.647    saed32rvt_tt0p85v25c 
XNOR3X1_RVT           7    42.696    saed32rvt_tt0p85v25c 
----------------------------------------------------------
total              2394  8406.829                         


                                         
     Type      Instances   Area   Area % 
-----------------------------------------
sequential           484 4428.205   52.7 
inverter             341  466.608    5.6 
buffer                 1    3.812    0.0 
logic               1568 3508.204   41.7 
physical_cells         0    0.000    0.0 
-----------------------------------------
total               2394 8406.829  100.0 

