============================================================
  Generated by:           Genus(TM) Synthesis Solution 21.12-s068_1
  Generated on:           May 20 2026  09:13:02 am
  Module:                 adder_tree_DATA_WIDTH32_NUM_INPUTS8
  Operating conditions:   _nominal_ (balanced_tree)
  Wireload mode:          enclosed
  Area mode:              timing library
============================================================

Timing
--------

Clock Period 
-------------
clk   1000.0 


  Cost    Critical         Violating 
 Group   Path Slack  TNS     Paths   
-------------------------------------
clk             8.4   0.0          0 
default    No paths   0.0            
-------------------------------------
Total                 0.0          0 

Instance Count
--------------
Leaf Instance Count             2394 
Physical Instance count            0 
Sequential Instance Count        484 
Combinational Instance Count    1910 
Hierarchical Instance Count        0 

Area
----
Cell Area                          8406.829
Physical Cell Area                 0.000
Total Cell Area (Cell+Physical)    8406.829
Net Area                           0.000
Total Area (Cell+Physical+Net)     8406.829

Max Fanout                         484 (clk)
Min Fanout                         0 (rst_n)
Average Fanout                     2.3
Terms to net ratio                 3.5753
Terms to instance ratio            3.9845
Runtime                            41.764956999999995 seconds
Elapsed Runtime                    41 seconds
Genus peak memory usage            1166.71 
Innovus peak memory usage          no_value 
Hostname                           phobos.ece.pdx.edu
