============================================================
  Generated by:           Genus(TM) Synthesis Solution 21.12-s068_1
  Generated on:           May 20 2026  09:13:01 am
  Module:                 adder_tree_DATA_WIDTH32_NUM_INPUTS8
  Operating conditions:   _nominal_ (balanced_tree)
  Wireload mode:          enclosed
  Area mode:              timing library
============================================================


Path 1: MET (8 ps) Setup Check with Pin stage_reg[3][0][26]/CLK->SI
          Group: clk
     Startpoint: (R) stage_reg[2][1][0]/CLK
          Clock: (R) clk
       Endpoint: (F) stage_reg[3][0][26]/SI
          Clock: (R) clk

                     Capture       Launch     
        Clock Edge:+    1000            0     
       Src Latency:+       0            0     
       Net Latency:+       0 (I)        0 (I) 
           Arrival:=    1000            0     
                                              
             Setup:-     112                  
       Uncertainty:-      50                  
     Required Time:=     838                  
      Launch Clock:-       0                  
         Data Path:-     830                  
             Slack:=       8                  

#------------------------------------------------------------------------------------------------------
#      Timing Point        Flags    Arc    Edge     Cell      Fanout Load Trans Delay Arrival Instance 
#                                                                    (fF)  (ps)  (ps)   (ps)  Location 
#------------------------------------------------------------------------------------------------------
  stage_reg[2][1][0]/CLK   -       -       R     (arrival)       484    -    50     0       0    (-,-) 
  stage_reg[2][1][0]/QN    -       CLK->QN R     SDFFARX1_RVT      1  0.8    38   125     125    (-,-) 
  g4053/Y                  -       A->Y    F     INVX1_RVT         2  1.5    28    25     150    (-,-) 
  add_50_46_I3_I1_g1337/C1 -       A0->C1  F     HADDX1_RVT        1  1.5    30    62     211    (-,-) 
  add_50_46_I3_I1_g1304/CO -       CI->CO  F     FADDX1_RVT        3  2.4    43    85     297    (-,-) 
  add_50_46_I3_I1_g1296/Y  -       A1->Y   F     AO21X1_RVT        5  3.1    40    91     388    (-,-) 
  add_50_46_I3_I1_g1283/Y  -       A1->Y   F     AO21X1_RVT        7  4.3    48    96     484    (-,-) 
  add_50_46_I3_I1_g1278/Y  -       A1->Y   F     AO21X1_RVT        9  5.5    56   106     589    (-,-) 
  add_50_46_I3_I1_g1272/Y  -       A->Y    R     INVX1_RVT         9  4.8    58    60     650    (-,-) 
  add_50_46_I3_I1_g1259/Y  -       A4->Y   R     OA221X1_RVT       1  1.0    36    85     735    (-,-) 
  add_50_46_I3_I1_g1505/SO -       A0->SO  F     HADDX1_RVT        1  0.5    30    95     830    (-,-) 
  stage_reg[3][0][26]/SI   -       -       F     SDFFARX1_RVT      1    -     -     0     830    (-,-) 
#------------------------------------------------------------------------------------------------------



Path 2: MET (8 ps) Setup Check with Pin stage_reg[3][0][22]/CLK->SI
          Group: clk
     Startpoint: (R) stage_reg[2][1][0]/CLK
          Clock: (R) clk
       Endpoint: (F) stage_reg[3][0][22]/SI
          Clock: (R) clk

                     Capture       Launch     
        Clock Edge:+    1000            0     
       Src Latency:+       0            0     
       Net Latency:+       0 (I)        0 (I) 
           Arrival:=    1000            0     
                                              
             Setup:-     112                  
       Uncertainty:-      50                  
     Required Time:=     838                  
      Launch Clock:-       0                  
         Data Path:-     830                  
             Slack:=       8                  

#------------------------------------------------------------------------------------------------------
#      Timing Point        Flags    Arc    Edge     Cell      Fanout Load Trans Delay Arrival Instance 
#                                                                    (fF)  (ps)  (ps)   (ps)  Location 
#------------------------------------------------------------------------------------------------------
  stage_reg[2][1][0]/CLK   -       -       R     (arrival)       484    -    50     0       0    (-,-) 
  stage_reg[2][1][0]/QN    -       CLK->QN R     SDFFARX1_RVT      1  0.8    38   125     125    (-,-) 
  g4053/Y                  -       A->Y    F     INVX1_RVT         2  1.5    28    25     150    (-,-) 
  add_50_46_I3_I1_g1337/C1 -       A0->C1  F     HADDX1_RVT        1  1.5    30    62     211    (-,-) 
  add_50_46_I3_I1_g1304/CO -       CI->CO  F     FADDX1_RVT        3  2.4    43    85     297    (-,-) 
  add_50_46_I3_I1_g1296/Y  -       A1->Y   F     AO21X1_RVT        5  3.1    40    91     388    (-,-) 
  add_50_46_I3_I1_g1283/Y  -       A1->Y   F     AO21X1_RVT        7  4.3    48    96     484    (-,-) 
  add_50_46_I3_I1_g1278/Y  -       A1->Y   F     AO21X1_RVT        9  5.5    56   106     589    (-,-) 
  add_50_46_I3_I1_g1272/Y  -       A->Y    R     INVX1_RVT         9  4.8    58    60     650    (-,-) 
  add_50_46_I3_I1_g1255/Y  -       A4->Y   R     OA221X1_RVT       1  1.0    36    85     735    (-,-) 
  add_50_46_I3_I1_g1509/SO -       A0->SO  F     HADDX1_RVT        1  0.5    30    95     830    (-,-) 
  stage_reg[3][0][22]/SI   -       -       F     SDFFARX1_RVT      1    -     -     0     830    (-,-) 
#------------------------------------------------------------------------------------------------------



Path 3: MET (8 ps) Setup Check with Pin stage_reg[2][1][26]/CLK->SI
          Group: clk
     Startpoint: (R) stage_reg[1][3][0]/CLK
          Clock: (R) clk
       Endpoint: (F) stage_reg[2][1][26]/SI
          Clock: (R) clk

                     Capture       Launch     
        Clock Edge:+    1000            0     
       Src Latency:+       0            0     
       Net Latency:+       0 (I)        0 (I) 
           Arrival:=    1000            0     
                                              
             Setup:-     112                  
       Uncertainty:-      50                  
     Required Time:=     838                  
      Launch Clock:-       0                  
         Data Path:-     830                  
             Slack:=       8                  

#------------------------------------------------------------------------------------------------------
#      Timing Point        Flags    Arc    Edge     Cell      Fanout Load Trans Delay Arrival Instance 
#                                                                    (fF)  (ps)  (ps)   (ps)  Location 
#------------------------------------------------------------------------------------------------------
  stage_reg[1][3][0]/CLK   -       -       R     (arrival)       484    -    50     0       0    (-,-) 
  stage_reg[1][3][0]/QN    -       CLK->QN R     SDFFARX1_RVT      1  0.8    38   125     125    (-,-) 
  g4051/Y                  -       A->Y    F     INVX1_RVT         2  1.5    28    25     150    (-,-) 
  add_50_46_I2_I2_g1337/C1 -       A0->C1  F     HADDX1_RVT        1  1.5    30    62     211    (-,-) 
  add_50_46_I2_I2_g1304/CO -       CI->CO  F     FADDX1_RVT        3  2.4    43    85     297    (-,-) 
  add_50_46_I2_I2_g1296/Y  -       A1->Y   F     AO21X1_RVT        5  3.1    40    91     388    (-,-) 
  add_50_46_I2_I2_g1283/Y  -       A1->Y   F     AO21X1_RVT        7  4.3    48    96     484    (-,-) 
  add_50_46_I2_I2_g1278/Y  -       A1->Y   F     AO21X1_RVT        9  5.5    56   106     589    (-,-) 
  add_50_46_I2_I2_g1272/Y  -       A->Y    R     INVX1_RVT         9  4.8    58    60     650    (-,-) 
  add_50_46_I2_I2_g1259/Y  -       A4->Y   R     OA221X1_RVT       1  1.0    36    85     735    (-,-) 
  add_50_46_I2_I2_g1505/SO -       A0->SO  F     HADDX1_RVT        1  0.5    30    95     830    (-,-) 
  stage_reg[2][1][26]/SI   -       -       F     SDFFARX1_RVT      1    -     -     0     830    (-,-) 
#------------------------------------------------------------------------------------------------------



Path 4: MET (8 ps) Setup Check with Pin stage_reg[2][1][22]/CLK->SI
          Group: clk
     Startpoint: (R) stage_reg[1][3][0]/CLK
          Clock: (R) clk
       Endpoint: (F) stage_reg[2][1][22]/SI
          Clock: (R) clk

                     Capture       Launch     
        Clock Edge:+    1000            0     
       Src Latency:+       0            0     
       Net Latency:+       0 (I)        0 (I) 
           Arrival:=    1000            0     
                                              
             Setup:-     112                  
       Uncertainty:-      50                  
     Required Time:=     838                  
      Launch Clock:-       0                  
         Data Path:-     830                  
             Slack:=       8                  

#------------------------------------------------------------------------------------------------------
#      Timing Point        Flags    Arc    Edge     Cell      Fanout Load Trans Delay Arrival Instance 
#                                                                    (fF)  (ps)  (ps)   (ps)  Location 
#------------------------------------------------------------------------------------------------------
  stage_reg[1][3][0]/CLK   -       -       R     (arrival)       484    -    50     0       0    (-,-) 
  stage_reg[1][3][0]/QN    -       CLK->QN R     SDFFARX1_RVT      1  0.8    38   125     125    (-,-) 
  g4051/Y                  -       A->Y    F     INVX1_RVT         2  1.5    28    25     150    (-,-) 
  add_50_46_I2_I2_g1337/C1 -       A0->C1  F     HADDX1_RVT        1  1.5    30    62     211    (-,-) 
  add_50_46_I2_I2_g1304/CO -       CI->CO  F     FADDX1_RVT        3  2.4    43    85     297    (-,-) 
  add_50_46_I2_I2_g1296/Y  -       A1->Y   F     AO21X1_RVT        5  3.1    40    91     388    (-,-) 
  add_50_46_I2_I2_g1283/Y  -       A1->Y   F     AO21X1_RVT        7  4.3    48    96     484    (-,-) 
  add_50_46_I2_I2_g1278/Y  -       A1->Y   F     AO21X1_RVT        9  5.5    56   106     589    (-,-) 
  add_50_46_I2_I2_g1272/Y  -       A->Y    R     INVX1_RVT         9  4.8    58    60     650    (-,-) 
  add_50_46_I2_I2_g1255/Y  -       A4->Y   R     OA221X1_RVT       1  1.0    36    85     735    (-,-) 
  add_50_46_I2_I2_g1509/SO -       A0->SO  F     HADDX1_RVT        1  0.5    30    95     830    (-,-) 
  stage_reg[2][1][22]/SI   -       -       F     SDFFARX1_RVT      1    -     -     0     830    (-,-) 
#------------------------------------------------------------------------------------------------------



Path 5: MET (8 ps) Setup Check with Pin stage_reg[2][0][26]/CLK->SI
          Group: clk
     Startpoint: (R) stage_reg[1][1][0]/CLK
          Clock: (R) clk
       Endpoint: (F) stage_reg[2][0][26]/SI
          Clock: (R) clk

                     Capture       Launch     
        Clock Edge:+    1000            0     
       Src Latency:+       0            0     
       Net Latency:+       0 (I)        0 (I) 
           Arrival:=    1000            0     
                                              
             Setup:-     112                  
       Uncertainty:-      50                  
     Required Time:=     838                  
      Launch Clock:-       0                  
         Data Path:-     830                  
             Slack:=       8                  

#------------------------------------------------------------------------------------------------------------
#         Timing Point           Flags    Arc    Edge     Cell      Fanout Load Trans Delay Arrival Instance 
#                                                                          (fF)  (ps)  (ps)   (ps)  Location 
#------------------------------------------------------------------------------------------------------------
  stage_reg[1][1][0]/CLK         -       -       R     (arrival)       484    -    50     0       0    (-,-) 
  stage_reg[1][1][0]/QN          -       CLK->QN R     SDFFARX1_RVT      1  0.8    38   125     125    (-,-) 
  g4064/Y                        -       A->Y    F     INVX1_RVT         2  1.5    28    25     150    (-,-) 
  add_50_46_I2_I1_g1337__1881/C1 -       A0->C1  F     HADDX1_RVT        1  1.5    30    62     211    (-,-) 
  add_50_46_I2_I1_g1304__6161/CO -       CI->CO  F     FADDX1_RVT        3  2.4    43    85     297    (-,-) 
  add_50_46_I2_I1_g1296__8246/Y  -       A1->Y   F     AO21X1_RVT        5  3.1    40    91     388    (-,-) 
  add_50_46_I2_I1_g1283__2398/Y  -       A1->Y   F     AO21X1_RVT        7  4.3    48    96     484    (-,-) 
  add_50_46_I2_I1_g1278__1666/Y  -       A1->Y   F     AO21X1_RVT        9  5.5    56   106     589    (-,-) 
  add_50_46_I2_I1_g1272/Y        -       A->Y    R     INVX1_RVT         9  4.8    58    60     650    (-,-) 
  add_50_46_I2_I1_g1259__3680/Y  -       A4->Y   R     OA221X1_RVT       1  1.0    36    85     735    (-,-) 
  add_50_46_I2_I1_g1505/SO       -       A0->SO  F     HADDX1_RVT        1  0.5    30    95     830    (-,-) 
  stage_reg[2][0][26]/SI         -       -       F     SDFFARX1_RVT      1    -     -     0     830    (-,-) 
#------------------------------------------------------------------------------------------------------------



Path 6: MET (8 ps) Setup Check with Pin stage_reg[2][0][22]/CLK->SI
          Group: clk
     Startpoint: (R) stage_reg[1][1][0]/CLK
          Clock: (R) clk
       Endpoint: (F) stage_reg[2][0][22]/SI
          Clock: (R) clk

                     Capture       Launch     
        Clock Edge:+    1000            0     
       Src Latency:+       0            0     
       Net Latency:+       0 (I)        0 (I) 
           Arrival:=    1000            0     
                                              
             Setup:-     112                  
       Uncertainty:-      50                  
     Required Time:=     838                  
      Launch Clock:-       0                  
         Data Path:-     830                  
             Slack:=       8                  

#------------------------------------------------------------------------------------------------------------
#         Timing Point           Flags    Arc    Edge     Cell      Fanout Load Trans Delay Arrival Instance 
#                                                                          (fF)  (ps)  (ps)   (ps)  Location 
#------------------------------------------------------------------------------------------------------------
  stage_reg[1][1][0]/CLK         -       -       R     (arrival)       484    -    50     0       0    (-,-) 
  stage_reg[1][1][0]/QN          -       CLK->QN R     SDFFARX1_RVT      1  0.8    38   125     125    (-,-) 
  g4064/Y                        -       A->Y    F     INVX1_RVT         2  1.5    28    25     150    (-,-) 
  add_50_46_I2_I1_g1337__1881/C1 -       A0->C1  F     HADDX1_RVT        1  1.5    30    62     211    (-,-) 
  add_50_46_I2_I1_g1304__6161/CO -       CI->CO  F     FADDX1_RVT        3  2.4    43    85     297    (-,-) 
  add_50_46_I2_I1_g1296__8246/Y  -       A1->Y   F     AO21X1_RVT        5  3.1    40    91     388    (-,-) 
  add_50_46_I2_I1_g1283__2398/Y  -       A1->Y   F     AO21X1_RVT        7  4.3    48    96     484    (-,-) 
  add_50_46_I2_I1_g1278__1666/Y  -       A1->Y   F     AO21X1_RVT        9  5.5    56   106     589    (-,-) 
  add_50_46_I2_I1_g1272/Y        -       A->Y    R     INVX1_RVT         9  4.8    58    60     650    (-,-) 
  add_50_46_I2_I1_g1255__4319/Y  -       A4->Y   R     OA221X1_RVT       1  1.0    36    85     735    (-,-) 
  add_50_46_I2_I1_g1509/SO       -       A0->SO  F     HADDX1_RVT        1  0.5    30    95     830    (-,-) 
  stage_reg[2][0][22]/SI         -       -       F     SDFFARX1_RVT      1    -     -     0     830    (-,-) 
#------------------------------------------------------------------------------------------------------------



Path 7: MET (8 ps) Setup Check with Pin stage_reg[1][3][26]/CLK->SI
          Group: clk
     Startpoint: (R) stage_reg[0][7][0]/CLK
          Clock: (R) clk
       Endpoint: (F) stage_reg[1][3][26]/SI
          Clock: (R) clk

                     Capture       Launch     
        Clock Edge:+    1000            0     
       Src Latency:+       0            0     
       Net Latency:+       0 (I)        0 (I) 
           Arrival:=    1000            0     
                                              
             Setup:-     112                  
       Uncertainty:-      50                  
     Required Time:=     838                  
      Launch Clock:-       0                  
         Data Path:-     830                  
             Slack:=       8                  

#------------------------------------------------------------------------------------------------------------
#         Timing Point           Flags    Arc    Edge     Cell      Fanout Load Trans Delay Arrival Instance 
#                                                                          (fF)  (ps)  (ps)   (ps)  Location 
#------------------------------------------------------------------------------------------------------------
  stage_reg[0][7][0]/CLK         -       -       R     (arrival)       484    -    50     0       0    (-,-) 
  stage_reg[0][7][0]/QN          -       CLK->QN R     SDFFARX1_RVT      1  0.8    38   125     125    (-,-) 
  g4066/Y                        -       A->Y    F     INVX1_RVT         2  1.5    28    25     150    (-,-) 
  add_50_46_I1_I4_g1337__7098/C1 -       A0->C1  F     HADDX1_RVT        1  1.5    30    62     211    (-,-) 
  add_50_46_I1_I4_g1304__7482/CO -       CI->CO  F     FADDX1_RVT        3  2.4    43    85     297    (-,-) 
  add_50_46_I1_I4_g1296__1705/Y  -       A1->Y   F     AO21X1_RVT        5  3.1    40    91     388    (-,-) 
  add_50_46_I1_I4_g1283__6417/Y  -       A1->Y   F     AO21X1_RVT        7  4.3    48    96     484    (-,-) 
  add_50_46_I1_I4_g1278__2883/Y  -       A1->Y   F     AO21X1_RVT        9  5.5    56   106     589    (-,-) 
  add_50_46_I1_I4_g1272/Y        -       A->Y    R     INVX1_RVT         9  4.8    58    60     650    (-,-) 
  add_50_46_I1_I4_g1259__5526/Y  -       A4->Y   R     OA221X1_RVT       1  1.0    36    85     735    (-,-) 
  add_50_46_I1_I4_g1505__5477/SO -       A0->SO  F     HADDX1_RVT        1  0.5    30    95     830    (-,-) 
  stage_reg[1][3][26]/SI         -       -       F     SDFFARX1_RVT      1    -     -     0     830    (-,-) 
#------------------------------------------------------------------------------------------------------------



Path 8: MET (8 ps) Setup Check with Pin stage_reg[1][3][22]/CLK->SI
          Group: clk
     Startpoint: (R) stage_reg[0][7][0]/CLK
          Clock: (R) clk
       Endpoint: (F) stage_reg[1][3][22]/SI
          Clock: (R) clk

                     Capture       Launch     
        Clock Edge:+    1000            0     
       Src Latency:+       0            0     
       Net Latency:+       0 (I)        0 (I) 
           Arrival:=    1000            0     
                                              
             Setup:-     112                  
       Uncertainty:-      50                  
     Required Time:=     838                  
      Launch Clock:-       0                  
         Data Path:-     830                  
             Slack:=       8                  

#------------------------------------------------------------------------------------------------------------
#         Timing Point           Flags    Arc    Edge     Cell      Fanout Load Trans Delay Arrival Instance 
#                                                                          (fF)  (ps)  (ps)   (ps)  Location 
#------------------------------------------------------------------------------------------------------------
  stage_reg[0][7][0]/CLK         -       -       R     (arrival)       484    -    50     0       0    (-,-) 
  stage_reg[0][7][0]/QN          -       CLK->QN R     SDFFARX1_RVT      1  0.8    38   125     125    (-,-) 
  g4066/Y                        -       A->Y    F     INVX1_RVT         2  1.5    28    25     150    (-,-) 
  add_50_46_I1_I4_g1337__7098/C1 -       A0->C1  F     HADDX1_RVT        1  1.5    30    62     211    (-,-) 
  add_50_46_I1_I4_g1304__7482/CO -       CI->CO  F     FADDX1_RVT        3  2.4    43    85     297    (-,-) 
  add_50_46_I1_I4_g1296__1705/Y  -       A1->Y   F     AO21X1_RVT        5  3.1    40    91     388    (-,-) 
  add_50_46_I1_I4_g1283__6417/Y  -       A1->Y   F     AO21X1_RVT        7  4.3    48    96     484    (-,-) 
  add_50_46_I1_I4_g1278__2883/Y  -       A1->Y   F     AO21X1_RVT        9  5.5    56   106     589    (-,-) 
  add_50_46_I1_I4_g1272/Y        -       A->Y    R     INVX1_RVT         9  4.8    58    60     650    (-,-) 
  add_50_46_I1_I4_g1255__5107/Y  -       A4->Y   R     OA221X1_RVT       1  1.0    36    85     735    (-,-) 
  add_50_46_I1_I4_g1509__5107/SO -       A0->SO  F     HADDX1_RVT        1  0.5    30    95     830    (-,-) 
  stage_reg[1][3][22]/SI         -       -       F     SDFFARX1_RVT      1    -     -     0     830    (-,-) 
#------------------------------------------------------------------------------------------------------------



Path 9: MET (8 ps) Setup Check with Pin stage_reg[1][2][26]/CLK->SI
          Group: clk
     Startpoint: (R) stage_reg[0][5][0]/CLK
          Clock: (R) clk
       Endpoint: (F) stage_reg[1][2][26]/SI
          Clock: (R) clk

                     Capture       Launch     
        Clock Edge:+    1000            0     
       Src Latency:+       0            0     
       Net Latency:+       0 (I)        0 (I) 
           Arrival:=    1000            0     
                                              
             Setup:-     112                  
       Uncertainty:-      50                  
     Required Time:=     838                  
      Launch Clock:-       0                  
         Data Path:-     830                  
             Slack:=       8                  

#------------------------------------------------------------------------------------------------------------
#         Timing Point           Flags    Arc    Edge     Cell      Fanout Load Trans Delay Arrival Instance 
#                                                                          (fF)  (ps)  (ps)   (ps)  Location 
#------------------------------------------------------------------------------------------------------------
  stage_reg[0][5][0]/CLK         -       -       R     (arrival)       484    -    50     0       0    (-,-) 
  stage_reg[0][5][0]/QN          -       CLK->QN R     SDFFARX1_RVT      1  0.8    38   125     125    (-,-) 
  g4040/Y                        -       A->Y    F     INVX1_RVT         2  1.5    28    25     150    (-,-) 
  add_50_46_I1_I3_g1337__5122/C1 -       A0->C1  F     HADDX1_RVT        1  1.5    30    62     211    (-,-) 
  add_50_46_I1_I3_g1304__1881/CO -       CI->CO  F     FADDX1_RVT        3  2.4    43    85     297    (-,-) 
  add_50_46_I1_I3_g1296__1617/Y  -       A1->Y   F     AO21X1_RVT        5  3.1    40    91     388    (-,-) 
  add_50_46_I1_I3_g1283__1666/Y  -       A1->Y   F     AO21X1_RVT        7  4.3    48    96     484    (-,-) 
  add_50_46_I1_I3_g1278__9315/Y  -       A1->Y   F     AO21X1_RVT        9  5.5    56   106     589    (-,-) 
  add_50_46_I1_I3_g1272/Y        -       A->Y    R     INVX1_RVT         9  4.8    58    60     650    (-,-) 
  add_50_46_I1_I3_g1259__4319/Y  -       A4->Y   R     OA221X1_RVT       1  1.0    36    85     735    (-,-) 
  add_50_46_I1_I3_g1505__7410/SO -       A0->SO  F     HADDX1_RVT        1  0.5    30    95     830    (-,-) 
  stage_reg[1][2][26]/SI         -       -       F     SDFFARX1_RVT      1    -     -     0     830    (-,-) 
#------------------------------------------------------------------------------------------------------------



Path 10: MET (8 ps) Setup Check with Pin stage_reg[1][2][22]/CLK->SI
          Group: clk
     Startpoint: (R) stage_reg[0][5][0]/CLK
          Clock: (R) clk
       Endpoint: (F) stage_reg[1][2][22]/SI
          Clock: (R) clk

                     Capture       Launch     
        Clock Edge:+    1000            0     
       Src Latency:+       0            0     
       Net Latency:+       0 (I)        0 (I) 
           Arrival:=    1000            0     
                                              
             Setup:-     112                  
       Uncertainty:-      50                  
     Required Time:=     838                  
      Launch Clock:-       0                  
         Data Path:-     830                  
             Slack:=       8                  

#------------------------------------------------------------------------------------------------------------
#         Timing Point           Flags    Arc    Edge     Cell      Fanout Load Trans Delay Arrival Instance 
#                                                                          (fF)  (ps)  (ps)   (ps)  Location 
#------------------------------------------------------------------------------------------------------------
  stage_reg[0][5][0]/CLK         -       -       R     (arrival)       484    -    50     0       0    (-,-) 
  stage_reg[0][5][0]/QN          -       CLK->QN R     SDFFARX1_RVT      1  0.8    38   125     125    (-,-) 
  g4040/Y                        -       A->Y    F     INVX1_RVT         2  1.5    28    25     150    (-,-) 
  add_50_46_I1_I3_g1337__5122/C1 -       A0->C1  F     HADDX1_RVT        1  1.5    30    62     211    (-,-) 
  add_50_46_I1_I3_g1304__1881/CO -       CI->CO  F     FADDX1_RVT        3  2.4    43    85     297    (-,-) 
  add_50_46_I1_I3_g1296__1617/Y  -       A1->Y   F     AO21X1_RVT        5  3.1    40    91     388    (-,-) 
  add_50_46_I1_I3_g1283__1666/Y  -       A1->Y   F     AO21X1_RVT        7  4.3    48    96     484    (-,-) 
  add_50_46_I1_I3_g1278__9315/Y  -       A1->Y   F     AO21X1_RVT        9  5.5    56   106     589    (-,-) 
  add_50_46_I1_I3_g1272/Y        -       A->Y    R     INVX1_RVT         9  4.8    58    60     650    (-,-) 
  add_50_46_I1_I3_g1255__5477/Y  -       A4->Y   R     OA221X1_RVT       1  1.0    36    85     735    (-,-) 
  add_50_46_I1_I3_g1509__5477/SO -       A0->SO  F     HADDX1_RVT        1  0.5    30    95     830    (-,-) 
  stage_reg[1][2][22]/SI         -       -       F     SDFFARX1_RVT      1    -     -     0     830    (-,-) 
#------------------------------------------------------------------------------------------------------------

