============================================================
  Generated by:           Genus(TM) Synthesis Solution 21.12-s068_1
  Generated on:           May 18 2026  04:21:54 pm
  Module:                 tile_buffer_DATA_WIDTH32_TILE_DIM4_NUM_RD_PORTS1
  Operating conditions:   _nominal_ (balanced_tree)
  Wireload mode:          enclosed
  Area mode:              timing library
============================================================

                                  
    Gate      Instances    Area           Library         
----------------------------------------------------------
AND2X1_RVT           35    71.160    saed32rvt_tt0p85v25c 
AND2X2_RVT           13    29.735    saed32rvt_tt0p85v25c 
AND2X4_RVT            4    11.182    saed32rvt_tt0p85v25c 
AND3X1_RVT           27    61.757    saed32rvt_tt0p85v25c 
AND3X2_RVT            1     2.541    saed32rvt_tt0p85v25c 
AO21X1_RVT            6    15.249    saed32rvt_tt0p85v25c 
AO221X1_RVT         112   341.570    saed32rvt_tt0p85v25c 
AO22X1_RVT          397  1008.952    saed32rvt_tt0p85v25c 
AOI21X1_RVT           1     3.050    saed32rvt_tt0p85v25c 
AOI221X1_RVT        206   732.951    saed32rvt_tt0p85v25c 
AOI222X1_RVT          2     7.624    saed32rvt_tt0p85v25c 
AOI22X1_RVT          32    97.591    saed32rvt_tt0p85v25c 
DEC24X2_RVT           5    35.580    saed32rvt_tt0p85v25c 
IBUFFX4_RVT           2     6.099    saed32rvt_tt0p85v25c 
IBUFFX8_RVT           2     8.641    saed32rvt_tt0p85v25c 
INVX0_RVT            20    25.414    saed32rvt_tt0p85v25c 
INVX16_RVT            1     5.083    saed32rvt_tt0p85v25c 
INVX1_RVT            24    30.497    saed32rvt_tt0p85v25c 
INVX2_RVT             5     7.624    saed32rvt_tt0p85v25c 
INVX4_RVT             7    14.232    saed32rvt_tt0p85v25c 
INVX8_RVT             5    15.249    saed32rvt_tt0p85v25c 
NAND2X0_RVT         171   260.752    saed32rvt_tt0p85v25c 
NAND2X4_RVT           1     3.304    saed32rvt_tt0p85v25c 
NAND3X0_RVT          67   119.194    saed32rvt_tt0p85v25c 
NAND4X0_RVT          40    81.326    saed32rvt_tt0p85v25c 
NBUFFX16_RVT         11    67.094    saed32rvt_tt0p85v25c 
NBUFFX2_RVT           8    16.265    saed32rvt_tt0p85v25c 
NBUFFX4_RVT           4    10.166    saed32rvt_tt0p85v25c 
NBUFFX8_RVT           8    30.497    saed32rvt_tt0p85v25c 
NOR2X0_RVT            8    20.332    saed32rvt_tt0p85v25c 
NOR3X0_RVT            1     2.796    saed32rvt_tt0p85v25c 
NOR4X1_RVT            2     6.099    saed32rvt_tt0p85v25c 
OA22X1_RVT           40   101.658    saed32rvt_tt0p85v25c 
OR2X1_RVT            92   187.050    saed32rvt_tt0p85v25c 
OR2X2_RVT             8    18.298    saed32rvt_tt0p85v25c 
OR2X4_RVT            17    47.525    saed32rvt_tt0p85v25c 
OR3X1_RVT             2     5.083    saed32rvt_tt0p85v25c 
SDFFARX1_RVT        512  4684.382    saed32rvt_tt0p85v25c 
----------------------------------------------------------
total              1899  8193.603                         


                                         
     Type      Instances   Area   Area % 
-----------------------------------------
sequential           512 4684.382   57.2 
inverter              66  112.840    1.4 
buffer                31  124.022    1.5 
logic               1290 3272.358   39.9 
physical_cells         0    0.000    0.0 
-----------------------------------------
total               1899 8193.603  100.0 

