============================================================
  Generated by:           Genus(TM) Synthesis Solution 21.12-s068_1
  Generated on:           May 18 2026  04:21:54 pm
  Module:                 tile_buffer_DATA_WIDTH32_TILE_DIM4_NUM_RD_PORTS1
  Operating conditions:   _nominal_ (balanced_tree)
  Wireload mode:          enclosed
  Area mode:              timing library
============================================================

Timing
--------

Clock Period 
-------------
clk   1000.0 


  Cost    Critical             Violating 
 Group   Path Slack    TNS       Paths   
-----------------------------------------
clk           -26.5   -2139.2         96 
default    No paths       0.0            
-----------------------------------------
Total                 -2139.2         96 

Instance Count
--------------
Leaf Instance Count             1899 
Physical Instance count            0 
Sequential Instance Count        512 
Combinational Instance Count    1387 
Hierarchical Instance Count        0 

Area
----
Cell Area                          8193.603
Physical Cell Area                 0.000
Total Cell Area (Cell+Physical)    8193.603
Net Area                           0.000
Total Area (Cell+Physical+Net)     8193.603

Max Fanout                         512 (clk)
Min Fanout                         0 (rst_n)
Average Fanout                     3.5
Terms to net ratio                 4.9806
Terms to instance ratio            5.1353
Runtime                            118.88593499999983 seconds
Elapsed Runtime                    119 seconds
Genus peak memory usage            1129.72 
Innovus peak memory usage          no_value 
Hostname                           phobos.ece.pdx.edu
