============================================================
  Generated by:           Genus(TM) Synthesis Solution 21.12-s068_1
  Generated on:           May 18 2026  04:21:53 pm
  Module:                 tile_buffer_DATA_WIDTH32_TILE_DIM4_NUM_RD_PORTS1
  Operating conditions:   _nominal_ (balanced_tree)
  Wireload mode:          enclosed
  Area mode:              timing library
============================================================


Path 1: VIOLATED (-26 ps) Late External Delay Assertion at pin rd_lin_data[1]
          Group: clk
     Startpoint: (R) rd_lin_idx[7]
          Clock: (R) clk
       Endpoint: (R) rd_lin_data[1]
          Clock: (R) clk

                     Capture       Launch     
        Clock Edge:+    1000            0     
        Drv Adjust:+       0            8     
       Src Latency:+       0            0     
       Net Latency:+       0 (I)        0 (I) 
           Arrival:=    1000            8     
                                              
      Output Delay:-     300                  
       Uncertainty:-      50                  
     Required Time:=     650                  
      Launch Clock:-       8                  
       Input Delay:-     300                  
         Data Path:-     369                  
             Slack:=     -26                  

Exceptions/Constraints:
  input_delay              300             in_del_65_1  
  output_delay             300             ou_del_149_1 

#-------------------------------------------------------------------------------------------
#  Timing Point   Flags   Arc   Edge     Cell      Fanout Load Trans Delay Arrival Instance 
#                                                         (fF)  (ps)  (ps)   (ps)  Location 
#-------------------------------------------------------------------------------------------
  rd_lin_idx[7]   -       -     R     (arrival)         3  2.0    21     0     308    (-,-) 
  g56001/Y        -       A->Y  F     INVX1_RVT         2  1.3    20    20     327    (-,-) 
  g56004/Y        -       A2->Y F     OR2X2_RVT         1  5.4    36    64     391    (-,-) 
  g18/Y           -       A->Y  R     INVX8_RVT        70 43.5    53    49     440    (-,-) 
  g53725__4733/Y  -       A3->Y R     AO22X1_RVT        1  0.6    29    62     502    (-,-) 
  g53152__54788/Y -       A5->Y F     AOI221X1_RVT      1  0.5    24    77     580    (-,-) 
  g52752__6131/Y  -       A2->Y F     OA22X1_RVT        1  0.6    31    68     648    (-,-) 
  g52684__6783/Y  -       A1->Y R     NAND3X0_RVT       1  0.1    27    28     676    (-,-) 
  rd_lin_data[1]  -       -     R     (port)            -    -     -     0     676    (-,-) 
#-------------------------------------------------------------------------------------------



Path 2: VIOLATED (-26 ps) Late External Delay Assertion at pin rd_lin_data[7]
          Group: clk
     Startpoint: (R) rd_lin_idx[7]
          Clock: (R) clk
       Endpoint: (R) rd_lin_data[7]
          Clock: (R) clk

                     Capture       Launch     
        Clock Edge:+    1000            0     
        Drv Adjust:+       0            8     
       Src Latency:+       0            0     
       Net Latency:+       0 (I)        0 (I) 
           Arrival:=    1000            8     
                                              
      Output Delay:-     300                  
       Uncertainty:-      50                  
     Required Time:=     650                  
      Launch Clock:-       8                  
       Input Delay:-     300                  
         Data Path:-     369                  
             Slack:=     -26                  

Exceptions/Constraints:
  input_delay              300             in_del_65_1  
  output_delay             300             ou_del_143_1 

#-------------------------------------------------------------------------------------------
#  Timing Point   Flags   Arc   Edge     Cell      Fanout Load Trans Delay Arrival Instance 
#                                                         (fF)  (ps)  (ps)   (ps)  Location 
#-------------------------------------------------------------------------------------------
  rd_lin_idx[7]   -       -     R     (arrival)         3  2.0    21     0     308    (-,-) 
  g56001/Y        -       A->Y  F     INVX1_RVT         2  1.3    20    20     327    (-,-) 
  g56004/Y        -       A2->Y F     OR2X2_RVT         1  5.4    36    64     391    (-,-) 
  g18/Y           -       A->Y  R     INVX8_RVT        70 43.5    53    49     440    (-,-) 
  g53580__55425/Y -       A3->Y R     AO22X1_RVT        1  0.6    29    62     502    (-,-) 
  g53125__54803/Y -       A5->Y F     AOI221X1_RVT      1  0.5    24    77     580    (-,-) 
  g52776__2802/Y  -       A2->Y F     OA22X1_RVT        1  0.6    31    68     648    (-,-) 
  g52674__2398/Y  -       A1->Y R     NAND3X0_RVT       1  0.1    27    28     676    (-,-) 
  rd_lin_data[7]  -       -     R     (port)            -    -     -     0     676    (-,-) 
#-------------------------------------------------------------------------------------------



Path 3: VIOLATED (-26 ps) Late External Delay Assertion at pin rd_lin_data[10]
          Group: clk
     Startpoint: (R) rd_lin_idx[7]
          Clock: (R) clk
       Endpoint: (R) rd_lin_data[10]
          Clock: (R) clk

                     Capture       Launch     
        Clock Edge:+    1000            0     
        Drv Adjust:+       0            8     
       Src Latency:+       0            0     
       Net Latency:+       0 (I)        0 (I) 
           Arrival:=    1000            8     
                                              
      Output Delay:-     300                  
       Uncertainty:-      50                  
     Required Time:=     650                  
      Launch Clock:-       8                  
       Input Delay:-     300                  
         Data Path:-     369                  
             Slack:=     -26                  

Exceptions/Constraints:
  input_delay              300             in_del_65_1  
  output_delay             300             ou_del_140_1 

#-------------------------------------------------------------------------------------------
#  Timing Point   Flags   Arc   Edge     Cell      Fanout Load Trans Delay Arrival Instance 
#                                                         (fF)  (ps)  (ps)   (ps)  Location 
#-------------------------------------------------------------------------------------------
  rd_lin_idx[7]   -       -     R     (arrival)         3  2.0    21     0     308    (-,-) 
  g56001/Y        -       A->Y  F     INVX1_RVT         2  1.3    20    20     327    (-,-) 
  g56004/Y        -       A2->Y F     OR2X2_RVT         1  5.4    36    64     391    (-,-) 
  g18/Y           -       A->Y  R     INVX8_RVT        70 43.5    53    49     440    (-,-) 
  g53513__1705/Y  -       A3->Y R     AO22X1_RVT        1  0.6    29    62     502    (-,-) 
  g53111__54791/Y -       A5->Y F     AOI221X1_RVT      1  0.5    24    77     580    (-,-) 
  g52770__8428/Y  -       A2->Y F     OA22X1_RVT        1  0.6    31    68     648    (-,-) 
  g52669__7410/Y  -       A1->Y R     NAND3X0_RVT       1  0.1    27    28     676    (-,-) 
  rd_lin_data[10] -       -     R     (port)            -    -     -     0     676    (-,-) 
#-------------------------------------------------------------------------------------------



Path 4: VIOLATED (-26 ps) Late External Delay Assertion at pin rd_lin_data[14]
          Group: clk
     Startpoint: (R) rd_lin_idx[7]
          Clock: (R) clk
       Endpoint: (R) rd_lin_data[14]
          Clock: (R) clk

                     Capture       Launch     
        Clock Edge:+    1000            0     
        Drv Adjust:+       0            8     
       Src Latency:+       0            0     
       Net Latency:+       0 (I)        0 (I) 
           Arrival:=    1000            8     
                                              
      Output Delay:-     300                  
       Uncertainty:-      50                  
     Required Time:=     650                  
      Launch Clock:-       8                  
       Input Delay:-     300                  
         Data Path:-     369                  
             Slack:=     -26                  

Exceptions/Constraints:
  input_delay              300             in_del_65_1  
  output_delay             300             ou_del_136_1 

#-------------------------------------------------------------------------------------------
#  Timing Point   Flags   Arc   Edge     Cell      Fanout Load Trans Delay Arrival Instance 
#                                                         (fF)  (ps)  (ps)   (ps)  Location 
#-------------------------------------------------------------------------------------------
  rd_lin_idx[7]   -       -     R     (arrival)         3  2.0    21     0     308    (-,-) 
  g56001/Y        -       A->Y  F     INVX1_RVT         2  1.3    20    20     327    (-,-) 
  g56004/Y        -       A2->Y F     OR2X2_RVT         1  5.4    36    64     391    (-,-) 
  g18/Y           -       A->Y  R     INVX8_RVT        70 43.5    53    49     440    (-,-) 
  g53496__55424/Y -       A3->Y R     AO22X1_RVT        1  0.6    29    62     502    (-,-) 
  g53166__54794/Y -       A5->Y F     AOI221X1_RVT      1  0.5    24    77     580    (-,-) 
  g52761__1666/Y  -       A2->Y F     OA22X1_RVT        1  0.6    31    68     648    (-,-) 
  g52663__9945/Y  -       A1->Y R     NAND3X0_RVT       1  0.1    28    28     676    (-,-) 
  rd_lin_data[14] -       -     R     (port)            -    -     -     0     676    (-,-) 
#-------------------------------------------------------------------------------------------



Path 5: VIOLATED (-26 ps) Late External Delay Assertion at pin rd_lin_data[17]
          Group: clk
     Startpoint: (R) rd_lin_idx[7]
          Clock: (R) clk
       Endpoint: (R) rd_lin_data[17]
          Clock: (R) clk

                     Capture       Launch     
        Clock Edge:+    1000            0     
        Drv Adjust:+       0            8     
       Src Latency:+       0            0     
       Net Latency:+       0 (I)        0 (I) 
           Arrival:=    1000            8     
                                              
      Output Delay:-     300                  
       Uncertainty:-      50                  
     Required Time:=     650                  
      Launch Clock:-       8                  
       Input Delay:-     300                  
         Data Path:-     369                  
             Slack:=     -26                  

Exceptions/Constraints:
  input_delay              300             in_del_65_1  
  output_delay             300             ou_del_133_1 

#-------------------------------------------------------------------------------------------
#  Timing Point   Flags   Arc   Edge     Cell      Fanout Load Trans Delay Arrival Instance 
#                                                         (fF)  (ps)  (ps)   (ps)  Location 
#-------------------------------------------------------------------------------------------
  rd_lin_idx[7]   -       -     R     (arrival)         3  2.0    21     0     308    (-,-) 
  g56001/Y        -       A->Y  F     INVX1_RVT         2  1.3    20    20     327    (-,-) 
  g56004/Y        -       A2->Y F     OR2X2_RVT         1  5.4    36    64     391    (-,-) 
  g18/Y           -       A->Y  R     INVX8_RVT        70 43.5    53    49     440    (-,-) 
  g53474__55420/Y -       A3->Y R     AO22X1_RVT        1  0.6    29    62     502    (-,-) 
  g53071__54801/Y -       A5->Y F     AOI221X1_RVT      1  0.5    24    77     580    (-,-) 
  g52751__2398/Y  -       A2->Y F     OA22X1_RVT        1  0.6    31    68     648    (-,-) 
  g52659__4733/Y  -       A1->Y R     NAND3X0_RVT       1  0.1    28    28     676    (-,-) 
  rd_lin_data[17] -       -     R     (port)            -    -     -     0     676    (-,-) 
#-------------------------------------------------------------------------------------------



Path 6: VIOLATED (-26 ps) Late External Delay Assertion at pin rd_lin_data[21]
          Group: clk
     Startpoint: (R) rd_lin_idx[7]
          Clock: (R) clk
       Endpoint: (R) rd_lin_data[21]
          Clock: (R) clk

                     Capture       Launch     
        Clock Edge:+    1000            0     
        Drv Adjust:+       0            8     
       Src Latency:+       0            0     
       Net Latency:+       0 (I)        0 (I) 
           Arrival:=    1000            8     
                                              
      Output Delay:-     300                  
       Uncertainty:-      50                  
     Required Time:=     650                  
      Launch Clock:-       8                  
       Input Delay:-     300                  
         Data Path:-     369                  
             Slack:=     -26                  

Exceptions/Constraints:
  input_delay              300             in_del_65_1  
  output_delay             300             ou_del_129_1 

#-------------------------------------------------------------------------------------------
#  Timing Point   Flags   Arc   Edge     Cell      Fanout Load Trans Delay Arrival Instance 
#                                                         (fF)  (ps)  (ps)   (ps)  Location 
#-------------------------------------------------------------------------------------------
  rd_lin_idx[7]   -       -     R     (arrival)         3  2.0    21     0     308    (-,-) 
  g56001/Y        -       A->Y  F     INVX1_RVT         2  1.3    20    20     327    (-,-) 
  g56004/Y        -       A2->Y F     OR2X2_RVT         1  5.4    36    64     391    (-,-) 
  g18/Y           -       A->Y  R     INVX8_RVT        70 43.5    53    49     440    (-,-) 
  g53731__55418/Y -       A3->Y R     AO22X1_RVT        1  0.6    29    62     502    (-,-) 
  g53333__54804/Y -       A5->Y F     AOI221X1_RVT      1  0.5    24    77     580    (-,-) 
  g52841__4733/Y  -       A2->Y F     OA22X1_RVT        1  0.6    31    68     648    (-,-) 
  g52746__6131/Y  -       A1->Y R     NAND3X0_RVT       1  0.1    27    28     676    (-,-) 
  rd_lin_data[21] -       -     R     (port)            -    -     -     0     676    (-,-) 
#-------------------------------------------------------------------------------------------



Path 7: VIOLATED (-26 ps) Late External Delay Assertion at pin rd_lin_data[22]
          Group: clk
     Startpoint: (R) rd_lin_idx[7]
          Clock: (R) clk
       Endpoint: (R) rd_lin_data[22]
          Clock: (R) clk

                     Capture       Launch     
        Clock Edge:+    1000            0     
        Drv Adjust:+       0            8     
       Src Latency:+       0            0     
       Net Latency:+       0 (I)        0 (I) 
           Arrival:=    1000            8     
                                              
      Output Delay:-     300                  
       Uncertainty:-      50                  
     Required Time:=     650                  
      Launch Clock:-       8                  
       Input Delay:-     300                  
         Data Path:-     369                  
             Slack:=     -26                  

Exceptions/Constraints:
  input_delay              300             in_del_65_1  
  output_delay             300             ou_del_128_1 

#-------------------------------------------------------------------------------------------
#  Timing Point   Flags   Arc   Edge     Cell      Fanout Load Trans Delay Arrival Instance 
#                                                         (fF)  (ps)  (ps)   (ps)  Location 
#-------------------------------------------------------------------------------------------
  rd_lin_idx[7]   -       -     R     (arrival)         3  2.0    21     0     308    (-,-) 
  g56001/Y        -       A->Y  F     INVX1_RVT         2  1.3    20    20     327    (-,-) 
  g56004/Y        -       A2->Y F     OR2X2_RVT         1  5.4    36    64     391    (-,-) 
  g18/Y           -       A->Y  R     INVX8_RVT        70 43.5    53    49     440    (-,-) 
  g53570__55427/Y -       A3->Y R     AO22X1_RVT        1  0.6    29    62     502    (-,-) 
  g53325__54796/Y -       A5->Y F     AOI221X1_RVT      1  0.5    24    77     580    (-,-) 
  g52840__7482/Y  -       A2->Y F     OA22X1_RVT        1  0.6    31    68     648    (-,-) 
  g56013/Y        -       A1->Y R     NAND3X0_RVT       1  0.1    26    28     676    (-,-) 
  rd_lin_data[22] -       -     R     (port)            -    -     -     0     676    (-,-) 
#-------------------------------------------------------------------------------------------



Path 8: VIOLATED (-26 ps) Late External Delay Assertion at pin rd_lin_data[11]
          Group: clk
     Startpoint: (R) rd_lin_idx[7]
          Clock: (R) clk
       Endpoint: (R) rd_lin_data[11]
          Clock: (R) clk

                     Capture       Launch     
        Clock Edge:+    1000            0     
        Drv Adjust:+       0            8     
       Src Latency:+       0            0     
       Net Latency:+       0 (I)        0 (I) 
           Arrival:=    1000            8     
                                              
      Output Delay:-     300                  
       Uncertainty:-      50                  
     Required Time:=     650                  
      Launch Clock:-       8                  
       Input Delay:-     300                  
         Data Path:-     368                  
             Slack:=     -26                  

Exceptions/Constraints:
  input_delay              300             in_del_65_1  
  output_delay             300             ou_del_139_1 

#------------------------------------------------------------------------------------------
#  Timing Point   Flags   Arc   Edge    Cell      Fanout Load Trans Delay Arrival Instance 
#                                                        (fF)  (ps)  (ps)   (ps)  Location 
#------------------------------------------------------------------------------------------
  rd_lin_idx[7]   -       -     R     (arrival)        3  2.0    21     0     308    (-,-) 
  g56001/Y        -       A->Y  F     INVX1_RVT        2  1.3    20    20     327    (-,-) 
  g56004/Y        -       A2->Y F     OR2X2_RVT        1  5.4    36    64     391    (-,-) 
  g18/Y           -       A->Y  R     INVX8_RVT       70 43.5    53    49     440    (-,-) 
  fopt54744/Y     -       A->Y  R     NBUFFX8_RVT     17 10.0    29    56     496    (-,-) 
  g53511__56911/Y -       A3->Y R     AO22X1_RVT       1  0.6    29    56     552    (-,-) 
  g53105__57152/Y -       A5->Y R     AO221X1_RVT      1  0.6    35    64     616    (-,-) 
  g52922__3680/Y  -       A1->Y F     NAND2X0_RVT      1  0.6    33    30     646    (-,-) 
  g54701/Y        -       A1->Y R     NAND3X0_RVT      1  0.1    26    30     676    (-,-) 
  rd_lin_data[11] -       -     R     (port)           -    -     -     0     676    (-,-) 
#------------------------------------------------------------------------------------------



Path 9: VIOLATED (-26 ps) Late External Delay Assertion at pin rd_lin_data[13]
          Group: clk
     Startpoint: (R) rd_lin_idx[7]
          Clock: (R) clk
       Endpoint: (R) rd_lin_data[13]
          Clock: (R) clk

                     Capture       Launch     
        Clock Edge:+    1000            0     
        Drv Adjust:+       0            8     
       Src Latency:+       0            0     
       Net Latency:+       0 (I)        0 (I) 
           Arrival:=    1000            8     
                                              
      Output Delay:-     300                  
       Uncertainty:-      50                  
     Required Time:=     650                  
      Launch Clock:-       8                  
       Input Delay:-     300                  
         Data Path:-     368                  
             Slack:=     -26                  

Exceptions/Constraints:
  input_delay              300             in_del_65_1  
  output_delay             300             ou_del_137_1 

#------------------------------------------------------------------------------------------
#  Timing Point   Flags   Arc   Edge    Cell      Fanout Load Trans Delay Arrival Instance 
#                                                        (fF)  (ps)  (ps)   (ps)  Location 
#------------------------------------------------------------------------------------------
  rd_lin_idx[7]   -       -     R     (arrival)        3  2.0    21     0     308    (-,-) 
  g56001/Y        -       A->Y  F     INVX1_RVT        2  1.3    20    20     327    (-,-) 
  g56004/Y        -       A2->Y F     OR2X2_RVT        1  5.4    36    64     391    (-,-) 
  g18/Y           -       A->Y  R     INVX8_RVT       70 43.5    53    49     440    (-,-) 
  fopt54744/Y     -       A->Y  R     NBUFFX8_RVT     17 10.0    29    56     496    (-,-) 
  g53502__56896/Y -       A3->Y R     AO22X1_RVT       1  0.6    29    56     552    (-,-) 
  g53096__57145/Y -       A5->Y R     AO221X1_RVT      1  0.6    35    64     616    (-,-) 
  g52921__6783/Y  -       A1->Y F     NAND2X0_RVT      1  0.6    33    30     646    (-,-) 
  g54689/Y        -       A1->Y R     NAND3X0_RVT      1  0.1    26    30     676    (-,-) 
  rd_lin_data[13] -       -     R     (port)           -    -     -     0     676    (-,-) 
#------------------------------------------------------------------------------------------



Path 10: VIOLATED (-25 ps) Late External Delay Assertion at pin mp_rd_data[0][1]
          Group: clk
     Startpoint: (F) mp_rd_row[0][0]
          Clock: (R) clk
       Endpoint: (R) mp_rd_data[0][1]
          Clock: (R) clk

                     Capture       Launch     
        Clock Edge:+    1000            0     
        Drv Adjust:+       0            6     
       Src Latency:+       0            0     
       Net Latency:+       0 (I)        0 (I) 
           Arrival:=    1000            6     
                                              
      Output Delay:-     300                  
       Uncertainty:-      50                  
     Required Time:=     650                  
      Launch Clock:-       6                  
       Input Delay:-     300                  
         Data Path:-     370                  
             Slack:=     -25                  

Exceptions/Constraints:
  input_delay              300             in_del_80_1  
  output_delay             300             ou_del_181_1 

#-------------------------------------------------------------------------------------------
#  Timing Point    Flags   Arc   Edge    Cell      Fanout Load Trans Delay Arrival Instance 
#                                                         (fF)  (ps)  (ps)   (ps)  Location 
#-------------------------------------------------------------------------------------------
  mp_rd_row[0][0]  -       -     F     (arrival)        3  1.7    15     0     306    (-,-) 
  g44/Y            -       A1->Y F     OR2X4_RVT        1 10.7    46    84     390    (-,-) 
  g43/Y            -       A->Y  R     INVX16_RVT      86 45.7    38    39     429    (-,-) 
  g54599/Y         -       A1->Y R     AO22X1_RVT       1  0.6    29    71     500    (-,-) 
  g53312__1881/Y   -       A5->Y R     AO221X1_RVT      1  0.5    34    64     564    (-,-) 
  g52835__6131/Y   -       A1->Y F     AOI22X1_RVT      1  0.6    20    89     652    (-,-) 
  g52738__2398/Y   -       A1->Y R     NAND3X0_RVT      1  0.1    27    23     675    (-,-) 
  mp_rd_data[0][1] -       -     R     (port)           -    -     -     0     675    (-,-) 
#-------------------------------------------------------------------------------------------

