============================================================
  Generated by:           Genus(TM) Synthesis Solution 21.12-s068_1
  Generated on:           May 17 2026  05:12:43 pm
  Module:                 fused_postproc_unit
  Operating conditions:   _nominal_ (balanced_tree)
  Wireload mode:          enclosed
  Area mode:              timing library
============================================================

                                    
    Gate      Instances     Area            Library         
------------------------------------------------------------
AND2X1_RVT         5377   10932.258    saed32rvt_tt0p85v25c 
AND2X2_RVT          102     233.304    saed32rvt_tt0p85v25c 
AND2X4_RVT           45     125.801    saed32rvt_tt0p85v25c 
AND3X1_RVT          775    1772.654    saed32rvt_tt0p85v25c 
AND3X2_RVT           26      66.077    saed32rvt_tt0p85v25c 
AND3X4_RVT            6      18.298    saed32rvt_tt0p85v25c 
AND4X1_RVT          309     785.305    saed32rvt_tt0p85v25c 
AND4X2_RVT           14      53.370    saed32rvt_tt0p85v25c 
AO21X1_RVT         3058    7771.724    saed32rvt_tt0p85v25c 
AO21X2_RVT           59     164.939    saed32rvt_tt0p85v25c 
AO221X1_RVT         173     527.603    saed32rvt_tt0p85v25c 
AO221X2_RVT          29      95.812    saed32rvt_tt0p85v25c 
AO222X1_RVT          48     158.586    saed32rvt_tt0p85v25c 
AO22X1_RVT         8217   20883.012    saed32rvt_tt0p85v25c 
AO22X2_RVT           33      92.254    saed32rvt_tt0p85v25c 
AOI21X1_RVT         123     375.117    saed32rvt_tt0p85v25c 
AOI21X2_RVT          11      36.343    saed32rvt_tt0p85v25c 
AOI221X1_RVT          9      32.022    saed32rvt_tt0p85v25c 
AOI221X2_RVT          5      19.061    saed32rvt_tt0p85v25c 
AOI222X1_RVT          4      15.249    saed32rvt_tt0p85v25c 
AOI22X1_RVT         115     350.719    saed32rvt_tt0p85v25c 
AOI22X2_RVT           1       3.304    saed32rvt_tt0p85v25c 
DEC24X1_RVT          26     158.586    saed32rvt_tt0p85v25c 
DEC24X2_RVT          16     113.857    saed32rvt_tt0p85v25c 
DELLN1X2_RVT        269    1367.295    saed32rvt_tt0p85v25c 
DELLN2X2_RVT          6      39.646    saed32rvt_tt0p85v25c 
DELLN3X2_RVT          2      19.315    saed32rvt_tt0p85v25c 
DFFARX1_RVT          78     555.050    saed32rvt_tt0p85v25c 
DFFARX2_RVT          36     274.476    saed32rvt_tt0p85v25c 
FADDX1_RVT         5667   27364.447    saed32rvt_tt0p85v25c 
FADDX2_RVT            6      32.022    saed32rvt_tt0p85v25c 
HADDX1_RVT          819    2705.871    saed32rvt_tt0p85v25c 
HADDX2_RVT            6      22.873    saed32rvt_tt0p85v25c 
IBUFFX16_RVT         36     237.879    saed32rvt_tt0p85v25c 
IBUFFX2_RVT         209     531.161    saed32rvt_tt0p85v25c 
IBUFFX32_RVT         14     163.669    saed32rvt_tt0p85v25c 
IBUFFX4_RVT         102     311.072    saed32rvt_tt0p85v25c 
IBUFFX8_RVT          62     267.868    saed32rvt_tt0p85v25c 
INVX0_RVT          2920    3710.502    saed32rvt_tt0p85v25c 
INVX16_RVT           29     147.404    saed32rvt_tt0p85v25c 
INVX1_RVT          3815    4847.797    saed32rvt_tt0p85v25c 
INVX2_RVT           956    1457.770    saed32rvt_tt0p85v25c 
INVX32_RVT           10      91.492    saed32rvt_tt0p85v25c 
INVX4_RVT           559    1136.532    saed32rvt_tt0p85v25c 
INVX8_RVT           113     344.619    saed32rvt_tt0p85v25c 
MUX21X1_RVT         300     991.162    saed32rvt_tt0p85v25c 
MUX21X2_RVT          27      96.066    saed32rvt_tt0p85v25c 
NAND2X0_RVT        6170    9408.411    saed32rvt_tt0p85v25c 
NAND2X1_RVT          77     195.691    saed32rvt_tt0p85v25c 
NAND2X2_RVT          48     134.188    saed32rvt_tt0p85v25c 
NAND2X4_RVT          52     171.801    saed32rvt_tt0p85v25c 
NAND3X0_RVT        1864    3316.071    saed32rvt_tt0p85v25c 
NAND3X1_RVT          51     142.575    saed32rvt_tt0p85v25c 
NAND3X2_RVT          69     210.431    saed32rvt_tt0p85v25c 
NAND3X4_RVT           1       3.558    saed32rvt_tt0p85v25c 
NAND4X0_RVT         632    1284.952    saed32rvt_tt0p85v25c 
NAND4X1_RVT         116     353.768    saed32rvt_tt0p85v25c 
NBUFFX16_RVT         13      79.293    saed32rvt_tt0p85v25c 
NBUFFX2_RVT         769    1563.494    saed32rvt_tt0p85v25c 
NBUFFX32_RVT          5      53.370    saed32rvt_tt0p85v25c 
NBUFFX4_RVT         396    1006.410    saed32rvt_tt0p85v25c 
NBUFFX8_RVT         119     453.647    saed32rvt_tt0p85v25c 
NOR2X0_RVT          124     315.139    saed32rvt_tt0p85v25c 
NOR2X2_RVT            7      19.569    saed32rvt_tt0p85v25c 
NOR2X4_RVT           15      49.558    saed32rvt_tt0p85v25c 
NOR3X0_RVT           11      30.751    saed32rvt_tt0p85v25c 
NOR3X1_RVT            2       5.591    saed32rvt_tt0p85v25c 
NOR3X2_RVT            1       3.050    saed32rvt_tt0p85v25c 
NOR4X1_RVT           24      73.193    saed32rvt_tt0p85v25c 
OA21X1_RVT         3556    9037.361    saed32rvt_tt0p85v25c 
OA21X2_RVT           25      69.890    saed32rvt_tt0p85v25c 
OA221X1_RVT         243     741.084    saed32rvt_tt0p85v25c 
OA221X2_RVT           6      19.823    saed32rvt_tt0p85v25c 
OA222X1_RVT          68     224.663    saed32rvt_tt0p85v25c 
OA222X2_RVT           1       3.558    saed32rvt_tt0p85v25c 
OA22X1_RVT         2024    5143.875    saed32rvt_tt0p85v25c 
OA22X2_RVT            6      16.774    saed32rvt_tt0p85v25c 
OAI21X1_RVT          57     173.834    saed32rvt_tt0p85v25c 
OAI21X2_RVT          14      46.254    saed32rvt_tt0p85v25c 
OAI221X1_RVT         43     152.995    saed32rvt_tt0p85v25c 
OAI221X2_RVT         15      57.182    saed32rvt_tt0p85v25c 
OAI222X1_RVT          2       7.624    saed32rvt_tt0p85v25c 
OAI222X2_RVT          1       4.066    saed32rvt_tt0p85v25c 
OAI22X1_RVT         126     384.266    saed32rvt_tt0p85v25c 
OAI22X2_RVT          24      79.293    saed32rvt_tt0p85v25c 
OR2X1_RVT          2269    4613.222    saed32rvt_tt0p85v25c 
OR2X2_RVT           385     880.609    saed32rvt_tt0p85v25c 
OR2X4_RVT            11      30.751    saed32rvt_tt0p85v25c 
OR3X1_RVT            96     243.978    saed32rvt_tt0p85v25c 
OR3X2_RVT            10      25.414    saed32rvt_tt0p85v25c 
OR3X4_RVT             1       4.066    saed32rvt_tt0p85v25c 
OR4X1_RVT             5      17.790    saed32rvt_tt0p85v25c 
SDFFARX1_RVT       1067    9762.179    saed32rvt_tt0p85v25c 
SDFFARX2_RVT         92     888.487    saed32rvt_tt0p85v25c 
SDFFASX1_RVT          2      18.298    saed32rvt_tt0p85v25c 
XNOR2X1_RVT         354    1529.439    saed32rvt_tt0p85v25c 
XNOR2X2_RVT         233    1065.880    saed32rvt_tt0p85v25c 
XNOR3X1_RVT         184    1122.300    saed32rvt_tt0p85v25c 
XNOR3X2_RVT          30     190.608    saed32rvt_tt0p85v25c 
XOR2X1_RVT           20      86.409    saed32rvt_tt0p85v25c 
XOR2X2_RVT           29     132.663    saed32rvt_tt0p85v25c 
XOR3X1_RVT          291    2070.765    saed32rvt_tt0p85v25c 
XOR3X2_RVT          889    6552.086    saed32rvt_tt0p85v25c 
------------------------------------------------------------
total             57367  155773.244                         


                                           
     Type      Instances    Area    Area % 
-------------------------------------------
sequential          1275  11498.491    7.4 
inverter            8825  13247.764    8.5 
buffer              1579   4582.470    2.9 
logic              45688 126444.518   81.2 
physical_cells         0      0.000    0.0 
-------------------------------------------
total              57367 155773.244  100.0 

