============================================================
  Generated by:           Genus(TM) Synthesis Solution 21.12-s068_1
  Generated on:           May 17 2026  05:12:43 pm
  Module:                 fused_postproc_unit
  Operating conditions:   _nominal_ (balanced_tree)
  Wireload mode:          enclosed
  Area mode:              timing library
============================================================

Timing
--------

Clock Period 
-------------
clk   1000.0 


  Cost    Critical                Violating 
 Group   Path Slack      TNS        Paths   
--------------------------------------------
clk        -14828.1   -1878970.5        599 
default    No paths          0.0            
--------------------------------------------
Total                 -1878970.5        599 

Instance Count
--------------
Leaf Instance Count             57367 
Physical Instance count             0 
Sequential Instance Count        1275 
Combinational Instance Count    56092 
Hierarchical Instance Count         0 

Area
----
Cell Area                          155773.244
Physical Cell Area                 0.000
Total Cell Area (Cell+Physical)    155773.244
Net Area                           0.000
Total Area (Cell+Physical+Net)     155773.244

Max Fanout                         1275 (clk)
Min Fanout                         0 (u_gelu_n_324)
Average Fanout                     2.4
Terms to net ratio                 3.4152
Terms to instance ratio            3.7610
Runtime                            6658.27877900001 seconds
Elapsed Runtime                    6474 seconds
Genus peak memory usage            1960.25 
Innovus peak memory usage          no_value 
Hostname                           phobos.ece.pdx.edu
