============================================================
  Generated by:           Genus(TM) Synthesis Solution 21.12-s068_1
  Generated on:           May 19 2026  01:23:14 am
  Module:                 tile_buffer_DATA_WIDTH32_TILE_DIM32_NUM_RD_PORTS1
  Operating conditions:   _nominal_ (balanced_tree)
  Wireload mode:          enclosed
  Area mode:              timing library
============================================================

                                    
    Gate      Instances     Area            Library         
------------------------------------------------------------
AND2X1_RVT         1295    2632.932    saed32rvt_tt0p85v25c 
AND2X2_RVT           10      22.873    saed32rvt_tt0p85v25c 
AND2X4_RVT          825    2306.357    saed32rvt_tt0p85v25c 
AND3X1_RVT          337     770.819    saed32rvt_tt0p85v25c 
AND4X1_RVT          251     637.901    saed32rvt_tt0p85v25c 
AO21X1_RVT          727    1847.627    saed32rvt_tt0p85v25c 
AO221X1_RVT        8620   26288.655    saed32rvt_tt0p85v25c 
AO222X1_RVT        1057    3492.193    saed32rvt_tt0p85v25c 
AO22X1_RVT        13240   33648.666    saed32rvt_tt0p85v25c 
AOI21X1_RVT         218     664.841    saed32rvt_tt0p85v25c 
AOI221X1_RVT       1017    3618.502    saed32rvt_tt0p85v25c 
AOI222X1_RVT        402    1532.488    saed32rvt_tt0p85v25c 
AOI22X1_RVT         663    2021.970    saed32rvt_tt0p85v25c 
DEC24X1_RVT           2      12.199    saed32rvt_tt0p85v25c 
DEC24X2_RVT           1       7.116    saed32rvt_tt0p85v25c 
IBUFFX16_RVT          6      39.646    saed32rvt_tt0p85v25c 
IBUFFX2_RVT           1       2.541    saed32rvt_tt0p85v25c 
IBUFFX32_RVT         75     876.797    saed32rvt_tt0p85v25c 
IBUFFX4_RVT           2       6.099    saed32rvt_tt0p85v25c 
IBUFFX8_RVT           4      17.282    saed32rvt_tt0p85v25c 
INVX0_RVT          1033    1312.654    saed32rvt_tt0p85v25c 
INVX16_RVT           71     360.884    saed32rvt_tt0p85v25c 
INVX1_RVT         32744   41608.456    saed32rvt_tt0p85v25c 
INVX2_RVT          5022    7657.867    saed32rvt_tt0p85v25c 
INVX32_RVT           10      91.492    saed32rvt_tt0p85v25c 
INVX4_RVT          2133    4336.713    saed32rvt_tt0p85v25c 
INVX8_RVT           755    2302.545    saed32rvt_tt0p85v25c 
MUX21X1_RVT         751    2481.208    saed32rvt_tt0p85v25c 
MUX21X2_RVT          12      42.696    saed32rvt_tt0p85v25c 
MUX41X1_RVT       15618   87322.862    saed32rvt_tt0p85v25c 
MUX41X2_RVT           9      54.895    saed32rvt_tt0p85v25c 
NAND2X0_RVT        2473    3770.989    saed32rvt_tt0p85v25c 
NAND2X1_RVT           7      17.790    saed32rvt_tt0p85v25c 
NAND2X2_RVT           6      16.774    saed32rvt_tt0p85v25c 
NAND2X4_RVT           4      13.215    saed32rvt_tt0p85v25c 
NAND3X0_RVT        1286    2287.804    saed32rvt_tt0p85v25c 
NAND4X0_RVT        1264    2569.904    saed32rvt_tt0p85v25c 
NAND4X1_RVT           4      12.199    saed32rvt_tt0p85v25c 
NBUFFX16_RVT        201    1225.991    saed32rvt_tt0p85v25c 
NBUFFX2_RVT         155     315.139    saed32rvt_tt0p85v25c 
NBUFFX32_RVT        119    1270.212    saed32rvt_tt0p85v25c 
NBUFFX4_RVT        2031    5161.665    saed32rvt_tt0p85v25c 
NBUFFX8_RVT        1614    6152.826    saed32rvt_tt0p85v25c 
NOR2X0_RVT          718    1824.754    saed32rvt_tt0p85v25c 
NOR2X1_RVT            2       5.083    saed32rvt_tt0p85v25c 
NOR2X2_RVT           32      89.459    saed32rvt_tt0p85v25c 
NOR2X4_RVT          128     422.896    saed32rvt_tt0p85v25c 
NOR3X0_RVT          489    1367.041    saed32rvt_tt0p85v25c 
NOR3X1_RVT            7      19.569    saed32rvt_tt0p85v25c 
NOR4X1_RVT          658    2006.721    saed32rvt_tt0p85v25c 
OA21X1_RVT          169     429.503    saed32rvt_tt0p85v25c 
OA221X1_RVT          52     158.586    saed32rvt_tt0p85v25c 
OA222X1_RVT          32     105.724    saed32rvt_tt0p85v25c 
OA22X1_RVT          190     482.874    saed32rvt_tt0p85v25c 
OAI21X1_RVT           4      12.199    saed32rvt_tt0p85v25c 
OAI221X1_RVT          6      21.348    saed32rvt_tt0p85v25c 
OAI22X1_RVT          23      70.144    saed32rvt_tt0p85v25c 
OR2X1_RVT          1827    3714.569    saed32rvt_tt0p85v25c 
OR2X2_RVT           422     965.239    saed32rvt_tt0p85v25c 
OR2X4_RVT           239     668.145    saed32rvt_tt0p85v25c 
OR3X1_RVT           746    1895.914    saed32rvt_tt0p85v25c 
OR3X2_RVT             6      15.249    saed32rvt_tt0p85v25c 
OR4X1_RVT             9      32.022    saed32rvt_tt0p85v25c 
SDFFARX1_RVT      32768  299800.461    saed32rvt_tt0p85v25c 
------------------------------------------------------------
total            134602  564941.780                         


                                           
     Type      Instances    Area    Area % 
-------------------------------------------
sequential         32768 299800.461   53.1 
inverter           41856  58612.977   10.4 
buffer              4120  14125.832    2.5 
logic              55858 192402.511   34.1 
physical_cells         0      0.000    0.0 
-------------------------------------------
total             134602 564941.780  100.0 

