============================================================
  Generated by:           Genus(TM) Synthesis Solution 21.12-s068_1
  Generated on:           May 19 2026  01:23:14 am
  Module:                 tile_buffer_DATA_WIDTH32_TILE_DIM32_NUM_RD_PORTS1
  Operating conditions:   _nominal_ (balanced_tree)
  Wireload mode:          enclosed
  Area mode:              timing library
============================================================

Timing
--------

Clock Period 
-------------
clk   1000.0 


  Cost    Critical              Violating 
 Group   Path Slack     TNS       Paths   
------------------------------------------
clk          -500.9   -46059.5         96 
default    No paths        0.0            
------------------------------------------
Total                 -46059.5         96 

Instance Count
--------------
Leaf Instance Count             134602 
Physical Instance count              0 
Sequential Instance Count        32768 
Combinational Instance Count    101834 
Hierarchical Instance Count          0 

Area
----
Cell Area                          564941.780
Physical Cell Area                 0.000
Total Cell Area (Cell+Physical)    564941.780
Net Area                           0.000
Total Area (Cell+Physical+Net)     564941.780

Max Fanout                         32768 (clk)
Min Fanout                         0 (rst_n)
Average Fanout                     3.1
Terms to net ratio                 4.6293
Terms to instance ratio            4.6346
Runtime                            21274.26143500002 seconds
Elapsed Runtime                    20925 seconds
Genus peak memory usage            2243.07 
Innovus peak memory usage          no_value 
Hostname                           phobos.ece.pdx.edu
