============================================================
  Generated by:           Genus(TM) Synthesis Solution 21.12-s068_1
  Generated on:           May 19 2026  01:22:59 am
  Module:                 tile_buffer_DATA_WIDTH32_TILE_DIM32_NUM_RD_PORTS1
  Operating conditions:   _nominal_ (balanced_tree)
  Wireload mode:          enclosed
  Area mode:              timing library
============================================================


Path 1: VIOLATED (-501 ps) Late External Delay Assertion at pin rd_data[4]
          Group: clk
     Startpoint: (R) rd_row[0]
          Clock: (R) clk
       Endpoint: (R) rd_data[4]
          Clock: (R) clk

                     Capture       Launch     
        Clock Edge:+    1000            0     
        Drv Adjust:+       0           19     
       Src Latency:+       0            0     
       Net Latency:+       0 (I)        0 (I) 
           Arrival:=    1000           19     
                                              
      Output Delay:-     300                  
       Uncertainty:-      50                  
     Required Time:=     650                  
      Launch Clock:-      19                  
       Input Delay:-     300                  
         Data Path:-     832                  
             Slack:=    -501                  

Exceptions/Constraints:
  input_delay              300             in_del_52_1  
  output_delay             300             ou_del_114_1 

#------------------------------------------------------------------------------------------
# Timing Point   Flags   Arc   Edge     Cell      Fanout Load Trans Delay Arrival Instance 
#                                                        (fF)  (ps)  (ps)   (ps)  Location 
#------------------------------------------------------------------------------------------
  rd_row[0]      -       -     R     (arrival)         6  4.2    43     0     319    (-,-) 
  g65522/Y       -       A3->Y F     NAND3X0_RVT       1  0.7    48    50     369    (-,-) 
  fopt3483098/Y  -       A->Y  F     NBUFFX4_RVT       7  4.7    27    59     428    (-,-) 
  g3530823/Y     -       A2->Y F     OR2X4_RVT        14  9.0    43    80     508    (-,-) 
  fopt3495702/Y  -       A->Y  F     NBUFFX4_RVT      14  8.9    33    63     571    (-,-) 
  g3499340/Y     -       A1->Y F     OR2X2_RVT         2  3.6    31    73     644    (-,-) 
  g3499339/Y     -       A->Y  R     INVX4_RVT        30 15.3    41    40     684    (-,-) 
  g2975395/Y     -       A1->Y R     AO22X1_RVT        1  0.6    29    72     755    (-,-) 
  g3529956/Y     -       A5->Y F     AOI221X1_RVT      1  0.5    24    77     832    (-,-) 
  g3530451/Y     -       A2->Y R     NAND2X0_RVT       1  0.6    35    37     870    (-,-) 
  g3530450/Y     -       A1->Y F     NOR2X0_RVT        1  0.7    19    70     940    (-,-) 
  g3545556/Y     -       A1->Y R     NAND4X0_RVT       1  0.8    48    34     973    (-,-) 
  g3545555/Y     -       A->Y  F     INVX1_RVT         1  0.6    26    18     992    (-,-) 
  g3545554/Y     -       A1->Y F     AND2X1_RVT        1  0.5    20    46    1038    (-,-) 
  g3545916/Y     -       A2->Y F     AND4X1_RVT        1  0.6    39    74    1111    (-,-) 
  g3545915/Y     -       A2->Y R     NAND4X0_RVT       1  0.1    36    40    1151    (-,-) 
  rd_data[4]     -       -     R     (port)            -    -     -     0    1151    (-,-) 
#------------------------------------------------------------------------------------------



Path 2: VIOLATED (-501 ps) Late External Delay Assertion at pin rd_data[7]
          Group: clk
     Startpoint: (F) rd_row[3]
          Clock: (R) clk
       Endpoint: (R) rd_data[7]
          Clock: (R) clk

                     Capture       Launch     
        Clock Edge:+    1000            0     
        Drv Adjust:+       0           17     
       Src Latency:+       0            0     
       Net Latency:+       0 (I)        0 (I) 
           Arrival:=    1000           17     
                                              
      Output Delay:-     300                  
       Uncertainty:-      50                  
     Required Time:=     650                  
      Launch Clock:-      17                  
       Input Delay:-     300                  
         Data Path:-     834                  
             Slack:=    -501                  

Exceptions/Constraints:
  input_delay              300             in_del_49_1  
  output_delay             300             ou_del_111_1 

#------------------------------------------------------------------------------------------
# Timing Point   Flags   Arc   Edge     Cell      Fanout Load Trans Delay Arrival Instance 
#                                                        (fF)  (ps)  (ps)   (ps)  Location 
#------------------------------------------------------------------------------------------
  rd_row[3]      -       -     F     (arrival)         6  4.2    37     0     317    (-,-) 
  g3505070/Y     -       A->Y  R     INVX2_RVT         5  3.0    28    31     348    (-,-) 
  g3530536/Y     -       A1->Y F     NAND3X0_RVT       3  2.0    78    61     408    (-,-) 
  g3544927/Y     -       A2->Y F     OR2X2_RVT         5  5.3    41    84     493    (-,-) 
  fopt3544928/Y  -       A->Y  F     NBUFFX16_RVT     30 19.5    27    58     550    (-,-) 
  g3502397/Y     -       A2->Y F     OR2X1_RVT         5  3.8    40    64     615    (-,-) 
  g3502426/Y     -       A->Y  R     INVX1_RVT         7  3.7    45    46     661    (-,-) 
  fopt3483739/Y  -       A->Y  R     NBUFFX4_RVT       6  3.0    26    52     713    (-,-) 
  g24474/Y       -       A1->Y R     AO22X1_RVT        1  0.5    28    66     779    (-,-) 
  g3508037/Y     -       A3->Y R     AO21X1_RVT        1  0.7    30    43     822    (-,-) 
  g3543573/Y     -       A2->Y F     NOR2X0_RVT        1  0.5    18    62     885    (-,-) 
  g3545348/Y     -       A2->Y F     AND2X1_RVT        1  0.6    20    46     930    (-,-) 
  g3545347/Y     -       A2->Y R     NAND4X0_RVT       1  0.8    48    37     968    (-,-) 
  g3545255/Y     -       A->Y  F     INVX1_RVT         1  0.6    26    18     986    (-,-) 
  g3511402/Y     -       A1->Y F     AND3X1_RVT        1  0.5    27    56    1042    (-,-) 
  g3543610/Y     -       A1->Y F     AND4X1_RVT        1  0.7    40    72    1114    (-,-) 
  g3543609/Y     -       A1->Y R     NAND4X0_RVT       1  0.1    39    37    1151    (-,-) 
  rd_data[7]     -       -     R     (port)            -    -     -     0    1151    (-,-) 
#------------------------------------------------------------------------------------------



Path 3: VIOLATED (-501 ps) Late External Delay Assertion at pin rd_data[26]
          Group: clk
     Startpoint: (F) rd_row[2]
          Clock: (R) clk
       Endpoint: (F) rd_data[26]
          Clock: (R) clk

                     Capture       Launch     
        Clock Edge:+    1000            0     
        Drv Adjust:+       0            5     
       Src Latency:+       0            0     
       Net Latency:+       0 (I)        0 (I) 
           Arrival:=    1000            5     
                                              
      Output Delay:-     300                  
       Uncertainty:-      50                  
     Required Time:=     650                  
      Launch Clock:-       5                  
       Input Delay:-     300                  
         Data Path:-     846                  
             Slack:=    -501                  

Exceptions/Constraints:
  input_delay              300             in_del_50_1 
  output_delay             300             ou_del_92_1 

#-----------------------------------------------------------------------------------------
# Timing Point   Flags   Arc   Edge    Cell      Fanout Load Trans Delay Arrival Instance 
#                                                       (fF)  (ps)  (ps)   (ps)  Location 
#-----------------------------------------------------------------------------------------
  rd_row[2]      -       -     F     (arrival)        2  1.5    13     0     305    (-,-) 
  g3520057/Y     -       A->Y  F     NBUFFX4_RVT      7  3.9    23    41     346    (-,-) 
  g3503760/Y     -       A2->Y R     NAND3X0_RVT      2  1.3    46    39     385    (-,-) 
  g3491941/Y     -       A->Y  R     NBUFFX4_RVT      5  3.4    27    53     438    (-,-) 
  g3500133/Y     -       A2->Y R     OR2X1_RVT        4  2.7    38    57     496    (-,-) 
  fopt3500134/Y  -       A->Y  R     NBUFFX4_RVT      6  4.2    27    52     547    (-,-) 
  g3495249/Y     -       A2->Y R     OR2X1_RVT        2  3.4    44    61     609    (-,-) 
  g3495285/Y     -       A->Y  F     INVX4_RVT       31 18.0    48    42     651    (-,-) 
  g3489720/Y     -       A1->Y F     AO222X1_RVT      1  0.6    27   104     755    (-,-) 
  g3489719/Y     -       A1->Y R     NOR3X0_RVT       1  0.6    20    96     852    (-,-) 
  g3543644/Y     -       A1->Y F     NAND3X0_RVT      1  0.6    42    35     887    (-,-) 
  g3543642/Y     -       A2->Y R     NOR3X0_RVT       1  0.6    21    97     984    (-,-) 
  g3543641/Y     -       A1->Y F     NAND3X0_RVT      1  0.6    42    35    1019    (-,-) 
  g3543640/Y     -       A->Y  R     INVX0_RVT        1  0.5    26    29    1048    (-,-) 
  g3544084/Y     -       A1->Y R     AND4X1_RVT       1  0.7    35    69    1117    (-,-) 
  g3545622/Y     -       A1->Y F     NAND4X0_RVT      1  0.1    44    34    1151    (-,-) 
  rd_data[26]    -       -     F     (port)           -    -     -     0    1151    (-,-) 
#-----------------------------------------------------------------------------------------



Path 4: VIOLATED (-501 ps) Late External Delay Assertion at pin rd_data[8]
          Group: clk
     Startpoint: (R) rd_row[4]
          Clock: (R) clk
       Endpoint: (F) rd_data[8]
          Clock: (R) clk

                     Capture       Launch     
        Clock Edge:+    1000            0     
        Drv Adjust:+       0            8     
       Src Latency:+       0            0     
       Net Latency:+       0 (I)        0 (I) 
           Arrival:=    1000            8     
                                              
      Output Delay:-     300                  
       Uncertainty:-      50                  
     Required Time:=     650                  
      Launch Clock:-       8                  
       Input Delay:-     300                  
         Data Path:-     843                  
             Slack:=    -501                  

Exceptions/Constraints:
  input_delay              300             in_del_48_1  
  output_delay             300             ou_del_110_1 

#-----------------------------------------------------------------------------------------
# Timing Point   Flags   Arc   Edge    Cell      Fanout Load Trans Delay Arrival Instance 
#                                                       (fF)  (ps)  (ps)   (ps)  Location 
#-----------------------------------------------------------------------------------------
  rd_row[4]      -       -     R     (arrival)        2  2.1    22     0     308    (-,-) 
  g3544131/Y     -       A->Y  F     INVX2_RVT        3  2.9    21    20     328    (-,-) 
  g3544130/Y     -       A->Y  R     INVX1_RVT        1  0.7    17    20     348    (-,-) 
  g3544129/Y     -       A2->Y R     OR2X2_RVT        8  5.2    40    59     407    (-,-) 
  fopt701/Y      -       A->Y  R     NBUFFX2_RVT      2  1.3    23    47     453    (-,-) 
  g3527671/Y     -       A2->Y R     OR2X2_RVT        2  3.6    33    56     510    (-,-) 
  fopt3527670/Y  -       A->Y  F     INVX2_RVT        8  6.1    35    32     542    (-,-) 
  g3493844/Y     -       A1->Y F     AND2X1_RVT      15  7.8    70    89     630    (-,-) 
  g3521309/Y     -       A1->Y F     AO222X1_RVT      1  0.6    27   116     747    (-,-) 
  g3521307/Y     -       A2->Y R     NOR3X0_RVT       1  0.6    20    90     837    (-,-) 
  g3521303/Y     -       A4->Y F     NAND4X0_RVT      1  0.6    54    56     893    (-,-) 
  g3521302/Y     -       A->Y  R     INVX0_RVT        1  0.6    32    34     927    (-,-) 
  g3530253/Y     -       A1->Y R     AND2X1_RVT       1  0.6    21    46     973    (-,-) 
  g3545797/Y     -       A3->Y F     NAND4X0_RVT      1  0.6    54    54    1027    (-,-) 
  g3545552/Y     -       A->Y  R     INVX0_RVT        1  0.6    32    34    1061    (-,-) 
  g3545551/Y     -       A1->Y R     AND3X1_RVT       1  0.6    27    56    1117    (-,-) 
  g3543597/Y     -       A2->Y F     NAND3X0_RVT      1  0.1    34    34    1151    (-,-) 
  rd_data[8]     -       -     F     (port)           -    -     -     0    1151    (-,-) 
#-----------------------------------------------------------------------------------------



Path 5: VIOLATED (-501 ps) Late External Delay Assertion at pin rd_data[9]
          Group: clk
     Startpoint: (R) rd_row[2]
          Clock: (R) clk
       Endpoint: (R) rd_data[9]
          Clock: (R) clk

                     Capture       Launch     
        Clock Edge:+    1000            0     
        Drv Adjust:+       0            5     
       Src Latency:+       0            0     
       Net Latency:+       0 (I)        0 (I) 
           Arrival:=    1000            5     
                                              
      Output Delay:-     300                  
       Uncertainty:-      50                  
     Required Time:=     650                  
      Launch Clock:-       5                  
       Input Delay:-     300                  
         Data Path:-     845                  
             Slack:=    -501                  

Exceptions/Constraints:
  input_delay              300             in_del_50_1  
  output_delay             300             ou_del_109_1 

#------------------------------------------------------------------------------------------
# Timing Point   Flags   Arc   Edge     Cell      Fanout Load Trans Delay Arrival Instance 
#                                                        (fF)  (ps)  (ps)   (ps)  Location 
#------------------------------------------------------------------------------------------
  rd_row[2]      -       -     R     (arrival)         2  1.5    16     0     305    (-,-) 
  g3520057/Y     -       A->Y  R     NBUFFX4_RVT       7  3.9    25    43     348    (-,-) 
  g3503760/Y     -       A2->Y F     NAND3X0_RVT       2  1.3    61    54     402    (-,-) 
  g3491941/Y     -       A->Y  F     NBUFFX4_RVT       5  3.4    28    63     465    (-,-) 
  g3545254/Y     -       A1->Y F     OR2X2_RVT         1  2.1    27    65     530    (-,-) 
  g3545253/Y     -       A->Y  F     NBUFFX16_RVT     43 27.9    29    54     584    (-,-) 
  g3490700/Y     -       A1->Y F     OR2X1_RVT         1  2.8    34    69     653    (-,-) 
  g3490699/Y     -       A->Y  R     INVX4_RVT        31 15.6    42    42     695    (-,-) 
  g14659/Y       -       A1->Y R     AO22X1_RVT        1  0.6    29    72     767    (-,-) 
  g2964457/Y     -       A5->Y R     AO221X1_RVT       1  0.7    36    65     833    (-,-) 
  g3546385/Y     -       A2->Y R     OR2X1_RVT         1  0.7    24    48     881    (-,-) 
  g3521462/Y     -       A3->Y F     NOR3X0_RVT        1  0.6    20    68     949    (-,-) 
  g3545525/Y     -       A1->Y R     NAND3X0_RVT       1  0.6    32    28     977    (-,-) 
  g3545524/Y     -       A->Y  F     INVX0_RVT         1  0.6    22    20     997    (-,-) 
  g3545523/Y     -       A1->Y F     AND2X1_RVT        1  0.5    20    44    1041    (-,-) 
  g3545474/Y     -       A1->Y F     AND4X1_RVT        1  0.6    39    67    1108    (-,-) 
  g3518973/Y     -       A3->Y R     NAND4X0_RVT       1  0.1    36    43    1151    (-,-) 
  rd_data[9]     -       -     R     (port)            -    -     -     0    1151    (-,-) 
#------------------------------------------------------------------------------------------



Path 6: VIOLATED (-501 ps) Late External Delay Assertion at pin rd_data[22]
          Group: clk
     Startpoint: (R) rd_col[0]
          Clock: (R) clk
       Endpoint: (R) rd_data[22]
          Clock: (R) clk

                     Capture       Launch     
        Clock Edge:+    1000            0     
        Drv Adjust:+       0            5     
       Src Latency:+       0            0     
       Net Latency:+       0 (I)        0 (I) 
           Arrival:=    1000            5     
                                              
      Output Delay:-     300                  
       Uncertainty:-      50                  
     Required Time:=     650                  
      Launch Clock:-       5                  
       Input Delay:-     300                  
         Data Path:-     845                  
             Slack:=    -501                  

Exceptions/Constraints:
  input_delay              300             in_del_60_1 
  output_delay             300             ou_del_96_1 

#-------------------------------------------------------------------------------------------
#  Timing Point    Flags   Arc   Edge    Cell      Fanout Load Trans Delay Arrival Instance 
#                                                         (fF)  (ps)  (ps)   (ps)  Location 
#-------------------------------------------------------------------------------------------
  rd_col[0]        -       -     R     (arrival)        2  1.5    16     0     305    (-,-) 
  fopt3519865/Y    -       A->Y  R     NBUFFX4_RVT      5  3.0    24    41     347    (-,-) 
  g3519867/Y       -       A2->Y F     NAND3X0_RVT      4  2.7    96    78     424    (-,-) 
  g3531557/Y       -       A2->Y F     OR2X2_RVT        1  2.8    38    81     505    (-,-) 
  fopt3531556/Y    -       A->Y  R     INVX4_RVT        2  4.3    25    27     532    (-,-) 
  fopt3531558/Y    -       A->Y  F     INVX4_RVT       31 19.3    44    37     569    (-,-) 
  g2983580__5122/Y -       A1->Y R     NOR2X4_RVT      32 18.9    61   129     698    (-,-) 
  g2978829/Y       -       A3->Y R     AO22X1_RVT       1  0.6    29    65     763    (-,-) 
  g21470/Y         -       A5->Y R     AO221X1_RVT      1  0.7    36    65     828    (-,-) 
  g3501264/Y       -       A3->Y R     OR3X1_RVT        1  0.6    27    56     884    (-,-) 
  g3501263/Y       -       A1->Y R     OR2X1_RVT        1  0.8    23    50     934    (-,-) 
  g3506403/Y       -       A->Y  F     INVX1_RVT        1  0.6    17    16     950    (-,-) 
  g3530953/Y       -       A1->Y R     NAND2X0_RVT      1  0.6    35    30     980    (-,-) 
  g3514638/Y       -       A2->Y F     NOR3X0_RVT       1  0.6    20    79    1059    (-,-) 
  g3514637/Y       -       A1->Y F     AND3X1_RVT       1  0.6    28    53    1112    (-,-) 
  g3546370/Y       -       A4->Y R     NAND4X0_RVT      1  0.1    36    38    1151    (-,-) 
  rd_data[22]      -       -     R     (port)           -    -     -     0    1151    (-,-) 
#-------------------------------------------------------------------------------------------



Path 7: VIOLATED (-501 ps) Late External Delay Assertion at pin rd_data[10]
          Group: clk
     Startpoint: (R) rd_col[0]
          Clock: (R) clk
       Endpoint: (R) rd_data[10]
          Clock: (R) clk

                     Capture       Launch     
        Clock Edge:+    1000            0     
        Drv Adjust:+       0            5     
       Src Latency:+       0            0     
       Net Latency:+       0 (I)        0 (I) 
           Arrival:=    1000            5     
                                              
      Output Delay:-     300                  
       Uncertainty:-      50                  
     Required Time:=     650                  
      Launch Clock:-       5                  
       Input Delay:-     300                  
         Data Path:-     845                  
             Slack:=    -501                  

Exceptions/Constraints:
  input_delay              300             in_del_60_1  
  output_delay             300             ou_del_108_1 

#-----------------------------------------------------------------------------------------
# Timing Point   Flags   Arc   Edge    Cell      Fanout Load Trans Delay Arrival Instance 
#                                                       (fF)  (ps)  (ps)   (ps)  Location 
#-----------------------------------------------------------------------------------------
  rd_col[0]      -       -     R     (arrival)        2  1.5    16     0     305    (-,-) 
  fopt3519865/Y  -       A->Y  R     NBUFFX4_RVT      5  3.0    24    41     347    (-,-) 
  g3487367/Y     -       A2->Y F     NAND3X0_RVT      4  2.7    96    78     424    (-,-) 
  g3528794/Y     -       A1->Y F     OR2X2_RVT        4  3.4    34   104     528    (-,-) 
  g3528802/Y     -       A->Y  F     NBUFFX8_RVT     27 17.5    30    57     585    (-,-) 
  g1033/Y        -       A1->Y F     OR2X1_RVT        1  2.8    34    70     655    (-,-) 
  g1032/Y        -       A->Y  R     INVX4_RVT       32 17.7    46    44     699    (-,-) 
  g2972051/Y     -       A3->Y R     AO22X1_RVT       1  0.6    29    60     759    (-,-) 
  g3499101/Y     -       A5->Y R     AO221X1_RVT      1  0.5    34    64     823    (-,-) 
  g3499100/Y     -       A3->Y R     AO21X1_RVT       1  0.8    30    46     869    (-,-) 
  g3543928/Y     -       A->Y  F     INVX1_RVT        1  0.7    20    18     887    (-,-) 
  g3543927/Y     -       A1->Y R     NAND4X0_RVT      1  0.7    46    33     920    (-,-) 
  g3543920/Y     -       A2->Y R     OR2X1_RVT        1  0.7    23    51     971    (-,-) 
  g3546088/Y     -       A2->Y R     OR2X1_RVT        1  0.6    23    43    1014    (-,-) 
  g3543918/Y     -       A->Y  F     INVX0_RVT        1  0.4    16    16    1030    (-,-) 
  g3543871/Y     -       A4->Y F     AND4X1_RVT       1  0.7    40    84    1114    (-,-) 
  g3531266/Y     -       A1->Y R     NAND4X0_RVT      1  0.1    36    37    1151    (-,-) 
  rd_data[10]    -       -     R     (port)           -    -     -     0    1151    (-,-) 
#-----------------------------------------------------------------------------------------



Path 8: VIOLATED (-501 ps) Late External Delay Assertion at pin rd_data[13]
          Group: clk
     Startpoint: (F) rd_row[2]
          Clock: (R) clk
       Endpoint: (F) rd_data[13]
          Clock: (R) clk

                     Capture       Launch     
        Clock Edge:+    1000            0     
        Drv Adjust:+       0            5     
       Src Latency:+       0            0     
       Net Latency:+       0 (I)        0 (I) 
           Arrival:=    1000            5     
                                              
      Output Delay:-     300                  
       Uncertainty:-      50                  
     Required Time:=     650                  
      Launch Clock:-       5                  
       Input Delay:-     300                  
         Data Path:-     846                  
             Slack:=    -501                  

Exceptions/Constraints:
  input_delay              300             in_del_50_1  
  output_delay             300             ou_del_105_1 

#-----------------------------------------------------------------------------------------
# Timing Point   Flags   Arc   Edge    Cell      Fanout Load Trans Delay Arrival Instance 
#                                                       (fF)  (ps)  (ps)   (ps)  Location 
#-----------------------------------------------------------------------------------------
  rd_row[2]      -       -     F     (arrival)        2  1.5    13     0     305    (-,-) 
  g3520057/Y     -       A->Y  F     NBUFFX4_RVT      7  3.9    23    41     346    (-,-) 
  g3503760/Y     -       A2->Y R     NAND3X0_RVT      2  1.3    46    39     385    (-,-) 
  g3491941/Y     -       A->Y  R     NBUFFX4_RVT      5  3.4    27    53     438    (-,-) 
  g3498337/Y     -       A2->Y R     OR2X2_RVT        2  3.5    33    57     495    (-,-) 
  fopt3498336/Y  -       A->Y  F     INVX4_RVT        3  5.6    24    22     517    (-,-) 
  fopt3498338/Y  -       A->Y  R     INVX2_RVT       12  7.6    41    38     555    (-,-) 
  g3529217/Y     -       A1->Y R     OR2X2_RVT        3  4.0    35    68     623    (-,-) 
  g3517043/Y     -       A2->Y R     OA21X1_RVT       1  0.6    26    60     684    (-,-) 
  g3517042/Y     -       A1->Y R     AND3X1_RVT       1  0.6    27    55     739    (-,-) 
  g3517033/Y     -       A4->Y F     NAND4X0_RVT      1  0.7    57    59     798    (-,-) 
  g3517002/Y     -       A4->Y R     NOR4X1_RVT       1  0.6    22    96     894    (-,-) 
  g3517509/Y     -       A3->Y F     NAND4X0_RVT      1  0.6    54    54     948    (-,-) 
  g3517508/Y     -       A1->Y F     OR2X1_RVT        1  0.6    24    69    1017    (-,-) 
  g3545576/Y     -       A1->Y R     NOR3X0_RVT       1  0.6    21    94    1111    (-,-) 
  g3545422/Y     -       A2->Y F     NAND4X0_RVT      1  0.1    43    39    1151    (-,-) 
  rd_data[13]    -       -     F     (port)           -    -     -     0    1151    (-,-) 
#-----------------------------------------------------------------------------------------



Path 9: VIOLATED (-501 ps) Late External Delay Assertion at pin rd_data[14]
          Group: clk
     Startpoint: (F) rd_col[0]
          Clock: (R) clk
       Endpoint: (F) rd_data[14]
          Clock: (R) clk

                     Capture       Launch     
        Clock Edge:+    1000            0     
        Drv Adjust:+       0            5     
       Src Latency:+       0            0     
       Net Latency:+       0 (I)        0 (I) 
           Arrival:=    1000            5     
                                              
      Output Delay:-     300                  
       Uncertainty:-      50                  
     Required Time:=     650                  
      Launch Clock:-       5                  
       Input Delay:-     300                  
         Data Path:-     846                  
             Slack:=    -501                  

Exceptions/Constraints:
  input_delay              300             in_del_60_1  
  output_delay             300             ou_del_104_1 

#-----------------------------------------------------------------------------------------
# Timing Point   Flags   Arc   Edge    Cell      Fanout Load Trans Delay Arrival Instance 
#                                                       (fF)  (ps)  (ps)   (ps)  Location 
#-----------------------------------------------------------------------------------------
  rd_col[0]      -       -     F     (arrival)        2  1.5    13     0     305    (-,-) 
  fopt3519865/Y  -       A->Y  F     NBUFFX4_RVT      5  3.0    22    39     344    (-,-) 
  g3509261/Y     -       A2->Y R     NAND3X0_RVT      4  2.6    66    51     396    (-,-) 
  g3500112/Y     -       A2->Y R     OR2X4_RVT       22 14.1    55    98     494    (-,-) 
  fopt3527625/Y  -       A->Y  R     NBUFFX4_RVT      6  4.0    29    57     551    (-,-) 
  g3488264/Y     -       A2->Y F     NOR2X0_RVT      15  7.9    69   100     650    (-,-) 
  g3510695/Y     -       A3->Y F     AO222X1_RVT      1  0.6    27    97     748    (-,-) 
  g3510694/Y     -       A1->Y F     OR2X1_RVT        1  0.6    20    55     802    (-,-) 
  g3510693/Y     -       A1->Y R     NOR4X1_RVT       1  0.6    22   119     922    (-,-) 
  g3543022/Y     -       A3->Y F     NAND4X0_RVT      1  0.6    54    54     976    (-,-) 
  g3544100/Y     -       A->Y  R     INVX0_RVT        1  0.6    32    34    1010    (-,-) 
  g3544615/Y     -       A3->Y F     NAND4X0_RVT      1  0.6    55    57    1067    (-,-) 
  g3544614/Y     -       A->Y  R     INVX0_RVT        1  0.6    32    35    1101    (-,-) 
  g3544605/Y     -       A4->Y F     NAND4X0_RVT      1  0.1    42    50    1151    (-,-) 
  rd_data[14]    -       -     F     (port)           -    -     -     0    1151    (-,-) 
#-----------------------------------------------------------------------------------------



Path 10: VIOLATED (-501 ps) Late External Delay Assertion at pin rd_data[29]
          Group: clk
     Startpoint: (R) rd_row[2]
          Clock: (R) clk
       Endpoint: (R) rd_data[29]
          Clock: (R) clk

                     Capture       Launch     
        Clock Edge:+    1000            0     
        Drv Adjust:+       0            5     
       Src Latency:+       0            0     
       Net Latency:+       0 (I)        0 (I) 
           Arrival:=    1000            5     
                                              
      Output Delay:-     300                  
       Uncertainty:-      50                  
     Required Time:=     650                  
      Launch Clock:-       5                  
       Input Delay:-     300                  
         Data Path:-     845                  
             Slack:=    -501                  

Exceptions/Constraints:
  input_delay              300             in_del_50_1 
  output_delay             300             ou_del_89_1 

#------------------------------------------------------------------------------------------
# Timing Point   Flags   Arc   Edge     Cell      Fanout Load Trans Delay Arrival Instance 
#                                                        (fF)  (ps)  (ps)   (ps)  Location 
#------------------------------------------------------------------------------------------
  rd_row[2]      -       -     R     (arrival)         2  1.5    16     0     305    (-,-) 
  g3520057/Y     -       A->Y  R     NBUFFX4_RVT       7  3.9    25    43     348    (-,-) 
  g3522856/Y     -       A1->Y F     NAND3X0_RVT       3  2.1    81    62     410    (-,-) 
  g3522854/Y     -       A2->Y F     OR2X2_RVT         3  3.3    36    79     489    (-,-) 
  g3489183/Y     -       A->Y  F     NBUFFX16_RVT     31 19.5    27    55     544    (-,-) 
  fopt3501296/Y  -       A->Y  F     NBUFFX4_RVT       8  5.5    26    50     594    (-,-) 
  g3544919/Y     -       A2->Y F     OR2X2_RVT         1  2.8    29    58     652    (-,-) 
  g3544918/Y     -       A->Y  R     INVX4_RVT        32 16.3    42    40     692    (-,-) 
  g2535/Y        -       A1->Y R     AO22X1_RVT        1  0.6    29    72     764    (-,-) 
  g72766/Y       -       A5->Y R     AO221X1_RVT       1  0.6    35    64     828    (-,-) 
  g2468/Y        -       A5->Y R     AO221X1_RVT       1  0.7    36    68     896    (-,-) 
  g2455/Y        -       A3->Y R     OR3X1_RVT         1  0.8    28    57     953    (-,-) 
  g3521795/Y     -       A->Y  F     INVX1_RVT         1  0.7    20    17     971    (-,-) 
  g3521794/Y     -       A1->Y R     NAND4X0_RVT       1  0.6    44    32    1002    (-,-) 
  g3521793/Y     -       A->Y  F     INVX0_RVT         1  0.4    24    18    1020    (-,-) 
  g3546169/Y     -       A4->Y F     AND4X1_RVT        1  0.6    39    88    1108    (-,-) 
  g3530570/Y     -       A3->Y R     NAND4X0_RVT       1  0.1    36    43    1151    (-,-) 
  rd_data[29]    -       -     R     (port)            -    -     -     0    1151    (-,-) 
#------------------------------------------------------------------------------------------

