
 /----------------------------------------------------------------------------\
 |  yosys -- Yosys Open SYnthesis Suite                                       |
 |  Copyright (C) 2012 - 2024  Claire Xenia Wolf <claire@yosyshq.com>         |
 |  Distributed under an ISC-like license, type "license" to see terms        |
 \----------------------------------------------------------------------------/
 Yosys 0.46 (git sha1 e97731b9dda91fa5fa53ed87df7c34163ba59a41, clang++ 17.0.6 -fPIC -O3)
Loaded SDC plugin

1. Executing Verilog-2005 frontend: /mnt/c/Users/david/OneDrive/Documents/psu/510/GitHub/project/m3/synth/runs/RUN_2026-05-21_09-48-59/tmp/2d2c4dfbc77a4923ad85c98046797320.bb.v
Parsing SystemVerilog input from `/mnt/c/Users/david/OneDrive/Documents/psu/510/GitHub/project/m3/synth/runs/RUN_2026-05-21_09-48-59/tmp/2d2c4dfbc77a4923ad85c98046797320.bb.v' to AST representation.
Generating RTLIL representation for module `\sky130_ef_sc_hd__decap_12'.
Generating RTLIL representation for module `\sky130_ef_sc_hd__fill_12'.
Generating RTLIL representation for module `\sky130_ef_sc_hd__fill_4'.
Generating RTLIL representation for module `\sky130_ef_sc_hd__fill_8'.
Generating RTLIL representation for module `\sky130_fd_sc_hd__a2111o_1'.
Generating RTLIL representation for module `\sky130_fd_sc_hd__a2111o_2'.
Generating RTLIL representation for module `\sky130_fd_sc_hd__a2111o_4'.
Generating RTLIL representation for module `\sky130_fd_sc_hd__a2111oi_0'.
Generating RTLIL representation for module `\sky130_fd_sc_hd__a2111oi_1'.
Generating RTLIL representation for module `\sky130_fd_sc_hd__a2111oi_2'.
Generating RTLIL representation for module `\sky130_fd_sc_hd__a2111oi_4'.
Generating RTLIL representation for module `\sky130_fd_sc_hd__a211o_1'.
Generating RTLIL representation for module `\sky130_fd_sc_hd__a211o_2'.
Generating RTLIL representation for module `\sky130_fd_sc_hd__a211o_4'.
Generating RTLIL representation for module `\sky130_fd_sc_hd__a211oi_1'.
Generating RTLIL representation for module `\sky130_fd_sc_hd__a211oi_2'.
Generating RTLIL representation for module `\sky130_fd_sc_hd__a211oi_4'.
Generating RTLIL representation for module `\sky130_fd_sc_hd__a21bo_1'.
Generating RTLIL representation for module `\sky130_fd_sc_hd__a21bo_2'.
Generating RTLIL representation for module `\sky130_fd_sc_hd__a21bo_4'.
Generating RTLIL representation for module `\sky130_fd_sc_hd__a21boi_0'.
Generating RTLIL representation for module `\sky130_fd_sc_hd__a21boi_1'.
Generating RTLIL representation for module `\sky130_fd_sc_hd__a21boi_2'.
Generating RTLIL representation for module `\sky130_fd_sc_hd__a21boi_4'.
Generating RTLIL representation for module `\sky130_fd_sc_hd__a21o_1'.
Generating RTLIL representation for module `\sky130_fd_sc_hd__a21o_2'.
Generating RTLIL representation for module `\sky130_fd_sc_hd__a21o_4'.
Generating RTLIL representation for module `\sky130_fd_sc_hd__a21oi_1'.
Generating RTLIL representation for module `\sky130_fd_sc_hd__a21oi_2'.
Generating RTLIL representation for module `\sky130_fd_sc_hd__a21oi_4'.
Generating RTLIL representation for module `\sky130_fd_sc_hd__a221o_1'.
Generating RTLIL representation for module `\sky130_fd_sc_hd__a221o_2'.
Generating RTLIL representation for module `\sky130_fd_sc_hd__a221o_4'.
Generating RTLIL representation for module `\sky130_fd_sc_hd__a221oi_1'.
Generating RTLIL representation for module `\sky130_fd_sc_hd__a221oi_2'.
Generating RTLIL representation for module `\sky130_fd_sc_hd__a221oi_4'.
Generating RTLIL representation for module `\sky130_fd_sc_hd__a222oi_1'.
Generating RTLIL representation for module `\sky130_fd_sc_hd__a22o_1'.
Generating RTLIL representation for module `\sky130_fd_sc_hd__a22o_2'.
Generating RTLIL representation for module `\sky130_fd_sc_hd__a22o_4'.
Generating RTLIL representation for module `\sky130_fd_sc_hd__a22oi_1'.
Generating RTLIL representation for module `\sky130_fd_sc_hd__a22oi_2'.
Generating RTLIL representation for module `\sky130_fd_sc_hd__a22oi_4'.
Generating RTLIL representation for module `\sky130_fd_sc_hd__a2bb2o_1'.
Generating RTLIL representation for module `\sky130_fd_sc_hd__a2bb2o_2'.
Generating RTLIL representation for module `\sky130_fd_sc_hd__a2bb2o_4'.
Generating RTLIL representation for module `\sky130_fd_sc_hd__a2bb2oi_1'.
Generating RTLIL representation for module `\sky130_fd_sc_hd__a2bb2oi_2'.
Generating RTLIL representation for module `\sky130_fd_sc_hd__a2bb2oi_4'.
Generating RTLIL representation for module `\sky130_fd_sc_hd__a311o_1'.
Generating RTLIL representation for module `\sky130_fd_sc_hd__a311o_2'.
Generating RTLIL representation for module `\sky130_fd_sc_hd__a311o_4'.
Generating RTLIL representation for module `\sky130_fd_sc_hd__a311oi_1'.
Generating RTLIL representation for module `\sky130_fd_sc_hd__a311oi_2'.
Generating RTLIL representation for module `\sky130_fd_sc_hd__a311oi_4'.
Generating RTLIL representation for module `\sky130_fd_sc_hd__a31o_1'.
Generating RTLIL representation for module `\sky130_fd_sc_hd__a31o_2'.
Generating RTLIL representation for module `\sky130_fd_sc_hd__a31o_4'.
Generating RTLIL representation for module `\sky130_fd_sc_hd__a31oi_1'.
Generating RTLIL representation for module `\sky130_fd_sc_hd__a31oi_2'.
Generating RTLIL representation for module `\sky130_fd_sc_hd__a31oi_4'.
Generating RTLIL representation for module `\sky130_fd_sc_hd__a32o_1'.
Generating RTLIL representation for module `\sky130_fd_sc_hd__a32o_2'.
Generating RTLIL representation for module `\sky130_fd_sc_hd__a32o_4'.
Generating RTLIL representation for module `\sky130_fd_sc_hd__a32oi_1'.
Generating RTLIL representation for module `\sky130_fd_sc_hd__a32oi_2'.
Generating RTLIL representation for module `\sky130_fd_sc_hd__a32oi_4'.
Generating RTLIL representation for module `\sky130_fd_sc_hd__a41o_1'.
Generating RTLIL representation for module `\sky130_fd_sc_hd__a41o_2'.
Generating RTLIL representation for module `\sky130_fd_sc_hd__a41o_4'.
Generating RTLIL representation for module `\sky130_fd_sc_hd__a41oi_1'.
Generating RTLIL representation for module `\sky130_fd_sc_hd__a41oi_2'.
Generating RTLIL representation for module `\sky130_fd_sc_hd__a41oi_4'.
Generating RTLIL representation for module `\sky130_fd_sc_hd__and2_0'.
Generating RTLIL representation for module `\sky130_fd_sc_hd__and2_1'.
Generating RTLIL representation for module `\sky130_fd_sc_hd__and2_2'.
Generating RTLIL representation for module `\sky130_fd_sc_hd__and2_4'.
Generating RTLIL representation for module `\sky130_fd_sc_hd__and2b_1'.
Generating RTLIL representation for module `\sky130_fd_sc_hd__and2b_2'.
Generating RTLIL representation for module `\sky130_fd_sc_hd__and2b_4'.
Generating RTLIL representation for module `\sky130_fd_sc_hd__and3_1'.
Generating RTLIL representation for module `\sky130_fd_sc_hd__and3_2'.
Generating RTLIL representation for module `\sky130_fd_sc_hd__and3_4'.
Generating RTLIL representation for module `\sky130_fd_sc_hd__and3b_1'.
Generating RTLIL representation for module `\sky130_fd_sc_hd__and3b_2'.
Generating RTLIL representation for module `\sky130_fd_sc_hd__and3b_4'.
Generating RTLIL representation for module `\sky130_fd_sc_hd__and4_1'.
Generating RTLIL representation for module `\sky130_fd_sc_hd__and4_2'.
Generating RTLIL representation for module `\sky130_fd_sc_hd__and4_4'.
Generating RTLIL representation for module `\sky130_fd_sc_hd__and4b_1'.
Generating RTLIL representation for module `\sky130_fd_sc_hd__and4b_2'.
Generating RTLIL representation for module `\sky130_fd_sc_hd__and4b_4'.
Generating RTLIL representation for module `\sky130_fd_sc_hd__and4bb_1'.
Generating RTLIL representation for module `\sky130_fd_sc_hd__and4bb_2'.
Generating RTLIL representation for module `\sky130_fd_sc_hd__and4bb_4'.
Generating RTLIL representation for module `\sky130_fd_sc_hd__buf_1'.
Generating RTLIL representation for module `\sky130_fd_sc_hd__buf_12'.
Generating RTLIL representation for module `\sky130_fd_sc_hd__buf_16'.
Generating RTLIL representation for module `\sky130_fd_sc_hd__buf_2'.
Generating RTLIL representation for module `\sky130_fd_sc_hd__buf_4'.
Generating RTLIL representation for module `\sky130_fd_sc_hd__buf_6'.
Generating RTLIL representation for module `\sky130_fd_sc_hd__buf_8'.
Generating RTLIL representation for module `\sky130_fd_sc_hd__bufbuf_16'.
Generating RTLIL representation for module `\sky130_fd_sc_hd__bufbuf_8'.
Generating RTLIL representation for module `\sky130_fd_sc_hd__bufinv_16'.
Generating RTLIL representation for module `\sky130_fd_sc_hd__bufinv_8'.
Generating RTLIL representation for module `\sky130_fd_sc_hd__clkbuf_1'.
Generating RTLIL representation for module `\sky130_fd_sc_hd__clkbuf_16'.
Generating RTLIL representation for module `\sky130_fd_sc_hd__clkbuf_2'.
Generating RTLIL representation for module `\sky130_fd_sc_hd__clkbuf_4'.
Generating RTLIL representation for module `\sky130_fd_sc_hd__clkbuf_8'.
Generating RTLIL representation for module `\sky130_fd_sc_hd__clkdlybuf4s15_1'.
Generating RTLIL representation for module `\sky130_fd_sc_hd__clkdlybuf4s15_2'.
Generating RTLIL representation for module `\sky130_fd_sc_hd__clkdlybuf4s18_1'.
Generating RTLIL representation for module `\sky130_fd_sc_hd__clkdlybuf4s18_2'.
Generating RTLIL representation for module `\sky130_fd_sc_hd__clkdlybuf4s25_1'.
Generating RTLIL representation for module `\sky130_fd_sc_hd__clkdlybuf4s25_2'.
Generating RTLIL representation for module `\sky130_fd_sc_hd__clkdlybuf4s50_1'.
Generating RTLIL representation for module `\sky130_fd_sc_hd__clkdlybuf4s50_2'.
Generating RTLIL representation for module `\sky130_fd_sc_hd__clkinv_1'.
Generating RTLIL representation for module `\sky130_fd_sc_hd__clkinv_16'.
Generating RTLIL representation for module `\sky130_fd_sc_hd__clkinv_2'.
Generating RTLIL representation for module `\sky130_fd_sc_hd__clkinv_4'.
Generating RTLIL representation for module `\sky130_fd_sc_hd__clkinv_8'.
Generating RTLIL representation for module `\sky130_fd_sc_hd__clkinvlp_2'.
Generating RTLIL representation for module `\sky130_fd_sc_hd__clkinvlp_4'.
Generating RTLIL representation for module `\sky130_fd_sc_hd__conb_1'.
Generating RTLIL representation for module `\sky130_fd_sc_hd__decap_12'.
Generating RTLIL representation for module `\sky130_fd_sc_hd__decap_3'.
Generating RTLIL representation for module `\sky130_fd_sc_hd__decap_4'.
Generating RTLIL representation for module `\sky130_fd_sc_hd__decap_6'.
Generating RTLIL representation for module `\sky130_fd_sc_hd__decap_8'.
Generating RTLIL representation for module `\sky130_fd_sc_hd__dfbbn_1'.
Generating RTLIL representation for module `\sky130_fd_sc_hd__dfbbn_2'.
Generating RTLIL representation for module `\sky130_fd_sc_hd__dfbbp_1'.
Generating RTLIL representation for module `\sky130_fd_sc_hd__dfrbp_1'.
Generating RTLIL representation for module `\sky130_fd_sc_hd__dfrbp_2'.
Generating RTLIL representation for module `\sky130_fd_sc_hd__dfrtn_1'.
Generating RTLIL representation for module `\sky130_fd_sc_hd__dfrtp_1'.
Generating RTLIL representation for module `\sky130_fd_sc_hd__dfrtp_2'.
Generating RTLIL representation for module `\sky130_fd_sc_hd__dfrtp_4'.
Generating RTLIL representation for module `\sky130_fd_sc_hd__dfsbp_1'.
Generating RTLIL representation for module `\sky130_fd_sc_hd__dfsbp_2'.
Generating RTLIL representation for module `\sky130_fd_sc_hd__dfstp_1'.
Generating RTLIL representation for module `\sky130_fd_sc_hd__dfstp_2'.
Generating RTLIL representation for module `\sky130_fd_sc_hd__dfstp_4'.
Generating RTLIL representation for module `\sky130_fd_sc_hd__dfxbp_1'.
Generating RTLIL representation for module `\sky130_fd_sc_hd__dfxbp_2'.
Generating RTLIL representation for module `\sky130_fd_sc_hd__dfxtp_1'.
Generating RTLIL representation for module `\sky130_fd_sc_hd__dfxtp_2'.
Generating RTLIL representation for module `\sky130_fd_sc_hd__dfxtp_4'.
Generating RTLIL representation for module `\sky130_fd_sc_hd__diode_2'.
Generating RTLIL representation for module `\sky130_fd_sc_hd__dlclkp_1'.
Generating RTLIL representation for module `\sky130_fd_sc_hd__dlclkp_2'.
Generating RTLIL representation for module `\sky130_fd_sc_hd__dlclkp_4'.
Generating RTLIL representation for module `\sky130_fd_sc_hd__dlrbn_1'.
Generating RTLIL representation for module `\sky130_fd_sc_hd__dlrbn_2'.
Generating RTLIL representation for module `\sky130_fd_sc_hd__dlrbp_1'.
Generating RTLIL representation for module `\sky130_fd_sc_hd__dlrbp_2'.
Generating RTLIL representation for module `\sky130_fd_sc_hd__dlrtn_1'.
Generating RTLIL representation for module `\sky130_fd_sc_hd__dlrtn_2'.
Generating RTLIL representation for module `\sky130_fd_sc_hd__dlrtn_4'.
Generating RTLIL representation for module `\sky130_fd_sc_hd__dlrtp_1'.
Generating RTLIL representation for module `\sky130_fd_sc_hd__dlrtp_2'.
Generating RTLIL representation for module `\sky130_fd_sc_hd__dlrtp_4'.
Generating RTLIL representation for module `\sky130_fd_sc_hd__dlxbn_1'.
Generating RTLIL representation for module `\sky130_fd_sc_hd__dlxbn_2'.
Generating RTLIL representation for module `\sky130_fd_sc_hd__dlxbp_1'.
Generating RTLIL representation for module `\sky130_fd_sc_hd__dlxtn_1'.
Generating RTLIL representation for module `\sky130_fd_sc_hd__dlxtn_2'.
Generating RTLIL representation for module `\sky130_fd_sc_hd__dlxtn_4'.
Generating RTLIL representation for module `\sky130_fd_sc_hd__dlxtp_1'.
Generating RTLIL representation for module `\sky130_fd_sc_hd__dlygate4sd1_1'.
Generating RTLIL representation for module `\sky130_fd_sc_hd__dlygate4sd2_1'.
Generating RTLIL representation for module `\sky130_fd_sc_hd__dlygate4sd3_1'.
Generating RTLIL representation for module `\sky130_fd_sc_hd__dlymetal6s2s_1'.
Generating RTLIL representation for module `\sky130_fd_sc_hd__dlymetal6s4s_1'.
Generating RTLIL representation for module `\sky130_fd_sc_hd__dlymetal6s6s_1'.
Generating RTLIL representation for module `\sky130_fd_sc_hd__ebufn_1'.
Generating RTLIL representation for module `\sky130_fd_sc_hd__ebufn_2'.
Generating RTLIL representation for module `\sky130_fd_sc_hd__ebufn_4'.
Generating RTLIL representation for module `\sky130_fd_sc_hd__ebufn_8'.
Generating RTLIL representation for module `\sky130_fd_sc_hd__edfxbp_1'.
Generating RTLIL representation for module `\sky130_fd_sc_hd__edfxtp_1'.
Generating RTLIL representation for module `\sky130_fd_sc_hd__einvn_0'.
Generating RTLIL representation for module `\sky130_fd_sc_hd__einvn_1'.
Generating RTLIL representation for module `\sky130_fd_sc_hd__einvn_2'.
Generating RTLIL representation for module `\sky130_fd_sc_hd__einvn_4'.
Generating RTLIL representation for module `\sky130_fd_sc_hd__einvn_8'.
Generating RTLIL representation for module `\sky130_fd_sc_hd__einvp_1'.
Generating RTLIL representation for module `\sky130_fd_sc_hd__einvp_2'.
Generating RTLIL representation for module `\sky130_fd_sc_hd__einvp_4'.
Generating RTLIL representation for module `\sky130_fd_sc_hd__einvp_8'.
Generating RTLIL representation for module `\sky130_fd_sc_hd__fa_1'.
Generating RTLIL representation for module `\sky130_fd_sc_hd__fa_2'.
Generating RTLIL representation for module `\sky130_fd_sc_hd__fa_4'.
Generating RTLIL representation for module `\sky130_fd_sc_hd__fah_1'.
Generating RTLIL representation for module `\sky130_fd_sc_hd__fahcin_1'.
Generating RTLIL representation for module `\sky130_fd_sc_hd__fahcon_1'.
Generating RTLIL representation for module `\sky130_fd_sc_hd__fill_1'.
Generating RTLIL representation for module `\sky130_fd_sc_hd__fill_2'.
Generating RTLIL representation for module `\sky130_fd_sc_hd__fill_4'.
Generating RTLIL representation for module `\sky130_fd_sc_hd__fill_8'.
Generating RTLIL representation for module `\sky130_fd_sc_hd__ha_1'.
Generating RTLIL representation for module `\sky130_fd_sc_hd__ha_2'.
Generating RTLIL representation for module `\sky130_fd_sc_hd__ha_4'.
Generating RTLIL representation for module `\sky130_fd_sc_hd__inv_1'.
Generating RTLIL representation for module `\sky130_fd_sc_hd__inv_12'.
Generating RTLIL representation for module `\sky130_fd_sc_hd__inv_16'.
Generating RTLIL representation for module `\sky130_fd_sc_hd__inv_2'.
Generating RTLIL representation for module `\sky130_fd_sc_hd__inv_4'.
Generating RTLIL representation for module `\sky130_fd_sc_hd__inv_6'.
Generating RTLIL representation for module `\sky130_fd_sc_hd__inv_8'.
Generating RTLIL representation for module `\sky130_fd_sc_hd__lpflow_bleeder_1'.
Generating RTLIL representation for module `\sky130_fd_sc_hd__lpflow_clkbufkapwr_1'.
Generating RTLIL representation for module `\sky130_fd_sc_hd__lpflow_clkbufkapwr_16'.
Generating RTLIL representation for module `\sky130_fd_sc_hd__lpflow_clkbufkapwr_2'.
Generating RTLIL representation for module `\sky130_fd_sc_hd__lpflow_clkbufkapwr_4'.
Generating RTLIL representation for module `\sky130_fd_sc_hd__lpflow_clkbufkapwr_8'.
Generating RTLIL representation for module `\sky130_fd_sc_hd__lpflow_clkinvkapwr_1'.
Generating RTLIL representation for module `\sky130_fd_sc_hd__lpflow_clkinvkapwr_16'.
Generating RTLIL representation for module `\sky130_fd_sc_hd__lpflow_clkinvkapwr_2'.
Generating RTLIL representation for module `\sky130_fd_sc_hd__lpflow_clkinvkapwr_4'.
Generating RTLIL representation for module `\sky130_fd_sc_hd__lpflow_clkinvkapwr_8'.
Generating RTLIL representation for module `\sky130_fd_sc_hd__lpflow_decapkapwr_12'.
Generating RTLIL representation for module `\sky130_fd_sc_hd__lpflow_decapkapwr_3'.
Generating RTLIL representation for module `\sky130_fd_sc_hd__lpflow_decapkapwr_4'.
Generating RTLIL representation for module `\sky130_fd_sc_hd__lpflow_decapkapwr_6'.
Generating RTLIL representation for module `\sky130_fd_sc_hd__lpflow_decapkapwr_8'.
Generating RTLIL representation for module `\sky130_fd_sc_hd__lpflow_inputiso0n_1'.
Generating RTLIL representation for module `\sky130_fd_sc_hd__lpflow_inputiso0p_1'.
Generating RTLIL representation for module `\sky130_fd_sc_hd__lpflow_inputiso1n_1'.
Generating RTLIL representation for module `\sky130_fd_sc_hd__lpflow_inputiso1p_1'.
Generating RTLIL representation for module `\sky130_fd_sc_hd__lpflow_inputisolatch_1'.
Generating RTLIL representation for module `\sky130_fd_sc_hd__lpflow_isobufsrc_1'.
Generating RTLIL representation for module `\sky130_fd_sc_hd__lpflow_isobufsrc_16'.
Generating RTLIL representation for module `\sky130_fd_sc_hd__lpflow_isobufsrc_2'.
Generating RTLIL representation for module `\sky130_fd_sc_hd__lpflow_isobufsrc_4'.
Generating RTLIL representation for module `\sky130_fd_sc_hd__lpflow_isobufsrc_8'.
Generating RTLIL representation for module `\sky130_fd_sc_hd__lpflow_isobufsrckapwr_16'.
Generating RTLIL representation for module `\sky130_fd_sc_hd__lpflow_lsbuf_lh_hl_isowell_tap_1'.
Generating RTLIL representation for module `\sky130_fd_sc_hd__lpflow_lsbuf_lh_hl_isowell_tap_2'.
Generating RTLIL representation for module `\sky130_fd_sc_hd__lpflow_lsbuf_lh_hl_isowell_tap_4'.
Generating RTLIL representation for module `\sky130_fd_sc_hd__lpflow_lsbuf_lh_isowell_4'.
Generating RTLIL representation for module `\sky130_fd_sc_hd__lpflow_lsbuf_lh_isowell_tap_1'.
Generating RTLIL representation for module `\sky130_fd_sc_hd__lpflow_lsbuf_lh_isowell_tap_2'.
Generating RTLIL representation for module `\sky130_fd_sc_hd__lpflow_lsbuf_lh_isowell_tap_4'.
Generating RTLIL representation for module `\sky130_fd_sc_hd__macro_sparecell'.
Generating RTLIL representation for module `\sky130_fd_sc_hd__maj3_1'.
Generating RTLIL representation for module `\sky130_fd_sc_hd__maj3_2'.
Generating RTLIL representation for module `\sky130_fd_sc_hd__maj3_4'.
Generating RTLIL representation for module `\sky130_fd_sc_hd__mux2_1'.
Generating RTLIL representation for module `\sky130_fd_sc_hd__mux2_2'.
Generating RTLIL representation for module `\sky130_fd_sc_hd__mux2_4'.
Generating RTLIL representation for module `\sky130_fd_sc_hd__mux2_8'.
Generating RTLIL representation for module `\sky130_fd_sc_hd__mux2i_1'.
Generating RTLIL representation for module `\sky130_fd_sc_hd__mux2i_2'.
Generating RTLIL representation for module `\sky130_fd_sc_hd__mux2i_4'.
Generating RTLIL representation for module `\sky130_fd_sc_hd__mux4_1'.
Generating RTLIL representation for module `\sky130_fd_sc_hd__mux4_2'.
Generating RTLIL representation for module `\sky130_fd_sc_hd__mux4_4'.
Generating RTLIL representation for module `\sky130_fd_sc_hd__nand2_1'.
Generating RTLIL representation for module `\sky130_fd_sc_hd__nand2_2'.
Generating RTLIL representation for module `\sky130_fd_sc_hd__nand2_4'.
Generating RTLIL representation for module `\sky130_fd_sc_hd__nand2_8'.
Generating RTLIL representation for module `\sky130_fd_sc_hd__nand2b_1'.
Generating RTLIL representation for module `\sky130_fd_sc_hd__nand2b_2'.
Generating RTLIL representation for module `\sky130_fd_sc_hd__nand2b_4'.
Generating RTLIL representation for module `\sky130_fd_sc_hd__nand3_1'.
Generating RTLIL representation for module `\sky130_fd_sc_hd__nand3_2'.
Generating RTLIL representation for module `\sky130_fd_sc_hd__nand3_4'.
Generating RTLIL representation for module `\sky130_fd_sc_hd__nand3b_1'.
Generating RTLIL representation for module `\sky130_fd_sc_hd__nand3b_2'.
Generating RTLIL representation for module `\sky130_fd_sc_hd__nand3b_4'.
Generating RTLIL representation for module `\sky130_fd_sc_hd__nand4_1'.
Generating RTLIL representation for module `\sky130_fd_sc_hd__nand4_2'.
Generating RTLIL representation for module `\sky130_fd_sc_hd__nand4_4'.
Generating RTLIL representation for module `\sky130_fd_sc_hd__nand4b_1'.
Generating RTLIL representation for module `\sky130_fd_sc_hd__nand4b_2'.
Generating RTLIL representation for module `\sky130_fd_sc_hd__nand4b_4'.
Generating RTLIL representation for module `\sky130_fd_sc_hd__nand4bb_1'.
Generating RTLIL representation for module `\sky130_fd_sc_hd__nand4bb_2'.
Generating RTLIL representation for module `\sky130_fd_sc_hd__nand4bb_4'.
Generating RTLIL representation for module `\sky130_fd_sc_hd__nor2_1'.
Generating RTLIL representation for module `\sky130_fd_sc_hd__nor2_2'.
Generating RTLIL representation for module `\sky130_fd_sc_hd__nor2_4'.
Generating RTLIL representation for module `\sky130_fd_sc_hd__nor2_8'.
Generating RTLIL representation for module `\sky130_fd_sc_hd__nor2b_1'.
Generating RTLIL representation for module `\sky130_fd_sc_hd__nor2b_2'.
Generating RTLIL representation for module `\sky130_fd_sc_hd__nor2b_4'.
Generating RTLIL representation for module `\sky130_fd_sc_hd__nor3_1'.
Generating RTLIL representation for module `\sky130_fd_sc_hd__nor3_2'.
Generating RTLIL representation for module `\sky130_fd_sc_hd__nor3_4'.
Generating RTLIL representation for module `\sky130_fd_sc_hd__nor3b_1'.
Generating RTLIL representation for module `\sky130_fd_sc_hd__nor3b_2'.
Generating RTLIL representation for module `\sky130_fd_sc_hd__nor3b_4'.
Generating RTLIL representation for module `\sky130_fd_sc_hd__nor4_1'.
Generating RTLIL representation for module `\sky130_fd_sc_hd__nor4_2'.
Generating RTLIL representation for module `\sky130_fd_sc_hd__nor4_4'.
Generating RTLIL representation for module `\sky130_fd_sc_hd__nor4b_1'.
Generating RTLIL representation for module `\sky130_fd_sc_hd__nor4b_2'.
Generating RTLIL representation for module `\sky130_fd_sc_hd__nor4b_4'.
Generating RTLIL representation for module `\sky130_fd_sc_hd__nor4bb_1'.
Generating RTLIL representation for module `\sky130_fd_sc_hd__nor4bb_2'.
Generating RTLIL representation for module `\sky130_fd_sc_hd__nor4bb_4'.
Generating RTLIL representation for module `\sky130_fd_sc_hd__o2111a_1'.
Generating RTLIL representation for module `\sky130_fd_sc_hd__o2111a_2'.
Generating RTLIL representation for module `\sky130_fd_sc_hd__o2111a_4'.
Generating RTLIL representation for module `\sky130_fd_sc_hd__o2111ai_1'.
Generating RTLIL representation for module `\sky130_fd_sc_hd__o2111ai_2'.
Generating RTLIL representation for module `\sky130_fd_sc_hd__o2111ai_4'.
Generating RTLIL representation for module `\sky130_fd_sc_hd__o211a_1'.
Generating RTLIL representation for module `\sky130_fd_sc_hd__o211a_2'.
Generating RTLIL representation for module `\sky130_fd_sc_hd__o211a_4'.
Generating RTLIL representation for module `\sky130_fd_sc_hd__o211ai_1'.
Generating RTLIL representation for module `\sky130_fd_sc_hd__o211ai_2'.
Generating RTLIL representation for module `\sky130_fd_sc_hd__o211ai_4'.
Generating RTLIL representation for module `\sky130_fd_sc_hd__o21a_1'.
Generating RTLIL representation for module `\sky130_fd_sc_hd__o21a_2'.
Generating RTLIL representation for module `\sky130_fd_sc_hd__o21a_4'.
Generating RTLIL representation for module `\sky130_fd_sc_hd__o21ai_0'.
Generating RTLIL representation for module `\sky130_fd_sc_hd__o21ai_1'.
Generating RTLIL representation for module `\sky130_fd_sc_hd__o21ai_2'.
Generating RTLIL representation for module `\sky130_fd_sc_hd__o21ai_4'.
Generating RTLIL representation for module `\sky130_fd_sc_hd__o21ba_1'.
Generating RTLIL representation for module `\sky130_fd_sc_hd__o21ba_2'.
Generating RTLIL representation for module `\sky130_fd_sc_hd__o21ba_4'.
Generating RTLIL representation for module `\sky130_fd_sc_hd__o21bai_1'.
Generating RTLIL representation for module `\sky130_fd_sc_hd__o21bai_2'.
Generating RTLIL representation for module `\sky130_fd_sc_hd__o21bai_4'.
Generating RTLIL representation for module `\sky130_fd_sc_hd__o221a_1'.
Generating RTLIL representation for module `\sky130_fd_sc_hd__o221a_2'.
Generating RTLIL representation for module `\sky130_fd_sc_hd__o221a_4'.
Generating RTLIL representation for module `\sky130_fd_sc_hd__o221ai_1'.
Generating RTLIL representation for module `\sky130_fd_sc_hd__o221ai_2'.
Generating RTLIL representation for module `\sky130_fd_sc_hd__o221ai_4'.
Generating RTLIL representation for module `\sky130_fd_sc_hd__o22a_1'.
Generating RTLIL representation for module `\sky130_fd_sc_hd__o22a_2'.
Generating RTLIL representation for module `\sky130_fd_sc_hd__o22a_4'.
Generating RTLIL representation for module `\sky130_fd_sc_hd__o22ai_1'.
Generating RTLIL representation for module `\sky130_fd_sc_hd__o22ai_2'.
Generating RTLIL representation for module `\sky130_fd_sc_hd__o22ai_4'.
Generating RTLIL representation for module `\sky130_fd_sc_hd__o2bb2a_1'.
Generating RTLIL representation for module `\sky130_fd_sc_hd__o2bb2a_2'.
Generating RTLIL representation for module `\sky130_fd_sc_hd__o2bb2a_4'.
Generating RTLIL representation for module `\sky130_fd_sc_hd__o2bb2ai_1'.
Generating RTLIL representation for module `\sky130_fd_sc_hd__o2bb2ai_2'.
Generating RTLIL representation for module `\sky130_fd_sc_hd__o2bb2ai_4'.
Generating RTLIL representation for module `\sky130_fd_sc_hd__o311a_1'.
Generating RTLIL representation for module `\sky130_fd_sc_hd__o311a_2'.
Generating RTLIL representation for module `\sky130_fd_sc_hd__o311a_4'.
Generating RTLIL representation for module `\sky130_fd_sc_hd__o311ai_0'.
Generating RTLIL representation for module `\sky130_fd_sc_hd__o311ai_1'.
Generating RTLIL representation for module `\sky130_fd_sc_hd__o311ai_2'.
Generating RTLIL representation for module `\sky130_fd_sc_hd__o311ai_4'.
Generating RTLIL representation for module `\sky130_fd_sc_hd__o31a_1'.
Generating RTLIL representation for module `\sky130_fd_sc_hd__o31a_2'.
Generating RTLIL representation for module `\sky130_fd_sc_hd__o31a_4'.
Generating RTLIL representation for module `\sky130_fd_sc_hd__o31ai_1'.
Generating RTLIL representation for module `\sky130_fd_sc_hd__o31ai_2'.
Generating RTLIL representation for module `\sky130_fd_sc_hd__o31ai_4'.
Generating RTLIL representation for module `\sky130_fd_sc_hd__o32a_1'.
Generating RTLIL representation for module `\sky130_fd_sc_hd__o32a_2'.
Generating RTLIL representation for module `\sky130_fd_sc_hd__o32a_4'.
Generating RTLIL representation for module `\sky130_fd_sc_hd__o32ai_1'.
Generating RTLIL representation for module `\sky130_fd_sc_hd__o32ai_2'.
Generating RTLIL representation for module `\sky130_fd_sc_hd__o32ai_4'.
Generating RTLIL representation for module `\sky130_fd_sc_hd__o41a_1'.
Generating RTLIL representation for module `\sky130_fd_sc_hd__o41a_2'.
Generating RTLIL representation for module `\sky130_fd_sc_hd__o41a_4'.
Generating RTLIL representation for module `\sky130_fd_sc_hd__o41ai_1'.
Generating RTLIL representation for module `\sky130_fd_sc_hd__o41ai_2'.
Generating RTLIL representation for module `\sky130_fd_sc_hd__o41ai_4'.
Generating RTLIL representation for module `\sky130_fd_sc_hd__or2_0'.
Generating RTLIL representation for module `\sky130_fd_sc_hd__or2_1'.
Generating RTLIL representation for module `\sky130_fd_sc_hd__or2_2'.
Generating RTLIL representation for module `\sky130_fd_sc_hd__or2_4'.
Generating RTLIL representation for module `\sky130_fd_sc_hd__or2b_1'.
Generating RTLIL representation for module `\sky130_fd_sc_hd__or2b_2'.
Generating RTLIL representation for module `\sky130_fd_sc_hd__or2b_4'.
Generating RTLIL representation for module `\sky130_fd_sc_hd__or3_1'.
Generating RTLIL representation for module `\sky130_fd_sc_hd__or3_2'.
Generating RTLIL representation for module `\sky130_fd_sc_hd__or3_4'.
Generating RTLIL representation for module `\sky130_fd_sc_hd__or3b_1'.
Generating RTLIL representation for module `\sky130_fd_sc_hd__or3b_2'.
Generating RTLIL representation for module `\sky130_fd_sc_hd__or3b_4'.
Generating RTLIL representation for module `\sky130_fd_sc_hd__or4_1'.
Generating RTLIL representation for module `\sky130_fd_sc_hd__or4_2'.
Generating RTLIL representation for module `\sky130_fd_sc_hd__or4_4'.
Generating RTLIL representation for module `\sky130_fd_sc_hd__or4b_1'.
Generating RTLIL representation for module `\sky130_fd_sc_hd__or4b_2'.
Generating RTLIL representation for module `\sky130_fd_sc_hd__or4b_4'.
Generating RTLIL representation for module `\sky130_fd_sc_hd__or4bb_1'.
Generating RTLIL representation for module `\sky130_fd_sc_hd__or4bb_2'.
Generating RTLIL representation for module `\sky130_fd_sc_hd__or4bb_4'.
Generating RTLIL representation for module `\sky130_fd_sc_hd__probe_p_8'.
Generating RTLIL representation for module `\sky130_fd_sc_hd__probec_p_8'.
Generating RTLIL representation for module `\sky130_fd_sc_hd__sdfbbn_1'.
Generating RTLIL representation for module `\sky130_fd_sc_hd__sdfbbn_2'.
Generating RTLIL representation for module `\sky130_fd_sc_hd__sdfbbp_1'.
Generating RTLIL representation for module `\sky130_fd_sc_hd__sdfrbp_1'.
Generating RTLIL representation for module `\sky130_fd_sc_hd__sdfrbp_2'.
Generating RTLIL representation for module `\sky130_fd_sc_hd__sdfrtn_1'.
Generating RTLIL representation for module `\sky130_fd_sc_hd__sdfrtp_1'.
Generating RTLIL representation for module `\sky130_fd_sc_hd__sdfrtp_2'.
Generating RTLIL representation for module `\sky130_fd_sc_hd__sdfrtp_4'.
Generating RTLIL representation for module `\sky130_fd_sc_hd__sdfsbp_1'.
Generating RTLIL representation for module `\sky130_fd_sc_hd__sdfsbp_2'.
Generating RTLIL representation for module `\sky130_fd_sc_hd__sdfstp_1'.
Generating RTLIL representation for module `\sky130_fd_sc_hd__sdfstp_2'.
Generating RTLIL representation for module `\sky130_fd_sc_hd__sdfstp_4'.
Generating RTLIL representation for module `\sky130_fd_sc_hd__sdfxbp_1'.
Generating RTLIL representation for module `\sky130_fd_sc_hd__sdfxbp_2'.
Generating RTLIL representation for module `\sky130_fd_sc_hd__sdfxtp_1'.
Generating RTLIL representation for module `\sky130_fd_sc_hd__sdfxtp_2'.
Generating RTLIL representation for module `\sky130_fd_sc_hd__sdfxtp_4'.
Generating RTLIL representation for module `\sky130_fd_sc_hd__sdlclkp_1'.
Generating RTLIL representation for module `\sky130_fd_sc_hd__sdlclkp_2'.
Generating RTLIL representation for module `\sky130_fd_sc_hd__sdlclkp_4'.
Generating RTLIL representation for module `\sky130_fd_sc_hd__sedfxbp_1'.
Generating RTLIL representation for module `\sky130_fd_sc_hd__sedfxbp_2'.
Generating RTLIL representation for module `\sky130_fd_sc_hd__sedfxtp_1'.
Generating RTLIL representation for module `\sky130_fd_sc_hd__sedfxtp_2'.
Generating RTLIL representation for module `\sky130_fd_sc_hd__sedfxtp_4'.
Generating RTLIL representation for module `\sky130_fd_sc_hd__tap_1'.
Generating RTLIL representation for module `\sky130_fd_sc_hd__tap_2'.
Generating RTLIL representation for module `\sky130_fd_sc_hd__tapvgnd2_1'.
Generating RTLIL representation for module `\sky130_fd_sc_hd__tapvgnd_1'.
Generating RTLIL representation for module `\sky130_fd_sc_hd__tapvpwrvgnd_1'.
Generating RTLIL representation for module `\sky130_fd_sc_hd__xnor2_1'.
Generating RTLIL representation for module `\sky130_fd_sc_hd__xnor2_2'.
Generating RTLIL representation for module `\sky130_fd_sc_hd__xnor2_4'.
Generating RTLIL representation for module `\sky130_fd_sc_hd__xnor3_1'.
Generating RTLIL representation for module `\sky130_fd_sc_hd__xnor3_2'.
Generating RTLIL representation for module `\sky130_fd_sc_hd__xnor3_4'.
Generating RTLIL representation for module `\sky130_fd_sc_hd__xor2_1'.
Generating RTLIL representation for module `\sky130_fd_sc_hd__xor2_2'.
Generating RTLIL representation for module `\sky130_fd_sc_hd__xor2_4'.
Generating RTLIL representation for module `\sky130_fd_sc_hd__xor3_1'.
Generating RTLIL representation for module `\sky130_fd_sc_hd__xor3_2'.
Generating RTLIL representation for module `\sky130_fd_sc_hd__xor3_4'.
Successfully finished Verilog frontend.

2. Executing Verilog with UHDM frontend.
[INF:CM0023] Creating log file "/mnt/c/Users/david/OneDrive/Documents/psu/510/GitHub/project/m3/synth/slpp_all/surelog.log".
[  FATAL] : 0
[ SYNTAX] : 0
[  ERROR] : 0
[WARNING] : 0
[   NOTE] : 0

3. Executing Verilog with UHDM frontend.
[INF:CM0023] Creating log file "/mnt/c/Users/david/OneDrive/Documents/psu/510/GitHub/project/m3/synth/slpp_all/surelog.log".
[NTE:PP0128] /mnt/c/Users/david/OneDrive/Documents/psu/510/GitHub/project/m2/rtl/stream_if.sv:1:18: Non ASCII character detected, replaced by space.
[  FATAL] : 0
[ SYNTAX] : 0
[  ERROR] : 0
[WARNING] : 0
[   NOTE] : 1

4. Executing Verilog with UHDM frontend.
[INF:CM0023] Creating log file "/mnt/c/Users/david/OneDrive/Documents/psu/510/GitHub/project/m3/synth/slpp_all/surelog.log".
[NTE:PP0128] /mnt/c/Users/david/OneDrive/Documents/psu/510/GitHub/project/m2/rtl/sram_if.sv:1:16: Non ASCII character detected, replaced by space.
[  FATAL] : 0
[ SYNTAX] : 0
[  ERROR] : 0
[WARNING] : 0
[   NOTE] : 1

5. Executing Verilog with UHDM frontend.
[INF:CM0023] Creating log file "/mnt/c/Users/david/OneDrive/Documents/psu/510/GitHub/project/m3/synth/slpp_all/surelog.log".
[NTE:PP0128] /mnt/c/Users/david/OneDrive/Documents/psu/510/GitHub/project/m2/rtl/cmd_if.sv:1:15: Non ASCII character detected, replaced by space.
[  FATAL] : 0
[ SYNTAX] : 0
[  ERROR] : 0
[WARNING] : 0
[   NOTE] : 1

6. Executing Verilog with UHDM frontend.
[INF:CM0023] Creating log file "/mnt/c/Users/david/OneDrive/Documents/psu/510/GitHub/project/m3/synth/slpp_all/surelog.log".
[NTE:PP0128] /mnt/c/Users/david/OneDrive/Documents/psu/510/GitHub/project/m2/rtl/tile_if.sv:1:16: Non ASCII character detected, replaced by space.
[  FATAL] : 0
[ SYNTAX] : 0
[  ERROR] : 0
[WARNING] : 0
[   NOTE] : 1

7. Executing Verilog with UHDM frontend.
[INF:CM0023] Creating log file "/mnt/c/Users/david/OneDrive/Documents/psu/510/GitHub/project/m3/synth/slpp_all/surelog.log".
[NTE:PP0128] /mnt/c/Users/david/OneDrive/Documents/psu/510/GitHub/project/m2/rtl/ctrl_if.sv:1:16: Non ASCII character detected, replaced by space.
[  FATAL] : 0
[ SYNTAX] : 0
[  ERROR] : 0
[WARNING] : 0
[   NOTE] : 1

8. Executing Verilog with UHDM frontend.
[INF:CM0023] Creating log file "/mnt/c/Users/david/OneDrive/Documents/psu/510/GitHub/project/m3/synth/slpp_all/surelog.log".
[NTE:PP0128] /mnt/c/Users/david/OneDrive/Documents/psu/510/GitHub/project/m2/rtl/status_if.sv:1:18: Non ASCII character detected, replaced by space.
[  FATAL] : 0
[ SYNTAX] : 0
[  ERROR] : 0
[WARNING] : 0
[   NOTE] : 1

9. Executing Verilog with UHDM frontend.
[INF:CM0023] Creating log file "/mnt/c/Users/david/OneDrive/Documents/psu/510/GitHub/project/m3/synth/slpp_all/surelog.log".
[NTE:PP0128] /mnt/c/Users/david/OneDrive/Documents/psu/510/GitHub/project/m2/rtl/mac_pe.sv:1:15: Non ASCII character detected, replaced by space.
[  FATAL] : 0
[ SYNTAX] : 0
[  ERROR] : 0
[WARNING] : 0
[   NOTE] : 1

10. Executing Verilog with UHDM frontend.
[INF:CM0023] Creating log file "/mnt/c/Users/david/OneDrive/Documents/psu/510/GitHub/project/m3/synth/slpp_all/surelog.log".
[NTE:PP0128] /mnt/c/Users/david/OneDrive/Documents/psu/510/GitHub/project/m2/rtl/systolic_array_64x64.sv:25:35: Non ASCII character detected, replaced by space.
[  FATAL] : 0
[ SYNTAX] : 0
[  ERROR] : 0
[WARNING] : 0
[   NOTE] : 1

11. Executing Verilog with UHDM frontend.
[INF:CM0023] Creating log file "/mnt/c/Users/david/OneDrive/Documents/psu/510/GitHub/project/m3/synth/slpp_all/surelog.log".
[NTE:PP0128] /mnt/c/Users/david/OneDrive/Documents/psu/510/GitHub/project/m2/rtl/gelu_lut.sv:1:17: Non ASCII character detected, replaced by space.
[  FATAL] : 0
[ SYNTAX] : 0
[  ERROR] : 0
[WARNING] : 0
[   NOTE] : 1

12. Executing Verilog with UHDM frontend.
[INF:CM0023] Creating log file "/mnt/c/Users/david/OneDrive/Documents/psu/510/GitHub/project/m3/synth/slpp_all/surelog.log".
[NTE:PP0128] /mnt/c/Users/david/OneDrive/Documents/psu/510/GitHub/project/m2/rtl/exp_lut.sv:1:16: Non ASCII character detected, replaced by space.
[  FATAL] : 0
[ SYNTAX] : 0
[  ERROR] : 0
[WARNING] : 0
[   NOTE] : 1

13. Executing Verilog with UHDM frontend.
[INF:CM0023] Creating log file "/mnt/c/Users/david/OneDrive/Documents/psu/510/GitHub/project/m3/synth/slpp_all/surelog.log".
[NTE:PP0128] /mnt/c/Users/david/OneDrive/Documents/psu/510/GitHub/project/m2/rtl/adder_tree.sv:1:19: Non ASCII character detected, replaced by space.
[  FATAL] : 0
[ SYNTAX] : 0
[  ERROR] : 0
[WARNING] : 0
[   NOTE] : 1

14. Executing Verilog with UHDM frontend.
[INF:CM0023] Creating log file "/mnt/c/Users/david/OneDrive/Documents/psu/510/GitHub/project/m3/synth/slpp_all/surelog.log".
[NTE:PP0128] /mnt/c/Users/david/OneDrive/Documents/psu/510/GitHub/project/m2/rtl/gelu_unit.sv:1:18: Non ASCII character detected, replaced by space.
[  FATAL] : 0
[ SYNTAX] : 0
[  ERROR] : 0
[WARNING] : 0
[   NOTE] : 1

15. Executing Verilog with UHDM frontend.
[INF:CM0023] Creating log file "/mnt/c/Users/david/OneDrive/Documents/psu/510/GitHub/project/m3/synth/slpp_all/surelog.log".
[NTE:PP0128] /mnt/c/Users/david/OneDrive/Documents/psu/510/GitHub/project/m2/rtl/gelu_grad_unit.sv:1:23: Non ASCII character detected, replaced by space.
[  FATAL] : 0
[ SYNTAX] : 0
[  ERROR] : 0
[WARNING] : 0
[   NOTE] : 1

16. Executing Verilog with UHDM frontend.
[INF:CM0023] Creating log file "/mnt/c/Users/david/OneDrive/Documents/psu/510/GitHub/project/m3/synth/slpp_all/surelog.log".
[NTE:PP0128] /mnt/c/Users/david/OneDrive/Documents/psu/510/GitHub/project/m2/rtl/softmax_unit.sv:80:12: Non ASCII character detected, replaced by space.
[  FATAL] : 0
[ SYNTAX] : 0
[  ERROR] : 0
[WARNING] : 0
[   NOTE] : 1

17. Executing Verilog with UHDM frontend.
[INF:CM0023] Creating log file "/mnt/c/Users/david/OneDrive/Documents/psu/510/GitHub/project/m3/synth/slpp_all/surelog.log".
[NTE:PP0128] /mnt/c/Users/david/OneDrive/Documents/psu/510/GitHub/project/m2/rtl/causal_mask_unit.sv:1:25: Non ASCII character detected, replaced by space.
[  FATAL] : 0
[ SYNTAX] : 0
[  ERROR] : 0
[WARNING] : 0
[   NOTE] : 1

18. Executing Verilog with UHDM frontend.
[INF:CM0023] Creating log file "/mnt/c/Users/david/OneDrive/Documents/psu/510/GitHub/project/m3/synth/slpp_all/surelog.log".
[NTE:PP0128] /mnt/c/Users/david/OneDrive/Documents/psu/510/GitHub/project/m2/rtl/divider_or_reciprocal_unit.sv:1:35: Non ASCII character detected, replaced by space.
[  FATAL] : 0
[ SYNTAX] : 0
[  ERROR] : 0
[WARNING] : 0
[   NOTE] : 1

19. Executing Verilog with UHDM frontend.
[INF:CM0023] Creating log file "/mnt/c/Users/david/OneDrive/Documents/psu/510/GitHub/project/m3/synth/slpp_all/surelog.log".
[NTE:PP0128] /mnt/c/Users/david/OneDrive/Documents/psu/510/GitHub/project/m2/rtl/fused_postproc_unit.sv:1:28: Non ASCII character detected, replaced by space.
[  FATAL] : 0
[ SYNTAX] : 0
[  ERROR] : 0
[WARNING] : 0
[   NOTE] : 1

20. Executing Verilog with UHDM frontend.
[INF:CM0023] Creating log file "/mnt/c/Users/david/OneDrive/Documents/psu/510/GitHub/project/m3/synth/slpp_all/surelog.log".
[NTE:PP0128] /mnt/c/Users/david/OneDrive/Documents/psu/510/GitHub/project/m2/rtl/pipeline_stage.sv:1:23: Non ASCII character detected, replaced by space.
[  FATAL] : 0
[ SYNTAX] : 0
[  ERROR] : 0
[WARNING] : 0
[   NOTE] : 1

21. Executing Verilog with UHDM frontend.
[INF:CM0023] Creating log file "/mnt/c/Users/david/OneDrive/Documents/psu/510/GitHub/project/m3/synth/slpp_all/surelog.log".
[NTE:PP0128] /mnt/c/Users/david/OneDrive/Documents/psu/510/GitHub/project/m2/rtl/skid_buffer.sv:1:20: Non ASCII character detected, replaced by space.
[  FATAL] : 0
[ SYNTAX] : 0
[  ERROR] : 0
[WARNING] : 0
[   NOTE] : 1

22. Executing Verilog with UHDM frontend.
[INF:CM0023] Creating log file "/mnt/c/Users/david/OneDrive/Documents/psu/510/GitHub/project/m3/synth/slpp_all/surelog.log".
[NTE:PP0128] /mnt/c/Users/david/OneDrive/Documents/psu/510/GitHub/project/m2/rtl/stream_mux.sv:1:19: Non ASCII character detected, replaced by space.
[  FATAL] : 0
[ SYNTAX] : 0
[  ERROR] : 0
[WARNING] : 0
[   NOTE] : 1

23. Executing Verilog with UHDM frontend.
[INF:CM0023] Creating log file "/mnt/c/Users/david/OneDrive/Documents/psu/510/GitHub/project/m3/synth/slpp_all/surelog.log".
[NTE:PP0128] /mnt/c/Users/david/OneDrive/Documents/psu/510/GitHub/project/m2/rtl/tile_loader.sv:1:20: Non ASCII character detected, replaced by space.
[  FATAL] : 0
[ SYNTAX] : 0
[  ERROR] : 0
[WARNING] : 0
[   NOTE] : 1

24. Executing Verilog with UHDM frontend.
[INF:CM0023] Creating log file "/mnt/c/Users/david/OneDrive/Documents/psu/510/GitHub/project/m3/synth/slpp_all/surelog.log".
[NTE:PP0128] /mnt/c/Users/david/OneDrive/Documents/psu/510/GitHub/project/m2/rtl/tile_writer.sv:1:20: Non ASCII character detected, replaced by space.
[  FATAL] : 0
[ SYNTAX] : 0
[  ERROR] : 0
[WARNING] : 0
[   NOTE] : 1

25. Executing Verilog with UHDM frontend.
[INF:CM0023] Creating log file "/mnt/c/Users/david/OneDrive/Documents/psu/510/GitHub/project/m3/synth/slpp_all/surelog.log".
[NTE:PP0128] /mnt/c/Users/david/OneDrive/Documents/psu/510/GitHub/project/m2/rtl/sram_bank.sv:1:18: Non ASCII character detected, replaced by space.
[  FATAL] : 0
[ SYNTAX] : 0
[  ERROR] : 0
[WARNING] : 0
[   NOTE] : 1

26. Executing Verilog with UHDM frontend.
[INF:CM0023] Creating log file "/mnt/c/Users/david/OneDrive/Documents/psu/510/GitHub/project/m3/synth/slpp_all/surelog.log".
[NTE:PP0128] /mnt/c/Users/david/OneDrive/Documents/psu/510/GitHub/project/m2/rtl/scratchpad_ctrl.sv:1:24: Non ASCII character detected, replaced by space.
[  FATAL] : 0
[ SYNTAX] : 0
[  ERROR] : 0
[WARNING] : 0
[   NOTE] : 1

27. Executing Verilog with UHDM frontend.
[INF:CM0023] Creating log file "/mnt/c/Users/david/OneDrive/Documents/psu/510/GitHub/project/m3/synth/slpp_all/surelog.log".
[NTE:PP0128] /mnt/c/Users/david/OneDrive/Documents/psu/510/GitHub/project/m2/rtl/address_gen.sv:1:20: Non ASCII character detected, replaced by space.
[  FATAL] : 0
[ SYNTAX] : 0
[  ERROR] : 0
[WARNING] : 0
[   NOTE] : 1

28. Executing Verilog with UHDM frontend.
[INF:CM0023] Creating log file "/mnt/c/Users/david/OneDrive/Documents/psu/510/GitHub/project/m3/synth/slpp_all/surelog.log".
[NTE:PP0128] /mnt/c/Users/david/OneDrive/Documents/psu/510/GitHub/project/m2/rtl/dma_engine.sv:32:28: Non ASCII character detected, replaced by space.
[  FATAL] : 0
[ SYNTAX] : 0
[  ERROR] : 0
[WARNING] : 0
[   NOTE] : 1

29. Executing Verilog with UHDM frontend.
[INF:CM0023] Creating log file "/mnt/c/Users/david/OneDrive/Documents/psu/510/GitHub/project/m3/synth/slpp_all/surelog.log".
[NTE:PP0128] /mnt/c/Users/david/OneDrive/Documents/psu/510/GitHub/project/m2/rtl/double_buffer_ctrl.sv:1:27: Non ASCII character detected, replaced by space.
[  FATAL] : 0
[ SYNTAX] : 0
[  ERROR] : 0
[WARNING] : 0
[   NOTE] : 1

30. Executing Verilog with UHDM frontend.
[INF:CM0023] Creating log file "/mnt/c/Users/david/OneDrive/Documents/psu/510/GitHub/project/m3/synth/slpp_all/surelog.log".
[NTE:PP0128] /mnt/c/Users/david/OneDrive/Documents/psu/510/GitHub/project/m2/rtl/tile_buffer.sv:62:28: Non ASCII character detected, replaced by space.
[  FATAL] : 0
[ SYNTAX] : 0
[  ERROR] : 0
[WARNING] : 0
[   NOTE] : 1

31. Executing Verilog with UHDM frontend.
[INF:CM0023] Creating log file "/mnt/c/Users/david/OneDrive/Documents/psu/510/GitHub/project/m3/synth/slpp_all/surelog.log".
[NTE:PP0128] /mnt/c/Users/david/OneDrive/Documents/psu/510/GitHub/project/m2/rtl/stream_pipeline.sv:348:42: Non ASCII character detected, replaced by space.
[  FATAL] : 0
[ SYNTAX] : 0
[  ERROR] : 0
[WARNING] : 0
[   NOTE] : 1

32. Executing Verilog with UHDM frontend.
[INF:CM0023] Creating log file "/mnt/c/Users/david/OneDrive/Documents/psu/510/GitHub/project/m3/synth/slpp_all/surelog.log".
[NTE:PP0128] /mnt/c/Users/david/OneDrive/Documents/psu/510/GitHub/project/m2/rtl/mode_decoder.sv:1:21: Non ASCII character detected, replaced by space.
[  FATAL] : 0
[ SYNTAX] : 0
[  ERROR] : 0
[WARNING] : 0
[   NOTE] : 1

33. Executing Verilog with UHDM frontend.
[INF:CM0023] Creating log file "/mnt/c/Users/david/OneDrive/Documents/psu/510/GitHub/project/m3/synth/slpp_all/surelog.log".
[NTE:PP0128] /mnt/c/Users/david/OneDrive/Documents/psu/510/GitHub/project/m2/rtl/tile_scheduler.sv:1:23: Non ASCII character detected, replaced by space.
[  FATAL] : 0
[ SYNTAX] : 0
[  ERROR] : 0
[WARNING] : 0
[   NOTE] : 1

34. Executing Verilog with UHDM frontend.
[INF:CM0023] Creating log file "/mnt/c/Users/david/OneDrive/Documents/psu/510/GitHub/project/m3/synth/slpp_all/surelog.log".
[NTE:PP0128] /mnt/c/Users/david/OneDrive/Documents/psu/510/GitHub/project/m2/rtl/tile_dispatcher.sv:91:29: Non ASCII character detected, replaced by space.
[  FATAL] : 0
[ SYNTAX] : 0
[  ERROR] : 0
[WARNING] : 0
[   NOTE] : 1

35. Executing Verilog with UHDM frontend.
[INF:CM0023] Creating log file "/mnt/c/Users/david/OneDrive/Documents/psu/510/GitHub/project/m3/synth/slpp_all/surelog.log".
[NTE:PP0128] /mnt/c/Users/david/OneDrive/Documents/psu/510/GitHub/project/m2/rtl/accel_controller.sv:1:25: Non ASCII character detected, replaced by space.
[  FATAL] : 0
[ SYNTAX] : 0
[  ERROR] : 0
[WARNING] : 0
[   NOTE] : 1

36. Executing Verilog with UHDM frontend.
[INF:CM0023] Creating log file "/mnt/c/Users/david/OneDrive/Documents/psu/510/GitHub/project/m3/synth/slpp_all/surelog.log".
[NTE:PP0128] /mnt/c/Users/david/OneDrive/Documents/psu/510/GitHub/project/m2/rtl/perf_counter_block.sv:1:27: Non ASCII character detected, replaced by space.
[  FATAL] : 0
[ SYNTAX] : 0
[  ERROR] : 0
[WARNING] : 0
[   NOTE] : 1

37. Executing Verilog with UHDM frontend.
[INF:CM0023] Creating log file "/mnt/c/Users/david/OneDrive/Documents/psu/510/GitHub/project/m3/synth/slpp_all/surelog.log".
[NTE:PP0128] /mnt/c/Users/david/OneDrive/Documents/psu/510/GitHub/project/m2/rtl/csr_block.sv:1:18: Non ASCII character detected, replaced by space.
[  FATAL] : 0
[ SYNTAX] : 0
[  ERROR] : 0
[WARNING] : 0
[   NOTE] : 1

38. Executing Verilog with UHDM frontend.
[INF:CM0023] Creating log file "/mnt/c/Users/david/OneDrive/Documents/psu/510/GitHub/project/m3/synth/slpp_all/surelog.log".
[NTE:PP0128] /mnt/c/Users/david/OneDrive/Documents/psu/510/GitHub/project/m3/synth/accel_engine.sv:1:21: Non ASCII character detected, replaced by space.
[  FATAL] : 0
[ SYNTAX] : 0
[  ERROR] : 0
[WARNING] : 0
[   NOTE] : 1

39. Executing Verilog with UHDM frontend.
[INF:CM0023] Creating log file "/mnt/c/Users/david/OneDrive/Documents/psu/510/GitHub/project/m3/synth/slpp_all/surelog.log".
[NTE:PP0128] /mnt/c/Users/david/OneDrive/Documents/psu/510/GitHub/project/m3/synth/accel_top.sv:27:62: Non ASCII character detected, replaced by space.
[  FATAL] : 0
[ SYNTAX] : 0
[  ERROR] : 0
[WARNING] : 0
[   NOTE] : 1

40. Executing Verilog with UHDM frontend.
[INF:CM0023] Creating log file "/mnt/c/Users/david/OneDrive/Documents/psu/510/GitHub/project/m3/synth/slpp_all/surelog.log".
[  FATAL] : 0
[ SYNTAX] : 0
[  ERROR] : 0
[WARNING] : 0
[   NOTE] : 0

41. Executing Verilog with UHDM frontend.
[INF:CM0023] Creating log file "/mnt/c/Users/david/OneDrive/Documents/psu/510/GitHub/project/m3/synth/slpp_all/surelog.log".
[  FATAL] : 0
[ SYNTAX] : 0
[  ERROR] : 0
[WARNING] : 0
[   NOTE] : 0

42. Executing Verilog with UHDM frontend.
[INF:CM0023] Creating log file "/mnt/c/Users/david/OneDrive/Documents/psu/510/GitHub/project/m3/synth/slpp_all/surelog.log".
[  FATAL] : 0
[ SYNTAX] : 0
[  ERROR] : 0
[WARNING] : 0
[   NOTE] : 0

43. Executing Verilog with UHDM frontend.
[INF:CM0023] Creating log file "/mnt/c/Users/david/OneDrive/Documents/psu/510/GitHub/project/m3/synth/slpp_all/surelog.log".
[INF:CP0300] Compilation...
[INF:CP0301] /mnt/c/Users/david/OneDrive/Documents/psu/510/GitHub/project/m3/synth/accel_pkg.sv:21:1: Compile package "accel_pkg".
[INF:CP0303] /mnt/c/Users/david/OneDrive/Documents/psu/510/GitHub/project/m2/rtl/accel_controller.sv:18:1: Compile module "work@accel_controller".
[INF:CP0303] /mnt/c/Users/david/OneDrive/Documents/psu/510/GitHub/project/m3/synth/accel_engine.sv:11:1: Compile module "work@accel_engine".
[INF:CP0303] /mnt/c/Users/david/OneDrive/Documents/psu/510/GitHub/project/m3/synth/accel_top.sv:18:1: Compile module "work@accel_top".
[INF:CP0303] /mnt/c/Users/david/OneDrive/Documents/psu/510/GitHub/project/m2/rtl/adder_tree.sv:2:1: Compile module "work@adder_tree".
[INF:CP0303] /mnt/c/Users/david/OneDrive/Documents/psu/510/GitHub/project/m2/rtl/address_gen.sv:2:1: Compile module "work@address_gen".
[INF:CP0303] /mnt/c/Users/david/OneDrive/Documents/psu/510/GitHub/project/m2/rtl/causal_mask_unit.sv:3:1: Compile module "work@causal_mask_unit".
[INF:CP0303] /mnt/c/Users/david/OneDrive/Documents/psu/510/GitHub/project/m2/rtl/interface.sv:61:1: Compile module "work@chiplet_interface".
[INF:CP0304] /mnt/c/Users/david/OneDrive/Documents/psu/510/GitHub/project/m2/rtl/cmd_if.sv:2:1: Compile interface "work@cmd_if".
[INF:CP0303] /mnt/c/Users/david/OneDrive/Documents/psu/510/GitHub/project/m2/rtl/compute_core.sv:46:1: Compile module "work@compute_core".
[INF:CP0303] /mnt/c/Users/david/OneDrive/Documents/psu/510/GitHub/project/m2/rtl/csr_block.sv:2:1: Compile module "work@csr_block".
[INF:CP0304] /mnt/c/Users/david/OneDrive/Documents/psu/510/GitHub/project/m2/rtl/ctrl_if.sv:2:1: Compile interface "work@ctrl_if".
[INF:CP0303] /mnt/c/Users/david/OneDrive/Documents/psu/510/GitHub/project/m2/rtl/divider_or_reciprocal_unit.sv:3:1: Compile module "work@divider_or_reciprocal_unit".
[INF:CP0303] /mnt/c/Users/david/OneDrive/Documents/psu/510/GitHub/project/m2/rtl/dma_engine.sv:3:1: Compile module "work@dma_engine".
[INF:CP0303] /mnt/c/Users/david/OneDrive/Documents/psu/510/GitHub/project/m2/rtl/double_buffer_ctrl.sv:3:1: Compile module "work@double_buffer_ctrl".
[INF:CP0303] /mnt/c/Users/david/OneDrive/Documents/psu/510/GitHub/project/m2/rtl/exp_lut.sv:4:1: Compile module "work@exp_lut".
[INF:CP0303] /mnt/c/Users/david/OneDrive/Documents/psu/510/GitHub/project/m2/rtl/fused_postproc_unit.sv:3:1: Compile module "work@fused_postproc_unit".
[INF:CP0303] /mnt/c/Users/david/OneDrive/Documents/psu/510/GitHub/project/m2/rtl/gelu_grad_unit.sv:5:1: Compile module "work@gelu_grad_unit".
[INF:CP0303] /mnt/c/Users/david/OneDrive/Documents/psu/510/GitHub/project/m2/rtl/gelu_lut.sv:5:1: Compile module "work@gelu_lut".
[INF:CP0303] /mnt/c/Users/david/OneDrive/Documents/psu/510/GitHub/project/m2/rtl/gelu_unit.sv:5:1: Compile module "work@gelu_unit".
[INF:CP0303] /mnt/c/Users/david/OneDrive/Documents/psu/510/GitHub/project/m2/rtl/mac_pe.sv:3:1: Compile module "work@mac_pe".
[INF:CP0303] /mnt/c/Users/david/OneDrive/Documents/psu/510/GitHub/project/m2/rtl/mode_decoder.sv:2:1: Compile module "work@mode_decoder".
[INF:CP0303] /mnt/c/Users/david/OneDrive/Documents/psu/510/GitHub/project/m2/rtl/perf_counter_block.sv:3:1: Compile module "work@perf_counter_block".
[INF:CP0303] /mnt/c/Users/david/OneDrive/Documents/psu/510/GitHub/project/m2/rtl/pipeline_stage.sv:2:1: Compile module "work@pipeline_stage".
[INF:CP0303] /mnt/c/Users/david/OneDrive/Documents/psu/510/GitHub/project/m2/rtl/scratchpad_ctrl.sv:2:1: Compile module "work@scratchpad_ctrl".
[INF:CP0303] /mnt/c/Users/david/OneDrive/Documents/psu/510/GitHub/project/m2/rtl/skid_buffer.sv:2:1: Compile module "work@skid_buffer".
[INF:CP0303] /mnt/c/Users/david/OneDrive/Documents/psu/510/GitHub/project/m2/rtl/softmax_unit.sv:3:1: Compile module "work@softmax_unit".
[INF:CP0303] /mnt/c/Users/david/OneDrive/Documents/psu/510/GitHub/project/m2/rtl/sram_bank.sv:2:1: Compile module "work@sram_bank".
[INF:CP0304] /mnt/c/Users/david/OneDrive/Documents/psu/510/GitHub/project/m2/rtl/sram_if.sv:2:1: Compile interface "work@sram_if".
[INF:CP0304] /mnt/c/Users/david/OneDrive/Documents/psu/510/GitHub/project/m2/rtl/status_if.sv:2:1: Compile interface "work@status_if".
[INF:CP0304] /mnt/c/Users/david/OneDrive/Documents/psu/510/GitHub/project/m2/rtl/stream_if.sv:2:1: Compile interface "work@stream_if".
[INF:CP0303] /mnt/c/Users/david/OneDrive/Documents/psu/510/GitHub/project/m2/rtl/stream_mux.sv:2:1: Compile module "work@stream_mux".
[INF:CP0303] /mnt/c/Users/david/OneDrive/Documents/psu/510/GitHub/project/m2/rtl/stream_pipeline.sv:24:1: Compile module "work@stream_pipeline".
[INF:CP0303] /mnt/c/Users/david/OneDrive/Documents/psu/510/GitHub/project/m2/rtl/systolic_array_64x64.sv:3:1: Compile module "work@systolic_array_64x64".
[INF:CP0303] /mnt/c/Users/david/OneDrive/Documents/psu/510/GitHub/project/m2/rtl/tile_buffer.sv:16:1: Compile module "work@tile_buffer".
[INF:CP0303] /mnt/c/Users/david/OneDrive/Documents/psu/510/GitHub/project/m2/rtl/tile_dispatcher.sv:21:1: Compile module "work@tile_dispatcher".
[INF:CP0304] /mnt/c/Users/david/OneDrive/Documents/psu/510/GitHub/project/m2/rtl/tile_if.sv:2:1: Compile interface "work@tile_if".
[INF:CP0303] /mnt/c/Users/david/OneDrive/Documents/psu/510/GitHub/project/m2/rtl/tile_loader.sv:2:1: Compile module "work@tile_loader".
[INF:CP0303] /mnt/c/Users/david/OneDrive/Documents/psu/510/GitHub/project/m2/rtl/tile_scheduler.sv:2:1: Compile module "work@tile_scheduler".
[INF:CP0303] /mnt/c/Users/david/OneDrive/Documents/psu/510/GitHub/project/m2/rtl/tile_writer.sv:2:1: Compile module "work@tile_writer".
[INF:CP0303] /mnt/c/Users/david/OneDrive/Documents/psu/510/GitHub/project/m3/synth/top_small.sv:22:1: Compile module "work@top_small".
[INF:EL0526] Design Elaboration...
[INF:CP0335] /mnt/c/Users/david/OneDrive/Documents/psu/510/GitHub/project/m3/synth/accel_top.sv:184:38: Compile generate block "work@top_small.u_core.u_accel_top.gen_lane[0]".
[INF:CP0335] /mnt/c/Users/david/OneDrive/Documents/psu/510/GitHub/project/m2/rtl/tile_buffer.sv:65:40: Compile generate block "work@top_small.u_core.u_accel_top.gen_lane[0].u_engine.u_buf_a.gen_rd_port[0]".
[INF:CP0335] /mnt/c/Users/david/OneDrive/Documents/psu/510/GitHub/project/m2/rtl/tile_buffer.sv:65:40: Compile generate block "work@top_small.u_core.u_accel_top.gen_lane[0].u_engine.u_buf_a.gen_rd_port[1]".
[INF:CP0335] /mnt/c/Users/david/OneDrive/Documents/psu/510/GitHub/project/m2/rtl/tile_buffer.sv:65:40: Compile generate block "work@top_small.u_core.u_accel_top.gen_lane[0].u_engine.u_buf_a.gen_rd_port[2]".
[INF:CP0335] /mnt/c/Users/david/OneDrive/Documents/psu/510/GitHub/project/m2/rtl/tile_buffer.sv:65:40: Compile generate block "work@top_small.u_core.u_accel_top.gen_lane[0].u_engine.u_buf_a.gen_rd_port[3]".
[INF:CP0335] /mnt/c/Users/david/OneDrive/Documents/psu/510/GitHub/project/m2/rtl/tile_buffer.sv:65:40: Compile generate block "work@top_small.u_core.u_accel_top.gen_lane[0].u_engine.u_buf_b.gen_rd_port[0]".
[INF:CP0335] /mnt/c/Users/david/OneDrive/Documents/psu/510/GitHub/project/m2/rtl/tile_buffer.sv:65:40: Compile generate block "work@top_small.u_core.u_accel_top.gen_lane[0].u_engine.u_buf_b.gen_rd_port[1]".
[INF:CP0335] /mnt/c/Users/david/OneDrive/Documents/psu/510/GitHub/project/m2/rtl/tile_buffer.sv:65:40: Compile generate block "work@top_small.u_core.u_accel_top.gen_lane[0].u_engine.u_buf_b.gen_rd_port[2]".
[INF:CP0335] /mnt/c/Users/david/OneDrive/Documents/psu/510/GitHub/project/m2/rtl/tile_buffer.sv:65:40: Compile generate block "work@top_small.u_core.u_accel_top.gen_lane[0].u_engine.u_buf_b.gen_rd_port[3]".
[INF:CP0335] /mnt/c/Users/david/OneDrive/Documents/psu/510/GitHub/project/m2/rtl/tile_buffer.sv:65:40: Compile generate block "work@top_small.u_core.u_accel_top.gen_lane[0].u_engine.u_buf_aux.gen_rd_port[0]".
[INF:CP0335] /mnt/c/Users/david/OneDrive/Documents/psu/510/GitHub/project/m2/rtl/stream_pipeline.sv:141:40: Compile generate block "work@top_small.u_core.u_accel_top.gen_lane[0].u_engine.u_pipe.gen_feed_a[0]".
[INF:CP0335] /mnt/c/Users/david/OneDrive/Documents/psu/510/GitHub/project/m2/rtl/stream_pipeline.sv:141:40: Compile generate block "work@top_small.u_core.u_accel_top.gen_lane[0].u_engine.u_pipe.gen_feed_a[1]".
[INF:CP0335] /mnt/c/Users/david/OneDrive/Documents/psu/510/GitHub/project/m2/rtl/stream_pipeline.sv:141:40: Compile generate block "work@top_small.u_core.u_accel_top.gen_lane[0].u_engine.u_pipe.gen_feed_a[2]".
[INF:CP0335] /mnt/c/Users/david/OneDrive/Documents/psu/510/GitHub/project/m2/rtl/stream_pipeline.sv:141:40: Compile generate block "work@top_small.u_core.u_accel_top.gen_lane[0].u_engine.u_pipe.gen_feed_a[3]".
[INF:CP0335] /mnt/c/Users/david/OneDrive/Documents/psu/510/GitHub/project/m2/rtl/stream_pipeline.sv:153:40: Compile generate block "work@top_small.u_core.u_accel_top.gen_lane[0].u_engine.u_pipe.gen_feed_b[0]".
[INF:CP0335] /mnt/c/Users/david/OneDrive/Documents/psu/510/GitHub/project/m2/rtl/stream_pipeline.sv:153:40: Compile generate block "work@top_small.u_core.u_accel_top.gen_lane[0].u_engine.u_pipe.gen_feed_b[1]".
[INF:CP0335] /mnt/c/Users/david/OneDrive/Documents/psu/510/GitHub/project/m2/rtl/stream_pipeline.sv:153:40: Compile generate block "work@top_small.u_core.u_accel_top.gen_lane[0].u_engine.u_pipe.gen_feed_b[2]".
[INF:CP0335] /mnt/c/Users/david/OneDrive/Documents/psu/510/GitHub/project/m2/rtl/stream_pipeline.sv:153:40: Compile generate block "work@top_small.u_core.u_accel_top.gen_lane[0].u_engine.u_pipe.gen_feed_b[3]".
[INF:CP0335] /mnt/c/Users/david/OneDrive/Documents/psu/510/GitHub/project/m2/rtl/systolic_array_64x64.sv:32:32: Compile generate block "work@top_small.u_core.u_accel_top.gen_lane[0].u_engine.u_pipe.u_array.gen_a_in[0]".
[INF:CP0335] /mnt/c/Users/david/OneDrive/Documents/psu/510/GitHub/project/m2/rtl/systolic_array_64x64.sv:32:32: Compile generate block "work@top_small.u_core.u_accel_top.gen_lane[0].u_engine.u_pipe.u_array.gen_a_in[1]".
[INF:CP0335] /mnt/c/Users/david/OneDrive/Documents/psu/510/GitHub/project/m2/rtl/systolic_array_64x64.sv:32:32: Compile generate block "work@top_small.u_core.u_accel_top.gen_lane[0].u_engine.u_pipe.u_array.gen_a_in[2]".
[INF:CP0335] /mnt/c/Users/david/OneDrive/Documents/psu/510/GitHub/project/m2/rtl/systolic_array_64x64.sv:32:32: Compile generate block "work@top_small.u_core.u_accel_top.gen_lane[0].u_engine.u_pipe.u_array.gen_a_in[3]".
[INF:CP0335] /mnt/c/Users/david/OneDrive/Documents/psu/510/GitHub/project/m2/rtl/systolic_array_64x64.sv:36:32: Compile generate block "work@top_small.u_core.u_accel_top.gen_lane[0].u_engine.u_pipe.u_array.gen_b_in[0]".
[INF:CP0335] /mnt/c/Users/david/OneDrive/Documents/psu/510/GitHub/project/m2/rtl/systolic_array_64x64.sv:36:32: Compile generate block "work@top_small.u_core.u_accel_top.gen_lane[0].u_engine.u_pipe.u_array.gen_b_in[1]".
[INF:CP0335] /mnt/c/Users/david/OneDrive/Documents/psu/510/GitHub/project/m2/rtl/systolic_array_64x64.sv:36:32: Compile generate block "work@top_small.u_core.u_accel_top.gen_lane[0].u_engine.u_pipe.u_array.gen_b_in[2]".
[INF:CP0335] /mnt/c/Users/david/OneDrive/Documents/psu/510/GitHub/project/m2/rtl/systolic_array_64x64.sv:36:32: Compile generate block "work@top_small.u_core.u_accel_top.gen_lane[0].u_engine.u_pipe.u_array.gen_b_in[3]".
[INF:CP0335] /mnt/c/Users/david/OneDrive/Documents/psu/510/GitHub/project/m2/rtl/systolic_array_64x64.sv:43:32: Compile generate block "work@top_small.u_core.u_accel_top.gen_lane[0].u_engine.u_pipe.u_array.gen_row[0]".
[INF:CP0335] /mnt/c/Users/david/OneDrive/Documents/psu/510/GitHub/project/m2/rtl/systolic_array_64x64.sv:44:34: Compile generate block "work@top_small.u_core.u_accel_top.gen_lane[0].u_engine.u_pipe.u_array.gen_row[0].gen_col[0]".
[INF:CP0335] /mnt/c/Users/david/OneDrive/Documents/psu/510/GitHub/project/m2/rtl/systolic_array_64x64.sv:44:34: Compile generate block "work@top_small.u_core.u_accel_top.gen_lane[0].u_engine.u_pipe.u_array.gen_row[0].gen_col[1]".
[INF:CP0335] /mnt/c/Users/david/OneDrive/Documents/psu/510/GitHub/project/m2/rtl/systolic_array_64x64.sv:44:34: Compile generate block "work@top_small.u_core.u_accel_top.gen_lane[0].u_engine.u_pipe.u_array.gen_row[0].gen_col[2]".
[INF:CP0335] /mnt/c/Users/david/OneDrive/Documents/psu/510/GitHub/project/m2/rtl/systolic_array_64x64.sv:44:34: Compile generate block "work@top_small.u_core.u_accel_top.gen_lane[0].u_engine.u_pipe.u_array.gen_row[0].gen_col[3]".
[INF:CP0335] /mnt/c/Users/david/OneDrive/Documents/psu/510/GitHub/project/m2/rtl/systolic_array_64x64.sv:43:32: Compile generate block "work@top_small.u_core.u_accel_top.gen_lane[0].u_engine.u_pipe.u_array.gen_row[1]".
[INF:CP0335] /mnt/c/Users/david/OneDrive/Documents/psu/510/GitHub/project/m2/rtl/systolic_array_64x64.sv:44:34: Compile generate block "work@top_small.u_core.u_accel_top.gen_lane[0].u_engine.u_pipe.u_array.gen_row[1].gen_col[0]".
[INF:CP0335] /mnt/c/Users/david/OneDrive/Documents/psu/510/GitHub/project/m2/rtl/systolic_array_64x64.sv:44:34: Compile generate block "work@top_small.u_core.u_accel_top.gen_lane[0].u_engine.u_pipe.u_array.gen_row[1].gen_col[1]".
[INF:CP0335] /mnt/c/Users/david/OneDrive/Documents/psu/510/GitHub/project/m2/rtl/systolic_array_64x64.sv:44:34: Compile generate block "work@top_small.u_core.u_accel_top.gen_lane[0].u_engine.u_pipe.u_array.gen_row[1].gen_col[2]".
[INF:CP0335] /mnt/c/Users/david/OneDrive/Documents/psu/510/GitHub/project/m2/rtl/systolic_array_64x64.sv:44:34: Compile generate block "work@top_small.u_core.u_accel_top.gen_lane[0].u_engine.u_pipe.u_array.gen_row[1].gen_col[3]".
[INF:CP0335] /mnt/c/Users/david/OneDrive/Documents/psu/510/GitHub/project/m2/rtl/systolic_array_64x64.sv:43:32: Compile generate block "work@top_small.u_core.u_accel_top.gen_lane[0].u_engine.u_pipe.u_array.gen_row[2]".
[INF:CP0335] /mnt/c/Users/david/OneDrive/Documents/psu/510/GitHub/project/m2/rtl/systolic_array_64x64.sv:44:34: Compile generate block "work@top_small.u_core.u_accel_top.gen_lane[0].u_engine.u_pipe.u_array.gen_row[2].gen_col[0]".
[INF:CP0335] /mnt/c/Users/david/OneDrive/Documents/psu/510/GitHub/project/m2/rtl/systolic_array_64x64.sv:44:34: Compile generate block "work@top_small.u_core.u_accel_top.gen_lane[0].u_engine.u_pipe.u_array.gen_row[2].gen_col[1]".
[INF:CP0335] /mnt/c/Users/david/OneDrive/Documents/psu/510/GitHub/project/m2/rtl/systolic_array_64x64.sv:44:34: Compile generate block "work@top_small.u_core.u_accel_top.gen_lane[0].u_engine.u_pipe.u_array.gen_row[2].gen_col[2]".
[INF:CP0335] /mnt/c/Users/david/OneDrive/Documents/psu/510/GitHub/project/m2/rtl/systolic_array_64x64.sv:44:34: Compile generate block "work@top_small.u_core.u_accel_top.gen_lane[0].u_engine.u_pipe.u_array.gen_row[2].gen_col[3]".
[INF:CP0335] /mnt/c/Users/david/OneDrive/Documents/psu/510/GitHub/project/m2/rtl/systolic_array_64x64.sv:43:32: Compile generate block "work@top_small.u_core.u_accel_top.gen_lane[0].u_engine.u_pipe.u_array.gen_row[3]".
[INF:CP0335] /mnt/c/Users/david/OneDrive/Documents/psu/510/GitHub/project/m2/rtl/systolic_array_64x64.sv:44:34: Compile generate block "work@top_small.u_core.u_accel_top.gen_lane[0].u_engine.u_pipe.u_array.gen_row[3].gen_col[0]".
[INF:CP0335] /mnt/c/Users/david/OneDrive/Documents/psu/510/GitHub/project/m2/rtl/systolic_array_64x64.sv:44:34: Compile generate block "work@top_small.u_core.u_accel_top.gen_lane[0].u_engine.u_pipe.u_array.gen_row[3].gen_col[1]".
[INF:CP0335] /mnt/c/Users/david/OneDrive/Documents/psu/510/GitHub/project/m2/rtl/systolic_array_64x64.sv:44:34: Compile generate block "work@top_small.u_core.u_accel_top.gen_lane[0].u_engine.u_pipe.u_array.gen_row[3].gen_col[2]".
[INF:CP0335] /mnt/c/Users/david/OneDrive/Documents/psu/510/GitHub/project/m2/rtl/systolic_array_64x64.sv:44:34: Compile generate block "work@top_small.u_core.u_accel_top.gen_lane[0].u_engine.u_pipe.u_array.gen_row[3].gen_col[3]".
[INF:CP0335] /mnt/c/Users/david/OneDrive/Documents/psu/510/GitHub/project/m2/rtl/stream_pipeline.sv:280:43: Compile generate block "work@top_small.u_core.u_accel_top.gen_lane[0].u_engine.u_pipe.gen_sm_scores[0]".
[INF:CP0335] /mnt/c/Users/david/OneDrive/Documents/psu/510/GitHub/project/m2/rtl/stream_pipeline.sv:280:43: Compile generate block "work@top_small.u_core.u_accel_top.gen_lane[0].u_engine.u_pipe.gen_sm_scores[1]".
[INF:CP0335] /mnt/c/Users/david/OneDrive/Documents/psu/510/GitHub/project/m2/rtl/stream_pipeline.sv:280:43: Compile generate block "work@top_small.u_core.u_accel_top.gen_lane[0].u_engine.u_pipe.gen_sm_scores[2]".
[INF:CP0335] /mnt/c/Users/david/OneDrive/Documents/psu/510/GitHub/project/m2/rtl/stream_pipeline.sv:280:43: Compile generate block "work@top_small.u_core.u_accel_top.gen_lane[0].u_engine.u_pipe.gen_sm_scores[3]".
[INF:CP0335] /mnt/c/Users/david/OneDrive/Documents/psu/510/GitHub/project/m2/rtl/tile_buffer.sv:65:40: Compile generate block "work@top_small.u_core.u_accel_top.gen_lane[0].u_engine.u_buf_out.gen_rd_port[0]".
[INF:CP0335] /mnt/c/Users/david/OneDrive/Documents/psu/510/GitHub/project/m2/rtl/scratchpad_ctrl.sv:56:37: Compile generate block "work@top_small.u_core.u_accel_top.gen_lane[0].u_bank.gen_bank[0]".
[INF:CP0335] /mnt/c/Users/david/OneDrive/Documents/psu/510/GitHub/project/m2/rtl/scratchpad_ctrl.sv:56:37: Compile generate block "work@top_small.u_core.u_accel_top.gen_lane[0].u_bank.gen_bank[1]".
[NTE:EL0503] /mnt/c/Users/david/OneDrive/Documents/psu/510/GitHub/project/m3/synth/top_small.sv:22:1: Top level module "work@top_small".
[NTE:EL0508] Nb Top level modules: 1.
[NTE:EL0509] Max instance depth: 10.
[NTE:EL0510] Nb instances: 38.
[NTE:EL0511] Nb leaf instances: 1.
[INF:UH0706] Creating UHDM Model...
[WRN:UH0732] /mnt/c/Users/david/OneDrive/Documents/psu/510/GitHub/project/m3/synth/accel_engine.sv:114:22: Critical: Signed vs Unsigned port connection "out_rd_data".
[WRN:UH0733] /mnt/c/Users/david/OneDrive/Documents/psu/510/GitHub/project/m3/synth/accel_engine.sv:114:22: Critical: Forcing signal to unsigned type due to unsigned port binding "out_rd_data".
[  FATAL] : 0
[ SYNTAX] : 0
[  ERROR] : 0
[WARNING] : 2
[   NOTE] : 5
Warning: Removing unelaborated module: \tile_writer from the design.
Warning: Removing unelaborated module: \mac_pe from the design.
Warning: Removing unelaborated module: \divider_or_reciprocal_unit from the design.
Warning: Removing unelaborated module: \pipeline_stage from the design.
Warning: Removing unelaborated module: \perf_counter_block from the design.
Warning: Removing unelaborated module: \fused_postproc_unit from the design.
Warning: Removing unelaborated module: \dma_engine from the design.
Warning: Removing unelaborated module: \causal_mask_unit from the design.
Warning: Removing unelaborated module: \double_buffer_ctrl from the design.
Warning: Removing unelaborated module: \compute_core from the design.
Warning: Removing unelaborated module: \scratchpad_ctrl from the design.
Warning: Removing unelaborated module: \stream_mux from the design.
Warning: Removing unelaborated module: \accel_controller from the design.
Warning: Removing unelaborated module: \systolic_array_64x64 from the design.
Warning: Removing unelaborated module: \accel_top from the design.
Warning: Removing unelaborated module: \chiplet_interface from the design.
Warning: Removing unelaborated module: \mode_decoder from the design.
Warning: Removing unelaborated module: \tile_buffer from the design.
Warning: Removing unelaborated module: \tile_dispatcher from the design.
Warning: Removing unelaborated module: \gelu_unit from the design.
Warning: Removing unelaborated module: \sram_bank from the design.
Warning: Removing unelaborated module: \csr_block from the design.
Warning: Removing unelaborated module: \adder_tree from the design.
Warning: Removing unelaborated module: \exp_lut from the design.
Warning: Removing unelaborated module: \skid_buffer from the design.
Warning: Removing unelaborated module: \tile_scheduler from the design.
Warning: Removing unelaborated module: \softmax_unit from the design.
Warning: Removing unelaborated module: \gelu_grad_unit from the design.
Warning: Removing unelaborated module: \stream_pipeline from the design.
Warning: Removing unelaborated module: \tile_loader from the design.
Warning: Removing unelaborated module: \gelu_lut from the design.
Warning: Removing unelaborated module: \accel_engine from the design.
Warning: Removing unelaborated module: \address_gen from the design.
ERROR: Assert `arg->is_signed == sig.as_wire()->is_signed' failed in frontends/ast/genrtlil.cc:2132.
