============================================================
  Generated by:           Genus(TM) Synthesis Solution 21.12-s068_1
  Generated on:           May 16 2026  10:13:11 pm
  Module:                 gelu_grad_unit
  Operating conditions:   _nominal_ (balanced_tree)
  Wireload mode:          enclosed
  Area mode:              timing library
============================================================

                                   
    Gate      Instances    Area            Library         
-----------------------------------------------------------
AND2X1_RVT         2789   5670.461    saed32rvt_tt0p85v25c 
AND2X2_RVT           41     93.779    saed32rvt_tt0p85v25c 
AND2X4_RVT           29     81.072    saed32rvt_tt0p85v25c 
AND3X1_RVT          477   1091.040    saed32rvt_tt0p85v25c 
AND3X2_RVT           15     38.122    saed32rvt_tt0p85v25c 
AND4X1_RVT          188    477.791    saed32rvt_tt0p85v25c 
AND4X2_RVT            5     19.061    saed32rvt_tt0p85v25c 
AO21X1_RVT         1777   4516.139    saed32rvt_tt0p85v25c 
AO21X2_RVT           13     36.343    saed32rvt_tt0p85v25c 
AO221X1_RVT          90    274.476    saed32rvt_tt0p85v25c 
AO221X2_RVT           8     26.431    saed32rvt_tt0p85v25c 
AO222X1_RVT          24     79.293    saed32rvt_tt0p85v25c 
AO222X2_RVT           1      3.558    saed32rvt_tt0p85v25c 
AO22X1_RVT         4108  10440.236    saed32rvt_tt0p85v25c 
AO22X2_RVT           17     47.525    saed32rvt_tt0p85v25c 
AOI21X1_RVT         120    365.967    saed32rvt_tt0p85v25c 
AOI21X2_RVT           8     26.431    saed32rvt_tt0p85v25c 
AOI221X1_RVT         16     56.928    saed32rvt_tt0p85v25c 
AOI221X2_RVT          1      3.812    saed32rvt_tt0p85v25c 
AOI222X1_RVT          3     11.436    saed32rvt_tt0p85v25c 
AOI22X1_RVT          67    204.332    saed32rvt_tt0p85v25c 
AOI22X2_RVT           1      3.304    saed32rvt_tt0p85v25c 
DEC24X1_RVT           9     54.895    saed32rvt_tt0p85v25c 
DEC24X2_RVT          11     78.276    saed32rvt_tt0p85v25c 
DELLN1X2_RVT        319   1621.439    saed32rvt_tt0p85v25c 
DELLN2X2_RVT          6     39.646    saed32rvt_tt0p85v25c 
DELLN3X2_RVT          2     19.315    saed32rvt_tt0p85v25c 
DFFARX1_RVT          28    199.249    saed32rvt_tt0p85v25c 
DFFARX2_RVT           1      7.624    saed32rvt_tt0p85v25c 
FADDX1_RVT         3220  15548.530    saed32rvt_tt0p85v25c 
FADDX2_RVT            5     26.685    saed32rvt_tt0p85v25c 
HADDX1_RVT          391   1291.814    saed32rvt_tt0p85v25c 
HADDX2_RVT            4     15.249    saed32rvt_tt0p85v25c 
IBUFFX16_RVT         18    118.939    saed32rvt_tt0p85v25c 
IBUFFX2_RVT         113    287.183    saed32rvt_tt0p85v25c 
IBUFFX32_RVT          9    105.216    saed32rvt_tt0p85v25c 
IBUFFX4_RVT          30     91.492    saed32rvt_tt0p85v25c 
IBUFFX8_RVT          26    112.332    saed32rvt_tt0p85v25c 
INVX0_RVT          1669   2120.832    saed32rvt_tt0p85v25c 
INVX16_RVT           29    147.404    saed32rvt_tt0p85v25c 
INVX1_RVT          2604   3308.955    saed32rvt_tt0p85v25c 
INVX2_RVT           658   1003.361    saed32rvt_tt0p85v25c 
INVX32_RVT            7     64.044    saed32rvt_tt0p85v25c 
INVX4_RVT           286    581.481    saed32rvt_tt0p85v25c 
INVX8_RVT            41    125.039    saed32rvt_tt0p85v25c 
MUX21X1_RVT         196    647.559    saed32rvt_tt0p85v25c 
MUX21X2_RVT          13     46.254    saed32rvt_tt0p85v25c 
NAND2X0_RVT        3480   5306.527    saed32rvt_tt0p85v25c 
NAND2X1_RVT          51    129.613    saed32rvt_tt0p85v25c 
NAND2X2_RVT          14     39.138    saed32rvt_tt0p85v25c 
NAND2X4_RVT          41    135.459    saed32rvt_tt0p85v25c 
NAND3X0_RVT        1203   2140.147    saed32rvt_tt0p85v25c 
NAND3X1_RVT          37    103.437    saed32rvt_tt0p85v25c 
NAND3X2_RVT          41    125.039    saed32rvt_tt0p85v25c 
NAND4X0_RVT         398    809.194    saed32rvt_tt0p85v25c 
NAND4X1_RVT          61    186.033    saed32rvt_tt0p85v25c 
NBUFFX16_RVT          2     12.199    saed32rvt_tt0p85v25c 
NBUFFX2_RVT         785   1596.024    saed32rvt_tt0p85v25c 
NBUFFX32_RVT          4     42.696    saed32rvt_tt0p85v25c 
NBUFFX4_RVT         394   1001.327    saed32rvt_tt0p85v25c 
NBUFFX8_RVT          53    202.044    saed32rvt_tt0p85v25c 
NOR2X0_RVT           88    223.647    saed32rvt_tt0p85v25c 
NOR2X2_RVT            2      5.591    saed32rvt_tt0p85v25c 
NOR2X4_RVT            1      3.304    saed32rvt_tt0p85v25c 
NOR3X0_RVT            6     16.774    saed32rvt_tt0p85v25c 
NOR3X1_RVT            1      2.796    saed32rvt_tt0p85v25c 
NOR4X1_RVT           13     39.646    saed32rvt_tt0p85v25c 
OA21X1_RVT         1949   4953.267    saed32rvt_tt0p85v25c 
OA21X2_RVT           10     27.956    saed32rvt_tt0p85v25c 
OA221X1_RVT         152    463.559    saed32rvt_tt0p85v25c 
OA221X2_RVT           6     19.823    saed32rvt_tt0p85v25c 
OA222X1_RVT          36    118.939    saed32rvt_tt0p85v25c 
OA22X1_RVT          994   2526.191    saed32rvt_tt0p85v25c 
OA22X2_RVT            6     16.774    saed32rvt_tt0p85v25c 
OAI21X1_RVT          32     97.591    saed32rvt_tt0p85v25c 
OAI21X2_RVT           3      9.912    saed32rvt_tt0p85v25c 
OAI221X1_RVT         12     42.696    saed32rvt_tt0p85v25c 
OAI221X2_RVT         10     38.122    saed32rvt_tt0p85v25c 
OAI222X1_RVT          1      3.812    saed32rvt_tt0p85v25c 
OAI22X1_RVT          60    182.984    saed32rvt_tt0p85v25c 
OAI22X2_RVT          27     89.205    saed32rvt_tt0p85v25c 
OR2X1_RVT          1530   3110.723    saed32rvt_tt0p85v25c 
OR2X2_RVT           208    475.758    saed32rvt_tt0p85v25c 
OR2X4_RVT             6     16.774    saed32rvt_tt0p85v25c 
OR3X1_RVT            73    185.525    saed32rvt_tt0p85v25c 
OR3X2_RVT             8     20.332    saed32rvt_tt0p85v25c 
OR3X4_RVT             1      4.066    saed32rvt_tt0p85v25c 
OR4X1_RVT             1      3.558    saed32rvt_tt0p85v25c 
SDFFARX1_RVT        552   5050.350    saed32rvt_tt0p85v25c 
SDFFARX2_RVT         42    405.614    saed32rvt_tt0p85v25c 
SDFFASX1_RVT          1      9.149    saed32rvt_tt0p85v25c 
XNOR2X1_RVT         146    630.785    saed32rvt_tt0p85v25c 
XNOR2X2_RVT          87    397.990    saed32rvt_tt0p85v25c 
XNOR3X1_RVT         111    677.040    saed32rvt_tt0p85v25c 
XNOR3X2_RVT          17    108.011    saed32rvt_tt0p85v25c 
XOR2X1_RVT            1      4.320    saed32rvt_tt0p85v25c 
XOR2X2_RVT           14     64.044    saed32rvt_tt0p85v25c 
XOR3X1_RVT          227   1615.339    saed32rvt_tt0p85v25c 
XOR3X2_RVT          283   2085.760    saed32rvt_tt0p85v25c 
-----------------------------------------------------------
total             32774  86806.950                         


                                          
     Type      Instances    Area   Area % 
------------------------------------------
sequential           624  5671.986    6.5 
inverter            5490  8066.276    9.3 
buffer              1565  4534.691    5.2 
logic              25095 68533.996   78.9 
physical_cells         0     0.000    0.0 
------------------------------------------
total              32774 86806.950  100.0 

