============================================================
  Generated by:           Genus(TM) Synthesis Solution 21.12-s068_1
  Generated on:           May 16 2026  10:13:11 pm
  Module:                 gelu_grad_unit
  Operating conditions:   _nominal_ (balanced_tree)
  Wireload mode:          enclosed
  Area mode:              timing library
============================================================

Timing
--------

Clock Period 
-------------
clk   1000.0 


  Cost    Critical                Violating 
 Group   Path Slack      TNS        Paths   
--------------------------------------------
clk        -14678.1   -1171009.6        343 
default    No paths          0.0            
--------------------------------------------
Total                 -1171009.6        343 

Instance Count
--------------
Leaf Instance Count             32774 
Physical Instance count             0 
Sequential Instance Count         624 
Combinational Instance Count    32150 
Hierarchical Instance Count         0 

Area
----
Cell Area                          86806.950
Physical Cell Area                 0.000
Total Cell Area (Cell+Physical)    86806.950
Net Area                           0.000
Total Area (Cell+Physical+Net)     86806.950

Max Fanout                         624 (clk)
Min Fanout                         0 (s2_z[29])
Average Fanout                     2.3
Terms to net ratio                 3.3552
Terms to instance ratio            3.6696
Runtime                            5802.640733999991 seconds
Elapsed Runtime                    5683 seconds
Genus peak memory usage            1775.44 
Innovus peak memory usage          no_value 
Hostname                           phobos.ece.pdx.edu
