============================================================
  Generated by:           Genus(TM) Synthesis Solution 21.12-s068_1
  Generated on:           May 16 2026  03:42:36 pm
  Module:                 systolic_array_64x64_ROWS1_COLS1_DATA_WIDTH32
  Operating conditions:   _nominal_ (balanced_tree)
  Wireload mode:          enclosed
  Area mode:              timing library
============================================================

                                 
    Gate     Instances    Area           Library         
---------------------------------------------------------
AND2X1_RVT         128   260.243    saed32rvt_tt0p85v25c 
AND3X1_RVT           5    11.436    saed32rvt_tt0p85v25c 
AND4X1_RVT           7    17.790    saed32rvt_tt0p85v25c 
AO21X1_RVT          76   193.149    saed32rvt_tt0p85v25c 
AO222X1_RVT          1     3.304    saed32rvt_tt0p85v25c 
AO22X1_RVT          38    96.575    saed32rvt_tt0p85v25c 
AO22X2_RVT           1     2.796    saed32rvt_tt0p85v25c 
AOI21X1_RVT          2     6.099    saed32rvt_tt0p85v25c 
AOI22X1_RVT          4    12.199    saed32rvt_tt0p85v25c 
DFFARX1_RVT         24   170.785    saed32rvt_tt0p85v25c 
FADDX1_RVT          24   115.890    saed32rvt_tt0p85v25c 
FADDX2_RVT           1     5.337    saed32rvt_tt0p85v25c 
HADDX1_RVT           6    19.823    saed32rvt_tt0p85v25c 
IBUFFX2_RVT          1     2.541    saed32rvt_tt0p85v25c 
INVX0_RVT           45    57.182    saed32rvt_tt0p85v25c 
INVX1_RVT           51    64.807    saed32rvt_tt0p85v25c 
INVX2_RVT            5     7.624    saed32rvt_tt0p85v25c 
INVX4_RVT            1     2.033    saed32rvt_tt0p85v25c 
MUX21X2_RVT          1     3.558    saed32rvt_tt0p85v25c 
NAND2X0_RVT        135   205.857    saed32rvt_tt0p85v25c 
NAND2X2_RVT          2     5.591    saed32rvt_tt0p85v25c 
NAND3X0_RVT         66   117.415    saed32rvt_tt0p85v25c 
NAND3X1_RVT          1     2.796    saed32rvt_tt0p85v25c 
NAND4X0_RVT         13    26.431    saed32rvt_tt0p85v25c 
NAND4X1_RVT          1     3.050    saed32rvt_tt0p85v25c 
NBUFFX2_RVT         13    26.431    saed32rvt_tt0p85v25c 
NBUFFX4_RVT          6    15.249    saed32rvt_tt0p85v25c 
NOR2X0_RVT           9    22.873    saed32rvt_tt0p85v25c 
NOR2X4_RVT           1     3.304    saed32rvt_tt0p85v25c 
NOR3X0_RVT           1     2.796    saed32rvt_tt0p85v25c 
OA21X1_RVT          21    53.370    saed32rvt_tt0p85v25c 
OA221X1_RVT          1     3.050    saed32rvt_tt0p85v25c 
OA22X1_RVT           6    15.249    saed32rvt_tt0p85v25c 
OAI21X1_RVT          1     3.050    saed32rvt_tt0p85v25c 
OR2X1_RVT           38    77.260    saed32rvt_tt0p85v25c 
OR2X2_RVT            5    11.436    saed32rvt_tt0p85v25c 
OR3X1_RVT            6    15.249    saed32rvt_tt0p85v25c 
XNOR2X1_RVT          1     4.320    saed32rvt_tt0p85v25c 
XNOR2X2_RVT          1     4.575    saed32rvt_tt0p85v25c 
XOR3X2_RVT          22   162.144    saed32rvt_tt0p85v25c 
---------------------------------------------------------
total              771  1834.666                         


                                         
     Type      Instances   Area   Area % 
-----------------------------------------
sequential            24  170.785    9.3 
inverter             103  134.188    7.3 
buffer                19   41.680    2.3 
logic                625 1488.013   81.1 
physical_cells         0    0.000    0.0 
-----------------------------------------
total                771 1834.666  100.0 

