============================================================
  Generated by:           Genus(TM) Synthesis Solution 21.12-s068_1
  Generated on:           May 16 2026  03:42:36 pm
  Module:                 systolic_array_64x64_ROWS1_COLS1_DATA_WIDTH32
  Operating conditions:   _nominal_ (balanced_tree)
  Wireload mode:          enclosed
  Area mode:              timing library
============================================================

Timing
--------

Clock Period 
-------------
clk   1000.0 


  Cost    Critical              Violating 
 Group   Path Slack     TNS       Paths   
------------------------------------------
clk          -560.4   -10695.0         23 
default    No paths        0.0            
------------------------------------------
Total                 -10695.0         23 

Instance Count
--------------
Leaf Instance Count             771 
Physical Instance count           0 
Sequential Instance Count        24 
Combinational Instance Count    747 
Hierarchical Instance Count       0 

Area
----
Cell Area                          1834.666
Physical Cell Area                 0.000
Total Cell Area (Cell+Physical)    1834.666
Net Area                           0.000
Total Area (Cell+Physical+Net)     1834.666

Max Fanout                         44 (n_3634)
Min Fanout                         0 (a_in[0][0])
Average Fanout                     2.1
Terms to net ratio                 2.9876
Terms to instance ratio            3.4293
Runtime                            141.96826299999998 seconds
Elapsed Runtime                    147 seconds
Genus peak memory usage            1195.09 
Innovus peak memory usage          no_value 
Hostname                           phobos.ece.pdx.edu
