============================================================
  Generated by:           Genus(TM) Synthesis Solution 21.12-s068_1
  Generated on:           May 16 2026  03:42:36 pm
  Module:                 systolic_array_64x64_ROWS1_COLS1_DATA_WIDTH32
  Operating conditions:   _nominal_ (balanced_tree)
  Wireload mode:          enclosed
  Area mode:              timing library
============================================================


Path 1: VIOLATED (-560 ps) Setup Check with Pin gen_row[0].gen_col[0].u_pe_acc_r_reg[31]/CLK->D
          Group: clk
     Startpoint: (R) a_in[0][23]
          Clock: (R) clk
       Endpoint: (R) gen_row[0].gen_col[0].u_pe_acc_r_reg[31]/D
          Clock: (R) clk

                     Capture       Launch     
        Clock Edge:+    1000            0     
        Drv Adjust:+       0            6     
       Src Latency:+       0            0     
       Net Latency:+       0 (I)        0 (I) 
           Arrival:=    1000            6     
                                              
             Setup:-      53                  
       Uncertainty:-      50                  
     Required Time:=     897                  
      Launch Clock:-       6                  
       Input Delay:-     300                  
         Data Path:-    1151                  
             Slack:=    -560                  

Exceptions/Constraints:
  input_delay             300             in_del_10_1 

#---------------------------------------------------------------------------------------------------------------------
#               Timing Point                 Flags   Arc   Edge    Cell      Fanout Load Trans Delay Arrival Instance 
#                                                                                   (fF)  (ps)  (ps)   (ps)  Location 
#---------------------------------------------------------------------------------------------------------------------
  a_in[0][23]                                -       -     R     (arrival)        3  1.7    18     0     306    (-,-) 
  g67/Y                                      -       A2->Y R     AND2X1_RVT       1  0.6    21    45     351    (-,-) 
  g63/Y                                      -       A4->Y F     NAND4X0_RVT      1  0.6    54    56     407    (-,-) 
  g3376__2398/Y                              -       A2->Y F     OA21X1_RVT       1  1.4    32    77     484    (-,-) 
  g4561/Y                                    -       A->Y  R     INVX2_RVT        7  3.5    27    31     514    (-,-) 
  g3368__4774/Y                              -       A1->Y R     AO21X1_RVT       7  4.2    56    88     603    (-,-) 
  g4725/Y                                    -       A1->Y R     AND2X1_RVT       1  1.9    34    60     663    (-,-) 
  g4724/S                                    -       B->S  F     FADDX1_RVT       1  1.5    42   137     799    (-,-) 
  g5663/S                                    -       CI->S R     FADDX2_RVT       4  3.8    50   174     974    (-,-) 
  g5757/Y                                    -       A2->Y R     XOR3X2_RVT       3  1.8    43   156    1129    (-,-) 
  g5672/Y                                    -       A2->Y R     OR2X2_RVT        4  2.4    30    60    1189    (-,-) 
  fopt5597/Y                                 -       A->Y  R     NBUFFX2_RVT      5  2.9    28    49    1238    (-,-) 
  g4770/Y                                    -       A2->Y F     NAND3X0_RVT      1  0.6    46    43    1280    (-,-) 
  g14/Y                                      -       A1->Y F     AO21X1_RVT       2  1.1    27    80    1360    (-,-) 
  g4742/Y                                    -       A1->Y F     AO21X1_RVT       1  0.6    24    66    1427    (-,-) 
  g323/Y                                     -       A1->Y R     NAND3X0_RVT      1  0.6    39    30    1457    (-,-) 
  gen_row[0].gen_col[0].u_pe_acc_r_reg[31]/D -       -     R     DFFARX1_RVT      1    -     -     0    1457    (-,-) 
#---------------------------------------------------------------------------------------------------------------------



Path 2: VIOLATED (-560 ps) Setup Check with Pin gen_row[0].gen_col[0].u_pe_acc_r_reg[27]/CLK->D
          Group: clk
     Startpoint: (R) a_in[0][23]
          Clock: (R) clk
       Endpoint: (R) gen_row[0].gen_col[0].u_pe_acc_r_reg[27]/D
          Clock: (R) clk

                     Capture       Launch     
        Clock Edge:+    1000            0     
        Drv Adjust:+       0            6     
       Src Latency:+       0            0     
       Net Latency:+       0 (I)        0 (I) 
           Arrival:=    1000            6     
                                              
             Setup:-      53                  
       Uncertainty:-      50                  
     Required Time:=     897                  
      Launch Clock:-       6                  
       Input Delay:-     300                  
         Data Path:-    1151                  
             Slack:=    -560                  

Exceptions/Constraints:
  input_delay             300             in_del_10_1 

#----------------------------------------------------------------------------------------------------------------------
#               Timing Point                 Flags    Arc   Edge    Cell      Fanout Load Trans Delay Arrival Instance 
#                                                                                    (fF)  (ps)  (ps)   (ps)  Location 
#----------------------------------------------------------------------------------------------------------------------
  a_in[0][23]                                -       -      R     (arrival)        3  1.7    18     0     306    (-,-) 
  g67/Y                                      -       A2->Y  R     AND2X1_RVT       1  0.6    21    45     351    (-,-) 
  g63/Y                                      -       A4->Y  F     NAND4X0_RVT      1  0.6    54    56     407    (-,-) 
  g3376__2398/Y                              -       A2->Y  F     OA21X1_RVT       1  1.4    32    77     484    (-,-) 
  g4561/Y                                    -       A->Y   R     INVX2_RVT        7  3.5    27    31     514    (-,-) 
  g3367__4633/Y                              -       A1->Y  R     AO21X1_RVT       8  4.8    61    92     606    (-,-) 
  g321/Y                                     -       A1->Y  R     AND2X1_RVT       1  1.5    31    58     664    (-,-) 
  g320/CO                                    -       CI->CO R     FADDX1_RVT       3  2.6    53    93     758    (-,-) 
  g287/Y                                     -       A2->Y  R     OR2X1_RVT        1  0.5    22    52     810    (-,-) 
  g284/Y                                     -       A1->Y  R     AO21X1_RVT       1  1.5    35    69     879    (-,-) 
  g5662/CO                                   -       CI->CO R     FADDX1_RVT       4  3.5    60   102     980    (-,-) 
  g5757/Y                                    -       A1->Y  F     XOR3X2_RVT       3  1.8    50   158    1138    (-,-) 
  g5672/Y                                    -       A2->Y  F     OR2X2_RVT        4  2.2    29    64    1202    (-,-) 
  g4943/Y                                    -       A2->Y  F     AND2X1_RVT       2  1.2    24    55    1257    (-,-) 
  g5589/Y                                    -       A1->Y  F     AO21X1_RVT       3  1.6    31    72    1329    (-,-) 
  g5591/Y                                    -       A3->Y  R     NAND3X0_RVT      1  0.7    36    39    1368    (-,-) 
  g5190/Y                                    -       A1->Y  F     NAND4X0_RVT      1  0.6    56    44    1411    (-,-) 
  g5189/Y                                    -       A1->Y  R     NAND3X0_RVT      1  0.6    39    46    1457    (-,-) 
  gen_row[0].gen_col[0].u_pe_acc_r_reg[27]/D -       -      R     DFFARX1_RVT      1    -     -     0    1457    (-,-) 
#----------------------------------------------------------------------------------------------------------------------



Path 3: VIOLATED (-560 ps) Setup Check with Pin gen_row[0].gen_col[0].u_pe_acc_r_reg[28]/CLK->D
          Group: clk
     Startpoint: (R) a_in[0][23]
          Clock: (R) clk
       Endpoint: (R) gen_row[0].gen_col[0].u_pe_acc_r_reg[28]/D
          Clock: (R) clk

                     Capture       Launch     
        Clock Edge:+    1000            0     
        Drv Adjust:+       0            6     
       Src Latency:+       0            0     
       Net Latency:+       0 (I)        0 (I) 
           Arrival:=    1000            6     
                                              
             Setup:-      52                  
       Uncertainty:-      50                  
     Required Time:=     898                  
      Launch Clock:-       6                  
       Input Delay:-     300                  
         Data Path:-    1152                  
             Slack:=    -560                  

Exceptions/Constraints:
  input_delay             300             in_del_10_1 

#----------------------------------------------------------------------------------------------------------------------
#               Timing Point                 Flags    Arc   Edge    Cell      Fanout Load Trans Delay Arrival Instance 
#                                                                                    (fF)  (ps)  (ps)   (ps)  Location 
#----------------------------------------------------------------------------------------------------------------------
  a_in[0][23]                                -       -      R     (arrival)        3  1.7    18     0     306    (-,-) 
  g67/Y                                      -       A2->Y  R     AND2X1_RVT       1  0.6    21    45     351    (-,-) 
  g63/Y                                      -       A4->Y  F     NAND4X0_RVT      1  0.6    54    56     407    (-,-) 
  g3376__2398/Y                              -       A2->Y  F     OA21X1_RVT       1  1.4    32    77     484    (-,-) 
  g4561/Y                                    -       A->Y   R     INVX2_RVT        7  3.5    27    31     514    (-,-) 
  g3367__4633/Y                              -       A1->Y  R     AO21X1_RVT       8  4.8    61    92     606    (-,-) 
  g321/Y                                     -       A1->Y  R     AND2X1_RVT       1  1.5    31    58     664    (-,-) 
  g320/CO                                    -       CI->CO R     FADDX1_RVT       3  2.6    53    93     758    (-,-) 
  g287/Y                                     -       A2->Y  R     OR2X1_RVT        1  0.5    22    52     810    (-,-) 
  g284/Y                                     -       A1->Y  R     AO21X1_RVT       1  1.5    35    69     879    (-,-) 
  g5662/CO                                   -       CI->CO R     FADDX1_RVT       4  3.5    60   102     980    (-,-) 
  g5625/Y                                    -       A2->Y  R     OR2X1_RVT        2  1.0    26    58    1038    (-,-) 
  g4765_dup/Y                                -       A1->Y  R     AO21X1_RVT       4  2.4    42    77    1115    (-,-) 
  g210/Y                                     -       A3->Y  R     OA22X1_RVT       4  2.3    42    79    1194    (-,-) 
  g4943/Y                                    -       A1->Y  R     AND2X1_RVT       2  1.0    26    51    1245    (-,-) 
  g5589/Y                                    -       A1->Y  R     AO21X1_RVT       3  1.6    36    71    1315    (-,-) 
  g123/Y                                     -       A1->Y  F     NAND3X0_RVT      2  1.1    57    47    1362    (-,-) 
  g4016/Y                                    -       A3->Y  F     AO22X1_RVT       1  0.6    24    61    1423    (-,-) 
  g5595/Y                                    -       A1->Y  R     NAND2X0_RVT      1  0.6    36    35    1458    (-,-) 
  gen_row[0].gen_col[0].u_pe_acc_r_reg[28]/D -       -      R     DFFARX1_RVT      1    -     -     0    1458    (-,-) 
#----------------------------------------------------------------------------------------------------------------------



Path 4: VIOLATED (-560 ps) Setup Check with Pin gen_row[0].gen_col[0].u_pe_acc_r_reg[29]/CLK->D
          Group: clk
     Startpoint: (R) a_in[0][23]
          Clock: (R) clk
       Endpoint: (F) gen_row[0].gen_col[0].u_pe_acc_r_reg[29]/D
          Clock: (R) clk

                     Capture       Launch     
        Clock Edge:+    1000            0     
        Drv Adjust:+       0            6     
       Src Latency:+       0            0     
       Net Latency:+       0 (I)        0 (I) 
           Arrival:=    1000            6     
                                              
             Setup:-      38                  
       Uncertainty:-      50                  
     Required Time:=     912                  
      Launch Clock:-       6                  
       Input Delay:-     300                  
         Data Path:-    1165                  
             Slack:=    -560                  

Exceptions/Constraints:
  input_delay             300             in_del_10_1 

#----------------------------------------------------------------------------------------------------------------------
#               Timing Point                 Flags    Arc   Edge    Cell      Fanout Load Trans Delay Arrival Instance 
#                                                                                    (fF)  (ps)  (ps)   (ps)  Location 
#----------------------------------------------------------------------------------------------------------------------
  a_in[0][23]                                -       -      R     (arrival)        3  1.7    18     0     306    (-,-) 
  g67/Y                                      -       A2->Y  R     AND2X1_RVT       1  0.6    21    45     351    (-,-) 
  g63/Y                                      -       A4->Y  F     NAND4X0_RVT      1  0.6    54    56     407    (-,-) 
  g3376__2398/Y                              -       A2->Y  F     OA21X1_RVT       1  1.4    32    77     484    (-,-) 
  g4561/Y                                    -       A->Y   R     INVX2_RVT        7  3.5    27    31     514    (-,-) 
  g3367__4633/Y                              -       A1->Y  R     AO21X1_RVT       8  4.8    61    92     606    (-,-) 
  g321/Y                                     -       A1->Y  R     AND2X1_RVT       1  1.5    31    58     664    (-,-) 
  g320/CO                                    -       CI->CO R     FADDX1_RVT       3  2.6    53    93     758    (-,-) 
  g4751/Y                                    -       A2->Y  F     XOR3X2_RVT       3  2.1    51   166     923    (-,-) 
  g4175/Y                                    -       A1->Y  F     XOR3X2_RVT       4  2.4    52   156    1079    (-,-) 
  g81_5640/Y                                 -       A2->Y  F     OR2X2_RVT        3  1.7    28    63    1142    (-,-) 
  g4904_dup5817/Y                            -       A1->Y  F     AO21X1_RVT       2  1.0    27    69    1212    (-,-) 
  g5656/Y                                    -       A3->Y  F     AO21X1_RVT       4  2.4    36    55    1267    (-,-) 
  g4596/Y                                    -       A1->Y  R     NAND2X0_RVT      2  1.1    47    48    1315    (-,-) 
  g4955/Y                                    -       A1->Y  R     OA21X1_RVT       1  0.6    27    69    1384    (-,-) 
  g60/Y                                      -       A4->Y  R     AO22X1_RVT       1  0.6    29    59    1442    (-,-) 
  g59/Y                                      -       A1->Y  F     NAND2X0_RVT      1  0.6    31    29    1471    (-,-) 
  gen_row[0].gen_col[0].u_pe_acc_r_reg[29]/D -       -      F     DFFARX1_RVT      1    -     -     0    1471    (-,-) 
#----------------------------------------------------------------------------------------------------------------------



Path 5: VIOLATED (-559 ps) Setup Check with Pin gen_row[0].gen_col[0].u_pe_acc_r_reg[24]/CLK->D
          Group: clk
     Startpoint: (R) a_in[0][23]
          Clock: (R) clk
       Endpoint: (R) gen_row[0].gen_col[0].u_pe_acc_r_reg[24]/D
          Clock: (R) clk

                     Capture       Launch     
        Clock Edge:+    1000            0     
        Drv Adjust:+       0            6     
       Src Latency:+       0            0     
       Net Latency:+       0 (I)        0 (I) 
           Arrival:=    1000            6     
                                              
             Setup:-      52                  
       Uncertainty:-      50                  
     Required Time:=     898                  
      Launch Clock:-       6                  
       Input Delay:-     300                  
         Data Path:-    1150                  
             Slack:=    -559                  

Exceptions/Constraints:
  input_delay             300             in_del_10_1 

#---------------------------------------------------------------------------------------------------------------------
#               Timing Point                 Flags   Arc   Edge    Cell      Fanout Load Trans Delay Arrival Instance 
#                                                                                   (fF)  (ps)  (ps)   (ps)  Location 
#---------------------------------------------------------------------------------------------------------------------
  a_in[0][23]                                -       -     R     (arrival)        3  1.7    18     0     306    (-,-) 
  g67/Y                                      -       A2->Y R     AND2X1_RVT       1  0.6    21    45     351    (-,-) 
  g63/Y                                      -       A4->Y F     NAND4X0_RVT      1  0.6    54    56     407    (-,-) 
  g3376__2398/Y                              -       A2->Y F     OA21X1_RVT       1  1.4    32    77     484    (-,-) 
  g4561/Y                                    -       A->Y  R     INVX2_RVT        7  3.5    27    31     514    (-,-) 
  g34/Y                                      -       A1->Y R     AO21X1_RVT       6  3.4    50    83     598    (-,-) 
  g5704/Y                                    -       A2->Y R     AND2X1_RVT       1  1.9    32    63     660    (-,-) 
  g4697/S                                    -       B->S  F     FADDX1_RVT       1  1.9    45   140     800    (-,-) 
  g5663/CO                                   -       B->CO F     FADDX2_RVT       4  2.3    41    90     889    (-,-) 
  g4180/Y                                    -       A->Y  R     INVX0_RVT        1  0.5    25    29     918    (-,-) 
  g4178/Y                                    -       A2->Y R     AO22X1_RVT       2  1.1    33    75     993    (-,-) 
  g490/Y                                     -       A3->Y R     OA21X1_RVT       2  1.3    32    60    1053    (-,-) 
  g4915/Y                                    -       A2->Y R     OR2X2_RVT        4  2.3    28    55    1108    (-,-) 
  g500/Y                                     -       A->Y  F     INVX1_RVT        2  1.2    22    21    1129    (-,-) 
  g213/Y                                     -       A1->Y F     AND2X1_RVT       2  1.2    24    49    1177    (-,-) 
  g73/Y                                      -       A2->Y F     OA21X1_RVT       2  1.1    29    63    1240    (-,-) 
  g44/Y                                      -       A1->Y F     AND2X1_RVT       4  2.3    32    58    1299    (-,-) 
  g40/Y                                      -       A1->Y F     AO21X1_RVT       2  1.1    28    73    1372    (-,-) 
  g80/Y                                      -       A3->Y F     AO22X1_RVT       1  0.6    27    48    1420    (-,-) 
  g4289/Y                                    -       A1->Y R     NAND2X0_RVT      1  0.6    35    36    1456    (-,-) 
  gen_row[0].gen_col[0].u_pe_acc_r_reg[24]/D -       -     R     DFFARX1_RVT      1    -     -     0    1456    (-,-) 
#---------------------------------------------------------------------------------------------------------------------



Path 6: VIOLATED (-558 ps) Setup Check with Pin gen_row[0].gen_col[0].u_pe_acc_r_reg[25]/CLK->D
          Group: clk
     Startpoint: (R) a_in[0][23]
          Clock: (R) clk
       Endpoint: (R) gen_row[0].gen_col[0].u_pe_acc_r_reg[25]/D
          Clock: (R) clk

                     Capture       Launch     
        Clock Edge:+    1000            0     
        Drv Adjust:+       0            6     
       Src Latency:+       0            0     
       Net Latency:+       0 (I)        0 (I) 
           Arrival:=    1000            6     
                                              
             Setup:-      52                  
       Uncertainty:-      50                  
     Required Time:=     898                  
      Launch Clock:-       6                  
       Input Delay:-     300                  
         Data Path:-    1150                  
             Slack:=    -558                  

Exceptions/Constraints:
  input_delay             300             in_del_10_1 

#----------------------------------------------------------------------------------------------------------------------
#               Timing Point                 Flags    Arc   Edge    Cell      Fanout Load Trans Delay Arrival Instance 
#                                                                                    (fF)  (ps)  (ps)   (ps)  Location 
#----------------------------------------------------------------------------------------------------------------------
  a_in[0][23]                                -       -      R     (arrival)        3  1.7    18     0     306    (-,-) 
  g67/Y                                      -       A2->Y  R     AND2X1_RVT       1  0.6    21    45     351    (-,-) 
  g63/Y                                      -       A4->Y  F     NAND4X0_RVT      1  0.6    54    56     407    (-,-) 
  g3376__2398/Y                              -       A2->Y  F     OA21X1_RVT       1  1.4    32    77     484    (-,-) 
  g4561/Y                                    -       A->Y   R     INVX2_RVT        7  3.5    27    31     514    (-,-) 
  g3367__4633/Y                              -       A1->Y  R     AO21X1_RVT       8  4.8    61    92     606    (-,-) 
  g321/Y                                     -       A1->Y  R     AND2X1_RVT       1  1.5    31    58     664    (-,-) 
  g320/CO                                    -       CI->CO R     FADDX1_RVT       3  2.6    53    93     758    (-,-) 
  g287/Y                                     -       A2->Y  R     OR2X1_RVT        1  0.5    22    52     810    (-,-) 
  g284/Y                                     -       A1->Y  R     AO21X1_RVT       1  1.5    35    69     879    (-,-) 
  g5662/CO                                   -       CI->CO R     FADDX1_RVT       4  3.5    60   102     980    (-,-) 
  g5757/Y                                    -       A1->Y  F     XOR3X2_RVT       3  1.8    50   158    1138    (-,-) 
  g5672/Y                                    -       A2->Y  F     OR2X2_RVT        4  2.2    29    64    1202    (-,-) 
  g24/Y                                      -       A2->Y  F     AND2X1_RVT       3  1.8    28    59    1261    (-,-) 
  g47_0/Y                                    -       A1->Y  R     NAND2X0_RVT      2  1.1    51    44    1305    (-,-) 
  g5697/Y                                    -       A1->Y  F     NAND2X0_RVT      2  1.1    48    41    1346    (-,-) 
  g5280/Y                                    -       A1->Y  F     AO21X1_RVT       1  0.5    24    77    1422    (-,-) 
  g5113/Y                                    -       A3->Y  R     NAND3X0_RVT      1  0.6    35    34    1457    (-,-) 
  gen_row[0].gen_col[0].u_pe_acc_r_reg[25]/D -       -      R     DFFARX1_RVT      1    -     -     0    1457    (-,-) 
#----------------------------------------------------------------------------------------------------------------------



Path 7: VIOLATED (-558 ps) Setup Check with Pin gen_row[0].gen_col[0].u_pe_acc_r_reg[26]/CLK->D
          Group: clk
     Startpoint: (R) a_in[0][23]
          Clock: (R) clk
       Endpoint: (R) gen_row[0].gen_col[0].u_pe_acc_r_reg[26]/D
          Clock: (R) clk

                     Capture       Launch     
        Clock Edge:+    1000            0     
        Drv Adjust:+       0            6     
       Src Latency:+       0            0     
       Net Latency:+       0 (I)        0 (I) 
           Arrival:=    1000            6     
                                              
             Setup:-      53                  
       Uncertainty:-      50                  
     Required Time:=     897                  
      Launch Clock:-       6                  
       Input Delay:-     300                  
         Data Path:-    1149                  
             Slack:=    -558                  

Exceptions/Constraints:
  input_delay             300             in_del_10_1 

#---------------------------------------------------------------------------------------------------------------------
#               Timing Point                 Flags   Arc   Edge    Cell      Fanout Load Trans Delay Arrival Instance 
#                                                                                   (fF)  (ps)  (ps)   (ps)  Location 
#---------------------------------------------------------------------------------------------------------------------
  a_in[0][23]                                -       -     R     (arrival)        3  1.7    18     0     306    (-,-) 
  g67/Y                                      -       A2->Y R     AND2X1_RVT       1  0.6    21    45     351    (-,-) 
  g63/Y                                      -       A4->Y F     NAND4X0_RVT      1  0.6    54    56     407    (-,-) 
  g3376__2398/Y                              -       A2->Y F     OA21X1_RVT       1  1.4    32    77     484    (-,-) 
  g4561/Y                                    -       A->Y  R     INVX2_RVT        7  3.5    27    31     514    (-,-) 
  g34/Y                                      -       A1->Y R     AO21X1_RVT       6  3.4    50    83     598    (-,-) 
  g5704/Y                                    -       A2->Y R     AND2X1_RVT       1  1.9    32    63     660    (-,-) 
  g4697/S                                    -       B->S  F     FADDX1_RVT       1  1.9    45   140     800    (-,-) 
  g5663/CO                                   -       B->CO F     FADDX2_RVT       4  2.3    41    90     889    (-,-) 
  g4180/Y                                    -       A->Y  R     INVX0_RVT        1  0.5    25    29     918    (-,-) 
  g4178/Y                                    -       A2->Y R     AO22X1_RVT       2  1.1    33    75     993    (-,-) 
  g490/Y                                     -       A3->Y R     OA21X1_RVT       2  1.3    32    60    1053    (-,-) 
  g4915/Y                                    -       A2->Y R     OR2X2_RVT        4  2.3    28    55    1108    (-,-) 
  g500/Y                                     -       A->Y  F     INVX1_RVT        2  1.2    22    21    1129    (-,-) 
  g213/Y                                     -       A1->Y F     AND2X1_RVT       2  1.2    24    49    1177    (-,-) 
  g73/Y                                      -       A2->Y F     OA21X1_RVT       2  1.1    29    63    1240    (-,-) 
  g44/Y                                      -       A1->Y F     AND2X1_RVT       4  2.3    32    58    1299    (-,-) 
  g5696/Y                                    -       A1->Y F     AO21X1_RVT       2  1.2    28    74    1372    (-,-) 
  g4876/Y                                    -       A3->Y F     AO22X1_RVT       1  0.6    23    49    1421    (-,-) 
  g5592/Y                                    -       A1->Y R     NAND2X0_RVT      1  0.6    39    34    1455    (-,-) 
  gen_row[0].gen_col[0].u_pe_acc_r_reg[26]/D -       -     R     DFFARX1_RVT      1    -     -     0    1455    (-,-) 
#---------------------------------------------------------------------------------------------------------------------



Path 8: VIOLATED (-556 ps) Setup Check with Pin gen_row[0].gen_col[0].u_pe_acc_r_reg[20]/CLK->D
          Group: clk
     Startpoint: (R) a_in[0][23]
          Clock: (R) clk
       Endpoint: (R) gen_row[0].gen_col[0].u_pe_acc_r_reg[20]/D
          Clock: (R) clk

                     Capture       Launch     
        Clock Edge:+    1000            0     
        Drv Adjust:+       0            6     
       Src Latency:+       0            0     
       Net Latency:+       0 (I)        0 (I) 
           Arrival:=    1000            6     
                                              
             Setup:-      52                  
       Uncertainty:-      50                  
     Required Time:=     898                  
      Launch Clock:-       6                  
       Input Delay:-     300                  
         Data Path:-    1148                  
             Slack:=    -556                  

Exceptions/Constraints:
  input_delay             300             in_del_10_1 

#----------------------------------------------------------------------------------------------------------------------------------------------
#                           Timing Point                             Flags    Arc   Edge    Cell      Fanout Load Trans Delay Arrival Instance 
#                                                                                                            (fF)  (ps)  (ps)   (ps)  Location 
#----------------------------------------------------------------------------------------------------------------------------------------------
  a_in[0][23]                                                        -       -      R     (arrival)        3  1.7    18     0     306    (-,-) 
  g67/Y                                                              -       A2->Y  R     AND2X1_RVT       1  0.6    21    45     351    (-,-) 
  g63/Y                                                              -       A4->Y  F     NAND4X0_RVT      1  0.6    54    56     407    (-,-) 
  g3376__2398/Y                                                      -       A2->Y  F     OA21X1_RVT       1  1.4    32    77     484    (-,-) 
  g4561/Y                                                            -       A->Y   R     INVX2_RVT        7  3.5    27    31     514    (-,-) 
  g3370__4634/Y                                                      -       A1->Y  R     AO21X1_RVT       5  3.0    47    81     595    (-,-) 
  gen_row[0].gen_col[0].u_pe_csa_tree_add_99_24_groupi_g2132__4567/Y -       A1->Y  F     NAND2X0_RVT      1  1.5    55    45     640    (-,-) 
  g4724/S                                                            -       CI->S  R     FADDX1_RVT       1  1.5    41   148     788    (-,-) 
  g5663/CO                                                           -       CI->CO R     FADDX2_RVT       4  2.3    46    95     883    (-,-) 
  g5258/Y                                                            -       A3->Y  R     AO22X1_RVT       1  1.1    33    65     948    (-,-) 
  g218/Y                                                             -       A1->Y  F     XOR3X2_RVT       4  3.0    53   151    1099    (-,-) 
  g216/Y                                                             -       A->Y   R     INVX2_RVT        3  1.6    31    31    1130    (-,-) 
  g37/Y                                                              -       A3->Y  R     AO21X1_RVT       5  2.5    43    55    1185    (-,-) 
  g4757/Y                                                            -       A3->Y  R     OA21X1_RVT       4  2.1    38    69    1254    (-,-) 
  g335/Y                                                             -       A3->Y  R     OA21X1_RVT       3  1.7    35    64    1318    (-,-) 
  g4532/Y                                                            -       A1->Y  F     NAND2X0_RVT      1  0.5    31    28    1347    (-,-) 
  g4531/Y                                                            -       A1->Y  F     OA21X1_RVT       1  0.6    26    72    1418    (-,-) 
  g4959/Y                                                            -       A1->Y  R     NAND2X0_RVT      1  0.6    36    36    1454    (-,-) 
  gen_row[0].gen_col[0].u_pe_acc_r_reg[20]/D                         -       -      R     DFFARX1_RVT      1    -     -     0    1454    (-,-) 
#----------------------------------------------------------------------------------------------------------------------------------------------



Path 9: VIOLATED (-555 ps) Setup Check with Pin gen_row[0].gen_col[0].u_pe_acc_r_reg[21]/CLK->D
          Group: clk
     Startpoint: (R) a_in[0][23]
          Clock: (R) clk
       Endpoint: (R) gen_row[0].gen_col[0].u_pe_acc_r_reg[21]/D
          Clock: (R) clk

                     Capture       Launch     
        Clock Edge:+    1000            0     
        Drv Adjust:+       0            6     
       Src Latency:+       0            0     
       Net Latency:+       0 (I)        0 (I) 
           Arrival:=    1000            6     
                                              
             Setup:-      54                  
       Uncertainty:-      50                  
     Required Time:=     896                  
      Launch Clock:-       6                  
       Input Delay:-     300                  
         Data Path:-    1145                  
             Slack:=    -555                  

Exceptions/Constraints:
  input_delay             300             in_del_10_1 

#----------------------------------------------------------------------------------------------------------------------
#               Timing Point                 Flags    Arc   Edge    Cell      Fanout Load Trans Delay Arrival Instance 
#                                                                                    (fF)  (ps)  (ps)   (ps)  Location 
#----------------------------------------------------------------------------------------------------------------------
  a_in[0][23]                                -       -      R     (arrival)        3  1.7    18     0     306    (-,-) 
  g67/Y                                      -       A2->Y  R     AND2X1_RVT       1  0.6    21    45     351    (-,-) 
  g63/Y                                      -       A4->Y  F     NAND4X0_RVT      1  0.6    54    56     407    (-,-) 
  g3376__2398/Y                              -       A2->Y  F     OA21X1_RVT       1  1.4    32    77     484    (-,-) 
  g4561/Y                                    -       A->Y   R     INVX2_RVT        7  3.5    27    31     514    (-,-) 
  g3367__4633/Y                              -       A1->Y  R     AO21X1_RVT       8  4.8    61    92     606    (-,-) 
  g321/Y                                     -       A1->Y  R     AND2X1_RVT       1  1.5    31    58     664    (-,-) 
  g320/CO                                    -       CI->CO R     FADDX1_RVT       3  2.6    53    93     758    (-,-) 
  g287/Y                                     -       A2->Y  R     OR2X1_RVT        1  0.5    22    52     810    (-,-) 
  g284/Y                                     -       A1->Y  R     AO21X1_RVT       1  1.5    35    69     879    (-,-) 
  g5662/S                                    -       CI->S  F     FADDX1_RVT       2  1.4    42   133    1011    (-,-) 
  g5353/Y                                    -       A->Y   R     INVX1_RVT        1  0.9    27    29    1040    (-,-) 
  g4659/Y                                    -       A3->Y  F     XOR3X2_RVT       2  1.3    48    64    1105    (-,-) 
  fopt5760/Y                                 -       A->Y   R     INVX1_RVT        4  2.3    38    42    1147    (-,-) 
  g5777/Y                                    -       A4->Y  R     OA22X1_RVT       2  1.2    34    64    1210    (-,-) 
  g28/Y                                      -       A1->Y  R     AND2X1_RVT       3  1.7    30    54    1264    (-,-) 
  g4330/Y                                    -       A1->Y  F     NAND2X0_RVT      3  1.7    51    44    1308    (-,-) 
  g4535/Y                                    -       A2->Y  R     NAND2X0_RVT      2  1.1    51    59    1367    (-,-) 
  g69/Y                                      -       A1->Y  F     NAND3X0_RVT      1  0.6    51    41    1408    (-,-) 
  g238/Y                                     -       A1->Y  R     NAND3X0_RVT      1  0.6    40    43    1452    (-,-) 
  gen_row[0].gen_col[0].u_pe_acc_r_reg[21]/D -       -      R     DFFARX1_RVT      1    -     -     0    1452    (-,-) 
#----------------------------------------------------------------------------------------------------------------------



Path 10: VIOLATED (-553 ps) Setup Check with Pin gen_row[0].gen_col[0].u_pe_acc_r_reg[19]/CLK->D
          Group: clk
     Startpoint: (R) a_in[0][23]
          Clock: (R) clk
       Endpoint: (R) gen_row[0].gen_col[0].u_pe_acc_r_reg[19]/D
          Clock: (R) clk

                     Capture       Launch     
        Clock Edge:+    1000            0     
        Drv Adjust:+       0            6     
       Src Latency:+       0            0     
       Net Latency:+       0 (I)        0 (I) 
           Arrival:=    1000            6     
                                              
             Setup:-      57                  
       Uncertainty:-      50                  
     Required Time:=     893                  
      Launch Clock:-       6                  
       Input Delay:-     300                  
         Data Path:-    1140                  
             Slack:=    -553                  

Exceptions/Constraints:
  input_delay             300             in_del_10_1 

#----------------------------------------------------------------------------------------------------------------------------------------------
#                           Timing Point                             Flags    Arc   Edge    Cell      Fanout Load Trans Delay Arrival Instance 
#                                                                                                            (fF)  (ps)  (ps)   (ps)  Location 
#----------------------------------------------------------------------------------------------------------------------------------------------
  a_in[0][23]                                                        -       -      R     (arrival)        3  1.7    18     0     306    (-,-) 
  g67/Y                                                              -       A2->Y  R     AND2X1_RVT       1  0.6    21    45     351    (-,-) 
  g63/Y                                                              -       A4->Y  F     NAND4X0_RVT      1  0.6    54    56     407    (-,-) 
  g3376__2398/Y                                                      -       A2->Y  F     OA21X1_RVT       1  1.4    32    77     484    (-,-) 
  g4561/Y                                                            -       A->Y   R     INVX2_RVT        7  3.5    27    31     514    (-,-) 
  g3367__4633/Y                                                      -       A1->Y  R     AO21X1_RVT       8  4.8    61    92     606    (-,-) 
  g70/Y                                                              -       A1->Y  R     AND2X1_RVT       1  1.5    31    58     664    (-,-) 
  g105/S                                                             -       CI->S  F     FADDX1_RVT       1  1.5    42   132     797    (-,-) 
  g186/CO                                                            -       CI->CO F     FADDX1_RVT       2  1.4    37    82     879    (-,-) 
  g5314/Y                                                            -       A2->Y  F     AO21X1_RVT       3  2.2    34    86     965    (-,-) 
  g5318/Y                                                            -       A1->Y  F     XOR3X2_RVT       6  3.2    54   152    1117    (-,-) 
  fopt5599/Y                                                         -       A->Y   F     NBUFFX2_RVT      3  1.8    26    59    1176    (-,-) 
  gen_row[0].gen_col[0].u_pe_csa_tree_add_99_24_groupi_g1975__5629/Y -       A2->Y  F     OR2X2_RVT        4  2.3    27    56    1231    (-,-) 
  g979/Y                                                             -       A2->Y  R     NOR3X0_RVT       1  0.5    20    89    1321    (-,-) 
  g976/Y                                                             -       A2->Y  F     AOI22X1_RVT      1  0.6    20    88    1408    (-,-) 
  g975/Y                                                             -       A3->Y  R     NAND4X0_RVT      1  0.6    49    38    1446    (-,-) 
  gen_row[0].gen_col[0].u_pe_acc_r_reg[19]/D                         -       -      R     DFFARX1_RVT      1    -     -     0    1446    (-,-) 
#----------------------------------------------------------------------------------------------------------------------------------------------

