701. Printing statistics.

=== top_small ===

   Number of wires:              38948
   Number of wire bits:          39148
   Number of public wires:        6984
   Number of public wire bits:    7184
   Number of ports:                 14
   Number of port bits:            214
   Number of memories:               0
   Number of memory bits:            0
   Number of processes:              0
   Number of cells:              38971
     sky130_fd_sc_hd__a2111o_2      39
     sky130_fd_sc_hd__a2111oi_2      6
     sky130_fd_sc_hd__a211o_2      451
     sky130_fd_sc_hd__a211oi_2     260
     sky130_fd_sc_hd__a21bo_2      304
     sky130_fd_sc_hd__a21boi_2      52
     sky130_fd_sc_hd__a21o_2      1312
     sky130_fd_sc_hd__a21oi_2      896
     sky130_fd_sc_hd__a221o_2      784
     sky130_fd_sc_hd__a221oi_2       1
     sky130_fd_sc_hd__a22o_2      1804
     sky130_fd_sc_hd__a22oi_2      391
     sky130_fd_sc_hd__a2bb2o_2     112
     sky130_fd_sc_hd__a2bb2oi_2      5
     sky130_fd_sc_hd__a311o_2       67
     sky130_fd_sc_hd__a311oi_2       4
     sky130_fd_sc_hd__a31o_2       602
     sky130_fd_sc_hd__a31oi_2       30
     sky130_fd_sc_hd__a32o_2       139
     sky130_fd_sc_hd__a32oi_2        6
     sky130_fd_sc_hd__a41o_2        45
     sky130_fd_sc_hd__a41oi_2        1
     sky130_fd_sc_hd__and2_2       998
     sky130_fd_sc_hd__and2b_2      580
     sky130_fd_sc_hd__and3_2      1012
     sky130_fd_sc_hd__and3b_2       73
     sky130_fd_sc_hd__and4_2       568
     sky130_fd_sc_hd__and4b_2       65
     sky130_fd_sc_hd__and4bb_2      40
     sky130_fd_sc_hd__conb_1         1
     sky130_fd_sc_hd__dfrtp_2     2549
     sky130_fd_sc_hd__dfstp_2        1
     sky130_fd_sc_hd__dfxtp_2     4270
     sky130_fd_sc_hd__inv_2        521
     sky130_fd_sc_hd__mux2_1      7384
     sky130_fd_sc_hd__mux4_2         1
     sky130_fd_sc_hd__nand2_2     2296
     sky130_fd_sc_hd__nand2b_2     439
     sky130_fd_sc_hd__nand3_2      600
     sky130_fd_sc_hd__nand3b_2      49
     sky130_fd_sc_hd__nand4_2      231
     sky130_fd_sc_hd__nand4b_2       3
     sky130_fd_sc_hd__nor2_2      2012
     sky130_fd_sc_hd__nor3_2       222
     sky130_fd_sc_hd__nor3b_2       30
     sky130_fd_sc_hd__nor4_2        15
     sky130_fd_sc_hd__o2111a_2      26
     sky130_fd_sc_hd__o2111ai_2      9
     sky130_fd_sc_hd__o211a_2      494
     sky130_fd_sc_hd__o211ai_2     209
     sky130_fd_sc_hd__o21a_2       656
     sky130_fd_sc_hd__o21ai_2      590
     sky130_fd_sc_hd__o21ba_2      249
     sky130_fd_sc_hd__o21bai_2     123
     sky130_fd_sc_hd__o221a_2      181
     sky130_fd_sc_hd__o221ai_2      11
     sky130_fd_sc_hd__o22a_2       206
     sky130_fd_sc_hd__o22ai_2       19
     sky130_fd_sc_hd__o2bb2a_2     125
     sky130_fd_sc_hd__o2bb2ai_2      3
     sky130_fd_sc_hd__o311a_2      108
     sky130_fd_sc_hd__o311ai_2       6
     sky130_fd_sc_hd__o31a_2        90
     sky130_fd_sc_hd__o31ai_2       31
     sky130_fd_sc_hd__o32a_2        75
     sky130_fd_sc_hd__o32ai_2        3
     sky130_fd_sc_hd__o41a_2         9
     sky130_fd_sc_hd__or2_2       1130
     sky130_fd_sc_hd__or3_2        473
     sky130_fd_sc_hd__or3b_2       147
     sky130_fd_sc_hd__or4_2        181
     sky130_fd_sc_hd__or4b_2        39
     sky130_fd_sc_hd__or4bb_2       22
     sky130_fd_sc_hd__xnor2_2     1821
     sky130_fd_sc_hd__xor2_2       664

   Chip area for module '\top_small': 473893.251200
     of which used for sequential elements: 157826.368000 (33.30%)

