# ==============================================
#  M2 Compute Core Simulation
# ==============================================
# QuestaSim-64 vmap 2021.3_1 Lib Mapping Utility 2021.08 Aug 15 2021
# vmap work work 
# Modifying modelsim.ini
# ../rtl
# >>> Compiling RTL...
# QuestaSim-64 vlog 2021.3_1 Compiler 2021.08 Aug 15 2021
# Start time: 20:52:35 on May 01,2026
# vlog -reportprogress 300 -sv ../rtl/accel_pkg.sv 
# -- Compiling package accel_pkg
# 
# Top level modules:
# 	--none--
# End time: 20:52:35 on May 01,2026, Elapsed time: 0:00:00
# Errors: 0, Warnings: 0
# QuestaSim-64 vlog 2021.3_1 Compiler 2021.08 Aug 15 2021
# Start time: 20:52:35 on May 01,2026
# vlog -reportprogress 300 -sv ../rtl/stream_if.sv 
# -- Compiling interface stream_if
# -- Importing package accel_pkg
# 
# Top level modules:
# 	--none--
# End time: 20:52:35 on May 01,2026, Elapsed time: 0:00:00
# Errors: 0, Warnings: 0
# QuestaSim-64 vlog 2021.3_1 Compiler 2021.08 Aug 15 2021
# Start time: 20:52:35 on May 01,2026
# vlog -reportprogress 300 -sv ../rtl/sram_if.sv 
# -- Compiling interface sram_if
# 
# Top level modules:
# 	--none--
# End time: 20:52:35 on May 01,2026, Elapsed time: 0:00:00
# Errors: 0, Warnings: 0
# QuestaSim-64 vlog 2021.3_1 Compiler 2021.08 Aug 15 2021
# Start time: 20:52:35 on May 01,2026
# vlog -reportprogress 300 -sv ../rtl/cmd_if.sv 
# -- Compiling interface cmd_if
# -- Importing package accel_pkg
# 
# Top level modules:
# 	--none--
# End time: 20:52:35 on May 01,2026, Elapsed time: 0:00:00
# Errors: 0, Warnings: 0
# QuestaSim-64 vlog 2021.3_1 Compiler 2021.08 Aug 15 2021
# Start time: 20:52:35 on May 01,2026
# vlog -reportprogress 300 -sv ../rtl/tile_if.sv 
# -- Compiling interface tile_if
# -- Importing package accel_pkg
# 
# Top level modules:
# 	--none--
# End time: 20:52:35 on May 01,2026, Elapsed time: 0:00:00
# Errors: 0, Warnings: 0
# QuestaSim-64 vlog 2021.3_1 Compiler 2021.08 Aug 15 2021
# Start time: 20:52:36 on May 01,2026
# vlog -reportprogress 300 -sv ../rtl/ctrl_if.sv 
# -- Compiling interface ctrl_if
# -- Importing package accel_pkg
# 
# Top level modules:
# 	--none--
# End time: 20:52:36 on May 01,2026, Elapsed time: 0:00:00
# Errors: 0, Warnings: 0
# QuestaSim-64 vlog 2021.3_1 Compiler 2021.08 Aug 15 2021
# Start time: 20:52:36 on May 01,2026
# vlog -reportprogress 300 -sv ../rtl/status_if.sv 
# -- Compiling interface status_if
# 
# Top level modules:
# 	--none--
# End time: 20:52:36 on May 01,2026, Elapsed time: 0:00:00
# Errors: 0, Warnings: 0
# QuestaSim-64 vlog 2021.3_1 Compiler 2021.08 Aug 15 2021
# Start time: 20:52:36 on May 01,2026
# vlog -reportprogress 300 -sv ../rtl/mac_pe.sv 
# -- Compiling module mac_pe
# -- Importing package accel_pkg
# 
# Top level modules:
# 	mac_pe
# End time: 20:52:36 on May 01,2026, Elapsed time: 0:00:00
# Errors: 0, Warnings: 0
# QuestaSim-64 vlog 2021.3_1 Compiler 2021.08 Aug 15 2021
# Start time: 20:52:36 on May 01,2026
# vlog -reportprogress 300 -sv ../rtl/systolic_array_64x64.sv 
# -- Compiling module systolic_array_64x64
# -- Importing package accel_pkg
# ** Warning: ../rtl/systolic_array_64x64.sv(16): (vlog-13314) Defaulting port 'a_in' kind to 'var' rather than 'wire' due to default compile option setting of -svinputport=relaxed.
# ** Warning: ../rtl/systolic_array_64x64.sv(19): (vlog-13314) Defaulting port 'b_in' kind to 'var' rather than 'wire' due to default compile option setting of -svinputport=relaxed.
# 
# Top level modules:
# 	systolic_array_64x64
# End time: 20:52:36 on May 01,2026, Elapsed time: 0:00:00
# Errors: 0, Warnings: 2
# QuestaSim-64 vlog 2021.3_1 Compiler 2021.08 Aug 15 2021
# Start time: 20:52:36 on May 01,2026
# vlog -reportprogress 300 -sv ../rtl/gelu_lut.sv 
# -- Compiling module gelu_lut
# -- Importing package accel_pkg
# 
# Top level modules:
# 	gelu_lut
# End time: 20:52:36 on May 01,2026, Elapsed time: 0:00:00
# Errors: 0, Warnings: 0
# QuestaSim-64 vlog 2021.3_1 Compiler 2021.08 Aug 15 2021
# Start time: 20:52:36 on May 01,2026
# vlog -reportprogress 300 -sv ../rtl/exp_lut.sv 
# -- Compiling module exp_lut
# -- Importing package accel_pkg
# 
# Top level modules:
# 	exp_lut
# End time: 20:52:37 on May 01,2026, Elapsed time: 0:00:01
# Errors: 0, Warnings: 0
# QuestaSim-64 vlog 2021.3_1 Compiler 2021.08 Aug 15 2021
# Start time: 20:52:37 on May 01,2026
# vlog -reportprogress 300 -sv ../rtl/adder_tree.sv 
# -- Compiling module adder_tree
# -- Importing package accel_pkg
# ** Warning: ../rtl/adder_tree.sv(11): (vlog-13314) Defaulting port 'in_data' kind to 'var' rather than 'wire' due to default compile option setting of -svinputport=relaxed.
# 
# Top level modules:
# 	adder_tree
# End time: 20:52:37 on May 01,2026, Elapsed time: 0:00:00
# Errors: 0, Warnings: 1
# QuestaSim-64 vlog 2021.3_1 Compiler 2021.08 Aug 15 2021
# Start time: 20:52:37 on May 01,2026
# vlog -reportprogress 300 -sv ../rtl/gelu_unit.sv 
# -- Compiling module gelu_unit
# -- Importing package accel_pkg
# 
# Top level modules:
# 	gelu_unit
# End time: 20:52:37 on May 01,2026, Elapsed time: 0:00:00
# Errors: 0, Warnings: 0
# QuestaSim-64 vlog 2021.3_1 Compiler 2021.08 Aug 15 2021
# Start time: 20:52:37 on May 01,2026
# vlog -reportprogress 300 -sv ../rtl/gelu_grad_unit.sv 
# -- Compiling module gelu_grad_unit
# -- Importing package accel_pkg
# 
# Top level modules:
# 	gelu_grad_unit
# End time: 20:52:37 on May 01,2026, Elapsed time: 0:00:00
# Errors: 0, Warnings: 0
# QuestaSim-64 vlog 2021.3_1 Compiler 2021.08 Aug 15 2021
# Start time: 20:52:37 on May 01,2026
# vlog -reportprogress 300 -sv ../rtl/softmax_unit.sv 
# -- Compiling module softmax_unit
# -- Importing package accel_pkg
# ** Warning: ../rtl/softmax_unit.sv(19): (vlog-13314) Defaulting port 'scores_in' kind to 'var' rather than 'wire' due to default compile option setting of -svinputport=relaxed.
# 
# Top level modules:
# 	softmax_unit
# End time: 20:52:37 on May 01,2026, Elapsed time: 0:00:00
# Errors: 0, Warnings: 1
# QuestaSim-64 vlog 2021.3_1 Compiler 2021.08 Aug 15 2021
# Start time: 20:52:37 on May 01,2026
# vlog -reportprogress 300 -sv ../rtl/causal_mask_unit.sv 
# -- Compiling module causal_mask_unit
# -- Importing package accel_pkg
# ** Warning: ../rtl/causal_mask_unit.sv(9): (vlog-13314) Defaulting port 'data_in' kind to 'var' rather than 'wire' due to default compile option setting of -svinputport=relaxed.
# 
# Top level modules:
# 	causal_mask_unit
# End time: 20:52:37 on May 01,2026, Elapsed time: 0:00:00
# Errors: 0, Warnings: 1
# QuestaSim-64 vlog 2021.3_1 Compiler 2021.08 Aug 15 2021
# Start time: 20:52:37 on May 01,2026
# vlog -reportprogress 300 -sv ../rtl/divider_or_reciprocal_unit.sv 
# -- Compiling module divider_or_reciprocal_unit
# -- Importing package accel_pkg
# 
# Top level modules:
# 	divider_or_reciprocal_unit
# End time: 20:52:38 on May 01,2026, Elapsed time: 0:00:01
# Errors: 0, Warnings: 0
# QuestaSim-64 vlog 2021.3_1 Compiler 2021.08 Aug 15 2021
# Start time: 20:52:38 on May 01,2026
# vlog -reportprogress 300 -sv ../rtl/fused_postproc_unit.sv 
# -- Compiling module fused_postproc_unit
# -- Importing package accel_pkg
# 
# Top level modules:
# 	fused_postproc_unit
# End time: 20:52:38 on May 01,2026, Elapsed time: 0:00:00
# Errors: 0, Warnings: 0
# QuestaSim-64 vlog 2021.3_1 Compiler 2021.08 Aug 15 2021
# Start time: 20:52:38 on May 01,2026
# vlog -reportprogress 300 -sv ../rtl/pipeline_stage.sv 
# -- Compiling module pipeline_stage
# -- Importing package accel_pkg
# 
# Top level modules:
# 	pipeline_stage
# End time: 20:52:38 on May 01,2026, Elapsed time: 0:00:00
# Errors: 0, Warnings: 0
# QuestaSim-64 vlog 2021.3_1 Compiler 2021.08 Aug 15 2021
# Start time: 20:52:38 on May 01,2026
# vlog -reportprogress 300 -sv ../rtl/skid_buffer.sv 
# -- Compiling module skid_buffer
# -- Importing package accel_pkg
# 
# Top level modules:
# 	skid_buffer
# End time: 20:52:38 on May 01,2026, Elapsed time: 0:00:00
# Errors: 0, Warnings: 0
# QuestaSim-64 vlog 2021.3_1 Compiler 2021.08 Aug 15 2021
# Start time: 20:52:38 on May 01,2026
# vlog -reportprogress 300 -sv ../rtl/stream_mux.sv 
# -- Compiling module stream_mux
# -- Importing package accel_pkg
# ** Warning: ../rtl/stream_mux.sv(11): (vlog-13314) Defaulting port 'in_data' kind to 'var' rather than 'wire' due to default compile option setting of -svinputport=relaxed.
# ** Warning: ../rtl/stream_mux.sv(12): (vlog-13314) Defaulting port 'in_valid' kind to 'var' rather than 'wire' due to default compile option setting of -svinputport=relaxed.
# 
# Top level modules:
# 	stream_mux
# End time: 20:52:38 on May 01,2026, Elapsed time: 0:00:00
# Errors: 0, Warnings: 2
# QuestaSim-64 vlog 2021.3_1 Compiler 2021.08 Aug 15 2021
# Start time: 20:52:38 on May 01,2026
# vlog -reportprogress 300 -sv ../rtl/tile_loader.sv 
# -- Compiling module tile_loader
# -- Importing package accel_pkg
# 
# Top level modules:
# 	tile_loader
# End time: 20:52:39 on May 01,2026, Elapsed time: 0:00:01
# Errors: 0, Warnings: 0
# QuestaSim-64 vlog 2021.3_1 Compiler 2021.08 Aug 15 2021
# Start time: 20:52:39 on May 01,2026
# vlog -reportprogress 300 -sv ../rtl/tile_writer.sv 
# -- Compiling module tile_writer
# -- Importing package accel_pkg
# 
# Top level modules:
# 	tile_writer
# End time: 20:52:39 on May 01,2026, Elapsed time: 0:00:00
# Errors: 0, Warnings: 0
# QuestaSim-64 vlog 2021.3_1 Compiler 2021.08 Aug 15 2021
# Start time: 20:52:39 on May 01,2026
# vlog -reportprogress 300 -sv ../rtl/sram_bank.sv 
# -- Compiling module sram_bank
# -- Importing package accel_pkg
# 
# Top level modules:
# 	sram_bank
# End time: 20:52:39 on May 01,2026, Elapsed time: 0:00:00
# Errors: 0, Warnings: 0
# QuestaSim-64 vlog 2021.3_1 Compiler 2021.08 Aug 15 2021
# Start time: 20:52:39 on May 01,2026
# vlog -reportprogress 300 -sv ../rtl/scratchpad_ctrl.sv 
# -- Compiling module scratchpad_ctrl
# -- Importing package accel_pkg
# 
# Top level modules:
# 	scratchpad_ctrl
# End time: 20:52:39 on May 01,2026, Elapsed time: 0:00:00
# Errors: 0, Warnings: 0
# QuestaSim-64 vlog 2021.3_1 Compiler 2021.08 Aug 15 2021
# Start time: 20:52:39 on May 01,2026
# vlog -reportprogress 300 -sv ../rtl/address_gen.sv 
# -- Compiling module address_gen
# -- Importing package accel_pkg
# 
# Top level modules:
# 	address_gen
# End time: 20:52:39 on May 01,2026, Elapsed time: 0:00:00
# Errors: 0, Warnings: 0
# QuestaSim-64 vlog 2021.3_1 Compiler 2021.08 Aug 15 2021
# Start time: 20:52:39 on May 01,2026
# vlog -reportprogress 300 -sv ../rtl/dma_engine.sv 
# -- Compiling module dma_engine
# -- Importing package accel_pkg
# 
# Top level modules:
# 	dma_engine
# End time: 20:52:39 on May 01,2026, Elapsed time: 0:00:00
# Errors: 0, Warnings: 0
# QuestaSim-64 vlog 2021.3_1 Compiler 2021.08 Aug 15 2021
# Start time: 20:52:39 on May 01,2026
# vlog -reportprogress 300 -sv ../rtl/double_buffer_ctrl.sv 
# -- Compiling module double_buffer_ctrl
# -- Importing package accel_pkg
# 
# Top level modules:
# 	double_buffer_ctrl
# End time: 20:52:40 on May 01,2026, Elapsed time: 0:00:01
# Errors: 0, Warnings: 0
# QuestaSim-64 vlog 2021.3_1 Compiler 2021.08 Aug 15 2021
# Start time: 20:52:40 on May 01,2026
# vlog -reportprogress 300 -sv ../rtl/tile_buffer.sv 
# -- Compiling module tile_buffer
# -- Importing package accel_pkg
# ** Warning: ../rtl/tile_buffer.sv(41): (vlog-13314) Defaulting port 'mp_rd_row' kind to 'var' rather than 'wire' due to default compile option setting of -svinputport=relaxed.
# ** Warning: ../rtl/tile_buffer.sv(42): (vlog-13314) Defaulting port 'mp_rd_col' kind to 'var' rather than 'wire' due to default compile option setting of -svinputport=relaxed.
# 
# Top level modules:
# 	tile_buffer
# End time: 20:52:40 on May 01,2026, Elapsed time: 0:00:00
# Errors: 0, Warnings: 2
# QuestaSim-64 vlog 2021.3_1 Compiler 2021.08 Aug 15 2021
# Start time: 20:52:40 on May 01,2026
# vlog -reportprogress 300 -sv ../rtl/stream_pipeline.sv 
# -- Compiling module stream_pipeline
# -- Importing package accel_pkg
# ** Warning: ../rtl/stream_pipeline.sv(45): (vlog-13314) Defaulting port 'a_rd_data' kind to 'var' rather than 'wire' due to default compile option setting of -svinputport=relaxed.
# ** Warning: ../rtl/stream_pipeline.sv(50): (vlog-13314) Defaulting port 'b_rd_data' kind to 'var' rather than 'wire' due to default compile option setting of -svinputport=relaxed.
# 
# Top level modules:
# 	stream_pipeline
# End time: 20:52:40 on May 01,2026, Elapsed time: 0:00:00
# Errors: 0, Warnings: 2
# QuestaSim-64 vlog 2021.3_1 Compiler 2021.08 Aug 15 2021
# Start time: 20:52:40 on May 01,2026
# vlog -reportprogress 300 -sv ../rtl/mode_decoder.sv 
# -- Compiling module mode_decoder
# -- Importing package accel_pkg
# ** Warning: ../rtl/mode_decoder.sv(5): (vlog-13314) Defaulting port 'cmd' kind to 'var' rather than 'wire' due to default compile option setting of -svinputport=relaxed.
# 
# Top level modules:
# 	mode_decoder
# End time: 20:52:40 on May 01,2026, Elapsed time: 0:00:00
# Errors: 0, Warnings: 1
# QuestaSim-64 vlog 2021.3_1 Compiler 2021.08 Aug 15 2021
# Start time: 20:52:40 on May 01,2026
# vlog -reportprogress 300 -sv ../rtl/tile_scheduler.sv 
# -- Compiling module tile_scheduler
# -- Importing package accel_pkg
# 
# Top level modules:
# 	tile_scheduler
# End time: 20:52:40 on May 01,2026, Elapsed time: 0:00:00
# Errors: 0, Warnings: 0
# QuestaSim-64 vlog 2021.3_1 Compiler 2021.08 Aug 15 2021
# Start time: 20:52:40 on May 01,2026
# vlog -reportprogress 300 -sv ../rtl/tile_dispatcher.sv 
# -- Compiling module tile_dispatcher
# -- Importing package accel_pkg
# ** Warning: ../rtl/tile_dispatcher.sv(31): (vlog-13314) Defaulting port 'macro_cmd' kind to 'var' rather than 'wire' due to default compile option setting of -svinputport=relaxed.
# ** Warning: ../rtl/tile_dispatcher.sv(39): (vlog-13314) Defaulting port 'lane_cmd_ready' kind to 'var' rather than 'wire' due to default compile option setting of -svinputport=relaxed.
# ** Warning: ../rtl/tile_dispatcher.sv(40): (vlog-13314) Defaulting port 'lane_done' kind to 'var' rather than 'wire' due to default compile option setting of -svinputport=relaxed.
# 
# Top level modules:
# 	tile_dispatcher
# End time: 20:52:41 on May 01,2026, Elapsed time: 0:00:01
# Errors: 0, Warnings: 3
# QuestaSim-64 vlog 2021.3_1 Compiler 2021.08 Aug 15 2021
# Start time: 20:52:41 on May 01,2026
# vlog -reportprogress 300 -sv ../rtl/accel_controller.sv 
# -- Compiling module accel_controller
# -- Importing package accel_pkg
# ** Warning: ../rtl/accel_controller.sv(25): (vlog-13314) Defaulting port 'cmd' kind to 'var' rather than 'wire' due to default compile option setting of -svinputport=relaxed.
# 
# Top level modules:
# 	accel_controller
# End time: 20:52:41 on May 01,2026, Elapsed time: 0:00:00
# Errors: 0, Warnings: 1
# QuestaSim-64 vlog 2021.3_1 Compiler 2021.08 Aug 15 2021
# Start time: 20:52:41 on May 01,2026
# vlog -reportprogress 300 -sv ../rtl/perf_counter_block.sv 
# -- Compiling module perf_counter_block
# -- Importing package accel_pkg
# 
# Top level modules:
# 	perf_counter_block
# End time: 20:52:41 on May 01,2026, Elapsed time: 0:00:00
# Errors: 0, Warnings: 0
# QuestaSim-64 vlog 2021.3_1 Compiler 2021.08 Aug 15 2021
# Start time: 20:52:41 on May 01,2026
# vlog -reportprogress 300 -sv ../rtl/csr_block.sv 
# -- Compiling module csr_block
# -- Importing package accel_pkg
# 
# Top level modules:
# 	csr_block
# End time: 20:52:41 on May 01,2026, Elapsed time: 0:00:00
# Errors: 0, Warnings: 0
# QuestaSim-64 vlog 2021.3_1 Compiler 2021.08 Aug 15 2021
# Start time: 20:52:41 on May 01,2026
# vlog -reportprogress 300 -sv ../rtl/accel_engine.sv 
# -- Compiling module accel_engine
# -- Importing package accel_pkg
# ** Warning: ../rtl/accel_engine.sv(18): (vlog-13314) Defaulting port 'cmd_in' kind to 'var' rather than 'wire' due to default compile option setting of -svinputport=relaxed.
# 
# Top level modules:
# 	accel_engine
# End time: 20:52:41 on May 01,2026, Elapsed time: 0:00:00
# Errors: 0, Warnings: 1
# QuestaSim-64 vlog 2021.3_1 Compiler 2021.08 Aug 15 2021
# Start time: 20:52:41 on May 01,2026
# vlog -reportprogress 300 -sv ../rtl/accel_top.sv 
# -- Compiling module accel_top
# -- Importing package accel_pkg
# ** Warning: ../rtl/accel_top.sv(37): (vlog-13314) Defaulting port 'macro_cmd_in' kind to 'var' rather than 'wire' due to default compile option setting of -svinputport=relaxed.
# 
# Top level modules:
# 	accel_top
# End time: 20:52:41 on May 01,2026, Elapsed time: 0:00:00
# Errors: 0, Warnings: 1
# QuestaSim-64 vlog 2021.3_1 Compiler 2021.08 Aug 15 2021
# Start time: 20:52:41 on May 01,2026
# vlog -reportprogress 300 -sv ../rtl/accel_chiplet_wrapper.sv 
# -- Compiling module accel_chiplet_wrapper
# -- Importing package accel_pkg
# 
# Top level modules:
# 	accel_chiplet_wrapper
# End time: 20:52:42 on May 01,2026, Elapsed time: 0:00:01
# Errors: 0, Warnings: 0
# QuestaSim-64 vlog 2021.3_1 Compiler 2021.08 Aug 15 2021
# Start time: 20:52:42 on May 01,2026
# vlog -reportprogress 300 -sv ../rtl/compute_core.sv 
# -- Compiling module compute_core
# -- Importing package accel_pkg
# ** Warning: ../rtl/compute_core.sv(57): (vlog-13314) Defaulting port 'macro_cmd_in' kind to 'var' rather than 'wire' due to default compile option setting of -svinputport=relaxed.
# 
# Top level modules:
# 	compute_core
# End time: 20:52:42 on May 01,2026, Elapsed time: 0:00:00
# Errors: 0, Warnings: 1
# QuestaSim-64 vlog 2021.3_1 Compiler 2021.08 Aug 15 2021
# Start time: 20:52:42 on May 01,2026
# vlog -reportprogress 300 -sv ../rtl/interface.sv 
# -- Compiling module chiplet_interface
# -- Importing package accel_pkg
# 
# Top level modules:
# 	chiplet_interface
# End time: 20:52:42 on May 01,2026, Elapsed time: 0:00:00
# Errors: 0, Warnings: 0
# >>> Compiling testbench...
# QuestaSim-64 vlog 2021.3_1 Compiler 2021.08 Aug 15 2021
# Start time: 20:52:42 on May 01,2026
# vlog -reportprogress 300 -sv ../tb/tb_compute_core.sv 
# -- Compiling module tb_compute_core
# -- Importing package accel_pkg
# 
# Top level modules:
# 	tb_compute_core
# End time: 20:52:42 on May 01,2026, Elapsed time: 0:00:00
# Errors: 0, Warnings: 0
# >>> Running tb_compute_core...
# vsim -t 1ps -L work work.tb_compute_core -voptargs=""+acc"" -suppress 3839 "+nowarn3839" -onfinish stop 
# Start time: 20:52:42 on May 01,2026
# ** Note: (vsim-3812) Design is being optimized...
# ** Warning: ../rtl/systolic_array_64x64.sv(16): (vopt-13314) Defaulting port 'a_in' kind to 'var' rather than 'wire' due to default compile option setting of -svinputport=relaxed.
# ** Warning: ../rtl/systolic_array_64x64.sv(19): (vopt-13314) Defaulting port 'b_in' kind to 'var' rather than 'wire' due to default compile option setting of -svinputport=relaxed.
# ** Warning: ../rtl/stream_pipeline.sv(45): (vopt-13314) Defaulting port 'a_rd_data' kind to 'var' rather than 'wire' due to default compile option setting of -svinputport=relaxed.
# ** Warning: ../rtl/stream_pipeline.sv(50): (vopt-13314) Defaulting port 'b_rd_data' kind to 'var' rather than 'wire' due to default compile option setting of -svinputport=relaxed.
# ** Warning: ../rtl/accel_top.sv(37): (vopt-13314) Defaulting port 'macro_cmd_in' kind to 'var' rather than 'wire' due to default compile option setting of -svinputport=relaxed.
# ** Warning: ../rtl/tile_buffer.sv(41): (vopt-13314) Defaulting port 'mp_rd_row' kind to 'var' rather than 'wire' due to default compile option setting of -svinputport=relaxed.
# ** Warning: ../rtl/tile_buffer.sv(42): (vopt-13314) Defaulting port 'mp_rd_col' kind to 'var' rather than 'wire' due to default compile option setting of -svinputport=relaxed.
# ** Warning: ../rtl/accel_controller.sv(25): (vopt-13314) Defaulting port 'cmd' kind to 'var' rather than 'wire' due to default compile option setting of -svinputport=relaxed.
# ** Note: (vopt-143) Recognized 1 FSM in module "accel_controller(fast)".
# ** Warning: ../rtl/softmax_unit.sv(19): (vopt-13314) Defaulting port 'scores_in' kind to 'var' rather than 'wire' due to default compile option setting of -svinputport=relaxed.
# ** Warning: ../rtl/tile_dispatcher.sv(31): (vopt-13314) Defaulting port 'macro_cmd' kind to 'var' rather than 'wire' due to default compile option setting of -svinputport=relaxed.
# ** Warning: ../rtl/tile_dispatcher.sv(39): (vopt-13314) Defaulting port 'lane_cmd_ready' kind to 'var' rather than 'wire' due to default compile option setting of -svinputport=relaxed.
# ** Warning: ../rtl/tile_dispatcher.sv(40): (vopt-13314) Defaulting port 'lane_done' kind to 'var' rather than 'wire' due to default compile option setting of -svinputport=relaxed.
# ** Note: (vopt-143) Recognized 1 FSM in module "tile_dispatcher(fast)".
# ** Warning: ../rtl/accel_engine.sv(18): (vopt-13314) Defaulting port 'cmd_in' kind to 'var' rather than 'wire' due to default compile option setting of -svinputport=relaxed.
# ** Warning: ../rtl/tile_buffer.sv(41): (vopt-13314) Defaulting port 'mp_rd_row' kind to 'var' rather than 'wire' due to default compile option setting of -svinputport=relaxed.
# ** Warning: ../rtl/tile_buffer.sv(42): (vopt-13314) Defaulting port 'mp_rd_col' kind to 'var' rather than 'wire' due to default compile option setting of -svinputport=relaxed.
# ** Warning: ../rtl/compute_core.sv(57): (vopt-13314) Defaulting port 'macro_cmd_in' kind to 'var' rather than 'wire' due to default compile option setting of -svinputport=relaxed.
# ** Note: (vsim-12126) Error and warning message counts have been restored: Errors=0, Warnings=16.
# Loading sv_std.std
# Loading work.accel_pkg(fast)
# Loading work.tb_compute_core(fast)
# Loading work.compute_core(fast)
# Loading work.accel_top(fast)
# Loading work.tile_dispatcher(fast)
# Loading work.dma_engine(fast)
# Loading work.accel_engine(fast)
# Loading work.accel_controller(fast)
# Loading work.tile_buffer(fast)
# Loading work.tile_buffer(fast__1)
# Loading work.stream_pipeline(fast)
# Loading work.systolic_array_64x64(fast)
# Loading work.mac_pe(fast)
# Loading work.fused_postproc_unit(fast)
# Loading work.gelu_unit(fast)
# Loading work.gelu_grad_unit(fast)
# Loading work.softmax_unit(fast)
# Loading work.perf_counter_block(fast)
# Loading work.scratchpad_ctrl(fast)
# Loading work.sram_bank(fast)
# >>> Configuring wave window...
# /tb_compute_core
# .main_pane.wave.interior.cs.body.pw.wf
# 0
# /tb_compute_core
# === tb_accel_top: START ===
# 
# --- Test 1: FFN Forward Smoke Test ---
#   Data loaded to SRAM
#   Golden GEMM*GELU: [19.00, 22.00, 43.00, 50.00]
#   PASS: FFN forward completed (done asserted)
#   Read back: [19.00, 22.00, 43.00, 50.00]
#   PASS: all 4 output elements match golden model
#   Perf: active=25 stall=22 tiles=1
# 
# --- Test 2: FFN Backward Smoke Test (fused: dh * GELU'(h_pre)) ---
#   Golden d_pre: [16.48, 23.83, 48.49, 54.30]
#   PASS: FFN backward completed (done asserted)
#   Read back:    [16.49, 23.79, 47.67, 52.29]
#   PASS: all 4 backward outputs match golden (within tolerance)
#   Perf: active=50 stall=52 tiles=2
# 
# --- Test 3: Attention Smoke Test ---
#   PASS: Attention forward completed (done asserted)
#   Read back: [0.05, 0.95, 0.00, 1.00]
#   PASS: attention produced non-zero outputs (4/4)
#   Perf: active=74 stall=74 tiles=3
# 
# --- Test 4: Multi-tile FFN Forward (2 tiles, 2 lanes parallel) ---
#   Golden tile 0: [19.00, 22.00, 43.00, 50.00]
#   Golden tile 1: [31.00, 34.00, 71.00, 78.00]
#   PASS: macro completed (done asserted)
#   Tile 0 read: [19.00, 22.00, 43.00, 50.00]
#   Tile 1 read: [31.00, 34.00, 71.00, 78.00]
#   PASS: tile 0 matches golden (4/4)
#   PASS: tile 1 matches golden (4/4)
#   Perf: active=124 stall=118 tiles=5
# 
# === tb_compute_core: ALL TESTS DONE ===
#   Test 1 (FFN fwd):    golden model comparison
#   Test 2 (FFN bwd):    fused dh*GELU'(h_pre)
#   Test 3 (Attn fwd):   non-zero output check
#   Test 4 (Multi-tile): 2 lanes data-parallel
# 
# === TB_COMPUTE_CORE: PASS ===
# ** Note: $finish    : ../tb/tb_compute_core.sv(472)
#    Time: 805 ns  Iteration: 1  Instance: /tb_compute_core
# Break in NamedBeginStat main_test at ../tb/tb_compute_core.sv line 472
# 0
# 
# Look for the line 'TB_COMPUTE_CORE: PASS' or 'FAIL' above.
# Wave window populated; save via File -> Export -> Image -> waveform.png
