============================================================
  Generated by:           Genus(TM) Synthesis Solution 21.12-s068_1
  Generated on:           May 19 2026  06:54:02 am
  Module:                 softmax_unit_DATA_WIDTH32_VEC_LEN1
  Operating conditions:   _nominal_ (balanced_tree)
  Wireload mode:          enclosed
  Area mode:              timing library
============================================================

                                  
    Gate      Instances    Area           Library         
----------------------------------------------------------
AND2X1_RVT           18    36.597    saed32rvt_tt0p85v25c 
AND3X1_RVT            6    13.724    saed32rvt_tt0p85v25c 
AND4X1_RVT           17    43.204    saed32rvt_tt0p85v25c 
AO21X1_RVT            8    20.332    saed32rvt_tt0p85v25c 
AO221X1_RVT           2     6.099    saed32rvt_tt0p85v25c 
AO222X1_RVT           2     6.608    saed32rvt_tt0p85v25c 
AO22X1_RVT           17    43.204    saed32rvt_tt0p85v25c 
DFFARX1_RVT          17   120.973    saed32rvt_tt0p85v25c 
INVX0_RVT             8    10.166    saed32rvt_tt0p85v25c 
INVX1_RVT            26    33.039    saed32rvt_tt0p85v25c 
INVX2_RVT            10    15.249    saed32rvt_tt0p85v25c 
INVX4_RVT             1     2.033    saed32rvt_tt0p85v25c 
NAND2X0_RVT         175   266.851    saed32rvt_tt0p85v25c 
NAND2X1_RVT           1     2.541    saed32rvt_tt0p85v25c 
NAND2X2_RVT           1     2.796    saed32rvt_tt0p85v25c 
NAND3X0_RVT          29    51.591    saed32rvt_tt0p85v25c 
NAND4X0_RVT          16    32.530    saed32rvt_tt0p85v25c 
NBUFFX4_RVT           1     2.541    saed32rvt_tt0p85v25c 
NOR3X0_RVT            2     5.591    saed32rvt_tt0p85v25c 
NOR4X1_RVT            3     9.149    saed32rvt_tt0p85v25c 
OA21X1_RVT           11    27.956    saed32rvt_tt0p85v25c 
OA221X1_RVT          36   109.790    saed32rvt_tt0p85v25c 
OA222X1_RVT          27    89.205    saed32rvt_tt0p85v25c 
OA22X1_RVT           45   114.365    saed32rvt_tt0p85v25c 
OAI221X1_RVT          1     3.558    saed32rvt_tt0p85v25c 
OAI22X1_RVT           1     3.050    saed32rvt_tt0p85v25c 
OR2X1_RVT            39    79.293    saed32rvt_tt0p85v25c 
OR3X1_RVT             8    20.332    saed32rvt_tt0p85v25c 
OR4X1_RVT             2     7.116    saed32rvt_tt0p85v25c 
SDFFARX1_RVT         23   210.431    saed32rvt_tt0p85v25c 
SDFFARX2_RVT          8    77.260    saed32rvt_tt0p85v25c 
----------------------------------------------------------
total               561  1467.173                         


                                         
     Type      Instances   Area   Area % 
-----------------------------------------
sequential            48  408.664   27.9 
inverter              45   60.486    4.1 
buffer                 1    2.541    0.2 
logic                467  995.482   67.9 
physical_cells         0    0.000    0.0 
-----------------------------------------
total                561 1467.173  100.0 

