============================================================
  Generated by:           Genus(TM) Synthesis Solution 21.12-s068_1
  Generated on:           May 19 2026  06:54:01 am
  Module:                 softmax_unit_DATA_WIDTH32_VEC_LEN1
  Operating conditions:   _nominal_ (balanced_tree)
  Wireload mode:          enclosed
  Area mode:              timing library
============================================================


Path 1: MET (3 ps) Setup Check with Pin probs_out_reg[0][0]/CLK->D
          Group: clk
     Startpoint: (R) s3_len_reg[3]/CLK
          Clock: (R) clk
       Endpoint: (R) probs_out_reg[0][0]/D
          Clock: (R) clk

                     Capture       Launch     
        Clock Edge:+    1000            0     
       Src Latency:+       0            0     
       Net Latency:+       0 (I)        0 (I) 
           Arrival:=    1000            0     
                                              
             Setup:-      50                  
       Uncertainty:-      50                  
     Required Time:=     900                  
      Launch Clock:-       0                  
         Data Path:-     897                  
             Slack:=       3                  

#---------------------------------------------------------------------------------------------------
#     Timing Point      Flags    Arc    Edge     Cell      Fanout Load Trans Delay Arrival Instance 
#                                                                 (fF)  (ps)  (ps)   (ps)  Location 
#---------------------------------------------------------------------------------------------------
  s3_len_reg[3]/CLK     -       -       R     (arrival)        48    -    50     0       0    (-,-) 
  s3_len_reg[3]/QN      -       CLK->QN F     SDFFARX2_RVT     24 15.1    91   172     172    (-,-) 
  drc_bufs12035767/Y    -       A->Y    R     INVX4_RVT        27 14.8    63    65     236    (-,-) 
  g12035691__7098/Y     -       A2->Y   F     NAND2X0_RVT       8  5.3   126   106     343    (-,-) 
  g12035668/Y           -       A->Y    R     INVX2_RVT        10  6.0    76    73     415    (-,-) 
  g12035538__5122/Y     -       A1->Y   F     NAND2X0_RVT       5  2.6    81    68     483    (-,-) 
  g12035282__5526/Y     -       A1->Y   F     OA222X1_RVT       1  0.5    45   134     617    (-,-) 
  g12035199__7482/Y     -       A1->Y   F     AND4X1_RVT        1  0.5    39    81     698    (-,-) 
  g12035179__4733/Y     -       A2->Y   F     AND4X1_RVT        1  0.7    40    85     783    (-,-) 
  g12035167__1617/Y     -       A1->Y   R     NAND4X0_RVT       1  0.5    45    41     824    (-,-) 
  g12035153__5107/Y     -       A1->Y   R     AO22X1_RVT        1  0.6    30    73     897    (-,-) 
  probs_out_reg[0][0]/D -       -       R     DFFARX1_RVT       1    -     -     0     897    (-,-) 
#---------------------------------------------------------------------------------------------------



Path 2: MET (17 ps) Setup Check with Pin probs_out_reg[0][4]/CLK->D
          Group: clk
     Startpoint: (R) s3_len_reg[7]/CLK
          Clock: (R) clk
       Endpoint: (R) probs_out_reg[0][4]/D
          Clock: (R) clk

                     Capture       Launch     
        Clock Edge:+    1000            0     
       Src Latency:+       0            0     
       Net Latency:+       0 (I)        0 (I) 
           Arrival:=    1000            0     
                                              
             Setup:-      50                  
       Uncertainty:-      50                  
     Required Time:=     900                  
      Launch Clock:-       0                  
         Data Path:-     883                  
             Slack:=      17                  

#---------------------------------------------------------------------------------------------------
#     Timing Point      Flags    Arc    Edge     Cell      Fanout Load Trans Delay Arrival Instance 
#                                                                 (fF)  (ps)  (ps)   (ps)  Location 
#---------------------------------------------------------------------------------------------------
  s3_len_reg[7]/CLK     -       -       R     (arrival)        48    -    50     0       0    (-,-) 
  s3_len_reg[7]/QN      -       CLK->QN F     SDFFARX2_RVT     24 13.6    86   167     167    (-,-) 
  g12035702/Y           -       A->Y    R     INVX2_RVT        17  8.9    67    70     237    (-,-) 
  g12035655__6260/Y     -       A1->Y   F     NAND2X0_RVT       7  4.0   102    85     322    (-,-) 
  g12035632/Y           -       A->Y    R     INVX1_RVT         9  5.4    80    84     406    (-,-) 
  g12035535__8246/Y     -       A1->Y   F     NAND2X0_RVT       6  3.2    93    77     483    (-,-) 
  g12035368__9315/Y     -       A2->Y   F     OA22X1_RVT        1  0.6    36    94     578    (-,-) 
  g12035250__1666/Y     -       A5->Y   F     OA221X1_RVT       1  0.5    41    66     643    (-,-) 
  g12035232__1617/Y     -       A1->Y   F     AND4X1_RVT        1  0.7    40    80     723    (-,-) 
  g12035193__5115/Y     -       A1->Y   R     NAND4X0_RVT       1  0.7    49    44     766    (-,-) 
  g12035172__2802/Y     -       A2->Y   R     OR2X1_RVT         1  0.5    22    51     817    (-,-) 
  g12035159__5526/Y     -       A1->Y   R     AO22X1_RVT        1  0.6    30    66     883    (-,-) 
  probs_out_reg[0][4]/D -       -       R     DFFARX1_RVT       1    -     -     0     883    (-,-) 
#---------------------------------------------------------------------------------------------------



Path 3: MET (17 ps) Setup Check with Pin probs_out_reg[0][1]/CLK->D
          Group: clk
     Startpoint: (R) s3_len_reg[5]/CLK
          Clock: (R) clk
       Endpoint: (F) probs_out_reg[0][1]/D
          Clock: (R) clk

                     Capture       Launch     
        Clock Edge:+    1000            0     
       Src Latency:+       0            0     
       Net Latency:+       0 (I)        0 (I) 
           Arrival:=    1000            0     
                                              
             Setup:-      35                  
       Uncertainty:-      50                  
     Required Time:=     915                  
      Launch Clock:-       0                  
         Data Path:-     898                  
             Slack:=      17                  

#---------------------------------------------------------------------------------------------------
#     Timing Point      Flags    Arc    Edge     Cell      Fanout Load Trans Delay Arrival Instance 
#                                                                 (fF)  (ps)  (ps)   (ps)  Location 
#---------------------------------------------------------------------------------------------------
  s3_len_reg[5]/CLK     -       -       R     (arrival)        48    -    50     0       0    (-,-) 
  s3_len_reg[5]/QN      -       CLK->QN R     SDFFARX2_RVT     17 10.1    78   168     168    (-,-) 
  g12035701/Y           -       A->Y    F     INVX2_RVT        18  9.6    63    54     221    (-,-) 
  g12035688__3680/Y     -       A1->Y   R     NAND2X0_RVT       5  3.7   114   101     322    (-,-) 
  g12035665/Y           -       A->Y    F     INVX2_RVT        12  7.2    71    51     373    (-,-) 
  g12035543__7098/Y     -       A1->Y   R     NAND2X0_RVT       8  4.6   134   118     491    (-,-) 
  g12035388__5122/Y     -       A2->Y   R     OR2X1_RVT         2  1.3    38    72     563    (-,-) 
  g12035303__4733/Y     -       A4->Y   R     OA22X1_RVT        1  0.7    32    60     623    (-,-) 
  g12035210__2883/Y     -       A1->Y   F     NAND4X0_RVT       1  0.6    56    43     666    (-,-) 
  g12035178__7482/Y     -       A1->Y   R     NOR3X0_RVT        1  0.7    21   112     778    (-,-) 
  g12035166__6783/Y     -       A1->Y   F     NAND4X0_RVT       1  0.5    52    39     817    (-,-) 
  g12035149__2398/Y     -       A1->Y   F     AO22X1_RVT        1  0.6    24    82     898    (-,-) 
  probs_out_reg[0][1]/D -       -       F     DFFARX1_RVT       1    -     -     0     898    (-,-) 
#---------------------------------------------------------------------------------------------------



Path 4: MET (20 ps) Setup Check with Pin probs_out_reg[0][3]/CLK->D
          Group: clk
     Startpoint: (R) s3_len_reg[4]/CLK
          Clock: (R) clk
       Endpoint: (F) probs_out_reg[0][3]/D
          Clock: (R) clk

                     Capture       Launch     
        Clock Edge:+    1000            0     
       Src Latency:+       0            0     
       Net Latency:+       0 (I)        0 (I) 
           Arrival:=    1000            0     
                                              
             Setup:-      35                  
       Uncertainty:-      50                  
     Required Time:=     915                  
      Launch Clock:-       0                  
         Data Path:-     895                  
             Slack:=      20                  

#---------------------------------------------------------------------------------------------------
#     Timing Point      Flags    Arc    Edge     Cell      Fanout Load Trans Delay Arrival Instance 
#                                                                 (fF)  (ps)  (ps)   (ps)  Location 
#---------------------------------------------------------------------------------------------------
  s3_len_reg[4]/CLK     -       -       R     (arrival)        48    -    50     0       0    (-,-) 
  s3_len_reg[4]/QN      -       CLK->QN R     SDFFARX2_RVT     18 10.5    79   169     169    (-,-) 
  g12035696/Y           -       A->Y    F     INVX2_RVT        15  8.1    59    49     218    (-,-) 
  g12035692__8246/Y     -       A2->Y   R     NAND2X0_RVT       8  4.9   136   118     337    (-,-) 
  g12035669/Y           -       A->Y    F     INVX1_RVT        11  6.6    98    78     415    (-,-) 
  g12035621__1666/Y     -       A1->Y   R     NAND2X0_RVT       7  3.7   112   120     535    (-,-) 
  g12035383__5477/Y     -       A2->Y   R     OR2X1_RVT         1  0.6    32    63     599    (-,-) 
  g12035279__8428/Y     -       A1->Y   F     NAND3X0_RVT       1  0.6    47    38     636    (-,-) 
  g12035216__2802/Y     -       A1->Y   R     NAND2X0_RVT       1  0.6    41    47     683    (-,-) 
  g12035208__5526/Y     -       A2->Y   F     NAND4X0_RVT       1  0.6    57    54     737    (-,-) 
  g12035169__6161/Y     -       A1->Y   F     OR3X1_RVT         1  0.5    27    90     827    (-,-) 
  g12035156__3680/Y     -       A1->Y   F     AO22X1_RVT        1  0.6    24    68     895    (-,-) 
  probs_out_reg[0][3]/D -       -       F     DFFARX1_RVT       1    -     -     0     895    (-,-) 
#---------------------------------------------------------------------------------------------------



Path 5: MET (22 ps) Setup Check with Pin probs_out_reg[0][5]/CLK->D
          Group: clk
     Startpoint: (R) s3_len_reg[3]/CLK
          Clock: (R) clk
       Endpoint: (R) probs_out_reg[0][5]/D
          Clock: (R) clk

                     Capture       Launch     
        Clock Edge:+    1000            0     
       Src Latency:+       0            0     
       Net Latency:+       0 (I)        0 (I) 
           Arrival:=    1000            0     
                                              
             Setup:-      50                  
       Uncertainty:-      50                  
     Required Time:=     900                  
      Launch Clock:-       0                  
         Data Path:-     878                  
             Slack:=      22                  

#---------------------------------------------------------------------------------------------------
#     Timing Point      Flags    Arc    Edge     Cell      Fanout Load Trans Delay Arrival Instance 
#                                                                 (fF)  (ps)  (ps)   (ps)  Location 
#---------------------------------------------------------------------------------------------------
  s3_len_reg[3]/CLK     -       -       R     (arrival)        48    -    50     0       0    (-,-) 
  s3_len_reg[3]/QN      -       CLK->QN F     SDFFARX2_RVT     24 15.1    91   172     172    (-,-) 
  drc_bufs12035767/Y    -       A->Y    R     INVX4_RVT        27 14.8    63    65     236    (-,-) 
  g12035691__7098/Y     -       A2->Y   F     NAND2X0_RVT       8  5.3   126   106     343    (-,-) 
  g12035668/Y           -       A->Y    R     INVX2_RVT        10  6.0    76    73     415    (-,-) 
  g12035597__5526/Y     -       A1->Y   F     NAND2X0_RVT       3  1.7    66    54     470    (-,-) 
  g12035391__6783/Y     -       A1->Y   F     OR2X1_RVT         2  1.1    36    78     548    (-,-) 
  g12035252__1666/Y     -       A5->Y   F     OA221X1_RVT       1  0.6    40    67     615    (-,-) 
  g12035222__1666/Y     -       A5->Y   F     OA221X1_RVT       1  0.5    41    67     682    (-,-) 
  g12035186__1666/Y     -       A1->Y   F     AND4X1_RVT        1  0.6    39    79     761    (-,-) 
  g12035161__5122/Y     -       A2->Y   R     NAND4X0_RVT       1  0.5    43    44     805    (-,-) 
  g12035155__8428/Y     -       A1->Y   R     AO22X1_RVT        1  0.6    30    72     878    (-,-) 
  probs_out_reg[0][5]/D -       -       R     DFFARX1_RVT       1    -     -     0     878    (-,-) 
#---------------------------------------------------------------------------------------------------



Path 6: MET (34 ps) Setup Check with Pin probs_out_reg[0][6]/CLK->D
          Group: clk
     Startpoint: (R) s3_len_reg[3]/CLK
          Clock: (R) clk
       Endpoint: (R) probs_out_reg[0][6]/D
          Clock: (R) clk

                     Capture       Launch     
        Clock Edge:+    1000            0     
       Src Latency:+       0            0     
       Net Latency:+       0 (I)        0 (I) 
           Arrival:=    1000            0     
                                              
             Setup:-      50                  
       Uncertainty:-      50                  
     Required Time:=     900                  
      Launch Clock:-       0                  
         Data Path:-     866                  
             Slack:=      34                  

#---------------------------------------------------------------------------------------------------
#     Timing Point      Flags    Arc    Edge     Cell      Fanout Load Trans Delay Arrival Instance 
#                                                                 (fF)  (ps)  (ps)   (ps)  Location 
#---------------------------------------------------------------------------------------------------
  s3_len_reg[3]/CLK     -       -       R     (arrival)        48    -    50     0       0    (-,-) 
  s3_len_reg[3]/QN      -       CLK->QN F     SDFFARX2_RVT     24 15.1    91   172     172    (-,-) 
  drc_bufs12035767/Y    -       A->Y    R     INVX4_RVT        27 14.8    63    65     236    (-,-) 
  g12035691__7098/Y     -       A2->Y   F     NAND2X0_RVT       8  5.3   126   106     343    (-,-) 
  g12035668/Y           -       A->Y    R     INVX2_RVT        10  6.0    76    73     415    (-,-) 
  g12035597__5526/Y     -       A1->Y   F     NAND2X0_RVT       3  1.7    66    54     470    (-,-) 
  g12035391__6783/Y     -       A1->Y   F     OR2X1_RVT         2  1.1    36    78     548    (-,-) 
  g12035332__1666/Y     -       A3->Y   F     OA21X1_RVT        1  0.6    28    60     608    (-,-) 
  g12035255__3680/Y     -       A5->Y   F     OA221X1_RVT       1  0.5    43    61     669    (-,-) 
  g12035233__5107/Y     -       A1->Y   F     AND4X1_RVT        1  0.6    39    80     749    (-,-) 
  g12035168__7098/Y     -       A2->Y   R     NAND4X0_RVT       1  0.5    45    44     793    (-,-) 
  g12035154__6260/Y     -       A1->Y   R     AO22X1_RVT        1  0.6    30    73     866    (-,-) 
  probs_out_reg[0][6]/D -       -       R     DFFARX1_RVT       1    -     -     0     866    (-,-) 
#---------------------------------------------------------------------------------------------------



Path 7: MET (57 ps) Setup Check with Pin probs_out_reg[0][2]/CLK->D
          Group: clk
     Startpoint: (R) s3_len_reg[7]/CLK
          Clock: (R) clk
       Endpoint: (F) probs_out_reg[0][2]/D
          Clock: (R) clk

                     Capture       Launch     
        Clock Edge:+    1000            0     
       Src Latency:+       0            0     
       Net Latency:+       0 (I)        0 (I) 
           Arrival:=    1000            0     
                                              
             Setup:-      35                  
       Uncertainty:-      50                  
     Required Time:=     915                  
      Launch Clock:-       0                  
         Data Path:-     858                  
             Slack:=      57                  

#---------------------------------------------------------------------------------------------------
#     Timing Point      Flags    Arc    Edge     Cell      Fanout Load Trans Delay Arrival Instance 
#                                                                 (fF)  (ps)  (ps)   (ps)  Location 
#---------------------------------------------------------------------------------------------------
  s3_len_reg[7]/CLK     -       -       R     (arrival)        48    -    50     0       0    (-,-) 
  s3_len_reg[7]/QN      -       CLK->QN R     SDFFARX2_RVT     24 13.6    91   179     179    (-,-) 
  g12035702/Y           -       A->Y    F     INVX2_RVT        17  8.9    67    54     233    (-,-) 
  g12035655__6260/Y     -       A1->Y   R     NAND2X0_RVT       7  4.1   120   109     342    (-,-) 
  g12035632/Y           -       A->Y    F     INVX1_RVT         9  5.4    84    66     408    (-,-) 
  g12035535__8246/Y     -       A1->Y   R     NAND2X0_RVT       6  3.2   101   106     514    (-,-) 
  g12035397__4319/Y     -       A2->Y   R     OR2X1_RVT         1  0.5    32    61     575    (-,-) 
  g12035235__1881/Y     -       A3->Y   R     AND4X1_RVT        1  0.5    34    81     656    (-,-) 
  g12035197__2883/Y     -       A1->Y   R     AND4X1_RVT        1  0.6    34    69     725    (-,-) 
  g12035162__8246/Y     -       A2->Y   F     NAND4X0_RVT       1  0.5    53    50     776    (-,-) 
  g12035150__4319/Y     -       A1->Y   F     AO22X1_RVT        1  0.6    24    82     858    (-,-) 
  probs_out_reg[0][2]/D -       -       F     DFFARX1_RVT       1    -     -     0     858    (-,-) 
#---------------------------------------------------------------------------------------------------



Path 8: MET (82 ps) Setup Check with Pin probs_out_reg[0][8]/CLK->D
          Group: clk
     Startpoint: (R) s3_len_reg[3]/CLK
          Clock: (R) clk
       Endpoint: (R) probs_out_reg[0][8]/D
          Clock: (R) clk

                     Capture       Launch     
        Clock Edge:+    1000            0     
       Src Latency:+       0            0     
       Net Latency:+       0 (I)        0 (I) 
           Arrival:=    1000            0     
                                              
             Setup:-      50                  
       Uncertainty:-      50                  
     Required Time:=     900                  
      Launch Clock:-       0                  
         Data Path:-     818                  
             Slack:=      82                  

#---------------------------------------------------------------------------------------------------
#     Timing Point      Flags    Arc    Edge     Cell      Fanout Load Trans Delay Arrival Instance 
#                                                                 (fF)  (ps)  (ps)   (ps)  Location 
#---------------------------------------------------------------------------------------------------
  s3_len_reg[3]/CLK     -       -       R     (arrival)        48    -    50     0       0    (-,-) 
  s3_len_reg[3]/QN      -       CLK->QN F     SDFFARX2_RVT     24 15.1    91   172     172    (-,-) 
  drc_bufs12035767/Y    -       A->Y    R     INVX4_RVT        27 14.8    63    65     236    (-,-) 
  g12035658__6131/Y     -       A1->Y   R     OR2X1_RVT         9  5.2    59    89     325    (-,-) 
  g12035635/Y           -       A->Y    F     INVX1_RVT         9  5.1    58    52     377    (-,-) 
  g12035626__5115/Y     -       A2->Y   R     NAND2X0_RVT       5  3.0    93    90     467    (-,-) 
  g12035554/Y           -       A->Y    F     INVX1_RVT         5  2.7    57    41     508    (-,-) 
  g12035411__2883/Y     -       A1->Y   F     AND2X1_RVT        3  1.9    33    71     579    (-,-) 
  g12035320__2346/Y     -       A2->Y   F     OR2X1_RVT         1  0.5    23    48     626    (-,-) 
  g12035209__5477/Y     -       A2->Y   F     AND4X1_RVT        1  0.7    40    76     703    (-,-) 
  g12035184__7410/Y     -       A1->Y   R     NAND4X0_RVT       1  0.5    49    41     744    (-,-) 
  g12035170__6131/Y     -       A1->Y   R     AO22X1_RVT        1  0.6    30    74     818    (-,-) 
  probs_out_reg[0][8]/D -       -       R     DFFARX1_RVT       1    -     -     0     818    (-,-) 
#---------------------------------------------------------------------------------------------------



Path 9: MET (95 ps) Setup Check with Pin probs_out_reg[0][7]/CLK->D
          Group: clk
     Startpoint: (R) s3_len_reg[2]/CLK
          Clock: (R) clk
       Endpoint: (R) probs_out_reg[0][7]/D
          Clock: (R) clk

                     Capture       Launch     
        Clock Edge:+    1000            0     
       Src Latency:+       0            0     
       Net Latency:+       0 (I)        0 (I) 
           Arrival:=    1000            0     
                                              
             Setup:-      50                  
       Uncertainty:-      50                  
     Required Time:=     900                  
      Launch Clock:-       0                  
         Data Path:-     805                  
             Slack:=      95                  

#---------------------------------------------------------------------------------------------------
#     Timing Point      Flags    Arc    Edge     Cell      Fanout Load Trans Delay Arrival Instance 
#                                                                 (fF)  (ps)  (ps)   (ps)  Location 
#---------------------------------------------------------------------------------------------------
  s3_len_reg[2]/CLK     -       -       R     (arrival)        48    -    50     0       0    (-,-) 
  s3_len_reg[2]/QN      -       CLK->QN R     SDFFARX2_RVT     16  9.7    76   166     166    (-,-) 
  g12035697/Y           -       A->Y    F     INVX2_RVT        13  7.1    55    45     212    (-,-) 
  g12035661__1881/Y     -       A2->Y   F     OR2X1_RVT        10  6.1    58    86     298    (-,-) 
  g12035638/Y           -       A->Y    R     INVX1_RVT        12  6.9    75    73     370    (-,-) 
  g12035545__6131/Y     -       A1->Y   F     NAND2X0_RVT       9  4.9   122    99     470    (-,-) 
  g12035270__6260/Y     -       A5->Y   F     OA222X1_RVT       1  0.5    44   127     596    (-,-) 
  g12035212__2346/Y     -       A3->Y   F     AND4X1_RVT        1  0.7    40    94     691    (-,-) 
  g12035177__9945/Y     -       A1->Y   R     NAND4X0_RVT       1  0.5    45    41     732    (-,-) 
  g12035160__1705/Y     -       A1->Y   R     AO22X1_RVT        1  0.6    30    73     805    (-,-) 
  probs_out_reg[0][7]/D -       -       R     DFFARX1_RVT       1    -     -     0     805    (-,-) 
#---------------------------------------------------------------------------------------------------



Path 10: MET (154 ps) Setup Check with Pin probs_out_reg[0][9]/CLK->D
          Group: clk
     Startpoint: (R) s3_len_reg[3]/CLK
          Clock: (R) clk
       Endpoint: (F) probs_out_reg[0][9]/D
          Clock: (R) clk

                     Capture       Launch     
        Clock Edge:+    1000            0     
       Src Latency:+       0            0     
       Net Latency:+       0 (I)        0 (I) 
           Arrival:=    1000            0     
                                              
             Setup:-      35                  
       Uncertainty:-      50                  
     Required Time:=     915                  
      Launch Clock:-       0                  
         Data Path:-     761                  
             Slack:=     154                  

#---------------------------------------------------------------------------------------------------
#     Timing Point      Flags    Arc    Edge     Cell      Fanout Load Trans Delay Arrival Instance 
#                                                                 (fF)  (ps)  (ps)   (ps)  Location 
#---------------------------------------------------------------------------------------------------
  s3_len_reg[3]/CLK     -       -       R     (arrival)        48    -    50     0       0    (-,-) 
  s3_len_reg[3]/QN      -       CLK->QN F     SDFFARX2_RVT     24 15.1    91   172     172    (-,-) 
  drc_bufs12035767/Y    -       A->Y    R     INVX4_RVT        27 14.8    63    65     236    (-,-) 
  g12035658__6131/Y     -       A1->Y   R     OR2X1_RVT         9  5.2    59    89     325    (-,-) 
  g12035635/Y           -       A->Y    F     INVX1_RVT         9  5.1    58    52     377    (-,-) 
  g12035626__5115/Y     -       A2->Y   R     NAND2X0_RVT       5  3.0    93    90     467    (-,-) 
  g12035554/Y           -       A->Y    F     INVX1_RVT         5  2.7    57    41     508    (-,-) 
  g12035411__2883/Y     -       A1->Y   F     AND2X1_RVT        3  1.9    33    71     579    (-,-) 
  g12035318__9315/Y     -       A1->Y   R     NAND2X0_RVT       1  0.6    50    40     618    (-,-) 
  g12035185__8428/Y     -       A4->Y   F     NAND4X0_RVT       1  0.5    53    61     679    (-,-) 
  g12035171__1881/Y     -       A1->Y   F     AO22X1_RVT        1  0.6    24    82     761    (-,-) 
  probs_out_reg[0][9]/D -       -       F     DFFARX1_RVT       1    -     -     0     761    (-,-) 
#---------------------------------------------------------------------------------------------------

