695. Printing statistics.

=== top_small ===

   Number of wires:              38498
   Number of wire bits:          38698
   Number of public wires:        6251
   Number of public wire bits:    6451
   Number of ports:                 14
   Number of port bits:            214
   Number of memories:               0
   Number of memory bits:            0
   Number of processes:              0
   Number of cells:              38521
     sky130_fd_sc_hd__a2111o_2      48
     sky130_fd_sc_hd__a2111oi_2      4
     sky130_fd_sc_hd__a211o_2      396
     sky130_fd_sc_hd__a211oi_2     158
     sky130_fd_sc_hd__a21bo_2      267
     sky130_fd_sc_hd__a21boi_2      41
     sky130_fd_sc_hd__a21o_2      1012
     sky130_fd_sc_hd__a21oi_2      881
     sky130_fd_sc_hd__a221o_2      763
     sky130_fd_sc_hd__a221oi_2       4
     sky130_fd_sc_hd__a22o_2      1509
     sky130_fd_sc_hd__a22oi_2      501
     sky130_fd_sc_hd__a2bb2o_2      85
     sky130_fd_sc_hd__a311o_2       79
     sky130_fd_sc_hd__a311oi_2       7
     sky130_fd_sc_hd__a31o_2       601
     sky130_fd_sc_hd__a31oi_2       48
     sky130_fd_sc_hd__a32o_2       145
     sky130_fd_sc_hd__a32oi_2        6
     sky130_fd_sc_hd__a41o_2        43
     sky130_fd_sc_hd__a41oi_2        5
     sky130_fd_sc_hd__and2_2      1156
     sky130_fd_sc_hd__and2b_2      563
     sky130_fd_sc_hd__and3_2       852
     sky130_fd_sc_hd__and3b_2       46
     sky130_fd_sc_hd__and4_2       661
     sky130_fd_sc_hd__and4b_2      111
     sky130_fd_sc_hd__and4bb_2      60
     sky130_fd_sc_hd__conb_1         2
     sky130_fd_sc_hd__dfrtp_2     1940
     sky130_fd_sc_hd__dfstp_2        1
     sky130_fd_sc_hd__dfxtp_2     4270
     sky130_fd_sc_hd__inv_2        560
     sky130_fd_sc_hd__mux2_1      7102
     sky130_fd_sc_hd__mux4_2         5
     sky130_fd_sc_hd__nand2_2     2497
     sky130_fd_sc_hd__nand2b_2     432
     sky130_fd_sc_hd__nand3_2      350
     sky130_fd_sc_hd__nand3b_2      29
     sky130_fd_sc_hd__nand4_2       74
     sky130_fd_sc_hd__nand4b_2       1
     sky130_fd_sc_hd__nor2_2      2574
     sky130_fd_sc_hd__nor3_2       359
     sky130_fd_sc_hd__nor3b_2       14
     sky130_fd_sc_hd__nor4_2        21
     sky130_fd_sc_hd__nor4b_2        1
     sky130_fd_sc_hd__o2111a_2      20
     sky130_fd_sc_hd__o2111ai_2      2
     sky130_fd_sc_hd__o211a_2      408
     sky130_fd_sc_hd__o211ai_2     179
     sky130_fd_sc_hd__o21a_2       874
     sky130_fd_sc_hd__o21ai_2      691
     sky130_fd_sc_hd__o21ba_2      314
     sky130_fd_sc_hd__o21bai_2      88
     sky130_fd_sc_hd__o221a_2      136
     sky130_fd_sc_hd__o221ai_2       5
     sky130_fd_sc_hd__o22a_2       213
     sky130_fd_sc_hd__o22ai_2       13
     sky130_fd_sc_hd__o2bb2a_2     190
     sky130_fd_sc_hd__o2bb2ai_2      2
     sky130_fd_sc_hd__o311a_2       75
     sky130_fd_sc_hd__o311ai_2       5
     sky130_fd_sc_hd__o31a_2        98
     sky130_fd_sc_hd__o31ai_2       30
     sky130_fd_sc_hd__o32a_2        67
     sky130_fd_sc_hd__o32ai_2        5
     sky130_fd_sc_hd__o41a_2        17
     sky130_fd_sc_hd__or2_2       1439
     sky130_fd_sc_hd__or3_2        532
     sky130_fd_sc_hd__or3b_2       130
     sky130_fd_sc_hd__or4_2        131
     sky130_fd_sc_hd__or4b_2        36
     sky130_fd_sc_hd__or4bb_2       13
     sky130_fd_sc_hd__xnor2_2     1922
     sky130_fd_sc_hd__xor2_2       602

   Chip area for module '\top_small': 454587.235200
     of which used for sequential elements: 141824.771200 (31.20%)

