============================================================
  Generated by:           Genus(TM) Synthesis Solution 21.12-s068_1
  Generated on:           May 17 2026  03:21:08 pm
  Module:                 divider_or_reciprocal_unit
  Operating conditions:   _nominal_ (balanced_tree)
  Wireload mode:          enclosed
  Area mode:              timing library
============================================================

                                   
    Gate      Instances    Area            Library         
-----------------------------------------------------------
AND2X1_RVT         1357   2758.987    saed32rvt_tt0p85v25c 
AND2X2_RVT           11     25.160    saed32rvt_tt0p85v25c 
AND2X4_RVT            2      5.591    saed32rvt_tt0p85v25c 
AND3X1_RVT          391    894.333    saed32rvt_tt0p85v25c 
AND3X2_RVT            8     20.332    saed32rvt_tt0p85v25c 
AND4X1_RVT          140    355.802    saed32rvt_tt0p85v25c 
AND4X2_RVT            5     19.061    saed32rvt_tt0p85v25c 
AO21X1_RVT         1241   3153.927    saed32rvt_tt0p85v25c 
AO21X2_RVT           10     27.956    saed32rvt_tt0p85v25c 
AO221X1_RVT          84    256.177    saed32rvt_tt0p85v25c 
AO221X2_RVT           2      6.608    saed32rvt_tt0p85v25c 
AO222X1_RVT          13     42.950    saed32rvt_tt0p85v25c 
AO22X1_RVT          778   1977.240    saed32rvt_tt0p85v25c 
AO22X2_RVT            2      5.591    saed32rvt_tt0p85v25c 
AOI21X1_RVT          91    277.525    saed32rvt_tt0p85v25c 
AOI21X2_RVT           2      6.608    saed32rvt_tt0p85v25c 
AOI221X1_RVT          8     28.464    saed32rvt_tt0p85v25c 
AOI221X2_RVT          5     19.061    saed32rvt_tt0p85v25c 
AOI222X1_RVT          3     11.436    saed32rvt_tt0p85v25c 
AOI22X1_RVT          66    201.282    saed32rvt_tt0p85v25c 
DEC24X1_RVT          16     97.591    saed32rvt_tt0p85v25c 
DEC24X2_RVT          10     71.160    saed32rvt_tt0p85v25c 
DELLN1X2_RVT        189    960.664    saed32rvt_tt0p85v25c 
DELLN2X2_RVT          6     39.646    saed32rvt_tt0p85v25c 
DELLN3X2_RVT          1      9.657    saed32rvt_tt0p85v25c 
FADDX1_RVT          302   1458.278    saed32rvt_tt0p85v25c 
FADDX2_RVT            3     16.011    saed32rvt_tt0p85v25c 
HADDX1_RVT          104    343.603    saed32rvt_tt0p85v25c 
HADDX2_RVT            2      7.624    saed32rvt_tt0p85v25c 
IBUFFX16_RVT         18    118.939    saed32rvt_tt0p85v25c 
IBUFFX2_RVT         107    271.934    saed32rvt_tt0p85v25c 
IBUFFX32_RVT          7     81.834    saed32rvt_tt0p85v25c 
IBUFFX4_RVT          29     88.442    saed32rvt_tt0p85v25c 
IBUFFX8_RVT          19     82.089    saed32rvt_tt0p85v25c 
INVX0_RVT           969   1231.328    saed32rvt_tt0p85v25c 
INVX16_RVT           29    147.404    saed32rvt_tt0p85v25c 
INVX1_RVT          1526   1939.119    saed32rvt_tt0p85v25c 
INVX2_RVT           312    475.758    saed32rvt_tt0p85v25c 
INVX32_RVT            5     45.746    saed32rvt_tt0p85v25c 
INVX4_RVT           115    233.812    saed32rvt_tt0p85v25c 
INVX8_RVT            43    131.138    saed32rvt_tt0p85v25c 
MUX21X1_RVT         125    412.984    saed32rvt_tt0p85v25c 
MUX21X2_RVT          13     46.254    saed32rvt_tt0p85v25c 
NAND2X0_RVT        2359   3597.154    saed32rvt_tt0p85v25c 
NAND2X1_RVT          36     91.492    saed32rvt_tt0p85v25c 
NAND2X2_RVT          17     47.525    saed32rvt_tt0p85v25c 
NAND2X4_RVT          23     75.989    saed32rvt_tt0p85v25c 
NAND3X0_RVT         923   1642.024    saed32rvt_tt0p85v25c 
NAND3X1_RVT          29     81.072    saed32rvt_tt0p85v25c 
NAND3X2_RVT          39    118.939    saed32rvt_tt0p85v25c 
NAND4X0_RVT         318    646.542    saed32rvt_tt0p85v25c 
NAND4X1_RVT          65    198.232    saed32rvt_tt0p85v25c 
NBUFFX16_RVT          9     54.895    saed32rvt_tt0p85v25c 
NBUFFX2_RVT         598   1215.825    saed32rvt_tt0p85v25c 
NBUFFX32_RVT          2     21.348    saed32rvt_tt0p85v25c 
NBUFFX4_RVT         167    424.420    saed32rvt_tt0p85v25c 
NBUFFX8_RVT          40    152.486    saed32rvt_tt0p85v25c 
NOR2X0_RVT           37     94.033    saed32rvt_tt0p85v25c 
NOR2X2_RVT            2      5.591    saed32rvt_tt0p85v25c 
NOR3X0_RVT            8     22.365    saed32rvt_tt0p85v25c 
NOR3X1_RVT            4     11.182    saed32rvt_tt0p85v25c 
NOR3X2_RVT            2      6.099    saed32rvt_tt0p85v25c 
NOR4X1_RVT            9     27.448    saed32rvt_tt0p85v25c 
OA21X1_RVT         1673   4251.829    saed32rvt_tt0p85v25c 
OA21X2_RVT            2      5.591    saed32rvt_tt0p85v25c 
OA221X1_RVT         106    323.271    saed32rvt_tt0p85v25c 
OA221X2_RVT           1      3.304    saed32rvt_tt0p85v25c 
OA222X1_RVT          28     92.508    saed32rvt_tt0p85v25c 
OA22X1_RVT          799   2030.611    saed32rvt_tt0p85v25c 
OAI21X1_RVT          23     70.144    saed32rvt_tt0p85v25c 
OAI21X2_RVT           3      9.912    saed32rvt_tt0p85v25c 
OAI221X1_RVT         21     74.718    saed32rvt_tt0p85v25c 
OAI221X2_RVT         14     53.370    saed32rvt_tt0p85v25c 
OAI222X2_RVT          1      4.066    saed32rvt_tt0p85v25c 
OAI22X1_RVT          32     97.591    saed32rvt_tt0p85v25c 
OAI22X2_RVT           2      6.608    saed32rvt_tt0p85v25c 
OR2X1_RVT           718   1459.803    saed32rvt_tt0p85v25c 
OR2X2_RVT           201    459.746    saed32rvt_tt0p85v25c 
OR2X4_RVT             3      8.387    saed32rvt_tt0p85v25c 
OR3X1_RVT            93    236.354    saed32rvt_tt0p85v25c 
OR3X2_RVT            13     33.039    saed32rvt_tt0p85v25c 
SDFFARX1_RVT         87    795.979    saed32rvt_tt0p85v25c 
SDFFARX2_RVT         10     96.575    saed32rvt_tt0p85v25c 
SDFFASX1_RVT          1      9.149    saed32rvt_tt0p85v25c 
XNOR2X1_RVT         141    609.183    saed32rvt_tt0p85v25c 
XNOR2X2_RVT          22    100.641    saed32rvt_tt0p85v25c 
XNOR3X1_RVT          94    573.349    saed32rvt_tt0p85v25c 
XNOR3X2_RVT           5     31.768    saed32rvt_tt0p85v25c 
XOR2X2_RVT           10     45.746    saed32rvt_tt0p85v25c 
XOR3X1_RVT          231   1643.803    saed32rvt_tt0p85v25c 
XOR3X2_RVT          143   1053.935    saed32rvt_tt0p85v25c 
-----------------------------------------------------------
total             17333  41120.753                         


                                          
     Type      Instances    Area   Area % 
------------------------------------------
sequential            98   901.703    2.2 
inverter            3179  4847.543   11.8 
buffer              1012  2878.943    7.0 
logic              13044 32492.565   79.0 
physical_cells         0     0.000    0.0 
------------------------------------------
total              17333 41120.753  100.0 

