============================================================
  Generated by:           Genus(TM) Synthesis Solution 21.12-s068_1
  Generated on:           May 17 2026  03:21:08 pm
  Module:                 divider_or_reciprocal_unit
  Operating conditions:   _nominal_ (balanced_tree)
  Wireload mode:          enclosed
  Area mode:              timing library
============================================================

Timing
--------

Clock Period 
-------------
clk   1000.0 


  Cost    Critical               Violating 
 Group   Path Slack     TNS        Paths   
-------------------------------------------
clk        -13398.0   -428275.2         32 
default    No paths         0.0            
-------------------------------------------
Total                 -428275.2         32 

Instance Count
--------------
Leaf Instance Count             17333 
Physical Instance count             0 
Sequential Instance Count          98 
Combinational Instance Count    17235 
Hierarchical Instance Count         0 

Area
----
Cell Area                          41120.753
Physical Cell Area                 0.000
Total Cell Area (Cell+Physical)    41120.753
Net Area                           0.000
Total Area (Cell+Physical+Net)     41120.753

Max Fanout                         98 (clk)
Min Fanout                         0 (rst_n)
Average Fanout                     2.4
Terms to net ratio                 3.4114
Terms to instance ratio            3.4325
Runtime                            5251.748714000003 seconds
Elapsed Runtime                    5362 seconds
Genus peak memory usage            1718.93 
Innovus peak memory usage          no_value 
Hostname                           phobos.ece.pdx.edu
