============================================================
  Generated by:           Genus(TM) Synthesis Solution 21.12-s068_1
  Generated on:           May 20 2026  09:10:46 am
  Module:                 softmax_unit_DATA_WIDTH32_VEC_LEN32
  Operating conditions:   _nominal_ (balanced_tree)
  Wireload mode:          enclosed
  Area mode:              timing library
============================================================

                                     
    Gate      Instances     Area             Library         
-------------------------------------------------------------
AND2X1_RVT        92196   187448.482    saed32rvt_tt0p85v25c 
AND2X2_RVT          713     1630.842    saed32rvt_tt0p85v25c 
AND2X4_RVT           89      248.807    saed32rvt_tt0p85v25c 
AND3X1_RVT        12624    28874.825    saed32rvt_tt0p85v25c 
AND3X2_RVT          285      724.310    saed32rvt_tt0p85v25c 
AND3X4_RVT           24       73.193    saed32rvt_tt0p85v25c 
AND4X1_RVT         4547    11555.928    saed32rvt_tt0p85v25c 
AND4X2_RVT          102      388.840    saed32rvt_tt0p85v25c 
AND4X4_RVT            7       30.243    saed32rvt_tt0p85v25c 
AO21X1_RVT        44643   113457.506    saed32rvt_tt0p85v25c 
AO21X2_RVT          391     1093.073    saed32rvt_tt0p85v25c 
AO221X1_RVT        2977     9079.040    saed32rvt_tt0p85v25c 
AO221X2_RVT         172      568.266    saed32rvt_tt0p85v25c 
AO222X1_RVT         737     2434.954    saed32rvt_tt0p85v25c 
AO222X2_RVT          14       49.812    saed32rvt_tt0p85v25c 
AO22X1_RVT        57919   147197.663    saed32rvt_tt0p85v25c 
AO22X2_RVT          224      626.211    saed32rvt_tt0p85v25c 
AOI21X1_RVT        2113     6444.075    saed32rvt_tt0p85v25c 
AOI21X2_RVT         174      574.874    saed32rvt_tt0p85v25c 
AOI221X1_RVT        201      715.161    saed32rvt_tt0p85v25c 
AOI221X2_RVT        101      385.028    saed32rvt_tt0p85v25c 
AOI222X1_RVT         87      331.658    saed32rvt_tt0p85v25c 
AOI22X1_RVT        1455     4437.354    saed32rvt_tt0p85v25c 
AOI22X2_RVT          49      161.890    saed32rvt_tt0p85v25c 
DEC24X1_RVT         749     4568.493    saed32rvt_tt0p85v25c 
DEC24X2_RVT         379     2696.976    saed32rvt_tt0p85v25c 
DELLN1X2_RVT       2645    13444.218    saed32rvt_tt0p85v25c 
DELLN2X2_RVT          5       33.039    saed32rvt_tt0p85v25c 
DELLN3X2_RVT         13      125.547    saed32rvt_tt0p85v25c 
DFFARX1_RVT        2067    14708.838    saed32rvt_tt0p85v25c 
DFFARX2_RVT          13       99.116    saed32rvt_tt0p85v25c 
FADDX1_RVT        56441   272538.689    saed32rvt_tt0p85v25c 
FADDX2_RVT          236     1259.538    saed32rvt_tt0p85v25c 
HADDX1_RVT         5681    18769.297    saed32rvt_tt0p85v25c 
HADDX2_RVT           86      327.846    saed32rvt_tt0p85v25c 
IBUFFX16_RVT        475     3138.678    saed32rvt_tt0p85v25c 
IBUFFX2_RVT        3308     8407.084    saed32rvt_tt0p85v25c 
IBUFFX32_RVT        159     1858.809    saed32rvt_tt0p85v25c 
IBUFFX4_RVT         191      582.498    saed32rvt_tt0p85v25c 
IBUFFX8_RVT         230      993.703    saed32rvt_tt0p85v25c 
INVX0_RVT         44110    56051.459    saed32rvt_tt0p85v25c 
INVX16_RVT          368     1870.500    saed32rvt_tt0p85v25c 
INVX1_RVT         62416    79313.260    saed32rvt_tt0p85v25c 
INVX2_RVT         14754    22497.843    saed32rvt_tt0p85v25c 
INVX32_RVT          100      914.918    saed32rvt_tt0p85v25c 
INVX4_RVT          5913    12022.028    saed32rvt_tt0p85v25c 
INVX8_RVT          1515     4620.338    saed32rvt_tt0p85v25c 
MUX21X1_RVT        4292    14180.219    saed32rvt_tt0p85v25c 
MUX21X2_RVT         318     1131.449    saed32rvt_tt0p85v25c 
MUX41X1_RVT           1        5.591    saed32rvt_tt0p85v25c 
NAND2X0_RVT       85832   130882.127    saed32rvt_tt0p85v25c 
NAND2X1_RVT         382      970.830    saed32rvt_tt0p85v25c 
NAND2X2_RVT         490     1369.836    saed32rvt_tt0p85v25c 
NAND2X4_RVT         783     2586.932    saed32rvt_tt0p85v25c 
NAND3X0_RVT       26275    46743.435    saed32rvt_tt0p85v25c 
NAND3X1_RVT         741     2071.528    saed32rvt_tt0p85v25c 
NAND3X2_RVT         908     2769.153    saed32rvt_tt0p85v25c 
NAND3X4_RVT           8       28.464    saed32rvt_tt0p85v25c 
NAND4X0_RVT        9513    19341.375    saed32rvt_tt0p85v25c 
NAND4X1_RVT        1445     4406.857    saed32rvt_tt0p85v25c 
NBUFFX16_RVT        171     1043.007    saed32rvt_tt0p85v25c 
NBUFFX2_RVT       15790    32103.470    saed32rvt_tt0p85v25c 
NBUFFX32_RVT         27      288.199    saed32rvt_tt0p85v25c 
NBUFFX4_RVT       12435    31602.806    saed32rvt_tt0p85v25c 
NBUFFX8_RVT        2289     8726.034    saed32rvt_tt0p85v25c 
NOR2X0_RVT         1458     3705.420    saed32rvt_tt0p85v25c 
NOR2X1_RVT            1        2.541    saed32rvt_tt0p85v25c 
NOR2X2_RVT           49      136.984    saed32rvt_tt0p85v25c 
NOR2X4_RVT            3        9.912    saed32rvt_tt0p85v25c 
NOR3X0_RVT          132      369.017    saed32rvt_tt0p85v25c 
NOR3X1_RVT           64      178.917    saed32rvt_tt0p85v25c 
NOR3X2_RVT            7       21.348    saed32rvt_tt0p85v25c 
NOR3X4_RVT            6       21.348    saed32rvt_tt0p85v25c 
NOR4X0_RVT            2        6.099    saed32rvt_tt0p85v25c 
NOR4X1_RVT          155      472.708    saed32rvt_tt0p85v25c 
OA21X1_RVT        66309   168520.345    saed32rvt_tt0p85v25c 
OA21X2_RVT          177      494.818    saed32rvt_tt0p85v25c 
OA221X1_RVT        4610    14059.246    saed32rvt_tt0p85v25c 
OA221X2_RVT         204      673.990    saed32rvt_tt0p85v25c 
OA222X1_RVT        1475     4873.211    saed32rvt_tt0p85v25c 
OA222X2_RVT           2        7.116    saed32rvt_tt0p85v25c 
OA22X1_RVT        29560    75124.966    saed32rvt_tt0p85v25c 
OA22X2_RVT           24       67.094    saed32rvt_tt0p85v25c 
OAI21X1_RVT         746     2275.097    saed32rvt_tt0p85v25c 
OAI21X2_RVT         116      383.249    saed32rvt_tt0p85v25c 
OAI221X1_RVT        777     2764.578    saed32rvt_tt0p85v25c 
OAI221X2_RVT        311     1185.582    saed32rvt_tt0p85v25c 
OAI222X1_RVT         62      236.354    saed32rvt_tt0p85v25c 
OAI222X2_RVT         25      101.658    saed32rvt_tt0p85v25c 
OAI22X1_RVT        1400     4269.619    saed32rvt_tt0p85v25c 
OAI22X2_RVT         315     1040.720    saed32rvt_tt0p85v25c 
OR2X1_RVT         27551    56015.371    saed32rvt_tt0p85v25c 
OR2X2_RVT          4605    10532.998    saed32rvt_tt0p85v25c 
OR2X4_RVT           125      349.448    saed32rvt_tt0p85v25c 
OR3X1_RVT          1838     4671.167    saed32rvt_tt0p85v25c 
OR3X2_RVT           199      505.747    saed32rvt_tt0p85v25c 
OR3X4_RVT             6       24.398    saed32rvt_tt0p85v25c 
OR4X1_RVT           184      654.675    saed32rvt_tt0p85v25c 
OR4X2_RVT            10       38.122    saed32rvt_tt0p85v25c 
OR4X4_RVT             5       21.602    saed32rvt_tt0p85v25c 
SDFFARX1_RVT       1567    14336.771    saed32rvt_tt0p85v25c 
SDFFARX2_RVT        541     5224.692    saed32rvt_tt0p85v25c 
XNOR2X1_RVT        4241    18323.020    saed32rvt_tt0p85v25c 
XNOR2X2_RVT        1388     6349.534    saed32rvt_tt0p85v25c 
XNOR3X1_RVT        3774    23019.347    saed32rvt_tt0p85v25c 
XNOR3X2_RVT         308     1956.909    saed32rvt_tt0p85v25c 
XOR2X1_RVT          241     1041.228    saed32rvt_tt0p85v25c 
XOR2X2_RVT          465     2127.185    saed32rvt_tt0p85v25c 
XOR3X1_RVT         6818    48517.106    saed32rvt_tt0p85v25c 
XOR3X2_RVT        13630   100455.499    saed32rvt_tt0p85v25c 
-------------------------------------------------------------
total            760884  1914792.819                         


                                            
     Type      Instances     Area    Area % 
--------------------------------------------
sequential          4188   34369.418    1.8 
inverter          133539  192271.118   10.0 
buffer             33375   87366.320    4.6 
logic             589782 1600785.962   83.6 
physical_cells         0       0.000    0.0 
--------------------------------------------
total             760884 1914792.819  100.0 

