============================================================
  Generated by:           Genus(TM) Synthesis Solution 21.12-s068_1
  Generated on:           May 20 2026  09:10:46 am
  Module:                 softmax_unit_DATA_WIDTH32_VEC_LEN32
  Operating conditions:   _nominal_ (balanced_tree)
  Wireload mode:          enclosed
  Area mode:              timing library
============================================================

Timing
--------

Clock Period 
-------------
clk   1000.0 


  Cost    Critical                 Violating 
 Group   Path Slack      TNS         Paths   
---------------------------------------------
clk        -19055.6   -31163384.8       2112 
default    No paths           0.0            
---------------------------------------------
Total                 -31163384.8       2112 

Instance Count
--------------
Leaf Instance Count             760884 
Physical Instance count              0 
Sequential Instance Count         4188 
Combinational Instance Count    756696 
Hierarchical Instance Count          0 

Area
----
Cell Area                          1914792.819
Physical Cell Area                 0.000
Total Cell Area (Cell+Physical)    1914792.819
Net Area                           0.000
Total Area (Cell+Physical+Net)     1914792.819

Max Fanout                         4188 (clk)
Min Fanout                         0 (rst_n)
Average Fanout                     2.3
Terms to net ratio                 3.3341
Terms to instance ratio            3.5344
Runtime                            33676.06024300002 seconds
Elapsed Runtime                    32310 seconds
Genus peak memory usage            7951.64 
Innovus peak memory usage          no_value 
Hostname                           phobos.ece.pdx.edu
