============================================================
  Generated by:           Genus(TM) Synthesis Solution 21.12-s068_1
  Generated on:           May 20 2026  11:42:54 am
  Module:                 stream_pipeline_DATA_WIDTH32_ARRAY_DIM1
  Operating conditions:   _nominal_ (balanced_tree)
  Wireload mode:          enclosed
  Area mode:              timing library
============================================================

                                    
    Gate      Instances     Area            Library         
------------------------------------------------------------
AND2X1_RVT         5467   11115.242    saed32rvt_tt0p85v25c 
AND2X2_RVT           91     208.144    saed32rvt_tt0p85v25c 
AND2X4_RVT           28      78.276    saed32rvt_tt0p85v25c 
AND3X1_RVT          812    1857.284    saed32rvt_tt0p85v25c 
AND3X2_RVT           22      55.912    saed32rvt_tt0p85v25c 
AND3X4_RVT            5      15.249    saed32rvt_tt0p85v25c 
AND4X1_RVT          336     853.924    saed32rvt_tt0p85v25c 
AND4X2_RVT            8      30.497    saed32rvt_tt0p85v25c 
AND4X4_RVT            1       4.320    saed32rvt_tt0p85v25c 
AO21X1_RVT         2425    6162.992    saed32rvt_tt0p85v25c 
AO21X2_RVT           30      83.868    saed32rvt_tt0p85v25c 
AO221X1_RVT         156     475.758    saed32rvt_tt0p85v25c 
AO221X2_RVT          12      39.646    saed32rvt_tt0p85v25c 
AO222X1_RVT          51     168.497    saed32rvt_tt0p85v25c 
AO222X2_RVT           4      14.232    saed32rvt_tt0p85v25c 
AO22X1_RVT         7389   18778.700    saed32rvt_tt0p85v25c 
AO22X2_RVT           31      86.663    saed32rvt_tt0p85v25c 
AOI21X1_RVT         135     411.713    saed32rvt_tt0p85v25c 
AOI21X2_RVT          21      69.381    saed32rvt_tt0p85v25c 
AOI221X1_RVT         12      42.696    saed32rvt_tt0p85v25c 
AOI221X2_RVT          7      26.685    saed32rvt_tt0p85v25c 
AOI222X1_RVT          4      15.249    saed32rvt_tt0p85v25c 
AOI22X1_RVT         115     350.719    saed32rvt_tt0p85v25c 
DEC24X1_RVT          28     170.785    saed32rvt_tt0p85v25c 
DEC24X2_RVT          23     163.669    saed32rvt_tt0p85v25c 
DELLN1X2_RVT        237    1204.643    saed32rvt_tt0p85v25c 
DELLN2X2_RVT          4      26.431    saed32rvt_tt0p85v25c 
DELLN3X2_RVT          3      28.972    saed32rvt_tt0p85v25c 
DFFARX1_RVT         368    2618.700    saed32rvt_tt0p85v25c 
DFFARX2_RVT          97     739.559    saed32rvt_tt0p85v25c 
FADDX1_RVT         5286   25524.698    saed32rvt_tt0p85v25c 
FADDX2_RVT            8      42.696    saed32rvt_tt0p85v25c 
HADDX1_RVT          937    3095.728    saed32rvt_tt0p85v25c 
HADDX2_RVT           12      45.746    saed32rvt_tt0p85v25c 
IBUFFX16_RVT         37     244.487    saed32rvt_tt0p85v25c 
IBUFFX2_RVT         154     391.382    saed32rvt_tt0p85v25c 
IBUFFX32_RVT          9     105.216    saed32rvt_tt0p85v25c 
IBUFFX4_RVT          67     204.332    saed32rvt_tt0p85v25c 
IBUFFX8_RVT          45     194.420    saed32rvt_tt0p85v25c 
INVX0_RVT          2931    3724.480    saed32rvt_tt0p85v25c 
INVX16_RVT           29     147.404    saed32rvt_tt0p85v25c 
INVX1_RVT          4144    5265.864    saed32rvt_tt0p85v25c 
INVX2_RVT          1096    1671.251    saed32rvt_tt0p85v25c 
INVX32_RVT            5      45.746    saed32rvt_tt0p85v25c 
INVX4_RVT           529    1075.537    saed32rvt_tt0p85v25c 
INVX8_RVT            94     286.674    saed32rvt_tt0p85v25c 
MUX21X1_RVT         353    1166.267    saed32rvt_tt0p85v25c 
MUX21X2_RVT          33     117.415    saed32rvt_tt0p85v25c 
NAND2X0_RVT        6378    9725.583    saed32rvt_tt0p85v25c 
NAND2X1_RVT          62     157.569    saed32rvt_tt0p85v25c 
NAND2X2_RVT          50     139.779    saed32rvt_tt0p85v25c 
NAND2X4_RVT          46     151.978    saed32rvt_tt0p85v25c 
NAND3X0_RVT        1641    2919.352    saed32rvt_tt0p85v25c 
NAND3X1_RVT          47     131.392    saed32rvt_tt0p85v25c 
NAND3X2_RVT          77     234.829    saed32rvt_tt0p85v25c 
NAND4X0_RVT         495    1006.410    saed32rvt_tt0p85v25c 
NAND4X1_RVT          83     253.127    saed32rvt_tt0p85v25c 
NBUFFX16_RVT         13      79.293    saed32rvt_tt0p85v25c 
NBUFFX2_RVT         845    1718.013    saed32rvt_tt0p85v25c 
NBUFFX32_RVT          5      53.370    saed32rvt_tt0p85v25c 
NBUFFX4_RVT         490    1245.306    saed32rvt_tt0p85v25c 
NBUFFX8_RVT          96     365.967    saed32rvt_tt0p85v25c 
NOR2X0_RVT          140     355.802    saed32rvt_tt0p85v25c 
NOR2X2_RVT           13      36.343    saed32rvt_tt0p85v25c 
NOR2X4_RVT           10      33.039    saed32rvt_tt0p85v25c 
NOR3X0_RVT           13      36.343    saed32rvt_tt0p85v25c 
NOR3X1_RVT            2       5.591    saed32rvt_tt0p85v25c 
NOR3X2_RVT            1       3.050    saed32rvt_tt0p85v25c 
NOR4X1_RVT           42     128.089    saed32rvt_tt0p85v25c 
OA21X1_RVT         4529   11510.182    saed32rvt_tt0p85v25c 
OA21X2_RVT           18      50.321    saed32rvt_tt0p85v25c 
OA221X1_RVT         500    1524.864    saed32rvt_tt0p85v25c 
OA221X2_RVT          29      95.812    saed32rvt_tt0p85v25c 
OA222X1_RVT         126     416.288    saed32rvt_tt0p85v25c 
OA22X1_RVT         1889    4800.780    saed32rvt_tt0p85v25c 
OA22X2_RVT            3       8.387    saed32rvt_tt0p85v25c 
OAI21X1_RVT          58     176.884    saed32rvt_tt0p85v25c 
OAI21X2_RVT          13      42.950    saed32rvt_tt0p85v25c 
OAI221X1_RVT         48     170.785    saed32rvt_tt0p85v25c 
OAI221X2_RVT         47     179.172    saed32rvt_tt0p85v25c 
OAI222X1_RVT          1       3.812    saed32rvt_tt0p85v25c 
OAI222X2_RVT          1       4.066    saed32rvt_tt0p85v25c 
OAI22X1_RVT         104     317.172    saed32rvt_tt0p85v25c 
OAI22X2_RVT          25      82.597    saed32rvt_tt0p85v25c 
OR2X1_RVT          2524    5131.676    saed32rvt_tt0p85v25c 
OR2X2_RVT           335     766.244    saed32rvt_tt0p85v25c 
OR2X4_RVT             9      25.160    saed32rvt_tt0p85v25c 
OR3X1_RVT           136     345.636    saed32rvt_tt0p85v25c 
OR3X2_RVT            17      43.204    saed32rvt_tt0p85v25c 
OR3X4_RVT             1       4.066    saed32rvt_tt0p85v25c 
OR4X1_RVT             5      17.790    saed32rvt_tt0p85v25c 
OR4X2_RVT             1       3.812    saed32rvt_tt0p85v25c 
SDFFARX1_RVT        781    7145.513    saed32rvt_tt0p85v25c 
SDFFARX2_RVT         82     791.913    saed32rvt_tt0p85v25c 
SDFFASX1_RVT          2      18.298    saed32rvt_tt0p85v25c 
XNOR2X1_RVT         416    1797.306    saed32rvt_tt0p85v25c 
XNOR2X2_RVT         188     860.023    saed32rvt_tt0p85v25c 
XNOR3X1_RVT         197    1201.593    saed32rvt_tt0p85v25c 
XNOR3X2_RVT          29     184.254    saed32rvt_tt0p85v25c 
XOR2X1_RVT           45     194.420    saed32rvt_tt0p85v25c 
XOR2X2_RVT           35     160.111    saed32rvt_tt0p85v25c 
XOR3X1_RVT          259    1843.052    saed32rvt_tt0p85v25c 
XOR3X2_RVT          883    6507.865    saed32rvt_tt0p85v25c 
------------------------------------------------------------
total             57576  154453.983                         


                                           
     Type      Instances    Area    Area % 
-------------------------------------------
sequential          1330  11313.983    7.3 
inverter            9140  13356.792    8.6 
buffer              1693   4721.996    3.1 
logic              45413 125061.213   81.0 
physical_cells         0      0.000    0.0 
-------------------------------------------
total              57576 154453.983  100.0 

