============================================================
  Generated by:           Genus(TM) Synthesis Solution 21.12-s068_1
  Generated on:           May 20 2026  11:42:54 am
  Module:                 stream_pipeline_DATA_WIDTH32_ARRAY_DIM1
  Operating conditions:   _nominal_ (balanced_tree)
  Wireload mode:          enclosed
  Area mode:              timing library
============================================================

Timing
--------

Clock Period 
-------------
clk   1000.0 


  Cost    Critical                Violating 
 Group   Path Slack      TNS        Paths   
--------------------------------------------
clk        -14770.0   -2120968.7        909 
default    No paths          0.0            
--------------------------------------------
Total                 -2120968.7        909 

Instance Count
--------------
Leaf Instance Count             57576 
Physical Instance count             0 
Sequential Instance Count        1330 
Combinational Instance Count    56246 
Hierarchical Instance Count         0 

Area
----
Cell Area                          154453.983
Physical Cell Area                 0.000
Total Cell Area (Cell+Physical)    154453.983
Net Area                           0.000
Total Area (Cell+Physical+Net)     154453.983

Max Fanout                         1330 (clk)
Min Fanout                         0 (c_out_array[0][0][8])
Average Fanout                     2.3
Terms to net ratio                 3.3835
Terms to instance ratio            3.7163
Runtime                            8560.448218000012 seconds
Elapsed Runtime                    8797 seconds
Genus peak memory usage            1820.90 
Innovus peak memory usage          no_value 
Hostname                           phobos.ece.pdx.edu
