============================================================
  Generated by:           Genus(TM) Synthesis Solution 21.12-s068_1
  Generated on:           May 16 2026  07:25:26 pm
  Module:                 systolic_array_64x64_ROWS32_COLS32_DATA_WIDTH32
  Operating conditions:   _nominal_ (balanced_tree)
  Wireload mode:          enclosed
  Area mode:              timing library
============================================================

                                     
    Gate      Instances     Area             Library         
-------------------------------------------------------------
AND2X1_RVT        63327   128753.417    saed32rvt_tt0p85v25c 
AND2X2_RVT           48      109.790    saed32rvt_tt0p85v25c 
AND3X1_RVT         4762    10892.104    saed32rvt_tt0p85v25c 
AND3X2_RVT           11       27.956    saed32rvt_tt0p85v25c 
AND4X1_RVT         2693     6844.098    saed32rvt_tt0p85v25c 
AO21X1_RVT        28880    73396.787    saed32rvt_tt0p85v25c 
AO21X2_RVT          409     1143.394    saed32rvt_tt0p85v25c 
AO221X1_RVT         233      710.587    saed32rvt_tt0p85v25c 
AO221X2_RVT           2        6.608    saed32rvt_tt0p85v25c 
AO222X1_RVT          27       89.205    saed32rvt_tt0p85v25c 
AO222X2_RVT           4       14.232    saed32rvt_tt0p85v25c 
AO22X1_RVT        30120    76548.173    saed32rvt_tt0p85v25c 
AO22X2_RVT           40      111.823    saed32rvt_tt0p85v25c 
AOI21X1_RVT        1291     3937.199    saed32rvt_tt0p85v25c 
AOI21X2_RVT           7       23.127    saed32rvt_tt0p85v25c 
AOI221X1_RVT          5       17.790    saed32rvt_tt0p85v25c 
AOI221X2_RVT          1        3.812    saed32rvt_tt0p85v25c 
AOI222X1_RVT         22       83.868    saed32rvt_tt0p85v25c 
AOI22X1_RVT         173      527.603    saed32rvt_tt0p85v25c 
DEC24X1_RVT         107      652.642    saed32rvt_tt0p85v25c 
DEC24X2_RVT          14       99.624    saed32rvt_tt0p85v25c 
DELLN1X2_RVT        217     1102.985    saed32rvt_tt0p85v25c 
DFFARX1_RVT       24576   174883.602    saed32rvt_tt0p85v25c 
FADDX1_RVT        46778   225878.613    saed32rvt_tt0p85v25c 
FADDX2_RVT          127      677.802    saed32rvt_tt0p85v25c 
HADDX1_RVT        12972    42857.828    saed32rvt_tt0p85v25c 
HADDX2_RVT           11       41.934    saed32rvt_tt0p85v25c 
IBUFFX16_RVT        122      806.145    saed32rvt_tt0p85v25c 
IBUFFX2_RVT         362      920.001    saed32rvt_tt0p85v25c 
IBUFFX32_RVT        221     2583.628    saed32rvt_tt0p85v25c 
IBUFFX4_RVT           5       15.249    saed32rvt_tt0p85v25c 
IBUFFX8_RVT           1        4.320    saed32rvt_tt0p85v25c 
INVX0_RVT         18890    24003.901    saed32rvt_tt0p85v25c 
INVX16_RVT           74      376.133    saed32rvt_tt0p85v25c 
INVX1_RVT         49869    63369.536    saed32rvt_tt0p85v25c 
INVX2_RVT          2819     4298.592    saed32rvt_tt0p85v25c 
INVX32_RVT           29      265.326    saed32rvt_tt0p85v25c 
INVX4_RVT           449      912.885    saed32rvt_tt0p85v25c 
INVX8_RVT            71      216.531    saed32rvt_tt0p85v25c 
MUX21X1_RVT        7519    24841.814    saed32rvt_tt0p85v25c 
MUX21X2_RVT        1369     4870.924    saed32rvt_tt0p85v25c 
NAND2X0_RVT       61773    94195.424    saed32rvt_tt0p85v25c 
NAND2X1_RVT          56      142.321    saed32rvt_tt0p85v25c 
NAND2X2_RVT         158      441.702    saed32rvt_tt0p85v25c 
NAND2X4_RVT          16       52.862    saed32rvt_tt0p85v25c 
NAND3X0_RVT        6795    12088.359    saed32rvt_tt0p85v25c 
NAND3X1_RVT          11       30.751    saed32rvt_tt0p85v25c 
NAND3X2_RVT          29       88.442    saed32rvt_tt0p85v25c 
NAND4X0_RVT        5974    12146.050    saed32rvt_tt0p85v25c 
NAND4X1_RVT          52      158.586    saed32rvt_tt0p85v25c 
NBUFFX16_RVT        339     2067.716    saed32rvt_tt0p85v25c 
NBUFFX2_RVT        4098     8331.857    saed32rvt_tt0p85v25c 
NBUFFX32_RVT         73      779.206    saed32rvt_tt0p85v25c 
NBUFFX4_RVT        1405     3570.723    saed32rvt_tt0p85v25c 
NBUFFX8_RVT         432     1646.853    saed32rvt_tt0p85v25c 
NOR2X0_RVT         2987     7591.281    saed32rvt_tt0p85v25c 
NOR2X2_RVT            1        2.796    saed32rvt_tt0p85v25c 
NOR3X0_RVT           41      114.619    saed32rvt_tt0p85v25c 
NOR3X1_RVT          649     1814.334    saed32rvt_tt0p85v25c 
NOR3X2_RVT            1        3.050    saed32rvt_tt0p85v25c 
NOR4X1_RVT          631     1924.378    saed32rvt_tt0p85v25c 
OA21X1_RVT        23720    60282.957    saed32rvt_tt0p85v25c 
OA21X2_RVT          252      704.487    saed32rvt_tt0p85v25c 
OA221X1_RVT        5961    18179.429    saed32rvt_tt0p85v25c 
OA221X2_RVT           2        6.608    saed32rvt_tt0p85v25c 
OA222X1_RVT          24       79.293    saed32rvt_tt0p85v25c 
OA22X1_RVT         2607     6625.534    saed32rvt_tt0p85v25c 
OAI21X1_RVT         254      774.631    saed32rvt_tt0p85v25c 
OAI21X2_RVT          61      201.536    saed32rvt_tt0p85v25c 
OAI221X1_RVT         40      142.321    saed32rvt_tt0p85v25c 
OAI221X2_RVT          4       15.249    saed32rvt_tt0p85v25c 
OAI222X1_RVT          1        3.812    saed32rvt_tt0p85v25c 
OAI22X1_RVT         153      466.608    saed32rvt_tt0p85v25c 
OAI22X2_RVT          32      105.724    saed32rvt_tt0p85v25c 
OR2X1_RVT         23871    48533.371    saed32rvt_tt0p85v25c 
OR2X2_RVT          2812     6431.876    saed32rvt_tt0p85v25c 
OR2X4_RVT             1        2.796    saed32rvt_tt0p85v25c 
OR3X1_RVT          1802     4579.675    saed32rvt_tt0p85v25c 
OR3X2_RVT           763     1939.119    saed32rvt_tt0p85v25c 
OR4X1_RVT           822     2924.689    saed32rvt_tt0p85v25c 
OR4X2_RVT             4       15.249    saed32rvt_tt0p85v25c 
SDFFARX1_RVT      39048   357257.337    saed32rvt_tt0p85v25c 
SDFFARX2_RVT        632     6103.522    saed32rvt_tt0p85v25c 
XNOR2X1_RVT         286     1235.648    saed32rvt_tt0p85v25c 
XNOR2X2_RVT        1663     7607.546    saed32rvt_tt0p85v25c 
XNOR3X1_RVT          34      207.382    saed32rvt_tt0p85v25c 
XNOR3X2_RVT          31      196.962    saed32rvt_tt0p85v25c 
XOR2X1_RVT           65      280.829    saed32rvt_tt0p85v25c 
XOR2X2_RVT          505     2310.169    saed32rvt_tt0p85v25c 
XOR3X1_RVT         1004     7144.496    saed32rvt_tt0p85v25c 
XOR3X2_RVT         7188    52976.825    saed32rvt_tt0p85v25c 
-------------------------------------------------------------
total            497820  1611448.574                         


                                            
     Type      Instances     Area    Area % 
--------------------------------------------
sequential         64256  538244.462   33.4 
inverter           72912   97772.247    6.1 
buffer              6564   17499.339    1.1 
logic             354088  957932.526   59.4 
physical_cells         0       0.000    0.0 
--------------------------------------------
total             497820 1611448.574  100.0 

