============================================================
  Generated by:           Genus(TM) Synthesis Solution 21.12-s068_1
  Generated on:           May 16 2026  07:25:26 pm
  Module:                 systolic_array_64x64_ROWS32_COLS32_DATA_WIDTH32
  Operating conditions:   _nominal_ (balanced_tree)
  Wireload mode:          enclosed
  Area mode:              timing library
============================================================

Timing
--------

Clock Period 
-------------
clk   1000.0 


  Cost    Critical                 Violating 
 Group   Path Slack      TNS         Paths   
---------------------------------------------
clk          -683.7   -11503658.4      23411 
default    No paths           0.0            
---------------------------------------------
Total                 -11503658.4      23411 

Instance Count
--------------
Leaf Instance Count             497820 
Physical Instance count              0 
Sequential Instance Count        64256 
Combinational Instance Count    433564 
Hierarchical Instance Count          0 

Area
----
Cell Area                          1611448.574
Physical Cell Area                 0.000
Total Cell Area (Cell+Physical)    1611448.574
Net Area                           0.000
Total Area (Cell+Physical+Net)     1611448.574

Max Fanout                         64256 (clk)
Min Fanout                         0 (a_in[0][0])
Average Fanout                     2.2
Terms to net ratio                 3.3728
Terms to instance ratio            3.8599
Runtime                            7619.772430000012 seconds
Elapsed Runtime                    7680 seconds
Genus peak memory usage            6854.04 
Innovus peak memory usage          no_value 
Hostname                           phobos.ece.pdx.edu
