============================================================
  Generated by:           Genus(TM) Synthesis Solution 21.12-s068_1
  Generated on:           May 16 2026  07:24:45 pm
  Module:                 systolic_array_64x64_ROWS32_COLS32_DATA_WIDTH32
  Operating conditions:   _nominal_ (balanced_tree)
  Wireload mode:          enclosed
  Area mode:              timing library
============================================================


Path 1: VIOLATED (-684 ps) Setup Check with Pin gen_row[28].gen_col[0].u_pe_acc_r_reg[25]/CLK->D
          Group: clk
     Startpoint: (R) a_in[28][25]
          Clock: (R) clk
       Endpoint: (F) gen_row[28].gen_col[0].u_pe_acc_r_reg[25]/D
          Clock: (R) clk

                     Capture       Launch     
        Clock Edge:+    1000            0     
        Drv Adjust:+       0            6     
       Src Latency:+       0            0     
       Net Latency:+       0 (I)        0 (I) 
           Arrival:=    1000            6     
                                              
             Setup:-      46                  
       Uncertainty:-      50                  
     Required Time:=     904                  
      Launch Clock:-       6                  
       Input Delay:-     300                  
         Data Path:-    1282                  
             Slack:=    -684                  

Exceptions/Constraints:
  input_delay             300             in_del_104_1 

#-------------------------------------------------------------------------------------------------------------------------------------------------
#                             Timing Point                               Flags   Arc   Edge    Cell      Fanout Load Trans Delay Arrival Instance 
#                                                                                                               (fF)  (ps)  (ps)   (ps)  Location 
#-------------------------------------------------------------------------------------------------------------------------------------------------
  a_in[28][25]                                                           -       -     R     (arrival)        3  1.6    17     0     306    (-,-) 
  g131146/Y                                                              -       A2->Y R     AND2X1_RVT       2  1.2    26    48     354    (-,-) 
  g131145/Y                                                              -       A4->Y F     NAND4X0_RVT      1  0.6    54    57     411    (-,-) 
  g227875/Y                                                              -       A2->Y F     OA21X1_RVT       1  1.4    32    77     488    (-,-) 
  g227874/Y                                                              -       A->Y  R     INVX2_RVT        9  4.7    31    34     522    (-,-) 
  g9669/Y                                                                -       A1->Y R     AO21X1_RVT       8  4.8    61    93     615    (-,-) 
  gen_row[28].gen_col[0].u_pe_csa_tree_add_99_24_groupi_g9668/Y          -       A1->Y R     AND2X1_RVT       1  1.9    34    61     676    (-,-) 
  gen_row[28].gen_col[0].u_pe_csa_tree_add_99_24_groupi_cdnfadd_014_1/CO -       B->CO R     FADDX1_RVT       4  3.0    56   101     777    (-,-) 
  g229109/Y                                                              -       A2->Y F     XOR3X2_RVT       3  2.4    52   168     945    (-,-) 
  g229108/Y                                                              -       A1->Y F     XOR3X2_RVT       3  1.8    50   154    1099    (-,-) 
  gen_row[28].gen_col[0].u_pe_csa_tree_add_99_24_groupi_g2123/Y          -       A2->Y F     OR2X1_RVT        3  1.6    28    61    1160    (-,-) 
  g98_235860/Y                                                           -       A2->Y F     AO21X1_RVT       2  1.1    27    74    1234    (-,-) 
  g235859/Y                                                              -       A3->Y F     AO21X1_RVT       2  1.2    28    48    1282    (-,-) 
  g235858/Y                                                              -       A1->Y R     NAND2X0_RVT      1  0.7    37    38    1320    (-,-) 
  g231192/Y                                                              -       A2->Y R     OR2X2_RVT        9  5.3    40    67    1387    (-,-) 
  gen_row[28].gen_col[0].u_pe_csa_tree_add_99_24_groupi_g2047/Y          -       A2->Y R     OA21X1_RVT       1  0.5    27    61    1448    (-,-) 
  gen_row[28].gen_col[0].u_pe_csa_tree_add_99_24_groupi_g2035/Y          -       A3->Y R     OA21X1_RVT       2  1.3    32    58    1506    (-,-) 
  g220127/Y                                                              -       A2->Y R     OR2X1_RVT        1  0.6    22    46    1552    (-,-) 
  g220126/Y                                                              -       A1->Y F     NAND3X0_RVT      1  0.6    44    35    1588    (-,-) 
  gen_row[28].gen_col[0].u_pe_acc_r_reg[25]/D                            -       -     F     DFFARX1_RVT      1    -     -     0    1588    (-,-) 
#-------------------------------------------------------------------------------------------------------------------------------------------------



Path 2: VIOLATED (-684 ps) Setup Check with Pin gen_row[6].gen_col[13].u_pe_acc_r_reg[23]/CLK->D
          Group: clk
     Startpoint: (R) gen_row[6].gen_col[12].u_pe_a_out_reg[25]/CLK
          Clock: (R) clk
       Endpoint: (F) gen_row[6].gen_col[13].u_pe_acc_r_reg[23]/D
          Clock: (R) clk

                     Capture       Launch     
        Clock Edge:+    1000            0     
       Src Latency:+       0            0     
       Net Latency:+       0 (I)        0 (I) 
           Arrival:=    1000            0     
                                              
             Setup:-      35                  
       Uncertainty:-      50                  
     Required Time:=     915                  
      Launch Clock:-       0                  
         Data Path:-    1599                  
             Slack:=    -684                  

#-------------------------------------------------------------------------------------------------------------------------------------------------------
#                               Timing Point                                 Flags    Arc   Edge     Cell      Fanout Load Trans Delay Arrival Instance 
#                                                                                                                     (fF)  (ps)  (ps)   (ps)  Location 
#-------------------------------------------------------------------------------------------------------------------------------------------------------
  gen_row[6].gen_col[12].u_pe_a_out_reg[25]/CLK                              -       -      R     (arrival)     64256    -    50     0       0    (-,-) 
  gen_row[6].gen_col[12].u_pe_a_out_reg[25]/Q                                -       CLK->Q F     SDFFARX1_RVT      5  2.4    38   175     175    (-,-) 
  g237117/Y                                                                  -       A4->Y  F     AND4X1_RVT        2  1.0    42   100     275    (-,-) 
  g167_0/Y                                                                   -       A3->Y  F     AND3X1_RVT        1  0.7    29    75     350    (-,-) 
  g177410/Y                                                                  -       A2->Y  F     OR2X2_RVT         4  2.4    27    57     407    (-,-) 
  g91098/Y                                                                   -       A1->Y  F     AO21X1_RVT        9  4.7    50    91     498    (-,-) 
  gen_row[6].gen_col[13].u_pe_csa_tree_add_99_24_groupi_g1838/Y              -       A2->Y  F     AND2X1_RVT        1  1.9    30    71     569    (-,-) 
  gen_row[6].gen_col[13].u_pe_csa_tree_add_99_24_groupi_cdnfadd_015_1/S      -       A->S   R     FADDX1_RVT        1  1.5    41   144     713    (-,-) 
  gen_row[6].gen_col[13].u_pe_csa_tree_add_99_24_groupi_cdnfadd_015_24705/CO -       CI->CO R     FADDX1_RVT        1  1.5    44    87     800    (-,-) 
  g177445/CO                                                                 -       CI->CO R     FADDX1_RVT        2  1.9    47    92     892    (-,-) 
  g177456/Y                                                                  -       A1->Y  F     XOR3X2_RVT        3  2.4    52   154    1046    (-,-) 
  g29706/Y                                                                   -       A->Y   R     INVX2_RVT         1  0.6    27    25    1072    (-,-) 
  g177455/Y                                                                  -       A1->Y  R     AND2X1_RVT        2  1.2    26    49    1120    (-,-) 
  g29235/Y                                                                   -       A2->Y  R     OA21X1_RVT        2  1.2    32    62    1183    (-,-) 
  gen_row[6].gen_col[13].u_pe_csa_tree_add_99_24_groupi_g1689/Y              -       A2->Y  R     OA21X1_RVT        3  1.7    35    68    1250    (-,-) 
  gen_row[6].gen_col[13].u_pe_csa_tree_add_99_24_groupi_g1681/Y              -       A1->Y  R     AND2X1_RVT        3  2.2    34    57    1308    (-,-) 
  gen_row[6].gen_col[13].u_pe_csa_tree_add_99_24_groupi_g1663/Y              -       A2->Y  R     OA21X1_RVT        3  1.7    35    68    1376    (-,-) 
  gen_row[6].gen_col[13].u_pe_csa_tree_add_99_24_groupi_g1651/Y              -       A2->Y  R     OA21X1_RVT        1  1.3    32    66    1442    (-,-) 
  gen_row[6].gen_col[13].u_pe_csa_tree_add_99_24_groupi_g2/Y                 -       A1->Y  F     XOR2X2_RVT        1  0.5    32    87    1529    (-,-) 
  g91168/Y                                                                   -       A1->Y  F     AO22X1_RVT        1  0.6    23    70    1599    (-,-) 
  gen_row[6].gen_col[13].u_pe_acc_r_reg[23]/D                                -       -      F     DFFARX1_RVT       1    -     -     0    1599    (-,-) 
#-------------------------------------------------------------------------------------------------------------------------------------------------------



Path 3: VIOLATED (-684 ps) Setup Check with Pin gen_row[22].gen_col[10].u_pe_acc_r_reg[23]/CLK->D
          Group: clk
     Startpoint: (R) gen_row[22].gen_col[9].u_pe_a_out_reg[26]/CLK
          Clock: (R) clk
       Endpoint: (F) gen_row[22].gen_col[10].u_pe_acc_r_reg[23]/D
          Clock: (R) clk

                     Capture       Launch     
        Clock Edge:+    1000            0     
       Src Latency:+       0            0     
       Net Latency:+       0 (I)        0 (I) 
           Arrival:=    1000            0     
                                              
             Setup:-      35                  
       Uncertainty:-      50                  
     Required Time:=     915                  
      Launch Clock:-       0                  
         Data Path:-    1599                  
             Slack:=    -684                  

#---------------------------------------------------------------------------------------------------------------------------------------------------
#                             Timing Point                               Flags    Arc   Edge     Cell      Fanout Load Trans Delay Arrival Instance 
#                                                                                                                 (fF)  (ps)  (ps)   (ps)  Location 
#---------------------------------------------------------------------------------------------------------------------------------------------------
  gen_row[22].gen_col[9].u_pe_a_out_reg[26]/CLK                          -       -      R     (arrival)     64256    -    50     0       0    (-,-) 
  gen_row[22].gen_col[9].u_pe_a_out_reg[26]/Q                            -       CLK->Q R     SDFFARX1_RVT      4  2.1    40   183     183    (-,-) 
  g148030/Y                                                              -       A4->Y  F     NAND4X0_RVT       1  0.6    58    61     244    (-,-) 
  g148029/Y                                                              -       A->Y   R     INVX0_RVT         1  0.6    34    36     279    (-,-) 
  g148023/Y                                                              -       A1->Y  R     AND3X1_RVT        2  1.2    32    61     340    (-,-) 
  g235161/Y                                                              -       A2->Y  R     OR2X2_RVT         6  3.0    33    57     398    (-,-) 
  g148045/Y                                                              -       A1->Y  R     AO21X1_RVT        3  1.8    38    74     472    (-,-) 
  gen_row[22].gen_col[10].u_pe_csa_tree_add_99_24_groupi_g2154/Y         -       A->Y   R     NBUFFX2_RVT       7  4.2    34    55     527    (-,-) 
  g210040/Y                                                              -       A1->Y  F     NAND2X0_RVT       1  1.1    41    37     564    (-,-) 
  g210039/Y                                                              -       S0->Y  F     MUX21X1_RVT       1  1.5    44   102     667    (-,-) 
  gen_row[22].gen_col[10].u_pe_csa_tree_add_99_24_groupi_cdnfadd_016_3/S -       CI->S  R     FADDX1_RVT        1  1.5    41   144     811    (-,-) 
  g210042/CO                                                             -       CI->CO R     FADDX1_RVT        3  2.4    51    95     906    (-,-) 
  g210062/Y                                                              -       A1->Y  F     XOR3X2_RVT        3  1.9    50   154    1059    (-,-) 
  g210094/Y                                                              -       A1->Y  R     NAND2X0_RVT       2  1.1    48    56    1116    (-,-) 
  g210093/Y                                                              -       A1->Y  R     AO21X1_RVT        2  1.2    33    74    1190    (-,-) 
  gen_row[22].gen_col[10].u_pe_csa_tree_add_99_24_groupi_g156484/Y       -       A2->Y  R     OA21X1_RVT        3  1.8    36    69    1259    (-,-) 
  gen_row[22].gen_col[10].u_pe_csa_tree_add_99_24_groupi_g1927/Y         -       A1->Y  R     AND2X1_RVT        2  1.2    26    51    1310    (-,-) 
  gen_row[22].gen_col[10].u_pe_csa_tree_add_99_24_groupi_g1918/Y         -       A2->Y  R     OA21X1_RVT        2  1.6    34    65    1375    (-,-) 
  gen_row[22].gen_col[10].u_pe_csa_tree_add_99_24_groupi_g1908/Y         -       A2->Y  R     OA21X1_RVT        1  1.1    31    64    1439    (-,-) 
  gen_row[22].gen_col[10].u_pe_csa_tree_add_99_24_groupi_g1894/Y         -       S0->Y  F     MUX21X1_RVT       1  0.5    36    87    1526    (-,-) 
  g148097/Y                                                              -       A1->Y  F     AO22X1_RVT        1  0.6    23    73    1599    (-,-) 
  gen_row[22].gen_col[10].u_pe_acc_r_reg[23]/D                           -       -      F     DFFARX1_RVT       1    -     -     0    1599    (-,-) 
#---------------------------------------------------------------------------------------------------------------------------------------------------



Path 4: VIOLATED (-684 ps) Setup Check with Pin gen_row[13].gen_col[5].u_pe_acc_r_reg[23]/CLK->D
          Group: clk
     Startpoint: (R) gen_row[12].gen_col[5].u_pe_b_out_reg[29]/CLK
          Clock: (R) clk
       Endpoint: (R) gen_row[13].gen_col[5].u_pe_acc_r_reg[23]/D
          Clock: (R) clk

                     Capture       Launch     
        Clock Edge:+    1000            0     
       Src Latency:+       0            0     
       Net Latency:+       0 (I)        0 (I) 
           Arrival:=    1000            0     
                                              
             Setup:-      50                  
       Uncertainty:-      50                  
     Required Time:=     900                  
      Launch Clock:-       0                  
         Data Path:-    1584                  
             Slack:=    -684                  

#---------------------------------------------------------------------------------------------------------------------------------------------------
#                             Timing Point                               Flags    Arc   Edge     Cell      Fanout Load Trans Delay Arrival Instance 
#                                                                                                                 (fF)  (ps)  (ps)   (ps)  Location 
#---------------------------------------------------------------------------------------------------------------------------------------------------
  gen_row[12].gen_col[5].u_pe_b_out_reg[29]/CLK                          -       -      R     (arrival)     64256    -    50     0       0    (-,-) 
  gen_row[12].gen_col[5].u_pe_b_out_reg[29]/Q                            -       CLK->Q R     SDFFARX1_RVT      4  2.2    41   183     183    (-,-) 
  g136225/Y                                                              -       A4->Y  F     NAND4X0_RVT       1  0.6    58    61     244    (-,-) 
  g136224/Y                                                              -       A1->Y  F     OR2X1_RVT         3  1.8    31    79     323    (-,-) 
  g176711/Y                                                              -       A2->Y  F     OA21X1_RVT        3  1.8    34    70     394    (-,-) 
  g24650/Y                                                               -       A1->Y  F     OA21X1_RVT        1  1.4    31    80     473    (-,-) 
  g176710/Y                                                              -       A->Y   R     INVX2_RVT         8  4.7    31    34     507    (-,-) 
  gen_row[13].gen_col[5].u_pe_csa_tree_add_99_24_groupi_g2257/Y          -       A2->Y  R     AND2X1_RVT        1  1.9    34    58     564    (-,-) 
  gen_row[13].gen_col[5].u_pe_csa_tree_add_99_24_groupi_cdnfadd_015_0/CO -       B->CO  R     FADDX1_RVT        1  1.5    44    88     653    (-,-) 
  g27653/CO                                                              -       CI->CO R     FADDX1_RVT        2  3.2    58   102     755    (-,-) 
  g176724/Y                                                              -       A2->Y  F     XOR3X2_RVT        1  1.5    49   165     919    (-,-) 
  gen_row[13].gen_col[5].u_pe_csa_tree_add_99_24_groupi_cdnfadd_017_5/S  -       CI->S  R     FADDX1_RVT        4  2.4    47   152    1072    (-,-) 
  g23105/Y                                                               -       A2->Y  R     OR2X1_RVT         1  0.5    22    50    1122    (-,-) 
  g23104/Y                                                               -       A1->Y  R     AO21X1_RVT        1  0.5    27    61    1182    (-,-) 
  g176697/Y                                                              -       A1->Y  R     AO21X1_RVT        3  1.6    36    71    1254    (-,-) 
  g176760/Y                                                              -       A3->Y  R     AO21X1_RVT        3  1.8    38    53    1307    (-,-) 
  g242_23101/Y                                                           -       A1->Y  R     AO21X1_RVT        1  0.6    28    66    1373    (-,-) 
  g23100/Y                                                               -       A1->Y  F     NAND2X0_RVT       2  1.0    38    34    1407    (-,-) 
  gen_row[13].gen_col[5].u_pe_csa_tree_add_99_24_groupi_g2040/Y          -       A1->Y  F     AO22X1_RVT        1  0.6    25    74    1480    (-,-) 
  gen_row[13].gen_col[5].u_pe_csa_tree_add_99_24_groupi_g2031/Y          -       A1->Y  R     NAND2X0_RVT       1  0.5    34    34    1514    (-,-) 
  g136257/Y                                                              -       A1->Y  R     AO22X1_RVT        1  0.6    29    69    1584    (-,-) 
  gen_row[13].gen_col[5].u_pe_acc_r_reg[23]/D                            -       -      R     DFFARX1_RVT       1    -     -     0    1584    (-,-) 
#---------------------------------------------------------------------------------------------------------------------------------------------------



Path 5: VIOLATED (-684 ps) Setup Check with Pin gen_row[15].gen_col[2].u_pe_acc_r_reg[23]/CLK->D
          Group: clk
     Startpoint: (R) gen_row[14].gen_col[2].u_pe_b_out_reg[22]/CLK
          Clock: (R) clk
       Endpoint: (F) gen_row[15].gen_col[2].u_pe_acc_r_reg[23]/D
          Clock: (R) clk

                     Capture       Launch     
        Clock Edge:+    1000            0     
       Src Latency:+       0            0     
       Net Latency:+       0 (I)        0 (I) 
           Arrival:=    1000            0     
                                              
             Setup:-      35                  
       Uncertainty:-      50                  
     Required Time:=     915                  
      Launch Clock:-       0                  
         Data Path:-    1599                  
             Slack:=    -684                  

#---------------------------------------------------------------------------------------------------------------------------------------------------
#                             Timing Point                               Flags    Arc   Edge     Cell      Fanout Load Trans Delay Arrival Instance 
#                                                                                                                 (fF)  (ps)  (ps)   (ps)  Location 
#---------------------------------------------------------------------------------------------------------------------------------------------------
  gen_row[14].gen_col[2].u_pe_b_out_reg[22]/CLK                          -       -      R     (arrival)     64256    -    50     0       0    (-,-) 
  gen_row[14].gen_col[2].u_pe_b_out_reg[22]/Q                            -       CLK->Q R     SDFFARX1_RVT      4  2.1    40   183     183    (-,-) 
  g138271/Y                                                              -       A->Y   F     INVX0_RVT         1  0.5    24    19     202    (-,-) 
  g138269/Y                                                              -       A2->Y  F     AND4X1_RVT        1  0.6    39    76     278    (-,-) 
  g138268/Y                                                              -       A1->Y  R     NAND2X0_RVT       1  0.6    38    43     321    (-,-) 
  g175446/Y                                                              -       A2->Y  R     OA21X1_RVT        7  3.5    49    80     401    (-,-) 
  g138281/Y                                                              -       A3->Y  R     AO21X1_RVT        8  4.8    61    73     474    (-,-) 
  gen_row[15].gen_col[2].u_pe_csa_tree_add_99_24_groupi_g2132/Y          -       A1->Y  F     NAND2X2_RVT       1  1.9    23    76     551    (-,-) 
  gen_row[15].gen_col[2].u_pe_csa_tree_add_99_24_groupi_cdnfadd_018_1/CO -       A->CO  F     FADDX1_RVT        1  1.5    37    84     634    (-,-) 
  gen_row[15].gen_col[2].u_pe_csa_tree_add_99_24_groupi_cdnfadd_019_1/S  -       CI->S  R     FADDX1_RVT        1  1.5    41   141     775    (-,-) 
  gen_row[15].gen_col[2].u_pe_csa_tree_add_99_24_groupi_cdnfadd_019_2/S  -       CI->S  F     FADDX1_RVT        1  1.5    42   135     910    (-,-) 
  gen_row[15].gen_col[2].u_pe_csa_tree_add_99_24_groupi_cdnfadd_019_3/S  -       CI->S  R     FADDX1_RVT        3  1.8    43   145    1056    (-,-) 
  gen_row[15].gen_col[2].u_pe_csa_tree_add_99_24_groupi_g1974/Y          -       A2->Y  F     NOR2X0_RVT        2  1.2    22    71    1127    (-,-) 
  gen_row[15].gen_col[2].u_pe_csa_tree_add_99_24_groupi_g1944/Y          -       A2->Y  F     OA21X1_RVT        1  0.5    25    57    1184    (-,-) 
  gen_row[15].gen_col[2].u_pe_csa_tree_add_99_24_groupi_g155938/Y        -       A3->Y  F     OA21X1_RVT        3  1.8    33    62    1246    (-,-) 
  gen_row[15].gen_col[2].u_pe_csa_tree_add_99_24_groupi_g1927/Y          -       A1->Y  F     AND2X1_RVT        3  2.2    31    60    1306    (-,-) 
  gen_row[15].gen_col[2].u_pe_csa_tree_add_99_24_groupi_g1918/Y          -       A2->Y  F     OA21X1_RVT        2  1.6    32    69    1375    (-,-) 
  gen_row[15].gen_col[2].u_pe_csa_tree_add_99_24_groupi_g1908/Y          -       A2->Y  F     OA21X1_RVT        1  1.1    29    66    1441    (-,-) 
  gen_row[15].gen_col[2].u_pe_csa_tree_add_99_24_groupi_g1894/Y          -       S0->Y  F     MUX21X1_RVT       1  0.5    36    86    1526    (-,-) 
  g138299/Y                                                              -       A1->Y  F     AO22X1_RVT        1  0.6    23    72    1599    (-,-) 
  gen_row[15].gen_col[2].u_pe_acc_r_reg[23]/D                            -       -      F     DFFARX1_RVT       1    -     -     0    1599    (-,-) 
#---------------------------------------------------------------------------------------------------------------------------------------------------



Path 6: VIOLATED (-684 ps) Setup Check with Pin gen_row[15].gen_col[6].u_pe_acc_r_reg[23]/CLK->D
          Group: clk
     Startpoint: (R) gen_row[15].gen_col[5].u_pe_a_out_reg[28]/CLK
          Clock: (R) clk
       Endpoint: (F) gen_row[15].gen_col[6].u_pe_acc_r_reg[23]/D
          Clock: (R) clk

                     Capture       Launch     
        Clock Edge:+    1000            0     
       Src Latency:+       0            0     
       Net Latency:+       0 (I)        0 (I) 
           Arrival:=    1000            0     
                                              
             Setup:-      35                  
       Uncertainty:-      50                  
     Required Time:=     915                  
      Launch Clock:-       0                  
         Data Path:-    1599                  
             Slack:=    -684                  

#-------------------------------------------------------------------------------------------------------------------------------------------------------
#                               Timing Point                                Flags    Arc    Edge     Cell      Fanout Load Trans Delay Arrival Instance 
#                                                                                                                     (fF)  (ps)  (ps)   (ps)  Location 
#-------------------------------------------------------------------------------------------------------------------------------------------------------
  gen_row[15].gen_col[5].u_pe_a_out_reg[28]/CLK                             -       -       R     (arrival)     64256    -    50     0       0    (-,-) 
  gen_row[15].gen_col[5].u_pe_a_out_reg[28]/QN                              -       CLK->QN F     SDFFARX1_RVT      1  0.8    37   111     111    (-,-) 
  g138594/Y                                                                 -       A->Y    R     INVX1_RVT         4  2.1    32    36     147    (-,-) 
  g138590/Y                                                                 -       A4->Y   R     AND4X1_RVT        1  0.6    34    85     231    (-,-) 
  g28931/Y                                                                  -       A4->Y   F     NAND4X0_RVT       1  0.6    55    60     291    (-,-) 
  g175286/Y                                                                 -       A->Y    R     INVX0_RVT         1  0.7    33    36     327    (-,-) 
  g236675/Y                                                                 -       A2->Y   R     OR2X2_RVT         7  3.5    34    60     386    (-,-) 
  g236083/Y                                                                 -       A1->Y   R     AO21X2_RVT        9  5.3    56    99     485    (-,-) 
  g236085/Y                                                                 -       A3->Y   F     NAND3X0_RVT       2  1.0    64    58     543    (-,-) 
  g236084/Y                                                                 -       A3->Y   F     OA21X1_RVT        1  1.9    34    84     627    (-,-) 
  gen_row[15].gen_col[6].u_pe_csa_tree_add_99_24_groupi_cdnfadd_015_2/S     -       B->S    R     FADDX1_RVT        1  1.5    41   136     763    (-,-) 
  gen_row[15].gen_col[6].u_pe_csa_tree_add_99_24_groupi_cdnfadd_015_27358/S -       CI->S   F     FADDX1_RVT        1  1.5    42   135     898    (-,-) 
  gen_row[15].gen_col[6].u_pe_csa_tree_add_99_24_groupi_cdnfadd_015_27361/S -       CI->S   R     FADDX1_RVT        3  1.9    44   146    1044    (-,-) 
  gen_row[15].gen_col[6].u_pe_csa_tree_add_99_24_groupi_g1983/Y             -       A2->Y   R     OR2X1_RVT         2  1.1    26    53    1098    (-,-) 
  g106/Y                                                                    -       A1->Y   R     AO21X1_RVT        2  1.0    31    66    1164    (-,-) 
  g237108/Y                                                                 -       A3->Y   R     AO21X1_RVT        3  1.8    38    52    1216    (-,-) 
  gen_row[15].gen_col[6].u_pe_csa_tree_add_99_24_groupi_g1933/Y             -       A2->Y   F     NAND2X0_RVT       1  0.5    29    32    1248    (-,-) 
  gen_row[15].gen_col[6].u_pe_csa_tree_add_99_24_groupi_g1927/Y             -       A2->Y   F     AND2X1_RVT        3  2.2    31    62    1310    (-,-) 
  gen_row[15].gen_col[6].u_pe_csa_tree_add_99_24_groupi_g1918/Y             -       A2->Y   F     OA21X1_RVT        2  1.2    30    66    1376    (-,-) 
  gen_row[15].gen_col[6].u_pe_csa_tree_add_99_24_groupi_g1908/Y             -       A2->Y   F     OA21X1_RVT        1  1.1    29    65    1441    (-,-) 
  gen_row[15].gen_col[6].u_pe_csa_tree_add_99_24_groupi_g1894/Y             -       S0->Y   F     MUX21X1_RVT       1  0.5    36    86    1526    (-,-) 
  g138659/Y                                                                 -       A1->Y   F     AO22X1_RVT        1  0.6    23    73    1599    (-,-) 
  gen_row[15].gen_col[6].u_pe_acc_r_reg[23]/D                               -       -       F     DFFARX1_RVT       1    -     -     0    1599    (-,-) 
#-------------------------------------------------------------------------------------------------------------------------------------------------------



Path 7: VIOLATED (-684 ps) Setup Check with Pin gen_row[16].gen_col[0].u_pe_acc_r_reg[27]/CLK->D
          Group: clk
     Startpoint: (F) a_in[16][28]
          Clock: (R) clk
       Endpoint: (F) gen_row[16].gen_col[0].u_pe_acc_r_reg[27]/D
          Clock: (R) clk

                     Capture       Launch     
        Clock Edge:+    1000            0     
        Drv Adjust:+       0            6     
       Src Latency:+       0            0     
       Net Latency:+       0 (I)        0 (I) 
           Arrival:=    1000            6     
                                              
             Setup:-      35                  
       Uncertainty:-      50                  
     Required Time:=     915                  
      Launch Clock:-       6                  
       Input Delay:-     300                  
         Data Path:-    1293                  
             Slack:=    -684                  

Exceptions/Constraints:
  input_delay             300             in_del_485_1 

#--------------------------------------------------------------------------------------------------------------------------------------------------
#                             Timing Point                               Flags    Arc   Edge    Cell      Fanout Load Trans Delay Arrival Instance 
#                                                                                                                (fF)  (ps)  (ps)   (ps)  Location 
#--------------------------------------------------------------------------------------------------------------------------------------------------
  a_in[16][28]                                                           -       -      F     (arrival)        3  1.8    16     0     306    (-,-) 
  g174997/Y                                                              -       A->Y   R     INVX1_RVT        1  0.6    14    17     323    (-,-) 
  g26126/Y                                                               -       A2->Y  R     AND2X1_RVT       1  0.6    21    43     366    (-,-) 
  g174993/Y                                                              -       A4->Y  F     NAND4X0_RVT      1  0.6    54    56     422    (-,-) 
  g174989/Y                                                              -       A2->Y  F     OA21X1_RVT       7  3.5    44    90     512    (-,-) 
  g175013/Y                                                              -       A3->Y  F     AO21X1_RVT       5  2.8    38    65     577    (-,-) 
  gen_row[16].gen_col[0].u_pe_csa_tree_add_99_24_groupi_g3485/Y          -       A->Y   R     INVX1_RVT        4  2.4    35    38     615    (-,-) 
  gen_row[16].gen_col[0].u_pe_csa_tree_add_99_24_groupi_g3436/Y          -       A3->Y  R     AO22X1_RVT       2  1.2    34    62     677    (-,-) 
  gen_row[16].gen_col[0].u_pe_csa_tree_add_99_24_groupi_g34360/Y         -       A3->Y  R     AO22X1_RVT       1  1.5    36    64     741    (-,-) 
  gen_row[16].gen_col[0].u_pe_csa_tree_add_99_24_groupi_cdnfadd_012_0/CO -       CI->CO R     FADDX1_RVT       4  2.4    51    93     834    (-,-) 
  g237087/Y                                                              -       A1->Y  R     AO22X1_RVT       3  2.1    41    87     921    (-,-) 
  g237093/Y                                                              -       A->Y   F     INVX1_RVT        2  1.1    27    22     943    (-,-) 
  g237098/Y                                                              -       A4->Y  F     AO221X1_RVT      2  1.1    34    88    1031    (-,-) 
  g237097/Y                                                              -       A1->Y  R     NAND2X0_RVT      1  0.6    35    40    1071    (-,-) 
  g237096/Y                                                              -       A1->Y  F     NAND2X0_RVT      1  0.5    32    28    1100    (-,-) 
  g237292/Y                                                              -       A3->Y  F     AO21X1_RVT       3  1.7    31    53    1153    (-,-) 
  g2398_0/Y                                                              -       A2->Y  F     AO21X1_RVT       1  0.5    24    71    1224    (-,-) 
  g237285/Y                                                              -       A2->Y  F     AO21X1_RVT       1  0.7    25    68    1292    (-,-) 
  g237274/Y                                                              -       A2->Y  F     OR2X2_RVT        2  1.9    26    54    1346    (-,-) 
  fopt174966/Y                                                           -       A->Y   R     INVX2_RVT        8  4.9    31    31    1377    (-,-) 
  gen_row[16].gen_col[0].u_pe_csa_tree_add_99_24_groupi_g3188/Y          -       A2->Y  R     OA21X1_RVT       1  1.1    30    63    1440    (-,-) 
  gen_row[16].gen_col[0].u_pe_csa_tree_add_99_24_groupi_g3181/Y          -       S0->Y  F     MUX21X1_RVT      1  0.5    36    86    1526    (-,-) 
  g139472/Y                                                              -       A1->Y  F     AO22X1_RVT       1  0.6    23    73    1599    (-,-) 
  gen_row[16].gen_col[0].u_pe_acc_r_reg[27]/D                            -       -      F     DFFARX1_RVT      1    -     -     0    1599    (-,-) 
#--------------------------------------------------------------------------------------------------------------------------------------------------



Path 8: VIOLATED (-684 ps) Setup Check with Pin gen_row[5].gen_col[0].u_pe_acc_r_reg[28]/CLK->D
          Group: clk
     Startpoint: (R) a_in[5][21]
          Clock: (R) clk
       Endpoint: (R) gen_row[5].gen_col[0].u_pe_acc_r_reg[28]/D
          Clock: (R) clk

                     Capture       Launch     
        Clock Edge:+    1000            0     
        Drv Adjust:+       0            9     
       Src Latency:+       0            0     
       Net Latency:+       0 (I)        0 (I) 
           Arrival:=    1000            9     
                                              
             Setup:-      54                  
       Uncertainty:-      50                  
     Required Time:=     896                  
      Launch Clock:-       9                  
       Input Delay:-     300                  
         Data Path:-    1271                  
             Slack:=    -684                  

Exceptions/Constraints:
  input_delay             300             in_del_844_1 

#----------------------------------------------------------------------------------------------------------------------
#               Timing Point                 Flags    Arc   Edge    Cell      Fanout Load Trans Delay Arrival Instance 
#                                                                                    (fF)  (ps)  (ps)   (ps)  Location 
#----------------------------------------------------------------------------------------------------------------------
  a_in[5][21]                                -       -      R     (arrival)        4  2.2    23     0     309    (-,-) 
  g173494/Y                                  -       A2->Y  R     AND2X1_RVT       1  0.6    21    46     355    (-,-) 
  g173490/Y                                  -       A4->Y  F     NAND4X0_RVT      1  0.6    54    56     411    (-,-) 
  g173486/Y                                  -       A2->Y  F     OA21X1_RVT       1  1.4    32    77     488    (-,-) 
  g4721/Y                                    -       A->Y   R     INVX2_RVT        9  4.5    31    34     521    (-,-) 
  g4724/Y                                    -       A1->Y  R     AO21X1_RVT       6  3.6    51    86     607    (-,-) 
  g173558/Y                                  -       A1->Y  R     AND2X1_RVT       1  1.9    33    59     666    (-,-) 
  g173557/CO                                 -       A->CO  R     FADDX1_RVT       1  1.9    47    98     764    (-,-) 
  g173553/CO                                 -       B->CO  R     FADDX1_RVT       1  1.5    44    92     856    (-,-) 
  g173551/CO                                 -       CI->CO R     FADDX2_RVT       3  2.3    46    96     952    (-,-) 
  g24797/Y                                   -       A2->Y  R     XOR3X2_RVT       3  2.0    44   155    1107    (-,-) 
  g173611/Y                                  -       A2->Y  R     OR2X1_RVT        1  0.5    21    49    1156    (-,-) 
  g173604/Y                                  -       A2->Y  R     AO21X1_RVT       2  1.1    33    68    1224    (-,-) 
  g173603/Y                                  -       A1->Y  F     NAND3X0_RVT      1  0.5    42    36    1261    (-,-) 
  g173599/Y                                  -       A2->Y  F     AO21X1_RVT       2  2.8    38    92    1353    (-,-) 
  g237105/Y3                                 -       A0->Y3 F     DEC24X2_RVT      7  4.8    32    64    1417    (-,-) 
  g173635/Y                                  -       A2->Y  F     OR2X1_RVT        2  1.2    24    52    1469    (-,-) 
  g173633/Y                                  -       A3->Y  F     AO221X1_RVT      1  0.6    30    77    1546    (-,-) 
  g173632/Y                                  -       A1->Y  R     NAND3X0_RVT      1  0.6    40    34    1580    (-,-) 
  gen_row[5].gen_col[0].u_pe_acc_r_reg[28]/D -       -      R     DFFARX1_RVT      1    -     -     0    1580    (-,-) 
#----------------------------------------------------------------------------------------------------------------------



Path 9: VIOLATED (-684 ps) Setup Check with Pin gen_row[6].gen_col[0].u_pe_acc_r_reg[22]/CLK->D
          Group: clk
     Startpoint: (R) a_in[6][23]
          Clock: (R) clk
       Endpoint: (R) gen_row[6].gen_col[0].u_pe_acc_r_reg[22]/D
          Clock: (R) clk

                     Capture       Launch     
        Clock Edge:+    1000            0     
        Drv Adjust:+       0            8     
       Src Latency:+       0            0     
       Net Latency:+       0 (I)        0 (I) 
           Arrival:=    1000            8     
                                              
             Setup:-      50                  
       Uncertainty:-      50                  
     Required Time:=     900                  
      Launch Clock:-       8                  
       Input Delay:-     300                  
         Data Path:-    1276                  
             Slack:=    -684                  

Exceptions/Constraints:
  input_delay             300             in_del_810_1 

#---------------------------------------------------------------------------------------------------------------------------------------
#                        Timing Point                          Flags   Arc   Edge    Cell      Fanout Load Trans Delay Arrival Instance 
#                                                                                                     (fF)  (ps)  (ps)   (ps)  Location 
#---------------------------------------------------------------------------------------------------------------------------------------
  a_in[6][23]                                                  -       -     R     (arrival)        4  2.1    22     0     308    (-,-) 
  g173085/Y                                                    -       A2->Y R     AND2X1_RVT       1  0.6    21    46     354    (-,-) 
  g173081/Y                                                    -       A4->Y F     NAND4X0_RVT      1  0.6    54    56     410    (-,-) 
  g173079/Y                                                    -       A2->Y F     OA21X1_RVT       1  1.4    32    77     487    (-,-) 
  g30916/Y                                                     -       A->Y  R     INVX2_RVT        8  4.0    29    32     519    (-,-) 
  g238192/Y                                                    -       A1->Y R     AO21X1_RVT       5  3.0    47    81     600    (-,-) 
  fopt30515/Y                                                  -       A->Y  R     NBUFFX2_RVT      5  3.0    30    54     654    (-,-) 
  gen_row[6].gen_col[0].u_pe_csa_tree_add_99_24_groupi_g2200/Y -       A1->Y R     AND2X1_RVT       2  3.0    41    61     715    (-,-) 
  g173146/Y                                                    -       A1->Y F     XOR3X2_RVT       2  3.2    54   155     870    (-,-) 
  g173143/Y                                                    -       A2->Y F     XOR3X2_RVT       3  1.9    50   165    1035    (-,-) 
  g173166/Y                                                    -       A2->Y F     AND2X1_RVT       1  0.6    23    62    1098    (-,-) 
  g173165/Y                                                    -       A2->Y F     OR3X1_RVT        4  2.0    35    78    1175    (-,-) 
  g173164/Y                                                    -       A3->Y R     NAND3X0_RVT      1  0.5    34    39    1214    (-,-) 
  g173163/Y                                                    -       A2->Y F     NAND2X0_RVT      3  1.5    54    45    1260    (-,-) 
  g138_0/Y                                                     -       A3->Y F     AO21X1_RVT       1  0.5    24    54    1314    (-,-) 
  g136_0/Y                                                     -       A3->Y F     AO21X1_RVT       1  0.6    24    43    1357    (-,-) 
  g24496/Y                                                     -       A1->Y F     AO21X1_RVT       2  2.3    35    76    1433    (-,-) 
  g173270/Y                                                    -       A1->Y R     XNOR2X2_RVT      1  0.5    30    82    1516    (-,-) 
  g59665/Y                                                     -       A1->Y R     AO22X1_RVT       1  0.6    29    68    1584    (-,-) 
  gen_row[6].gen_col[0].u_pe_acc_r_reg[22]/D                   -       -     R     DFFARX1_RVT      1    -     -     0    1584    (-,-) 
#---------------------------------------------------------------------------------------------------------------------------------------



Path 10: VIOLATED (-684 ps) Setup Check with Pin gen_row[6].gen_col[6].u_pe_acc_r_reg[23]/CLK->D
          Group: clk
     Startpoint: (R) gen_row[6].gen_col[5].u_pe_a_out_reg[27]/CLK
          Clock: (R) clk
       Endpoint: (F) gen_row[6].gen_col[6].u_pe_acc_r_reg[23]/D
          Clock: (R) clk

                     Capture       Launch     
        Clock Edge:+    1000            0     
       Src Latency:+       0            0     
       Net Latency:+       0 (I)        0 (I) 
           Arrival:=    1000            0     
                                              
             Setup:-      35                  
       Uncertainty:-      50                  
     Required Time:=     915                  
      Launch Clock:-       0                  
         Data Path:-    1599                  
             Slack:=    -684                  

#--------------------------------------------------------------------------------------------------------------------------------------------------
#                            Timing Point                              Flags    Arc    Edge     Cell      Fanout Load Trans Delay Arrival Instance 
#                                                                                                                (fF)  (ps)  (ps)   (ps)  Location 
#--------------------------------------------------------------------------------------------------------------------------------------------------
  gen_row[6].gen_col[5].u_pe_a_out_reg[27]/CLK                         -       -       R     (arrival)     64256    -    50     0       0    (-,-) 
  gen_row[6].gen_col[5].u_pe_a_out_reg[27]/QN                          -       CLK->QN R     SDFFARX1_RVT      2  1.3    42   130     130    (-,-) 
  g60162/Y                                                             -       A->Y    F     INVX1_RVT         3  1.6    30    26     156    (-,-) 
  g172983/Y                                                            -       A4->Y   R     NAND4X0_RVT       1  0.6    45    45     202    (-,-) 
  g30910/Y                                                             -       A->Y    F     INVX0_RVT         1  0.5    26    20     221    (-,-) 
  g172981/Y                                                            -       A3->Y   F     AND3X1_RVT        2  1.3    32    71     292    (-,-) 
  g172980/Y                                                            -       A2->Y   F     OR2X2_RVT         6  3.6    31    63     355    (-,-) 
  g66995/Y                                                             -       A1->Y   F     AO21X1_RVT        9  5.3    55    96     451    (-,-) 
  g173001/Y                                                            -       A1->Y   R     NAND2X0_RVT       1  1.2    53    60     511    (-,-) 
  g173000/Y                                                            -       S0->Y   F     MUX21X2_RVT       1  1.9    41   104     615    (-,-) 
  gen_row[6].gen_col[6].u_pe_csa_tree_add_99_24_groupi_cdnfadd_015_2/S -       B->S    R     FADDX1_RVT        1  1.5    41   139     754    (-,-) 
  gen_row[6].gen_col[6].u_pe_csa_tree_add_99_24_groupi_cdnfadd_015_4/S -       CI->S   F     FADDX1_RVT        1  1.5    42   135     889    (-,-) 
  gen_row[6].gen_col[6].u_pe_csa_tree_add_99_24_groupi_cdnfadd_015_5/S -       CI->S   R     FADDX1_RVT        3  1.7    42   145    1034    (-,-) 
  g173007/Y                                                            -       A2->Y   R     OR2X1_RVT         2  1.1    26    53    1087    (-,-) 
  g173006/Y                                                            -       A1->Y   R     AO21X1_RVT        1  0.5    27    62    1149    (-,-) 
  g173002/Y                                                            -       A3->Y   R     AO21X1_RVT        5  3.1    48    57    1206    (-,-) 
  gen_row[6].gen_col[6].u_pe_csa_tree_add_99_24_groupi_g1938/Y         -       A1->Y   R     AO21X1_RVT        3  1.8    38    79    1285    (-,-) 
  gen_row[6].gen_col[6].u_pe_csa_tree_add_99_24_groupi_g1937/Y         -       A->Y    F     INVX1_RVT         2  1.1    26    22    1307    (-,-) 
  gen_row[6].gen_col[6].u_pe_csa_tree_add_99_24_groupi_g1929/Y         -       A2->Y   F     OA21X1_RVT        3  1.7    32    68    1375    (-,-) 
  gen_row[6].gen_col[6].u_pe_csa_tree_add_99_24_groupi_g1919/Y         -       A2->Y   F     OA21X1_RVT        1  1.1    29    66    1441    (-,-) 
  g173012/Y                                                            -       S0->Y   F     MUX21X1_RVT       1  0.5    36    86    1526    (-,-) 
  g58033/Y                                                             -       A1->Y   F     AO22X1_RVT        1  0.6    24    72    1599    (-,-) 
  gen_row[6].gen_col[6].u_pe_acc_r_reg[23]/D                           -       -       F     DFFARX1_RVT       1    -     -     0    1599    (-,-) 
#--------------------------------------------------------------------------------------------------------------------------------------------------

