
44. Printing statistics.

=== adder_tree ===

   Number of wires:               1444
   Number of wire bits:           1788
   Number of public wires:          15
   Number of public wire bits:     359
   Number of ports:                  7
   Number of port bits:            165
   Number of memories:               0
   Number of memory bits:            0
   Number of processes:              0
   Number of cells:               1656
     sky130_fd_sc_hd__a21boi_0       4
     sky130_fd_sc_hd__a21oi_1       53
     sky130_fd_sc_hd__a22oi_1       19
     sky130_fd_sc_hd__a2bb2oi_1      3
     sky130_fd_sc_hd__a31o_2         1
     sky130_fd_sc_hd__a31oi_1       19
     sky130_fd_sc_hd__and2_2         5
     sky130_fd_sc_hd__clkinv_1     219
     sky130_fd_sc_hd__dfrtp_1      227
     sky130_fd_sc_hd__nand2_1      511
     sky130_fd_sc_hd__nand3_1       30
     sky130_fd_sc_hd__nand4_1        9
     sky130_fd_sc_hd__nor2_1       225
     sky130_fd_sc_hd__nor3_1        12
     sky130_fd_sc_hd__nor4_1         3
     sky130_fd_sc_hd__o211ai_1       1
     sky130_fd_sc_hd__o21a_1         5
     sky130_fd_sc_hd__o21ai_0      205
     sky130_fd_sc_hd__o21bai_1      17
     sky130_fd_sc_hd__o221a_2        1
     sky130_fd_sc_hd__o221ai_1       1
     sky130_fd_sc_hd__o22ai_1       22
     sky130_fd_sc_hd__o2bb2ai_1      3
     sky130_fd_sc_hd__o31ai_1       12
     sky130_fd_sc_hd__or2_2          2
     sky130_fd_sc_hd__or2b_2        12
     sky130_fd_sc_hd__xnor2_1        8
     sky130_fd_sc_hd__xor2_1        27

   Chip area for module '\adder_tree': 12076.582400
     of which used for sequential elements: 5680.448000 (47.04%)

