============================================================
  Generated by:           Genus(TM) Synthesis Solution 21.12-s068_1
  Generated on:           May 17 2026  05:16:46 pm
  Module:                 perf_counter_block
  Operating conditions:   _nominal_ (balanced_tree)
  Wireload mode:          enclosed
  Area mode:              timing library
============================================================

                                 
    Gate     Instances    Area           Library         
---------------------------------------------------------
AND2X1_RVT         155   315.139    saed32rvt_tt0p85v25c 
AND3X1_RVT          16    36.597    saed32rvt_tt0p85v25c 
AND4X1_RVT           8    20.332    saed32rvt_tt0p85v25c 
AO22X1_RVT          93   236.354    saed32rvt_tt0p85v25c 
DFFARX1_RVT        128   910.852    saed32rvt_tt0p85v25c 
HADDX1_RVT          44   145.370    saed32rvt_tt0p85v25c 
INVX16_RVT           1     5.083    saed32rvt_tt0p85v25c 
INVX1_RVT            8    10.166    saed32rvt_tt0p85v25c 
INVX2_RVT            4     6.099    saed32rvt_tt0p85v25c 
INVX4_RVT            6    12.199    saed32rvt_tt0p85v25c 
MUX21X1_RVT          3     9.912    saed32rvt_tt0p85v25c 
NAND2X0_RVT         28    42.696    saed32rvt_tt0p85v25c 
NAND3X0_RVT         48    85.392    saed32rvt_tt0p85v25c 
NAND4X0_RVT         20    40.663    saed32rvt_tt0p85v25c 
NBUFFX2_RVT          1     2.033    saed32rvt_tt0p85v25c 
NOR2X0_RVT           1     2.541    saed32rvt_tt0p85v25c 
NOR4X1_RVT           4    12.199    saed32rvt_tt0p85v25c 
XNOR2X1_RVT         80   345.636    saed32rvt_tt0p85v25c 
---------------------------------------------------------
total              648  2239.263                         


                                         
     Type      Instances   Area   Area % 
-----------------------------------------
sequential           128  910.852   40.7 
inverter              19   33.547    1.5 
buffer                 1    2.033    0.1 
logic                500 1292.831   57.7 
physical_cells         0    0.000    0.0 
-----------------------------------------
total                648 2239.263  100.0 

