============================================================
  Generated by:           Genus(TM) Synthesis Solution 21.12-s068_1
  Generated on:           May 17 2026  05:16:46 pm
  Module:                 perf_counter_block
  Operating conditions:   _nominal_ (balanced_tree)
  Wireload mode:          enclosed
  Area mode:              timing library
============================================================

Timing
--------

Clock Period 
-------------
clk   1000.0 


  Cost    Critical         Violating 
 Group   Path Slack  TNS     Paths   
-------------------------------------
clk            54.6   0.0          0 
default    No paths   0.0            
-------------------------------------
Total                 0.0          0 

Instance Count
--------------
Leaf Instance Count             648 
Physical Instance count           0 
Sequential Instance Count       128 
Combinational Instance Count    520 
Hierarchical Instance Count       0 

Area
----
Cell Area                          2239.263
Physical Cell Area                 0.000
Total Cell Area (Cell+Physical)    2239.263
Net Area                           0.000
Total Area (Cell+Physical+Net)     2239.263

Max Fanout                         128 (clk)
Min Fanout                         0 (rst_n)
Average Fanout                     2.6
Terms to net ratio                 3.7700
Terms to instance ratio            3.9213
Runtime                            21.352727 seconds
Elapsed Runtime                    23 seconds
Genus peak memory usage            1138.04 
Innovus peak memory usage          no_value 
Hostname                           phobos.ece.pdx.edu
