============================================================
  Generated by:           Genus(TM) Synthesis Solution 21.12-s068_1
  Generated on:           May 17 2026  05:16:45 pm
  Module:                 perf_counter_block
  Operating conditions:   _nominal_ (balanced_tree)
  Wireload mode:          enclosed
  Area mode:              timing library
============================================================


Path 1: MET (55 ps) Setup Check with Pin tiles_completed_reg[23]/CLK->D
          Group: clk
     Startpoint: (R) tiles_completed_reg[0]/CLK
          Clock: (R) clk
       Endpoint: (R) tiles_completed_reg[23]/D
          Clock: (R) clk

                     Capture       Launch     
        Clock Edge:+    1000            0     
       Src Latency:+       0            0     
       Net Latency:+       0 (I)        0 (I) 
           Arrival:=    1000            0     
                                              
             Setup:-      48                  
       Uncertainty:-      50                  
     Required Time:=     902                  
      Launch Clock:-       0                  
         Data Path:-     848                  
             Slack:=      55                  

#-------------------------------------------------------------------------------------------------------
#        Timing Point         Flags    Arc   Edge    Cell      Fanout Load Trans Delay Arrival Instance 
#                                                                     (fF)  (ps)  (ps)   (ps)  Location 
#-------------------------------------------------------------------------------------------------------
  tiles_completed_reg[0]/CLK  -       -      R     (arrival)      128    -    50     0       0    (-,-) 
  tiles_completed_reg[0]/Q    -       CLK->Q R     DFFARX1_RVT      3  2.2    41   182     182    (-,-) 
  inc_add_46_44_g413__9945/C1 -       A0->C1 R     HADDX1_RVT       2  1.6    35    68     251    (-,-) 
  inc_add_46_44_g412__9315/Y  -       A1->Y  R     AND3X1_RVT       4  2.7    43    72     323    (-,-) 
  g2/Y                        -       A1->Y  R     AND4X1_RVT       8  5.3    71   106     428    (-,-) 
  inc_add_46_44_g404__8246/Y  -       A1->Y  F     NAND3X0_RVT      2  2.1    89    72     501    (-,-) 
  inc_add_46_44_g403/Y        -       A->Y   R     INVX2_RVT       14  9.0    68    72     572    (-,-) 
  inc_add_46_44_g389__6417/Y  -       A1->Y  F     NAND4X0_RVT      1  1.2    79    61     633    (-,-) 
  inc_add_46_44_g371__8246/Y  -       A1->Y  R     XNOR2X1_RVT      1  0.6    34   112     745    (-,-) 
  g493__1617/Y                -       A3->Y  R     AO22X1_RVT       1  0.6    29    57     802    (-,-) 
  g367__6417/Y                -       A1->Y  R     AND2X1_RVT       1  0.6    22    45     848    (-,-) 
  tiles_completed_reg[23]/D   -       -      R     DFFARX1_RVT      1    -     -     0     848    (-,-) 
#-------------------------------------------------------------------------------------------------------



Path 2: MET (55 ps) Setup Check with Pin stall_cycles_reg[23]/CLK->D
          Group: clk
     Startpoint: (R) stall_cycles_reg[0]/CLK
          Clock: (R) clk
       Endpoint: (R) stall_cycles_reg[23]/D
          Clock: (R) clk

                     Capture       Launch     
        Clock Edge:+    1000            0     
       Src Latency:+       0            0     
       Net Latency:+       0 (I)        0 (I) 
           Arrival:=    1000            0     
                                              
             Setup:-      48                  
       Uncertainty:-      50                  
     Required Time:=     902                  
      Launch Clock:-       0                  
         Data Path:-     848                  
             Slack:=      55                  

#-------------------------------------------------------------------------------------------------------
#        Timing Point         Flags    Arc   Edge    Cell      Fanout Load Trans Delay Arrival Instance 
#                                                                     (fF)  (ps)  (ps)   (ps)  Location 
#-------------------------------------------------------------------------------------------------------
  stall_cycles_reg[0]/CLK     -       -      R     (arrival)      128    -    50     0       0    (-,-) 
  stall_cycles_reg[0]/Q       -       CLK->Q R     DFFARX1_RVT      3  2.2    41   182     182    (-,-) 
  inc_add_43_38_g413__9945/C1 -       A0->C1 R     HADDX1_RVT       2  1.6    35    68     251    (-,-) 
  inc_add_43_38_g412__9315/Y  -       A1->Y  R     AND3X1_RVT       4  2.7    43    72     323    (-,-) 
  g612/Y                      -       A1->Y  R     AND4X1_RVT       8  5.3    71   106     428    (-,-) 
  inc_add_43_38_g404__8246/Y  -       A1->Y  F     NAND3X0_RVT      2  2.1    89    72     501    (-,-) 
  inc_add_43_38_g403/Y        -       A->Y   R     INVX2_RVT       14  9.0    68    72     572    (-,-) 
  inc_add_43_38_g389__6417/Y  -       A1->Y  F     NAND4X0_RVT      1  1.2    79    61     633    (-,-) 
  inc_add_43_38_g371__8246/Y  -       A1->Y  R     XNOR2X1_RVT      1  0.6    34   112     745    (-,-) 
  g447__6161/Y                -       A3->Y  R     AO22X1_RVT       1  0.6    29    57     802    (-,-) 
  g318__5526/Y                -       A1->Y  R     AND2X1_RVT       1  0.6    22    45     848    (-,-) 
  stall_cycles_reg[23]/D      -       -      R     DFFARX1_RVT      1    -     -     0     848    (-,-) 
#-------------------------------------------------------------------------------------------------------



Path 3: MET (55 ps) Setup Check with Pin active_cycles_reg[23]/CLK->D
          Group: clk
     Startpoint: (R) active_cycles_reg[0]/CLK
          Clock: (R) clk
       Endpoint: (R) active_cycles_reg[23]/D
          Clock: (R) clk

                     Capture       Launch     
        Clock Edge:+    1000            0     
       Src Latency:+       0            0     
       Net Latency:+       0 (I)        0 (I) 
           Arrival:=    1000            0     
                                              
             Setup:-      48                  
       Uncertainty:-      50                  
     Required Time:=     902                  
      Launch Clock:-       0                  
         Data Path:-     848                  
             Slack:=      55                  

#-------------------------------------------------------------------------------------------------------
#        Timing Point         Flags    Arc   Edge    Cell      Fanout Load Trans Delay Arrival Instance 
#                                                                     (fF)  (ps)  (ps)   (ps)  Location 
#-------------------------------------------------------------------------------------------------------
  active_cycles_reg[0]/CLK    -       -      R     (arrival)      128    -    50     0       0    (-,-) 
  active_cycles_reg[0]/Q      -       CLK->Q R     DFFARX1_RVT      3  2.2    41   182     182    (-,-) 
  inc_add_40_40_g413__3680/C1 -       A0->C1 R     HADDX1_RVT       2  1.6    35    68     251    (-,-) 
  inc_add_40_40_g412__6783/Y  -       A1->Y  R     AND3X1_RVT       4  2.7    43    72     323    (-,-) 
  g611/Y                      -       A1->Y  R     AND4X1_RVT       8  5.3    71   106     428    (-,-) 
  inc_add_40_40_g404__6417/Y  -       A1->Y  F     NAND3X0_RVT      2  2.1    89    72     501    (-,-) 
  inc_add_40_40_g403/Y        -       A->Y   R     INVX2_RVT       14  9.0    68    72     572    (-,-) 
  inc_add_40_40_g389__8246/Y  -       A1->Y  F     NAND4X0_RVT      1  1.2    79    61     633    (-,-) 
  inc_add_40_40_g371__6417/Y  -       A1->Y  R     XNOR2X1_RVT      1  0.6    34   112     745    (-,-) 
  g506__9945/Y                -       A3->Y  R     AO22X1_RVT       1  0.6    29    57     802    (-,-) 
  g381__8246/Y                -       A1->Y  R     AND2X1_RVT       1  0.6    22    45     848    (-,-) 
  active_cycles_reg[23]/D     -       -      R     DFFARX1_RVT      1    -     -     0     848    (-,-) 
#-------------------------------------------------------------------------------------------------------



Path 4: MET (55 ps) Setup Check with Pin tiles_completed_reg[29]/CLK->D
          Group: clk
     Startpoint: (R) tiles_completed_reg[0]/CLK
          Clock: (R) clk
       Endpoint: (R) tiles_completed_reg[29]/D
          Clock: (R) clk

                     Capture       Launch     
        Clock Edge:+    1000            0     
       Src Latency:+       0            0     
       Net Latency:+       0 (I)        0 (I) 
           Arrival:=    1000            0     
                                              
             Setup:-      48                  
       Uncertainty:-      50                  
     Required Time:=     902                  
      Launch Clock:-       0                  
         Data Path:-     848                  
             Slack:=      55                  

#-------------------------------------------------------------------------------------------------------
#        Timing Point         Flags    Arc   Edge    Cell      Fanout Load Trans Delay Arrival Instance 
#                                                                     (fF)  (ps)  (ps)   (ps)  Location 
#-------------------------------------------------------------------------------------------------------
  tiles_completed_reg[0]/CLK  -       -      R     (arrival)      128    -    50     0       0    (-,-) 
  tiles_completed_reg[0]/Q    -       CLK->Q R     DFFARX1_RVT      3  2.2    41   182     182    (-,-) 
  inc_add_46_44_g413__9945/C1 -       A0->C1 R     HADDX1_RVT       2  1.6    35    68     251    (-,-) 
  inc_add_46_44_g412__9315/Y  -       A1->Y  R     AND3X1_RVT       4  2.7    43    72     323    (-,-) 
  g2/Y                        -       A1->Y  R     AND4X1_RVT       8  5.3    71   106     428    (-,-) 
  inc_add_46_44_g404__8246/Y  -       A1->Y  F     NAND3X0_RVT      2  2.1    89    72     501    (-,-) 
  inc_add_46_44_g403/Y        -       A->Y   R     INVX2_RVT       14  9.0    68    72     572    (-,-) 
  inc_add_46_44_g390__5477/Y  -       A1->Y  F     NAND4X0_RVT      1  1.2    79    61     633    (-,-) 
  inc_add_46_44_g366__3680/Y  -       A1->Y  R     XNOR2X1_RVT      1  0.6    34   112     745    (-,-) 
  g502__7482/Y                -       A3->Y  R     AO22X1_RVT       1  0.6    29    57     802    (-,-) 
  g375__6783/Y                -       A1->Y  R     AND2X1_RVT       1  0.6    22    45     848    (-,-) 
  tiles_completed_reg[29]/D   -       -      R     DFFARX1_RVT      1    -     -     0     848    (-,-) 
#-------------------------------------------------------------------------------------------------------



Path 5: MET (55 ps) Setup Check with Pin tiles_completed_reg[27]/CLK->D
          Group: clk
     Startpoint: (R) tiles_completed_reg[0]/CLK
          Clock: (R) clk
       Endpoint: (R) tiles_completed_reg[27]/D
          Clock: (R) clk

                     Capture       Launch     
        Clock Edge:+    1000            0     
       Src Latency:+       0            0     
       Net Latency:+       0 (I)        0 (I) 
           Arrival:=    1000            0     
                                              
             Setup:-      48                  
       Uncertainty:-      50                  
     Required Time:=     902                  
      Launch Clock:-       0                  
         Data Path:-     848                  
             Slack:=      55                  

#-------------------------------------------------------------------------------------------------------
#        Timing Point         Flags    Arc   Edge    Cell      Fanout Load Trans Delay Arrival Instance 
#                                                                     (fF)  (ps)  (ps)   (ps)  Location 
#-------------------------------------------------------------------------------------------------------
  tiles_completed_reg[0]/CLK  -       -      R     (arrival)      128    -    50     0       0    (-,-) 
  tiles_completed_reg[0]/Q    -       CLK->Q R     DFFARX1_RVT      3  2.2    41   182     182    (-,-) 
  inc_add_46_44_g413__9945/C1 -       A0->C1 R     HADDX1_RVT       2  1.6    35    68     251    (-,-) 
  inc_add_46_44_g412__9315/Y  -       A1->Y  R     AND3X1_RVT       4  2.7    43    72     323    (-,-) 
  g2/Y                        -       A1->Y  R     AND4X1_RVT       8  5.3    71   106     428    (-,-) 
  inc_add_46_44_g404__8246/Y  -       A1->Y  F     NAND3X0_RVT      2  2.1    89    72     501    (-,-) 
  inc_add_46_44_g403/Y        -       A->Y   R     INVX2_RVT       14  9.0    68    72     572    (-,-) 
  inc_add_46_44_g384__9945/Y  -       A1->Y  F     NAND4X0_RVT      1  1.2    79    61     633    (-,-) 
  inc_add_46_44_g363__8428/Y  -       A1->Y  R     XNOR2X1_RVT      1  0.6    34   112     745    (-,-) 
  g499__6131/Y                -       A3->Y  R     AO22X1_RVT       1  0.6    29    57     802    (-,-) 
  g373__8428/Y                -       A1->Y  R     AND2X1_RVT       1  0.6    22    45     848    (-,-) 
  tiles_completed_reg[27]/D   -       -      R     DFFARX1_RVT      1    -     -     0     848    (-,-) 
#-------------------------------------------------------------------------------------------------------



Path 6: MET (55 ps) Setup Check with Pin stall_cycles_reg[29]/CLK->D
          Group: clk
     Startpoint: (R) stall_cycles_reg[0]/CLK
          Clock: (R) clk
       Endpoint: (R) stall_cycles_reg[29]/D
          Clock: (R) clk

                     Capture       Launch     
        Clock Edge:+    1000            0     
       Src Latency:+       0            0     
       Net Latency:+       0 (I)        0 (I) 
           Arrival:=    1000            0     
                                              
             Setup:-      48                  
       Uncertainty:-      50                  
     Required Time:=     902                  
      Launch Clock:-       0                  
         Data Path:-     848                  
             Slack:=      55                  

#-------------------------------------------------------------------------------------------------------
#        Timing Point         Flags    Arc   Edge    Cell      Fanout Load Trans Delay Arrival Instance 
#                                                                     (fF)  (ps)  (ps)   (ps)  Location 
#-------------------------------------------------------------------------------------------------------
  stall_cycles_reg[0]/CLK     -       -      R     (arrival)      128    -    50     0       0    (-,-) 
  stall_cycles_reg[0]/Q       -       CLK->Q R     DFFARX1_RVT      3  2.2    41   182     182    (-,-) 
  inc_add_43_38_g413__9945/C1 -       A0->C1 R     HADDX1_RVT       2  1.6    35    68     251    (-,-) 
  inc_add_43_38_g412__9315/Y  -       A1->Y  R     AND3X1_RVT       4  2.7    43    72     323    (-,-) 
  g612/Y                      -       A1->Y  R     AND4X1_RVT       8  5.3    71   106     428    (-,-) 
  inc_add_43_38_g404__8246/Y  -       A1->Y  F     NAND3X0_RVT      2  2.1    89    72     501    (-,-) 
  inc_add_43_38_g403/Y        -       A->Y   R     INVX2_RVT       14  9.0    68    72     572    (-,-) 
  inc_add_43_38_g390__5477/Y  -       A1->Y  F     NAND4X0_RVT      1  1.2    79    61     633    (-,-) 
  inc_add_43_38_g366__3680/Y  -       A1->Y  R     XNOR2X1_RVT      1  0.6    34   112     745    (-,-) 
  g455__5477/Y                -       A3->Y  R     AO22X1_RVT       1  0.6    29    57     802    (-,-) 
  g327__6131/Y                -       A1->Y  R     AND2X1_RVT       1  0.6    22    45     848    (-,-) 
  stall_cycles_reg[29]/D      -       -      R     DFFARX1_RVT      1    -     -     0     848    (-,-) 
#-------------------------------------------------------------------------------------------------------



Path 7: MET (55 ps) Setup Check with Pin stall_cycles_reg[27]/CLK->D
          Group: clk
     Startpoint: (R) stall_cycles_reg[0]/CLK
          Clock: (R) clk
       Endpoint: (R) stall_cycles_reg[27]/D
          Clock: (R) clk

                     Capture       Launch     
        Clock Edge:+    1000            0     
       Src Latency:+       0            0     
       Net Latency:+       0 (I)        0 (I) 
           Arrival:=    1000            0     
                                              
             Setup:-      48                  
       Uncertainty:-      50                  
     Required Time:=     902                  
      Launch Clock:-       0                  
         Data Path:-     848                  
             Slack:=      55                  

#-------------------------------------------------------------------------------------------------------
#        Timing Point         Flags    Arc   Edge    Cell      Fanout Load Trans Delay Arrival Instance 
#                                                                     (fF)  (ps)  (ps)   (ps)  Location 
#-------------------------------------------------------------------------------------------------------
  stall_cycles_reg[0]/CLK     -       -      R     (arrival)      128    -    50     0       0    (-,-) 
  stall_cycles_reg[0]/Q       -       CLK->Q R     DFFARX1_RVT      3  2.2    41   182     182    (-,-) 
  inc_add_43_38_g413__9945/C1 -       A0->C1 R     HADDX1_RVT       2  1.6    35    68     251    (-,-) 
  inc_add_43_38_g412__9315/Y  -       A1->Y  R     AND3X1_RVT       4  2.7    43    72     323    (-,-) 
  g612/Y                      -       A1->Y  R     AND4X1_RVT       8  5.3    71   106     428    (-,-) 
  inc_add_43_38_g404__8246/Y  -       A1->Y  F     NAND3X0_RVT      2  2.1    89    72     501    (-,-) 
  inc_add_43_38_g403/Y        -       A->Y   R     INVX2_RVT       14  9.0    68    72     572    (-,-) 
  inc_add_43_38_g384__9945/Y  -       A1->Y  F     NAND4X0_RVT      1  1.2    79    61     633    (-,-) 
  inc_add_43_38_g363__8428/Y  -       A1->Y  R     XNOR2X1_RVT      1  0.6    34   112     745    (-,-) 
  g451__2346/Y                -       A3->Y  R     AO22X1_RVT       1  0.6    29    57     802    (-,-) 
  g324__5122/Y                -       A1->Y  R     AND2X1_RVT       1  0.6    22    45     848    (-,-) 
  stall_cycles_reg[27]/D      -       -      R     DFFARX1_RVT      1    -     -     0     848    (-,-) 
#-------------------------------------------------------------------------------------------------------



Path 8: MET (55 ps) Setup Check with Pin active_cycles_reg[29]/CLK->D
          Group: clk
     Startpoint: (R) active_cycles_reg[0]/CLK
          Clock: (R) clk
       Endpoint: (R) active_cycles_reg[29]/D
          Clock: (R) clk

                     Capture       Launch     
        Clock Edge:+    1000            0     
       Src Latency:+       0            0     
       Net Latency:+       0 (I)        0 (I) 
           Arrival:=    1000            0     
                                              
             Setup:-      48                  
       Uncertainty:-      50                  
     Required Time:=     902                  
      Launch Clock:-       0                  
         Data Path:-     848                  
             Slack:=      55                  

#-------------------------------------------------------------------------------------------------------
#        Timing Point         Flags    Arc   Edge    Cell      Fanout Load Trans Delay Arrival Instance 
#                                                                     (fF)  (ps)  (ps)   (ps)  Location 
#-------------------------------------------------------------------------------------------------------
  active_cycles_reg[0]/CLK    -       -      R     (arrival)      128    -    50     0       0    (-,-) 
  active_cycles_reg[0]/Q      -       CLK->Q R     DFFARX1_RVT      3  2.2    41   182     182    (-,-) 
  inc_add_40_40_g413__3680/C1 -       A0->C1 R     HADDX1_RVT       2  1.6    35    68     251    (-,-) 
  inc_add_40_40_g412__6783/Y  -       A1->Y  R     AND3X1_RVT       4  2.7    43    72     323    (-,-) 
  g611/Y                      -       A1->Y  R     AND4X1_RVT       8  5.3    71   106     428    (-,-) 
  inc_add_40_40_g404__6417/Y  -       A1->Y  F     NAND3X0_RVT      2  2.1    89    72     501    (-,-) 
  inc_add_40_40_g403/Y        -       A->Y   R     INVX2_RVT       14  9.0    68    72     572    (-,-) 
  inc_add_40_40_g390__7098/Y  -       A1->Y  F     NAND4X0_RVT      1  1.2    79    61     633    (-,-) 
  inc_add_40_40_g366__9945/Y  -       A1->Y  R     XNOR2X1_RVT      1  0.6    34   112     745    (-,-) 
  g513__2398/Y                -       A3->Y  R     AO22X1_RVT       1  0.6    29    57     802    (-,-) 
  g387__4733/Y                -       A1->Y  R     AND2X1_RVT       1  0.6    22    45     848    (-,-) 
  active_cycles_reg[29]/D     -       -      R     DFFARX1_RVT      1    -     -     0     848    (-,-) 
#-------------------------------------------------------------------------------------------------------



Path 9: MET (55 ps) Setup Check with Pin active_cycles_reg[27]/CLK->D
          Group: clk
     Startpoint: (R) active_cycles_reg[0]/CLK
          Clock: (R) clk
       Endpoint: (R) active_cycles_reg[27]/D
          Clock: (R) clk

                     Capture       Launch     
        Clock Edge:+    1000            0     
       Src Latency:+       0            0     
       Net Latency:+       0 (I)        0 (I) 
           Arrival:=    1000            0     
                                              
             Setup:-      48                  
       Uncertainty:-      50                  
     Required Time:=     902                  
      Launch Clock:-       0                  
         Data Path:-     848                  
             Slack:=      55                  

#-------------------------------------------------------------------------------------------------------
#        Timing Point         Flags    Arc   Edge    Cell      Fanout Load Trans Delay Arrival Instance 
#                                                                     (fF)  (ps)  (ps)   (ps)  Location 
#-------------------------------------------------------------------------------------------------------
  active_cycles_reg[0]/CLK    -       -      R     (arrival)      128    -    50     0       0    (-,-) 
  active_cycles_reg[0]/Q      -       CLK->Q R     DFFARX1_RVT      3  2.2    41   182     182    (-,-) 
  inc_add_40_40_g413__3680/C1 -       A0->C1 R     HADDX1_RVT       2  1.6    35    68     251    (-,-) 
  inc_add_40_40_g412__6783/Y  -       A1->Y  R     AND3X1_RVT       4  2.7    43    72     323    (-,-) 
  g611/Y                      -       A1->Y  R     AND4X1_RVT       8  5.3    71   106     428    (-,-) 
  inc_add_40_40_g404__6417/Y  -       A1->Y  F     NAND3X0_RVT      2  2.1    89    72     501    (-,-) 
  inc_add_40_40_g403/Y        -       A->Y   R     INVX2_RVT       14  9.0    68    72     572    (-,-) 
  inc_add_40_40_g384__3680/Y  -       A1->Y  F     NAND4X0_RVT      1  1.2    79    61     633    (-,-) 
  inc_add_40_40_g363__4733/Y  -       A1->Y  R     XNOR2X1_RVT      1  0.6    34   112     745    (-,-) 
  g510__7410/Y                -       A3->Y  R     AO22X1_RVT       1  0.6    29    57     802    (-,-) 
  g384__1881/Y                -       A1->Y  R     AND2X1_RVT       1  0.6    22    45     848    (-,-) 
  active_cycles_reg[27]/D     -       -      R     DFFARX1_RVT      1    -     -     0     848    (-,-) 
#-------------------------------------------------------------------------------------------------------



Path 10: MET (63 ps) Setup Check with Pin tiles_completed_reg[28]/CLK->D
          Group: clk
     Startpoint: (R) tiles_completed_reg[0]/CLK
          Clock: (R) clk
       Endpoint: (R) tiles_completed_reg[28]/D
          Clock: (R) clk

                     Capture       Launch     
        Clock Edge:+    1000            0     
       Src Latency:+       0            0     
       Net Latency:+       0 (I)        0 (I) 
           Arrival:=    1000            0     
                                              
             Setup:-      48                  
       Uncertainty:-      50                  
     Required Time:=     902                  
      Launch Clock:-       0                  
         Data Path:-     839                  
             Slack:=      63                  

#-------------------------------------------------------------------------------------------------------
#        Timing Point         Flags    Arc   Edge    Cell      Fanout Load Trans Delay Arrival Instance 
#                                                                     (fF)  (ps)  (ps)   (ps)  Location 
#-------------------------------------------------------------------------------------------------------
  tiles_completed_reg[0]/CLK  -       -      R     (arrival)      128    -    50     0       0    (-,-) 
  tiles_completed_reg[0]/Q    -       CLK->Q R     DFFARX1_RVT      3  2.2    41   182     182    (-,-) 
  inc_add_46_44_g413__9945/C1 -       A0->C1 R     HADDX1_RVT       2  1.6    35    68     251    (-,-) 
  inc_add_46_44_g412__9315/Y  -       A1->Y  R     AND3X1_RVT       4  2.7    43    72     323    (-,-) 
  g2/Y                        -       A1->Y  R     AND4X1_RVT       8  5.3    71   106     428    (-,-) 
  inc_add_46_44_g404__8246/Y  -       A1->Y  F     NAND3X0_RVT      2  2.1    89    72     501    (-,-) 
  inc_add_46_44_g403/Y        -       A->Y   R     INVX2_RVT       14  9.0    68    72     572    (-,-) 
  inc_add_46_44_g391__2398/Y  -       A1->Y  F     NAND3X0_RVT      1  1.2    69    56     628    (-,-) 
  inc_add_46_44_g361__6260/Y  -       A1->Y  R     XNOR2X1_RVT      1  0.6    34   109     737    (-,-) 
  g501__5115/Y                -       A3->Y  R     AO22X1_RVT       1  0.6    29    57     794    (-,-) 
  g374__5526/Y                -       A1->Y  R     AND2X1_RVT       1  0.6    22    45     839    (-,-) 
  tiles_completed_reg[28]/D   -       -      R     DFFARX1_RVT      1    -     -     0     839    (-,-) 
#-------------------------------------------------------------------------------------------------------

