============================================================
  Generated by:           Genus(TM) Synthesis Solution 21.12-s068_1
  Generated on:           May 17 2026  03:24:47 pm
  Module:                 adder_tree_DATA_WIDTH32_NUM_INPUTS64
  Operating conditions:   _nominal_ (balanced_tree)
  Wireload mode:          enclosed
  Area mode:              timing library
============================================================

                                   
    Gate      Instances    Area            Library         
-----------------------------------------------------------
AND2X1_RVT          567   1152.797    saed32rvt_tt0p85v25c 
AND4X1_RVT           63    160.111    saed32rvt_tt0p85v25c 
AO21X1_RVT          756   1921.329    saed32rvt_tt0p85v25c 
FADDX1_RVT           63    304.210    saed32rvt_tt0p85v25c 
HADDX1_RVT          756   2497.727    saed32rvt_tt0p85v25c 
IBUFFX32_RVT          1     11.691    saed32rvt_tt0p85v25c 
IBUFFX8_RVT           1      4.320    saed32rvt_tt0p85v25c 
INVX0_RVT          1638   2081.439    saed32rvt_tt0p85v25c 
INVX1_RVT          1386   1761.218    saed32rvt_tt0p85v25c 
INVX32_RVT           30    274.476    saed32rvt_tt0p85v25c 
INVX4_RVT             1      2.033    saed32rvt_tt0p85v25c 
MUX21X1_RVT         189    624.432    saed32rvt_tt0p85v25c 
NAND2X0_RVT        4977   7589.248    saed32rvt_tt0p85v25c 
NAND3X0_RVT         945   1681.163    saed32rvt_tt0p85v25c 
NBUFFX8_RVT          15     57.182    saed32rvt_tt0p85v25c 
OA21X1_RVT          756   1921.329    saed32rvt_tt0p85v25c 
OA221X1_RVT        1008   3074.126    saed32rvt_tt0p85v25c 
OA22X1_RVT           63    160.111    saed32rvt_tt0p85v25c 
OR2X1_RVT          2961   6020.163    saed32rvt_tt0p85v25c 
SDFFARX1_RVT       4071  37246.328    saed32rvt_tt0p85v25c 
XNOR2X1_RVT         945   4082.823    saed32rvt_tt0p85v25c 
XNOR3X1_RVT          63    384.266    saed32rvt_tt0p85v25c 
-----------------------------------------------------------
total             21255  73012.521                         


                                          
     Type      Instances    Area   Area % 
------------------------------------------
sequential          4071 37246.328   51.0 
inverter            3057  4135.177    5.7 
buffer                15    57.182    0.1 
logic              14112 31573.834   43.2 
physical_cells         0     0.000    0.0 
------------------------------------------
total              21255 73012.521  100.0 

