============================================================
  Generated by:           Genus(TM) Synthesis Solution 21.12-s068_1
  Generated on:           May 17 2026  03:24:47 pm
  Module:                 adder_tree_DATA_WIDTH32_NUM_INPUTS64
  Operating conditions:   _nominal_ (balanced_tree)
  Wireload mode:          enclosed
  Area mode:              timing library
============================================================

Timing
--------

Clock Period 
-------------
clk   1000.0 


  Cost    Critical         Violating 
 Group   Path Slack  TNS     Paths   
-------------------------------------
clk             8.4   0.0          0 
default    No paths   0.0            
-------------------------------------
Total                 0.0          0 

Instance Count
--------------
Leaf Instance Count             21255 
Physical Instance count             0 
Sequential Instance Count        4071 
Combinational Instance Count    17184 
Hierarchical Instance Count         0 

Area
----
Cell Area                          73012.521
Physical Cell Area                 0.000
Total Cell Area (Cell+Physical)    73012.521
Net Area                           0.000
Total Area (Cell+Physical+Net)     73012.521

Max Fanout                         4071 (clk)
Min Fanout                         0 (rst_n)
Average Fanout                     2.3
Terms to net ratio                 3.5780
Terms to instance ratio            3.9447
Runtime                            217.41291900000002 seconds
Elapsed Runtime                    214 seconds
Genus peak memory usage            1247.38 
Innovus peak memory usage          no_value 
Hostname                           phobos.ece.pdx.edu
