
43. Printing statistics.

=== gelu_grad_unit ===

   Number of wires:              75520
   Number of wire bits:          76171
   Number of public wires:          35
   Number of public wire bits:     686
   Number of ports:                  7
   Number of port bits:             69
   Number of memories:               0
   Number of memory bits:            0
   Number of processes:              0
   Number of cells:              76134
     sky130_fd_sc_hd__a2111oi_0      3
     sky130_fd_sc_hd__a211o_2       20
     sky130_fd_sc_hd__a211oi_1      99
     sky130_fd_sc_hd__a21bo_2        3
     sky130_fd_sc_hd__a21boi_0     349
     sky130_fd_sc_hd__a21o_2       299
     sky130_fd_sc_hd__a21oi_1     4038
     sky130_fd_sc_hd__a221o_2        1
     sky130_fd_sc_hd__a221oi_1       8
     sky130_fd_sc_hd__a22o_2        96
     sky130_fd_sc_hd__a22oi_1      281
     sky130_fd_sc_hd__a2bb2oi_1     17
     sky130_fd_sc_hd__a311oi_1      66
     sky130_fd_sc_hd__a31o_2        10
     sky130_fd_sc_hd__a31oi_1      476
     sky130_fd_sc_hd__a32o_1         5
     sky130_fd_sc_hd__a32oi_1       39
     sky130_fd_sc_hd__a41o_2         4
     sky130_fd_sc_hd__a41oi_1       40
     sky130_fd_sc_hd__and2_2       573
     sky130_fd_sc_hd__and3_2       443
     sky130_fd_sc_hd__clkinv_1    8984
     sky130_fd_sc_hd__dfrtp_1      648
     sky130_fd_sc_hd__dfstp_2        1
     sky130_fd_sc_hd__lpflow_inputiso0p_1    863
     sky130_fd_sc_hd__maj3_1      1035
     sky130_fd_sc_hd__mux2i_1        4
     sky130_fd_sc_hd__nand2_1    20133
     sky130_fd_sc_hd__nand3_1     7056
     sky130_fd_sc_hd__nand3b_1     238
     sky130_fd_sc_hd__nand4_1     1499
     sky130_fd_sc_hd__nor2_1     13390
     sky130_fd_sc_hd__nor3_1       883
     sky130_fd_sc_hd__nor3b_1       40
     sky130_fd_sc_hd__nor4_1       209
     sky130_fd_sc_hd__o2111a_1      49
     sky130_fd_sc_hd__o2111ai_1     49
     sky130_fd_sc_hd__o211a_1      149
     sky130_fd_sc_hd__o211ai_1     685
     sky130_fd_sc_hd__o21a_1       453
     sky130_fd_sc_hd__o21ai_0     3767
     sky130_fd_sc_hd__o21ba_2        1
     sky130_fd_sc_hd__o21bai_1     339
     sky130_fd_sc_hd__o221a_2        3
     sky130_fd_sc_hd__o221ai_1      21
     sky130_fd_sc_hd__o22a_2        30
     sky130_fd_sc_hd__o22ai_1     1015
     sky130_fd_sc_hd__o2bb2ai_1    356
     sky130_fd_sc_hd__o311a_2        2
     sky130_fd_sc_hd__o311ai_0       6
     sky130_fd_sc_hd__o31a_2         6
     sky130_fd_sc_hd__o31ai_1       63
     sky130_fd_sc_hd__o32a_2         1
     sky130_fd_sc_hd__o32ai_1        4
     sky130_fd_sc_hd__o41ai_1        7
     sky130_fd_sc_hd__or2_2       1090
     sky130_fd_sc_hd__or2b_2        11
     sky130_fd_sc_hd__or3_2        129
     sky130_fd_sc_hd__or3b_2         1
     sky130_fd_sc_hd__or4_2          2
     sky130_fd_sc_hd__xnor2_1     1504
     sky130_fd_sc_hd__xnor3_4      148
     sky130_fd_sc_hd__xor2_1      4354
     sky130_fd_sc_hd__xor3_4        36

   Chip area for module '\gelu_grad_unit': 394208.076800
     of which used for sequential elements: 16241.827200 (4.12%)

