============================================================
  Generated by:           Genus(TM) Synthesis Solution 21.12-s068_1
  Generated on:           May 18 2026  07:34:25 pm
  Module:                 tile_buffer_DATA_WIDTH32_TILE_DIM16_NUM_RD_PORTS16
  Operating conditions:   _nominal_ (balanced_tree)
  Wireload mode:          enclosed
  Area mode:              timing library
============================================================

                                    
    Gate      Instances     Area            Library         
------------------------------------------------------------
AND2X1_RVT           53     107.757    saed32rvt_tt0p85v25c 
AND2X2_RVT           10      22.873    saed32rvt_tt0p85v25c 
AND2X4_RVT          257     718.465    saed32rvt_tt0p85v25c 
AND3X1_RVT           11      25.160    saed32rvt_tt0p85v25c 
AND4X1_RVT           13      33.039    saed32rvt_tt0p85v25c 
AO21X1_RVT          601    1527.405    saed32rvt_tt0p85v25c 
AO221X1_RVT        5940   18115.384    saed32rvt_tt0p85v25c 
AO22X1_RVT        10416   26471.639    saed32rvt_tt0p85v25c 
AOI21X1_RVT           1       3.050    saed32rvt_tt0p85v25c 
AOI221X1_RVT       4366   15534.298    saed32rvt_tt0p85v25c 
AOI222X1_RVT          4      15.249    saed32rvt_tt0p85v25c 
AOI22X1_RVT         184     561.150    saed32rvt_tt0p85v25c 
IBUFFX16_RVT         21     138.763    saed32rvt_tt0p85v25c 
IBUFFX2_RVT           5      12.707    saed32rvt_tt0p85v25c 
IBUFFX32_RVT        195    2279.672    saed32rvt_tt0p85v25c 
INVX0_RVT            73      92.763    saed32rvt_tt0p85v25c 
INVX16_RVT         1428    7258.353    saed32rvt_tt0p85v25c 
INVX1_RVT           347     440.940    saed32rvt_tt0p85v25c 
INVX2_RVT          8644   13180.924    saed32rvt_tt0p85v25c 
INVX32_RVT          574    5251.632    saed32rvt_tt0p85v25c 
INVX4_RVT          1623    3299.806    saed32rvt_tt0p85v25c 
INVX8_RVT          2476    7551.127    saed32rvt_tt0p85v25c 
MUX21X1_RVT         195     644.255    saed32rvt_tt0p85v25c 
MUX21X2_RVT          21      74.718    saed32rvt_tt0p85v25c 
MUX41X1_RVT       36618  204737.390    saed32rvt_tt0p85v25c 
MUX41X2_RVT          14      85.392    saed32rvt_tt0p85v25c 
NAND2X0_RVT        1414    2156.158    saed32rvt_tt0p85v25c 
NAND2X1_RVT          17      43.204    saed32rvt_tt0p85v25c 
NAND2X2_RVT          17      47.525    saed32rvt_tt0p85v25c 
NAND2X4_RVT          32     105.724    saed32rvt_tt0p85v25c 
NAND3X0_RVT         277     492.785    saed32rvt_tt0p85v25c 
NAND4X0_RVT         709    1441.505    saed32rvt_tt0p85v25c 
NBUFFX16_RVT        596    3635.276    saed32rvt_tt0p85v25c 
NBUFFX2_RVT          50     101.658    saed32rvt_tt0p85v25c 
NBUFFX32_RVT        122    1302.234    saed32rvt_tt0p85v25c 
NBUFFX4_RVT         543    1380.002    saed32rvt_tt0p85v25c 
NBUFFX8_RVT        1629    6210.009    saed32rvt_tt0p85v25c 
NOR2X0_RVT           43     109.282    saed32rvt_tt0p85v25c 
NOR2X2_RVT            1       2.796    saed32rvt_tt0p85v25c 
NOR2X4_RVT            9      29.735    saed32rvt_tt0p85v25c 
OA21X1_RVT           15      38.122    saed32rvt_tt0p85v25c 
OA221X1_RVT         577    1759.693    saed32rvt_tt0p85v25c 
OA22X1_RVT         1668    4239.122    saed32rvt_tt0p85v25c 
OAI22X1_RVT           7      21.348    saed32rvt_tt0p85v25c 
OR2X1_RVT           178     361.901    saed32rvt_tt0p85v25c 
OR2X2_RVT           194     443.735    saed32rvt_tt0p85v25c 
OR2X4_RVT            32      89.459    saed32rvt_tt0p85v25c 
OR3X1_RVT            11      27.956    saed32rvt_tt0p85v25c 
OR3X2_RVT             1       2.541    saed32rvt_tt0p85v25c 
OR4X1_RVT             1       3.558    saed32rvt_tt0p85v25c 
SDFFARX1_RVT       7716   70595.104    saed32rvt_tt0p85v25c 
SDFFARX2_RVT        476    4596.957    saed32rvt_tt0p85v25c 
------------------------------------------------------------
total             90425  407421.296                         


                                           
     Type      Instances    Area    Area % 
-------------------------------------------
sequential          8192  75192.060   18.5 
inverter           15386  39506.685    9.7 
buffer              2940  12629.178    3.1 
logic              63907 280093.373   68.7 
physical_cells         0      0.000    0.0 
-------------------------------------------
total              90425 407421.296  100.0 

