============================================================
  Generated by:           Genus(TM) Synthesis Solution 21.12-s068_1
  Generated on:           May 18 2026  07:34:25 pm
  Module:                 tile_buffer_DATA_WIDTH32_TILE_DIM16_NUM_RD_PORTS16
  Operating conditions:   _nominal_ (balanced_tree)
  Wireload mode:          enclosed
  Area mode:              timing library
============================================================

Timing
--------

Clock Period 
-------------
clk   1000.0 


  Cost    Critical               Violating 
 Group   Path Slack     TNS        Paths   
-------------------------------------------
clk          -263.2   -147919.0        576 
default    No paths         0.0            
-------------------------------------------
Total                 -147919.0        576 

Instance Count
--------------
Leaf Instance Count             90425 
Physical Instance count             0 
Sequential Instance Count        8192 
Combinational Instance Count    82233 
Hierarchical Instance Count         0 

Area
----
Cell Area                          407421.296
Physical Cell Area                 0.000
Total Cell Area (Cell+Physical)    407421.296
Net Area                           0.000
Total Area (Cell+Physical+Net)     407421.296

Max Fanout                         8192 (clk)
Min Fanout                         0 (rst_n)
Average Fanout                     4.3
Terms to net ratio                 5.4296
Terms to instance ratio            5.4414
Runtime                            9846.0284989979 seconds
Elapsed Runtime                    9524 seconds
Genus peak memory usage            2977.25 
Innovus peak memory usage          no_value 
Hostname                           phobos.ece.pdx.edu
