============================================================
  Generated by:           Genus(TM) Synthesis Solution 21.12-s068_1
  Generated on:           May 18 2026  07:34:14 pm
  Module:                 tile_buffer_DATA_WIDTH32_TILE_DIM16_NUM_RD_PORTS16
  Operating conditions:   _nominal_ (balanced_tree)
  Wireload mode:          enclosed
  Area mode:              timing library
============================================================


Path 1: VIOLATED (-263 ps) Late External Delay Assertion at pin mp_rd_data[14][1]
          Group: clk
     Startpoint: (R) mp_rd_col[14][2]
          Clock: (R) clk
       Endpoint: (F) mp_rd_data[14][1]
          Clock: (R) clk

                     Capture       Launch     
        Clock Edge:+    1000            0     
        Drv Adjust:+       0           13     
       Src Latency:+       0            0     
       Net Latency:+       0 (I)        0 (I) 
           Arrival:=    1000           13     
                                              
      Output Delay:-     300                  
       Uncertainty:-      50                  
     Required Time:=     650                  
      Launch Clock:-      13                  
       Input Delay:-     300                  
         Data Path:-     600                  
             Slack:=    -263                  

Exceptions/Constraints:
  input_delay              300             in_del_214_1 
  output_delay             300             ou_del_453_1 

#---------------------------------------------------------------------------------------------
#   Timing Point    Flags   Arc   Edge     Cell      Fanout Load Trans Delay Arrival Instance 
#                                                           (fF)  (ps)  (ps)   (ps)  Location 
#---------------------------------------------------------------------------------------------
  mp_rd_col[14][2]  -       -     R     (arrival)         2  3.0    31     0     313    (-,-) 
  fopt78/Y          -       A->Y  F     IBUFFX32_RVT     15 36.4    27    72     385    (-,-) 
  fopt2196951/Y     -       A->Y  R     INVX4_RVT         4  9.5    29    30     415    (-,-) 
  fopt2196950/Y     -       A->Y  R     NBUFFX16_RVT      8 37.0    36    58     473    (-,-) 
  fopt2192636/Y     -       A->Y  F     INVX32_RVT       10 46.2    26    22     495    (-,-) 
  fopt2192633/Y     -       A->Y  R     INVX16_RVT        5 23.2    22    23     518    (-,-) 
  fopt2192632/Y     -       A->Y  F     INVX16_RVT        8 24.8    20    19     538    (-,-) 
  g439768/Y         -       S1->Y F     MUX41X1_RVT       1  0.5    54   100     638    (-,-) 
  g70623/Y          -       A3->Y F     AO221X1_RVT       1  0.6    30    93     731    (-,-) 
  g2112144/Y        -       A1->Y F     AO221X1_RVT       1  0.6    30    96     827    (-,-) 
  g2112143/Y        -       A1->Y R     NAND2X0_RVT       1  0.6    36    38     865    (-,-) 
  g2104883/Y        -       A3->Y F     NAND4X0_RVT       1  0.1    45    48     913    (-,-) 
  mp_rd_data[14][1] -       -     F     (port)            -    -     -     0     913    (-,-) 
#---------------------------------------------------------------------------------------------



Path 2: VIOLATED (-263 ps) Late External Delay Assertion at pin mp_rd_data[14][26]
          Group: clk
     Startpoint: (R) mp_rd_col[14][2]
          Clock: (R) clk
       Endpoint: (F) mp_rd_data[14][26]
          Clock: (R) clk

                     Capture       Launch     
        Clock Edge:+    1000            0     
        Drv Adjust:+       0           13     
       Src Latency:+       0            0     
       Net Latency:+       0 (I)        0 (I) 
           Arrival:=    1000           13     
                                              
      Output Delay:-     300                  
       Uncertainty:-      50                  
     Required Time:=     650                  
      Launch Clock:-      13                  
       Input Delay:-     300                  
         Data Path:-     600                  
             Slack:=    -263                  

Exceptions/Constraints:
  input_delay              300             in_del_214_1 
  output_delay             300             ou_del_428_1 

#----------------------------------------------------------------------------------------------
#   Timing Point     Flags   Arc   Edge     Cell      Fanout Load Trans Delay Arrival Instance 
#                                                            (fF)  (ps)  (ps)   (ps)  Location 
#----------------------------------------------------------------------------------------------
  mp_rd_col[14][2]   -       -     R     (arrival)         2  3.0    31     0     313    (-,-) 
  fopt78/Y           -       A->Y  F     IBUFFX32_RVT     15 36.4    27    72     385    (-,-) 
  fopt77/Y           -       A->Y  F     NBUFFX16_RVT      3 32.0    31    56     440    (-,-) 
  fopt2197066/Y      -       A->Y  R     INVX8_RVT         7 11.9    24    26     467    (-,-) 
  g2117513/Y         -       S1->Y F     MUX41X1_RVT       1  0.5    54   101     568    (-,-) 
  g2117512/Y         -       A1->Y F     AO22X1_RVT        1  0.6    24    83     651    (-,-) 
  g2117509/Y         -       A5->Y F     AO221X1_RVT       1  0.5    30    53     704    (-,-) 
  g2117508/Y         -       A1->Y F     AO22X1_RVT        1  0.6    23    69     773    (-,-) 
  g2117500/Y         -       A5->Y F     AO221X1_RVT       1  0.6    30    54     827    (-,-) 
  g2117499/Y         -       A1->Y R     NAND2X0_RVT       1  0.6    36    38     865    (-,-) 
  g2114729/Y         -       A3->Y F     NAND4X0_RVT       1  0.1    46    48     913    (-,-) 
  mp_rd_data[14][26] -       -     F     (port)            -    -     -     0     913    (-,-) 
#----------------------------------------------------------------------------------------------



Path 3: VIOLATED (-263 ps) Late External Delay Assertion at pin mp_rd_data[14][29]
          Group: clk
     Startpoint: (R) mp_rd_col[14][2]
          Clock: (R) clk
       Endpoint: (F) mp_rd_data[14][29]
          Clock: (R) clk

                     Capture       Launch     
        Clock Edge:+    1000            0     
        Drv Adjust:+       0           13     
       Src Latency:+       0            0     
       Net Latency:+       0 (I)        0 (I) 
           Arrival:=    1000           13     
                                              
      Output Delay:-     300                  
       Uncertainty:-      50                  
     Required Time:=     650                  
      Launch Clock:-      13                  
       Input Delay:-     300                  
         Data Path:-     600                  
             Slack:=    -263                  

Exceptions/Constraints:
  input_delay              300             in_del_214_1 
  output_delay             300             ou_del_425_1 

#----------------------------------------------------------------------------------------------
#   Timing Point     Flags   Arc   Edge     Cell      Fanout Load Trans Delay Arrival Instance 
#                                                            (fF)  (ps)  (ps)   (ps)  Location 
#----------------------------------------------------------------------------------------------
  mp_rd_col[14][2]   -       -     R     (arrival)         2  3.0    31     0     313    (-,-) 
  fopt78/Y           -       A->Y  F     IBUFFX32_RVT     15 36.4    27    72     385    (-,-) 
  fopt2196951/Y      -       A->Y  R     INVX4_RVT         4  9.5    29    30     415    (-,-) 
  fopt2196950/Y      -       A->Y  R     NBUFFX16_RVT      8 37.0    36    58     473    (-,-) 
  fopt2192636/Y      -       A->Y  F     INVX32_RVT       10 46.2    26    22     495    (-,-) 
  fopt2192635/Y      -       A->Y  R     INVX16_RVT        3 11.7    17    19     514    (-,-) 
  g2112618/Y         -       S1->Y F     MUX41X1_RVT       1  0.6    55   100     614    (-,-) 
  g371094/Y          -       A1->Y R     AOI221X1_RVT      1  0.5    19   126     740    (-,-) 
  g37149/Y           -       A2->Y R     OA22X1_RVT        1  0.5    28    60     801    (-,-) 
  g370280/Y          -       A2->Y R     AO21X1_RVT        1  0.6    28    66     867    (-,-) 
  g370094__1881/Y    -       A3->Y F     NAND4X0_RVT       1  0.1    42    46     913    (-,-) 
  mp_rd_data[14][29] -       -     F     (port)            -    -     -     0     913    (-,-) 
#----------------------------------------------------------------------------------------------



Path 4: VIOLATED (-263 ps) Late External Delay Assertion at pin mp_rd_data[14][27]
          Group: clk
     Startpoint: (R) mp_rd_col[14][2]
          Clock: (R) clk
       Endpoint: (F) mp_rd_data[14][27]
          Clock: (R) clk

                     Capture       Launch     
        Clock Edge:+    1000            0     
        Drv Adjust:+       0           13     
       Src Latency:+       0            0     
       Net Latency:+       0 (I)        0 (I) 
           Arrival:=    1000           13     
                                              
      Output Delay:-     300                  
       Uncertainty:-      50                  
     Required Time:=     650                  
      Launch Clock:-      13                  
       Input Delay:-     300                  
         Data Path:-     600                  
             Slack:=    -263                  

Exceptions/Constraints:
  input_delay              300             in_del_214_1 
  output_delay             300             ou_del_427_1 

#----------------------------------------------------------------------------------------------
#   Timing Point     Flags   Arc   Edge     Cell      Fanout Load Trans Delay Arrival Instance 
#                                                            (fF)  (ps)  (ps)   (ps)  Location 
#----------------------------------------------------------------------------------------------
  mp_rd_col[14][2]   -       -     R     (arrival)         2  3.0    31     0     313    (-,-) 
  fopt78/Y           -       A->Y  F     IBUFFX32_RVT     15 36.4    27    72     385    (-,-) 
  fopt2196951/Y      -       A->Y  R     INVX4_RVT         4  9.5    29    30     415    (-,-) 
  fopt2196950/Y      -       A->Y  R     NBUFFX16_RVT      8 37.0    36    58     473    (-,-) 
  fopt2192636/Y      -       A->Y  F     INVX32_RVT       10 46.2    26    22     495    (-,-) 
  fopt2192635/Y      -       A->Y  R     INVX16_RVT        3 11.7    17    19     514    (-,-) 
  g442526/Y          -       S1->Y F     MUX41X1_RVT       1  0.6    55   100     614    (-,-) 
  g2117573/Y         -       A1->Y R     AOI221X1_RVT      1  0.5    19   126     740    (-,-) 
  g120/Y             -       A2->Y R     OA22X1_RVT        1  0.6    30    61     802    (-,-) 
  g118/Y             -       A5->Y R     OA221X1_RVT       1  0.6    32    62     863    (-,-) 
  g2114730__4319/Y   -       A4->Y F     NAND4X0_RVT       1  0.1    45    50     913    (-,-) 
  mp_rd_data[14][27] -       -     F     (port)            -    -     -     0     913    (-,-) 
#----------------------------------------------------------------------------------------------



Path 5: VIOLATED (-262 ps) Late External Delay Assertion at pin mp_rd_data[14][4]
          Group: clk
     Startpoint: (R) mp_rd_col[14][2]
          Clock: (R) clk
       Endpoint: (F) mp_rd_data[14][4]
          Clock: (R) clk

                     Capture       Launch     
        Clock Edge:+    1000            0     
        Drv Adjust:+       0           13     
       Src Latency:+       0            0     
       Net Latency:+       0 (I)        0 (I) 
           Arrival:=    1000           13     
                                              
      Output Delay:-     300                  
       Uncertainty:-      50                  
     Required Time:=     650                  
      Launch Clock:-      13                  
       Input Delay:-     300                  
         Data Path:-     600                  
             Slack:=    -262                  

Exceptions/Constraints:
  input_delay              300             in_del_214_1 
  output_delay             300             ou_del_450_1 

#---------------------------------------------------------------------------------------------
#   Timing Point    Flags   Arc   Edge     Cell      Fanout Load Trans Delay Arrival Instance 
#                                                           (fF)  (ps)  (ps)   (ps)  Location 
#---------------------------------------------------------------------------------------------
  mp_rd_col[14][2]  -       -     R     (arrival)         2  3.0    31     0     313    (-,-) 
  fopt78/Y          -       A->Y  F     IBUFFX32_RVT     15 36.4    27    72     385    (-,-) 
  fopt2192973/Y     -       A->Y  R     IBUFFX32_RVT      7 26.7    25    72     457    (-,-) 
  fopt2192949/Y     -       A->Y  F     INVX8_RVT         5 12.7    22    21     478    (-,-) 
  fopt2192942/Y     -       A->Y  R     INVX8_RVT         3 11.4    20    22     500    (-,-) 
  fopt2192940/Y     -       A->Y  F     INVX8_RVT         4 12.4    20    19     519    (-,-) 
  g442133/Y         -       S1->Y F     MUX41X1_RVT       1  0.6    55   101     620    (-,-) 
  g2117305/Y        -       A3->Y F     AO22X1_RVT        1  0.6    24    60     680    (-,-) 
  g2117304/Y        -       A5->Y F     AO221X1_RVT       1  0.6    30    54     734    (-,-) 
  g2117303/Y        -       A1->Y F     AO221X1_RVT       1  0.6    30    96     830    (-,-) 
  g2117302/Y        -       A1->Y R     NAND2X0_RVT       1  0.6    41    38     868    (-,-) 
  g2114726__6260/Y  -       A2->Y F     NAND4X0_RVT       1  0.1    45    44     912    (-,-) 
  mp_rd_data[14][4] -       -     F     (port)            -    -     -     0     912    (-,-) 
#---------------------------------------------------------------------------------------------



Path 6: VIOLATED (-262 ps) Late External Delay Assertion at pin mp_rd_data[14][8]
          Group: clk
     Startpoint: (R) mp_rd_col[14][2]
          Clock: (R) clk
       Endpoint: (F) mp_rd_data[14][8]
          Clock: (R) clk

                     Capture       Launch     
        Clock Edge:+    1000            0     
        Drv Adjust:+       0           13     
       Src Latency:+       0            0     
       Net Latency:+       0 (I)        0 (I) 
           Arrival:=    1000           13     
                                              
      Output Delay:-     300                  
       Uncertainty:-      50                  
     Required Time:=     650                  
      Launch Clock:-      13                  
       Input Delay:-     300                  
         Data Path:-     600                  
             Slack:=    -262                  

Exceptions/Constraints:
  input_delay              300             in_del_214_1 
  output_delay             300             ou_del_446_1 

#---------------------------------------------------------------------------------------------
#   Timing Point    Flags   Arc   Edge     Cell      Fanout Load Trans Delay Arrival Instance 
#                                                           (fF)  (ps)  (ps)   (ps)  Location 
#---------------------------------------------------------------------------------------------
  mp_rd_col[14][2]  -       -     R     (arrival)         2  3.0    31     0     313    (-,-) 
  fopt78/Y          -       A->Y  F     IBUFFX32_RVT     15 36.4    27    72     385    (-,-) 
  fopt2192973/Y     -       A->Y  R     IBUFFX32_RVT      7 26.7    25    72     457    (-,-) 
  fopt2192949/Y     -       A->Y  F     INVX8_RVT         5 12.7    22    21     478    (-,-) 
  fopt2192942/Y     -       A->Y  R     INVX8_RVT         3 11.4    20    22     500    (-,-) 
  fopt2192940/Y     -       A->Y  F     INVX8_RVT         4 12.4    20    19     519    (-,-) 
  g442314/Y         -       S1->Y F     MUX41X1_RVT       1  0.6    55   101     620    (-,-) 
  g2117391/Y        -       A3->Y F     AO22X1_RVT        1  0.6    24    60     680    (-,-) 
  g2117389/Y        -       A5->Y F     AO221X1_RVT       1  0.6    30    54     734    (-,-) 
  g2117388/Y        -       A1->Y F     AO221X1_RVT       1  0.6    30    96     830    (-,-) 
  g2117387/Y        -       A1->Y R     NAND2X0_RVT       1  0.6    41    38     868    (-,-) 
  g2114727/Y        -       A2->Y F     NAND4X0_RVT       1  0.1    45    44     912    (-,-) 
  mp_rd_data[14][8] -       -     F     (port)            -    -     -     0     912    (-,-) 
#---------------------------------------------------------------------------------------------



Path 7: VIOLATED (-262 ps) Late External Delay Assertion at pin mp_rd_data[14][18]
          Group: clk
     Startpoint: (R) mp_rd_col[14][2]
          Clock: (R) clk
       Endpoint: (F) mp_rd_data[14][18]
          Clock: (R) clk

                     Capture       Launch     
        Clock Edge:+    1000            0     
        Drv Adjust:+       0           13     
       Src Latency:+       0            0     
       Net Latency:+       0 (I)        0 (I) 
           Arrival:=    1000           13     
                                              
      Output Delay:-     300                  
       Uncertainty:-      50                  
     Required Time:=     650                  
      Launch Clock:-      13                  
       Input Delay:-     300                  
         Data Path:-     600                  
             Slack:=    -262                  

Exceptions/Constraints:
  input_delay              300             in_del_214_1 
  output_delay             300             ou_del_436_1 

#----------------------------------------------------------------------------------------------
#   Timing Point     Flags   Arc   Edge     Cell      Fanout Load Trans Delay Arrival Instance 
#                                                            (fF)  (ps)  (ps)   (ps)  Location 
#----------------------------------------------------------------------------------------------
  mp_rd_col[14][2]   -       -     R     (arrival)         2  3.0    31     0     313    (-,-) 
  fopt78/Y           -       A->Y  F     IBUFFX32_RVT     15 36.4    27    72     385    (-,-) 
  fopt2196951/Y      -       A->Y  R     INVX4_RVT         4  9.5    29    30     415    (-,-) 
  fopt2192652/Y      -       A->Y  F     INVX4_RVT         4  8.9    28    26     441    (-,-) 
  fopt2192651/Y      -       A->Y  F     NBUFFX8_RVT       3 11.6    25    50     491    (-,-) 
  fopt2192650/Y      -       A->Y  R     INVX8_RVT         4 12.4    22    24     515    (-,-) 
  g2112347/Y         -       S1->Y F     MUX41X1_RVT       1  0.6    55   102     617    (-,-) 
  g371994/Y          -       A3->Y F     AO22X1_RVT        1  0.6    24    60     677    (-,-) 
  g14358/Y           -       A5->Y R     AOI221X1_RVT      1  0.6    20    71     748    (-,-) 
  g37136/Y           -       A4->Y R     OA22X1_RVT        1  0.5    28    52     800    (-,-) 
  g370277/Y          -       A2->Y R     AO21X1_RVT        1  0.6    28    66     866    (-,-) 
  g370079/Y          -       A3->Y F     NAND4X0_RVT       1  0.1    42    46     912    (-,-) 
  mp_rd_data[14][18] -       -     F     (port)            -    -     -     0     912    (-,-) 
#----------------------------------------------------------------------------------------------



Path 8: VIOLATED (-262 ps) Late External Delay Assertion at pin mp_rd_data[14][10]
          Group: clk
     Startpoint: (R) mp_rd_col[14][2]
          Clock: (R) clk
       Endpoint: (R) mp_rd_data[14][10]
          Clock: (R) clk

                     Capture       Launch     
        Clock Edge:+    1000            0     
        Drv Adjust:+       0           13     
       Src Latency:+       0            0     
       Net Latency:+       0 (I)        0 (I) 
           Arrival:=    1000           13     
                                              
      Output Delay:-     300                  
       Uncertainty:-      50                  
     Required Time:=     650                  
      Launch Clock:-      13                  
       Input Delay:-     300                  
         Data Path:-     599                  
             Slack:=    -262                  

Exceptions/Constraints:
  input_delay              300             in_del_214_1 
  output_delay             300             ou_del_444_1 

#----------------------------------------------------------------------------------------------
#   Timing Point     Flags   Arc   Edge     Cell      Fanout Load Trans Delay Arrival Instance 
#                                                            (fF)  (ps)  (ps)   (ps)  Location 
#----------------------------------------------------------------------------------------------
  mp_rd_col[14][2]   -       -     R     (arrival)         2  3.0    31     0     313    (-,-) 
  fopt78/Y           -       A->Y  F     IBUFFX32_RVT     15 36.4    27    72     385    (-,-) 
  fopt2192973/Y      -       A->Y  R     IBUFFX32_RVT      7 26.7    25    72     457    (-,-) 
  fopt2192961/Y      -       A->Y  F     INVX4_RVT         2  8.5    26    24     481    (-,-) 
  fopt2192959/Y      -       A->Y  R     INVX8_RVT         6 18.6    28    29     510    (-,-) 
  g375334/Y          -       S1->Y R     MUX41X1_RVT       1  0.6    41   100     609    (-,-) 
  g374345/Y          -       A3->Y R     AO22X1_RVT        1  0.6    29    59     668    (-,-) 
  g373407/Y          -       A5->Y F     AOI221X1_RVT      1  0.5    24    77     745    (-,-) 
  g373208/Y          -       A4->Y F     OA22X1_RVT        1  0.6    32    58     803    (-,-) 
  g372819/Y          -       A5->Y F     OA221X1_RVT       1  0.6    40    64     868    (-,-) 
  g2197094/Y         -       A4->Y R     NAND4X0_RVT       1  0.1    39    45     912    (-,-) 
  mp_rd_data[14][10] -       -     R     (port)            -    -     -     0     912    (-,-) 
#----------------------------------------------------------------------------------------------



Path 9: VIOLATED (-262 ps) Late External Delay Assertion at pin mp_rd_data[14][12]
          Group: clk
     Startpoint: (R) mp_rd_col[14][2]
          Clock: (R) clk
       Endpoint: (F) mp_rd_data[14][12]
          Clock: (R) clk

                     Capture       Launch     
        Clock Edge:+    1000            0     
        Drv Adjust:+       0           13     
       Src Latency:+       0            0     
       Net Latency:+       0 (I)        0 (I) 
           Arrival:=    1000           13     
                                              
      Output Delay:-     300                  
       Uncertainty:-      50                  
     Required Time:=     650                  
      Launch Clock:-      13                  
       Input Delay:-     300                  
         Data Path:-     599                  
             Slack:=    -262                  

Exceptions/Constraints:
  input_delay              300             in_del_214_1 
  output_delay             300             ou_del_442_1 

#----------------------------------------------------------------------------------------------
#   Timing Point     Flags   Arc   Edge     Cell      Fanout Load Trans Delay Arrival Instance 
#                                                            (fF)  (ps)  (ps)   (ps)  Location 
#----------------------------------------------------------------------------------------------
  mp_rd_col[14][2]   -       -     R     (arrival)         2  3.0    31     0     313    (-,-) 
  fopt78/Y           -       A->Y  F     IBUFFX32_RVT     15 36.4    27    72     385    (-,-) 
  fopt2192905/Y      -       A->Y  F     NBUFFX4_RVT       2 10.8    34    58     442    (-,-) 
  fopt2192896/Y      -       A->Y  R     INVX8_RVT         3 11.7    25    27     470    (-,-) 
  g375610/Y          -       S1->Y F     MUX41X1_RVT       1  0.5    54   102     571    (-,-) 
  g374432/Y          -       A1->Y F     AO22X1_RVT        1  0.6    24    83     654    (-,-) 
  g373493/Y          -       A5->Y F     AO221X1_RVT       1  0.5    30    53     708    (-,-) 
  g372984/Y          -       A1->Y F     AO22X1_RVT        1  0.6    26    69     776    (-,-) 
  g372839/Y          -       A5->Y F     AO221X1_RVT       1  0.6    30    55     831    (-,-) 
  g372654/Y          -       A1->Y R     NAND2X0_RVT       1  0.6    35    38     870    (-,-) 
  g372608/Y          -       A2->Y F     NAND4X0_RVT       1  0.1    46    43     912    (-,-) 
  mp_rd_data[14][12] -       -     F     (port)            -    -     -     0     912    (-,-) 
#----------------------------------------------------------------------------------------------



Path 10: VIOLATED (-262 ps) Late External Delay Assertion at pin mp_rd_data[15][10]
          Group: clk
     Startpoint: (R) mp_rd_col[15][1]
          Clock: (R) clk
       Endpoint: (F) mp_rd_data[15][10]
          Clock: (R) clk

                     Capture       Launch     
        Clock Edge:+    1000            0     
        Drv Adjust:+       0            5     
       Src Latency:+       0            0     
       Net Latency:+       0 (I)        0 (I) 
           Arrival:=    1000            5     
                                              
      Output Delay:-     300                  
       Uncertainty:-      50                  
     Required Time:=     650                  
      Launch Clock:-       5                  
       Input Delay:-     300                  
         Data Path:-     607                  
             Slack:=    -262                  

Exceptions/Constraints:
  input_delay              300             in_del_207_1 
  output_delay             300             ou_del_412_1 

#-----------------------------------------------------------------------------------------------
#   Timing Point     Flags   Arc   Edge     Cell      Fanout  Load Trans Delay Arrival Instance 
#                                                             (fF)  (ps)  (ps)   (ps)  Location 
#-----------------------------------------------------------------------------------------------
  mp_rd_col[15][1]   -       -     R     (arrival)         1   1.5    16     0     305    (-,-) 
  fopt7/Y            -       A->Y  F     INVX2_RVT         2   5.5    28    25     330    (-,-) 
  fopt2182920/Y      -       A->Y  F     NBUFFX32_RVT      7  81.0    36    63     393    (-,-) 
  fopt2182731/Y      -       A->Y  R     INVX32_RVT      128 165.2    50    47     440    (-,-) 
  fopt2182696/Y      -       A->Y  R     NBUFFX16_RVT     62  80.6    57    81     520    (-,-) 
  g435650/Y          -       S0->Y F     MUX41X1_RVT       1   0.5    54    63     584    (-,-) 
  g2200671/Y         -       A1->Y F     AO22X1_RVT        1   0.6    25    83     666    (-,-) 
  g76995/Y           -       A5->Y F     AO221X1_RVT       1   0.6    30    54     721    (-,-) 
  g431518/Y          -       A3->Y F     AO22X1_RVT        1   0.6    23    50     770    (-,-) 
  g431242/Y          -       A5->Y F     AO221X1_RVT       1   0.6    30    54     824    (-,-) 
  g430999/Y          -       A1->Y R     NAND2X0_RVT       1   0.6    35    38     862    (-,-) 
  g430910/Y          -       A4->Y F     NAND4X0_RVT       1   0.1    44    50     912    (-,-) 
  mp_rd_data[15][10] -       -     F     (port)            -     -     -     0     912    (-,-) 
#-----------------------------------------------------------------------------------------------

