
43. Printing statistics.

=== pipeline_stage ===

   Number of wires:                108
   Number of wire bits:            170
   Number of public wires:           8
   Number of public wire bits:      70
   Number of ports:                  8
   Number of port bits:             70
   Number of memories:               0
   Number of memory bits:            0
   Number of processes:              0
   Number of cells:                134
     sky130_fd_sc_hd__and2b_2        1
     sky130_fd_sc_hd__clkinv_1      34
     sky130_fd_sc_hd__dfrtp_1       33
     sky130_fd_sc_hd__nand2_1        2
     sky130_fd_sc_hd__nand3_1       32
     sky130_fd_sc_hd__o21ai_0       32

   Chip area for module '\pipeline_stage': 1289.987200
     of which used for sequential elements: 825.792000 (64.02%)

