
44. Printing statistics.

=== softmax_unit ===

   Number of wires:             214859
   Number of wire bits:         215575
   Number of public wires:          29
   Number of public wire bits:     745
   Number of ports:                  9
   Number of port bits:            270
   Number of memories:               0
   Number of memory bits:            0
   Number of processes:              0
   Number of cells:             215434
     sky130_fd_sc_hd__a2111o_1       1
     sky130_fd_sc_hd__a2111oi_0     13
     sky130_fd_sc_hd__a211o_2       54
     sky130_fd_sc_hd__a211oi_1     775
     sky130_fd_sc_hd__a21bo_2        5
     sky130_fd_sc_hd__a21boi_0    2707
     sky130_fd_sc_hd__a21o_2      1525
     sky130_fd_sc_hd__a21oi_1    17431
     sky130_fd_sc_hd__a221o_2       13
     sky130_fd_sc_hd__a221oi_1      56
     sky130_fd_sc_hd__a22o_2       230
     sky130_fd_sc_hd__a22oi_1     1077
     sky130_fd_sc_hd__a2bb2oi_1     69
     sky130_fd_sc_hd__a311o_2        8
     sky130_fd_sc_hd__a311oi_1     216
     sky130_fd_sc_hd__a31o_2       125
     sky130_fd_sc_hd__a31oi_1     1789
     sky130_fd_sc_hd__a32o_1        23
     sky130_fd_sc_hd__a32oi_1      155
     sky130_fd_sc_hd__a41o_2         9
     sky130_fd_sc_hd__a41oi_1      153
     sky130_fd_sc_hd__and2_2      1401
     sky130_fd_sc_hd__and2b_2        5
     sky130_fd_sc_hd__and3_2      2440
     sky130_fd_sc_hd__and3b_2        3
     sky130_fd_sc_hd__clkinv_1   20871
     sky130_fd_sc_hd__dfrtp_1      604
     sky130_fd_sc_hd__lpflow_inputiso0p_1    729
     sky130_fd_sc_hd__maj3_1       590
     sky130_fd_sc_hd__mux2_2         1
     sky130_fd_sc_hd__mux2i_1       38
     sky130_fd_sc_hd__nand2_1    53380
     sky130_fd_sc_hd__nand3_1    36957
     sky130_fd_sc_hd__nand3b_1    2366
     sky130_fd_sc_hd__nand4_1     6936
     sky130_fd_sc_hd__nor2_1     21949
     sky130_fd_sc_hd__nor3_1      3408
     sky130_fd_sc_hd__nor3b_1      353
     sky130_fd_sc_hd__nor4_1       603
     sky130_fd_sc_hd__nor4b_1        4
     sky130_fd_sc_hd__o2111a_1     168
     sky130_fd_sc_hd__o2111ai_1    209
     sky130_fd_sc_hd__o211a_1     1168
     sky130_fd_sc_hd__o211ai_1    1890
     sky130_fd_sc_hd__o21a_1      1170
     sky130_fd_sc_hd__o21ai_0    13832
     sky130_fd_sc_hd__o21ba_2       13
     sky130_fd_sc_hd__o21bai_1    2048
     sky130_fd_sc_hd__o221a_2        2
     sky130_fd_sc_hd__o221ai_1     124
     sky130_fd_sc_hd__o22a_2        34
     sky130_fd_sc_hd__o22ai_1     2726
     sky130_fd_sc_hd__o2bb2ai_1   2013
     sky130_fd_sc_hd__o311a_2       38
     sky130_fd_sc_hd__o311ai_0      29
     sky130_fd_sc_hd__o31a_2        26
     sky130_fd_sc_hd__o31ai_1      166
     sky130_fd_sc_hd__o32ai_1       24
     sky130_fd_sc_hd__o41ai_1       13
     sky130_fd_sc_hd__or2_2       1560
     sky130_fd_sc_hd__or2b_2        46
     sky130_fd_sc_hd__or3_2         80
     sky130_fd_sc_hd__or3b_2         5
     sky130_fd_sc_hd__or4_2          5
     sky130_fd_sc_hd__xnor2_1     1996
     sky130_fd_sc_hd__xnor3_4     1932
     sky130_fd_sc_hd__xor2_1      4698
     sky130_fd_sc_hd__xor3_4       347

   Chip area for module '\softmax_unit': 1134454.281602
     of which used for sequential elements: 15114.496000 (1.33%)

