###############################################################
#  Generated by:      Cadence Innovus 21.14-s109_1
#  OS:                Linux x86_64(Host ID phobos.ece.pdx.edu)
#  Generated on:      Sun Jun  7 16:29:20 2026
#  Design:            stream_pipeline_DATA_WIDTH32_ARRAY_DIM64_USE_LUT_SOFTMAX1_USE_LUT_GELU1_USE_PIPED4_MAC1_USE_PIPED_MAC1
#  Command:           report_timing -max_paths 10 > "${RPT_DIR}/timing_post_place.rpt"
###############################################################
Path 1: VIOLATED Setup Check with Pin u_fused/g_gelu_lut.u_gelu/s1_sat_pos_reg/
CLK 
Endpoint:   u_fused/g_gelu_lut.u_gelu/s1_sat_pos_reg/D (^) checked with  
leading edge of 'clk'
Beginpoint: out_col_cnt_reg[1]/Q                       (^) triggered by  
leading edge of 'clk'
Path Groups: {clk}
Analysis View: av_typ
Other End Arrival Time          0.000
- Setup                         0.052
+ Phase Shift                   2.000
- Uncertainty                   0.050
= Required Time                 1.898
- Arrival Time                  6.861
= Slack Time                   -4.962
     Clock Rise Edge                 0.000
     + Clock Network Latency (Ideal) 0.000
     = Beginpoint Arrival Time       0.000
     +-----------------------------------------------------------------------------------------------------+ 
     |                 Instance                 |     Arc      |     Cell     | Delay | Arrival | Required | 
     |                                          |              |              |       |  Time   |   Time   | 
     |------------------------------------------+--------------+--------------+-------+---------+----------| 
     | out_col_cnt_reg[1]                       | CLK ^        |              |       |   0.000 |   -4.962 | 
     | out_col_cnt_reg[1]                       | CLK ^ -> Q ^ | DFFARX2_RVT  | 0.223 |   0.223 |   -4.739 | 
     | g415005                                  | A ^ -> Y v   | INVX1_RVT    | 0.040 |   0.263 |   -4.699 | 
     | g414997                                  | A1 v -> Y ^  | NAND2X0_RVT  | 0.094 |   0.357 |   -4.605 | 
     | g414968                                  | A2 ^ -> Y ^  | OR2X1_RVT    | 0.093 |   0.450 |   -4.512 | 
     | g414956                                  | A ^ -> Y v   | INVX4_RVT    | 0.049 |   0.499 |   -4.463 | 
     | g414747                                  | A1 v -> Y v  | AND2X1_RVT   | 0.067 |   0.566 |   -4.396 | 
     | FE_OFC546126_n_774702                    | A v -> Y v   | NBUFFX8_RVT  | 0.062 |   0.628 |   -4.334 | 
     | FE_OFC467474_n_774702                    | A v -> Y v   | NBUFFX4_RVT  | 0.072 |   0.699 |   -4.263 | 
     | FE_OFC467476_n_774702                    | A v -> Y ^   | INVX8_RVT    | 0.050 |   0.750 |   -4.212 | 
     | FE_OFC467478_n_774702                    | A ^ -> Y ^   | NBUFFX8_RVT  | 0.082 |   0.832 |   -4.130 | 
     | FE_OFC467480_n_774702                    | A ^ -> Y v   | INVX8_RVT    | 0.051 |   0.882 |   -4.080 | 
     | FE_OFC467482_n_774702                    | A v -> Y v   | NBUFFX4_RVT  | 0.082 |   0.965 |   -3.997 | 
     | FE_OFC467484_n_774702                    | A v -> Y v   | NBUFFX8_RVT  | 0.080 |   1.045 |   -3.917 | 
     | FE_OFC467486_n_774702                    | A v -> Y v   | NBUFFX8_RVT  | 0.092 |   1.137 |   -3.825 | 
     | FE_OFC467488_n_774702                    | A v -> Y v   | NBUFFX8_RVT  | 0.092 |   1.229 |   -3.733 | 
     | FE_OFC467490_n_774702                    | A v -> Y v   | NBUFFX32_RVT | 0.081 |   1.310 |   -3.652 | 
     | FE_OFC467492_n_774702                    | A v -> Y ^   | INVX8_RVT    | 0.114 |   1.425 |   -3.537 | 
     | FE_OFC467494_n_774702                    | A ^ -> Y v   | INVX8_RVT    | 0.060 |   1.485 |   -3.477 | 
     | FE_OFC467496_n_774702                    | A v -> Y v   | NBUFFX8_RVT  | 0.096 |   1.581 |   -3.381 | 
     | FE_OFC467498_n_774702                    | A v -> Y ^   | INVX8_RVT    | 0.065 |   1.646 |   -3.316 | 
     | FE_OFC467500_n_774702                    | A ^ -> Y v   | INVX8_RVT    | 0.058 |   1.704 |   -3.258 | 
     | FE_OFC467502_n_774702                    | A v -> Y ^   | INVX8_RVT    | 0.071 |   1.775 |   -3.187 | 
     | FE_OFC467504_n_774702                    | A ^ -> Y v   | INVX8_RVT    | 0.063 |   1.838 |   -3.124 | 
     | FE_OFC467506_n_774702                    | A v -> Y v   | NBUFFX8_RVT  | 0.090 |   1.928 |   -3.034 | 
     | FE_OFC467508_n_774702                    | A v -> Y v   | NBUFFX8_RVT  | 0.087 |   2.015 |   -2.947 | 
     | FE_OFC467510_n_774702                    | A v -> Y ^   | INVX8_RVT    | 0.065 |   2.080 |   -2.882 | 
     | FE_OFC467512_n_774702                    | A ^ -> Y v   | INVX8_RVT    | 0.058 |   2.138 |   -2.824 | 
     | FE_OFC467514_n_774702                    | A v -> Y ^   | INVX8_RVT    | 0.069 |   2.207 |   -2.755 | 
     | FE_OFC467516_n_774702                    | A ^ -> Y v   | INVX32_RVT   | 0.040 |   2.247 |   -2.715 | 
     | FE_OFC467518_n_774702                    | A v -> Y ^   | INVX8_RVT    | 0.099 |   2.346 |   -2.616 | 
     | FE_OFC467520_n_774702                    | A ^ -> Y v   | INVX8_RVT    | 0.058 |   2.404 |   -2.558 | 
     | FE_OFC467522_n_774702                    | A v -> Y v   | NBUFFX8_RVT  | 0.090 |   2.494 |   -2.468 | 
     | FE_OFC467524_n_774702                    | A v -> Y v   | NBUFFX8_RVT  | 0.090 |   2.584 |   -2.378 | 
     | FE_OFC467526_n_774702                    | A v -> Y v   | NBUFFX4_RVT  | 0.095 |   2.679 |   -2.283 | 
     | FE_OFC467528_n_774702                    | A v -> Y ^   | INVX8_RVT    | 0.061 |   2.740 |   -2.222 | 
     | FE_OFC467530_n_774702                    | A ^ -> Y v   | INVX8_RVT    | 0.056 |   2.796 |   -2.166 | 
     | FE_OFC467532_n_774702                    | A v -> Y v   | NBUFFX8_RVT  | 0.087 |   2.883 |   -2.079 | 
     | FE_OFC467534_n_774702                    | A v -> Y v   | NBUFFX8_RVT  | 0.086 |   2.969 |   -1.993 | 
     | g372325                                  | A1 v -> Y v  | AND2X4_RVT   | 0.122 |   3.091 |   -1.871 | 
     | FE_OFC490501_n_780118                    | A v -> Y v   | NBUFFX2_RVT  | 0.088 |   3.179 |   -1.783 | 
     | g370724                                  | A3 v -> Y v  | AO22X1_RVT   | 0.063 |   3.243 |   -1.720 | 
     | g365239                                  | A5 v -> Y v  | AO221X1_RVT  | 0.058 |   3.300 |   -1.662 | 
     | FE_OFC546981_n_780120                    | A v -> Y v   | NBUFFX4_RVT  | 0.064 |   3.365 |   -1.597 | 
     | FE_OFC500894_n_780120                    | A v -> Y v   | NBUFFX4_RVT  | 0.068 |   3.432 |   -1.530 | 
     | g359316                                  | A3 v -> Y ^  | NOR4X1_RVT   | 0.115 |   3.547 |   -1.415 | 
     | FE_OFC522145_n_780127                    | A ^ -> Y ^   | NBUFFX2_RVT  | 0.071 |   3.618 |   -1.344 | 
     | g345804                                  | A2 ^ -> Y v  | NAND4X0_RVT  | 0.157 |   3.775 |   -1.187 | 
     | FE_OFC524764_n_780178                    | A v -> Y ^   | INVX8_RVT    | 0.105 |   3.879 |   -1.083 | 
     | FE_OFC524765_n_780178                    | A ^ -> Y v   | INVX8_RVT    | 0.067 |   3.947 |   -1.015 | 
     | FE_OFC524766_n_780178                    | A v -> Y v   | NBUFFX8_RVT  | 0.098 |   4.045 |   -0.917 | 
     | g343553                                  | A2 v -> Y ^  | NOR4X1_RVT   | 0.168 |   4.214 |   -0.748 | 
     | FE_OFC525441_n_780387                    | A ^ -> Y v   | INVX8_RVT    | 0.054 |   4.268 |   -0.694 | 
     | FE_OFC525442_n_780387                    | A v -> Y v   | NBUFFX8_RVT  | 0.094 |   4.362 |   -0.601 | 
     | FE_OFC525443_n_780387                    | A v -> Y ^   | INVX8_RVT    | 0.071 |   4.432 |   -0.530 | 
     | FE_OFC525444_n_780387                    | A ^ -> Y v   | INVX8_RVT    | 0.059 |   4.491 |   -0.471 | 
     | FE_OFC525445_n_780387                    | A v -> Y ^   | INVX8_RVT    | 0.060 |   4.552 |   -0.410 | 
     | FE_OFC525446_n_780387                    | A ^ -> Y v   | INVX8_RVT    | 0.050 |   4.602 |   -0.360 | 
     | FE_OFC525447_n_780387                    | A v -> Y ^   | INVX8_RVT    | 0.056 |   4.658 |   -0.304 | 
     | FE_OFC525448_n_780387                    | A ^ -> Y ^   | NBUFFX4_RVT  | 0.086 |   4.743 |   -0.219 | 
     | FE_OFC525449_n_780387                    | A ^ -> Y v   | INVX8_RVT    | 0.054 |   4.798 |   -0.164 | 
     | FE_OFC525450_n_780387                    | A v -> Y v   | NBUFFX8_RVT  | 0.091 |   4.889 |   -0.073 | 
     | FE_OFC525451_n_780387                    | A v -> Y ^   | INVX8_RVT    | 0.064 |   4.952 |   -0.010 | 
     | FE_OFC525452_n_780387                    | A ^ -> Y ^   | NBUFFX8_RVT  | 0.086 |   5.038 |    0.076 | 
     | g343501                                  | A1 ^ -> Y v  | NAND3X0_RVT  | 0.139 |   5.177 |    0.215 | 
     | FE_OFC525678_n_780593                    | A v -> Y ^   | INVX8_RVT    | 0.102 |   5.279 |    0.317 | 
     | FE_OFC525679_n_780593                    | A ^ -> Y v   | INVX8_RVT    | 0.072 |   5.351 |    0.389 | 
     | g343382                                  | A4 v -> Y ^  | NOR4X1_RVT   | 0.143 |   5.494 |    0.531 | 
     | FE_OFC525801_n_780594                    | A ^ -> Y v   | INVX8_RVT    | 0.053 |   5.547 |    0.585 | 
     | FE_OFC525802_n_780594                    | A v -> Y ^   | INVX8_RVT    | 0.064 |   5.610 |    0.648 | 
     | FE_OFC525803_n_780594                    | A ^ -> Y v   | INVX8_RVT    | 0.054 |   5.664 |    0.702 | 
     | FE_OFC525804_n_780594                    | A v -> Y ^   | INVX8_RVT    | 0.069 |   5.733 |    0.771 | 
     | FE_OFC525805_n_780594                    | A ^ -> Y ^   | NBUFFX8_RVT  | 0.090 |   5.823 |    0.861 | 
     | g343341                                  | A2 ^ -> Y v  | NAND4X0_RVT  | 0.166 |   5.989 |    1.027 | 
     | FE_OFC525942_n_781330                    | A v -> Y ^   | INVX8_RVT    | 0.114 |   6.103 |    1.141 | 
     | FE_OFC525943_n_781330                    | A ^ -> Y v   | INVX8_RVT    | 0.067 |   6.170 |    1.208 | 
     | FE_OFC525944_n_781330                    | A v -> Y ^   | INVX8_RVT    | 0.071 |   6.240 |    1.278 | 
     | FE_OFC525945_n_781330                    | A ^ -> Y v   | INVX8_RVT    | 0.057 |   6.297 |    1.335 | 
     | FE_OFC525946_n_781330                    | A v -> Y ^   | INVX8_RVT    | 0.069 |   6.366 |    1.404 | 
     | FE_OFC525947_n_781330                    | A ^ -> Y v   | INVX8_RVT    | 0.063 |   6.430 |    1.467 | 
     | g445                                     | A3 v -> Y v  | OR3X2_RVT    | 0.113 |   6.542 |    1.580 | 
     | u_fused/g_gelu_lut.u_gelu/g1982          | A v -> Y ^   | INVX0_RVT    | 0.038 |   6.581 |    1.618 | 
     | u_fused/g_gelu_lut.u_gelu/g1979          | A1 ^ -> Y v  | NAND2X0_RVT  | 0.073 |   6.653 |    1.691 | 
     | u_fused/g_gelu_lut.u_gelu/g1840          | A3 v -> Y v  | AO21X1_RVT   | 0.085 |   6.739 |    1.777 | 
     | u_fused/g_gelu_lut.u_gelu/g1824          | A2 v -> Y ^  | NAND3X0_RVT  | 0.044 |   6.783 |    1.821 | 
     | u_fused/g_gelu_lut.u_gelu/g1823          | A2 ^ -> Y ^  | AO22X1_RVT   | 0.078 |   6.861 |    1.898 | 
     | u_fused/g_gelu_lut.u_gelu/s1_sat_pos_reg | D ^          | DFFARX1_RVT  | 0.000 |   6.861 |    1.898 | 
     +-----------------------------------------------------------------------------------------------------+ 
Path 2: VIOLATED Setup Check with Pin u_fused/data_out_reg[31]/CLK 
Endpoint:   u_fused/data_out_reg[31]/D (v) checked with  leading edge of 'clk'
Beginpoint: out_col_cnt_reg[1]/Q       (^) triggered by  leading edge of 'clk'
Path Groups: {clk}
Analysis View: av_typ
Other End Arrival Time          0.000
- Setup                         0.039
+ Phase Shift                   2.000
- Uncertainty                   0.050
= Required Time                 1.911
- Arrival Time                  6.643
= Slack Time                   -4.733
     Clock Rise Edge                 0.000
     + Clock Network Latency (Ideal) 0.000
     = Beginpoint Arrival Time       0.000
     +-------------------------------------------------------------------------------------+ 
     |         Instance         |     Arc      |     Cell     | Delay | Arrival | Required | 
     |                          |              |              |       |  Time   |   Time   | 
     |--------------------------+--------------+--------------+-------+---------+----------| 
     | out_col_cnt_reg[1]       | CLK ^        |              |       |   0.000 |   -4.733 | 
     | out_col_cnt_reg[1]       | CLK ^ -> Q ^ | DFFARX2_RVT  | 0.223 |   0.223 |   -4.509 | 
     | g415005                  | A ^ -> Y v   | INVX1_RVT    | 0.040 |   0.263 |   -4.470 | 
     | g414997                  | A1 v -> Y ^  | NAND2X0_RVT  | 0.094 |   0.357 |   -4.376 | 
     | g414968                  | A2 ^ -> Y ^  | OR2X1_RVT    | 0.093 |   0.450 |   -4.283 | 
     | g414956                  | A ^ -> Y v   | INVX4_RVT    | 0.049 |   0.499 |   -4.234 | 
     | g414747                  | A1 v -> Y v  | AND2X1_RVT   | 0.067 |   0.566 |   -4.167 | 
     | FE_OFC546126_n_774702    | A v -> Y v   | NBUFFX8_RVT  | 0.062 |   0.628 |   -4.105 | 
     | FE_OFC467474_n_774702    | A v -> Y v   | NBUFFX4_RVT  | 0.072 |   0.699 |   -4.033 | 
     | FE_OFC467476_n_774702    | A v -> Y ^   | INVX8_RVT    | 0.050 |   0.750 |   -3.983 | 
     | FE_OFC467478_n_774702    | A ^ -> Y ^   | NBUFFX8_RVT  | 0.082 |   0.832 |   -3.901 | 
     | FE_OFC467480_n_774702    | A ^ -> Y v   | INVX8_RVT    | 0.051 |   0.882 |   -3.850 | 
     | FE_OFC467482_n_774702    | A v -> Y v   | NBUFFX4_RVT  | 0.082 |   0.965 |   -3.768 | 
     | FE_OFC467484_n_774702    | A v -> Y v   | NBUFFX8_RVT  | 0.080 |   1.045 |   -3.687 | 
     | FE_OFC467486_n_774702    | A v -> Y v   | NBUFFX8_RVT  | 0.092 |   1.137 |   -3.595 | 
     | FE_OFC467488_n_774702    | A v -> Y v   | NBUFFX8_RVT  | 0.092 |   1.229 |   -3.503 | 
     | FE_OFC467490_n_774702    | A v -> Y v   | NBUFFX32_RVT | 0.081 |   1.310 |   -3.423 | 
     | FE_OFC467492_n_774702    | A v -> Y ^   | INVX8_RVT    | 0.114 |   1.425 |   -3.308 | 
     | FE_OFC467494_n_774702    | A ^ -> Y v   | INVX8_RVT    | 0.060 |   1.485 |   -3.248 | 
     | FE_OFC467496_n_774702    | A v -> Y v   | NBUFFX8_RVT  | 0.096 |   1.581 |   -3.152 | 
     | FE_OFC467498_n_774702    | A v -> Y ^   | INVX8_RVT    | 0.065 |   1.646 |   -3.087 | 
     | FE_OFC467500_n_774702    | A ^ -> Y v   | INVX8_RVT    | 0.058 |   1.704 |   -3.029 | 
     | FE_OFC467502_n_774702    | A v -> Y ^   | INVX8_RVT    | 0.071 |   1.775 |   -2.958 | 
     | FE_OFC467504_n_774702    | A ^ -> Y v   | INVX8_RVT    | 0.063 |   1.838 |   -2.895 | 
     | FE_OFC467506_n_774702    | A v -> Y v   | NBUFFX8_RVT  | 0.090 |   1.928 |   -2.805 | 
     | FE_OFC467508_n_774702    | A v -> Y v   | NBUFFX8_RVT  | 0.087 |   2.015 |   -2.718 | 
     | FE_OFC467510_n_774702    | A v -> Y ^   | INVX8_RVT    | 0.065 |   2.080 |   -2.653 | 
     | FE_OFC467512_n_774702    | A ^ -> Y v   | INVX8_RVT    | 0.058 |   2.138 |   -2.595 | 
     | FE_OFC467514_n_774702    | A v -> Y ^   | INVX8_RVT    | 0.069 |   2.207 |   -2.525 | 
     | FE_OFC467516_n_774702    | A ^ -> Y v   | INVX32_RVT   | 0.040 |   2.247 |   -2.485 | 
     | FE_OFC467518_n_774702    | A v -> Y ^   | INVX8_RVT    | 0.099 |   2.346 |   -2.387 | 
     | FE_OFC467520_n_774702    | A ^ -> Y v   | INVX8_RVT    | 0.058 |   2.404 |   -2.329 | 
     | FE_OFC467522_n_774702    | A v -> Y v   | NBUFFX8_RVT  | 0.090 |   2.494 |   -2.239 | 
     | FE_OFC467524_n_774702    | A v -> Y v   | NBUFFX8_RVT  | 0.090 |   2.584 |   -2.149 | 
     | FE_OFC467526_n_774702    | A v -> Y v   | NBUFFX4_RVT  | 0.095 |   2.679 |   -2.053 | 
     | FE_OFC467528_n_774702    | A v -> Y ^   | INVX8_RVT    | 0.061 |   2.740 |   -1.993 | 
     | FE_OFC467530_n_774702    | A ^ -> Y v   | INVX8_RVT    | 0.056 |   2.796 |   -1.937 | 
     | FE_OFC467532_n_774702    | A v -> Y v   | NBUFFX8_RVT  | 0.087 |   2.883 |   -1.850 | 
     | FE_OFC467534_n_774702    | A v -> Y v   | NBUFFX8_RVT  | 0.086 |   2.969 |   -1.763 | 
     | g372325                  | A1 v -> Y v  | AND2X4_RVT   | 0.122 |   3.091 |   -1.641 | 
     | FE_OFC490501_n_780118    | A v -> Y v   | NBUFFX2_RVT  | 0.088 |   3.179 |   -1.554 | 
     | g370724                  | A3 v -> Y v  | AO22X1_RVT   | 0.063 |   3.243 |   -1.490 | 
     | g365239                  | A5 v -> Y v  | AO221X1_RVT  | 0.058 |   3.300 |   -1.433 | 
     | FE_OFC546981_n_780120    | A v -> Y v   | NBUFFX4_RVT  | 0.064 |   3.365 |   -1.368 | 
     | FE_OFC500894_n_780120    | A v -> Y v   | NBUFFX4_RVT  | 0.068 |   3.432 |   -1.301 | 
     | g359316                  | A3 v -> Y ^  | NOR4X1_RVT   | 0.115 |   3.547 |   -1.186 | 
     | FE_OFC522145_n_780127    | A ^ -> Y ^   | NBUFFX2_RVT  | 0.071 |   3.618 |   -1.115 | 
     | g345804                  | A2 ^ -> Y v  | NAND4X0_RVT  | 0.157 |   3.775 |   -0.958 | 
     | FE_OFC524764_n_780178    | A v -> Y ^   | INVX8_RVT    | 0.105 |   3.879 |   -0.853 | 
     | FE_OFC524765_n_780178    | A ^ -> Y v   | INVX8_RVT    | 0.067 |   3.947 |   -0.786 | 
     | FE_OFC524766_n_780178    | A v -> Y v   | NBUFFX8_RVT  | 0.098 |   4.045 |   -0.688 | 
     | g343553                  | A2 v -> Y ^  | NOR4X1_RVT   | 0.168 |   4.214 |   -0.519 | 
     | FE_OFC525441_n_780387    | A ^ -> Y v   | INVX8_RVT    | 0.054 |   4.268 |   -0.465 | 
     | FE_OFC525442_n_780387    | A v -> Y v   | NBUFFX8_RVT  | 0.094 |   4.362 |   -0.371 | 
     | FE_OFC525443_n_780387    | A v -> Y ^   | INVX8_RVT    | 0.071 |   4.432 |   -0.300 | 
     | FE_OFC525444_n_780387    | A ^ -> Y v   | INVX8_RVT    | 0.059 |   4.491 |   -0.241 | 
     | FE_OFC525445_n_780387    | A v -> Y ^   | INVX8_RVT    | 0.060 |   4.552 |   -0.181 | 
     | FE_OFC525446_n_780387    | A ^ -> Y v   | INVX8_RVT    | 0.050 |   4.602 |   -0.131 | 
     | FE_OFC525447_n_780387    | A v -> Y ^   | INVX8_RVT    | 0.056 |   4.658 |   -0.075 | 
     | FE_OFC525448_n_780387    | A ^ -> Y ^   | NBUFFX4_RVT  | 0.086 |   4.743 |    0.011 | 
     | FE_OFC525449_n_780387    | A ^ -> Y v   | INVX8_RVT    | 0.054 |   4.798 |    0.065 | 
     | FE_OFC525450_n_780387    | A v -> Y v   | NBUFFX8_RVT  | 0.091 |   4.889 |    0.156 | 
     | FE_OFC525451_n_780387    | A v -> Y ^   | INVX8_RVT    | 0.064 |   4.952 |    0.220 | 
     | FE_OFC525452_n_780387    | A ^ -> Y ^   | NBUFFX8_RVT  | 0.086 |   5.038 |    0.306 | 
     | g343501                  | A1 ^ -> Y v  | NAND3X0_RVT  | 0.139 |   5.177 |    0.445 | 
     | FE_OFC525678_n_780593    | A v -> Y ^   | INVX8_RVT    | 0.102 |   5.279 |    0.546 | 
     | FE_OFC525679_n_780593    | A ^ -> Y v   | INVX8_RVT    | 0.072 |   5.351 |    0.618 | 
     | g343382                  | A4 v -> Y ^  | NOR4X1_RVT   | 0.143 |   5.494 |    0.761 | 
     | FE_OFC525801_n_780594    | A ^ -> Y v   | INVX8_RVT    | 0.053 |   5.547 |    0.814 | 
     | FE_OFC525802_n_780594    | A v -> Y ^   | INVX8_RVT    | 0.064 |   5.610 |    0.878 | 
     | FE_OFC525803_n_780594    | A ^ -> Y v   | INVX8_RVT    | 0.054 |   5.664 |    0.932 | 
     | FE_OFC525804_n_780594    | A v -> Y ^   | INVX8_RVT    | 0.069 |   5.733 |    1.000 | 
     | FE_OFC525805_n_780594    | A ^ -> Y ^   | NBUFFX8_RVT  | 0.090 |   5.823 |    1.090 | 
     | g343341                  | A2 ^ -> Y v  | NAND4X0_RVT  | 0.166 |   5.989 |    1.256 | 
     | FE_OFC525942_n_781330    | A v -> Y ^   | INVX8_RVT    | 0.114 |   6.103 |    1.370 | 
     | FE_OFC525943_n_781330    | A ^ -> Y v   | INVX8_RVT    | 0.067 |   6.170 |    1.437 | 
     | FE_OFC525944_n_781330    | A v -> Y ^   | INVX8_RVT    | 0.071 |   6.240 |    1.508 | 
     | FE_OFC525945_n_781330    | A ^ -> Y v   | INVX8_RVT    | 0.057 |   6.297 |    1.565 | 
     | FE_OFC525946_n_781330    | A v -> Y ^   | INVX8_RVT    | 0.069 |   6.366 |    1.633 | 
     | FE_OFC525947_n_781330    | A ^ -> Y v   | INVX8_RVT    | 0.063 |   6.430 |    1.697 | 
     | g445                     | A3 v -> Y v  | OR3X2_RVT    | 0.113 |   6.542 |    1.809 | 
     | u_fused/g3914            | A4 v -> Y v  | AO222X1_RVT  | 0.101 |   6.643 |    1.911 | 
     | u_fused/data_out_reg[31] | D v          | DFFARX1_RVT  | 0.000 |   6.643 |    1.911 | 
     +-------------------------------------------------------------------------------------+ 
Path 3: VIOLATED Setup Check with Pin u_fused/g_gelu_lut.u_gelu/s1_x_in_reg[31]/
CLK 
Endpoint:   u_fused/g_gelu_lut.u_gelu/s1_x_in_reg[31]/D (v) checked with  
leading edge of 'clk'
Beginpoint: out_col_cnt_reg[1]/Q                        (^) triggered by  
leading edge of 'clk'
Path Groups: {clk}
Analysis View: av_typ
Other End Arrival Time          0.000
- Setup                         0.038
+ Phase Shift                   2.000
- Uncertainty                   0.050
= Required Time                 1.912
- Arrival Time                  6.610
= Slack Time                   -4.698
     Clock Rise Edge                 0.000
     + Clock Network Latency (Ideal) 0.000
     = Beginpoint Arrival Time       0.000
     +------------------------------------------------------------------------------------------------------+ 
     |                 Instance                  |     Arc      |     Cell     | Delay | Arrival | Required | 
     |                                           |              |              |       |  Time   |   Time   | 
     |-------------------------------------------+--------------+--------------+-------+---------+----------| 
     | out_col_cnt_reg[1]                        | CLK ^        |              |       |   0.000 |   -4.698 | 
     | out_col_cnt_reg[1]                        | CLK ^ -> Q ^ | DFFARX2_RVT  | 0.223 |   0.223 |   -4.475 | 
     | g415005                                   | A ^ -> Y v   | INVX1_RVT    | 0.040 |   0.263 |   -4.435 | 
     | g414997                                   | A1 v -> Y ^  | NAND2X0_RVT  | 0.094 |   0.357 |   -4.341 | 
     | g414968                                   | A2 ^ -> Y ^  | OR2X1_RVT    | 0.093 |   0.450 |   -4.248 | 
     | g414956                                   | A ^ -> Y v   | INVX4_RVT    | 0.049 |   0.499 |   -4.199 | 
     | g414747                                   | A1 v -> Y v  | AND2X1_RVT   | 0.067 |   0.566 |   -4.132 | 
     | FE_OFC546126_n_774702                     | A v -> Y v   | NBUFFX8_RVT  | 0.062 |   0.628 |   -4.070 | 
     | FE_OFC467474_n_774702                     | A v -> Y v   | NBUFFX4_RVT  | 0.072 |   0.699 |   -3.998 | 
     | FE_OFC467476_n_774702                     | A v -> Y ^   | INVX8_RVT    | 0.050 |   0.750 |   -3.948 | 
     | FE_OFC467478_n_774702                     | A ^ -> Y ^   | NBUFFX8_RVT  | 0.082 |   0.832 |   -3.866 | 
     | FE_OFC467480_n_774702                     | A ^ -> Y v   | INVX8_RVT    | 0.051 |   0.882 |   -3.815 | 
     | FE_OFC467482_n_774702                     | A v -> Y v   | NBUFFX4_RVT  | 0.082 |   0.965 |   -3.733 | 
     | FE_OFC467484_n_774702                     | A v -> Y v   | NBUFFX8_RVT  | 0.080 |   1.045 |   -3.653 | 
     | FE_OFC467486_n_774702                     | A v -> Y v   | NBUFFX8_RVT  | 0.092 |   1.137 |   -3.561 | 
     | FE_OFC467488_n_774702                     | A v -> Y v   | NBUFFX8_RVT  | 0.092 |   1.229 |   -3.469 | 
     | FE_OFC467490_n_774702                     | A v -> Y v   | NBUFFX32_RVT | 0.081 |   1.310 |   -3.388 | 
     | FE_OFC467492_n_774702                     | A v -> Y ^   | INVX8_RVT    | 0.114 |   1.425 |   -3.273 | 
     | FE_OFC467494_n_774702                     | A ^ -> Y v   | INVX8_RVT    | 0.060 |   1.485 |   -3.213 | 
     | FE_OFC467496_n_774702                     | A v -> Y v   | NBUFFX8_RVT  | 0.096 |   1.581 |   -3.117 | 
     | FE_OFC467498_n_774702                     | A v -> Y ^   | INVX8_RVT    | 0.065 |   1.646 |   -3.052 | 
     | FE_OFC467500_n_774702                     | A ^ -> Y v   | INVX8_RVT    | 0.058 |   1.704 |   -2.994 | 
     | FE_OFC467502_n_774702                     | A v -> Y ^   | INVX8_RVT    | 0.071 |   1.775 |   -2.923 | 
     | FE_OFC467504_n_774702                     | A ^ -> Y v   | INVX8_RVT    | 0.063 |   1.838 |   -2.860 | 
     | FE_OFC467506_n_774702                     | A v -> Y v   | NBUFFX8_RVT  | 0.090 |   1.928 |   -2.770 | 
     | FE_OFC467508_n_774702                     | A v -> Y v   | NBUFFX8_RVT  | 0.087 |   2.015 |   -2.683 | 
     | FE_OFC467510_n_774702                     | A v -> Y ^   | INVX8_RVT    | 0.065 |   2.080 |   -2.618 | 
     | FE_OFC467512_n_774702                     | A ^ -> Y v   | INVX8_RVT    | 0.058 |   2.138 |   -2.560 | 
     | FE_OFC467514_n_774702                     | A v -> Y ^   | INVX8_RVT    | 0.069 |   2.207 |   -2.491 | 
     | FE_OFC467516_n_774702                     | A ^ -> Y v   | INVX32_RVT   | 0.040 |   2.247 |   -2.451 | 
     | FE_OFC467518_n_774702                     | A v -> Y ^   | INVX8_RVT    | 0.099 |   2.346 |   -2.352 | 
     | FE_OFC467520_n_774702                     | A ^ -> Y v   | INVX8_RVT    | 0.058 |   2.404 |   -2.294 | 
     | FE_OFC467522_n_774702                     | A v -> Y v   | NBUFFX8_RVT  | 0.090 |   2.494 |   -2.204 | 
     | FE_OFC467524_n_774702                     | A v -> Y v   | NBUFFX8_RVT  | 0.090 |   2.584 |   -2.114 | 
     | FE_OFC467526_n_774702                     | A v -> Y v   | NBUFFX4_RVT  | 0.095 |   2.679 |   -2.018 | 
     | FE_OFC467528_n_774702                     | A v -> Y ^   | INVX8_RVT    | 0.061 |   2.740 |   -1.958 | 
     | FE_OFC467530_n_774702                     | A ^ -> Y v   | INVX8_RVT    | 0.056 |   2.796 |   -1.902 | 
     | FE_OFC467532_n_774702                     | A v -> Y v   | NBUFFX8_RVT  | 0.087 |   2.883 |   -1.815 | 
     | FE_OFC467534_n_774702                     | A v -> Y v   | NBUFFX8_RVT  | 0.086 |   2.969 |   -1.729 | 
     | g372325                                   | A1 v -> Y v  | AND2X4_RVT   | 0.122 |   3.091 |   -1.607 | 
     | FE_OFC490501_n_780118                     | A v -> Y v   | NBUFFX2_RVT  | 0.088 |   3.179 |   -1.519 | 
     | g370724                                   | A3 v -> Y v  | AO22X1_RVT   | 0.063 |   3.243 |   -1.455 | 
     | g365239                                   | A5 v -> Y v  | AO221X1_RVT  | 0.058 |   3.300 |   -1.398 | 
     | FE_OFC546981_n_780120                     | A v -> Y v   | NBUFFX4_RVT  | 0.064 |   3.365 |   -1.333 | 
     | FE_OFC500894_n_780120                     | A v -> Y v   | NBUFFX4_RVT  | 0.068 |   3.432 |   -1.266 | 
     | g359316                                   | A3 v -> Y ^  | NOR4X1_RVT   | 0.115 |   3.547 |   -1.151 | 
     | FE_OFC522145_n_780127                     | A ^ -> Y ^   | NBUFFX2_RVT  | 0.071 |   3.618 |   -1.080 | 
     | g345804                                   | A2 ^ -> Y v  | NAND4X0_RVT  | 0.157 |   3.775 |   -0.923 | 
     | FE_OFC524764_n_780178                     | A v -> Y ^   | INVX8_RVT    | 0.105 |   3.879 |   -0.819 | 
     | FE_OFC524765_n_780178                     | A ^ -> Y v   | INVX8_RVT    | 0.067 |   3.947 |   -0.751 | 
     | FE_OFC524766_n_780178                     | A v -> Y v   | NBUFFX8_RVT  | 0.098 |   4.045 |   -0.653 | 
     | g343553                                   | A2 v -> Y ^  | NOR4X1_RVT   | 0.168 |   4.214 |   -0.484 | 
     | FE_OFC525441_n_780387                     | A ^ -> Y v   | INVX8_RVT    | 0.054 |   4.268 |   -0.430 | 
     | FE_OFC525442_n_780387                     | A v -> Y v   | NBUFFX8_RVT  | 0.094 |   4.362 |   -0.336 | 
     | FE_OFC525443_n_780387                     | A v -> Y ^   | INVX8_RVT    | 0.071 |   4.432 |   -0.266 | 
     | FE_OFC525444_n_780387                     | A ^ -> Y v   | INVX8_RVT    | 0.059 |   4.491 |   -0.207 | 
     | FE_OFC525445_n_780387                     | A v -> Y ^   | INVX8_RVT    | 0.060 |   4.552 |   -0.146 | 
     | FE_OFC525446_n_780387                     | A ^ -> Y v   | INVX8_RVT    | 0.050 |   4.602 |   -0.096 | 
     | FE_OFC525447_n_780387                     | A v -> Y ^   | INVX8_RVT    | 0.056 |   4.658 |   -0.040 | 
     | FE_OFC525448_n_780387                     | A ^ -> Y ^   | NBUFFX4_RVT  | 0.086 |   4.743 |    0.045 | 
     | FE_OFC525449_n_780387                     | A ^ -> Y v   | INVX8_RVT    | 0.054 |   4.798 |    0.100 | 
     | FE_OFC525450_n_780387                     | A v -> Y v   | NBUFFX8_RVT  | 0.091 |   4.889 |    0.191 | 
     | FE_OFC525451_n_780387                     | A v -> Y ^   | INVX8_RVT    | 0.064 |   4.952 |    0.254 | 
     | FE_OFC525452_n_780387                     | A ^ -> Y ^   | NBUFFX8_RVT  | 0.086 |   5.038 |    0.340 | 
     | g343501                                   | A1 ^ -> Y v  | NAND3X0_RVT  | 0.139 |   5.177 |    0.479 | 
     | FE_OFC525678_n_780593                     | A v -> Y ^   | INVX8_RVT    | 0.102 |   5.279 |    0.581 | 
     | FE_OFC525679_n_780593                     | A ^ -> Y v   | INVX8_RVT    | 0.072 |   5.351 |    0.653 | 
     | g343382                                   | A4 v -> Y ^  | NOR4X1_RVT   | 0.143 |   5.494 |    0.796 | 
     | FE_OFC525801_n_780594                     | A ^ -> Y v   | INVX8_RVT    | 0.053 |   5.547 |    0.849 | 
     | FE_OFC525802_n_780594                     | A v -> Y ^   | INVX8_RVT    | 0.064 |   5.610 |    0.912 | 
     | FE_OFC525803_n_780594                     | A ^ -> Y v   | INVX8_RVT    | 0.054 |   5.664 |    0.966 | 
     | FE_OFC525804_n_780594                     | A v -> Y ^   | INVX8_RVT    | 0.069 |   5.733 |    1.035 | 
     | FE_OFC525805_n_780594                     | A ^ -> Y ^   | NBUFFX8_RVT  | 0.090 |   5.823 |    1.125 | 
     | g343341                                   | A2 ^ -> Y v  | NAND4X0_RVT  | 0.166 |   5.989 |    1.291 | 
     | FE_OFC525942_n_781330                     | A v -> Y ^   | INVX8_RVT    | 0.114 |   6.103 |    1.405 | 
     | FE_OFC525943_n_781330                     | A ^ -> Y v   | INVX8_RVT    | 0.067 |   6.170 |    1.472 | 
     | FE_OFC525944_n_781330                     | A v -> Y ^   | INVX8_RVT    | 0.071 |   6.240 |    1.542 | 
     | FE_OFC525945_n_781330                     | A ^ -> Y v   | INVX8_RVT    | 0.057 |   6.297 |    1.599 | 
     | FE_OFC525946_n_781330                     | A v -> Y ^   | INVX8_RVT    | 0.069 |   6.366 |    1.668 | 
     | FE_OFC525947_n_781330                     | A ^ -> Y v   | INVX8_RVT    | 0.063 |   6.430 |    1.732 | 
     | g445                                      | A3 v -> Y v  | OR3X2_RVT    | 0.113 |   6.542 |    1.844 | 
     | u_fused/g_gelu_lut.u_gelu/g1968           | A4 v -> Y v  | AO22X1_RVT   | 0.068 |   6.610 |    1.912 | 
     | u_fused/g_gelu_lut.u_gelu/s1_x_in_reg[31] | D v          | DFFARX1_RVT  | 0.000 |   6.610 |    1.912 | 
     +------------------------------------------------------------------------------------------------------+ 
Path 4: VIOLATED Setup Check with Pin u_fused/data_delay_reg[0][31]/CLK 
Endpoint:   u_fused/data_delay_reg[0][31]/D (v) checked with  leading edge of 
'clk'
Beginpoint: out_col_cnt_reg[1]/Q            (^) triggered by  leading edge of 
'clk'
Path Groups: {clk}
Analysis View: av_typ
Other End Arrival Time          0.000
- Setup                         0.053
+ Phase Shift                   2.000
- Uncertainty                   0.050
= Required Time                 1.897
- Arrival Time                  6.542
= Slack Time                   -4.645
     Clock Rise Edge                 0.000
     + Clock Network Latency (Ideal) 0.000
     = Beginpoint Arrival Time       0.000
     +------------------------------------------------------------------------------------------+ 
     |           Instance            |     Arc      |     Cell     | Delay | Arrival | Required | 
     |                               |              |              |       |  Time   |   Time   | 
     |-------------------------------+--------------+--------------+-------+---------+----------| 
     | out_col_cnt_reg[1]            | CLK ^        |              |       |   0.000 |   -4.645 | 
     | out_col_cnt_reg[1]            | CLK ^ -> Q ^ | DFFARX2_RVT  | 0.223 |   0.223 |   -4.422 | 
     | g415005                       | A ^ -> Y v   | INVX1_RVT    | 0.040 |   0.263 |   -4.382 | 
     | g414997                       | A1 v -> Y ^  | NAND2X0_RVT  | 0.094 |   0.357 |   -4.288 | 
     | g414968                       | A2 ^ -> Y ^  | OR2X1_RVT    | 0.093 |   0.450 |   -4.195 | 
     | g414956                       | A ^ -> Y v   | INVX4_RVT    | 0.049 |   0.499 |   -4.146 | 
     | g414747                       | A1 v -> Y v  | AND2X1_RVT   | 0.067 |   0.566 |   -4.079 | 
     | FE_OFC546126_n_774702         | A v -> Y v   | NBUFFX8_RVT  | 0.062 |   0.628 |   -4.018 | 
     | FE_OFC467474_n_774702         | A v -> Y v   | NBUFFX4_RVT  | 0.072 |   0.699 |   -3.946 | 
     | FE_OFC467476_n_774702         | A v -> Y ^   | INVX8_RVT    | 0.050 |   0.750 |   -3.896 | 
     | FE_OFC467478_n_774702         | A ^ -> Y ^   | NBUFFX8_RVT  | 0.082 |   0.832 |   -3.814 | 
     | FE_OFC467480_n_774702         | A ^ -> Y v   | INVX8_RVT    | 0.051 |   0.882 |   -3.763 | 
     | FE_OFC467482_n_774702         | A v -> Y v   | NBUFFX4_RVT  | 0.082 |   0.965 |   -3.680 | 
     | FE_OFC467484_n_774702         | A v -> Y v   | NBUFFX8_RVT  | 0.080 |   1.045 |   -3.600 | 
     | FE_OFC467486_n_774702         | A v -> Y v   | NBUFFX8_RVT  | 0.092 |   1.137 |   -3.508 | 
     | FE_OFC467488_n_774702         | A v -> Y v   | NBUFFX8_RVT  | 0.092 |   1.229 |   -3.416 | 
     | FE_OFC467490_n_774702         | A v -> Y v   | NBUFFX32_RVT | 0.081 |   1.310 |   -3.335 | 
     | FE_OFC467492_n_774702         | A v -> Y ^   | INVX8_RVT    | 0.114 |   1.425 |   -3.221 | 
     | FE_OFC467494_n_774702         | A ^ -> Y v   | INVX8_RVT    | 0.060 |   1.485 |   -3.161 | 
     | FE_OFC467496_n_774702         | A v -> Y v   | NBUFFX8_RVT  | 0.096 |   1.581 |   -3.065 | 
     | FE_OFC467498_n_774702         | A v -> Y ^   | INVX8_RVT    | 0.065 |   1.646 |   -2.999 | 
     | FE_OFC467500_n_774702         | A ^ -> Y v   | INVX8_RVT    | 0.058 |   1.704 |   -2.941 | 
     | FE_OFC467502_n_774702         | A v -> Y ^   | INVX8_RVT    | 0.071 |   1.775 |   -2.871 | 
     | FE_OFC467504_n_774702         | A ^ -> Y v   | INVX8_RVT    | 0.063 |   1.838 |   -2.807 | 
     | FE_OFC467506_n_774702         | A v -> Y v   | NBUFFX8_RVT  | 0.090 |   1.928 |   -2.717 | 
     | FE_OFC467508_n_774702         | A v -> Y v   | NBUFFX8_RVT  | 0.087 |   2.015 |   -2.631 | 
     | FE_OFC467510_n_774702         | A v -> Y ^   | INVX8_RVT    | 0.065 |   2.080 |   -2.565 | 
     | FE_OFC467512_n_774702         | A ^ -> Y v   | INVX8_RVT    | 0.058 |   2.138 |   -2.507 | 
     | FE_OFC467514_n_774702         | A v -> Y ^   | INVX8_RVT    | 0.069 |   2.207 |   -2.438 | 
     | FE_OFC467516_n_774702         | A ^ -> Y v   | INVX32_RVT   | 0.040 |   2.247 |   -2.398 | 
     | FE_OFC467518_n_774702         | A v -> Y ^   | INVX8_RVT    | 0.099 |   2.346 |   -2.299 | 
     | FE_OFC467520_n_774702         | A ^ -> Y v   | INVX8_RVT    | 0.058 |   2.404 |   -2.241 | 
     | FE_OFC467522_n_774702         | A v -> Y v   | NBUFFX8_RVT  | 0.090 |   2.494 |   -2.151 | 
     | FE_OFC467524_n_774702         | A v -> Y v   | NBUFFX8_RVT  | 0.090 |   2.584 |   -2.061 | 
     | FE_OFC467526_n_774702         | A v -> Y v   | NBUFFX4_RVT  | 0.095 |   2.679 |   -1.966 | 
     | FE_OFC467528_n_774702         | A v -> Y ^   | INVX8_RVT    | 0.061 |   2.740 |   -1.905 | 
     | FE_OFC467530_n_774702         | A ^ -> Y v   | INVX8_RVT    | 0.056 |   2.796 |   -1.849 | 
     | FE_OFC467532_n_774702         | A v -> Y v   | NBUFFX8_RVT  | 0.087 |   2.883 |   -1.762 | 
     | FE_OFC467534_n_774702         | A v -> Y v   | NBUFFX8_RVT  | 0.086 |   2.969 |   -1.676 | 
     | g372325                       | A1 v -> Y v  | AND2X4_RVT   | 0.122 |   3.091 |   -1.554 | 
     | FE_OFC490501_n_780118         | A v -> Y v   | NBUFFX2_RVT  | 0.088 |   3.179 |   -1.466 | 
     | g370724                       | A3 v -> Y v  | AO22X1_RVT   | 0.063 |   3.243 |   -1.403 | 
     | g365239                       | A5 v -> Y v  | AO221X1_RVT  | 0.058 |   3.300 |   -1.345 | 
     | FE_OFC546981_n_780120         | A v -> Y v   | NBUFFX4_RVT  | 0.064 |   3.365 |   -1.281 | 
     | FE_OFC500894_n_780120         | A v -> Y v   | NBUFFX4_RVT  | 0.068 |   3.432 |   -1.213 | 
     | g359316                       | A3 v -> Y ^  | NOR4X1_RVT   | 0.115 |   3.547 |   -1.098 | 
     | FE_OFC522145_n_780127         | A ^ -> Y ^   | NBUFFX2_RVT  | 0.071 |   3.618 |   -1.028 | 
     | g345804                       | A2 ^ -> Y v  | NAND4X0_RVT  | 0.157 |   3.775 |   -0.871 | 
     | FE_OFC524764_n_780178         | A v -> Y ^   | INVX8_RVT    | 0.105 |   3.879 |   -0.766 | 
     | FE_OFC524765_n_780178         | A ^ -> Y v   | INVX8_RVT    | 0.067 |   3.947 |   -0.698 | 
     | FE_OFC524766_n_780178         | A v -> Y v   | NBUFFX8_RVT  | 0.098 |   4.045 |   -0.600 | 
     | g343553                       | A2 v -> Y ^  | NOR4X1_RVT   | 0.168 |   4.214 |   -0.432 | 
     | FE_OFC525441_n_780387         | A ^ -> Y v   | INVX8_RVT    | 0.054 |   4.268 |   -0.378 | 
     | FE_OFC525442_n_780387         | A v -> Y v   | NBUFFX8_RVT  | 0.094 |   4.362 |   -0.284 | 
     | FE_OFC525443_n_780387         | A v -> Y ^   | INVX8_RVT    | 0.071 |   4.432 |   -0.213 | 
     | FE_OFC525444_n_780387         | A ^ -> Y v   | INVX8_RVT    | 0.059 |   4.491 |   -0.154 | 
     | FE_OFC525445_n_780387         | A v -> Y ^   | INVX8_RVT    | 0.060 |   4.552 |   -0.094 | 
     | FE_OFC525446_n_780387         | A ^ -> Y v   | INVX8_RVT    | 0.050 |   4.602 |   -0.044 | 
     | FE_OFC525447_n_780387         | A v -> Y ^   | INVX8_RVT    | 0.056 |   4.658 |    0.013 | 
     | FE_OFC525448_n_780387         | A ^ -> Y ^   | NBUFFX4_RVT  | 0.086 |   4.743 |    0.098 | 
     | FE_OFC525449_n_780387         | A ^ -> Y v   | INVX8_RVT    | 0.054 |   4.798 |    0.152 | 
     | FE_OFC525450_n_780387         | A v -> Y v   | NBUFFX8_RVT  | 0.091 |   4.889 |    0.243 | 
     | FE_OFC525451_n_780387         | A v -> Y ^   | INVX8_RVT    | 0.064 |   4.952 |    0.307 | 
     | FE_OFC525452_n_780387         | A ^ -> Y ^   | NBUFFX8_RVT  | 0.086 |   5.038 |    0.393 | 
     | g343501                       | A1 ^ -> Y v  | NAND3X0_RVT  | 0.139 |   5.177 |    0.532 | 
     | FE_OFC525678_n_780593         | A v -> Y ^   | INVX8_RVT    | 0.102 |   5.279 |    0.634 | 
     | FE_OFC525679_n_780593         | A ^ -> Y v   | INVX8_RVT    | 0.072 |   5.351 |    0.706 | 
     | g343382                       | A4 v -> Y ^  | NOR4X1_RVT   | 0.143 |   5.494 |    0.848 | 
     | FE_OFC525801_n_780594         | A ^ -> Y v   | INVX8_RVT    | 0.053 |   5.547 |    0.901 | 
     | FE_OFC525802_n_780594         | A v -> Y ^   | INVX8_RVT    | 0.064 |   5.610 |    0.965 | 
     | FE_OFC525803_n_780594         | A ^ -> Y v   | INVX8_RVT    | 0.054 |   5.664 |    1.019 | 
     | FE_OFC525804_n_780594         | A v -> Y ^   | INVX8_RVT    | 0.069 |   5.733 |    1.088 | 
     | FE_OFC525805_n_780594         | A ^ -> Y ^   | NBUFFX8_RVT  | 0.090 |   5.823 |    1.178 | 
     | g343341                       | A2 ^ -> Y v  | NAND4X0_RVT  | 0.166 |   5.989 |    1.344 | 
     | FE_OFC525942_n_781330         | A v -> Y ^   | INVX8_RVT    | 0.114 |   6.103 |    1.458 | 
     | FE_OFC525943_n_781330         | A ^ -> Y v   | INVX8_RVT    | 0.067 |   6.170 |    1.525 | 
     | FE_OFC525944_n_781330         | A v -> Y ^   | INVX8_RVT    | 0.071 |   6.240 |    1.595 | 
     | FE_OFC525945_n_781330         | A ^ -> Y v   | INVX8_RVT    | 0.057 |   6.297 |    1.652 | 
     | FE_OFC525946_n_781330         | A v -> Y ^   | INVX8_RVT    | 0.069 |   6.366 |    1.721 | 
     | FE_OFC525947_n_781330         | A ^ -> Y v   | INVX8_RVT    | 0.063 |   6.430 |    1.784 | 
     | g445                          | A3 v -> Y v  | OR3X2_RVT    | 0.113 |   6.542 |    1.897 | 
     | u_fused/data_delay_reg[0][31] | D v          | DFFARX1_RVT  | 0.000 |   6.542 |    1.897 | 
     +------------------------------------------------------------------------------------------+ 
Path 5: VIOLATED Setup Check with Pin u_fused/data_out_reg[18]/CLK 
Endpoint:   u_fused/data_out_reg[18]/D (v) checked with  leading edge of 'clk'
Beginpoint: out_col_cnt_reg[1]/Q       (^) triggered by  leading edge of 'clk'
Path Groups: {clk}
Analysis View: av_typ
Other End Arrival Time          0.000
- Setup                         0.039
+ Phase Shift                   2.000
- Uncertainty                   0.050
= Required Time                 1.911
- Arrival Time                  6.261
= Slack Time                   -4.350
     Clock Rise Edge                 0.000
     + Clock Network Latency (Ideal) 0.000
     = Beginpoint Arrival Time       0.000
     +-------------------------------------------------------------------------------------+ 
     |         Instance         |     Arc      |     Cell     | Delay | Arrival | Required | 
     |                          |              |              |       |  Time   |   Time   | 
     |--------------------------+--------------+--------------+-------+---------+----------| 
     | out_col_cnt_reg[1]       | CLK ^        |              |       |   0.000 |   -4.350 | 
     | out_col_cnt_reg[1]       | CLK ^ -> Q ^ | DFFARX2_RVT  | 0.223 |   0.223 |   -4.127 | 
     | g415005                  | A ^ -> Y v   | INVX1_RVT    | 0.040 |   0.263 |   -4.087 | 
     | g414991                  | A1 v -> Y v  | AND2X1_RVT   | 0.070 |   0.334 |   -4.017 | 
     | g414981                  | A1 v -> Y ^  | NAND2X2_RVT  | 0.095 |   0.429 |   -3.921 | 
     | g414749                  | A2 ^ -> Y v  | NOR2X0_RVT   | 0.075 |   0.504 |   -3.846 | 
     | FE_OFC549067_n_774688    | A v -> Y v   | NBUFFX8_RVT  | 0.059 |   0.563 |   -3.787 | 
     | FE_OFC81070_n_774688     | A v -> Y v   | NBUFFX4_RVT  | 0.079 |   0.642 |   -3.708 | 
     | FE_OFC81072_n_774688     | A v -> Y v   | NBUFFX8_RVT  | 0.081 |   0.723 |   -3.628 | 
     | FE_OFC81074_n_774688     | A v -> Y ^   | INVX8_RVT    | 0.059 |   0.782 |   -3.569 | 
     | FE_OFC81076_n_774688     | A ^ -> Y ^   | NBUFFX8_RVT  | 0.085 |   0.866 |   -3.484 | 
     | FE_OFC81078_n_774688     | A ^ -> Y v   | INVX8_RVT    | 0.057 |   0.924 |   -3.427 | 
     | FE_OFC81080_n_774688     | A v -> Y ^   | INVX8_RVT    | 0.064 |   0.988 |   -3.362 | 
     | FE_OFC81082_n_774688     | A ^ -> Y v   | INVX32_RVT   | 0.035 |   1.023 |   -3.328 | 
     | FE_OFC81084_n_774688     | A v -> Y v   | NBUFFX8_RVT  | 0.132 |   1.154 |   -3.196 | 
     | FE_OFC81086_n_774688     | A v -> Y v   | NBUFFX8_RVT  | 0.090 |   1.245 |   -3.106 | 
     | FE_OFC81088_n_774688     | A v -> Y v   | NBUFFX8_RVT  | 0.088 |   1.332 |   -3.018 | 
     | FE_OFC81090_n_774688     | A v -> Y v   | NBUFFX8_RVT  | 0.089 |   1.422 |   -2.928 | 
     | FE_OFC81092_n_774688     | A v -> Y v   | NBUFFX8_RVT  | 0.087 |   1.508 |   -2.842 | 
     | FE_OFC81094_n_774688     | A v -> Y v   | NBUFFX8_RVT  | 0.084 |   1.593 |   -2.758 | 
     | FE_OFC81096_n_774688     | A v -> Y v   | NBUFFX4_RVT  | 0.087 |   1.680 |   -2.670 | 
     | FE_OFC81098_n_774688     | A v -> Y ^   | INVX8_RVT    | 0.054 |   1.734 |   -2.616 | 
     | FE_OFC81100_n_774688     | A ^ -> Y v   | INVX8_RVT    | 0.056 |   1.790 |   -2.560 | 
     | FE_OFC81102_n_774688     | A v -> Y v   | NBUFFX32_RVT | 0.080 |   1.870 |   -2.481 | 
     | FE_OFC81104_n_774688     | A v -> Y ^   | INVX8_RVT    | 0.113 |   1.983 |   -2.367 | 
     | FE_OFC81106_n_774688     | A ^ -> Y v   | INVX8_RVT    | 0.062 |   2.045 |   -2.305 | 
     | FE_OFC81108_n_774688     | A v -> Y ^   | INVX8_RVT    | 0.072 |   2.117 |   -2.233 | 
     | FE_OFC81110_n_774688     | A ^ -> Y v   | INVX8_RVT    | 0.058 |   2.175 |   -2.175 | 
     | FE_OFC81112_n_774688     | A v -> Y v   | NBUFFX8_RVT  | 0.088 |   2.263 |   -2.087 | 
     | FE_OFC81114_n_774688     | A v -> Y v   | NBUFFX8_RVT  | 0.086 |   2.349 |   -2.001 | 
     | FE_OFC81116_n_774688     | A v -> Y ^   | INVX8_RVT    | 0.062 |   2.411 |   -1.939 | 
     | FE_OFC81118_n_774688     | A ^ -> Y v   | INVX8_RVT    | 0.055 |   2.465 |   -1.885 | 
     | FE_OFC81120_n_774688     | A v -> Y ^   | INVX8_RVT    | 0.064 |   2.529 |   -1.821 | 
     | FE_OFC81122_n_774688     | A ^ -> Y v   | INVX8_RVT    | 0.055 |   2.584 |   -1.766 | 
     | FE_OFC81124_n_774688     | A v -> Y v   | NBUFFX4_RVT  | 0.091 |   2.675 |   -1.675 | 
     | FE_OFC81126_n_774688     | A v -> Y ^   | INVX8_RVT    | 0.056 |   2.731 |   -1.619 | 
     | FE_OFC81127_n_774688     | A ^ -> Y v   | INVX8_RVT    | 0.051 |   2.782 |   -1.568 | 
     | FE_OFC81128_n_774688     | A v -> Y ^   | INVX8_RVT    | 0.060 |   2.842 |   -1.508 | 
     | FE_OFC81129_n_774688     | A ^ -> Y ^   | NBUFFX8_RVT  | 0.082 |   2.924 |   -1.426 | 
     | FE_OFC81130_n_774688     | A ^ -> Y v   | INVX8_RVT    | 0.052 |   2.976 |   -1.374 | 
     | g372338                  | A1 v -> Y v  | AND2X4_RVT   | 0.125 |   3.100 |   -1.250 | 
     | FE_OFC490489_n_780087    | A v -> Y v   | NBUFFX4_RVT  | 0.097 |   3.197 |   -1.153 | 
     | g365366                  | A3 v -> Y v  | AO221X1_RVT  | 0.100 |   3.297 |   -1.053 | 
     | g359346                  | A2 v -> Y ^  | NOR4X1_RVT   | 0.129 |   3.427 |   -0.923 | 
     | FE_OFC513848_n_812323    | A ^ -> Y ^   | NBUFFX8_RVT  | 0.070 |   3.497 |   -0.853 | 
     | FE_OFC513849_n_812323    | A ^ -> Y ^   | NBUFFX2_RVT  | 0.082 |   3.579 |   -0.771 | 
     | g345812                  | A2 ^ -> Y v  | NAND4X0_RVT  | 0.157 |   3.736 |   -0.614 | 
     | FE_OFC525066_n_812342    | A v -> Y ^   | INVX8_RVT    | 0.101 |   3.836 |   -0.514 | 
     | FE_OFC525067_n_812342    | A ^ -> Y ^   | NBUFFX8_RVT  | 0.098 |   3.934 |   -0.416 | 
     | FE_OFC525068_n_812342    | A ^ -> Y v   | INVX8_RVT    | 0.052 |   3.986 |   -0.364 | 
     | g343642                  | A2 v -> Y ^  | NOR4X1_RVT   | 0.165 |   4.150 |   -0.200 | 
     | FE_OFC525577_n_812417    | A ^ -> Y v   | INVX8_RVT    | 0.048 |   4.199 |   -0.151 | 
     | FE_OFC525578_n_812417    | A v -> Y ^   | INVX8_RVT    | 0.065 |   4.264 |   -0.086 | 
     | FE_OFC525579_n_812417    | A ^ -> Y v   | INVX8_RVT    | 0.055 |   4.319 |   -0.031 | 
     | FE_OFC525580_n_812417    | A v -> Y ^   | INVX8_RVT    | 0.060 |   4.379 |    0.029 | 
     | FE_OFC525581_n_812417    | A ^ -> Y v   | INVX8_RVT    | 0.053 |   4.432 |    0.082 | 
     | FE_OFC525582_n_812417    | A v -> Y ^   | INVX8_RVT    | 0.063 |   4.495 |    0.145 | 
     | FE_OFC525583_n_812417    | A ^ -> Y v   | INVX8_RVT    | 0.049 |   4.545 |    0.194 | 
     | FE_OFC525584_n_812417    | A v -> Y ^   | IBUFFX8_RVT  | 0.115 |   4.660 |    0.310 | 
     | FE_OFC525585_n_812417    | A ^ -> Y v   | INVX8_RVT    | 0.061 |   4.721 |    0.371 | 
     | FE_OFC525586_n_812417    | A v -> Y v   | NBUFFX8_RVT  | 0.093 |   4.814 |    0.464 | 
     | FE_OFC525587_n_812417    | A v -> Y ^   | INVX8_RVT    | 0.061 |   4.875 |    0.525 | 
     | g343503                  | A1 ^ -> Y v  | NAND3X4_RVT  | 0.135 |   5.010 |    0.660 | 
     | FE_OFC525733_n_812492    | A v -> Y ^   | INVX8_RVT    | 0.065 |   5.075 |    0.725 | 
     | FE_OFC525734_n_812492    | A ^ -> Y v   | INVX8_RVT    | 0.050 |   5.125 |    0.775 | 
     | g343385                  | A4 v -> Y ^  | NOR4X0_RVT   | 0.103 |   5.229 |    0.879 | 
     | FE_OFC526337_n_812493    | A ^ -> Y ^   | NBUFFX4_RVT  | 0.065 |   5.293 |    0.943 | 
     | FE_OFC525862_n_812493    | A ^ -> Y ^   | NBUFFX8_RVT  | 0.080 |   5.374 |    1.024 | 
     | FE_OFC525863_n_812493    | A ^ -> Y v   | INVX8_RVT    | 0.060 |   5.433 |    1.083 | 
     | FE_OFC525864_n_812493    | A v -> Y ^   | INVX8_RVT    | 0.063 |   5.497 |    1.146 | 
     | FE_OFC525865_n_812493    | A ^ -> Y ^   | NBUFFX2_RVT  | 0.084 |   5.581 |    1.230 | 
     | g343349                  | A2 ^ -> Y v  | NAND4X0_RVT  | 0.072 |   5.653 |    1.303 | 
     | FE_OFC525973_n_812718    | A v -> Y ^   | IBUFFX8_RVT  | 0.125 |   5.778 |    1.428 | 
     | FE_OFC525974_n_812718    | A ^ -> Y v   | INVX8_RVT    | 0.058 |   5.836 |    1.486 | 
     | FE_OFC525975_n_812718    | A v -> Y ^   | INVX8_RVT    | 0.066 |   5.902 |    1.552 | 
     | FE_OFC525976_n_812718    | A ^ -> Y v   | INVX8_RVT    | 0.058 |   5.960 |    1.610 | 
     | FE_OFC525977_n_812718    | A v -> Y v   | NBUFFX8_RVT  | 0.098 |   6.058 |    1.708 | 
     | g457                     | A3 v -> Y v  | OR3X2_RVT    | 0.105 |   6.163 |    1.813 | 
     | u_fused/g3898            | A4 v -> Y v  | AO222X1_RVT  | 0.098 |   6.261 |    1.911 | 
     | u_fused/data_out_reg[18] | D v          | DFFARX1_RVT  | 0.000 |   6.261 |    1.911 | 
     +-------------------------------------------------------------------------------------+ 
Path 6: VIOLATED Setup Check with Pin u_fused/g_gelu_lut.u_gelu/s1_x_in_reg[18]/
CLK 
Endpoint:   u_fused/g_gelu_lut.u_gelu/s1_x_in_reg[18]/D (v) checked with  
leading edge of 'clk'
Beginpoint: out_col_cnt_reg[1]/Q                        (^) triggered by  
leading edge of 'clk'
Path Groups: {clk}
Analysis View: av_typ
Other End Arrival Time          0.000
- Setup                         0.038
+ Phase Shift                   2.000
- Uncertainty                   0.050
= Required Time                 1.912
- Arrival Time                  6.228
= Slack Time                   -4.316
     Clock Rise Edge                 0.000
     + Clock Network Latency (Ideal) 0.000
     = Beginpoint Arrival Time       0.000
     +------------------------------------------------------------------------------------------------------+ 
     |                 Instance                  |     Arc      |     Cell     | Delay | Arrival | Required | 
     |                                           |              |              |       |  Time   |   Time   | 
     |-------------------------------------------+--------------+--------------+-------+---------+----------| 
     | out_col_cnt_reg[1]                        | CLK ^        |              |       |   0.000 |   -4.316 | 
     | out_col_cnt_reg[1]                        | CLK ^ -> Q ^ | DFFARX2_RVT  | 0.223 |   0.223 |   -4.093 | 
     | g415005                                   | A ^ -> Y v   | INVX1_RVT    | 0.040 |   0.263 |   -4.053 | 
     | g414991                                   | A1 v -> Y v  | AND2X1_RVT   | 0.070 |   0.334 |   -3.983 | 
     | g414981                                   | A1 v -> Y ^  | NAND2X2_RVT  | 0.095 |   0.429 |   -3.887 | 
     | g414749                                   | A2 ^ -> Y v  | NOR2X0_RVT   | 0.075 |   0.504 |   -3.812 | 
     | FE_OFC549067_n_774688                     | A v -> Y v   | NBUFFX8_RVT  | 0.059 |   0.563 |   -3.754 | 
     | FE_OFC81070_n_774688                      | A v -> Y v   | NBUFFX4_RVT  | 0.079 |   0.642 |   -3.674 | 
     | FE_OFC81072_n_774688                      | A v -> Y v   | NBUFFX8_RVT  | 0.081 |   0.723 |   -3.594 | 
     | FE_OFC81074_n_774688                      | A v -> Y ^   | INVX8_RVT    | 0.059 |   0.782 |   -3.535 | 
     | FE_OFC81076_n_774688                      | A ^ -> Y ^   | NBUFFX8_RVT  | 0.085 |   0.866 |   -3.450 | 
     | FE_OFC81078_n_774688                      | A ^ -> Y v   | INVX8_RVT    | 0.057 |   0.924 |   -3.393 | 
     | FE_OFC81080_n_774688                      | A v -> Y ^   | INVX8_RVT    | 0.064 |   0.988 |   -3.329 | 
     | FE_OFC81082_n_774688                      | A ^ -> Y v   | INVX32_RVT   | 0.035 |   1.023 |   -3.294 | 
     | FE_OFC81084_n_774688                      | A v -> Y v   | NBUFFX8_RVT  | 0.132 |   1.154 |   -3.162 | 
     | FE_OFC81086_n_774688                      | A v -> Y v   | NBUFFX8_RVT  | 0.090 |   1.245 |   -3.072 | 
     | FE_OFC81088_n_774688                      | A v -> Y v   | NBUFFX8_RVT  | 0.088 |   1.332 |   -2.984 | 
     | FE_OFC81090_n_774688                      | A v -> Y v   | NBUFFX8_RVT  | 0.089 |   1.422 |   -2.895 | 
     | FE_OFC81092_n_774688                      | A v -> Y v   | NBUFFX8_RVT  | 0.087 |   1.508 |   -2.808 | 
     | FE_OFC81094_n_774688                      | A v -> Y v   | NBUFFX8_RVT  | 0.084 |   1.593 |   -2.724 | 
     | FE_OFC81096_n_774688                      | A v -> Y v   | NBUFFX4_RVT  | 0.087 |   1.680 |   -2.637 | 
     | FE_OFC81098_n_774688                      | A v -> Y ^   | INVX8_RVT    | 0.054 |   1.734 |   -2.582 | 
     | FE_OFC81100_n_774688                      | A ^ -> Y v   | INVX8_RVT    | 0.056 |   1.790 |   -2.527 | 
     | FE_OFC81102_n_774688                      | A v -> Y v   | NBUFFX32_RVT | 0.080 |   1.870 |   -2.447 | 
     | FE_OFC81104_n_774688                      | A v -> Y ^   | INVX8_RVT    | 0.113 |   1.983 |   -2.334 | 
     | FE_OFC81106_n_774688                      | A ^ -> Y v   | INVX8_RVT    | 0.062 |   2.045 |   -2.272 | 
     | FE_OFC81108_n_774688                      | A v -> Y ^   | INVX8_RVT    | 0.072 |   2.117 |   -2.200 | 
     | FE_OFC81110_n_774688                      | A ^ -> Y v   | INVX8_RVT    | 0.058 |   2.175 |   -2.141 | 
     | FE_OFC81112_n_774688                      | A v -> Y v   | NBUFFX8_RVT  | 0.088 |   2.263 |   -2.054 | 
     | FE_OFC81114_n_774688                      | A v -> Y v   | NBUFFX8_RVT  | 0.086 |   2.349 |   -1.968 | 
     | FE_OFC81116_n_774688                      | A v -> Y ^   | INVX8_RVT    | 0.062 |   2.411 |   -1.906 | 
     | FE_OFC81118_n_774688                      | A ^ -> Y v   | INVX8_RVT    | 0.055 |   2.465 |   -1.851 | 
     | FE_OFC81120_n_774688                      | A v -> Y ^   | INVX8_RVT    | 0.064 |   2.529 |   -1.787 | 
     | FE_OFC81122_n_774688                      | A ^ -> Y v   | INVX8_RVT    | 0.055 |   2.584 |   -1.732 | 
     | FE_OFC81124_n_774688                      | A v -> Y v   | NBUFFX4_RVT  | 0.091 |   2.675 |   -1.641 | 
     | FE_OFC81126_n_774688                      | A v -> Y ^   | INVX8_RVT    | 0.056 |   2.731 |   -1.585 | 
     | FE_OFC81127_n_774688                      | A ^ -> Y v   | INVX8_RVT    | 0.051 |   2.782 |   -1.534 | 
     | FE_OFC81128_n_774688                      | A v -> Y ^   | INVX8_RVT    | 0.060 |   2.842 |   -1.474 | 
     | FE_OFC81129_n_774688                      | A ^ -> Y ^   | NBUFFX8_RVT  | 0.082 |   2.924 |   -1.393 | 
     | FE_OFC81130_n_774688                      | A ^ -> Y v   | INVX8_RVT    | 0.052 |   2.976 |   -1.341 | 
     | g372338                                   | A1 v -> Y v  | AND2X4_RVT   | 0.125 |   3.100 |   -1.216 | 
     | FE_OFC490489_n_780087                     | A v -> Y v   | NBUFFX4_RVT  | 0.097 |   3.197 |   -1.119 | 
     | g365366                                   | A3 v -> Y v  | AO221X1_RVT  | 0.100 |   3.297 |   -1.019 | 
     | g359346                                   | A2 v -> Y ^  | NOR4X1_RVT   | 0.129 |   3.427 |   -0.890 | 
     | FE_OFC513848_n_812323                     | A ^ -> Y ^   | NBUFFX8_RVT  | 0.070 |   3.497 |   -0.819 | 
     | FE_OFC513849_n_812323                     | A ^ -> Y ^   | NBUFFX2_RVT  | 0.082 |   3.579 |   -0.737 | 
     | g345812                                   | A2 ^ -> Y v  | NAND4X0_RVT  | 0.157 |   3.736 |   -0.581 | 
     | FE_OFC525066_n_812342                     | A v -> Y ^   | INVX8_RVT    | 0.101 |   3.836 |   -0.480 | 
     | FE_OFC525067_n_812342                     | A ^ -> Y ^   | NBUFFX8_RVT  | 0.098 |   3.934 |   -0.382 | 
     | FE_OFC525068_n_812342                     | A ^ -> Y v   | INVX8_RVT    | 0.052 |   3.986 |   -0.331 | 
     | g343642                                   | A2 v -> Y ^  | NOR4X1_RVT   | 0.165 |   4.150 |   -0.166 | 
     | FE_OFC525577_n_812417                     | A ^ -> Y v   | INVX8_RVT    | 0.048 |   4.199 |   -0.118 | 
     | FE_OFC525578_n_812417                     | A v -> Y ^   | INVX8_RVT    | 0.065 |   4.264 |   -0.053 | 
     | FE_OFC525579_n_812417                     | A ^ -> Y v   | INVX8_RVT    | 0.055 |   4.319 |    0.003 | 
     | FE_OFC525580_n_812417                     | A v -> Y ^   | INVX8_RVT    | 0.060 |   4.379 |    0.062 | 
     | FE_OFC525581_n_812417                     | A ^ -> Y v   | INVX8_RVT    | 0.053 |   4.432 |    0.115 | 
     | FE_OFC525582_n_812417                     | A v -> Y ^   | INVX8_RVT    | 0.063 |   4.495 |    0.179 | 
     | FE_OFC525583_n_812417                     | A ^ -> Y v   | INVX8_RVT    | 0.049 |   4.545 |    0.228 | 
     | FE_OFC525584_n_812417                     | A v -> Y ^   | IBUFFX8_RVT  | 0.115 |   4.660 |    0.344 | 
     | FE_OFC525585_n_812417                     | A ^ -> Y v   | INVX8_RVT    | 0.061 |   4.721 |    0.405 | 
     | FE_OFC525586_n_812417                     | A v -> Y v   | NBUFFX8_RVT  | 0.093 |   4.814 |    0.498 | 
     | FE_OFC525587_n_812417                     | A v -> Y ^   | INVX8_RVT    | 0.061 |   4.875 |    0.558 | 
     | g343503                                   | A1 ^ -> Y v  | NAND3X4_RVT  | 0.135 |   5.010 |    0.694 | 
     | FE_OFC525733_n_812492                     | A v -> Y ^   | INVX8_RVT    | 0.065 |   5.075 |    0.759 | 
     | FE_OFC525734_n_812492                     | A ^ -> Y v   | INVX8_RVT    | 0.050 |   5.125 |    0.809 | 
     | g343385                                   | A4 v -> Y ^  | NOR4X0_RVT   | 0.103 |   5.229 |    0.912 | 
     | FE_OFC526337_n_812493                     | A ^ -> Y ^   | NBUFFX4_RVT  | 0.065 |   5.293 |    0.977 | 
     | FE_OFC525862_n_812493                     | A ^ -> Y ^   | NBUFFX8_RVT  | 0.080 |   5.374 |    1.057 | 
     | FE_OFC525863_n_812493                     | A ^ -> Y v   | INVX8_RVT    | 0.060 |   5.433 |    1.117 | 
     | FE_OFC525864_n_812493                     | A v -> Y ^   | INVX8_RVT    | 0.063 |   5.497 |    1.180 | 
     | FE_OFC525865_n_812493                     | A ^ -> Y ^   | NBUFFX2_RVT  | 0.084 |   5.581 |    1.264 | 
     | g343349                                   | A2 ^ -> Y v  | NAND4X0_RVT  | 0.072 |   5.653 |    1.336 | 
     | FE_OFC525973_n_812718                     | A v -> Y ^   | IBUFFX8_RVT  | 0.125 |   5.778 |    1.461 | 
     | FE_OFC525974_n_812718                     | A ^ -> Y v   | INVX8_RVT    | 0.058 |   5.836 |    1.520 | 
     | FE_OFC525975_n_812718                     | A v -> Y ^   | INVX8_RVT    | 0.066 |   5.902 |    1.586 | 
     | FE_OFC525976_n_812718                     | A ^ -> Y v   | INVX8_RVT    | 0.058 |   5.960 |    1.643 | 
     | FE_OFC525977_n_812718                     | A v -> Y v   | NBUFFX8_RVT  | 0.098 |   6.058 |    1.741 | 
     | g457                                      | A3 v -> Y v  | OR3X2_RVT    | 0.105 |   6.163 |    1.847 | 
     | u_fused/g_gelu_lut.u_gelu/g1958           | A4 v -> Y v  | AO22X1_RVT   | 0.065 |   6.228 |    1.912 | 
     | u_fused/g_gelu_lut.u_gelu/s1_x_in_reg[18] | D v          | DFFARX1_RVT  | 0.000 |   6.228 |    1.912 | 
     +------------------------------------------------------------------------------------------------------+ 
Path 7: VIOLATED Setup Check with Pin u_fused/data_out_reg[24]/CLK 
Endpoint:   u_fused/data_out_reg[24]/D (v) checked with  leading edge of 'clk'
Beginpoint: out_col_cnt_reg[1]/Q       (^) triggered by  leading edge of 'clk'
Path Groups: {clk}
Analysis View: av_typ
Other End Arrival Time          0.000
- Setup                         0.041
+ Phase Shift                   2.000
- Uncertainty                   0.050
= Required Time                 1.909
- Arrival Time                  6.214
= Slack Time                   -4.304
     Clock Rise Edge                 0.000
     + Clock Network Latency (Ideal) 0.000
     = Beginpoint Arrival Time       0.000
     +-------------------------------------------------------------------------------------+ 
     |         Instance         |     Arc      |     Cell     | Delay | Arrival | Required | 
     |                          |              |              |       |  Time   |   Time   | 
     |--------------------------+--------------+--------------+-------+---------+----------| 
     | out_col_cnt_reg[1]       | CLK ^        |              |       |   0.000 |   -4.304 | 
     | out_col_cnt_reg[1]       | CLK ^ -> Q ^ | DFFARX2_RVT  | 0.223 |   0.223 |   -4.081 | 
     | g415005                  | A ^ -> Y v   | INVX1_RVT    | 0.040 |   0.263 |   -4.041 | 
     | g414997                  | A1 v -> Y ^  | NAND2X0_RVT  | 0.094 |   0.357 |   -3.947 | 
     | g414968                  | A2 ^ -> Y ^  | OR2X1_RVT    | 0.093 |   0.450 |   -3.854 | 
     | g414956                  | A ^ -> Y v   | INVX4_RVT    | 0.049 |   0.499 |   -3.805 | 
     | g414747                  | A1 v -> Y v  | AND2X1_RVT   | 0.067 |   0.566 |   -3.738 | 
     | FE_OFC546126_n_774702    | A v -> Y v   | NBUFFX8_RVT  | 0.062 |   0.628 |   -3.677 | 
     | FE_OFC467474_n_774702    | A v -> Y v   | NBUFFX4_RVT  | 0.072 |   0.699 |   -3.605 | 
     | FE_OFC467476_n_774702    | A v -> Y ^   | INVX8_RVT    | 0.050 |   0.750 |   -3.555 | 
     | FE_OFC467478_n_774702    | A ^ -> Y ^   | NBUFFX8_RVT  | 0.082 |   0.832 |   -3.473 | 
     | FE_OFC467480_n_774702    | A ^ -> Y v   | INVX8_RVT    | 0.051 |   0.882 |   -3.422 | 
     | FE_OFC467482_n_774702    | A v -> Y v   | NBUFFX4_RVT  | 0.082 |   0.965 |   -3.339 | 
     | FE_OFC467484_n_774702    | A v -> Y v   | NBUFFX8_RVT  | 0.080 |   1.045 |   -3.259 | 
     | FE_OFC467486_n_774702    | A v -> Y v   | NBUFFX8_RVT  | 0.092 |   1.137 |   -3.167 | 
     | FE_OFC467488_n_774702    | A v -> Y v   | NBUFFX8_RVT  | 0.092 |   1.229 |   -3.075 | 
     | FE_OFC467490_n_774702    | A v -> Y v   | NBUFFX32_RVT | 0.081 |   1.310 |   -2.994 | 
     | FE_OFC467492_n_774702    | A v -> Y ^   | INVX8_RVT    | 0.114 |   1.425 |   -2.880 | 
     | FE_OFC467494_n_774702    | A ^ -> Y v   | INVX8_RVT    | 0.060 |   1.485 |   -2.820 | 
     | FE_OFC467496_n_774702    | A v -> Y v   | NBUFFX8_RVT  | 0.096 |   1.581 |   -2.724 | 
     | FE_OFC467498_n_774702    | A v -> Y ^   | INVX8_RVT    | 0.065 |   1.646 |   -2.658 | 
     | FE_OFC467500_n_774702    | A ^ -> Y v   | INVX8_RVT    | 0.058 |   1.704 |   -2.600 | 
     | FE_OFC467502_n_774702    | A v -> Y ^   | INVX8_RVT    | 0.071 |   1.775 |   -2.530 | 
     | FE_OFC467504_n_774702    | A ^ -> Y v   | INVX8_RVT    | 0.063 |   1.838 |   -2.466 | 
     | FE_OFC467506_n_774702    | A v -> Y v   | NBUFFX8_RVT  | 0.090 |   1.928 |   -2.376 | 
     | FE_OFC467508_n_774702    | A v -> Y v   | NBUFFX8_RVT  | 0.087 |   2.015 |   -2.290 | 
     | FE_OFC467510_n_774702    | A v -> Y ^   | INVX8_RVT    | 0.065 |   2.080 |   -2.224 | 
     | FE_OFC467512_n_774702    | A ^ -> Y v   | INVX8_RVT    | 0.058 |   2.138 |   -2.166 | 
     | FE_OFC467514_n_774702    | A v -> Y ^   | INVX8_RVT    | 0.069 |   2.207 |   -2.097 | 
     | FE_OFC467516_n_774702    | A ^ -> Y v   | INVX32_RVT   | 0.040 |   2.247 |   -2.057 | 
     | FE_OFC467518_n_774702    | A v -> Y ^   | INVX8_RVT    | 0.099 |   2.346 |   -1.958 | 
     | FE_OFC467520_n_774702    | A ^ -> Y v   | INVX8_RVT    | 0.058 |   2.404 |   -1.901 | 
     | FE_OFC467522_n_774702    | A v -> Y v   | NBUFFX8_RVT  | 0.090 |   2.494 |   -1.810 | 
     | FE_OFC467524_n_774702    | A v -> Y v   | NBUFFX8_RVT  | 0.090 |   2.584 |   -1.720 | 
     | FE_OFC467526_n_774702    | A v -> Y v   | NBUFFX4_RVT  | 0.095 |   2.679 |   -1.625 | 
     | FE_OFC467528_n_774702    | A v -> Y ^   | INVX8_RVT    | 0.061 |   2.740 |   -1.564 | 
     | FE_OFC467530_n_774702    | A ^ -> Y v   | INVX8_RVT    | 0.056 |   2.796 |   -1.508 | 
     | FE_OFC467532_n_774702    | A v -> Y v   | NBUFFX8_RVT  | 0.087 |   2.883 |   -1.421 | 
     | FE_OFC467534_n_774702    | A v -> Y v   | NBUFFX8_RVT  | 0.086 |   2.969 |   -1.335 | 
     | g372325                  | A1 v -> Y v  | AND2X4_RVT   | 0.122 |   3.091 |   -1.213 | 
     | FE_OFC490501_n_780118    | A v -> Y v   | NBUFFX2_RVT  | 0.088 |   3.179 |   -1.125 | 
     | g371169                  | A1 v -> Y v  | AO22X1_RVT   | 0.090 |   3.269 |   -1.035 | 
     | g365630                  | A5 v -> Y v  | AO221X2_RVT  | 0.087 |   3.356 |   -0.948 | 
     | g359407                  | A3 v -> Y ^  | NOR4X1_RVT   | 0.148 |   3.505 |   -0.800 | 
     | FE_OFC512699_n_797794    | A ^ -> Y v   | INVX8_RVT    | 0.049 |   3.554 |   -0.750 | 
     | FE_OFC512700_n_797794    | A v -> Y ^   | INVX2_RVT    | 0.072 |   3.626 |   -0.678 | 
     | g345827                  | A2 ^ -> Y v  | NAND4X0_RVT  | 0.161 |   3.787 |   -0.517 | 
     | FE_OFC522851_n_797813    | A v -> Y ^   | INVX8_RVT    | 0.108 |   3.895 |   -0.409 | 
     | FE_OFC522852_n_797813    | A ^ -> Y v   | INVX8_RVT    | 0.062 |   3.957 |   -0.347 | 
     | FE_OFC522853_n_797813    | A v -> Y v   | NBUFFX4_RVT  | 0.089 |   4.047 |   -0.258 | 
     | g343790                  | A2 v -> Y ^  | NOR4X1_RVT   | 0.133 |   4.179 |   -0.125 | 
     | FE_OFC525515_n_797888    | A ^ -> Y ^   | NBUFFX8_RVT  | 0.071 |   4.250 |   -0.054 | 
     | FE_OFC525516_n_797888    | A ^ -> Y v   | INVX8_RVT    | 0.056 |   4.306 |    0.002 | 
     | FE_OFC525517_n_797888    | A v -> Y ^   | IBUFFX8_RVT  | 0.121 |   4.427 |    0.123 | 
     | FE_OFC525518_n_797888    | A ^ -> Y v   | INVX8_RVT    | 0.057 |   4.484 |    0.180 | 
     | FE_OFC525519_n_797888    | A v -> Y ^   | INVX8_RVT    | 0.063 |   4.547 |    0.243 | 
     | FE_OFC525520_n_797888    | A ^ -> Y v   | INVX8_RVT    | 0.056 |   4.603 |    0.299 | 
     | FE_OFC525521_n_797888    | A v -> Y v   | NBUFFX8_RVT  | 0.089 |   4.692 |    0.388 | 
     | FE_OFC525522_n_797888    | A v -> Y ^   | INVX8_RVT    | 0.058 |   4.749 |    0.445 | 
     | FE_OFC525523_n_797888    | A ^ -> Y ^   | NBUFFX8_RVT  | 0.082 |   4.832 |    0.527 | 
     | g343506                  | A1 ^ -> Y v  | NAND3X4_RVT  | 0.129 |   4.961 |    0.657 | 
     | FE_OFC525708_n_797963    | A v -> Y ^   | INVX8_RVT    | 0.059 |   5.020 |    0.716 | 
     | FE_OFC525709_n_797963    | A ^ -> Y v   | INVX8_RVT    | 0.056 |   5.076 |    0.772 | 
     | g343392                  | A4 v -> Y ^  | NOR4X1_RVT   | 0.133 |   5.209 |    0.904 | 
     | FE_OFC525831_n_797964    | A ^ -> Y v   | INVX8_RVT    | 0.053 |   5.262 |    0.958 | 
     | FE_OFC525832_n_797964    | A v -> Y ^   | INVX8_RVT    | 0.069 |   5.331 |    1.027 | 
     | FE_OFC525833_n_797964    | A ^ -> Y v   | INVX8_RVT    | 0.063 |   5.394 |    1.089 | 
     | FE_OFC525834_n_797964    | A v -> Y ^   | INVX8_RVT    | 0.067 |   5.461 |    1.156 | 
     | g343344                  | A2 ^ -> Y v  | NAND4X0_RVT  | 0.159 |   5.620 |    1.315 | 
     | FE_OFC525968_n_798189    | A v -> Y ^   | INVX8_RVT    | 0.107 |   5.726 |    1.422 | 
     | FE_OFC525969_n_798189    | A ^ -> Y ^   | NBUFFX8_RVT  | 0.100 |   5.826 |    1.522 | 
     | FE_OFC525970_n_798189    | A ^ -> Y v   | INVX8_RVT    | 0.060 |   5.886 |    1.582 | 
     | FE_OFC525971_n_798189    | A v -> Y ^   | INVX8_RVT    | 0.069 |   5.955 |    1.650 | 
     | FE_OFC525972_n_798189    | A ^ -> Y v   | INVX8_RVT    | 0.056 |   6.011 |    1.706 | 
     | g452                     | A3 v -> Y v  | OR3X1_RVT    | 0.100 |   6.110 |    1.806 | 
     | u_fused/g3904            | A4 v -> Y v  | AO222X1_RVT  | 0.103 |   6.214 |    1.909 | 
     | u_fused/data_out_reg[24] | D v          | DFFARX1_RVT  | 0.000 |   6.214 |    1.909 | 
     +-------------------------------------------------------------------------------------+ 
Path 8: VIOLATED Setup Check with Pin u_fused/data_out_reg[12]/CLK 
Endpoint:   u_fused/data_out_reg[12]/D (v) checked with  leading edge of 'clk'
Beginpoint: out_col_cnt_reg[1]/Q       (^) triggered by  leading edge of 'clk'
Path Groups: {clk}
Analysis View: av_typ
Other End Arrival Time          0.000
- Setup                         0.041
+ Phase Shift                   2.000
- Uncertainty                   0.050
= Required Time                 1.909
- Arrival Time                  6.198
= Slack Time                   -4.289
     Clock Rise Edge                 0.000
     + Clock Network Latency (Ideal) 0.000
     = Beginpoint Arrival Time       0.000
     +-------------------------------------------------------------------------------------+ 
     |         Instance         |     Arc      |     Cell     | Delay | Arrival | Required | 
     |                          |              |              |       |  Time   |   Time   | 
     |--------------------------+--------------+--------------+-------+---------+----------| 
     | out_col_cnt_reg[1]       | CLK ^        |              |       |   0.000 |   -4.289 | 
     | out_col_cnt_reg[1]       | CLK ^ -> Q ^ | DFFARX2_RVT  | 0.223 |   0.223 |   -4.066 | 
     | g415005                  | A ^ -> Y v   | INVX1_RVT    | 0.040 |   0.263 |   -4.026 | 
     | g414991                  | A1 v -> Y v  | AND2X1_RVT   | 0.070 |   0.334 |   -3.955 | 
     | g414981                  | A1 v -> Y ^  | NAND2X2_RVT  | 0.095 |   0.429 |   -3.860 | 
     | g414749                  | A2 ^ -> Y v  | NOR2X0_RVT   | 0.075 |   0.504 |   -3.785 | 
     | FE_OFC549067_n_774688    | A v -> Y v   | NBUFFX8_RVT  | 0.059 |   0.563 |   -3.726 | 
     | FE_OFC81070_n_774688     | A v -> Y v   | NBUFFX4_RVT  | 0.079 |   0.642 |   -3.647 | 
     | FE_OFC81072_n_774688     | A v -> Y v   | NBUFFX8_RVT  | 0.081 |   0.723 |   -3.566 | 
     | FE_OFC81074_n_774688     | A v -> Y ^   | INVX8_RVT    | 0.059 |   0.782 |   -3.507 | 
     | FE_OFC81076_n_774688     | A ^ -> Y ^   | NBUFFX8_RVT  | 0.085 |   0.866 |   -3.423 | 
     | FE_OFC81078_n_774688     | A ^ -> Y v   | INVX8_RVT    | 0.057 |   0.924 |   -3.365 | 
     | FE_OFC81080_n_774688     | A v -> Y ^   | INVX8_RVT    | 0.064 |   0.988 |   -3.301 | 
     | FE_OFC81082_n_774688     | A ^ -> Y v   | INVX32_RVT   | 0.035 |   1.023 |   -3.266 | 
     | FE_OFC81084_n_774688     | A v -> Y v   | NBUFFX8_RVT  | 0.132 |   1.154 |   -3.135 | 
     | FE_OFC81086_n_774688     | A v -> Y v   | NBUFFX8_RVT  | 0.090 |   1.245 |   -3.044 | 
     | FE_OFC81088_n_774688     | A v -> Y v   | NBUFFX8_RVT  | 0.088 |   1.332 |   -2.957 | 
     | FE_OFC81090_n_774688     | A v -> Y v   | NBUFFX8_RVT  | 0.089 |   1.422 |   -2.867 | 
     | FE_OFC81092_n_774688     | A v -> Y v   | NBUFFX8_RVT  | 0.087 |   1.508 |   -2.781 | 
     | FE_OFC81094_n_774688     | A v -> Y v   | NBUFFX8_RVT  | 0.084 |   1.593 |   -2.696 | 
     | FE_OFC81096_n_774688     | A v -> Y v   | NBUFFX4_RVT  | 0.087 |   1.680 |   -2.609 | 
     | FE_OFC81098_n_774688     | A v -> Y ^   | INVX8_RVT    | 0.054 |   1.734 |   -2.555 | 
     | FE_OFC81100_n_774688     | A ^ -> Y v   | INVX8_RVT    | 0.056 |   1.790 |   -2.499 | 
     | FE_OFC81102_n_774688     | A v -> Y v   | NBUFFX32_RVT | 0.080 |   1.870 |   -2.419 | 
     | FE_OFC81104_n_774688     | A v -> Y ^   | INVX8_RVT    | 0.113 |   1.983 |   -2.306 | 
     | FE_OFC81106_n_774688     | A ^ -> Y v   | INVX8_RVT    | 0.062 |   2.045 |   -2.244 | 
     | FE_OFC81108_n_774688     | A v -> Y ^   | INVX8_RVT    | 0.072 |   2.117 |   -2.172 | 
     | FE_OFC81110_n_774688     | A ^ -> Y v   | INVX8_RVT    | 0.058 |   2.175 |   -2.114 | 
     | FE_OFC81112_n_774688     | A v -> Y v   | NBUFFX8_RVT  | 0.088 |   2.263 |   -2.026 | 
     | FE_OFC81114_n_774688     | A v -> Y v   | NBUFFX8_RVT  | 0.086 |   2.349 |   -1.940 | 
     | FE_OFC81116_n_774688     | A v -> Y ^   | INVX8_RVT    | 0.062 |   2.411 |   -1.878 | 
     | FE_OFC81118_n_774688     | A ^ -> Y v   | INVX8_RVT    | 0.055 |   2.465 |   -1.824 | 
     | FE_OFC81120_n_774688     | A v -> Y ^   | INVX8_RVT    | 0.064 |   2.529 |   -1.760 | 
     | FE_OFC81122_n_774688     | A ^ -> Y v   | INVX8_RVT    | 0.055 |   2.584 |   -1.704 | 
     | FE_OFC81124_n_774688     | A v -> Y v   | NBUFFX4_RVT  | 0.091 |   2.675 |   -1.614 | 
     | FE_OFC81126_n_774688     | A v -> Y ^   | INVX8_RVT    | 0.056 |   2.731 |   -1.558 | 
     | FE_OFC81127_n_774688     | A ^ -> Y v   | INVX8_RVT    | 0.051 |   2.782 |   -1.507 | 
     | FE_OFC81128_n_774688     | A v -> Y ^   | INVX8_RVT    | 0.060 |   2.842 |   -1.447 | 
     | FE_OFC81129_n_774688     | A ^ -> Y ^   | NBUFFX8_RVT  | 0.082 |   2.924 |   -1.365 | 
     | FE_OFC81130_n_774688     | A ^ -> Y v   | INVX8_RVT    | 0.052 |   2.976 |   -1.313 | 
     | g372394                  | A1 v -> Y v  | AND2X4_RVT   | 0.119 |   3.094 |   -1.194 | 
     | FE_OFC494571_n_780020    | A v -> Y v   | NBUFFX4_RVT  | 0.096 |   3.191 |   -1.098 | 
     | g371039                  | A3 v -> Y v  | AO22X1_RVT   | 0.074 |   3.264 |   -1.025 | 
     | g365510                  | A5 v -> Y v  | AO221X2_RVT  | 0.093 |   3.357 |   -0.931 | 
     | g359378                  | A4 v -> Y ^  | NOR4X1_RVT   | 0.129 |   3.486 |   -0.803 | 
     | FE_OFC520141_n_826699    | A ^ -> Y v   | INVX8_RVT    | 0.055 |   3.542 |   -0.747 | 
     | FE_OFC520142_n_826699    | A v -> Y ^   | INVX8_RVT    | 0.068 |   3.610 |   -0.679 | 
     | FE_OFC520143_n_826699    | A ^ -> Y ^   | NBUFFX2_RVT  | 0.086 |   3.695 |   -0.594 | 
     | g345819                  | A2 ^ -> Y v  | NAND4X0_RVT  | 0.158 |   3.854 |   -0.435 | 
     | FE_OFC525228_n_826718    | A v -> Y ^   | INVX8_RVT    | 0.103 |   3.957 |   -0.332 | 
     | FE_OFC525229_n_826718    | A ^ -> Y v   | INVX8_RVT    | 0.069 |   4.026 |   -0.263 | 
     | FE_OFC525230_n_826718    | A v -> Y ^   | IBUFFX32_RVT | 0.108 |   4.134 |   -0.155 | 
     | FE_OFC525231_n_826718    | A ^ -> Y v   | INVX8_RVT    | 0.049 |   4.183 |   -0.106 | 
     | FE_OFC525232_n_826718    | A v -> Y ^   | INVX8_RVT    | 0.060 |   4.243 |   -0.046 | 
     | FE_OFC525233_n_826718    | A ^ -> Y v   | INVX8_RVT    | 0.056 |   4.299 |    0.010 | 
     | FE_OFC525234_n_826718    | A v -> Y ^   | INVX8_RVT    | 0.067 |   4.366 |    0.077 | 
     | FE_OFC525235_n_826718    | A ^ -> Y v   | INVX8_RVT    | 0.050 |   4.416 |    0.127 | 
     | FE_OFC525236_n_826718    | A v -> Y v   | NBUFFX8_RVT  | 0.083 |   4.498 |    0.210 | 
     | g343706                  | A3 v -> Y ^  | NOR4X1_RVT   | 0.119 |   4.618 |    0.329 | 
     | FE_OFC535397_n_826756    | A ^ -> Y ^   | NBUFFX4_RVT  | 0.050 |   4.668 |    0.379 | 
     | FE_OFC525621_n_826756    | A ^ -> Y v   | INVX8_RVT    | 0.041 |   4.709 |    0.420 | 
     | FE_OFC525622_n_826756    | A v -> Y ^   | INVX8_RVT    | 0.063 |   4.772 |    0.484 | 
     | FE_OFC525623_n_826756    | A ^ -> Y ^   | NBUFFX4_RVT  | 0.094 |   4.866 |    0.577 | 
     | g343505                  | A1 ^ -> Y v  | NAND3X4_RVT  | 0.136 |   5.002 |    0.713 | 
     | FE_OFC525751_n_826831    | A v -> Y ^   | INVX8_RVT    | 0.066 |   5.067 |    0.778 | 
     | FE_OFC525752_n_826831    | A ^ -> Y ^   | NBUFFX8_RVT  | 0.090 |   5.157 |    0.868 | 
     | FE_OFC525753_n_826831    | A ^ -> Y v   | INVX8_RVT    | 0.063 |   5.220 |    0.931 | 
     | FE_OFC525754_n_826831    | A v -> Y v   | NBUFFX8_RVT  | 0.095 |   5.315 |    1.026 | 
     | g343388                  | A4 v -> Y ^  | NOR4X1_RVT   | 0.108 |   5.423 |    1.134 | 
     | FE_OFC525885_n_826832    | A ^ -> Y ^   | NBUFFX8_RVT  | 0.068 |   5.491 |    1.202 | 
     | g343345                  | A2 ^ -> Y v  | NAND4X0_RVT  | 0.168 |   5.659 |    1.370 | 
     | FE_OFC525987_n_827057    | A v -> Y ^   | INVX8_RVT    | 0.111 |   5.770 |    1.481 | 
     | FE_OFC525988_n_827057    | A ^ -> Y v   | INVX8_RVT    | 0.071 |   5.841 |    1.552 | 
     | FE_OFC525989_n_827057    | A v -> Y ^   | IBUFFX32_RVT | 0.112 |   5.953 |    1.664 | 
     | FE_OFC525990_n_827057    | A ^ -> Y v   | INVX2_RVT    | 0.054 |   6.007 |    1.718 | 
     | g463                     | A3 v -> Y v  | OR3X1_RVT    | 0.089 |   6.096 |    1.807 | 
     | u_fused/g3892            | A4 v -> Y v  | AO222X1_RVT  | 0.103 |   6.198 |    1.909 | 
     | u_fused/data_out_reg[12] | D v          | DFFARX1_RVT  | 0.000 |   6.198 |    1.909 | 
     +-------------------------------------------------------------------------------------+ 
Path 9: VIOLATED Setup Check with Pin u_fused/g_gelu_lut.u_gelu/s1_x_in_reg[24]/
CLK 
Endpoint:   u_fused/g_gelu_lut.u_gelu/s1_x_in_reg[24]/D (v) checked with  
leading edge of 'clk'
Beginpoint: out_col_cnt_reg[1]/Q                        (^) triggered by  
leading edge of 'clk'
Path Groups: {clk}
Analysis View: av_typ
Other End Arrival Time          0.000
- Setup                         0.039
+ Phase Shift                   2.000
- Uncertainty                   0.050
= Required Time                 1.911
- Arrival Time                  6.179
= Slack Time                   -4.268
     Clock Rise Edge                 0.000
     + Clock Network Latency (Ideal) 0.000
     = Beginpoint Arrival Time       0.000
     +------------------------------------------------------------------------------------------------------+ 
     |                 Instance                  |     Arc      |     Cell     | Delay | Arrival | Required | 
     |                                           |              |              |       |  Time   |   Time   | 
     |-------------------------------------------+--------------+--------------+-------+---------+----------| 
     | out_col_cnt_reg[1]                        | CLK ^        |              |       |   0.000 |   -4.268 | 
     | out_col_cnt_reg[1]                        | CLK ^ -> Q ^ | DFFARX2_RVT  | 0.223 |   0.223 |   -4.045 | 
     | g415005                                   | A ^ -> Y v   | INVX1_RVT    | 0.040 |   0.263 |   -4.005 | 
     | g414997                                   | A1 v -> Y ^  | NAND2X0_RVT  | 0.094 |   0.357 |   -3.911 | 
     | g414968                                   | A2 ^ -> Y ^  | OR2X1_RVT    | 0.093 |   0.450 |   -3.818 | 
     | g414956                                   | A ^ -> Y v   | INVX4_RVT    | 0.049 |   0.499 |   -3.769 | 
     | g414747                                   | A1 v -> Y v  | AND2X1_RVT   | 0.067 |   0.566 |   -3.702 | 
     | FE_OFC546126_n_774702                     | A v -> Y v   | NBUFFX8_RVT  | 0.062 |   0.628 |   -3.640 | 
     | FE_OFC467474_n_774702                     | A v -> Y v   | NBUFFX4_RVT  | 0.072 |   0.699 |   -3.569 | 
     | FE_OFC467476_n_774702                     | A v -> Y ^   | INVX8_RVT    | 0.050 |   0.750 |   -3.518 | 
     | FE_OFC467478_n_774702                     | A ^ -> Y ^   | NBUFFX8_RVT  | 0.082 |   0.832 |   -3.436 | 
     | FE_OFC467480_n_774702                     | A ^ -> Y v   | INVX8_RVT    | 0.051 |   0.882 |   -3.386 | 
     | FE_OFC467482_n_774702                     | A v -> Y v   | NBUFFX4_RVT  | 0.082 |   0.965 |   -3.303 | 
     | FE_OFC467484_n_774702                     | A v -> Y v   | NBUFFX8_RVT  | 0.080 |   1.045 |   -3.223 | 
     | FE_OFC467486_n_774702                     | A v -> Y v   | NBUFFX8_RVT  | 0.092 |   1.137 |   -3.131 | 
     | FE_OFC467488_n_774702                     | A v -> Y v   | NBUFFX8_RVT  | 0.092 |   1.229 |   -3.039 | 
     | FE_OFC467490_n_774702                     | A v -> Y v   | NBUFFX32_RVT | 0.081 |   1.310 |   -2.958 | 
     | FE_OFC467492_n_774702                     | A v -> Y ^   | INVX8_RVT    | 0.114 |   1.425 |   -2.843 | 
     | FE_OFC467494_n_774702                     | A ^ -> Y v   | INVX8_RVT    | 0.060 |   1.485 |   -2.783 | 
     | FE_OFC467496_n_774702                     | A v -> Y v   | NBUFFX8_RVT  | 0.096 |   1.581 |   -2.687 | 
     | FE_OFC467498_n_774702                     | A v -> Y ^   | INVX8_RVT    | 0.065 |   1.646 |   -2.622 | 
     | FE_OFC467500_n_774702                     | A ^ -> Y v   | INVX8_RVT    | 0.058 |   1.704 |   -2.564 | 
     | FE_OFC467502_n_774702                     | A v -> Y ^   | INVX8_RVT    | 0.071 |   1.775 |   -2.493 | 
     | FE_OFC467504_n_774702                     | A ^ -> Y v   | INVX8_RVT    | 0.063 |   1.838 |   -2.430 | 
     | FE_OFC467506_n_774702                     | A v -> Y v   | NBUFFX8_RVT  | 0.090 |   1.928 |   -2.340 | 
     | FE_OFC467508_n_774702                     | A v -> Y v   | NBUFFX8_RVT  | 0.087 |   2.015 |   -2.253 | 
     | FE_OFC467510_n_774702                     | A v -> Y ^   | INVX8_RVT    | 0.065 |   2.080 |   -2.188 | 
     | FE_OFC467512_n_774702                     | A ^ -> Y v   | INVX8_RVT    | 0.058 |   2.138 |   -2.130 | 
     | FE_OFC467514_n_774702                     | A v -> Y ^   | INVX8_RVT    | 0.069 |   2.207 |   -2.061 | 
     | FE_OFC467516_n_774702                     | A ^ -> Y v   | INVX32_RVT   | 0.040 |   2.247 |   -2.021 | 
     | FE_OFC467518_n_774702                     | A v -> Y ^   | INVX8_RVT    | 0.099 |   2.346 |   -1.922 | 
     | FE_OFC467520_n_774702                     | A ^ -> Y v   | INVX8_RVT    | 0.058 |   2.404 |   -1.864 | 
     | FE_OFC467522_n_774702                     | A v -> Y v   | NBUFFX8_RVT  | 0.090 |   2.494 |   -1.774 | 
     | FE_OFC467524_n_774702                     | A v -> Y v   | NBUFFX8_RVT  | 0.090 |   2.584 |   -1.684 | 
     | FE_OFC467526_n_774702                     | A v -> Y v   | NBUFFX4_RVT  | 0.095 |   2.679 |   -1.589 | 
     | FE_OFC467528_n_774702                     | A v -> Y ^   | INVX8_RVT    | 0.061 |   2.740 |   -1.528 | 
     | FE_OFC467530_n_774702                     | A ^ -> Y v   | INVX8_RVT    | 0.056 |   2.796 |   -1.472 | 
     | FE_OFC467532_n_774702                     | A v -> Y v   | NBUFFX8_RVT  | 0.087 |   2.883 |   -1.385 | 
     | FE_OFC467534_n_774702                     | A v -> Y v   | NBUFFX8_RVT  | 0.086 |   2.969 |   -1.299 | 
     | g372325                                   | A1 v -> Y v  | AND2X4_RVT   | 0.122 |   3.091 |   -1.177 | 
     | FE_OFC490501_n_780118                     | A v -> Y v   | NBUFFX2_RVT  | 0.088 |   3.179 |   -1.089 | 
     | g371169                                   | A1 v -> Y v  | AO22X1_RVT   | 0.090 |   3.269 |   -0.999 | 
     | g365630                                   | A5 v -> Y v  | AO221X2_RVT  | 0.087 |   3.356 |   -0.912 | 
     | g359407                                   | A3 v -> Y ^  | NOR4X1_RVT   | 0.148 |   3.505 |   -0.763 | 
     | FE_OFC512699_n_797794                     | A ^ -> Y v   | INVX8_RVT    | 0.049 |   3.554 |   -0.714 | 
     | FE_OFC512700_n_797794                     | A v -> Y ^   | INVX2_RVT    | 0.072 |   3.626 |   -0.642 | 
     | g345827                                   | A2 ^ -> Y v  | NAND4X0_RVT  | 0.161 |   3.787 |   -0.481 | 
     | FE_OFC522851_n_797813                     | A v -> Y ^   | INVX8_RVT    | 0.108 |   3.895 |   -0.373 | 
     | FE_OFC522852_n_797813                     | A ^ -> Y v   | INVX8_RVT    | 0.062 |   3.957 |   -0.311 | 
     | FE_OFC522853_n_797813                     | A v -> Y v   | NBUFFX4_RVT  | 0.089 |   4.047 |   -0.221 | 
     | g343790                                   | A2 v -> Y ^  | NOR4X1_RVT   | 0.133 |   4.179 |   -0.089 | 
     | FE_OFC525515_n_797888                     | A ^ -> Y ^   | NBUFFX8_RVT  | 0.071 |   4.250 |   -0.018 | 
     | FE_OFC525516_n_797888                     | A ^ -> Y v   | INVX8_RVT    | 0.056 |   4.306 |    0.038 | 
     | FE_OFC525517_n_797888                     | A v -> Y ^   | IBUFFX8_RVT  | 0.121 |   4.427 |    0.159 | 
     | FE_OFC525518_n_797888                     | A ^ -> Y v   | INVX8_RVT    | 0.057 |   4.484 |    0.216 | 
     | FE_OFC525519_n_797888                     | A v -> Y ^   | INVX8_RVT    | 0.063 |   4.547 |    0.279 | 
     | FE_OFC525520_n_797888                     | A ^ -> Y v   | INVX8_RVT    | 0.056 |   4.603 |    0.335 | 
     | FE_OFC525521_n_797888                     | A v -> Y v   | NBUFFX8_RVT  | 0.089 |   4.692 |    0.424 | 
     | FE_OFC525522_n_797888                     | A v -> Y ^   | INVX8_RVT    | 0.058 |   4.749 |    0.481 | 
     | FE_OFC525523_n_797888                     | A ^ -> Y ^   | NBUFFX8_RVT  | 0.082 |   4.832 |    0.564 | 
     | g343506                                   | A1 ^ -> Y v  | NAND3X4_RVT  | 0.129 |   4.961 |    0.693 | 
     | FE_OFC525708_n_797963                     | A v -> Y ^   | INVX8_RVT    | 0.059 |   5.020 |    0.752 | 
     | FE_OFC525709_n_797963                     | A ^ -> Y v   | INVX8_RVT    | 0.056 |   5.076 |    0.808 | 
     | g343392                                   | A4 v -> Y ^  | NOR4X1_RVT   | 0.133 |   5.209 |    0.941 | 
     | FE_OFC525831_n_797964                     | A ^ -> Y v   | INVX8_RVT    | 0.053 |   5.262 |    0.994 | 
     | FE_OFC525832_n_797964                     | A v -> Y ^   | INVX8_RVT    | 0.069 |   5.331 |    1.063 | 
     | FE_OFC525833_n_797964                     | A ^ -> Y v   | INVX8_RVT    | 0.063 |   5.394 |    1.126 | 
     | FE_OFC525834_n_797964                     | A v -> Y ^   | INVX8_RVT    | 0.067 |   5.461 |    1.193 | 
     | g343344                                   | A2 ^ -> Y v  | NAND4X0_RVT  | 0.159 |   5.620 |    1.352 | 
     | FE_OFC525968_n_798189                     | A v -> Y ^   | INVX8_RVT    | 0.107 |   5.726 |    1.458 | 
     | FE_OFC525969_n_798189                     | A ^ -> Y ^   | NBUFFX8_RVT  | 0.100 |   5.826 |    1.558 | 
     | FE_OFC525970_n_798189                     | A ^ -> Y v   | INVX8_RVT    | 0.060 |   5.886 |    1.618 | 
     | FE_OFC525971_n_798189                     | A v -> Y ^   | INVX8_RVT    | 0.069 |   5.955 |    1.687 | 
     | FE_OFC525972_n_798189                     | A ^ -> Y v   | INVX8_RVT    | 0.056 |   6.011 |    1.743 | 
     | g452                                      | A3 v -> Y v  | OR3X1_RVT    | 0.100 |   6.110 |    1.842 | 
     | u_fused/g_gelu_lut.u_gelu/g1962           | A4 v -> Y v  | AO22X1_RVT   | 0.069 |   6.179 |    1.911 | 
     | u_fused/g_gelu_lut.u_gelu/s1_x_in_reg[24] | D v          | DFFARX1_RVT  | 0.000 |   6.179 |    1.911 | 
     +------------------------------------------------------------------------------------------------------+ 
Path 10: VIOLATED Setup Check with Pin u_fused/data_delay_reg[0][18]/CLK 
Endpoint:   u_fused/data_delay_reg[0][18]/D (v) checked with  leading edge of 
'clk'
Beginpoint: out_col_cnt_reg[1]/Q            (^) triggered by  leading edge of 
'clk'
Path Groups: {clk}
Analysis View: av_typ
Other End Arrival Time          0.000
- Setup                         0.050
+ Phase Shift                   2.000
- Uncertainty                   0.050
= Required Time                 1.900
- Arrival Time                  6.163
= Slack Time                   -4.263
     Clock Rise Edge                 0.000
     + Clock Network Latency (Ideal) 0.000
     = Beginpoint Arrival Time       0.000
     +------------------------------------------------------------------------------------------+ 
     |           Instance            |     Arc      |     Cell     | Delay | Arrival | Required | 
     |                               |              |              |       |  Time   |   Time   | 
     |-------------------------------+--------------+--------------+-------+---------+----------| 
     | out_col_cnt_reg[1]            | CLK ^        |              |       |   0.000 |   -4.263 | 
     | out_col_cnt_reg[1]            | CLK ^ -> Q ^ | DFFARX2_RVT  | 0.223 |   0.223 |   -4.040 | 
     | g415005                       | A ^ -> Y v   | INVX1_RVT    | 0.040 |   0.263 |   -4.000 | 
     | g414991                       | A1 v -> Y v  | AND2X1_RVT   | 0.070 |   0.334 |   -3.929 | 
     | g414981                       | A1 v -> Y ^  | NAND2X2_RVT  | 0.095 |   0.429 |   -3.834 | 
     | g414749                       | A2 ^ -> Y v  | NOR2X0_RVT   | 0.075 |   0.504 |   -3.759 | 
     | FE_OFC549067_n_774688         | A v -> Y v   | NBUFFX8_RVT  | 0.059 |   0.563 |   -3.700 | 
     | FE_OFC81070_n_774688          | A v -> Y v   | NBUFFX4_RVT  | 0.079 |   0.642 |   -3.621 | 
     | FE_OFC81072_n_774688          | A v -> Y v   | NBUFFX8_RVT  | 0.081 |   0.723 |   -3.540 | 
     | FE_OFC81074_n_774688          | A v -> Y ^   | INVX8_RVT    | 0.059 |   0.782 |   -3.481 | 
     | FE_OFC81076_n_774688          | A ^ -> Y ^   | NBUFFX8_RVT  | 0.085 |   0.866 |   -3.397 | 
     | FE_OFC81078_n_774688          | A ^ -> Y v   | INVX8_RVT    | 0.057 |   0.924 |   -3.339 | 
     | FE_OFC81080_n_774688          | A v -> Y ^   | INVX8_RVT    | 0.064 |   0.988 |   -3.275 | 
     | FE_OFC81082_n_774688          | A ^ -> Y v   | INVX32_RVT   | 0.035 |   1.023 |   -3.240 | 
     | FE_OFC81084_n_774688          | A v -> Y v   | NBUFFX8_RVT  | 0.132 |   1.154 |   -3.109 | 
     | FE_OFC81086_n_774688          | A v -> Y v   | NBUFFX8_RVT  | 0.090 |   1.245 |   -3.018 | 
     | FE_OFC81088_n_774688          | A v -> Y v   | NBUFFX8_RVT  | 0.088 |   1.332 |   -2.931 | 
     | FE_OFC81090_n_774688          | A v -> Y v   | NBUFFX8_RVT  | 0.089 |   1.422 |   -2.841 | 
     | FE_OFC81092_n_774688          | A v -> Y v   | NBUFFX8_RVT  | 0.087 |   1.508 |   -2.755 | 
     | FE_OFC81094_n_774688          | A v -> Y v   | NBUFFX8_RVT  | 0.084 |   1.593 |   -2.670 | 
     | FE_OFC81096_n_774688          | A v -> Y v   | NBUFFX4_RVT  | 0.087 |   1.680 |   -2.583 | 
     | FE_OFC81098_n_774688          | A v -> Y ^   | INVX8_RVT    | 0.054 |   1.734 |   -2.529 | 
     | FE_OFC81100_n_774688          | A ^ -> Y v   | INVX8_RVT    | 0.056 |   1.790 |   -2.473 | 
     | FE_OFC81102_n_774688          | A v -> Y v   | NBUFFX32_RVT | 0.080 |   1.870 |   -2.393 | 
     | FE_OFC81104_n_774688          | A v -> Y ^   | INVX8_RVT    | 0.113 |   1.983 |   -2.280 | 
     | FE_OFC81106_n_774688          | A ^ -> Y v   | INVX8_RVT    | 0.062 |   2.045 |   -2.218 | 
     | FE_OFC81108_n_774688          | A v -> Y ^   | INVX8_RVT    | 0.072 |   2.117 |   -2.146 | 
     | FE_OFC81110_n_774688          | A ^ -> Y v   | INVX8_RVT    | 0.058 |   2.175 |   -2.088 | 
     | FE_OFC81112_n_774688          | A v -> Y v   | NBUFFX8_RVT  | 0.088 |   2.263 |   -2.000 | 
     | FE_OFC81114_n_774688          | A v -> Y v   | NBUFFX8_RVT  | 0.086 |   2.349 |   -1.914 | 
     | FE_OFC81116_n_774688          | A v -> Y ^   | INVX8_RVT    | 0.062 |   2.411 |   -1.852 | 
     | FE_OFC81118_n_774688          | A ^ -> Y v   | INVX8_RVT    | 0.055 |   2.465 |   -1.798 | 
     | FE_OFC81120_n_774688          | A v -> Y ^   | INVX8_RVT    | 0.064 |   2.529 |   -1.734 | 
     | FE_OFC81122_n_774688          | A ^ -> Y v   | INVX8_RVT    | 0.055 |   2.584 |   -1.678 | 
     | FE_OFC81124_n_774688          | A v -> Y v   | NBUFFX4_RVT  | 0.091 |   2.675 |   -1.588 | 
     | FE_OFC81126_n_774688          | A v -> Y ^   | INVX8_RVT    | 0.056 |   2.731 |   -1.532 | 
     | FE_OFC81127_n_774688          | A ^ -> Y v   | INVX8_RVT    | 0.051 |   2.782 |   -1.481 | 
     | FE_OFC81128_n_774688          | A v -> Y ^   | INVX8_RVT    | 0.060 |   2.842 |   -1.421 | 
     | FE_OFC81129_n_774688          | A ^ -> Y ^   | NBUFFX8_RVT  | 0.082 |   2.924 |   -1.339 | 
     | FE_OFC81130_n_774688          | A ^ -> Y v   | INVX8_RVT    | 0.052 |   2.976 |   -1.287 | 
     | g372338                       | A1 v -> Y v  | AND2X4_RVT   | 0.125 |   3.100 |   -1.162 | 
     | FE_OFC490489_n_780087         | A v -> Y v   | NBUFFX4_RVT  | 0.097 |   3.197 |   -1.066 | 
     | g365366                       | A3 v -> Y v  | AO221X1_RVT  | 0.100 |   3.297 |   -0.966 | 
     | g359346                       | A2 v -> Y ^  | NOR4X1_RVT   | 0.129 |   3.427 |   -0.836 | 
     | FE_OFC513848_n_812323         | A ^ -> Y ^   | NBUFFX8_RVT  | 0.070 |   3.497 |   -0.766 | 
     | FE_OFC513849_n_812323         | A ^ -> Y ^   | NBUFFX2_RVT  | 0.082 |   3.579 |   -0.684 | 
     | g345812                       | A2 ^ -> Y v  | NAND4X0_RVT  | 0.157 |   3.736 |   -0.527 | 
     | FE_OFC525066_n_812342         | A v -> Y ^   | INVX8_RVT    | 0.101 |   3.836 |   -0.427 | 
     | FE_OFC525067_n_812342         | A ^ -> Y ^   | NBUFFX8_RVT  | 0.098 |   3.934 |   -0.329 | 
     | FE_OFC525068_n_812342         | A ^ -> Y v   | INVX8_RVT    | 0.052 |   3.986 |   -0.277 | 
     | g343642                       | A2 v -> Y ^  | NOR4X1_RVT   | 0.165 |   4.150 |   -0.113 | 
     | FE_OFC525577_n_812417         | A ^ -> Y v   | INVX8_RVT    | 0.048 |   4.199 |   -0.064 | 
     | FE_OFC525578_n_812417         | A v -> Y ^   | INVX8_RVT    | 0.065 |   4.264 |    0.001 | 
     | FE_OFC525579_n_812417         | A ^ -> Y v   | INVX8_RVT    | 0.055 |   4.319 |    0.056 | 
     | FE_OFC525580_n_812417         | A v -> Y ^   | INVX8_RVT    | 0.060 |   4.379 |    0.116 | 
     | FE_OFC525581_n_812417         | A ^ -> Y v   | INVX8_RVT    | 0.053 |   4.432 |    0.169 | 
     | FE_OFC525582_n_812417         | A v -> Y ^   | INVX8_RVT    | 0.063 |   4.495 |    0.232 | 
     | FE_OFC525583_n_812417         | A ^ -> Y v   | INVX8_RVT    | 0.049 |   4.545 |    0.282 | 
     | FE_OFC525584_n_812417         | A v -> Y ^   | IBUFFX8_RVT  | 0.115 |   4.660 |    0.397 | 
     | FE_OFC525585_n_812417         | A ^ -> Y v   | INVX8_RVT    | 0.061 |   4.721 |    0.458 | 
     | FE_OFC525586_n_812417         | A v -> Y v   | NBUFFX8_RVT  | 0.093 |   4.814 |    0.551 | 
     | FE_OFC525587_n_812417         | A v -> Y ^   | INVX8_RVT    | 0.061 |   4.875 |    0.612 | 
     | g343503                       | A1 ^ -> Y v  | NAND3X4_RVT  | 0.135 |   5.010 |    0.747 | 
     | FE_OFC525733_n_812492         | A v -> Y ^   | INVX8_RVT    | 0.065 |   5.075 |    0.812 | 
     | FE_OFC525734_n_812492         | A ^ -> Y v   | INVX8_RVT    | 0.050 |   5.125 |    0.862 | 
     | g343385                       | A4 v -> Y ^  | NOR4X0_RVT   | 0.103 |   5.229 |    0.966 | 
     | FE_OFC526337_n_812493         | A ^ -> Y ^   | NBUFFX4_RVT  | 0.065 |   5.293 |    1.030 | 
     | FE_OFC525862_n_812493         | A ^ -> Y ^   | NBUFFX8_RVT  | 0.080 |   5.374 |    1.111 | 
     | FE_OFC525863_n_812493         | A ^ -> Y v   | INVX8_RVT    | 0.060 |   5.433 |    1.170 | 
     | FE_OFC525864_n_812493         | A v -> Y ^   | INVX8_RVT    | 0.063 |   5.497 |    1.234 | 
     | FE_OFC525865_n_812493         | A ^ -> Y ^   | NBUFFX2_RVT  | 0.084 |   5.581 |    1.318 | 
     | g343349                       | A2 ^ -> Y v  | NAND4X0_RVT  | 0.072 |   5.653 |    1.390 | 
     | FE_OFC525973_n_812718         | A v -> Y ^   | IBUFFX8_RVT  | 0.125 |   5.778 |    1.515 | 
     | FE_OFC525974_n_812718         | A ^ -> Y v   | INVX8_RVT    | 0.058 |   5.836 |    1.573 | 
     | FE_OFC525975_n_812718         | A v -> Y ^   | INVX8_RVT    | 0.066 |   5.902 |    1.639 | 
     | FE_OFC525976_n_812718         | A ^ -> Y v   | INVX8_RVT    | 0.058 |   5.960 |    1.697 | 
     | FE_OFC525977_n_812718         | A v -> Y v   | NBUFFX8_RVT  | 0.098 |   6.058 |    1.795 | 
     | g457                          | A3 v -> Y v  | OR3X2_RVT    | 0.105 |   6.163 |    1.900 | 
     | u_fused/data_delay_reg[0][18] | D v          | DFFARX1_RVT  | 0.000 |   6.163 |    1.900 | 
     +------------------------------------------------------------------------------------------+ 

