
===========================================================================
report_checks -unconstrained
===========================================================================
======================= nom_tt_025C_1v80 Corner ===================================

Startpoint: rst_n (input port clocked by clk)
Endpoint: _68541_ (recovery check against rising-edge clock clk)
Path Group: asynchronous
Path Type: max

Fanout         Cap        Slew       Delay        Time   Description
---------------------------------------------------------------------------------------------
                                  0.000000    0.000000   clock clk (rise edge)
                                  0.000000    0.000000   clock network delay (propagated)
                                  2.000000    2.000000 ^ input external delay
     1    0.002276    0.017518    0.008483    2.008482 ^ rst_n (in)
                                                         rst_n (net)
                      0.017518    0.000000    2.008482 ^ hold393/A (sky130_fd_sc_hd__dlygate4sd3_1)
     1    0.010089    0.116561    0.581584    2.590066 ^ hold393/X (sky130_fd_sc_hd__dlygate4sd3_1)
                                                         net4809 (net)
                      0.116561    0.000310    2.590376 ^ input1/A (sky130_fd_sc_hd__buf_12)
     6    0.240915    0.273492    0.237364    2.827740 ^ input1/X (sky130_fd_sc_hd__buf_12)
                                                         net1 (net)
                      0.287902    0.048517    2.876257 ^ fanout4415/A (sky130_fd_sc_hd__buf_8)
     9    0.167316    0.270717    0.287677    3.163934 ^ fanout4415/X (sky130_fd_sc_hd__buf_8)
                                                         net4415 (net)
                      0.270749    0.002670    3.166604 ^ fanout4314/A (sky130_fd_sc_hd__buf_4)
     5    0.110029    0.304495    0.349313    3.515917 ^ fanout4314/X (sky130_fd_sc_hd__buf_4)
                                                         net4314 (net)
                      0.308464    0.027989    3.543906 ^ fanout4266/A (sky130_fd_sc_hd__clkbuf_4)
     5    0.061298    0.188492    0.324015    3.867921 ^ fanout4266/X (sky130_fd_sc_hd__clkbuf_4)
                                                         net4266 (net)
                      0.188495    0.000615    3.868536 ^ fanout4265/A (sky130_fd_sc_hd__buf_2)
     6    0.047906    0.234653    0.287883    4.156419 ^ fanout4265/X (sky130_fd_sc_hd__buf_2)
                                                         net4265 (net)
                      0.234656    0.000624    4.157043 ^ fanout4264/A (sky130_fd_sc_hd__buf_2)
     5    0.047810    0.234560    0.299956    4.456998 ^ fanout4264/X (sky130_fd_sc_hd__buf_2)
                                                         net4264 (net)
                      0.234663    0.004059    4.461057 ^ fanout4260/A (sky130_fd_sc_hd__clkbuf_4)
    10    0.053754    0.165881    0.290628    4.751685 ^ fanout4260/X (sky130_fd_sc_hd__clkbuf_4)
                                                         net4260 (net)
                      0.165972    0.003579    4.755264 ^ fanout4259/A (sky130_fd_sc_hd__clkbuf_4)
    10    0.048219    0.151951    0.256437    5.011701 ^ fanout4259/X (sky130_fd_sc_hd__clkbuf_4)
                                                         net4259 (net)
                      0.151958    0.001214    5.012915 ^ _68541_/RESET_B (sky130_fd_sc_hd__dfrtp_1)
                                              5.012915   data arrival time

                                 10.000000   10.000000   clock clk (rise edge)
                                  0.000000   10.000000   clock source latency
     2    0.187933    0.848510    0.637046   10.637046 ^ clk (in)
                                                         clk (net)
                      0.874597    0.000000   10.637046 ^ clkbuf_0_clk/A (sky130_fd_sc_hd__clkbuf_16)
     4    0.102979    0.133262    0.348135   10.985181 ^ clkbuf_0_clk/X (sky130_fd_sc_hd__clkbuf_16)
                                                         clknet_0_clk (net)
                      0.136028    0.015223   11.000404 ^ clkbuf_2_3_0_clk/A (sky130_fd_sc_hd__clkbuf_8)
     2    0.081644    0.148525    0.232238   11.232643 ^ clkbuf_2_3_0_clk/X (sky130_fd_sc_hd__clkbuf_8)
                                                         clknet_2_3_0_clk (net)
                      0.150966    0.015151   11.247794 ^ clkbuf_3_6_0_clk/A (sky130_fd_sc_hd__clkbuf_8)
     8    0.137761    0.240238    0.303996   11.551790 ^ clkbuf_3_6_0_clk/X (sky130_fd_sc_hd__clkbuf_8)
                                                         clknet_3_6_0_clk (net)
                      0.240481    0.006341   11.558131 ^ clkbuf_6_52_0_clk/A (sky130_fd_sc_hd__clkbuf_8)
    11    0.106679    0.188192    0.300113   11.858244 ^ clkbuf_6_52_0_clk/X (sky130_fd_sc_hd__clkbuf_8)
                                                         clknet_6_52_0_clk (net)
                      0.188360    0.003389   11.861633 ^ clkbuf_leaf_675_clk/A (sky130_fd_sc_hd__clkbuf_8)
     7    0.028142    0.064664    0.191601   12.053234 ^ clkbuf_leaf_675_clk/X (sky130_fd_sc_hd__clkbuf_8)
                                                         clknet_leaf_675_clk (net)
                      0.064667    0.000536   12.053770 ^ _68541_/CLK (sky130_fd_sc_hd__dfrtp_1)
                                 -0.250000   11.803770   clock uncertainty
                                  0.000000   11.803770   clock reconvergence pessimism
                                  0.208757   12.012527   library recovery time
                                             12.012527   data required time
---------------------------------------------------------------------------------------------
                                             12.012527   data required time
                                             -5.012915   data arrival time
---------------------------------------------------------------------------------------------
                                              6.999612   slack (MET)


Startpoint: _69177_ (rising edge-triggered flip-flop clocked by clk)
Endpoint: _67688_ (rising edge-triggered flip-flop clocked by clk)
Path Group: clk
Path Type: max

Fanout         Cap        Slew       Delay        Time   Description
---------------------------------------------------------------------------------------------
                                  0.000000    0.000000   clock clk (rise edge)
                                  0.000000    0.000000   clock source latency
     2    0.187933    0.848510    0.637046    0.637046 ^ clk (in)
                                                         clk (net)
                      0.874597    0.000000    0.637046 ^ clkbuf_0_clk/A (sky130_fd_sc_hd__clkbuf_16)
     4    0.102979    0.133262    0.348134    0.985180 ^ clkbuf_0_clk/X (sky130_fd_sc_hd__clkbuf_16)
                                                         clknet_0_clk (net)
                      0.136164    0.015586    1.000766 ^ clkbuf_2_2_0_clk/A (sky130_fd_sc_hd__clkbuf_8)
     2    0.073022    0.134405    0.228538    1.229304 ^ clkbuf_2_2_0_clk/X (sky130_fd_sc_hd__clkbuf_8)
                                                         clknet_2_2_0_clk (net)
                      0.134575    0.003211    1.232515 ^ clkbuf_3_5_0_clk/A (sky130_fd_sc_hd__clkbuf_8)
     8    0.127967    0.223990    0.288161    1.520675 ^ clkbuf_3_5_0_clk/X (sky130_fd_sc_hd__clkbuf_8)
                                                         clknet_3_5_0_clk (net)
                      0.224029    0.002492    1.523167 ^ clkbuf_6_40_0_clk/A (sky130_fd_sc_hd__clkbuf_8)
    12    0.127276    0.221707    0.317381    1.840548 ^ clkbuf_6_40_0_clk/X (sky130_fd_sc_hd__clkbuf_8)
                                                         clknet_6_40_0_clk (net)
                      0.222105    0.007690    1.848237 ^ clkbuf_leaf_413_clk/A (sky130_fd_sc_hd__clkbuf_8)
     8    0.030650    0.069031    0.205175    2.053412 ^ clkbuf_leaf_413_clk/X (sky130_fd_sc_hd__clkbuf_8)
                                                         clknet_leaf_413_clk (net)
                      0.069038    0.000721    2.054132 ^ _69177_/CLK (sky130_fd_sc_hd__dfrtp_1)
     1    0.002824    0.039288    0.361379    2.415512 v _69177_/Q (sky130_fd_sc_hd__dfrtp_1)
                                                         u_core.u_accel_top.gen_lane[0].u_engine.u_ctrl.state[2] (net)
                      0.039288    0.000086    2.415598 v fanout3788/A (sky130_fd_sc_hd__buf_2)
     9    0.029575    0.079480    0.168938    2.584536 v fanout3788/X (sky130_fd_sc_hd__buf_2)
                                                         net3788 (net)
                      0.079482    0.000511    2.585047 v fanout3787/A (sky130_fd_sc_hd__clkbuf_4)
    10    0.049803    0.107678    0.221331    2.806378 v fanout3787/X (sky130_fd_sc_hd__clkbuf_4)
                                                         net3787 (net)
                      0.107717    0.001896    2.808274 v _39307_/A (sky130_fd_sc_hd__nor2_4)
     4    0.090246    0.548471    0.474630    3.282904 ^ _39307_/Y (sky130_fd_sc_hd__nor2_4)
                                                         _13497_ (net)
                      0.548543    0.005297    3.288201 ^ fanout2421/A (sky130_fd_sc_hd__clkbuf_16)
    10    0.207360    0.221626    0.375038    3.663239 ^ fanout2421/X (sky130_fd_sc_hd__clkbuf_16)
                                                         net2421 (net)
                      0.231504    0.036884    3.700122 ^ _39310_/A2 (sky130_fd_sc_hd__a22o_1)
     1    0.011229    0.120982    0.233735    3.933857 ^ _39310_/X (sky130_fd_sc_hd__a22o_1)
                                                         _13500_ (net)
                      0.120984    0.000719    3.934576 ^ _39311_/B1 (sky130_fd_sc_hd__a21o_2)
     2    0.044804    0.225074    0.244656    4.179232 ^ _39311_/X (sky130_fd_sc_hd__a21o_2)
                                                         _13501_ (net)
                      0.225331    0.006263    4.185494 ^ _39313_/B (sky130_fd_sc_hd__or2_1)
     1    0.009897    0.102189    0.179968    4.365463 ^ _39313_/X (sky130_fd_sc_hd__or2_1)
                                                         _13503_ (net)
                      0.102189    0.000304    4.365767 ^ _39314_/C (sky130_fd_sc_hd__nand3_4)
     4    0.053689    0.200480    0.181622    4.547389 v _39314_/Y (sky130_fd_sc_hd__nand3_4)
                                                         _13504_ (net)
                      0.201055    0.008502    4.555891 v fanout2125/A (sky130_fd_sc_hd__clkbuf_4)
    10    0.055383    0.115449    0.282569    4.838459 v fanout2125/X (sky130_fd_sc_hd__clkbuf_4)
                                                         net2125 (net)
                      0.115670    0.004464    4.842924 v _39315_/B (sky130_fd_sc_hd__and2_2)
     3    0.067012    0.167732    0.348918    5.191842 v _39315_/X (sky130_fd_sc_hd__and2_2)
                                                         _13505_ (net)
                      0.167823    0.003618    5.195459 v _39616_/B (sky130_fd_sc_hd__nand2_1)
     1    0.009783    0.110407    0.159286    5.354746 ^ _39616_/Y (sky130_fd_sc_hd__nand2_1)
                                                         _13773_ (net)
                      0.110407    0.000516    5.355262 ^ fanout1825/A (sky130_fd_sc_hd__buf_2)
     6    0.041581    0.204549    0.245119    5.600380 ^ fanout1825/X (sky130_fd_sc_hd__buf_2)
                                                         net1825 (net)
                      0.204614    0.003033    5.603414 ^ fanout1823/A (sky130_fd_sc_hd__buf_2)
    10    0.043987    0.216225    0.279817    5.883231 ^ fanout1823/X (sky130_fd_sc_hd__buf_2)
                                                         net1823 (net)
                      0.216350    0.002880    5.886110 ^ fanout1821/A (sky130_fd_sc_hd__clkbuf_4)
    10    0.049688    0.155727    0.276271    6.162382 ^ fanout1821/X (sky130_fd_sc_hd__clkbuf_4)
                                                         net1821 (net)
                      0.155787    0.002896    6.165278 ^ _39620_/A (sky130_fd_sc_hd__nand2_2)
     5    0.022468    0.111016    0.126997    6.292274 v _39620_/Y (sky130_fd_sc_hd__nand2_2)
                                                         _13777_ (net)
                      0.111017    0.000497    6.292772 v _39623_/A (sky130_fd_sc_hd__nor2_2)
     6    0.023967    0.272592    0.276631    6.569403 ^ _39623_/Y (sky130_fd_sc_hd__nor2_2)
                                                         _13780_ (net)
                      0.272594    0.000535    6.569938 ^ _39636_/B1 (sky130_fd_sc_hd__a2bb2o_2)
     2    0.052618    0.271951    0.393436    6.963374 ^ _39636_/X (sky130_fd_sc_hd__a2bb2o_2)
                                                         _13793_ (net)
                      0.271974    0.002691    6.966064 ^ fanout1259/A (sky130_fd_sc_hd__buf_4)
     9    0.092785    0.256829    0.330870    7.296935 ^ fanout1259/X (sky130_fd_sc_hd__buf_4)
                                                         net1259 (net)
                      0.256874    0.002846    7.299781 ^ fanout1248/A (sky130_fd_sc_hd__buf_2)
     5    0.055058    0.268750    0.330381    7.630162 ^ fanout1248/X (sky130_fd_sc_hd__buf_2)
                                                         net1248 (net)
                      0.268750    0.000924    7.631085 ^ fanout1239/A (sky130_fd_sc_hd__clkbuf_2)
     5    0.039993    0.219349    0.293623    7.924708 ^ fanout1239/X (sky130_fd_sc_hd__clkbuf_2)
                                                         net1239 (net)
                      0.219356    0.001548    7.926256 ^ fanout1238/A (sky130_fd_sc_hd__buf_2)
     6    0.045321    0.222645    0.287759    8.214015 ^ fanout1238/X (sky130_fd_sc_hd__buf_2)
                                                         net1238 (net)
                      0.222721    0.000506    8.214521 ^ fanout1235/A (sky130_fd_sc_hd__clkbuf_4)
    10    0.055817    0.171751    0.290783    8.505304 ^ fanout1235/X (sky130_fd_sc_hd__clkbuf_4)
                                                         net1235 (net)
                      0.171802    0.002840    8.508144 ^ _45528_/S (sky130_fd_sc_hd__mux2_1)
     1    0.004054    0.061688    0.347166    8.855310 v _45528_/X (sky130_fd_sc_hd__mux2_1)
                                                         _16240_ (net)
                      0.061688    0.000124    8.855434 v _45532_/A2 (sky130_fd_sc_hd__a22o_1)
     1    0.003996    0.045792    0.236473    9.091908 v _45532_/X (sky130_fd_sc_hd__a22o_1)
                                                         _16244_ (net)
                      0.045792    0.000133    9.092041 v _45534_/A1 (sky130_fd_sc_hd__o21a_1)
     1    0.007496    0.056929    0.202850    9.294891 v _45534_/X (sky130_fd_sc_hd__o21a_1)
                                                         _16246_ (net)
                      0.056929    0.000333    9.295224 v _45550_/B (sky130_fd_sc_hd__or4_2)
     1    0.032230    0.199272    0.785635   10.080859 v _45550_/X (sky130_fd_sc_hd__or4_2)
                                                         _16262_ (net)
                      0.199371    0.004102   10.084961 v _45551_/C1 (sky130_fd_sc_hd__a221o_1)
     1    0.024461    0.148422    0.423536   10.508496 v _45551_/X (sky130_fd_sc_hd__a221o_1)
                                                         _16263_ (net)
                      0.148462    0.002353   10.510849 v _45552_/A3 (sky130_fd_sc_hd__o32a_1)
     1    0.002903    0.052145    0.316779   10.827629 v _45552_/X (sky130_fd_sc_hd__o32a_1)
                                                         _03626_ (net)
                      0.052145    0.000091   10.827720 v _67688_/D (sky130_fd_sc_hd__dfxtp_1)
                                             10.827720   data arrival time

                                 10.000000   10.000000   clock clk (rise edge)
                                  0.000000   10.000000   clock source latency
     2    0.187933    0.848510    0.637046   10.637046 ^ clk (in)
                                                         clk (net)
                      0.874597    0.000000   10.637046 ^ clkbuf_0_clk/A (sky130_fd_sc_hd__clkbuf_16)
     4    0.102979    0.133262    0.348135   10.985181 ^ clkbuf_0_clk/X (sky130_fd_sc_hd__clkbuf_16)
                                                         clknet_0_clk (net)
                      0.135876    0.014811   10.999992 ^ clkbuf_2_0_0_clk/A (sky130_fd_sc_hd__clkbuf_8)
     2    0.077853    0.141476    0.232381   11.232373 ^ clkbuf_2_0_0_clk/X (sky130_fd_sc_hd__clkbuf_8)
                                                         clknet_2_0_0_clk (net)
                      0.141633    0.003872   11.236245 ^ clkbuf_3_1_0_clk/A (sky130_fd_sc_hd__clkbuf_8)
     8    0.142781    0.248710    0.305341   11.541586 ^ clkbuf_3_1_0_clk/X (sky130_fd_sc_hd__clkbuf_8)
                                                         clknet_3_1_0_clk (net)
                      0.249088    0.008031   11.549617 ^ clkbuf_6_12_0_clk/A (sky130_fd_sc_hd__clkbuf_8)
    20    0.174581    0.300862    0.376039   11.925655 ^ clkbuf_6_12_0_clk/X (sky130_fd_sc_hd__clkbuf_8)
                                                         clknet_6_12_0_clk (net)
                      0.301445    0.010931   11.936586 ^ clkbuf_leaf_152_clk/A (sky130_fd_sc_hd__clkbuf_8)
     8    0.031547    0.071860    0.228808   12.165395 ^ clkbuf_leaf_152_clk/X (sky130_fd_sc_hd__clkbuf_8)
                                                         clknet_leaf_152_clk (net)
                      0.071870    0.000836   12.166230 ^ _67688_/CLK (sky130_fd_sc_hd__dfxtp_1)
                                 -0.250000   11.916230   clock uncertainty
                                  0.000000   11.916230   clock reconvergence pessimism
                                 -0.107385   11.808845   library setup time
                                             11.808845   data required time
---------------------------------------------------------------------------------------------
                                             11.808845   data required time
                                            -10.827720   data arrival time
---------------------------------------------------------------------------------------------
                                              0.981125   slack (MET)




===========================================================================
report_checks --slack_max -0.01
============================================================================
======================= nom_tt_025C_1v80 Corner ===================================

No paths found.


===========================================================================
 report_check_types -max_slew -max_cap -max_fanout -violators
============================================================================
======================= nom_tt_025C_1v80 Corner ===================================

max slew

Pin                                        Limit        Slew       Slack
------------------------------------------------------------------------
clkbuf_0_clk/A                          0.750000    0.874597   -0.124597 (VIOLATED)
ANTENNA_264/DIODE                       0.750000    0.874557   -0.124557 (VIOLATED)
clk                                     0.750000    0.848510   -0.098510 (VIOLATED)

max fanout

Pin                                   Limit Fanout  Slack
---------------------------------------------------------
clkbuf_6_4_0_clk/X                       10     25    -15 (VIOLATED)
clkbuf_6_5_0_clk/X                       10     24    -14 (VIOLATED)
clkbuf_6_2_0_clk/X                       10     21    -11 (VIOLATED)
clkbuf_6_12_0_clk/X                      10     20    -10 (VIOLATED)
clkbuf_6_34_0_clk/X                      10     20    -10 (VIOLATED)
clkbuf_6_6_0_clk/X                       10     20    -10 (VIOLATED)
clkbuf_6_9_0_clk/X                       10     20    -10 (VIOLATED)
clkbuf_6_11_0_clk/X                      10     19     -9 (VIOLATED)
clkbuf_6_14_0_clk/X                      10     19     -9 (VIOLATED)
clkbuf_6_35_0_clk/X                      10     19     -9 (VIOLATED)
clkbuf_6_10_0_clk/X                      10     18     -8 (VIOLATED)
clkbuf_6_15_0_clk/X                      10     18     -8 (VIOLATED)
clkbuf_6_3_0_clk/X                       10     18     -8 (VIOLATED)
clkbuf_6_44_0_clk/X                      10     18     -8 (VIOLATED)
clkbuf_6_47_0_clk/X                      10     18     -8 (VIOLATED)
clkbuf_6_62_0_clk/X                      10     18     -8 (VIOLATED)
clkbuf_6_8_0_clk/X                       10     18     -8 (VIOLATED)
clkbuf_6_16_0_clk/X                      10     17     -7 (VIOLATED)
clkbuf_6_18_0_clk/X                      10     17     -7 (VIOLATED)
clkbuf_6_20_0_clk/X                      10     17     -7 (VIOLATED)
clkbuf_6_36_0_clk/X                      10     17     -7 (VIOLATED)
clkbuf_6_57_0_clk/X                      10     17     -7 (VIOLATED)
clkbuf_6_7_0_clk/X                       10     17     -7 (VIOLATED)
clkbuf_6_22_0_clk/X                      10     16     -6 (VIOLATED)
clkbuf_6_32_0_clk/X                      10     16     -6 (VIOLATED)
clkbuf_6_46_0_clk/X                      10     16     -6 (VIOLATED)
clkbuf_6_56_0_clk/X                      10     16     -6 (VIOLATED)
clkbuf_leaf_268_clk/X                    10     16     -6 (VIOLATED)
clkbuf_leaf_271_clk/X                    10     16     -6 (VIOLATED)
clkbuf_leaf_611_clk/X                    10     16     -6 (VIOLATED)
clkbuf_6_0_0_clk/X                       10     15     -5 (VIOLATED)
clkbuf_6_23_0_clk/X                      10     15     -5 (VIOLATED)
clkbuf_6_33_0_clk/X                      10     15     -5 (VIOLATED)
clkbuf_6_39_0_clk/X                      10     15     -5 (VIOLATED)
clkbuf_6_41_0_clk/X                      10     15     -5 (VIOLATED)
clkbuf_leaf_50_clk/X                     10     15     -5 (VIOLATED)
clkbuf_leaf_51_clk/X                     10     15     -5 (VIOLATED)
clkbuf_leaf_704_clk/X                    10     15     -5 (VIOLATED)
clkbuf_leaf_767_clk/X                    10     15     -5 (VIOLATED)
clkbuf_leaf_859_clk/X                    10     15     -5 (VIOLATED)
clkbuf_leaf_880_clk/X                    10     15     -5 (VIOLATED)
clkbuf_leaf_892_clk/X                    10     15     -5 (VIOLATED)
clkbuf_6_13_0_clk/X                      10     14     -4 (VIOLATED)
clkbuf_6_17_0_clk/X                      10     14     -4 (VIOLATED)
clkbuf_6_1_0_clk/X                       10     14     -4 (VIOLATED)
clkbuf_6_48_0_clk/X                      10     14     -4 (VIOLATED)
clkbuf_6_49_0_clk/X                      10     14     -4 (VIOLATED)
clkbuf_6_51_0_clk/X                      10     14     -4 (VIOLATED)
clkbuf_6_58_0_clk/X                      10     14     -4 (VIOLATED)
clkbuf_leaf_373_clk/X                    10     14     -4 (VIOLATED)
clkbuf_leaf_60_clk/X                     10     14     -4 (VIOLATED)
clkbuf_leaf_765_clk/X                    10     14     -4 (VIOLATED)
clkbuf_leaf_768_clk/X                    10     14     -4 (VIOLATED)
clkbuf_leaf_795_clk/X                    10     14     -4 (VIOLATED)
fanout1794/X                             10     14     -4 (VIOLATED)
clkbuf_6_19_0_clk/X                      10     13     -3 (VIOLATED)
clkbuf_6_21_0_clk/X                      10     13     -3 (VIOLATED)
clkbuf_6_31_0_clk/X                      10     13     -3 (VIOLATED)
clkbuf_6_37_0_clk/X                      10     13     -3 (VIOLATED)
clkbuf_6_50_0_clk/X                      10     13     -3 (VIOLATED)
clkbuf_6_53_0_clk/X                      10     13     -3 (VIOLATED)
clkbuf_6_55_0_clk/X                      10     13     -3 (VIOLATED)
clkbuf_leaf_206_clk/X                    10     13     -3 (VIOLATED)
clkbuf_leaf_228_clk/X                    10     13     -3 (VIOLATED)
clkbuf_leaf_26_clk/X                     10     13     -3 (VIOLATED)
clkbuf_leaf_272_clk/X                    10     13     -3 (VIOLATED)
clkbuf_leaf_279_clk/X                    10     13     -3 (VIOLATED)
clkbuf_leaf_284_clk/X                    10     13     -3 (VIOLATED)
clkbuf_leaf_344_clk/X                    10     13     -3 (VIOLATED)
clkbuf_leaf_361_clk/X                    10     13     -3 (VIOLATED)
clkbuf_leaf_362_clk/X                    10     13     -3 (VIOLATED)
clkbuf_leaf_368_clk/X                    10     13     -3 (VIOLATED)
clkbuf_leaf_378_clk/X                    10     13     -3 (VIOLATED)
clkbuf_leaf_379_clk/X                    10     13     -3 (VIOLATED)
clkbuf_leaf_384_clk/X                    10     13     -3 (VIOLATED)
clkbuf_leaf_3_clk/X                      10     13     -3 (VIOLATED)
clkbuf_leaf_486_clk/X                    10     13     -3 (VIOLATED)
clkbuf_leaf_587_clk/X                    10     13     -3 (VIOLATED)
clkbuf_leaf_589_clk/X                    10     13     -3 (VIOLATED)
clkbuf_leaf_662_clk/X                    10     13     -3 (VIOLATED)
clkbuf_leaf_701_clk/X                    10     13     -3 (VIOLATED)
clkbuf_leaf_710_clk/X                    10     13     -3 (VIOLATED)
clkbuf_leaf_72_clk/X                     10     13     -3 (VIOLATED)
clkbuf_leaf_741_clk/X                    10     13     -3 (VIOLATED)
clkbuf_leaf_769_clk/X                    10     13     -3 (VIOLATED)
clkbuf_leaf_771_clk/X                    10     13     -3 (VIOLATED)
clkbuf_leaf_811_clk/X                    10     13     -3 (VIOLATED)
clkbuf_leaf_813_clk/X                    10     13     -3 (VIOLATED)
clkbuf_leaf_815_clk/X                    10     13     -3 (VIOLATED)
clkbuf_leaf_824_clk/X                    10     13     -3 (VIOLATED)
clkbuf_leaf_82_clk/X                     10     13     -3 (VIOLATED)
clkbuf_leaf_84_clk/X                     10     13     -3 (VIOLATED)
clkbuf_leaf_867_clk/X                    10     13     -3 (VIOLATED)
clkbuf_leaf_893_clk/X                    10     13     -3 (VIOLATED)
clkbuf_leaf_8_clk/X                      10     13     -3 (VIOLATED)
fanout1925/X                             10     13     -3 (VIOLATED)
input71/X                                10     13     -3 (VIOLATED)
_46604_/X                                10     12     -2 (VIOLATED)
_46926_/X                                10     12     -2 (VIOLATED)
_47034_/X                                10     12     -2 (VIOLATED)
clkbuf_6_26_0_clk/X                      10     12     -2 (VIOLATED)
clkbuf_6_38_0_clk/X                      10     12     -2 (VIOLATED)
clkbuf_6_40_0_clk/X                      10     12     -2 (VIOLATED)
clkbuf_6_42_0_clk/X                      10     12     -2 (VIOLATED)
clkbuf_6_45_0_clk/X                      10     12     -2 (VIOLATED)
clkbuf_6_61_0_clk/X                      10     12     -2 (VIOLATED)
clkbuf_leaf_107_clk/X                    10     12     -2 (VIOLATED)
clkbuf_leaf_129_clk/X                    10     12     -2 (VIOLATED)
clkbuf_leaf_136_clk/X                    10     12     -2 (VIOLATED)
clkbuf_leaf_141_clk/X                    10     12     -2 (VIOLATED)
clkbuf_leaf_149_clk/X                    10     12     -2 (VIOLATED)
clkbuf_leaf_158_clk/X                    10     12     -2 (VIOLATED)
clkbuf_leaf_160_clk/X                    10     12     -2 (VIOLATED)
clkbuf_leaf_162_clk/X                    10     12     -2 (VIOLATED)
clkbuf_leaf_193_clk/X                    10     12     -2 (VIOLATED)
clkbuf_leaf_194_clk/X                    10     12     -2 (VIOLATED)
clkbuf_leaf_198_clk/X                    10     12     -2 (VIOLATED)
clkbuf_leaf_211_clk/X                    10     12     -2 (VIOLATED)
clkbuf_leaf_227_clk/X                    10     12     -2 (VIOLATED)
clkbuf_leaf_229_clk/X                    10     12     -2 (VIOLATED)
clkbuf_leaf_233_clk/X                    10     12     -2 (VIOLATED)
clkbuf_leaf_240_clk/X                    10     12     -2 (VIOLATED)
clkbuf_leaf_250_clk/X                    10     12     -2 (VIOLATED)
clkbuf_leaf_283_clk/X                    10     12     -2 (VIOLATED)
clkbuf_leaf_297_clk/X                    10     12     -2 (VIOLATED)
clkbuf_leaf_299_clk/X                    10     12     -2 (VIOLATED)
clkbuf_leaf_2_clk/X                      10     12     -2 (VIOLATED)
clkbuf_leaf_310_clk/X                    10     12     -2 (VIOLATED)
clkbuf_leaf_318_clk/X                    10     12     -2 (VIOLATED)
clkbuf_leaf_336_clk/X                    10     12     -2 (VIOLATED)
clkbuf_leaf_340_clk/X                    10     12     -2 (VIOLATED)
clkbuf_leaf_343_clk/X                    10     12     -2 (VIOLATED)
clkbuf_leaf_42_clk/X                     10     12     -2 (VIOLATED)
clkbuf_leaf_465_clk/X                    10     12     -2 (VIOLATED)
clkbuf_leaf_573_clk/X                    10     12     -2 (VIOLATED)
clkbuf_leaf_578_clk/X                    10     12     -2 (VIOLATED)
clkbuf_leaf_601_clk/X                    10     12     -2 (VIOLATED)
clkbuf_leaf_608_clk/X                    10     12     -2 (VIOLATED)
clkbuf_leaf_61_clk/X                     10     12     -2 (VIOLATED)
clkbuf_leaf_620_clk/X                    10     12     -2 (VIOLATED)
clkbuf_leaf_639_clk/X                    10     12     -2 (VIOLATED)
clkbuf_leaf_640_clk/X                    10     12     -2 (VIOLATED)
clkbuf_leaf_656_clk/X                    10     12     -2 (VIOLATED)
clkbuf_leaf_664_clk/X                    10     12     -2 (VIOLATED)
clkbuf_leaf_690_clk/X                    10     12     -2 (VIOLATED)
clkbuf_leaf_709_clk/X                    10     12     -2 (VIOLATED)
clkbuf_leaf_736_clk/X                    10     12     -2 (VIOLATED)
clkbuf_leaf_74_clk/X                     10     12     -2 (VIOLATED)
clkbuf_leaf_76_clk/X                     10     12     -2 (VIOLATED)
clkbuf_leaf_774_clk/X                    10     12     -2 (VIOLATED)
clkbuf_leaf_780_clk/X                    10     12     -2 (VIOLATED)
clkbuf_leaf_782_clk/X                    10     12     -2 (VIOLATED)
clkbuf_leaf_784_clk/X                    10     12     -2 (VIOLATED)
clkbuf_leaf_835_clk/X                    10     12     -2 (VIOLATED)
clkbuf_leaf_840_clk/X                    10     12     -2 (VIOLATED)
clkbuf_leaf_841_clk/X                    10     12     -2 (VIOLATED)
clkbuf_leaf_843_clk/X                    10     12     -2 (VIOLATED)
clkbuf_leaf_845_clk/X                    10     12     -2 (VIOLATED)
clkbuf_leaf_846_clk/X                    10     12     -2 (VIOLATED)
clkbuf_leaf_858_clk/X                    10     12     -2 (VIOLATED)
fanout1792/X                             10     12     -2 (VIOLATED)
fanout1897/X                             10     12     -2 (VIOLATED)
fanout1954/X                             10     12     -2 (VIOLATED)
fanout2084/X                             10     12     -2 (VIOLATED)
fanout2161/X                             10     12     -2 (VIOLATED)
fanout2508/X                             10     12     -2 (VIOLATED)
input18/X                                10     12     -2 (VIOLATED)
input2/X                                 10     12     -2 (VIOLATED)
input31/X                                10     12     -2 (VIOLATED)
input61/X                                10     12     -2 (VIOLATED)
input62/X                                10     12     -2 (VIOLATED)
input68/X                                10     12     -2 (VIOLATED)
input8/X                                 10     12     -2 (VIOLATED)
_32212_/X                                10     11        (VIOLATED)
_33913_/X                                10     11        (VIOLATED)
_37403_/X                                10     11        (VIOLATED)
_69383_/Q                                10     11        (VIOLATED)
clkbuf_6_25_0_clk/X                      10     11        (VIOLATED)
clkbuf_6_28_0_clk/X                      10     11        (VIOLATED)
clkbuf_6_30_0_clk/X                      10     11        (VIOLATED)
clkbuf_6_52_0_clk/X                      10     11        (VIOLATED)
clkbuf_6_63_0_clk/X                      10     11        (VIOLATED)
clkbuf_leaf_0_clk/X                      10     11        (VIOLATED)
clkbuf_leaf_101_clk/X                    10     11        (VIOLATED)
clkbuf_leaf_102_clk/X                    10     11        (VIOLATED)
clkbuf_leaf_108_clk/X                    10     11        (VIOLATED)
clkbuf_leaf_113_clk/X                    10     11        (VIOLATED)
clkbuf_leaf_114_clk/X                    10     11        (VIOLATED)
clkbuf_leaf_116_clk/X                    10     11        (VIOLATED)
clkbuf_leaf_118_clk/X                    10     11        (VIOLATED)
clkbuf_leaf_125_clk/X                    10     11        (VIOLATED)
clkbuf_leaf_128_clk/X                    10     11        (VIOLATED)
clkbuf_leaf_13_clk/X                     10     11        (VIOLATED)
clkbuf_leaf_151_clk/X                    10     11        (VIOLATED)
clkbuf_leaf_156_clk/X                    10     11        (VIOLATED)
clkbuf_leaf_159_clk/X                    10     11        (VIOLATED)
clkbuf_leaf_166_clk/X                    10     11        (VIOLATED)
clkbuf_leaf_169_clk/X                    10     11        (VIOLATED)
clkbuf_leaf_16_clk/X                     10     11        (VIOLATED)
clkbuf_leaf_175_clk/X                    10     11        (VIOLATED)
clkbuf_leaf_181_clk/X                    10     11        (VIOLATED)
clkbuf_leaf_184_clk/X                    10     11        (VIOLATED)
clkbuf_leaf_185_clk/X                    10     11        (VIOLATED)
clkbuf_leaf_189_clk/X                    10     11        (VIOLATED)
clkbuf_leaf_190_clk/X                    10     11        (VIOLATED)
clkbuf_leaf_195_clk/X                    10     11        (VIOLATED)
clkbuf_leaf_197_clk/X                    10     11        (VIOLATED)
clkbuf_leaf_201_clk/X                    10     11        (VIOLATED)
clkbuf_leaf_202_clk/X                    10     11        (VIOLATED)
clkbuf_leaf_204_clk/X                    10     11        (VIOLATED)
clkbuf_leaf_205_clk/X                    10     11        (VIOLATED)
clkbuf_leaf_208_clk/X                    10     11        (VIOLATED)
clkbuf_leaf_219_clk/X                    10     11        (VIOLATED)
clkbuf_leaf_224_clk/X                    10     11        (VIOLATED)
clkbuf_leaf_249_clk/X                    10     11        (VIOLATED)
clkbuf_leaf_251_clk/X                    10     11        (VIOLATED)
clkbuf_leaf_253_clk/X                    10     11        (VIOLATED)
clkbuf_leaf_255_clk/X                    10     11        (VIOLATED)
clkbuf_leaf_258_clk/X                    10     11        (VIOLATED)
clkbuf_leaf_267_clk/X                    10     11        (VIOLATED)
clkbuf_leaf_27_clk/X                     10     11        (VIOLATED)
clkbuf_leaf_287_clk/X                    10     11        (VIOLATED)
clkbuf_leaf_288_clk/X                    10     11        (VIOLATED)
clkbuf_leaf_291_clk/X                    10     11        (VIOLATED)
clkbuf_leaf_296_clk/X                    10     11        (VIOLATED)
clkbuf_leaf_301_clk/X                    10     11        (VIOLATED)
clkbuf_leaf_303_clk/X                    10     11        (VIOLATED)
clkbuf_leaf_30_clk/X                     10     11        (VIOLATED)
clkbuf_leaf_314_clk/X                    10     11        (VIOLATED)
clkbuf_leaf_317_clk/X                    10     11        (VIOLATED)
clkbuf_leaf_323_clk/X                    10     11        (VIOLATED)
clkbuf_leaf_328_clk/X                    10     11        (VIOLATED)
clkbuf_leaf_32_clk/X                     10     11        (VIOLATED)
clkbuf_leaf_332_clk/X                    10     11        (VIOLATED)
clkbuf_leaf_338_clk/X                    10     11        (VIOLATED)
clkbuf_leaf_341_clk/X                    10     11        (VIOLATED)
clkbuf_leaf_347_clk/X                    10     11        (VIOLATED)
clkbuf_leaf_357_clk/X                    10     11        (VIOLATED)
clkbuf_leaf_383_clk/X                    10     11        (VIOLATED)
clkbuf_leaf_38_clk/X                     10     11        (VIOLATED)
clkbuf_leaf_397_clk/X                    10     11        (VIOLATED)
clkbuf_leaf_398_clk/X                    10     11        (VIOLATED)
clkbuf_leaf_412_clk/X                    10     11        (VIOLATED)
clkbuf_leaf_445_clk/X                    10     11        (VIOLATED)
clkbuf_leaf_464_clk/X                    10     11        (VIOLATED)
clkbuf_leaf_467_clk/X                    10     11        (VIOLATED)
clkbuf_leaf_468_clk/X                    10     11        (VIOLATED)
clkbuf_leaf_482_clk/X                    10     11        (VIOLATED)
clkbuf_leaf_490_clk/X                    10     11        (VIOLATED)
clkbuf_leaf_496_clk/X                    10     11        (VIOLATED)
clkbuf_leaf_584_clk/X                    10     11        (VIOLATED)
clkbuf_leaf_59_clk/X                     10     11        (VIOLATED)
clkbuf_leaf_629_clk/X                    10     11        (VIOLATED)
clkbuf_leaf_62_clk/X                     10     11        (VIOLATED)
clkbuf_leaf_646_clk/X                    10     11        (VIOLATED)
clkbuf_leaf_658_clk/X                    10     11        (VIOLATED)
clkbuf_leaf_671_clk/X                    10     11        (VIOLATED)
clkbuf_leaf_693_clk/X                    10     11        (VIOLATED)
clkbuf_leaf_695_clk/X                    10     11        (VIOLATED)
clkbuf_leaf_70_clk/X                     10     11        (VIOLATED)
clkbuf_leaf_724_clk/X                    10     11        (VIOLATED)
clkbuf_leaf_729_clk/X                    10     11        (VIOLATED)
clkbuf_leaf_733_clk/X                    10     11        (VIOLATED)
clkbuf_leaf_755_clk/X                    10     11        (VIOLATED)
clkbuf_leaf_75_clk/X                     10     11        (VIOLATED)
clkbuf_leaf_760_clk/X                    10     11        (VIOLATED)
clkbuf_leaf_773_clk/X                    10     11        (VIOLATED)
clkbuf_leaf_781_clk/X                    10     11        (VIOLATED)
clkbuf_leaf_785_clk/X                    10     11        (VIOLATED)
clkbuf_leaf_787_clk/X                    10     11        (VIOLATED)
clkbuf_leaf_788_clk/X                    10     11        (VIOLATED)
clkbuf_leaf_789_clk/X                    10     11        (VIOLATED)
clkbuf_leaf_800_clk/X                    10     11        (VIOLATED)
clkbuf_leaf_806_clk/X                    10     11        (VIOLATED)
clkbuf_leaf_809_clk/X                    10     11        (VIOLATED)
clkbuf_leaf_810_clk/X                    10     11        (VIOLATED)
clkbuf_leaf_814_clk/X                    10     11        (VIOLATED)
clkbuf_leaf_827_clk/X                    10     11        (VIOLATED)
clkbuf_leaf_831_clk/X                    10     11        (VIOLATED)
clkbuf_leaf_854_clk/X                    10     11        (VIOLATED)
clkbuf_leaf_871_clk/X                    10     11        (VIOLATED)
clkbuf_leaf_878_clk/X                    10     11        (VIOLATED)
clkbuf_leaf_885_clk/X                    10     11        (VIOLATED)
clkbuf_leaf_88_clk/X                     10     11        (VIOLATED)
clkbuf_leaf_895_clk/X                    10     11        (VIOLATED)
clkbuf_leaf_90_clk/X                     10     11        (VIOLATED)
fanout1064/X                             10     11        (VIOLATED)
fanout1276/X                             10     11        (VIOLATED)
fanout1466/X                             10     11        (VIOLATED)
fanout1475/X                             10     11        (VIOLATED)
fanout1489/X                             10     11        (VIOLATED)
fanout1528/X                             10     11        (VIOLATED)
fanout1797/X                             10     11        (VIOLATED)
fanout1829/X                             10     11        (VIOLATED)
fanout1893/X                             10     11        (VIOLATED)
fanout1938/X                             10     11        (VIOLATED)
fanout1982/X                             10     11        (VIOLATED)
fanout2009/X                             10     11        (VIOLATED)
fanout2019/X                             10     11        (VIOLATED)
fanout2134/X                             10     11        (VIOLATED)
fanout2262/X                             10     11        (VIOLATED)
fanout2265/X                             10     11        (VIOLATED)
fanout2269/X                             10     11        (VIOLATED)
fanout2452/X                             10     11        (VIOLATED)
fanout2474/X                             10     11        (VIOLATED)
fanout2528/X                             10     11        (VIOLATED)
fanout2540/X                             10     11        (VIOLATED)
fanout2648/X                             10     11        (VIOLATED)
fanout2683/X                             10     11        (VIOLATED)
fanout2687/X                             10     11        (VIOLATED)
fanout2689/X                             10     11        (VIOLATED)
fanout2703/X                             10     11        (VIOLATED)
fanout2858/X                             10     11        (VIOLATED)
fanout3145/X                             10     11        (VIOLATED)
fanout3183/X                             10     11        (VIOLATED)
fanout3228/X                             10     11        (VIOLATED)
fanout3254/X                             10     11        (VIOLATED)
fanout3255/X                             10     11        (VIOLATED)
fanout3319/X                             10     11        (VIOLATED)
fanout3489/X                             10     11        (VIOLATED)
fanout3507/X                             10     11        (VIOLATED)
fanout3645/X                             10     11        (VIOLATED)
fanout3720/X                             10     11        (VIOLATED)
fanout3759/X                             10     11        (VIOLATED)
fanout3888/X                             10     11        (VIOLATED)
fanout3899/X                             10     11        (VIOLATED)
fanout3965/X                             10     11        (VIOLATED)
fanout470/X                              10     11        (VIOLATED)
fanout476/X                              10     11        (VIOLATED)
fanout496/X                              10     11        (VIOLATED)
fanout520/X                              10     11        (VIOLATED)
fanout524/X                              10     11        (VIOLATED)
fanout562/X                              10     11        (VIOLATED)
fanout652/X                              10     11        (VIOLATED)
fanout735/X                              10     11        (VIOLATED)

max capacitance

Pin                                        Limit         Cap       Slack
------------------------------------------------------------------------
input1/X                                0.200000    0.240915   -0.040915 (VIOLATED)
_39492_/X                               0.200000    0.225442   -0.025442 (VIOLATED)
clkbuf_6_4_0_clk/X                      0.200000    0.218803   -0.018803 (VIOLATED)
clkbuf_6_5_0_clk/X                      0.200000    0.210078   -0.010078 (VIOLATED)
_39302_/X                               0.200000    0.209954   -0.009954 (VIOLATED)
fanout1125/X                            0.200000    0.209202   -0.009202 (VIOLATED)
fanout2421/X                            0.200000    0.207360   -0.007360 (VIOLATED)
_48365_/X                               0.200000    0.206700   -0.006700 (VIOLATED)
clkbuf_6_6_0_clk/X                      0.200000    0.206596   -0.006596 (VIOLATED)



===========================================================================
report_parasitic_annotation -report_unannotated
============================================================================
Found 914 unannotated drivers.
 ucie_cmd_data[107]
 ucie_cmd_data[108]
 ucie_cmd_data[109]
 ucie_cmd_data[10]
 ucie_cmd_data[110]
 ucie_cmd_data[111]
 ucie_cmd_data[112]
 ucie_cmd_data[113]
 ucie_cmd_data[114]
 ucie_cmd_data[115]
 ucie_cmd_data[116]
 ucie_cmd_data[117]
 ucie_cmd_data[118]
 ucie_cmd_data[119]
 ucie_cmd_data[11]
 ucie_cmd_data[120]
 ucie_cmd_data[121]
 ucie_cmd_data[122]
 ucie_cmd_data[123]
 ucie_cmd_data[124]
 ucie_cmd_data[125]
 ucie_cmd_data[126]
 ucie_cmd_data[127]
 ucie_cmd_data[12]
 ucie_cmd_data[13]
 ucie_cmd_data[14]
 ucie_cmd_data[15]
 ucie_cmd_data[16]
 ucie_cmd_data[17]
 ucie_cmd_data[18]
 ucie_cmd_data[26]
 ucie_cmd_data[27]
 ucie_cmd_data[28]
 ucie_cmd_data[29]
 ucie_cmd_data[30]
 ucie_cmd_data[31]
 ucie_cmd_data[32]
 ucie_cmd_data[33]
 ucie_cmd_data[34]
 ucie_cmd_data[42]
 ucie_cmd_data[43]
 ucie_cmd_data[44]
 ucie_cmd_data[45]
 ucie_cmd_data[46]
 ucie_cmd_data[47]
 ucie_cmd_data[48]
 ucie_cmd_data[49]
 ucie_cmd_data[50]
 ucie_cmd_data[58]
 ucie_cmd_data[59]
 ucie_cmd_data[60]
 ucie_cmd_data[61]
 ucie_cmd_data[62]
 ucie_cmd_data[63]
 ucie_cmd_data[64]
 ucie_cmd_data[65]
 ucie_cmd_data[66]
 clkload0/Y
 clkload1/Y
 clkload10/X
 clkload100/Y
 clkload101/Y
 clkload102/Y
 clkload103/Y
 clkload104/Y
 clkload105/Y
 clkload106/Y
 clkload107/Y
 clkload108/Y
 clkload109/Y
 clkload11/Y
 clkload110/Y
 clkload111/Y
 clkload112/Y
 clkload113/Y
 clkload114/Y
 clkload115/Y
 clkload116/Y
 clkload117/X
 clkload118/Y
 clkload119/Y
 clkload12/Y
 clkload120/Y
 clkload121/Y
 clkload122/Y
 clkload123/Y
 clkload124/Y
 clkload125/Y
 clkload126/Y
 clkload127/Y
 clkload128/Y
 clkload129/Y
 clkload13/Y
 clkload130/Y
 clkload131/Y
 clkload132/Y
 clkload133/Y
 clkload134/Y
 clkload135/Y
 clkload136/Y
 clkload137/Y
 clkload138/Y
 clkload139/Y
 clkload14/Y
 clkload140/X
 clkload141/Y
 clkload142/X
 clkload143/Y
 clkload144/Y
 clkload145/Y
 clkload146/Y
 clkload147/Y
 clkload148/Y
 clkload149/Y
 clkload15/X
 clkload150/Y
 clkload151/Y
 clkload152/Y
 clkload153/Y
 clkload154/Y
 clkload155/Y
 clkload156/Y
 clkload157/Y
 clkload158/Y
 clkload159/Y
 clkload16/Y
 clkload160/Y
 clkload161/Y
 clkload162/Y
 clkload163/Y
 clkload164/Y
 clkload165/Y
 clkload166/Y
 clkload167/X
 clkload168/Y
 clkload169/Y
 clkload17/X
 clkload170/Y
 clkload171/Y
 clkload172/Y
 clkload173/Y
 clkload174/Y
 clkload175/Y
 clkload176/Y
 clkload177/Y
 clkload178/Y
 clkload179/Y
 clkload18/Y
 clkload180/Y
 clkload181/Y
 clkload182/Y
 clkload183/Y
 clkload184/X
 clkload185/X
 clkload186/Y
 clkload187/Y
 clkload188/Y
 clkload189/Y
 clkload19/Y
 clkload190/Y
 clkload191/Y
 clkload192/Y
 clkload193/X
 clkload194/Y
 clkload195/Y
 clkload196/Y
 clkload197/Y
 clkload198/Y
 clkload199/Y
 clkload2/Y
 clkload20/Y
 clkload200/Y
 clkload201/Y
 clkload202/Y
 clkload203/Y
 clkload204/Y
 clkload205/Y
 clkload206/Y
 clkload207/Y
 clkload208/Y
 clkload209/X
 clkload21/Y
 clkload210/X
 clkload211/Y
 clkload212/Y
 clkload213/Y
 clkload214/Y
 clkload215/X
 clkload216/X
 clkload217/Y
 clkload218/X
 clkload219/Y
 clkload22/Y
 clkload220/X
 clkload221/Y
 clkload222/Y
 clkload223/X
 clkload224/X
 clkload225/X
 clkload226/Y
 clkload227/X
 clkload228/X
 clkload229/X
 clkload23/Y
 clkload230/Y
 clkload231/Y
 clkload232/X
 clkload233/Y
 clkload234/X
 clkload235/Y
 clkload236/X
 clkload237/Y
 clkload238/Y
 clkload239/X
 clkload24/Y
 clkload240/X
 clkload241/Y
 clkload242/Y
 clkload243/Y
 clkload244/X
 clkload245/Y
 clkload246/X
 clkload247/Y
 clkload248/X
 clkload249/Y
 clkload25/Y
 clkload250/Y
 clkload251/Y
 clkload252/Y
 clkload253/X
 clkload254/Y
 clkload255/Y
 clkload256/X
 clkload257/Y
 clkload258/X
 clkload259/Y
 clkload26/Y
 clkload260/Y
 clkload261/Y
 clkload262/Y
 clkload263/Y
 clkload264/Y
 clkload265/Y
 clkload266/Y
 clkload267/Y
 clkload268/X
 clkload269/Y
 clkload27/Y
 clkload270/Y
 clkload271/Y
 clkload272/Y
 clkload273/X
 clkload274/Y
 clkload275/X
 clkload276/Y
 clkload277/Y
 clkload278/Y
 clkload279/Y
 clkload28/Y
 clkload280/Y
 clkload281/Y
 clkload282/Y
 clkload283/X
 clkload284/X
 clkload285/Y
 clkload286/Y
 clkload287/X
 clkload288/X
 clkload289/Y
 clkload29/Y
 clkload290/Y
 clkload291/Y
 clkload292/Y
 clkload293/X
 clkload294/X
 clkload295/Y
 clkload296/X
 clkload297/Y
 clkload298/X
 clkload299/Y
 clkload3/Y
 clkload30/X
 clkload300/X
 clkload301/Y
 clkload302/Y
 clkload303/Y
 clkload304/X
 clkload305/X
 clkload306/Y
 clkload307/X
 clkload308/Y
 clkload309/X
 clkload31/Y
 clkload310/Y
 clkload311/Y
 clkload312/Y
 clkload313/Y
 clkload314/Y
 clkload315/Y
 clkload316/Y
 clkload317/Y
 clkload318/Y
 clkload319/Y
 clkload32/Y
 clkload320/Y
 clkload321/Y
 clkload322/Y
 clkload323/Y
 clkload324/Y
 clkload325/Y
 clkload326/Y
 clkload327/Y
 clkload328/Y
 clkload329/Y
 clkload33/Y
 clkload330/Y
 clkload331/Y
 clkload332/Y
 clkload333/Y
 clkload334/Y
 clkload335/Y
 clkload336/X
 clkload337/X
 clkload338/X
 clkload339/Y
 clkload34/Y
 clkload340/Y
 clkload341/Y
 clkload342/Y
 clkload343/Y
 clkload344/X
 clkload345/Y
 clkload346/Y
 clkload347/Y
 clkload348/Y
 clkload349/Y
 clkload35/Y
 clkload350/X
 clkload351/X
 clkload352/Y
 clkload353/Y
 clkload354/Y
 clkload355/Y
 clkload356/Y
 clkload357/X
 clkload358/Y
 clkload359/X
 clkload36/Y
 clkload360/X
 clkload361/Y
 clkload362/Y
 clkload363/X
 clkload364/X
 clkload365/Y
 clkload366/Y
 clkload367/Y
 clkload368/Y
 clkload369/Y
 clkload37/Y
 clkload370/Y
 clkload371/Y
 clkload372/Y
 clkload373/X
 clkload374/Y
 clkload375/Y
 clkload376/X
 clkload377/Y
 clkload378/X
 clkload379/Y
 clkload38/Y
 clkload380/Y
 clkload381/Y
 clkload382/Y
 clkload383/Y
 clkload384/X
 clkload385/X
 clkload386/Y
 clkload387/Y
 clkload388/Y
 clkload389/Y
 clkload39/Y
 clkload390/Y
 clkload391/Y
 clkload392/Y
 clkload393/Y
 clkload394/Y
 clkload395/X
 clkload396/X
 clkload397/Y
 clkload398/Y
 clkload399/X
 clkload4/Y
 clkload40/Y
 clkload400/Y
 clkload401/X
 clkload402/X
 clkload403/Y
 clkload404/X
 clkload405/X
 clkload406/Y
 clkload407/Y
 clkload408/Y
 clkload409/Y
 clkload41/Y
 clkload410/Y
 clkload411/Y
 clkload412/Y
 clkload413/Y
 clkload414/Y
 clkload415/Y
 clkload416/Y
 clkload417/X
 clkload418/Y
 clkload419/Y
 clkload42/Y
 clkload420/Y
 clkload421/Y
 clkload422/Y
 clkload423/Y
 clkload424/Y
 clkload425/X
 clkload426/Y
 clkload427/Y
 clkload428/Y
 clkload429/Y
 clkload43/X
 clkload430/Y
 clkload431/Y
 clkload432/Y
 clkload433/Y
 clkload434/X
 clkload435/Y
 clkload436/X
 clkload437/Y
 clkload438/X
 clkload439/Y
 clkload44/Y
 clkload440/Y
 clkload441/X
 clkload442/X
 clkload443/Y
 clkload444/Y
 clkload445/X
 clkload446/Y
 clkload447/X
 clkload448/X
 clkload449/Y
 clkload45/Y
 clkload450/X
 clkload451/X
 clkload452/Y
 clkload453/X
 clkload454/Y
 clkload455/Y
 clkload456/Y
 clkload457/Y
 clkload458/Y
 clkload459/Y
 clkload46/Y
 clkload460/Y
 clkload461/Y
 clkload462/X
 clkload463/Y
 clkload464/Y
 clkload465/Y
 clkload466/Y
 clkload467/Y
 clkload468/Y
 clkload469/Y
 clkload47/Y
 clkload470/Y
 clkload471/Y
 clkload472/Y
 clkload473/Y
 clkload474/Y
 clkload475/Y
 clkload476/Y
 clkload477/Y
 clkload478/Y
 clkload479/Y
 clkload48/Y
 clkload480/Y
 clkload481/Y
 clkload482/X
 clkload483/Y
 clkload484/Y
 clkload485/Y
 clkload486/Y
 clkload487/Y
 clkload488/Y
 clkload489/X
 clkload49/Y
 clkload490/Y
 clkload491/X
 clkload492/Y
 clkload493/X
 clkload494/Y
 clkload495/X
 clkload496/Y
 clkload497/Y
 clkload498/Y
 clkload499/Y
 clkload5/Y
 clkload50/Y
 clkload500/Y
 clkload501/Y
 clkload502/Y
 clkload503/Y
 clkload504/Y
 clkload505/Y
 clkload506/Y
 clkload507/Y
 clkload508/Y
 clkload509/X
 clkload51/Y
 clkload510/Y
 clkload511/Y
 clkload512/Y
 clkload513/Y
 clkload514/Y
 clkload515/Y
 clkload516/Y
 clkload517/Y
 clkload518/Y
 clkload519/Y
 clkload52/Y
 clkload520/Y
 clkload521/X
 clkload522/Y
 clkload523/Y
 clkload524/Y
 clkload525/Y
 clkload526/Y
 clkload527/Y
 clkload528/Y
 clkload529/Y
 clkload53/Y
 clkload530/Y
 clkload531/Y
 clkload532/Y
 clkload533/Y
 clkload534/Y
 clkload535/X
 clkload536/Y
 clkload537/Y
 clkload538/Y
 clkload539/Y
 clkload54/X
 clkload540/Y
 clkload541/Y
 clkload542/X
 clkload543/X
 clkload544/Y
 clkload545/Y
 clkload546/Y
 clkload547/Y
 clkload548/Y
 clkload549/Y
 clkload55/Y
 clkload550/Y
 clkload551/Y
 clkload552/X
 clkload553/X
 clkload554/X
 clkload555/X
 clkload556/Y
 clkload557/X
 clkload558/X
 clkload559/Y
 clkload56/Y
 clkload560/Y
 clkload561/Y
 clkload562/Y
 clkload563/X
 clkload564/X
 clkload565/Y
 clkload566/Y
 clkload567/Y
 clkload568/X
 clkload569/X
 clkload57/Y
 clkload570/X
 clkload571/X
 clkload572/Y
 clkload573/Y
 clkload574/Y
 clkload575/Y
 clkload576/Y
 clkload577/Y
 clkload578/Y
 clkload579/Y
 clkload58/X
 clkload580/Y
 clkload581/Y
 clkload582/Y
 clkload583/Y
 clkload584/Y
 clkload585/Y
 clkload586/Y
 clkload587/Y
 clkload588/Y
 clkload589/Y
 clkload59/Y
 clkload590/Y
 clkload591/X
 clkload592/Y
 clkload593/Y
 clkload594/Y
 clkload595/Y
 clkload596/Y
 clkload597/Y
 clkload598/Y
 clkload599/Y
 clkload6/Y
 clkload60/Y
 clkload600/Y
 clkload601/Y
 clkload602/X
 clkload603/X
 clkload604/Y
 clkload605/X
 clkload606/Y
 clkload607/Y
 clkload608/Y
 clkload609/Y
 clkload61/Y
 clkload610/Y
 clkload611/Y
 clkload612/Y
 clkload613/Y
 clkload614/Y
 clkload615/Y
 clkload616/Y
 clkload617/Y
 clkload618/Y
 clkload619/Y
 clkload62/Y
 clkload620/Y
 clkload621/Y
 clkload622/X
 clkload623/X
 clkload624/Y
 clkload625/X
 clkload626/Y
 clkload627/Y
 clkload628/X
 clkload629/Y
 clkload63/Y
 clkload630/Y
 clkload631/Y
 clkload632/Y
 clkload633/Y
 clkload634/Y
 clkload635/Y
 clkload636/Y
 clkload637/X
 clkload638/Y
 clkload639/Y
 clkload64/Y
 clkload640/Y
 clkload641/Y
 clkload642/Y
 clkload643/Y
 clkload644/Y
 clkload645/Y
 clkload646/Y
 clkload647/Y
 clkload648/Y
 clkload649/Y
 clkload65/Y
 clkload650/Y
 clkload651/X
 clkload652/Y
 clkload653/X
 clkload654/Y
 clkload655/Y
 clkload656/Y
 clkload657/Y
 clkload658/X
 clkload659/X
 clkload66/Y
 clkload660/X
 clkload661/Y
 clkload662/Y
 clkload663/Y
 clkload664/Y
 clkload665/Y
 clkload666/X
 clkload667/X
 clkload668/Y
 clkload669/Y
 clkload67/Y
 clkload670/Y
 clkload671/Y
 clkload672/X
 clkload673/Y
 clkload674/Y
 clkload675/Y
 clkload676/Y
 clkload677/Y
 clkload678/Y
 clkload679/Y
 clkload68/Y
 clkload680/Y
 clkload681/X
 clkload682/Y
 clkload683/Y
 clkload684/Y
 clkload685/Y
 clkload686/Y
 clkload687/Y
 clkload688/Y
 clkload689/Y
 clkload69/X
 clkload690/Y
 clkload691/Y
 clkload692/X
 clkload693/Y
 clkload694/Y
 clkload695/Y
 clkload696/Y
 clkload697/Y
 clkload698/Y
 clkload699/Y
 clkload7/Y
 clkload70/X
 clkload700/Y
 clkload701/Y
 clkload702/Y
 clkload703/X
 clkload704/X
 clkload705/Y
 clkload706/X
 clkload707/Y
 clkload708/X
 clkload709/Y
 clkload71/X
 clkload710/Y
 clkload711/Y
 clkload712/Y
 clkload713/Y
 clkload714/Y
 clkload715/X
 clkload716/Y
 clkload717/Y
 clkload718/Y
 clkload719/Y
 clkload72/Y
 clkload720/Y
 clkload721/X
 clkload722/X
 clkload723/Y
 clkload724/Y
 clkload725/Y
 clkload726/Y
 clkload727/X
 clkload728/X
 clkload729/X
 clkload73/X
 clkload730/Y
 clkload731/X
 clkload732/Y
 clkload733/Y
 clkload734/Y
 clkload735/Y
 clkload736/Y
 clkload737/Y
 clkload738/Y
 clkload739/Y
 clkload74/Y
 clkload740/X
 clkload741/Y
 clkload742/Y
 clkload743/Y
 clkload744/Y
 clkload745/Y
 clkload746/Y
 clkload747/Y
 clkload748/Y
 clkload749/Y
 clkload75/Y
 clkload750/Y
 clkload751/X
 clkload752/Y
 clkload753/X
 clkload754/Y
 clkload755/Y
 clkload756/Y
 clkload757/X
 clkload758/Y
 clkload759/Y
 clkload76/X
 clkload760/Y
 clkload761/Y
 clkload762/X
 clkload763/X
 clkload764/Y
 clkload765/Y
 clkload766/X
 clkload767/Y
 clkload768/Y
 clkload769/Y
 clkload77/Y
 clkload770/Y
 clkload771/Y
 clkload772/X
 clkload773/Y
 clkload774/Y
 clkload775/Y
 clkload776/Y
 clkload777/Y
 clkload778/Y
 clkload779/Y
 clkload78/X
 clkload780/Y
 clkload781/Y
 clkload782/Y
 clkload783/Y
 clkload784/X
 clkload785/Y
 clkload786/Y
 clkload787/X
 clkload788/Y
 clkload789/X
 clkload79/X
 clkload790/X
 clkload791/Y
 clkload792/Y
 clkload793/X
 clkload794/Y
 clkload795/Y
 clkload796/Y
 clkload797/X
 clkload798/X
 clkload799/Y
 clkload8/Y
 clkload80/X
 clkload800/Y
 clkload801/Y
 clkload802/Y
 clkload803/Y
 clkload804/Y
 clkload805/X
 clkload806/Y
 clkload807/Y
 clkload808/Y
 clkload809/Y
 clkload81/Y
 clkload810/X
 clkload811/Y
 clkload812/Y
 clkload813/Y
 clkload814/Y
 clkload815/Y
 clkload816/Y
 clkload817/X
 clkload818/X
 clkload819/Y
 clkload82/Y
 clkload820/Y
 clkload821/Y
 clkload822/Y
 clkload823/Y
 clkload824/Y
 clkload825/Y
 clkload826/Y
 clkload827/Y
 clkload828/Y
 clkload829/Y
 clkload83/Y
 clkload830/Y
 clkload831/Y
 clkload832/Y
 clkload833/Y
 clkload834/Y
 clkload835/Y
 clkload836/Y
 clkload837/Y
 clkload838/Y
 clkload839/Y
 clkload84/Y
 clkload840/Y
 clkload841/Y
 clkload842/Y
 clkload843/Y
 clkload844/Y
 clkload845/Y
 clkload846/Y
 clkload847/Y
 clkload848/Y
 clkload849/Y
 clkload85/Y
 clkload850/Y
 clkload851/Y
 clkload852/X
 clkload853/Y
 clkload854/Y
 clkload855/Y
 clkload86/Y
 clkload87/Y
 clkload88/Y
 clkload89/Y
 clkload9/Y
 clkload90/X
 clkload91/Y
 clkload92/X
 clkload93/Y
 clkload94/X
 clkload95/Y
 clkload96/Y
 clkload97/Y
 clkload98/Y
 clkload99/Y
 top_small_4416/LO
Found 0 partially unannotated drivers.

===========================================================================
max slew violation count 3
max fanout violation count 335
max cap violation count 9
============================================================================

===========================================================================
check_setup -verbose -unconstrained_endpoints -multiple_clock -no_clock -no_input_delay -loops -generated_clocks
===========================================================================
Warning: There is 1 unconstrained endpoint.
  ucie_wr_ready
