Clock: clk
Sources: clk 
Generated: no
Virtual: yes
Propagated: no
Period: 10.000000

===========================================================================
report_clock_properties
============================================================================
Clock                   Period          Waveform
----------------------------------------------------
clk                  10.000000    0.000000  5.000000

===========================================================================
report_clock_latency
============================================================================
Clock clk
rise -> rise
    min     max
0.000000 0.000000 source latency
1.858394         network latency _69580_/CLK
        2.253269 network latency _66558_/CLK
---------------
1.858394 2.253269 latency
        0.394876 skew

fall -> fall
    min     max
0.000000 0.000000 source latency
1.469531         network latency _69580_/CLK
        1.796428 network latency _66558_/CLK
---------------
1.469531 1.796428 latency
        0.326898 skew



===========================================================================
report_clock_min_period
============================================================================
clk period_min = 9.02 fmax = 110.88
