============================================================
  Generated by:           Genus(TM) Synthesis Solution 21.12-s068_1
  Generated on:           May 19 2026  10:55:56 am
  Module:                 softmax_unit_DATA_WIDTH32_VEC_LEN2
  Operating conditions:   _nominal_ (balanced_tree)
  Wireload mode:          enclosed
  Area mode:              timing library
============================================================

                                    
    Gate      Instances     Area            Library         
------------------------------------------------------------
AND2X1_RVT         6188   12581.145    saed32rvt_tt0p85v25c 
AND2X2_RVT           60     137.238    saed32rvt_tt0p85v25c 
AND2X4_RVT            8      22.365    saed32rvt_tt0p85v25c 
AND3X1_RVT          944    2159.207    saed32rvt_tt0p85v25c 
AND3X2_RVT           24      60.995    saed32rvt_tt0p85v25c 
AND3X4_RVT            3       9.149    saed32rvt_tt0p85v25c 
AND4X1_RVT          390     991.162    saed32rvt_tt0p85v25c 
AND4X2_RVT           10      38.122    saed32rvt_tt0p85v25c 
AO21X1_RVT         3583    9105.980    saed32rvt_tt0p85v25c 
AO21X2_RVT           32      89.459    saed32rvt_tt0p85v25c 
AO221X1_RVT         202     616.045    saed32rvt_tt0p85v25c 
AO221X2_RVT          11      36.343    saed32rvt_tt0p85v25c 
AO222X1_RVT          99     327.083    saed32rvt_tt0p85v25c 
AO222X2_RVT           2       7.116    saed32rvt_tt0p85v25c 
AO22X1_RVT         4126   10485.981    saed32rvt_tt0p85v25c 
AO22X2_RVT           10      27.956    saed32rvt_tt0p85v25c 
AOI21X1_RVT         179     545.901    saed32rvt_tt0p85v25c 
AOI21X2_RVT          11      36.343    saed32rvt_tt0p85v25c 
AOI221X1_RVT         14      49.812    saed32rvt_tt0p85v25c 
AOI221X2_RVT          6      22.873    saed32rvt_tt0p85v25c 
AOI222X1_RVT         11      41.934    saed32rvt_tt0p85v25c 
AOI22X1_RVT         125     381.216    saed32rvt_tt0p85v25c 
AOI22X2_RVT           6      19.823    saed32rvt_tt0p85v25c 
DEC24X1_RVT          87     530.653    saed32rvt_tt0p85v25c 
DEC24X2_RVT          20     142.321    saed32rvt_tt0p85v25c 
DELLN1X2_RVT        476    2419.451    saed32rvt_tt0p85v25c 
DELLN2X2_RVT          5      33.039    saed32rvt_tt0p85v25c 
DELLN3X2_RVT          1       9.657    saed32rvt_tt0p85v25c 
DFFARX1_RVT         160    1138.565    saed32rvt_tt0p85v25c 
FADDX1_RVT         3593   17349.648    saed32rvt_tt0p85v25c 
FADDX2_RVT           20     106.740    saed32rvt_tt0p85v25c 
HADDX1_RVT          395    1305.029    saed32rvt_tt0p85v25c 
HADDX2_RVT            7      26.685    saed32rvt_tt0p85v25c 
IBUFFX16_RVT         36     237.879    saed32rvt_tt0p85v25c 
IBUFFX2_RVT         329     836.134    saed32rvt_tt0p85v25c 
IBUFFX32_RVT         25     292.266    saed32rvt_tt0p85v25c 
IBUFFX4_RVT          61     186.033    saed32rvt_tt0p85v25c 
IBUFFX8_RVT          59     254.906    saed32rvt_tt0p85v25c 
INVX0_RVT          3172    4030.724    saed32rvt_tt0p85v25c 
INVX16_RVT           62     315.139    saed32rvt_tt0p85v25c 
INVX1_RVT          4874    6193.489    saed32rvt_tt0p85v25c 
INVX2_RVT          1043    1590.433    saed32rvt_tt0p85v25c 
INVX32_RVT           15     137.238    saed32rvt_tt0p85v25c 
INVX4_RVT           439     892.554    saed32rvt_tt0p85v25c 
INVX8_RVT           115     350.719    saed32rvt_tt0p85v25c 
MUX21X1_RVT         357    1179.482    saed32rvt_tt0p85v25c 
MUX21X2_RVT          31     110.298    saed32rvt_tt0p85v25c 
NAND2X0_RVT        6202    9457.207    saed32rvt_tt0p85v25c 
NAND2X1_RVT          97     246.520    saed32rvt_tt0p85v25c 
NAND2X2_RVT          51     142.575    saed32rvt_tt0p85v25c 
NAND2X4_RVT          62     204.840    saed32rvt_tt0p85v25c 
NAND3X0_RVT        2179    3876.458    saed32rvt_tt0p85v25c 
NAND3X1_RVT          86     240.420    saed32rvt_tt0p85v25c 
NAND3X2_RVT          95     289.724    saed32rvt_tt0p85v25c 
NAND4X0_RVT         806    1638.721    saed32rvt_tt0p85v25c 
NAND4X1_RVT         164     500.155    saed32rvt_tt0p85v25c 
NBUFFX16_RVT         17     103.691    saed32rvt_tt0p85v25c 
NBUFFX2_RVT        1449    2946.037    saed32rvt_tt0p85v25c 
NBUFFX32_RVT          3      32.022    saed32rvt_tt0p85v25c 
NBUFFX4_RVT         866    2200.887    saed32rvt_tt0p85v25c 
NBUFFX8_RVT         141     537.515    saed32rvt_tt0p85v25c 
NOR2X0_RVT          110     279.558    saed32rvt_tt0p85v25c 
NOR2X2_RVT            3       8.387    saed32rvt_tt0p85v25c 
NOR2X4_RVT            1       3.304    saed32rvt_tt0p85v25c 
NOR3X0_RVT           11      30.751    saed32rvt_tt0p85v25c 
NOR3X1_RVT            8      22.365    saed32rvt_tt0p85v25c 
NOR3X2_RVT            1       3.050    saed32rvt_tt0p85v25c 
NOR3X4_RVT            2       7.116    saed32rvt_tt0p85v25c 
NOR4X1_RVT           26      79.293    saed32rvt_tt0p85v25c 
OA21X1_RVT         4565   11601.674    saed32rvt_tt0p85v25c 
OA21X2_RVT           22      61.503    saed32rvt_tt0p85v25c 
OA221X1_RVT         300     914.918    saed32rvt_tt0p85v25c 
OA221X2_RVT          10      33.039    saed32rvt_tt0p85v25c 
OA222X1_RVT         101     333.691    saed32rvt_tt0p85v25c 
OA22X1_RVT         2254    5728.406    saed32rvt_tt0p85v25c 
OA22X2_RVT            2       5.591    saed32rvt_tt0p85v25c 
OAI21X1_RVT          51     155.536    saed32rvt_tt0p85v25c 
OAI21X2_RVT           5      16.519    saed32rvt_tt0p85v25c 
OAI221X1_RVT         48     170.785    saed32rvt_tt0p85v25c 
OAI221X2_RVT         24      91.492    saed32rvt_tt0p85v25c 
OAI222X1_RVT          2       7.624    saed32rvt_tt0p85v25c 
OAI22X1_RVT          93     283.625    saed32rvt_tt0p85v25c 
OAI22X2_RVT          21      69.381    saed32rvt_tt0p85v25c 
OR2X1_RVT          1988    4041.906    saed32rvt_tt0p85v25c 
OR2X2_RVT           469    1072.742    saed32rvt_tt0p85v25c 
OR2X4_RVT            11      30.751    saed32rvt_tt0p85v25c 
OR3X1_RVT           171     434.586    saed32rvt_tt0p85v25c 
OR3X2_RVT            20      50.829    saed32rvt_tt0p85v25c 
OR3X4_RVT             1       4.066    saed32rvt_tt0p85v25c 
OR4X1_RVT            21      74.718    saed32rvt_tt0p85v25c 
OR4X4_RVT             1       4.320    saed32rvt_tt0p85v25c 
SDFFARX1_RVT        129    1180.245    saed32rvt_tt0p85v25c 
SDFFARX2_RVT         59     569.791    saed32rvt_tt0p85v25c 
XNOR2X1_RVT         295    1274.532    saed32rvt_tt0p85v25c 
XNOR2X2_RVT         111     507.780    saed32rvt_tt0p85v25c 
XNOR3X1_RVT         310    1890.831    saed32rvt_tt0p85v25c 
XNOR3X2_RVT          20     127.072    saed32rvt_tt0p85v25c 
XOR2X1_RVT           14      60.486    saed32rvt_tt0p85v25c 
XOR2X2_RVT           23     105.216    saed32rvt_tt0p85v25c 
XOR3X1_RVT          437    3109.706    saed32rvt_tt0p85v25c 
XOR3X2_RVT          994    7325.955    saed32rvt_tt0p85v25c 
------------------------------------------------------------
total             56378  141652.241                         


                                           
     Type      Instances    Area    Area % 
-------------------------------------------
sequential           348   2888.601    2.0 
inverter           10230  15317.513   10.8 
buffer              2958   8282.299    5.8 
logic              42842 115163.829   81.3 
physical_cells         0      0.000    0.0 
-------------------------------------------
total              56378 141652.241  100.0 

