============================================================
  Generated by:           Genus(TM) Synthesis Solution 21.12-s068_1
  Generated on:           May 19 2026  10:55:56 am
  Module:                 softmax_unit_DATA_WIDTH32_VEC_LEN2
  Operating conditions:   _nominal_ (balanced_tree)
  Wireload mode:          enclosed
  Area mode:              timing library
============================================================

Timing
--------

Clock Period 
-------------
clk   1000.0 


  Cost    Critical                Violating 
 Group   Path Slack      TNS        Paths   
--------------------------------------------
clk        -18418.7   -1879558.9        182 
default    No paths          0.0            
--------------------------------------------
Total                 -1879558.9        182 

Instance Count
--------------
Leaf Instance Count             56378 
Physical Instance count             0 
Sequential Instance Count         348 
Combinational Instance Count    56030 
Hierarchical Instance Count         0 

Area
----
Cell Area                          141652.241
Physical Cell Area                 0.000
Total Cell Area (Cell+Physical)    141652.241
Net Area                           0.000
Total Area (Cell+Physical+Net)     141652.241

Max Fanout                         348 (clk)
Min Fanout                         0 (s1_max[10])
Average Fanout                     2.3
Terms to net ratio                 3.3439
Terms to instance ratio            3.5107
Runtime                            14639.60826200001 seconds
Elapsed Runtime                    14512 seconds
Genus peak memory usage            11812.65 
Innovus peak memory usage          no_value 
Hostname                           phobos.ece.pdx.edu
