============================================================
  Generated by:           Genus(TM) Synthesis Solution 21.12-s068_1
  Generated on:           May 20 2026  09:14:13 am
  Module:                 adder_tree_DATA_WIDTH32_NUM_INPUTS16
  Operating conditions:   _nominal_ (balanced_tree)
  Wireload mode:          enclosed
  Area mode:              timing library
============================================================

                                   
    Gate      Instances    Area            Library         
-----------------------------------------------------------
AND2X1_RVT          135    274.476    saed32rvt_tt0p85v25c 
AND4X1_RVT           15     38.122    saed32rvt_tt0p85v25c 
AO21X1_RVT          180    457.459    saed32rvt_tt0p85v25c 
FADDX1_RVT           15     72.431    saed32rvt_tt0p85v25c 
HADDX1_RVT          180    594.697    saed32rvt_tt0p85v25c 
INVX0_RVT           390    495.581    saed32rvt_tt0p85v25c 
INVX16_RVT            1      5.083    saed32rvt_tt0p85v25c 
INVX1_RVT           330    419.338    saed32rvt_tt0p85v25c 
INVX4_RVT             1      2.033    saed32rvt_tt0p85v25c 
INVX8_RVT             1      3.050    saed32rvt_tt0p85v25c 
MUX21X1_RVT          45    148.674    saed32rvt_tt0p85v25c 
NAND2X0_RVT        1185   1806.964    saed32rvt_tt0p85v25c 
NAND3X0_RVT         225    400.277    saed32rvt_tt0p85v25c 
NBUFFX8_RVT          14     53.370    saed32rvt_tt0p85v25c 
OA21X1_RVT          180    457.459    saed32rvt_tt0p85v25c 
OA221X1_RVT         240    731.935    saed32rvt_tt0p85v25c 
OA22X1_RVT           15     38.122    saed32rvt_tt0p85v25c 
OR2X1_RVT           705   1433.372    saed32rvt_tt0p85v25c 
SDFFARX1_RVT        997   9121.736    saed32rvt_tt0p85v25c 
XNOR2X1_RVT         225    972.101    saed32rvt_tt0p85v25c 
XNOR3X1_RVT          15     91.492    saed32rvt_tt0p85v25c 
-----------------------------------------------------------
total              5094  17617.770                         


                                          
     Type      Instances    Area   Area % 
------------------------------------------
sequential           997  9121.736   51.8 
inverter             723   925.084    5.3 
buffer                14    53.370    0.3 
logic               3360  7517.580   42.7 
physical_cells         0     0.000    0.0 
------------------------------------------
total               5094 17617.770  100.0 

