============================================================
  Generated by:           Genus(TM) Synthesis Solution 21.12-s068_1
  Generated on:           May 20 2026  09:14:13 am
  Module:                 adder_tree_DATA_WIDTH32_NUM_INPUTS16
  Operating conditions:   _nominal_ (balanced_tree)
  Wireload mode:          enclosed
  Area mode:              timing library
============================================================

Timing
--------

Clock Period 
-------------
clk   1000.0 


  Cost    Critical         Violating 
 Group   Path Slack  TNS     Paths   
-------------------------------------
clk             8.4   0.0          0 
default    No paths   0.0            
-------------------------------------
Total                 0.0          0 

Instance Count
--------------
Leaf Instance Count             5094 
Physical Instance count            0 
Sequential Instance Count        997 
Combinational Instance Count    4097 
Hierarchical Instance Count        0 

Area
----
Cell Area                          17617.770
Physical Cell Area                 0.000
Total Cell Area (Cell+Physical)    17617.770
Net Area                           0.000
Total Area (Cell+Physical+Net)     17617.770

Max Fanout                         997 (clk)
Min Fanout                         0 (rst_n)
Average Fanout                     2.3
Terms to net ratio                 3.5759
Terms to instance ratio            3.9592
Runtime                            70.60295900000003 seconds
Elapsed Runtime                    69 seconds
Genus peak memory usage            1199.99 
Innovus peak memory usage          no_value 
Hostname                           phobos.ece.pdx.edu
