============================================================
  Generated by:           Genus(TM) Synthesis Solution 21.12-s068_1
  Generated on:           May 20 2026  12:12:13 am
  Module:                 softmax_unit_DATA_WIDTH32_VEC_LEN16
  Operating conditions:   _nominal_ (balanced_tree)
  Wireload mode:          enclosed
  Area mode:              timing library
============================================================

                                    
    Gate      Instances     Area            Library         
------------------------------------------------------------
AND2X1_RVT        46792   95135.248    saed32rvt_tt0p85v25c 
AND2X2_RVT          347     793.692    saed32rvt_tt0p85v25c 
AND2X4_RVT           17      47.525    saed32rvt_tt0p85v25c 
AND3X1_RVT         6459   14773.645    saed32rvt_tt0p85v25c 
AND3X2_RVT          150     381.216    saed32rvt_tt0p85v25c 
AND3X4_RVT           10      30.497    saed32rvt_tt0p85v25c 
AND4X1_RVT         2412    6129.953    saed32rvt_tt0p85v25c 
AND4X2_RVT           61     232.542    saed32rvt_tt0p85v25c 
AND4X4_RVT            7      30.243    saed32rvt_tt0p85v25c 
AO21X1_RVT        22901   58201.517    saed32rvt_tt0p85v25c 
AO21X2_RVT          216     603.846    saed32rvt_tt0p85v25c 
AO221X1_RVT        1563    4766.725    saed32rvt_tt0p85v25c 
AO221X2_RVT          94     310.564    saed32rvt_tt0p85v25c 
AO222X1_RVT         296     977.946    saed32rvt_tt0p85v25c 
AO222X2_RVT           6      21.348    saed32rvt_tt0p85v25c 
AO22X1_RVT        29432   74799.662    saed32rvt_tt0p85v25c 
AO22X2_RVT           85     237.625    saed32rvt_tt0p85v25c 
AOI21X1_RVT        1019    3107.673    saed32rvt_tt0p85v25c 
AOI21X2_RVT          87     287.437    saed32rvt_tt0p85v25c 
AOI221X1_RVT         92     327.337    saed32rvt_tt0p85v25c 
AOI221X2_RVT         49     186.796    saed32rvt_tt0p85v25c 
AOI222X1_RVT         46     175.359    saed32rvt_tt0p85v25c 
AOI22X1_RVT         733    2235.451    saed32rvt_tt0p85v25c 
AOI22X2_RVT           6      19.823    saed32rvt_tt0p85v25c 
DEC24X1_RVT         397    2421.484    saed32rvt_tt0p85v25c 
DEC24X2_RVT         230    1636.687    saed32rvt_tt0p85v25c 
DELLN1X2_RVT       1522    7736.143    saed32rvt_tt0p85v25c 
DELLN2X2_RVT          2      13.215    saed32rvt_tt0p85v25c 
DELLN3X2_RVT          9      86.917    saed32rvt_tt0p85v25c 
DFFARX1_RVT        1043    7422.021    saed32rvt_tt0p85v25c 
DFFARX2_RVT          13      99.116    saed32rvt_tt0p85v25c 
FADDX1_RVT        28110  135735.769    saed32rvt_tt0p85v25c 
FADDX2_RVT          146     779.206    saed32rvt_tt0p85v25c 
HADDX1_RVT         2820    9316.919    saed32rvt_tt0p85v25c 
HADDX2_RVT           61     232.542    saed32rvt_tt0p85v25c 
IBUFFX16_RVT        229    1513.173    saed32rvt_tt0p85v25c 
IBUFFX2_RVT        1589    4038.348    saed32rvt_tt0p85v25c 
IBUFFX32_RVT         87    1017.084    saed32rvt_tt0p85v25c 
IBUFFX4_RVT         124     378.166    saed32rvt_tt0p85v25c 
IBUFFX8_RVT         195     842.487    saed32rvt_tt0p85v25c 
INVX0_RVT         21765   27657.221    saed32rvt_tt0p85v25c 
INVX16_RVT          207    1052.156    saed32rvt_tt0p85v25c 
INVX1_RVT         32650   41489.008    saed32rvt_tt0p85v25c 
INVX2_RVT          7631   11636.237    saed32rvt_tt0p85v25c 
INVX32_RVT           49     448.310    saed32rvt_tt0p85v25c 
INVX4_RVT          2919    5934.771    saed32rvt_tt0p85v25c 
INVX8_RVT           775    2363.539    saed32rvt_tt0p85v25c 
MUX21X1_RVT        2126    7024.032    saed32rvt_tt0p85v25c 
MUX21X2_RVT         171     608.421    saed32rvt_tt0p85v25c 
NAND2X0_RVT       43031   65616.423    saed32rvt_tt0p85v25c 
NAND2X1_RVT         214     543.868    saed32rvt_tt0p85v25c 
NAND2X2_RVT         359    1003.615    saed32rvt_tt0p85v25c 
NAND2X4_RVT         469    1549.516    saed32rvt_tt0p85v25c 
NAND3X0_RVT       14129   25135.604    saed32rvt_tt0p85v25c 
NAND3X1_RVT         349     975.659    saed32rvt_tt0p85v25c 
NAND3X2_RVT         519    1582.809    saed32rvt_tt0p85v25c 
NAND3X4_RVT           8      28.464    saed32rvt_tt0p85v25c 
NAND4X0_RVT        4980   10125.097    saed32rvt_tt0p85v25c 
NAND4X1_RVT         817    2491.628    saed32rvt_tt0p85v25c 
NBUFFX16_RVT         92     561.150    saed32rvt_tt0p85v25c 
NBUFFX2_RVT        8425   17129.306    saed32rvt_tt0p85v25c 
NBUFFX32_RVT         15     160.111    saed32rvt_tt0p85v25c 
NBUFFX4_RVT        7041   17894.279    saed32rvt_tt0p85v25c 
NBUFFX8_RVT        1078    4109.508    saed32rvt_tt0p85v25c 
NOR2X0_RVT          712    1809.505    saed32rvt_tt0p85v25c 
NOR2X1_RVT            3       7.624    saed32rvt_tt0p85v25c 
NOR2X2_RVT           14      39.138    saed32rvt_tt0p85v25c 
NOR2X4_RVT            1       3.304    saed32rvt_tt0p85v25c 
NOR3X0_RVT           67     187.304    saed32rvt_tt0p85v25c 
NOR3X1_RVT           18      50.321    saed32rvt_tt0p85v25c 
NOR3X2_RVT            3       9.149    saed32rvt_tt0p85v25c 
NOR3X4_RVT            3      10.674    saed32rvt_tt0p85v25c 
NOR4X1_RVT           69     210.431    saed32rvt_tt0p85v25c 
OA21X1_RVT        33094   84106.415    saed32rvt_tt0p85v25c 
OA21X2_RVT           84     234.829    saed32rvt_tt0p85v25c 
OA221X1_RVT        2390    7288.850    saed32rvt_tt0p85v25c 
OA221X2_RVT          86     284.133    saed32rvt_tt0p85v25c 
OA222X1_RVT         758    2504.335    saed32rvt_tt0p85v25c 
OA222X2_RVT           2       7.116    saed32rvt_tt0p85v25c 
OA22X1_RVT        14729   37432.870    saed32rvt_tt0p85v25c 
OA22X2_RVT           10      27.956    saed32rvt_tt0p85v25c 
OAI21X1_RVT         432    1317.482    saed32rvt_tt0p85v25c 
OAI21X2_RVT          64     211.448    saed32rvt_tt0p85v25c 
OAI221X1_RVT        348    1238.190    saed32rvt_tt0p85v25c 
OAI221X2_RVT        184     701.437    saed32rvt_tt0p85v25c 
OAI222X1_RVT         28     106.740    saed32rvt_tt0p85v25c 
OAI222X2_RVT         11      44.729    saed32rvt_tt0p85v25c 
OAI22X1_RVT         598    1823.737    saed32rvt_tt0p85v25c 
OAI22X2_RVT         207     683.902    saed32rvt_tt0p85v25c 
OR2X1_RVT         14020   28504.791    saed32rvt_tt0p85v25c 
OR2X2_RVT          2343    5359.135    saed32rvt_tt0p85v25c 
OR2X4_RVT            72     201.282    saed32rvt_tt0p85v25c 
OR3X1_RVT           899    2284.755    saed32rvt_tt0p85v25c 
OR3X2_RVT            94     238.895    saed32rvt_tt0p85v25c 
OR3X4_RVT             2       8.133    saed32rvt_tt0p85v25c 
OR4X1_RVT            97     345.128    saed32rvt_tt0p85v25c 
OR4X2_RVT             3      11.436    saed32rvt_tt0p85v25c 
OR4X4_RVT             3      12.961    saed32rvt_tt0p85v25c 
SDFFARX1_RVT        832    7612.121    saed32rvt_tt0p85v25c 
SDFFARX2_RVT        252    2433.683    saed32rvt_tt0p85v25c 
XNOR2X1_RVT        2134    9219.836    saed32rvt_tt0p85v25c 
XNOR2X2_RVT         635    2904.866    saed32rvt_tt0p85v25c 
XNOR3X1_RVT        1904   11613.364    saed32rvt_tt0p85v25c 
XNOR3X2_RVT         137     870.443    saed32rvt_tt0p85v25c 
XOR2X1_RVT          137     591.901    saed32rvt_tt0p85v25c 
XOR2X2_RVT          205     937.791    saed32rvt_tt0p85v25c 
XOR3X1_RVT         3426   24379.526    saed32rvt_tt0p85v25c 
XOR3X2_RVT         7063   52055.553    saed32rvt_tt0p85v25c 
------------------------------------------------------------
total            387449  974130.902                         


                                           
     Type      Instances    Area    Area % 
-------------------------------------------
sequential          2140  17566.942    1.8 
inverter           68220  98370.502   10.1 
buffer             18184  47690.630    4.9 
logic             298905 810502.829   83.2 
physical_cells         0      0.000    0.0 
-------------------------------------------
total             387449 974130.902  100.0 

