============================================================
  Generated by:           Genus(TM) Synthesis Solution 21.12-s068_1
  Generated on:           May 20 2026  12:12:13 am
  Module:                 softmax_unit_DATA_WIDTH32_VEC_LEN16
  Operating conditions:   _nominal_ (balanced_tree)
  Wireload mode:          enclosed
  Area mode:              timing library
============================================================

Timing
--------

Clock Period 
-------------
clk   1000.0 


  Cost    Critical                 Violating 
 Group   Path Slack      TNS         Paths   
---------------------------------------------
clk        -18968.4   -15532474.6       1088 
default    No paths           0.0            
---------------------------------------------
Total                 -15532474.6       1088 

Instance Count
--------------
Leaf Instance Count             387449 
Physical Instance count              0 
Sequential Instance Count         2140 
Combinational Instance Count    385309 
Hierarchical Instance Count          0 

Area
----
Cell Area                          974130.902
Physical Cell Area                 0.000
Total Cell Area (Cell+Physical)    974130.902
Net Area                           0.000
Total Area (Cell+Physical+Net)     974130.902

Max Fanout                         2140 (clk)
Min Fanout                         0 (rst_n)
Average Fanout                     2.3
Terms to net ratio                 3.3323
Terms to instance ratio            3.5272
Runtime                            19741.559433000006 seconds
Elapsed Runtime                    18919 seconds
Genus peak memory usage            5819.59 
Innovus peak memory usage          no_value 
Hostname                           phobos.ece.pdx.edu
