
43. Printing statistics.

=== tile_loader ===

   Number of wires:               1317
   Number of wire bits:           1452
   Number of public wires:          18
   Number of public wire bits:     153
   Number of ports:                 15
   Number of port bits:            136
   Number of memories:               0
   Number of memory bits:            0
   Number of processes:              0
   Number of cells:               1335
     sky130_fd_sc_hd__a2111oi_0      1
     sky130_fd_sc_hd__a21boi_0      15
     sky130_fd_sc_hd__a21o_2         8
     sky130_fd_sc_hd__a21oi_1       78
     sky130_fd_sc_hd__a22o_2         4
     sky130_fd_sc_hd__a22oi_1       10
     sky130_fd_sc_hd__a2bb2oi_1      1
     sky130_fd_sc_hd__a31o_2         1
     sky130_fd_sc_hd__a31oi_1        3
     sky130_fd_sc_hd__a32o_1         1
     sky130_fd_sc_hd__a32oi_1        1
     sky130_fd_sc_hd__and2_2        12
     sky130_fd_sc_hd__and3_2         1
     sky130_fd_sc_hd__clkinv_1     112
     sky130_fd_sc_hd__dfrtp_1       19
     sky130_fd_sc_hd__lpflow_inputiso0p_1      3
     sky130_fd_sc_hd__maj3_1         1
     sky130_fd_sc_hd__nand2_1      324
     sky130_fd_sc_hd__nand3_1      395
     sky130_fd_sc_hd__nand3b_1      24
     sky130_fd_sc_hd__nand4_1       83
     sky130_fd_sc_hd__nor2_1        83
     sky130_fd_sc_hd__nor3_1         4
     sky130_fd_sc_hd__nor4_1         1
     sky130_fd_sc_hd__o2111ai_1      2
     sky130_fd_sc_hd__o211a_1        3
     sky130_fd_sc_hd__o211ai_1       6
     sky130_fd_sc_hd__o21a_1         4
     sky130_fd_sc_hd__o21ai_0       53
     sky130_fd_sc_hd__o21bai_1       3
     sky130_fd_sc_hd__o22ai_1       11
     sky130_fd_sc_hd__o2bb2ai_1      4
     sky130_fd_sc_hd__o32ai_1        9
     sky130_fd_sc_hd__or2_2          5
     sky130_fd_sc_hd__or3_2          2
     sky130_fd_sc_hd__xnor2_1        9
     sky130_fd_sc_hd__xnor3_4        9
     sky130_fd_sc_hd__xor2_1        28
     sky130_fd_sc_hd__xor3_4         2

   Chip area for module '\tile_loader': 7263.216000
     of which used for sequential elements: 475.456000 (6.55%)

