============================================================
  Generated by:           Genus(TM) Synthesis Solution 21.12-s068_1
  Generated on:           May 17 2026  05:16:21 pm
  Module:                 accel_controller
  Operating conditions:   _nominal_ (balanced_tree)
  Wireload mode:          enclosed
  Area mode:              timing library
============================================================

                                  
    Gate      Instances    Area           Library         
----------------------------------------------------------
AND2X1_RVT          360   731.935    saed32rvt_tt0p85v25c 
AND3X1_RVT           30    68.619    saed32rvt_tt0p85v25c 
AND4X1_RVT           11    27.956    saed32rvt_tt0p85v25c 
AO21X1_RVT          120   304.973    saed32rvt_tt0p85v25c 
AO21X2_RVT            1     2.796    saed32rvt_tt0p85v25c 
AO221X1_RVT          13    39.646    saed32rvt_tt0p85v25c 
AO222X1_RVT           1     3.304    saed32rvt_tt0p85v25c 
AO222X2_RVT           1     3.558    saed32rvt_tt0p85v25c 
AO22X1_RVT          138   350.719    saed32rvt_tt0p85v25c 
AOI21X1_RVT          11    33.547    saed32rvt_tt0p85v25c 
AOI222X1_RVT          1     3.812    saed32rvt_tt0p85v25c 
AOI22X1_RVT          10    30.497    saed32rvt_tt0p85v25c 
AOI22X2_RVT           1     3.304    saed32rvt_tt0p85v25c 
DEC24X1_RVT           3    18.298    saed32rvt_tt0p85v25c 
DFFARX1_RVT          51   362.918    saed32rvt_tt0p85v25c 
FADDX1_RVT           43   207.636    saed32rvt_tt0p85v25c 
HADDX1_RVT           48   158.586    saed32rvt_tt0p85v25c 
HADDX2_RVT            2     7.624    saed32rvt_tt0p85v25c 
IBUFFX2_RVT           1     2.541    saed32rvt_tt0p85v25c 
INVX0_RVT           121   153.757    saed32rvt_tt0p85v25c 
INVX1_RVT           179   227.459    saed32rvt_tt0p85v25c 
INVX2_RVT            44    67.094    saed32rvt_tt0p85v25c 
INVX4_RVT            18    36.597    saed32rvt_tt0p85v25c 
INVX8_RVT             3     9.149    saed32rvt_tt0p85v25c 
MUX21X1_RVT          16    52.862    saed32rvt_tt0p85v25c 
MUX21X2_RVT           2     7.116    saed32rvt_tt0p85v25c 
NAND2X0_RVT         365   556.575    saed32rvt_tt0p85v25c 
NAND2X1_RVT           1     2.541    saed32rvt_tt0p85v25c 
NAND3X0_RVT          95   169.006    saed32rvt_tt0p85v25c 
NAND3X1_RVT           1     2.796    saed32rvt_tt0p85v25c 
NAND3X4_RVT           1     3.558    saed32rvt_tt0p85v25c 
NAND4X0_RVT          19    38.630    saed32rvt_tt0p85v25c 
NBUFFX2_RVT          24    48.796    saed32rvt_tt0p85v25c 
NBUFFX4_RVT          12    30.497    saed32rvt_tt0p85v25c 
NBUFFX8_RVT           5    19.061    saed32rvt_tt0p85v25c 
NOR2X0_RVT           14    35.580    saed32rvt_tt0p85v25c 
NOR2X4_RVT            1     3.304    saed32rvt_tt0p85v25c 
NOR3X0_RVT            2     5.591    saed32rvt_tt0p85v25c 
OA21X1_RVT           84   213.481    saed32rvt_tt0p85v25c 
OA221X1_RVT          11    33.547    saed32rvt_tt0p85v25c 
OA222X1_RVT           6    19.823    saed32rvt_tt0p85v25c 
OA22X1_RVT           46   116.906    saed32rvt_tt0p85v25c 
OAI21X1_RVT           3     9.149    saed32rvt_tt0p85v25c 
OAI221X1_RVT          2     7.116    saed32rvt_tt0p85v25c 
OAI22X1_RVT           8    24.398    saed32rvt_tt0p85v25c 
OAI22X2_RVT           3     9.912    saed32rvt_tt0p85v25c 
OR2X1_RVT           162   329.371    saed32rvt_tt0p85v25c 
OR2X2_RVT             9    20.586    saed32rvt_tt0p85v25c 
OR2X4_RVT             1     2.796    saed32rvt_tt0p85v25c 
OR3X1_RVT            10    25.414    saed32rvt_tt0p85v25c 
SDFFARX1_RVT         76   695.338    saed32rvt_tt0p85v25c 
SDFFARX2_RVT         19   183.492    saed32rvt_tt0p85v25c 
XNOR2X1_RVT          18    77.768    saed32rvt_tt0p85v25c 
XNOR2X2_RVT          20    91.492    saed32rvt_tt0p85v25c 
XNOR3X2_RVT           2    12.707    saed32rvt_tt0p85v25c 
XOR2X2_RVT            1     4.575    saed32rvt_tt0p85v25c 
XOR3X2_RVT           71   523.282    saed32rvt_tt0p85v25c 
----------------------------------------------------------
total              2321  6233.390                         


                                         
     Type      Instances   Area   Area % 
-----------------------------------------
sequential           146 1241.748   19.9 
inverter             366  496.597    8.0 
buffer                41   98.354    1.6 
logic               1768 4396.691   70.5 
physical_cells         0    0.000    0.0 
-----------------------------------------
total               2321 6233.390  100.0 

