============================================================
  Generated by:           Genus(TM) Synthesis Solution 21.12-s068_1
  Generated on:           May 17 2026  05:16:21 pm
  Module:                 accel_controller
  Operating conditions:   _nominal_ (balanced_tree)
  Wireload mode:          enclosed
  Area mode:              timing library
============================================================

Timing
--------

Clock Period 
-------------
clk   1000.0 


  Cost    Critical              Violating 
 Group   Path Slack     TNS       Paths   
------------------------------------------
clk          -401.2   -23042.7         64 
default    No paths        0.0            
------------------------------------------
Total                 -23042.7         64 

Instance Count
--------------
Leaf Instance Count             2321 
Physical Instance count            0 
Sequential Instance Count        146 
Combinational Instance Count    2175 
Hierarchical Instance Count        0 

Area
----
Cell Area                          6233.390
Physical Cell Area                 0.000
Total Cell Area (Cell+Physical)    6233.390
Net Area                           0.000
Total Area (Cell+Physical+Net)     6233.390

Max Fanout                         146 (clk)
Min Fanout                         0 (load_cnt[2])
Average Fanout                     2.2
Terms to net ratio                 3.1730
Terms to instance ratio            3.5407
Runtime                            208.8632590000004 seconds
Elapsed Runtime                    212 seconds
Genus peak memory usage            1174.67 
Innovus peak memory usage          no_value 
Hostname                           phobos.ece.pdx.edu
