============================================================
  Generated by:           Genus(TM) Synthesis Solution 21.12-s068_1
  Generated on:           May 17 2026  05:16:20 pm
  Module:                 accel_controller
  Operating conditions:   _nominal_ (balanced_tree)
  Wireload mode:          enclosed
  Area mode:              timing library
============================================================


Path 1: VIOLATED (-401 ps) Setup Check with Pin state_reg[1]/CLK->D
          Group: clk
     Startpoint: (R) cmd_reg_reg[tile_n][3]/CLK
          Clock: (R) clk
       Endpoint: (R) state_reg[1]/D
          Clock: (R) clk

                     Capture       Launch     
        Clock Edge:+    1000            0     
       Src Latency:+       0            0     
       Net Latency:+       0 (I)        0 (I) 
           Arrival:=    1000            0     
                                              
             Setup:-      55                  
       Uncertainty:-      50                  
     Required Time:=     895                  
      Launch Clock:-       0                  
         Data Path:-    1296                  
             Slack:=    -401                  

#--------------------------------------------------------------------------------------------------------
#       Timing Point         Flags    Arc    Edge     Cell      Fanout Load Trans Delay Arrival Instance 
#                                                                      (fF)  (ps)  (ps)   (ps)  Location 
#--------------------------------------------------------------------------------------------------------
  cmd_reg_reg[tile_n][3]/CLK -       -       R     (arrival)       146    -    50     0       0    (-,-) 
  cmd_reg_reg[tile_n][3]/QN  -       CLK->QN F     SDFFARX2_RVT      4  3.7    51   129     129    (-,-) 
  g15252/Y                   -       A->Y    R     INVX2_RVT         1  0.6    27    25     154    (-,-) 
  g7/Y                       -       A1->Y   R     AND2X1_RVT        1  1.9    31    53     207    (-,-) 
  g14718/CO                  -       A->CO   R     FADDX1_RVT        3  2.1    49    99     306    (-,-) 
  g14674/Y                   -       A1->Y   F     XOR3X2_RVT        2  1.7    50   152     458    (-,-) 
  g15112/Y                   -       A1->Y   F     XOR3X2_RVT        5  2.9    53   158     616    (-,-) 
  g15825/Y                   -       A2->Y   F     OR2X1_RVT         1  0.6    23    55     671    (-,-) 
  g15824/Y                   -       A1->Y   F     AO21X1_RVT        2  1.0    27    67     738    (-,-) 
  g15227/Y                   -       A3->Y   F     AO21X1_RVT        2  1.5    30    50     788    (-,-) 
  g14649/Y                   -       A1->Y   F     AO21X1_RVT        1  0.9    26    70     858    (-,-) 
  g17137/Y                   -       A3->Y   F     XOR3X2_RVT        3  3.9    56    68     925    (-,-) 
  g17138/Y                   -       A->Y    R     INVX4_RVT         5  2.8    31    29     954    (-,-) 
  g1416/Y                    -       A3->Y   R     AO22X1_RVT        1  0.6    29    56    1010    (-,-) 
  g14/Y                      -       A1->Y   R     OR2X2_RVT         5  2.9    30    60    1070    (-,-) 
  g17290/Y                   -       A2->Y   F     NAND2X0_RVT       2  1.1    46    39    1109    (-,-) 
  g17000/Y                   -       A1->Y   F     AO21X1_RVT        5  2.6    37    90    1199    (-,-) 
  g17791/Y                   -       A2->Y   F     OA21X1_RVT        1  0.6    26    64    1263    (-,-) 
  g17107/Y                   -       A2->Y   R     NAND3X0_RVT       1  0.6    43    34    1296    (-,-) 
  state_reg[1]/D             -       -       R     DFFARX1_RVT       1    -     -     0    1296    (-,-) 
#--------------------------------------------------------------------------------------------------------



Path 2: VIOLATED (-401 ps) Setup Check with Pin load_col_reg[7]/CLK->D
          Group: clk
     Startpoint: (R) cmd_reg_reg[tile_n][3]/CLK
          Clock: (R) clk
       Endpoint: (R) load_col_reg[7]/D
          Clock: (R) clk

                     Capture       Launch     
        Clock Edge:+    1000            0     
       Src Latency:+       0            0     
       Net Latency:+       0 (I)        0 (I) 
           Arrival:=    1000            0     
                                              
             Setup:-      50                  
       Uncertainty:-      50                  
     Required Time:=     900                  
      Launch Clock:-       0                  
         Data Path:-    1301                  
             Slack:=    -401                  

#--------------------------------------------------------------------------------------------------------
#       Timing Point         Flags    Arc    Edge     Cell      Fanout Load Trans Delay Arrival Instance 
#                                                                      (fF)  (ps)  (ps)   (ps)  Location 
#--------------------------------------------------------------------------------------------------------
  cmd_reg_reg[tile_n][3]/CLK -       -       R     (arrival)       146    -    50     0       0    (-,-) 
  cmd_reg_reg[tile_n][3]/QN  -       CLK->QN F     SDFFARX2_RVT      4  3.7    51   129     129    (-,-) 
  g15252/Y                   -       A->Y    R     INVX2_RVT         1  0.6    27    25     154    (-,-) 
  g7/Y                       -       A1->Y   R     AND2X1_RVT        1  1.9    31    53     207    (-,-) 
  g14718/CO                  -       A->CO   R     FADDX1_RVT        3  2.1    49    99     306    (-,-) 
  g14674/Y                   -       A1->Y   F     XOR3X2_RVT        2  1.7    50   152     458    (-,-) 
  g15112/Y                   -       A1->Y   F     XOR3X2_RVT        5  2.9    53   158     616    (-,-) 
  g15825/Y                   -       A2->Y   F     OR2X1_RVT         1  0.6    23    55     671    (-,-) 
  g15824/Y                   -       A1->Y   F     AO21X1_RVT        2  1.0    27    67     738    (-,-) 
  g16697/Y                   -       A3->Y   F     AO21X1_RVT        2  1.0    27    47     785    (-,-) 
  g16698/Y                   -       A2->Y   F     AO21X1_RVT        2  1.9    32    78     863    (-,-) 
  g56/Y                      -       A->Y    R     INVX2_RVT         5  3.5    27    31     894    (-,-) 
  fopt15597/Y                -       A->Y    F     INVX2_RVT         3  1.8    20    18     912    (-,-) 
  g1178/Y                    -       A1->Y   F     AND2X1_RVT        1  0.5    20    43     955    (-,-) 
  g1175/Y                    -       A2->Y   F     OA221X1_RVT       5  2.6    52   105    1060    (-,-) 
  g1405_1/Y                  -       A2->Y   R     NAND2X0_RVT       1  0.5    40    50    1111    (-,-) 
  g17224/Y                   -       A2->Y   R     AND3X1_RVT        1  0.7    28    66    1176    (-,-) 
  g24/Y                      -       A2->Y   R     OR2X2_RVT         8  4.0    35    59    1236    (-,-) 
  g15639/Y                   -       A1->Y   R     AO21X1_RVT        1  0.6    28    65    1301    (-,-) 
  load_col_reg[7]/D          -       -       R     DFFARX1_RVT       1    -     -     0    1301    (-,-) 
#--------------------------------------------------------------------------------------------------------



Path 3: VIOLATED (-401 ps) Setup Check with Pin load_col_reg[6]/CLK->D
          Group: clk
     Startpoint: (R) cmd_reg_reg[tile_n][3]/CLK
          Clock: (R) clk
       Endpoint: (R) load_col_reg[6]/D
          Clock: (R) clk

                     Capture       Launch     
        Clock Edge:+    1000            0     
       Src Latency:+       0            0     
       Net Latency:+       0 (I)        0 (I) 
           Arrival:=    1000            0     
                                              
             Setup:-      50                  
       Uncertainty:-      50                  
     Required Time:=     900                  
      Launch Clock:-       0                  
         Data Path:-    1301                  
             Slack:=    -401                  

#--------------------------------------------------------------------------------------------------------
#       Timing Point         Flags    Arc    Edge     Cell      Fanout Load Trans Delay Arrival Instance 
#                                                                      (fF)  (ps)  (ps)   (ps)  Location 
#--------------------------------------------------------------------------------------------------------
  cmd_reg_reg[tile_n][3]/CLK -       -       R     (arrival)       146    -    50     0       0    (-,-) 
  cmd_reg_reg[tile_n][3]/QN  -       CLK->QN F     SDFFARX2_RVT      4  3.7    51   129     129    (-,-) 
  g15252/Y                   -       A->Y    R     INVX2_RVT         1  0.6    27    25     154    (-,-) 
  g7/Y                       -       A1->Y   R     AND2X1_RVT        1  1.9    31    53     207    (-,-) 
  g14718/CO                  -       A->CO   R     FADDX1_RVT        3  2.1    49    99     306    (-,-) 
  g14674/Y                   -       A1->Y   F     XOR3X2_RVT        2  1.7    50   152     458    (-,-) 
  g15112/Y                   -       A1->Y   F     XOR3X2_RVT        5  2.9    53   158     616    (-,-) 
  g15825/Y                   -       A2->Y   F     OR2X1_RVT         1  0.6    23    55     671    (-,-) 
  g15824/Y                   -       A1->Y   F     AO21X1_RVT        2  1.0    27    67     738    (-,-) 
  g16697/Y                   -       A3->Y   F     AO21X1_RVT        2  1.0    27    47     785    (-,-) 
  g16698/Y                   -       A2->Y   F     AO21X1_RVT        2  1.9    32    78     863    (-,-) 
  g56/Y                      -       A->Y    R     INVX2_RVT         5  3.5    27    31     894    (-,-) 
  fopt15597/Y                -       A->Y    F     INVX2_RVT         3  1.8    20    18     912    (-,-) 
  g1178/Y                    -       A1->Y   F     AND2X1_RVT        1  0.5    20    43     955    (-,-) 
  g1175/Y                    -       A2->Y   F     OA221X1_RVT       5  2.6    52   105    1060    (-,-) 
  g1405_1/Y                  -       A2->Y   R     NAND2X0_RVT       1  0.5    40    50    1111    (-,-) 
  g17224/Y                   -       A2->Y   R     AND3X1_RVT        1  0.7    28    66    1176    (-,-) 
  g24/Y                      -       A2->Y   R     OR2X2_RVT         8  4.0    35    59    1236    (-,-) 
  g15638/Y                   -       A1->Y   R     AO21X1_RVT        1  0.6    28    65    1301    (-,-) 
  load_col_reg[6]/D          -       -       R     DFFARX1_RVT       1    -     -     0    1301    (-,-) 
#--------------------------------------------------------------------------------------------------------



Path 4: VIOLATED (-401 ps) Setup Check with Pin load_col_reg[5]/CLK->D
          Group: clk
     Startpoint: (R) cmd_reg_reg[tile_n][3]/CLK
          Clock: (R) clk
       Endpoint: (R) load_col_reg[5]/D
          Clock: (R) clk

                     Capture       Launch     
        Clock Edge:+    1000            0     
       Src Latency:+       0            0     
       Net Latency:+       0 (I)        0 (I) 
           Arrival:=    1000            0     
                                              
             Setup:-      50                  
       Uncertainty:-      50                  
     Required Time:=     900                  
      Launch Clock:-       0                  
         Data Path:-    1301                  
             Slack:=    -401                  

#--------------------------------------------------------------------------------------------------------
#       Timing Point         Flags    Arc    Edge     Cell      Fanout Load Trans Delay Arrival Instance 
#                                                                      (fF)  (ps)  (ps)   (ps)  Location 
#--------------------------------------------------------------------------------------------------------
  cmd_reg_reg[tile_n][3]/CLK -       -       R     (arrival)       146    -    50     0       0    (-,-) 
  cmd_reg_reg[tile_n][3]/QN  -       CLK->QN F     SDFFARX2_RVT      4  3.7    51   129     129    (-,-) 
  g15252/Y                   -       A->Y    R     INVX2_RVT         1  0.6    27    25     154    (-,-) 
  g7/Y                       -       A1->Y   R     AND2X1_RVT        1  1.9    31    53     207    (-,-) 
  g14718/CO                  -       A->CO   R     FADDX1_RVT        3  2.1    49    99     306    (-,-) 
  g14674/Y                   -       A1->Y   F     XOR3X2_RVT        2  1.7    50   152     458    (-,-) 
  g15112/Y                   -       A1->Y   F     XOR3X2_RVT        5  2.9    53   158     616    (-,-) 
  g15825/Y                   -       A2->Y   F     OR2X1_RVT         1  0.6    23    55     671    (-,-) 
  g15824/Y                   -       A1->Y   F     AO21X1_RVT        2  1.0    27    67     738    (-,-) 
  g16697/Y                   -       A3->Y   F     AO21X1_RVT        2  1.0    27    47     785    (-,-) 
  g16698/Y                   -       A2->Y   F     AO21X1_RVT        2  1.9    32    78     863    (-,-) 
  g56/Y                      -       A->Y    R     INVX2_RVT         5  3.5    27    31     894    (-,-) 
  fopt15597/Y                -       A->Y    F     INVX2_RVT         3  1.8    20    18     912    (-,-) 
  g1178/Y                    -       A1->Y   F     AND2X1_RVT        1  0.5    20    43     955    (-,-) 
  g1175/Y                    -       A2->Y   F     OA221X1_RVT       5  2.6    52   105    1060    (-,-) 
  g1405_1/Y                  -       A2->Y   R     NAND2X0_RVT       1  0.5    40    50    1111    (-,-) 
  g17224/Y                   -       A2->Y   R     AND3X1_RVT        1  0.7    28    66    1176    (-,-) 
  g24/Y                      -       A2->Y   R     OR2X2_RVT         8  4.0    35    59    1236    (-,-) 
  g15637/Y                   -       A1->Y   R     AO21X1_RVT        1  0.6    28    65    1301    (-,-) 
  load_col_reg[5]/D          -       -       R     DFFARX1_RVT       1    -     -     0    1301    (-,-) 
#--------------------------------------------------------------------------------------------------------



Path 5: VIOLATED (-401 ps) Setup Check with Pin load_col_reg[4]/CLK->D
          Group: clk
     Startpoint: (R) cmd_reg_reg[tile_n][3]/CLK
          Clock: (R) clk
       Endpoint: (R) load_col_reg[4]/D
          Clock: (R) clk

                     Capture       Launch     
        Clock Edge:+    1000            0     
       Src Latency:+       0            0     
       Net Latency:+       0 (I)        0 (I) 
           Arrival:=    1000            0     
                                              
             Setup:-      50                  
       Uncertainty:-      50                  
     Required Time:=     900                  
      Launch Clock:-       0                  
         Data Path:-    1301                  
             Slack:=    -401                  

#--------------------------------------------------------------------------------------------------------
#       Timing Point         Flags    Arc    Edge     Cell      Fanout Load Trans Delay Arrival Instance 
#                                                                      (fF)  (ps)  (ps)   (ps)  Location 
#--------------------------------------------------------------------------------------------------------
  cmd_reg_reg[tile_n][3]/CLK -       -       R     (arrival)       146    -    50     0       0    (-,-) 
  cmd_reg_reg[tile_n][3]/QN  -       CLK->QN F     SDFFARX2_RVT      4  3.7    51   129     129    (-,-) 
  g15252/Y                   -       A->Y    R     INVX2_RVT         1  0.6    27    25     154    (-,-) 
  g7/Y                       -       A1->Y   R     AND2X1_RVT        1  1.9    31    53     207    (-,-) 
  g14718/CO                  -       A->CO   R     FADDX1_RVT        3  2.1    49    99     306    (-,-) 
  g14674/Y                   -       A1->Y   F     XOR3X2_RVT        2  1.7    50   152     458    (-,-) 
  g15112/Y                   -       A1->Y   F     XOR3X2_RVT        5  2.9    53   158     616    (-,-) 
  g15825/Y                   -       A2->Y   F     OR2X1_RVT         1  0.6    23    55     671    (-,-) 
  g15824/Y                   -       A1->Y   F     AO21X1_RVT        2  1.0    27    67     738    (-,-) 
  g16697/Y                   -       A3->Y   F     AO21X1_RVT        2  1.0    27    47     785    (-,-) 
  g16698/Y                   -       A2->Y   F     AO21X1_RVT        2  1.9    32    78     863    (-,-) 
  g56/Y                      -       A->Y    R     INVX2_RVT         5  3.5    27    31     894    (-,-) 
  fopt15597/Y                -       A->Y    F     INVX2_RVT         3  1.8    20    18     912    (-,-) 
  g1178/Y                    -       A1->Y   F     AND2X1_RVT        1  0.5    20    43     955    (-,-) 
  g1175/Y                    -       A2->Y   F     OA221X1_RVT       5  2.6    52   105    1060    (-,-) 
  g1405_1/Y                  -       A2->Y   R     NAND2X0_RVT       1  0.5    40    50    1111    (-,-) 
  g17224/Y                   -       A2->Y   R     AND3X1_RVT        1  0.7    28    66    1176    (-,-) 
  g24/Y                      -       A2->Y   R     OR2X2_RVT         8  4.0    35    59    1236    (-,-) 
  g15636/Y                   -       A1->Y   R     AO21X1_RVT        1  0.6    28    65    1301    (-,-) 
  load_col_reg[4]/D          -       -       R     DFFARX1_RVT       1    -     -     0    1301    (-,-) 
#--------------------------------------------------------------------------------------------------------



Path 6: VIOLATED (-401 ps) Setup Check with Pin load_col_reg[3]/CLK->D
          Group: clk
     Startpoint: (R) cmd_reg_reg[tile_n][3]/CLK
          Clock: (R) clk
       Endpoint: (R) load_col_reg[3]/D
          Clock: (R) clk

                     Capture       Launch     
        Clock Edge:+    1000            0     
       Src Latency:+       0            0     
       Net Latency:+       0 (I)        0 (I) 
           Arrival:=    1000            0     
                                              
             Setup:-      50                  
       Uncertainty:-      50                  
     Required Time:=     900                  
      Launch Clock:-       0                  
         Data Path:-    1301                  
             Slack:=    -401                  

#--------------------------------------------------------------------------------------------------------
#       Timing Point         Flags    Arc    Edge     Cell      Fanout Load Trans Delay Arrival Instance 
#                                                                      (fF)  (ps)  (ps)   (ps)  Location 
#--------------------------------------------------------------------------------------------------------
  cmd_reg_reg[tile_n][3]/CLK -       -       R     (arrival)       146    -    50     0       0    (-,-) 
  cmd_reg_reg[tile_n][3]/QN  -       CLK->QN F     SDFFARX2_RVT      4  3.7    51   129     129    (-,-) 
  g15252/Y                   -       A->Y    R     INVX2_RVT         1  0.6    27    25     154    (-,-) 
  g7/Y                       -       A1->Y   R     AND2X1_RVT        1  1.9    31    53     207    (-,-) 
  g14718/CO                  -       A->CO   R     FADDX1_RVT        3  2.1    49    99     306    (-,-) 
  g14674/Y                   -       A1->Y   F     XOR3X2_RVT        2  1.7    50   152     458    (-,-) 
  g15112/Y                   -       A1->Y   F     XOR3X2_RVT        5  2.9    53   158     616    (-,-) 
  g15825/Y                   -       A2->Y   F     OR2X1_RVT         1  0.6    23    55     671    (-,-) 
  g15824/Y                   -       A1->Y   F     AO21X1_RVT        2  1.0    27    67     738    (-,-) 
  g16697/Y                   -       A3->Y   F     AO21X1_RVT        2  1.0    27    47     785    (-,-) 
  g16698/Y                   -       A2->Y   F     AO21X1_RVT        2  1.9    32    78     863    (-,-) 
  g56/Y                      -       A->Y    R     INVX2_RVT         5  3.5    27    31     894    (-,-) 
  fopt15597/Y                -       A->Y    F     INVX2_RVT         3  1.8    20    18     912    (-,-) 
  g1178/Y                    -       A1->Y   F     AND2X1_RVT        1  0.5    20    43     955    (-,-) 
  g1175/Y                    -       A2->Y   F     OA221X1_RVT       5  2.6    52   105    1060    (-,-) 
  g1405_1/Y                  -       A2->Y   R     NAND2X0_RVT       1  0.5    40    50    1111    (-,-) 
  g17224/Y                   -       A2->Y   R     AND3X1_RVT        1  0.7    28    66    1176    (-,-) 
  g24/Y                      -       A2->Y   R     OR2X2_RVT         8  4.0    35    59    1236    (-,-) 
  g15635/Y                   -       A1->Y   R     AO21X1_RVT        1  0.6    28    65    1301    (-,-) 
  load_col_reg[3]/D          -       -       R     DFFARX1_RVT       1    -     -     0    1301    (-,-) 
#--------------------------------------------------------------------------------------------------------



Path 7: VIOLATED (-401 ps) Setup Check with Pin load_col_reg[2]/CLK->D
          Group: clk
     Startpoint: (R) cmd_reg_reg[tile_n][3]/CLK
          Clock: (R) clk
       Endpoint: (R) load_col_reg[2]/D
          Clock: (R) clk

                     Capture       Launch     
        Clock Edge:+    1000            0     
       Src Latency:+       0            0     
       Net Latency:+       0 (I)        0 (I) 
           Arrival:=    1000            0     
                                              
             Setup:-      50                  
       Uncertainty:-      50                  
     Required Time:=     900                  
      Launch Clock:-       0                  
         Data Path:-    1301                  
             Slack:=    -401                  

#--------------------------------------------------------------------------------------------------------
#       Timing Point         Flags    Arc    Edge     Cell      Fanout Load Trans Delay Arrival Instance 
#                                                                      (fF)  (ps)  (ps)   (ps)  Location 
#--------------------------------------------------------------------------------------------------------
  cmd_reg_reg[tile_n][3]/CLK -       -       R     (arrival)       146    -    50     0       0    (-,-) 
  cmd_reg_reg[tile_n][3]/QN  -       CLK->QN F     SDFFARX2_RVT      4  3.7    51   129     129    (-,-) 
  g15252/Y                   -       A->Y    R     INVX2_RVT         1  0.6    27    25     154    (-,-) 
  g7/Y                       -       A1->Y   R     AND2X1_RVT        1  1.9    31    53     207    (-,-) 
  g14718/CO                  -       A->CO   R     FADDX1_RVT        3  2.1    49    99     306    (-,-) 
  g14674/Y                   -       A1->Y   F     XOR3X2_RVT        2  1.7    50   152     458    (-,-) 
  g15112/Y                   -       A1->Y   F     XOR3X2_RVT        5  2.9    53   158     616    (-,-) 
  g15825/Y                   -       A2->Y   F     OR2X1_RVT         1  0.6    23    55     671    (-,-) 
  g15824/Y                   -       A1->Y   F     AO21X1_RVT        2  1.0    27    67     738    (-,-) 
  g16697/Y                   -       A3->Y   F     AO21X1_RVT        2  1.0    27    47     785    (-,-) 
  g16698/Y                   -       A2->Y   F     AO21X1_RVT        2  1.9    32    78     863    (-,-) 
  g56/Y                      -       A->Y    R     INVX2_RVT         5  3.5    27    31     894    (-,-) 
  fopt15597/Y                -       A->Y    F     INVX2_RVT         3  1.8    20    18     912    (-,-) 
  g1178/Y                    -       A1->Y   F     AND2X1_RVT        1  0.5    20    43     955    (-,-) 
  g1175/Y                    -       A2->Y   F     OA221X1_RVT       5  2.6    52   105    1060    (-,-) 
  g1405_1/Y                  -       A2->Y   R     NAND2X0_RVT       1  0.5    40    50    1111    (-,-) 
  g17224/Y                   -       A2->Y   R     AND3X1_RVT        1  0.7    28    66    1176    (-,-) 
  g24/Y                      -       A2->Y   R     OR2X2_RVT         8  4.0    35    59    1236    (-,-) 
  g15634/Y                   -       A1->Y   R     AO21X1_RVT        1  0.6    28    65    1301    (-,-) 
  load_col_reg[2]/D          -       -       R     DFFARX1_RVT       1    -     -     0    1301    (-,-) 
#--------------------------------------------------------------------------------------------------------



Path 8: VIOLATED (-401 ps) Setup Check with Pin load_col_reg[1]/CLK->D
          Group: clk
     Startpoint: (R) cmd_reg_reg[tile_n][3]/CLK
          Clock: (R) clk
       Endpoint: (R) load_col_reg[1]/D
          Clock: (R) clk

                     Capture       Launch     
        Clock Edge:+    1000            0     
       Src Latency:+       0            0     
       Net Latency:+       0 (I)        0 (I) 
           Arrival:=    1000            0     
                                              
             Setup:-      50                  
       Uncertainty:-      50                  
     Required Time:=     900                  
      Launch Clock:-       0                  
         Data Path:-    1301                  
             Slack:=    -401                  

#--------------------------------------------------------------------------------------------------------
#       Timing Point         Flags    Arc    Edge     Cell      Fanout Load Trans Delay Arrival Instance 
#                                                                      (fF)  (ps)  (ps)   (ps)  Location 
#--------------------------------------------------------------------------------------------------------
  cmd_reg_reg[tile_n][3]/CLK -       -       R     (arrival)       146    -    50     0       0    (-,-) 
  cmd_reg_reg[tile_n][3]/QN  -       CLK->QN F     SDFFARX2_RVT      4  3.7    51   129     129    (-,-) 
  g15252/Y                   -       A->Y    R     INVX2_RVT         1  0.6    27    25     154    (-,-) 
  g7/Y                       -       A1->Y   R     AND2X1_RVT        1  1.9    31    53     207    (-,-) 
  g14718/CO                  -       A->CO   R     FADDX1_RVT        3  2.1    49    99     306    (-,-) 
  g14674/Y                   -       A1->Y   F     XOR3X2_RVT        2  1.7    50   152     458    (-,-) 
  g15112/Y                   -       A1->Y   F     XOR3X2_RVT        5  2.9    53   158     616    (-,-) 
  g15825/Y                   -       A2->Y   F     OR2X1_RVT         1  0.6    23    55     671    (-,-) 
  g15824/Y                   -       A1->Y   F     AO21X1_RVT        2  1.0    27    67     738    (-,-) 
  g16697/Y                   -       A3->Y   F     AO21X1_RVT        2  1.0    27    47     785    (-,-) 
  g16698/Y                   -       A2->Y   F     AO21X1_RVT        2  1.9    32    78     863    (-,-) 
  g56/Y                      -       A->Y    R     INVX2_RVT         5  3.5    27    31     894    (-,-) 
  fopt15597/Y                -       A->Y    F     INVX2_RVT         3  1.8    20    18     912    (-,-) 
  g1178/Y                    -       A1->Y   F     AND2X1_RVT        1  0.5    20    43     955    (-,-) 
  g1175/Y                    -       A2->Y   F     OA221X1_RVT       5  2.6    52   105    1060    (-,-) 
  g1405_1/Y                  -       A2->Y   R     NAND2X0_RVT       1  0.5    40    50    1111    (-,-) 
  g17224/Y                   -       A2->Y   R     AND3X1_RVT        1  0.7    28    66    1176    (-,-) 
  g24/Y                      -       A2->Y   R     OR2X2_RVT         8  4.0    35    59    1236    (-,-) 
  g15640/Y                   -       A1->Y   R     AO21X1_RVT        1  0.6    28    65    1301    (-,-) 
  load_col_reg[1]/D          -       -       R     DFFARX1_RVT       1    -     -     0    1301    (-,-) 
#--------------------------------------------------------------------------------------------------------



Path 9: VIOLATED (-400 ps) Setup Check with Pin write_cnt_reg[0]/CLK->D
          Group: clk
     Startpoint: (R) cmd_reg_reg[tile_n][3]/CLK
          Clock: (R) clk
       Endpoint: (F) write_cnt_reg[0]/D
          Clock: (R) clk

                     Capture       Launch     
        Clock Edge:+    1000            0     
       Src Latency:+       0            0     
       Net Latency:+       0 (I)        0 (I) 
           Arrival:=    1000            0     
                                              
             Setup:-     115                  
       Uncertainty:-      50                  
     Required Time:=     835                  
      Launch Clock:-       0                  
         Data Path:-    1236                  
             Slack:=    -400                  

#--------------------------------------------------------------------------------------------------------
#       Timing Point         Flags    Arc    Edge     Cell      Fanout Load Trans Delay Arrival Instance 
#                                                                      (fF)  (ps)  (ps)   (ps)  Location 
#--------------------------------------------------------------------------------------------------------
  cmd_reg_reg[tile_n][3]/CLK -       -       R     (arrival)       146    -    50     0       0    (-,-) 
  cmd_reg_reg[tile_n][3]/QN  -       CLK->QN F     SDFFARX2_RVT      4  3.7    51   129     129    (-,-) 
  g15252/Y                   -       A->Y    R     INVX2_RVT         1  0.6    27    25     154    (-,-) 
  g7/Y                       -       A1->Y   R     AND2X1_RVT        1  1.9    31    53     207    (-,-) 
  g14718/CO                  -       A->CO   R     FADDX1_RVT        3  2.1    49    99     306    (-,-) 
  g14674/Y                   -       A1->Y   F     XOR3X2_RVT        2  1.7    50   152     458    (-,-) 
  g15112/Y                   -       A1->Y   F     XOR3X2_RVT        5  2.9    53   158     616    (-,-) 
  g15825/Y                   -       A2->Y   F     OR2X1_RVT         1  0.6    23    55     671    (-,-) 
  g15824/Y                   -       A1->Y   F     AO21X1_RVT        2  1.0    27    67     738    (-,-) 
  g15227/Y                   -       A3->Y   F     AO21X1_RVT        2  1.5    30    50     788    (-,-) 
  g14649/Y                   -       A1->Y   F     AO21X1_RVT        1  0.9    26    70     858    (-,-) 
  g17137/Y                   -       A3->Y   R     XOR3X2_RVT        3  3.9    52    79     937    (-,-) 
  g17138/Y                   -       A->Y    F     INVX4_RVT         5  2.8    27    18     954    (-,-) 
  g651/Y                     -       A2->Y   R     NAND2X0_RVT       2  1.0    44    44     999    (-,-) 
  g88/Y                      -       A3->Y   R     OA21X1_RVT        3  1.5    33    65    1064    (-,-) 
  g16903/Y                   -       A1->Y   R     AO21X1_RVT        2  1.1    32    69    1133    (-,-) 
  g17353/Y                   -       A3->Y   R     AO22X1_RVT        2  2.3    42    69    1202    (-,-) 
  fopt17352/Y                -       A->Y    F     INVX1_RVT         5  2.8    37    34    1236    (-,-) 
  write_cnt_reg[0]/D         -       -       F     SDFFARX1_RVT      5    -     -     0    1236    (-,-) 
#--------------------------------------------------------------------------------------------------------



Path 10: VIOLATED (-400 ps) Setup Check with Pin wr_col_reg[0]/CLK->SI
          Group: clk
     Startpoint: (R) cmd_reg_reg[tile_n][3]/CLK
          Clock: (R) clk
       Endpoint: (F) wr_col_reg[0]/SI
          Clock: (R) clk

                     Capture       Launch     
        Clock Edge:+    1000            0     
       Src Latency:+       0            0     
       Net Latency:+       0 (I)        0 (I) 
           Arrival:=    1000            0     
                                              
             Setup:-     115                  
       Uncertainty:-      50                  
     Required Time:=     835                  
      Launch Clock:-       0                  
         Data Path:-    1236                  
             Slack:=    -400                  

#--------------------------------------------------------------------------------------------------------
#       Timing Point         Flags    Arc    Edge     Cell      Fanout Load Trans Delay Arrival Instance 
#                                                                      (fF)  (ps)  (ps)   (ps)  Location 
#--------------------------------------------------------------------------------------------------------
  cmd_reg_reg[tile_n][3]/CLK -       -       R     (arrival)       146    -    50     0       0    (-,-) 
  cmd_reg_reg[tile_n][3]/QN  -       CLK->QN F     SDFFARX2_RVT      4  3.7    51   129     129    (-,-) 
  g15252/Y                   -       A->Y    R     INVX2_RVT         1  0.6    27    25     154    (-,-) 
  g7/Y                       -       A1->Y   R     AND2X1_RVT        1  1.9    31    53     207    (-,-) 
  g14718/CO                  -       A->CO   R     FADDX1_RVT        3  2.1    49    99     306    (-,-) 
  g14674/Y                   -       A1->Y   F     XOR3X2_RVT        2  1.7    50   152     458    (-,-) 
  g15112/Y                   -       A1->Y   F     XOR3X2_RVT        5  2.9    53   158     616    (-,-) 
  g15825/Y                   -       A2->Y   F     OR2X1_RVT         1  0.6    23    55     671    (-,-) 
  g15824/Y                   -       A1->Y   F     AO21X1_RVT        2  1.0    27    67     738    (-,-) 
  g15227/Y                   -       A3->Y   F     AO21X1_RVT        2  1.5    30    50     788    (-,-) 
  g14649/Y                   -       A1->Y   F     AO21X1_RVT        1  0.9    26    70     858    (-,-) 
  g17137/Y                   -       A3->Y   R     XOR3X2_RVT        3  3.9    52    79     937    (-,-) 
  g17138/Y                   -       A->Y    F     INVX4_RVT         5  2.8    27    18     954    (-,-) 
  g651/Y                     -       A2->Y   R     NAND2X0_RVT       2  1.0    44    44     999    (-,-) 
  g88/Y                      -       A3->Y   R     OA21X1_RVT        3  1.5    33    65    1064    (-,-) 
  g16903/Y                   -       A1->Y   R     AO21X1_RVT        2  1.1    32    69    1133    (-,-) 
  g17353/Y                   -       A3->Y   R     AO22X1_RVT        2  2.3    42    69    1202    (-,-) 
  fopt17352/Y                -       A->Y    F     INVX1_RVT         5  2.8    37    34    1236    (-,-) 
  wr_col_reg[0]/SI           -       -       F     SDFFARX1_RVT      5    -     -     0    1236    (-,-) 
#--------------------------------------------------------------------------------------------------------

