============================================================
  Generated by:           Genus(TM) Synthesis Solution 21.12-s068_1
  Generated on:           May 17 2026  01:51:44 pm
  Module:                 causal_mask_unit
  Operating conditions:   _nominal_ (balanced_tree)
  Wireload mode:          enclosed
  Area mode:              timing library
============================================================

                                 
    Gate     Instances    Area           Library         
---------------------------------------------------------
AND2X1_RVT        1918  3899.586    saed32rvt_tt0p85v25c 
AO21X1_RVT           5    12.707    saed32rvt_tt0p85v25c 
INVX0_RVT           66    83.868    saed32rvt_tt0p85v25c 
INVX1_RVT            4     5.083    saed32rvt_tt0p85v25c 
INVX2_RVT            1     1.525    saed32rvt_tt0p85v25c 
INVX4_RVT            1     2.033    saed32rvt_tt0p85v25c 
NAND2X0_RVT         20    30.497    saed32rvt_tt0p85v25c 
NAND2X4_RVT         18    59.470    saed32rvt_tt0p85v25c 
NOR2X0_RVT           2     5.083    saed32rvt_tt0p85v25c 
OA21X1_RVT           2     5.083    saed32rvt_tt0p85v25c 
OR2X1_RVT          132   268.376    saed32rvt_tt0p85v25c 
OR2X4_RVT           44   123.006    saed32rvt_tt0p85v25c 
---------------------------------------------------------
total             2213  4496.316                         


                                         
     Type      Instances   Area   Area % 
-----------------------------------------
inverter              72   92.508    2.1 
logic               2141 4403.807   97.9 
physical_cells         0    0.000    0.0 
-----------------------------------------
total               2213 4496.316  100.0 

