============================================================
  Generated by:           Genus(TM) Synthesis Solution 21.12-s068_1
  Generated on:           May 17 2026  01:51:44 pm
  Module:                 causal_mask_unit
  Operating conditions:   _nominal_ (balanced_tree)
  Wireload mode:          enclosed
  Area mode:              timing library
============================================================

Timing
-------
  Cost    Critical         Violating 
 Group   Path Slack  TNS     Paths   
-------------------------------------
default    No paths   0.0            
-------------------------------------
Total                 0.0          0 

Instance Count
--------------
Leaf Instance Count             2213 
Physical Instance count            0 
Sequential Instance Count          0 
Combinational Instance Count    2213 
Hierarchical Instance Count        0 

Area
----
Cell Area                          4496.316
Physical Cell Area                 0.000
Total Cell Area (Cell+Physical)    4496.316
Net Area                           0.000
Total Area (Cell+Physical+Net)     4496.316

Max Fanout                         45 (n_160)
Min Fanout                         1 (n_2)
Average Fanout                     1.5
Terms to net ratio                 1.5396
Terms to instance ratio            2.9706
Runtime                            48.06598699999999 seconds
Elapsed Runtime                    49 seconds
Genus peak memory usage            1301.23 
Innovus peak memory usage          no_value 
Hostname                           phobos.ece.pdx.edu
