============================================================
  Generated by:           Genus(TM) Synthesis Solution 21.12-s068_1
  Generated on:           May 19 2026  03:51:26 pm
  Module:                 softmax_unit_DATA_WIDTH32_VEC_LEN4
  Operating conditions:   _nominal_ (balanced_tree)
  Wireload mode:          enclosed
  Area mode:              timing library
============================================================

                                    
    Gate      Instances     Area            Library         
------------------------------------------------------------
AND2X1_RVT        11607   23598.795    saed32rvt_tt0p85v25c 
AND2X2_RVT           95     217.293    saed32rvt_tt0p85v25c 
AND2X4_RVT           12      33.547    saed32rvt_tt0p85v25c 
AND3X1_RVT         1631    3730.580    saed32rvt_tt0p85v25c 
AND3X2_RVT           57     144.862    saed32rvt_tt0p85v25c 
AND3X4_RVT           11      33.547    saed32rvt_tt0p85v25c 
AND4X1_RVT          632    1606.190    saed32rvt_tt0p85v25c 
AND4X2_RVT           23      87.680    saed32rvt_tt0p85v25c 
AO21X1_RVT         6206   15772.177    saed32rvt_tt0p85v25c 
AO21X2_RVT           85     237.625    saed32rvt_tt0p85v25c 
AO221X1_RVT         390    1189.394    saed32rvt_tt0p85v25c 
AO221X2_RVT          29      95.812    saed32rvt_tt0p85v25c 
AO222X1_RVT         118     389.857    saed32rvt_tt0p85v25c 
AO222X2_RVT           3      10.674    saed32rvt_tt0p85v25c 
AO22X1_RVT         7717   19612.292    saed32rvt_tt0p85v25c 
AO22X2_RVT           38     106.232    saed32rvt_tt0p85v25c 
AOI21X1_RVT         296     902.719    saed32rvt_tt0p85v25c 
AOI21X2_RVT          16      52.862    saed32rvt_tt0p85v25c 
AOI221X1_RVT         13      46.254    saed32rvt_tt0p85v25c 
AOI221X2_RVT         13      49.558    saed32rvt_tt0p85v25c 
AOI222X1_RVT          3      11.436    saed32rvt_tt0p85v25c 
AOI22X1_RVT         192     585.548    saed32rvt_tt0p85v25c 
AOI22X2_RVT           6      19.823    saed32rvt_tt0p85v25c 
DEC24X1_RVT         178    1085.703    saed32rvt_tt0p85v25c 
DEC24X2_RVT          53     377.150    saed32rvt_tt0p85v25c 
DELLN1X2_RVT        878    4462.769    saed32rvt_tt0p85v25c 
DELLN2X2_RVT         10      66.077    saed32rvt_tt0p85v25c 
DELLN3X2_RVT          6      57.945    saed32rvt_tt0p85v25c 
DFFARX1_RVT         283    2013.837    saed32rvt_tt0p85v25c 
DFFARX2_RVT           5      38.122    saed32rvt_tt0p85v25c 
FADDX1_RVT         7118   34370.943    saed32rvt_tt0p85v25c 
FADDX2_RVT           57     304.210    saed32rvt_tt0p85v25c 
HADDX1_RVT          751    2481.208    saed32rvt_tt0p85v25c 
HADDX2_RVT           17      64.807    saed32rvt_tt0p85v25c 
IBUFFX16_RVT         94     621.128    saed32rvt_tt0p85v25c 
IBUFFX2_RVT         585    1486.742    saed32rvt_tt0p85v25c 
IBUFFX32_RVT         39     455.934    saed32rvt_tt0p85v25c 
IBUFFX4_RVT         204     622.145    saed32rvt_tt0p85v25c 
IBUFFX8_RVT         137     591.901    saed32rvt_tt0p85v25c 
INVX0_RVT          5563    7069.015    saed32rvt_tt0p85v25c 
INVX16_RVT           85     432.045    saed32rvt_tt0p85v25c 
INVX1_RVT          8550   10864.656    saed32rvt_tt0p85v25c 
INVX2_RVT          1921    2929.264    saed32rvt_tt0p85v25c 
INVX32_RVT           30     274.476    saed32rvt_tt0p85v25c 
INVX4_RVT           716    1455.737    saed32rvt_tt0p85v25c 
INVX8_RVT           225     686.189    saed32rvt_tt0p85v25c 
MUX21X1_RVT         589    1945.981    saed32rvt_tt0p85v25c 
MUX21X2_RVT          62     220.597    saed32rvt_tt0p85v25c 
NAND2X0_RVT       11154   17008.333    saed32rvt_tt0p85v25c 
NAND2X1_RVT         175     444.752    saed32rvt_tt0p85v25c 
NAND2X2_RVT          77     215.260    saed32rvt_tt0p85v25c 
NAND2X4_RVT         104     343.603    saed32rvt_tt0p85v25c 
NAND3X0_RVT        3557    6327.931    saed32rvt_tt0p85v25c 
NAND3X1_RVT         139     388.586    saed32rvt_tt0p85v25c 
NAND3X2_RVT         187     570.299    saed32rvt_tt0p85v25c 
NAND3X4_RVT           3      10.674    saed32rvt_tt0p85v25c 
NAND4X0_RVT        1297    2636.998    saed32rvt_tt0p85v25c 
NAND4X1_RVT         358    1091.803    saed32rvt_tt0p85v25c 
NBUFFX16_RVT         46     280.575    saed32rvt_tt0p85v25c 
NBUFFX2_RVT        2640    5367.521    saed32rvt_tt0p85v25c 
NBUFFX32_RVT          4      42.696    saed32rvt_tt0p85v25c 
NBUFFX4_RVT        1445    3672.381    saed32rvt_tt0p85v25c 
NBUFFX8_RVT         294    1120.775    saed32rvt_tt0p85v25c 
NOR2X0_RVT          201     510.829    saed32rvt_tt0p85v25c 
NOR2X2_RVT           21      58.707    saed32rvt_tt0p85v25c 
NOR3X0_RVT           20      55.912    saed32rvt_tt0p85v25c 
NOR3X1_RVT           12      33.547    saed32rvt_tt0p85v25c 
NOR3X4_RVT            1       3.558    saed32rvt_tt0p85v25c 
NOR4X1_RVT           38     115.890    saed32rvt_tt0p85v25c 
OA21X1_RVT         8517   21645.444    saed32rvt_tt0p85v25c 
OA21X2_RVT           29      81.072    saed32rvt_tt0p85v25c 
OA221X1_RVT         588    1793.240    saed32rvt_tt0p85v25c 
OA221X2_RVT          15      49.558    saed32rvt_tt0p85v25c 
OA222X1_RVT         167     551.747    saed32rvt_tt0p85v25c 
OA22X1_RVT         3862    9815.041    saed32rvt_tt0p85v25c 
OA22X2_RVT            6      16.774    saed32rvt_tt0p85v25c 
OAI21X1_RVT         102     311.072    saed32rvt_tt0p85v25c 
OAI21X2_RVT          20      66.077    saed32rvt_tt0p85v25c 
OAI221X1_RVT        116     412.730    saed32rvt_tt0p85v25c 
OAI221X2_RVT         40     152.486    saed32rvt_tt0p85v25c 
OAI222X1_RVT          3      11.436    saed32rvt_tt0p85v25c 
OAI222X2_RVT          2       8.133    saed32rvt_tt0p85v25c 
OAI22X1_RVT         144     439.161    saed32rvt_tt0p85v25c 
OAI22X2_RVT          43     142.066    saed32rvt_tt0p85v25c 
OR2X1_RVT          3517    7150.596    saed32rvt_tt0p85v25c 
OR2X2_RVT           747    1708.610    saed32rvt_tt0p85v25c 
OR2X4_RVT            15      41.934    saed32rvt_tt0p85v25c 
OR3X1_RVT           258     655.692    saed32rvt_tt0p85v25c 
OR3X2_RVT            18      45.746    saed32rvt_tt0p85v25c 
OR3X4_RVT             1       4.066    saed32rvt_tt0p85v25c 
OR4X1_RVT            21      74.718    saed32rvt_tt0p85v25c 
OR4X2_RVT             2       7.624    saed32rvt_tt0p85v25c 
OR4X4_RVT             2       8.641    saed32rvt_tt0p85v25c 
SDFFARX1_RVT        223    2040.268    saed32rvt_tt0p85v25c 
SDFFARX2_RVT         93     898.145    saed32rvt_tt0p85v25c 
XNOR2X1_RVT         543    2346.003    saed32rvt_tt0p85v25c 
XNOR2X2_RVT         260    1189.394    saed32rvt_tt0p85v25c 
XNOR3X1_RVT         481    2933.838    saed32rvt_tt0p85v25c 
XNOR3X2_RVT          50     317.680    saed32rvt_tt0p85v25c 
XOR2X1_RVT           33     142.575    saed32rvt_tt0p85v25c 
XOR2X2_RVT           61     279.050    saed32rvt_tt0p85v25c 
XOR3X1_RVT          686    4881.598    saed32rvt_tt0p85v25c 
XOR3X2_RVT         2128   15683.735    saed32rvt_tt0p85v25c 
------------------------------------------------------------
total            101915  259719.919                         


                                           
     Type      Instances    Area    Area % 
-------------------------------------------
sequential           604   4990.372    1.9 
inverter           18149  27489.232   10.6 
buffer              5323  15070.739    5.8 
logic              77839 212169.577   81.7 
physical_cells         0      0.000    0.0 
-------------------------------------------
total             101915 259719.919  100.0 

