============================================================
  Generated by:           Genus(TM) Synthesis Solution 21.12-s068_1
  Generated on:           May 19 2026  03:51:26 pm
  Module:                 softmax_unit_DATA_WIDTH32_VEC_LEN4
  Operating conditions:   _nominal_ (balanced_tree)
  Wireload mode:          enclosed
  Area mode:              timing library
============================================================

Timing
--------

Clock Period 
-------------
clk   1000.0 


  Cost    Critical                Violating 
 Group   Path Slack      TNS        Paths   
--------------------------------------------
clk        -18783.5   -3868330.7        319 
default    No paths          0.0            
--------------------------------------------
Total                 -3868330.7        319 

Instance Count
--------------
Leaf Instance Count             101915 
Physical Instance count              0 
Sequential Instance Count          604 
Combinational Instance Count    101311 
Hierarchical Instance Count          0 

Area
----
Cell Area                          259719.919
Physical Cell Area                 0.000
Total Cell Area (Cell+Physical)    259719.919
Net Area                           0.000
Total Area (Cell+Physical+Net)     259719.919

Max Fanout                         604 (clk)
Min Fanout                         0 (s1_max[2])
Average Fanout                     2.3
Terms to net ratio                 3.3318
Terms to instance ratio            3.5191
Runtime                            18287.928147000017 seconds
Elapsed Runtime                    17727 seconds
Genus peak memory usage            3024.99 
Innovus peak memory usage          no_value 
Hostname                           phobos.ece.pdx.edu
