============================================================
  Generated by:           Genus(TM) Synthesis Solution 21.12-s068_1
  Generated on:           May 18 2026  04:19:53 pm
  Module:                 tile_buffer_DATA_WIDTH32_TILE_DIM2_NUM_RD_PORTS2
  Operating conditions:   _nominal_ (balanced_tree)
  Wireload mode:          enclosed
  Area mode:              timing library
============================================================

                                  
    Gate      Instances    Area           Library         
----------------------------------------------------------
INVX1_RVT             2     2.541    saed32rvt_tt0p85v25c 
INVX32_RVT            4    36.597    saed32rvt_tt0p85v25c 
MUX41X1_RVT         128   715.670    saed32rvt_tt0p85v25c 
NAND3X0_RVT           1     1.779    saed32rvt_tt0p85v25c 
NBUFFX4_RVT           4    10.166    saed32rvt_tt0p85v25c 
NBUFFX8_RVT           4    15.249    saed32rvt_tt0p85v25c 
NOR4X1_RVT            2     6.099    saed32rvt_tt0p85v25c 
OR3X2_RVT             1     2.541    saed32rvt_tt0p85v25c 
OR3X4_RVT             4    16.265    saed32rvt_tt0p85v25c 
SDFFARX1_RVT        128  1171.096    saed32rvt_tt0p85v25c 
----------------------------------------------------------
total               278  1978.003                         


                                         
     Type      Instances   Area   Area % 
-----------------------------------------
sequential           128 1171.096   59.2 
inverter               6   39.138    2.0 
buffer                 8   25.414    1.3 
logic                136  742.355   37.5 
physical_cells         0    0.000    0.0 
-----------------------------------------
total                278 1978.003  100.0 

