============================================================
  Generated by:           Genus(TM) Synthesis Solution 21.12-s068_1
  Generated on:           May 18 2026  04:19:53 pm
  Module:                 tile_buffer_DATA_WIDTH32_TILE_DIM2_NUM_RD_PORTS2
  Operating conditions:   _nominal_ (balanced_tree)
  Wireload mode:          enclosed
  Area mode:              timing library
============================================================

Timing
--------

Clock Period 
-------------
clk   1000.0 


  Cost    Critical         Violating 
 Group   Path Slack  TNS     Paths   
-------------------------------------
clk           122.4   0.0          0 
default    No paths   0.0            
-------------------------------------
Total                 0.0          0 

Instance Count
--------------
Leaf Instance Count             278 
Physical Instance count           0 
Sequential Instance Count       128 
Combinational Instance Count    150 
Hierarchical Instance Count       0 

Area
----
Cell Area                          1978.003
Physical Cell Area                 0.000
Total Cell Area (Cell+Physical)    1978.003
Net Area                           0.000
Total Area (Cell+Physical+Net)     1978.003

Max Fanout                         128 (clk)
Min Fanout                         0 (rst_n)
Average Fanout                     4.3
Terms to net ratio                 5.5676
Terms to instance ratio            6.6691
Runtime                            21.338829000000004 seconds
Elapsed Runtime                    22 seconds
Genus peak memory usage            1102.88 
Innovus peak memory usage          no_value 
Hostname                           phobos.ece.pdx.edu
