============================================================
  Generated by:           Genus(TM) Synthesis Solution 21.12-s068_1
  Generated on:           May 18 2026  04:19:53 pm
  Module:                 tile_buffer_DATA_WIDTH32_TILE_DIM2_NUM_RD_PORTS2
  Operating conditions:   _nominal_ (balanced_tree)
  Wireload mode:          enclosed
  Area mode:              timing library
============================================================


Path 1: MET (122 ps) Setup Check with Pin mem_reg[1][1][31]/CLK->SE
          Group: clk
     Startpoint: (F) wr_idx[2]
          Clock: (R) clk
       Endpoint: (F) mem_reg[1][1][31]/SE
          Clock: (R) clk

                     Capture       Launch     
        Clock Edge:+    1000            0     
        Drv Adjust:+       0            2     
       Src Latency:+       0            0     
       Net Latency:+       0 (I)        0 (I) 
           Arrival:=    1000            2     
                                              
             Setup:-     135                  
       Uncertainty:-      50                  
     Required Time:=     815                  
      Launch Clock:-       2                  
       Input Delay:-     300                  
         Data Path:-     390                  
             Slack:=     122                  

Exceptions/Constraints:
  input_delay             300             in_del_10_1 

#------------------------------------------------------------------------------------------------
#    Timing Point      Flags   Arc   Edge     Cell      Fanout Load Trans Delay Arrival Instance 
#                                                              (fF)  (ps)  (ps)   (ps)  Location 
#------------------------------------------------------------------------------------------------
  wr_idx[2]            -       -     F     (arrival)         1  0.6     7     0     302    (-,-) 
  g19660__2883/Y       -       A1->Y R     NOR4X1_RVT        1  0.5    21   111     414    (-,-) 
  g3/Y                 -       A3->Y F     NAND3X0_RVT       1  0.6    42    42     456    (-,-) 
  g2/Y                 -       A1->Y F     OR3X2_RVT         4  2.8    37   100     556    (-,-) 
  g19528__6260/Y       -       A3->Y F     OR3X4_RVT        32 28.8    65   137     693    (-,-) 
  mem_reg[1][1][31]/SE -       -     F     SDFFARX1_RVT     32    -     -     0     693    (-,-) 
#------------------------------------------------------------------------------------------------



Path 2: MET (122 ps) Setup Check with Pin mem_reg[1][1][30]/CLK->SE
          Group: clk
     Startpoint: (F) wr_idx[2]
          Clock: (R) clk
       Endpoint: (F) mem_reg[1][1][30]/SE
          Clock: (R) clk

                     Capture       Launch     
        Clock Edge:+    1000            0     
        Drv Adjust:+       0            2     
       Src Latency:+       0            0     
       Net Latency:+       0 (I)        0 (I) 
           Arrival:=    1000            2     
                                              
             Setup:-     135                  
       Uncertainty:-      50                  
     Required Time:=     815                  
      Launch Clock:-       2                  
       Input Delay:-     300                  
         Data Path:-     390                  
             Slack:=     122                  

Exceptions/Constraints:
  input_delay             300             in_del_10_1 

#------------------------------------------------------------------------------------------------
#    Timing Point      Flags   Arc   Edge     Cell      Fanout Load Trans Delay Arrival Instance 
#                                                              (fF)  (ps)  (ps)   (ps)  Location 
#------------------------------------------------------------------------------------------------
  wr_idx[2]            -       -     F     (arrival)         1  0.6     7     0     302    (-,-) 
  g19660__2883/Y       -       A1->Y R     NOR4X1_RVT        1  0.5    21   111     414    (-,-) 
  g3/Y                 -       A3->Y F     NAND3X0_RVT       1  0.6    42    42     456    (-,-) 
  g2/Y                 -       A1->Y F     OR3X2_RVT         4  2.8    37   100     556    (-,-) 
  g19528__6260/Y       -       A3->Y F     OR3X4_RVT        32 28.8    65   137     693    (-,-) 
  mem_reg[1][1][30]/SE -       -     F     SDFFARX1_RVT     32    -     -     0     693    (-,-) 
#------------------------------------------------------------------------------------------------



Path 3: MET (122 ps) Setup Check with Pin mem_reg[1][1][29]/CLK->SE
          Group: clk
     Startpoint: (F) wr_idx[2]
          Clock: (R) clk
       Endpoint: (F) mem_reg[1][1][29]/SE
          Clock: (R) clk

                     Capture       Launch     
        Clock Edge:+    1000            0     
        Drv Adjust:+       0            2     
       Src Latency:+       0            0     
       Net Latency:+       0 (I)        0 (I) 
           Arrival:=    1000            2     
                                              
             Setup:-     135                  
       Uncertainty:-      50                  
     Required Time:=     815                  
      Launch Clock:-       2                  
       Input Delay:-     300                  
         Data Path:-     390                  
             Slack:=     122                  

Exceptions/Constraints:
  input_delay             300             in_del_10_1 

#------------------------------------------------------------------------------------------------
#    Timing Point      Flags   Arc   Edge     Cell      Fanout Load Trans Delay Arrival Instance 
#                                                              (fF)  (ps)  (ps)   (ps)  Location 
#------------------------------------------------------------------------------------------------
  wr_idx[2]            -       -     F     (arrival)         1  0.6     7     0     302    (-,-) 
  g19660__2883/Y       -       A1->Y R     NOR4X1_RVT        1  0.5    21   111     414    (-,-) 
  g3/Y                 -       A3->Y F     NAND3X0_RVT       1  0.6    42    42     456    (-,-) 
  g2/Y                 -       A1->Y F     OR3X2_RVT         4  2.8    37   100     556    (-,-) 
  g19528__6260/Y       -       A3->Y F     OR3X4_RVT        32 28.8    65   137     693    (-,-) 
  mem_reg[1][1][29]/SE -       -     F     SDFFARX1_RVT     32    -     -     0     693    (-,-) 
#------------------------------------------------------------------------------------------------



Path 4: MET (122 ps) Setup Check with Pin mem_reg[1][1][28]/CLK->SE
          Group: clk
     Startpoint: (F) wr_idx[2]
          Clock: (R) clk
       Endpoint: (F) mem_reg[1][1][28]/SE
          Clock: (R) clk

                     Capture       Launch     
        Clock Edge:+    1000            0     
        Drv Adjust:+       0            2     
       Src Latency:+       0            0     
       Net Latency:+       0 (I)        0 (I) 
           Arrival:=    1000            2     
                                              
             Setup:-     135                  
       Uncertainty:-      50                  
     Required Time:=     815                  
      Launch Clock:-       2                  
       Input Delay:-     300                  
         Data Path:-     390                  
             Slack:=     122                  

Exceptions/Constraints:
  input_delay             300             in_del_10_1 

#------------------------------------------------------------------------------------------------
#    Timing Point      Flags   Arc   Edge     Cell      Fanout Load Trans Delay Arrival Instance 
#                                                              (fF)  (ps)  (ps)   (ps)  Location 
#------------------------------------------------------------------------------------------------
  wr_idx[2]            -       -     F     (arrival)         1  0.6     7     0     302    (-,-) 
  g19660__2883/Y       -       A1->Y R     NOR4X1_RVT        1  0.5    21   111     414    (-,-) 
  g3/Y                 -       A3->Y F     NAND3X0_RVT       1  0.6    42    42     456    (-,-) 
  g2/Y                 -       A1->Y F     OR3X2_RVT         4  2.8    37   100     556    (-,-) 
  g19528__6260/Y       -       A3->Y F     OR3X4_RVT        32 28.8    65   137     693    (-,-) 
  mem_reg[1][1][28]/SE -       -     F     SDFFARX1_RVT     32    -     -     0     693    (-,-) 
#------------------------------------------------------------------------------------------------



Path 5: MET (122 ps) Setup Check with Pin mem_reg[1][1][27]/CLK->SE
          Group: clk
     Startpoint: (F) wr_idx[2]
          Clock: (R) clk
       Endpoint: (F) mem_reg[1][1][27]/SE
          Clock: (R) clk

                     Capture       Launch     
        Clock Edge:+    1000            0     
        Drv Adjust:+       0            2     
       Src Latency:+       0            0     
       Net Latency:+       0 (I)        0 (I) 
           Arrival:=    1000            2     
                                              
             Setup:-     135                  
       Uncertainty:-      50                  
     Required Time:=     815                  
      Launch Clock:-       2                  
       Input Delay:-     300                  
         Data Path:-     390                  
             Slack:=     122                  

Exceptions/Constraints:
  input_delay             300             in_del_10_1 

#------------------------------------------------------------------------------------------------
#    Timing Point      Flags   Arc   Edge     Cell      Fanout Load Trans Delay Arrival Instance 
#                                                              (fF)  (ps)  (ps)   (ps)  Location 
#------------------------------------------------------------------------------------------------
  wr_idx[2]            -       -     F     (arrival)         1  0.6     7     0     302    (-,-) 
  g19660__2883/Y       -       A1->Y R     NOR4X1_RVT        1  0.5    21   111     414    (-,-) 
  g3/Y                 -       A3->Y F     NAND3X0_RVT       1  0.6    42    42     456    (-,-) 
  g2/Y                 -       A1->Y F     OR3X2_RVT         4  2.8    37   100     556    (-,-) 
  g19528__6260/Y       -       A3->Y F     OR3X4_RVT        32 28.8    65   137     693    (-,-) 
  mem_reg[1][1][27]/SE -       -     F     SDFFARX1_RVT     32    -     -     0     693    (-,-) 
#------------------------------------------------------------------------------------------------



Path 6: MET (122 ps) Setup Check with Pin mem_reg[1][1][26]/CLK->SE
          Group: clk
     Startpoint: (F) wr_idx[2]
          Clock: (R) clk
       Endpoint: (F) mem_reg[1][1][26]/SE
          Clock: (R) clk

                     Capture       Launch     
        Clock Edge:+    1000            0     
        Drv Adjust:+       0            2     
       Src Latency:+       0            0     
       Net Latency:+       0 (I)        0 (I) 
           Arrival:=    1000            2     
                                              
             Setup:-     135                  
       Uncertainty:-      50                  
     Required Time:=     815                  
      Launch Clock:-       2                  
       Input Delay:-     300                  
         Data Path:-     390                  
             Slack:=     122                  

Exceptions/Constraints:
  input_delay             300             in_del_10_1 

#------------------------------------------------------------------------------------------------
#    Timing Point      Flags   Arc   Edge     Cell      Fanout Load Trans Delay Arrival Instance 
#                                                              (fF)  (ps)  (ps)   (ps)  Location 
#------------------------------------------------------------------------------------------------
  wr_idx[2]            -       -     F     (arrival)         1  0.6     7     0     302    (-,-) 
  g19660__2883/Y       -       A1->Y R     NOR4X1_RVT        1  0.5    21   111     414    (-,-) 
  g3/Y                 -       A3->Y F     NAND3X0_RVT       1  0.6    42    42     456    (-,-) 
  g2/Y                 -       A1->Y F     OR3X2_RVT         4  2.8    37   100     556    (-,-) 
  g19528__6260/Y       -       A3->Y F     OR3X4_RVT        32 28.8    65   137     693    (-,-) 
  mem_reg[1][1][26]/SE -       -     F     SDFFARX1_RVT     32    -     -     0     693    (-,-) 
#------------------------------------------------------------------------------------------------



Path 7: MET (122 ps) Setup Check with Pin mem_reg[1][1][25]/CLK->SE
          Group: clk
     Startpoint: (F) wr_idx[2]
          Clock: (R) clk
       Endpoint: (F) mem_reg[1][1][25]/SE
          Clock: (R) clk

                     Capture       Launch     
        Clock Edge:+    1000            0     
        Drv Adjust:+       0            2     
       Src Latency:+       0            0     
       Net Latency:+       0 (I)        0 (I) 
           Arrival:=    1000            2     
                                              
             Setup:-     135                  
       Uncertainty:-      50                  
     Required Time:=     815                  
      Launch Clock:-       2                  
       Input Delay:-     300                  
         Data Path:-     390                  
             Slack:=     122                  

Exceptions/Constraints:
  input_delay             300             in_del_10_1 

#------------------------------------------------------------------------------------------------
#    Timing Point      Flags   Arc   Edge     Cell      Fanout Load Trans Delay Arrival Instance 
#                                                              (fF)  (ps)  (ps)   (ps)  Location 
#------------------------------------------------------------------------------------------------
  wr_idx[2]            -       -     F     (arrival)         1  0.6     7     0     302    (-,-) 
  g19660__2883/Y       -       A1->Y R     NOR4X1_RVT        1  0.5    21   111     414    (-,-) 
  g3/Y                 -       A3->Y F     NAND3X0_RVT       1  0.6    42    42     456    (-,-) 
  g2/Y                 -       A1->Y F     OR3X2_RVT         4  2.8    37   100     556    (-,-) 
  g19528__6260/Y       -       A3->Y F     OR3X4_RVT        32 28.8    65   137     693    (-,-) 
  mem_reg[1][1][25]/SE -       -     F     SDFFARX1_RVT     32    -     -     0     693    (-,-) 
#------------------------------------------------------------------------------------------------



Path 8: MET (122 ps) Setup Check with Pin mem_reg[1][1][24]/CLK->SE
          Group: clk
     Startpoint: (F) wr_idx[2]
          Clock: (R) clk
       Endpoint: (F) mem_reg[1][1][24]/SE
          Clock: (R) clk

                     Capture       Launch     
        Clock Edge:+    1000            0     
        Drv Adjust:+       0            2     
       Src Latency:+       0            0     
       Net Latency:+       0 (I)        0 (I) 
           Arrival:=    1000            2     
                                              
             Setup:-     135                  
       Uncertainty:-      50                  
     Required Time:=     815                  
      Launch Clock:-       2                  
       Input Delay:-     300                  
         Data Path:-     390                  
             Slack:=     122                  

Exceptions/Constraints:
  input_delay             300             in_del_10_1 

#------------------------------------------------------------------------------------------------
#    Timing Point      Flags   Arc   Edge     Cell      Fanout Load Trans Delay Arrival Instance 
#                                                              (fF)  (ps)  (ps)   (ps)  Location 
#------------------------------------------------------------------------------------------------
  wr_idx[2]            -       -     F     (arrival)         1  0.6     7     0     302    (-,-) 
  g19660__2883/Y       -       A1->Y R     NOR4X1_RVT        1  0.5    21   111     414    (-,-) 
  g3/Y                 -       A3->Y F     NAND3X0_RVT       1  0.6    42    42     456    (-,-) 
  g2/Y                 -       A1->Y F     OR3X2_RVT         4  2.8    37   100     556    (-,-) 
  g19528__6260/Y       -       A3->Y F     OR3X4_RVT        32 28.8    65   137     693    (-,-) 
  mem_reg[1][1][24]/SE -       -     F     SDFFARX1_RVT     32    -     -     0     693    (-,-) 
#------------------------------------------------------------------------------------------------



Path 9: MET (122 ps) Setup Check with Pin mem_reg[1][1][23]/CLK->SE
          Group: clk
     Startpoint: (F) wr_idx[2]
          Clock: (R) clk
       Endpoint: (F) mem_reg[1][1][23]/SE
          Clock: (R) clk

                     Capture       Launch     
        Clock Edge:+    1000            0     
        Drv Adjust:+       0            2     
       Src Latency:+       0            0     
       Net Latency:+       0 (I)        0 (I) 
           Arrival:=    1000            2     
                                              
             Setup:-     135                  
       Uncertainty:-      50                  
     Required Time:=     815                  
      Launch Clock:-       2                  
       Input Delay:-     300                  
         Data Path:-     390                  
             Slack:=     122                  

Exceptions/Constraints:
  input_delay             300             in_del_10_1 

#------------------------------------------------------------------------------------------------
#    Timing Point      Flags   Arc   Edge     Cell      Fanout Load Trans Delay Arrival Instance 
#                                                              (fF)  (ps)  (ps)   (ps)  Location 
#------------------------------------------------------------------------------------------------
  wr_idx[2]            -       -     F     (arrival)         1  0.6     7     0     302    (-,-) 
  g19660__2883/Y       -       A1->Y R     NOR4X1_RVT        1  0.5    21   111     414    (-,-) 
  g3/Y                 -       A3->Y F     NAND3X0_RVT       1  0.6    42    42     456    (-,-) 
  g2/Y                 -       A1->Y F     OR3X2_RVT         4  2.8    37   100     556    (-,-) 
  g19528__6260/Y       -       A3->Y F     OR3X4_RVT        32 28.8    65   137     693    (-,-) 
  mem_reg[1][1][23]/SE -       -     F     SDFFARX1_RVT     32    -     -     0     693    (-,-) 
#------------------------------------------------------------------------------------------------



Path 10: MET (122 ps) Setup Check with Pin mem_reg[1][1][22]/CLK->SE
          Group: clk
     Startpoint: (F) wr_idx[2]
          Clock: (R) clk
       Endpoint: (F) mem_reg[1][1][22]/SE
          Clock: (R) clk

                     Capture       Launch     
        Clock Edge:+    1000            0     
        Drv Adjust:+       0            2     
       Src Latency:+       0            0     
       Net Latency:+       0 (I)        0 (I) 
           Arrival:=    1000            2     
                                              
             Setup:-     135                  
       Uncertainty:-      50                  
     Required Time:=     815                  
      Launch Clock:-       2                  
       Input Delay:-     300                  
         Data Path:-     390                  
             Slack:=     122                  

Exceptions/Constraints:
  input_delay             300             in_del_10_1 

#------------------------------------------------------------------------------------------------
#    Timing Point      Flags   Arc   Edge     Cell      Fanout Load Trans Delay Arrival Instance 
#                                                              (fF)  (ps)  (ps)   (ps)  Location 
#------------------------------------------------------------------------------------------------
  wr_idx[2]            -       -     F     (arrival)         1  0.6     7     0     302    (-,-) 
  g19660__2883/Y       -       A1->Y R     NOR4X1_RVT        1  0.5    21   111     414    (-,-) 
  g3/Y                 -       A3->Y F     NAND3X0_RVT       1  0.6    42    42     456    (-,-) 
  g2/Y                 -       A1->Y F     OR3X2_RVT         4  2.8    37   100     556    (-,-) 
  g19528__6260/Y       -       A3->Y F     OR3X4_RVT        32 28.8    65   137     693    (-,-) 
  mem_reg[1][1][22]/SE -       -     F     SDFFARX1_RVT     32    -     -     0     693    (-,-) 
#------------------------------------------------------------------------------------------------

