============================================================
  Generated by:           Genus(TM) Synthesis Solution 21.12-s068_1
  Generated on:           May 18 2026  04:55:39 pm
  Module:                 tile_buffer_DATA_WIDTH32_TILE_DIM16_NUM_RD_PORTS1
  Operating conditions:   _nominal_ (balanced_tree)
  Wireload mode:          enclosed
  Area mode:              timing library
============================================================

                                    
    Gate      Instances     Area            Library         
------------------------------------------------------------
AND2X1_RVT            6      12.199    saed32rvt_tt0p85v25c 
AND2X2_RVT           11      25.160    saed32rvt_tt0p85v25c 
AND2X4_RVT           51     142.575    saed32rvt_tt0p85v25c 
AND4X1_RVT          384     975.913    saed32rvt_tt0p85v25c 
AO221X1_RVT        6109   18630.788    saed32rvt_tt0p85v25c 
AO22X1_RVT         6109   15525.657    saed32rvt_tt0p85v25c 
AOI22X1_RVT           1       3.050    saed32rvt_tt0p85v25c 
DEC24X2_RVT           1       7.116    saed32rvt_tt0p85v25c 
IBUFFX16_RVT         19     125.547    saed32rvt_tt0p85v25c 
IBUFFX32_RVT          2      23.381    saed32rvt_tt0p85v25c 
IBUFFX8_RVT          17      73.448    saed32rvt_tt0p85v25c 
INVX0_RVT            51      64.807    saed32rvt_tt0p85v25c 
INVX1_RVT            47      59.724    saed32rvt_tt0p85v25c 
INVX2_RVT            13      19.823    saed32rvt_tt0p85v25c 
INVX4_RVT           427     868.156    saed32rvt_tt0p85v25c 
INVX8_RVT            18      54.895    saed32rvt_tt0p85v25c 
NAND2X0_RVT         149     227.205    saed32rvt_tt0p85v25c 
NAND2X2_RVT           1       2.796    saed32rvt_tt0p85v25c 
NAND2X4_RVT           1       3.304    saed32rvt_tt0p85v25c 
NAND3X0_RVT           3       5.337    saed32rvt_tt0p85v25c 
NAND4X0_RVT         130     264.310    saed32rvt_tt0p85v25c 
NBUFFX2_RVT           4       8.133    saed32rvt_tt0p85v25c 
NBUFFX32_RVT         32     341.570    saed32rvt_tt0p85v25c 
NBUFFX4_RVT           4      10.166    saed32rvt_tt0p85v25c 
NBUFFX8_RVT           2       7.624    saed32rvt_tt0p85v25c 
NOR2X0_RVT            6      15.249    saed32rvt_tt0p85v25c 
NOR2X2_RVT          162     452.885    saed32rvt_tt0p85v25c 
NOR2X4_RVT           61     201.536    saed32rvt_tt0p85v25c 
NOR4X1_RVT         1536    4684.382    saed32rvt_tt0p85v25c 
OR2X1_RVT           438     890.521    saed32rvt_tt0p85v25c 
OR2X2_RVT           177     404.851    saed32rvt_tt0p85v25c 
OR2X4_RVT           287     802.333    saed32rvt_tt0p85v25c 
OR3X1_RVT             6      15.249    saed32rvt_tt0p85v25c 
SDFFARX1_RVT       8192   74950.115    saed32rvt_tt0p85v25c 
------------------------------------------------------------
total             24457  119899.802                         


                                           
     Type      Instances    Area    Area % 
-------------------------------------------
sequential          8192  74950.115   62.5 
inverter             594   1289.781    1.1 
buffer                42    367.492    0.3 
logic              15629  43292.414   36.1 
physical_cells         0      0.000    0.0 
-------------------------------------------
total              24457 119899.802  100.0 

