============================================================
  Generated by:           Genus(TM) Synthesis Solution 21.12-s068_1
  Generated on:           May 18 2026  04:55:39 pm
  Module:                 tile_buffer_DATA_WIDTH32_TILE_DIM16_NUM_RD_PORTS1
  Operating conditions:   _nominal_ (balanced_tree)
  Wireload mode:          enclosed
  Area mode:              timing library
============================================================

Timing
--------

Clock Period 
-------------
clk   1000.0 


  Cost    Critical              Violating 
 Group   Path Slack     TNS       Paths   
------------------------------------------
clk          -297.6   -28556.8         96 
default    No paths        0.0            
------------------------------------------
Total                 -28556.8         96 

Instance Count
--------------
Leaf Instance Count             24457 
Physical Instance count             0 
Sequential Instance Count        8192 
Combinational Instance Count    16265 
Hierarchical Instance Count         0 

Area
----
Cell Area                          119899.802
Physical Cell Area                 0.000
Total Cell Area (Cell+Physical)    119899.802
Net Area                           0.000
Total Area (Cell+Physical+Net)     119899.802

Max Fanout                         8192 (clk)
Min Fanout                         0 (rst_n)
Average Fanout                     4.1
Terms to net ratio                 5.7144
Terms to instance ratio            5.7310
Runtime                            829.7828809999978 seconds
Elapsed Runtime                    820 seconds
Genus peak memory usage            5128.22 
Innovus peak memory usage          no_value 
Hostname                           phobos.ece.pdx.edu
