============================================================
  Generated by:           Genus(TM) Synthesis Solution 21.12-s068_1
  Generated on:           May 18 2026  04:55:35 pm
  Module:                 tile_buffer_DATA_WIDTH32_TILE_DIM16_NUM_RD_PORTS1
  Operating conditions:   _nominal_ (balanced_tree)
  Wireload mode:          enclosed
  Area mode:              timing library
============================================================


Path 1: VIOLATED (-298 ps) Late External Delay Assertion at pin rd_lin_data[0]
          Group: clk
     Startpoint: (R) rd_lin_idx[1]
          Clock: (R) clk
       Endpoint: (R) rd_lin_data[0]
          Clock: (R) clk

                     Capture       Launch     
        Clock Edge:+    1000            0     
        Drv Adjust:+       0           11     
       Src Latency:+       0            0     
       Net Latency:+       0 (I)        0 (I) 
           Arrival:=    1000           11     
                                              
      Output Delay:-     300                  
       Uncertainty:-      50                  
     Required Time:=     650                  
      Launch Clock:-      11                  
       Input Delay:-     300                  
         Data Path:-     636                  
             Slack:=    -298                  

Exceptions/Constraints:
  input_delay              300             in_del_71_1  
  output_delay             300             ou_del_150_1 

#------------------------------------------------------------------------------------------
#  Timing Point   Flags   Arc   Edge    Cell      Fanout Load Trans Delay Arrival Instance 
#                                                        (fF)  (ps)  (ps)   (ps)  Location 
#------------------------------------------------------------------------------------------
  rd_lin_idx[1]   -       -     R     (arrival)        4  2.7    28     0     311    (-,-) 
  g757650/Y       -       A->Y  F     INVX1_RVT        1  0.7    19    17     329    (-,-) 
  g757588/Y       -       A2->Y F     OR2X2_RVT        4  2.5    27    54     383    (-,-) 
  g757484/Y       -       A1->Y F     OR2X4_RVT       16  9.9    45    90     473    (-,-) 
  g765919/Y       -       A1->Y F     OR2X2_RVT        1  5.4    37    84     557    (-,-) 
  g756125/Y       -       A->Y  R     INVX8_RVT       32 16.0    30    32     589    (-,-) 
  g751077/Y       -       A1->Y R     AO22X1_RVT       1  0.6    29    68     657    (-,-) 
  g745068/Y       -       A5->Y R     AO221X1_RVT      1  0.5    34    64     721    (-,-) 
  g734049/Y       -       A1->Y F     NOR4X1_RVT       1  0.4    21    96     817    (-,-) 
  g733347__4319/Y -       A4->Y F     AND4X1_RVT       1  0.6    39    86     903    (-,-) 
  g733173__1617/Y -       A4->Y R     NAND4X0_RVT      1  0.1    39    45     948    (-,-) 
  rd_lin_data[0]  -       -     R     (port)           -    -     -     0     948    (-,-) 
#------------------------------------------------------------------------------------------



Path 2: VIOLATED (-298 ps) Late External Delay Assertion at pin rd_lin_data[1]
          Group: clk
     Startpoint: (R) rd_lin_idx[1]
          Clock: (R) clk
       Endpoint: (R) rd_lin_data[1]
          Clock: (R) clk

                     Capture       Launch     
        Clock Edge:+    1000            0     
        Drv Adjust:+       0           11     
       Src Latency:+       0            0     
       Net Latency:+       0 (I)        0 (I) 
           Arrival:=    1000           11     
                                              
      Output Delay:-     300                  
       Uncertainty:-      50                  
     Required Time:=     650                  
      Launch Clock:-      11                  
       Input Delay:-     300                  
         Data Path:-     636                  
             Slack:=    -298                  

Exceptions/Constraints:
  input_delay              300             in_del_71_1  
  output_delay             300             ou_del_149_1 

#------------------------------------------------------------------------------------------
#  Timing Point   Flags   Arc   Edge    Cell      Fanout Load Trans Delay Arrival Instance 
#                                                        (fF)  (ps)  (ps)   (ps)  Location 
#------------------------------------------------------------------------------------------
  rd_lin_idx[1]   -       -     R     (arrival)        4  2.7    28     0     311    (-,-) 
  g757650/Y       -       A->Y  F     INVX1_RVT        1  0.7    19    17     329    (-,-) 
  g757588/Y       -       A2->Y F     OR2X2_RVT        4  2.5    27    54     383    (-,-) 
  g757484/Y       -       A1->Y F     OR2X4_RVT       16  9.9    45    90     473    (-,-) 
  g765919/Y       -       A1->Y F     OR2X2_RVT        1  5.4    37    84     557    (-,-) 
  g756125/Y       -       A->Y  R     INVX8_RVT       32 16.0    30    32     589    (-,-) 
  g755298/Y       -       A1->Y R     AO22X1_RVT       1  0.6    29    68     657    (-,-) 
  g744964/Y       -       A5->Y R     AO221X1_RVT      1  0.5    34    64     721    (-,-) 
  g734021/Y       -       A1->Y F     NOR4X1_RVT       1  0.4    21    96     817    (-,-) 
  g733341__9315/Y -       A4->Y F     AND4X1_RVT       1  0.6    39    86     903    (-,-) 
  g733169__3680/Y -       A4->Y R     NAND4X0_RVT      1  0.1    39    45     948    (-,-) 
  rd_lin_data[1]  -       -     R     (port)           -    -     -     0     948    (-,-) 
#------------------------------------------------------------------------------------------



Path 3: VIOLATED (-298 ps) Late External Delay Assertion at pin rd_lin_data[2]
          Group: clk
     Startpoint: (R) rd_lin_idx[1]
          Clock: (R) clk
       Endpoint: (R) rd_lin_data[2]
          Clock: (R) clk

                     Capture       Launch     
        Clock Edge:+    1000            0     
        Drv Adjust:+       0           11     
       Src Latency:+       0            0     
       Net Latency:+       0 (I)        0 (I) 
           Arrival:=    1000           11     
                                              
      Output Delay:-     300                  
       Uncertainty:-      50                  
     Required Time:=     650                  
      Launch Clock:-      11                  
       Input Delay:-     300                  
         Data Path:-     636                  
             Slack:=    -298                  

Exceptions/Constraints:
  input_delay              300             in_del_71_1  
  output_delay             300             ou_del_148_1 

#------------------------------------------------------------------------------------------
#  Timing Point   Flags   Arc   Edge    Cell      Fanout Load Trans Delay Arrival Instance 
#                                                        (fF)  (ps)  (ps)   (ps)  Location 
#------------------------------------------------------------------------------------------
  rd_lin_idx[1]   -       -     R     (arrival)        4  2.7    28     0     311    (-,-) 
  g757650/Y       -       A->Y  F     INVX1_RVT        1  0.7    19    17     329    (-,-) 
  g757588/Y       -       A2->Y F     OR2X2_RVT        4  2.5    27    54     383    (-,-) 
  g757484/Y       -       A1->Y F     OR2X4_RVT       16  9.9    45    90     473    (-,-) 
  g765919/Y       -       A1->Y F     OR2X2_RVT        1  5.4    37    84     557    (-,-) 
  g756125/Y       -       A->Y  R     INVX8_RVT       32 16.0    30    32     589    (-,-) 
  g749802/Y       -       A1->Y R     AO22X1_RVT       1  0.6    29    68     657    (-,-) 
  g744858/Y       -       A5->Y R     AO221X1_RVT      1  0.5    34    64     721    (-,-) 
  g733995/Y       -       A1->Y F     NOR4X1_RVT       1  0.4    21    96     817    (-,-) 
  g733335__7098/Y -       A4->Y F     AND4X1_RVT       1  0.6    39    86     903    (-,-) 
  g733168__6783/Y -       A4->Y R     NAND4X0_RVT      1  0.1    39    45     948    (-,-) 
  rd_lin_data[2]  -       -     R     (port)           -    -     -     0     948    (-,-) 
#------------------------------------------------------------------------------------------



Path 4: VIOLATED (-298 ps) Late External Delay Assertion at pin rd_lin_data[3]
          Group: clk
     Startpoint: (R) rd_lin_idx[1]
          Clock: (R) clk
       Endpoint: (R) rd_lin_data[3]
          Clock: (R) clk

                     Capture       Launch     
        Clock Edge:+    1000            0     
        Drv Adjust:+       0           11     
       Src Latency:+       0            0     
       Net Latency:+       0 (I)        0 (I) 
           Arrival:=    1000           11     
                                              
      Output Delay:-     300                  
       Uncertainty:-      50                  
     Required Time:=     650                  
      Launch Clock:-      11                  
       Input Delay:-     300                  
         Data Path:-     636                  
             Slack:=    -298                  

Exceptions/Constraints:
  input_delay              300             in_del_71_1  
  output_delay             300             ou_del_147_1 

#------------------------------------------------------------------------------------------
#  Timing Point   Flags   Arc   Edge    Cell      Fanout Load Trans Delay Arrival Instance 
#                                                        (fF)  (ps)  (ps)   (ps)  Location 
#------------------------------------------------------------------------------------------
  rd_lin_idx[1]   -       -     R     (arrival)        4  2.7    28     0     311    (-,-) 
  g757650/Y       -       A->Y  F     INVX1_RVT        1  0.7    19    17     329    (-,-) 
  g757588/Y       -       A2->Y F     OR2X2_RVT        4  2.5    27    54     383    (-,-) 
  g757484/Y       -       A1->Y F     OR2X4_RVT       16  9.9    45    90     473    (-,-) 
  g765919/Y       -       A1->Y F     OR2X2_RVT        1  5.4    37    84     557    (-,-) 
  g756125/Y       -       A->Y  R     INVX8_RVT       32 16.0    30    32     589    (-,-) 
  g750825/Y       -       A1->Y R     AO22X1_RVT       1  0.6    29    68     657    (-,-) 
  g744748/Y       -       A5->Y R     AO221X1_RVT      1  0.5    34    64     721    (-,-) 
  g733969/Y       -       A1->Y F     NOR4X1_RVT       1  0.4    21    96     817    (-,-) 
  g733327__3680/Y -       A4->Y F     AND4X1_RVT       1  0.6    39    86     903    (-,-) 
  g733166__5526/Y -       A4->Y R     NAND4X0_RVT      1  0.1    39    45     948    (-,-) 
  rd_lin_data[3]  -       -     R     (port)           -    -     -     0     948    (-,-) 
#------------------------------------------------------------------------------------------



Path 5: VIOLATED (-298 ps) Late External Delay Assertion at pin rd_lin_data[4]
          Group: clk
     Startpoint: (R) rd_lin_idx[1]
          Clock: (R) clk
       Endpoint: (R) rd_lin_data[4]
          Clock: (R) clk

                     Capture       Launch     
        Clock Edge:+    1000            0     
        Drv Adjust:+       0           11     
       Src Latency:+       0            0     
       Net Latency:+       0 (I)        0 (I) 
           Arrival:=    1000           11     
                                              
      Output Delay:-     300                  
       Uncertainty:-      50                  
     Required Time:=     650                  
      Launch Clock:-      11                  
       Input Delay:-     300                  
         Data Path:-     636                  
             Slack:=    -298                  

Exceptions/Constraints:
  input_delay              300             in_del_71_1  
  output_delay             300             ou_del_146_1 

#------------------------------------------------------------------------------------------
#  Timing Point   Flags   Arc   Edge    Cell      Fanout Load Trans Delay Arrival Instance 
#                                                        (fF)  (ps)  (ps)   (ps)  Location 
#------------------------------------------------------------------------------------------
  rd_lin_idx[1]   -       -     R     (arrival)        4  2.7    28     0     311    (-,-) 
  g757650/Y       -       A->Y  F     INVX1_RVT        1  0.7    19    17     329    (-,-) 
  g757588/Y       -       A2->Y F     OR2X2_RVT        4  2.5    27    54     383    (-,-) 
  g757484/Y       -       A1->Y F     OR2X4_RVT       16  9.9    45    90     473    (-,-) 
  g765919/Y       -       A1->Y F     OR2X2_RVT        1  5.4    37    84     557    (-,-) 
  g756125/Y       -       A->Y  R     INVX8_RVT       32 16.0    30    32     589    (-,-) 
  g750739/Y       -       A1->Y R     AO22X1_RVT       1  0.6    29    68     657    (-,-) 
  g744644/Y       -       A5->Y R     AO221X1_RVT      1  0.5    34    64     721    (-,-) 
  g733941/Y       -       A1->Y F     NOR4X1_RVT       1  0.4    21    96     817    (-,-) 
  g733320__5122/Y -       A4->Y F     AND4X1_RVT       1  0.6    39    86     903    (-,-) 
  g733165__8428/Y -       A4->Y R     NAND4X0_RVT      1  0.1    39    45     948    (-,-) 
  rd_lin_data[4]  -       -     R     (port)           -    -     -     0     948    (-,-) 
#------------------------------------------------------------------------------------------



Path 6: VIOLATED (-298 ps) Late External Delay Assertion at pin rd_lin_data[5]
          Group: clk
     Startpoint: (R) rd_lin_idx[1]
          Clock: (R) clk
       Endpoint: (R) rd_lin_data[5]
          Clock: (R) clk

                     Capture       Launch     
        Clock Edge:+    1000            0     
        Drv Adjust:+       0           11     
       Src Latency:+       0            0     
       Net Latency:+       0 (I)        0 (I) 
           Arrival:=    1000           11     
                                              
      Output Delay:-     300                  
       Uncertainty:-      50                  
     Required Time:=     650                  
      Launch Clock:-      11                  
       Input Delay:-     300                  
         Data Path:-     636                  
             Slack:=    -298                  

Exceptions/Constraints:
  input_delay              300             in_del_71_1  
  output_delay             300             ou_del_145_1 

#------------------------------------------------------------------------------------------
#  Timing Point   Flags   Arc   Edge    Cell      Fanout Load Trans Delay Arrival Instance 
#                                                        (fF)  (ps)  (ps)   (ps)  Location 
#------------------------------------------------------------------------------------------
  rd_lin_idx[1]   -       -     R     (arrival)        4  2.7    28     0     311    (-,-) 
  g757650/Y       -       A->Y  F     INVX1_RVT        1  0.7    19    17     329    (-,-) 
  g757588/Y       -       A2->Y F     OR2X2_RVT        4  2.5    27    54     383    (-,-) 
  g757484/Y       -       A1->Y F     OR2X4_RVT       16  9.9    45    90     473    (-,-) 
  g765919/Y       -       A1->Y F     OR2X2_RVT        1  5.4    37    84     557    (-,-) 
  g756125/Y       -       A->Y  R     INVX8_RVT       32 16.0    30    32     589    (-,-) 
  g749639/Y       -       A1->Y R     AO22X1_RVT       1  0.6    29    68     657    (-,-) 
  g744538/Y       -       A5->Y R     AO221X1_RVT      1  0.5    34    64     721    (-,-) 
  g733914/Y       -       A1->Y F     NOR4X1_RVT       1  0.4    21    96     817    (-,-) 
  g733315__2398/Y -       A4->Y F     AND4X1_RVT       1  0.6    39    86     903    (-,-) 
  g733163__2802/Y -       A4->Y R     NAND4X0_RVT      1  0.1    39    45     948    (-,-) 
  rd_lin_data[5]  -       -     R     (port)           -    -     -     0     948    (-,-) 
#------------------------------------------------------------------------------------------



Path 7: VIOLATED (-298 ps) Late External Delay Assertion at pin rd_lin_data[6]
          Group: clk
     Startpoint: (R) rd_lin_idx[1]
          Clock: (R) clk
       Endpoint: (R) rd_lin_data[6]
          Clock: (R) clk

                     Capture       Launch     
        Clock Edge:+    1000            0     
        Drv Adjust:+       0           11     
       Src Latency:+       0            0     
       Net Latency:+       0 (I)        0 (I) 
           Arrival:=    1000           11     
                                              
      Output Delay:-     300                  
       Uncertainty:-      50                  
     Required Time:=     650                  
      Launch Clock:-      11                  
       Input Delay:-     300                  
         Data Path:-     636                  
             Slack:=    -298                  

Exceptions/Constraints:
  input_delay              300             in_del_71_1  
  output_delay             300             ou_del_144_1 

#------------------------------------------------------------------------------------------
#  Timing Point   Flags   Arc   Edge    Cell      Fanout Load Trans Delay Arrival Instance 
#                                                        (fF)  (ps)  (ps)   (ps)  Location 
#------------------------------------------------------------------------------------------
  rd_lin_idx[1]   -       -     R     (arrival)        4  2.7    28     0     311    (-,-) 
  g757650/Y       -       A->Y  F     INVX1_RVT        1  0.7    19    17     329    (-,-) 
  g757588/Y       -       A2->Y F     OR2X2_RVT        4  2.5    27    54     383    (-,-) 
  g757484/Y       -       A1->Y F     OR2X4_RVT       16  9.9    45    90     473    (-,-) 
  g765919/Y       -       A1->Y F     OR2X2_RVT        1  5.4    37    84     557    (-,-) 
  g756125/Y       -       A->Y  R     INVX8_RVT       32 16.0    30    32     589    (-,-) 
  g750556/Y       -       A1->Y R     AO22X1_RVT       1  0.6    29    68     657    (-,-) 
  g744427/Y       -       A5->Y R     AO221X1_RVT      1  0.5    34    64     721    (-,-) 
  g733889/Y       -       A1->Y F     NOR4X1_RVT       1  0.4    21    96     817    (-,-) 
  g733307__5107/Y -       A4->Y F     AND4X1_RVT       1  0.6    39    86     903    (-,-) 
  g733162__4319/Y -       A4->Y R     NAND4X0_RVT      1  0.1    39    45     948    (-,-) 
  rd_lin_data[6]  -       -     R     (port)           -    -     -     0     948    (-,-) 
#------------------------------------------------------------------------------------------



Path 8: VIOLATED (-298 ps) Late External Delay Assertion at pin rd_lin_data[7]
          Group: clk
     Startpoint: (R) rd_lin_idx[1]
          Clock: (R) clk
       Endpoint: (R) rd_lin_data[7]
          Clock: (R) clk

                     Capture       Launch     
        Clock Edge:+    1000            0     
        Drv Adjust:+       0           11     
       Src Latency:+       0            0     
       Net Latency:+       0 (I)        0 (I) 
           Arrival:=    1000           11     
                                              
      Output Delay:-     300                  
       Uncertainty:-      50                  
     Required Time:=     650                  
      Launch Clock:-      11                  
       Input Delay:-     300                  
         Data Path:-     636                  
             Slack:=    -298                  

Exceptions/Constraints:
  input_delay              300             in_del_71_1  
  output_delay             300             ou_del_143_1 

#------------------------------------------------------------------------------------------
#  Timing Point   Flags   Arc   Edge    Cell      Fanout Load Trans Delay Arrival Instance 
#                                                        (fF)  (ps)  (ps)   (ps)  Location 
#------------------------------------------------------------------------------------------
  rd_lin_idx[1]   -       -     R     (arrival)        4  2.7    28     0     311    (-,-) 
  g757650/Y       -       A->Y  F     INVX1_RVT        1  0.7    19    17     329    (-,-) 
  g757588/Y       -       A2->Y F     OR2X2_RVT        4  2.5    27    54     383    (-,-) 
  g757484/Y       -       A1->Y F     OR2X4_RVT       16  9.9    45    90     473    (-,-) 
  g765919/Y       -       A1->Y F     OR2X2_RVT        1  5.4    37    84     557    (-,-) 
  g756125/Y       -       A->Y  R     INVX8_RVT       32 16.0    30    32     589    (-,-) 
  g751419/Y       -       A1->Y R     AO22X1_RVT       1  0.6    29    68     657    (-,-) 
  g744324/Y       -       A5->Y R     AO221X1_RVT      1  0.5    34    64     721    (-,-) 
  g733861/Y       -       A1->Y F     NOR4X1_RVT       1  0.4    21    96     817    (-,-) 
  g733301__5107/Y -       A4->Y F     AND4X1_RVT       1  0.6    39    86     903    (-,-) 
  g733161__6260/Y -       A4->Y R     NAND4X0_RVT      1  0.1    39    45     948    (-,-) 
  rd_lin_data[7]  -       -     R     (port)           -    -     -     0     948    (-,-) 
#------------------------------------------------------------------------------------------



Path 9: VIOLATED (-298 ps) Late External Delay Assertion at pin rd_lin_data[8]
          Group: clk
     Startpoint: (R) rd_lin_idx[1]
          Clock: (R) clk
       Endpoint: (R) rd_lin_data[8]
          Clock: (R) clk

                     Capture       Launch     
        Clock Edge:+    1000            0     
        Drv Adjust:+       0           11     
       Src Latency:+       0            0     
       Net Latency:+       0 (I)        0 (I) 
           Arrival:=    1000           11     
                                              
      Output Delay:-     300                  
       Uncertainty:-      50                  
     Required Time:=     650                  
      Launch Clock:-      11                  
       Input Delay:-     300                  
         Data Path:-     636                  
             Slack:=    -298                  

Exceptions/Constraints:
  input_delay              300             in_del_71_1  
  output_delay             300             ou_del_142_1 

#------------------------------------------------------------------------------------------
#  Timing Point   Flags   Arc   Edge    Cell      Fanout Load Trans Delay Arrival Instance 
#                                                        (fF)  (ps)  (ps)   (ps)  Location 
#------------------------------------------------------------------------------------------
  rd_lin_idx[1]   -       -     R     (arrival)        4  2.7    28     0     311    (-,-) 
  g757650/Y       -       A->Y  F     INVX1_RVT        1  0.7    19    17     329    (-,-) 
  g757588/Y       -       A2->Y F     OR2X2_RVT        4  2.5    27    54     383    (-,-) 
  g757484/Y       -       A1->Y F     OR2X4_RVT       16  9.9    45    90     473    (-,-) 
  g765919/Y       -       A1->Y F     OR2X2_RVT        1  5.4    37    84     557    (-,-) 
  g756125/Y       -       A->Y  R     INVX8_RVT       32 16.0    30    32     589    (-,-) 
  g750390/Y       -       A1->Y R     AO22X1_RVT       1  0.6    29    68     657    (-,-) 
  g744217/Y       -       A5->Y R     AO221X1_RVT      1  0.5    34    64     721    (-,-) 
  g733835/Y       -       A1->Y F     NOR4X1_RVT       1  0.4    21    96     817    (-,-) 
  g733295__8246/Y -       A4->Y F     AND4X1_RVT       1  0.6    39    86     903    (-,-) 
  g733160__5107/Y -       A4->Y R     NAND4X0_RVT      1  0.1    39    45     948    (-,-) 
  rd_lin_data[8]  -       -     R     (port)           -    -     -     0     948    (-,-) 
#------------------------------------------------------------------------------------------



Path 10: VIOLATED (-298 ps) Late External Delay Assertion at pin rd_lin_data[9]
          Group: clk
     Startpoint: (R) rd_lin_idx[1]
          Clock: (R) clk
       Endpoint: (R) rd_lin_data[9]
          Clock: (R) clk

                     Capture       Launch     
        Clock Edge:+    1000            0     
        Drv Adjust:+       0           11     
       Src Latency:+       0            0     
       Net Latency:+       0 (I)        0 (I) 
           Arrival:=    1000           11     
                                              
      Output Delay:-     300                  
       Uncertainty:-      50                  
     Required Time:=     650                  
      Launch Clock:-      11                  
       Input Delay:-     300                  
         Data Path:-     636                  
             Slack:=    -298                  

Exceptions/Constraints:
  input_delay              300             in_del_71_1  
  output_delay             300             ou_del_141_1 

#------------------------------------------------------------------------------------------
#  Timing Point   Flags   Arc   Edge    Cell      Fanout Load Trans Delay Arrival Instance 
#                                                        (fF)  (ps)  (ps)   (ps)  Location 
#------------------------------------------------------------------------------------------
  rd_lin_idx[1]   -       -     R     (arrival)        4  2.7    28     0     311    (-,-) 
  g757650/Y       -       A->Y  F     INVX1_RVT        1  0.7    19    17     329    (-,-) 
  g757588/Y       -       A2->Y F     OR2X2_RVT        4  2.5    27    54     383    (-,-) 
  g757484/Y       -       A1->Y F     OR2X4_RVT       16  9.9    45    90     473    (-,-) 
  g765919/Y       -       A1->Y F     OR2X2_RVT        1  5.4    37    84     557    (-,-) 
  g756125/Y       -       A->Y  R     INVX8_RVT       32 16.0    30    32     589    (-,-) 
  g750309/Y       -       A1->Y R     AO22X1_RVT       1  0.6    29    68     657    (-,-) 
  g744109/Y       -       A5->Y R     AO221X1_RVT      1  0.5    34    64     721    (-,-) 
  g733810/Y       -       A1->Y F     NOR4X1_RVT       1  0.4    21    96     817    (-,-) 
  g733288__7482/Y -       A4->Y F     AND4X1_RVT       1  0.6    39    86     903    (-,-) 
  g733156__2398/Y -       A4->Y R     NAND4X0_RVT      1  0.1    39    45     948    (-,-) 
  rd_lin_data[9]  -       -     R     (port)           -    -     -     0     948    (-,-) 
#------------------------------------------------------------------------------------------

