============================================================
  Generated by:           Genus(TM) Synthesis Solution 21.12-s068_1
  Generated on:           May 18 2026  04:19:08 pm
  Module:                 tile_buffer_DATA_WIDTH32_TILE_DIM1_NUM_RD_PORTS1
  Operating conditions:   _nominal_ (balanced_tree)
  Wireload mode:          enclosed
  Area mode:              timing library
============================================================

                                 
    Gate      Instances   Area           Library         
---------------------------------------------------------
INVX1_RVT             1    1.271    saed32rvt_tt0p85v25c 
NAND2X0_RVT           1    1.525    saed32rvt_tt0p85v25c 
NOR4X1_RVT            2    6.099    saed32rvt_tt0p85v25c 
OR3X1_RVT             1    2.541    saed32rvt_tt0p85v25c 
OR4X4_RVT             1    4.320    saed32rvt_tt0p85v25c 
SDFFARX1_RVT         32  292.774    saed32rvt_tt0p85v25c 
---------------------------------------------------------
total                38  308.531                         


                                        
     Type      Instances   Area  Area % 
----------------------------------------
sequential            32 292.774   94.9 
inverter               1   1.271    0.4 
logic                  5  14.486    4.7 
physical_cells         0   0.000    0.0 
----------------------------------------
total                 38 308.531  100.0 

