============================================================
  Generated by:           Genus(TM) Synthesis Solution 21.12-s068_1
  Generated on:           May 18 2026  04:19:08 pm
  Module:                 tile_buffer_DATA_WIDTH32_TILE_DIM1_NUM_RD_PORTS1
  Operating conditions:   _nominal_ (balanced_tree)
  Wireload mode:          enclosed
  Area mode:              timing library
============================================================

Timing
--------

Clock Period 
-------------
clk   1000.0 


  Cost    Critical         Violating 
 Group   Path Slack  TNS     Paths   
-------------------------------------
clk           229.9   0.0          0 
default    No paths   0.0            
-------------------------------------
Total                 0.0          0 

Instance Count
--------------
Leaf Instance Count             38 
Physical Instance count          0 
Sequential Instance Count       32 
Combinational Instance Count     6 
Hierarchical Instance Count      0 

Area
----
Cell Area                          308.531
Physical Cell Area                 0.000
Total Cell Area (Cell+Physical)    308.531
Net Area                           0.000
Total Area (Cell+Physical+Net)     308.531

Max Fanout                         32 (n_5)
Min Fanout                         0 (rst_n)
Average Fanout                     2.8
Terms to net ratio                 2.9176
Terms to instance ratio            6.5263
Runtime                            13.084825 seconds
Elapsed Runtime                    13 seconds
Genus peak memory usage            1084.70 
Innovus peak memory usage          no_value 
Hostname                           phobos.ece.pdx.edu
