============================================================
  Generated by:           Genus(TM) Synthesis Solution 21.12-s068_1
  Generated on:           May 18 2026  04:19:08 pm
  Module:                 tile_buffer_DATA_WIDTH32_TILE_DIM1_NUM_RD_PORTS1
  Operating conditions:   _nominal_ (balanced_tree)
  Wireload mode:          enclosed
  Area mode:              timing library
============================================================


Path 1: MET (230 ps) Setup Check with Pin mem_reg[0][0][21]/CLK->SE
          Group: clk
     Startpoint: (F) wr_idx[7]
          Clock: (R) clk
       Endpoint: (F) mem_reg[0][0][21]/SE
          Clock: (R) clk

                     Capture       Launch     
        Clock Edge:+    1000            0     
        Drv Adjust:+       0            2     
       Src Latency:+       0            0     
       Net Latency:+       0 (I)        0 (I) 
           Arrival:=    1000            2     
                                              
             Setup:-     135                  
       Uncertainty:-      50                  
     Required Time:=     815                  
      Launch Clock:-       2                  
       Input Delay:-     300                  
         Data Path:-     283                  
             Slack:=     230                  

Exceptions/Constraints:
  input_delay             300             in_del_5_1 

#------------------------------------------------------------------------------------------------
#    Timing Point      Flags   Arc   Edge     Cell      Fanout Load Trans Delay Arrival Instance 
#                                                              (fF)  (ps)  (ps)   (ps)  Location 
#------------------------------------------------------------------------------------------------
  wr_idx[7]            -       -     F     (arrival)         1  0.6     7     0     302    (-,-) 
  g232__8428/Y         -       A1->Y R     NOR4X1_RVT        1  0.5    21   111     414    (-,-) 
  g229__5107/Y         -       A2->Y F     NAND2X0_RVT       1  0.7    31    30     444    (-,-) 
  g228__2398/Y         -       A4->Y F     OR4X4_RVT        32 28.8    65   141     585    (-,-) 
  mem_reg[0][0][21]/SE -       -     F     SDFFARX1_RVT     32    -     -     0     585    (-,-) 
#------------------------------------------------------------------------------------------------



Path 2: MET (230 ps) Setup Check with Pin mem_reg[0][0][6]/CLK->SE
          Group: clk
     Startpoint: (F) wr_idx[7]
          Clock: (R) clk
       Endpoint: (F) mem_reg[0][0][6]/SE
          Clock: (R) clk

                     Capture       Launch     
        Clock Edge:+    1000            0     
        Drv Adjust:+       0            2     
       Src Latency:+       0            0     
       Net Latency:+       0 (I)        0 (I) 
           Arrival:=    1000            2     
                                              
             Setup:-     135                  
       Uncertainty:-      50                  
     Required Time:=     815                  
      Launch Clock:-       2                  
       Input Delay:-     300                  
         Data Path:-     283                  
             Slack:=     230                  

Exceptions/Constraints:
  input_delay             300             in_del_5_1 

#-----------------------------------------------------------------------------------------------
#    Timing Point     Flags   Arc   Edge     Cell      Fanout Load Trans Delay Arrival Instance 
#                                                             (fF)  (ps)  (ps)   (ps)  Location 
#-----------------------------------------------------------------------------------------------
  wr_idx[7]           -       -     F     (arrival)         1  0.6     7     0     302    (-,-) 
  g232__8428/Y        -       A1->Y R     NOR4X1_RVT        1  0.5    21   111     414    (-,-) 
  g229__5107/Y        -       A2->Y F     NAND2X0_RVT       1  0.7    31    30     444    (-,-) 
  g228__2398/Y        -       A4->Y F     OR4X4_RVT        32 28.8    65   141     585    (-,-) 
  mem_reg[0][0][6]/SE -       -     F     SDFFARX1_RVT     32    -     -     0     585    (-,-) 
#-----------------------------------------------------------------------------------------------



Path 3: MET (230 ps) Setup Check with Pin mem_reg[0][0][4]/CLK->SE
          Group: clk
     Startpoint: (F) wr_idx[7]
          Clock: (R) clk
       Endpoint: (F) mem_reg[0][0][4]/SE
          Clock: (R) clk

                     Capture       Launch     
        Clock Edge:+    1000            0     
        Drv Adjust:+       0            2     
       Src Latency:+       0            0     
       Net Latency:+       0 (I)        0 (I) 
           Arrival:=    1000            2     
                                              
             Setup:-     135                  
       Uncertainty:-      50                  
     Required Time:=     815                  
      Launch Clock:-       2                  
       Input Delay:-     300                  
         Data Path:-     283                  
             Slack:=     230                  

Exceptions/Constraints:
  input_delay             300             in_del_5_1 

#-----------------------------------------------------------------------------------------------
#    Timing Point     Flags   Arc   Edge     Cell      Fanout Load Trans Delay Arrival Instance 
#                                                             (fF)  (ps)  (ps)   (ps)  Location 
#-----------------------------------------------------------------------------------------------
  wr_idx[7]           -       -     F     (arrival)         1  0.6     7     0     302    (-,-) 
  g232__8428/Y        -       A1->Y R     NOR4X1_RVT        1  0.5    21   111     414    (-,-) 
  g229__5107/Y        -       A2->Y F     NAND2X0_RVT       1  0.7    31    30     444    (-,-) 
  g228__2398/Y        -       A4->Y F     OR4X4_RVT        32 28.8    65   141     585    (-,-) 
  mem_reg[0][0][4]/SE -       -     F     SDFFARX1_RVT     32    -     -     0     585    (-,-) 
#-----------------------------------------------------------------------------------------------



Path 4: MET (230 ps) Setup Check with Pin mem_reg[0][0][31]/CLK->SE
          Group: clk
     Startpoint: (F) wr_idx[7]
          Clock: (R) clk
       Endpoint: (F) mem_reg[0][0][31]/SE
          Clock: (R) clk

                     Capture       Launch     
        Clock Edge:+    1000            0     
        Drv Adjust:+       0            2     
       Src Latency:+       0            0     
       Net Latency:+       0 (I)        0 (I) 
           Arrival:=    1000            2     
                                              
             Setup:-     135                  
       Uncertainty:-      50                  
     Required Time:=     815                  
      Launch Clock:-       2                  
       Input Delay:-     300                  
         Data Path:-     283                  
             Slack:=     230                  

Exceptions/Constraints:
  input_delay             300             in_del_5_1 

#------------------------------------------------------------------------------------------------
#    Timing Point      Flags   Arc   Edge     Cell      Fanout Load Trans Delay Arrival Instance 
#                                                              (fF)  (ps)  (ps)   (ps)  Location 
#------------------------------------------------------------------------------------------------
  wr_idx[7]            -       -     F     (arrival)         1  0.6     7     0     302    (-,-) 
  g232__8428/Y         -       A1->Y R     NOR4X1_RVT        1  0.5    21   111     414    (-,-) 
  g229__5107/Y         -       A2->Y F     NAND2X0_RVT       1  0.7    31    30     444    (-,-) 
  g228__2398/Y         -       A4->Y F     OR4X4_RVT        32 28.8    65   141     585    (-,-) 
  mem_reg[0][0][31]/SE -       -     F     SDFFARX1_RVT     32    -     -     0     585    (-,-) 
#------------------------------------------------------------------------------------------------



Path 5: MET (230 ps) Setup Check with Pin mem_reg[0][0][30]/CLK->SE
          Group: clk
     Startpoint: (F) wr_idx[7]
          Clock: (R) clk
       Endpoint: (F) mem_reg[0][0][30]/SE
          Clock: (R) clk

                     Capture       Launch     
        Clock Edge:+    1000            0     
        Drv Adjust:+       0            2     
       Src Latency:+       0            0     
       Net Latency:+       0 (I)        0 (I) 
           Arrival:=    1000            2     
                                              
             Setup:-     135                  
       Uncertainty:-      50                  
     Required Time:=     815                  
      Launch Clock:-       2                  
       Input Delay:-     300                  
         Data Path:-     283                  
             Slack:=     230                  

Exceptions/Constraints:
  input_delay             300             in_del_5_1 

#------------------------------------------------------------------------------------------------
#    Timing Point      Flags   Arc   Edge     Cell      Fanout Load Trans Delay Arrival Instance 
#                                                              (fF)  (ps)  (ps)   (ps)  Location 
#------------------------------------------------------------------------------------------------
  wr_idx[7]            -       -     F     (arrival)         1  0.6     7     0     302    (-,-) 
  g232__8428/Y         -       A1->Y R     NOR4X1_RVT        1  0.5    21   111     414    (-,-) 
  g229__5107/Y         -       A2->Y F     NAND2X0_RVT       1  0.7    31    30     444    (-,-) 
  g228__2398/Y         -       A4->Y F     OR4X4_RVT        32 28.8    65   141     585    (-,-) 
  mem_reg[0][0][30]/SE -       -     F     SDFFARX1_RVT     32    -     -     0     585    (-,-) 
#------------------------------------------------------------------------------------------------



Path 6: MET (230 ps) Setup Check with Pin mem_reg[0][0][28]/CLK->SE
          Group: clk
     Startpoint: (F) wr_idx[7]
          Clock: (R) clk
       Endpoint: (F) mem_reg[0][0][28]/SE
          Clock: (R) clk

                     Capture       Launch     
        Clock Edge:+    1000            0     
        Drv Adjust:+       0            2     
       Src Latency:+       0            0     
       Net Latency:+       0 (I)        0 (I) 
           Arrival:=    1000            2     
                                              
             Setup:-     135                  
       Uncertainty:-      50                  
     Required Time:=     815                  
      Launch Clock:-       2                  
       Input Delay:-     300                  
         Data Path:-     283                  
             Slack:=     230                  

Exceptions/Constraints:
  input_delay             300             in_del_5_1 

#------------------------------------------------------------------------------------------------
#    Timing Point      Flags   Arc   Edge     Cell      Fanout Load Trans Delay Arrival Instance 
#                                                              (fF)  (ps)  (ps)   (ps)  Location 
#------------------------------------------------------------------------------------------------
  wr_idx[7]            -       -     F     (arrival)         1  0.6     7     0     302    (-,-) 
  g232__8428/Y         -       A1->Y R     NOR4X1_RVT        1  0.5    21   111     414    (-,-) 
  g229__5107/Y         -       A2->Y F     NAND2X0_RVT       1  0.7    31    30     444    (-,-) 
  g228__2398/Y         -       A4->Y F     OR4X4_RVT        32 28.8    65   141     585    (-,-) 
  mem_reg[0][0][28]/SE -       -     F     SDFFARX1_RVT     32    -     -     0     585    (-,-) 
#------------------------------------------------------------------------------------------------



Path 7: MET (230 ps) Setup Check with Pin mem_reg[0][0][3]/CLK->SE
          Group: clk
     Startpoint: (F) wr_idx[7]
          Clock: (R) clk
       Endpoint: (F) mem_reg[0][0][3]/SE
          Clock: (R) clk

                     Capture       Launch     
        Clock Edge:+    1000            0     
        Drv Adjust:+       0            2     
       Src Latency:+       0            0     
       Net Latency:+       0 (I)        0 (I) 
           Arrival:=    1000            2     
                                              
             Setup:-     135                  
       Uncertainty:-      50                  
     Required Time:=     815                  
      Launch Clock:-       2                  
       Input Delay:-     300                  
         Data Path:-     283                  
             Slack:=     230                  

Exceptions/Constraints:
  input_delay             300             in_del_5_1 

#-----------------------------------------------------------------------------------------------
#    Timing Point     Flags   Arc   Edge     Cell      Fanout Load Trans Delay Arrival Instance 
#                                                             (fF)  (ps)  (ps)   (ps)  Location 
#-----------------------------------------------------------------------------------------------
  wr_idx[7]           -       -     F     (arrival)         1  0.6     7     0     302    (-,-) 
  g232__8428/Y        -       A1->Y R     NOR4X1_RVT        1  0.5    21   111     414    (-,-) 
  g229__5107/Y        -       A2->Y F     NAND2X0_RVT       1  0.7    31    30     444    (-,-) 
  g228__2398/Y        -       A4->Y F     OR4X4_RVT        32 28.8    65   141     585    (-,-) 
  mem_reg[0][0][3]/SE -       -     F     SDFFARX1_RVT     32    -     -     0     585    (-,-) 
#-----------------------------------------------------------------------------------------------



Path 8: MET (230 ps) Setup Check with Pin mem_reg[0][0][27]/CLK->SE
          Group: clk
     Startpoint: (F) wr_idx[7]
          Clock: (R) clk
       Endpoint: (F) mem_reg[0][0][27]/SE
          Clock: (R) clk

                     Capture       Launch     
        Clock Edge:+    1000            0     
        Drv Adjust:+       0            2     
       Src Latency:+       0            0     
       Net Latency:+       0 (I)        0 (I) 
           Arrival:=    1000            2     
                                              
             Setup:-     135                  
       Uncertainty:-      50                  
     Required Time:=     815                  
      Launch Clock:-       2                  
       Input Delay:-     300                  
         Data Path:-     283                  
             Slack:=     230                  

Exceptions/Constraints:
  input_delay             300             in_del_5_1 

#------------------------------------------------------------------------------------------------
#    Timing Point      Flags   Arc   Edge     Cell      Fanout Load Trans Delay Arrival Instance 
#                                                              (fF)  (ps)  (ps)   (ps)  Location 
#------------------------------------------------------------------------------------------------
  wr_idx[7]            -       -     F     (arrival)         1  0.6     7     0     302    (-,-) 
  g232__8428/Y         -       A1->Y R     NOR4X1_RVT        1  0.5    21   111     414    (-,-) 
  g229__5107/Y         -       A2->Y F     NAND2X0_RVT       1  0.7    31    30     444    (-,-) 
  g228__2398/Y         -       A4->Y F     OR4X4_RVT        32 28.8    65   141     585    (-,-) 
  mem_reg[0][0][27]/SE -       -     F     SDFFARX1_RVT     32    -     -     0     585    (-,-) 
#------------------------------------------------------------------------------------------------



Path 9: MET (230 ps) Setup Check with Pin mem_reg[0][0][26]/CLK->SE
          Group: clk
     Startpoint: (F) wr_idx[7]
          Clock: (R) clk
       Endpoint: (F) mem_reg[0][0][26]/SE
          Clock: (R) clk

                     Capture       Launch     
        Clock Edge:+    1000            0     
        Drv Adjust:+       0            2     
       Src Latency:+       0            0     
       Net Latency:+       0 (I)        0 (I) 
           Arrival:=    1000            2     
                                              
             Setup:-     135                  
       Uncertainty:-      50                  
     Required Time:=     815                  
      Launch Clock:-       2                  
       Input Delay:-     300                  
         Data Path:-     283                  
             Slack:=     230                  

Exceptions/Constraints:
  input_delay             300             in_del_5_1 

#------------------------------------------------------------------------------------------------
#    Timing Point      Flags   Arc   Edge     Cell      Fanout Load Trans Delay Arrival Instance 
#                                                              (fF)  (ps)  (ps)   (ps)  Location 
#------------------------------------------------------------------------------------------------
  wr_idx[7]            -       -     F     (arrival)         1  0.6     7     0     302    (-,-) 
  g232__8428/Y         -       A1->Y R     NOR4X1_RVT        1  0.5    21   111     414    (-,-) 
  g229__5107/Y         -       A2->Y F     NAND2X0_RVT       1  0.7    31    30     444    (-,-) 
  g228__2398/Y         -       A4->Y F     OR4X4_RVT        32 28.8    65   141     585    (-,-) 
  mem_reg[0][0][26]/SE -       -     F     SDFFARX1_RVT     32    -     -     0     585    (-,-) 
#------------------------------------------------------------------------------------------------



Path 10: MET (230 ps) Setup Check with Pin mem_reg[0][0][25]/CLK->SE
          Group: clk
     Startpoint: (F) wr_idx[7]
          Clock: (R) clk
       Endpoint: (F) mem_reg[0][0][25]/SE
          Clock: (R) clk

                     Capture       Launch     
        Clock Edge:+    1000            0     
        Drv Adjust:+       0            2     
       Src Latency:+       0            0     
       Net Latency:+       0 (I)        0 (I) 
           Arrival:=    1000            2     
                                              
             Setup:-     135                  
       Uncertainty:-      50                  
     Required Time:=     815                  
      Launch Clock:-       2                  
       Input Delay:-     300                  
         Data Path:-     283                  
             Slack:=     230                  

Exceptions/Constraints:
  input_delay             300             in_del_5_1 

#------------------------------------------------------------------------------------------------
#    Timing Point      Flags   Arc   Edge     Cell      Fanout Load Trans Delay Arrival Instance 
#                                                              (fF)  (ps)  (ps)   (ps)  Location 
#------------------------------------------------------------------------------------------------
  wr_idx[7]            -       -     F     (arrival)         1  0.6     7     0     302    (-,-) 
  g232__8428/Y         -       A1->Y R     NOR4X1_RVT        1  0.5    21   111     414    (-,-) 
  g229__5107/Y         -       A2->Y F     NAND2X0_RVT       1  0.7    31    30     444    (-,-) 
  g228__2398/Y         -       A4->Y F     OR4X4_RVT        32 28.8    65   141     585    (-,-) 
  mem_reg[0][0][25]/SE -       -     F     SDFFARX1_RVT     32    -     -     0     585    (-,-) 
#------------------------------------------------------------------------------------------------

