128. Printing statistics.

=== mac_pe ===

   Number of wires:                615
   Number of wire bits:            770
   Number of public wires:           9
   Number of public wire bits:     164
   Number of ports:                  9
   Number of port bits:            164
   Number of memories:               0
   Number of memory bits:            0
   Number of processes:              0
   Number of cells:                702
     sky130_fd_sc_hd__a2111o_2       1
     sky130_fd_sc_hd__a211oi_2       1
     sky130_fd_sc_hd__a21bo_2        5
     sky130_fd_sc_hd__a21boi_2       3
     sky130_fd_sc_hd__a21o_2        14
     sky130_fd_sc_hd__a21oi_2       23
     sky130_fd_sc_hd__a22o_2        16
     sky130_fd_sc_hd__a22oi_2        6
     sky130_fd_sc_hd__a2bb2o_2       6
     sky130_fd_sc_hd__a31o_2        16
     sky130_fd_sc_hd__a31oi_2        1
     sky130_fd_sc_hd__a32o_2        13
     sky130_fd_sc_hd__and2_2        16
     sky130_fd_sc_hd__and2b_2       10
     sky130_fd_sc_hd__and3_2         7
     sky130_fd_sc_hd__and4_2        16
     sky130_fd_sc_hd__and4b_2        5
     sky130_fd_sc_hd__and4bb_2       1
     sky130_fd_sc_hd__conb_1         8
     sky130_fd_sc_hd__dfrtp_2       88
     sky130_fd_sc_hd__inv_2         14
     sky130_fd_sc_hd__mux2_1        65
     sky130_fd_sc_hd__nand2_2       57
     sky130_fd_sc_hd__nand2b_2       7
     sky130_fd_sc_hd__nand3_2        8
     sky130_fd_sc_hd__nand4_2        4
     sky130_fd_sc_hd__nor2_2        68
     sky130_fd_sc_hd__nor3_2         6
     sky130_fd_sc_hd__nor4_2         2
     sky130_fd_sc_hd__o2111ai_2      1
     sky130_fd_sc_hd__o211ai_2       1
     sky130_fd_sc_hd__o21a_2         9
     sky130_fd_sc_hd__o21ai_2       15
     sky130_fd_sc_hd__o21ba_2        6
     sky130_fd_sc_hd__o221a_2        1
     sky130_fd_sc_hd__o2bb2a_2       5
     sky130_fd_sc_hd__o31a_2         5
     sky130_fd_sc_hd__o32a_2         1
     sky130_fd_sc_hd__o41a_2         2
     sky130_fd_sc_hd__or2_2         36
     sky130_fd_sc_hd__or3_2          1
     sky130_fd_sc_hd__or3b_2         1
     sky130_fd_sc_hd__or4_2         18
     sky130_fd_sc_hd__xnor2_2       68
     sky130_fd_sc_hd__xor2_2        45

   Chip area for module '\mac_pe': 8398.054400
     of which used for sequential elements: 2312.217600 (27.53%)

