
43. Printing statistics.

=== fused_postproc_unit ===

   Number of wires:             140117
   Number of wire bits:         141452
   Number of public wires:          69
   Number of public wire bits:    1404
   Number of ports:                  9
   Number of port bits:            104
   Number of memories:               0
   Number of memory bits:            0
   Number of processes:              0
   Number of cells:             141379
     sky130_fd_sc_hd__a2111oi_0     10
     sky130_fd_sc_hd__a211o_2       46
     sky130_fd_sc_hd__a211oi_1     188
     sky130_fd_sc_hd__a21bo_2        3
     sky130_fd_sc_hd__a21boi_0     517
     sky130_fd_sc_hd__a21o_2       471
     sky130_fd_sc_hd__a21oi_1     7254
     sky130_fd_sc_hd__a221o_2        2
     sky130_fd_sc_hd__a221oi_1      13
     sky130_fd_sc_hd__a22o_2       160
     sky130_fd_sc_hd__a22oi_1      456
     sky130_fd_sc_hd__a2bb2oi_1     34
     sky130_fd_sc_hd__a311o_2        2
     sky130_fd_sc_hd__a311oi_1     112
     sky130_fd_sc_hd__a31o_2        23
     sky130_fd_sc_hd__a31oi_1      817
     sky130_fd_sc_hd__a32o_1         8
     sky130_fd_sc_hd__a32oi_1       51
     sky130_fd_sc_hd__a41o_2         2
     sky130_fd_sc_hd__a41oi_1       82
     sky130_fd_sc_hd__and2_2      1198
     sky130_fd_sc_hd__and2b_2        1
     sky130_fd_sc_hd__and3_2       666
     sky130_fd_sc_hd__clkinv_1   17476
     sky130_fd_sc_hd__dfrtp_1     1296
     sky130_fd_sc_hd__dfstp_2        2
     sky130_fd_sc_hd__lpflow_inputiso0p_1   1554
     sky130_fd_sc_hd__maj3_1      2285
     sky130_fd_sc_hd__mux2i_1        4
     sky130_fd_sc_hd__nand2_1    36988
     sky130_fd_sc_hd__nand3_1    12589
     sky130_fd_sc_hd__nand3b_1     411
     sky130_fd_sc_hd__nand4_1     2623
     sky130_fd_sc_hd__nor2_1     25210
     sky130_fd_sc_hd__nor3_1      1389
     sky130_fd_sc_hd__nor3b_1       47
     sky130_fd_sc_hd__nor4_1       394
     sky130_fd_sc_hd__nor4b_1        3
     sky130_fd_sc_hd__o2111a_1      94
     sky130_fd_sc_hd__o2111ai_1     90
     sky130_fd_sc_hd__o211a_1      222
     sky130_fd_sc_hd__o211ai_1    1437
     sky130_fd_sc_hd__o21a_1       987
     sky130_fd_sc_hd__o21ai_0     6977
     sky130_fd_sc_hd__o21ba_2        2
     sky130_fd_sc_hd__o21bai_1     466
     sky130_fd_sc_hd__o221a_2        1
     sky130_fd_sc_hd__o221ai_1      43
     sky130_fd_sc_hd__o22a_2        28
     sky130_fd_sc_hd__o22ai_1     1988
     sky130_fd_sc_hd__o2bb2ai_1    624
     sky130_fd_sc_hd__o311a_2        8
     sky130_fd_sc_hd__o311ai_0      15
     sky130_fd_sc_hd__o31a_2         8
     sky130_fd_sc_hd__o31ai_1      126
     sky130_fd_sc_hd__o32a_2         1
     sky130_fd_sc_hd__o32ai_1       10
     sky130_fd_sc_hd__o41ai_1        8
     sky130_fd_sc_hd__or2_2       1924
     sky130_fd_sc_hd__or2b_2        15
     sky130_fd_sc_hd__or3_2        241
     sky130_fd_sc_hd__or3b_2         2
     sky130_fd_sc_hd__or4_2          3
     sky130_fd_sc_hd__xnor2_1     2696
     sky130_fd_sc_hd__xnor3_4      168
     sky130_fd_sc_hd__xor2_1      8790
     sky130_fd_sc_hd__xor3_4        18

   Chip area for module '\fused_postproc_unit': 731987.033601
     of which used for sequential elements: 32483.654400 (4.44%)

