============================================================
  Generated by:           Genus(TM) Synthesis Solution 21.12-s068_1
  Generated on:           May 18 2026  04:19:28 pm
  Module:                 tile_buffer_DATA_WIDTH32_TILE_DIM2_NUM_RD_PORTS1
  Operating conditions:   _nominal_ (balanced_tree)
  Wireload mode:          enclosed
  Area mode:              timing library
============================================================

                                  
    Gate      Instances    Area           Library         
----------------------------------------------------------
INVX1_RVT             2     2.541    saed32rvt_tt0p85v25c 
INVX32_RVT            3    27.448    saed32rvt_tt0p85v25c 
MUX41X1_RVT          96   536.752    saed32rvt_tt0p85v25c 
NAND3X0_RVT           1     1.779    saed32rvt_tt0p85v25c 
NBUFFX4_RVT           3     7.624    saed32rvt_tt0p85v25c 
NBUFFX8_RVT           3    11.436    saed32rvt_tt0p85v25c 
NOR4X1_RVT            2     6.099    saed32rvt_tt0p85v25c 
OR3X2_RVT             1     2.541    saed32rvt_tt0p85v25c 
OR3X4_RVT             4    16.265    saed32rvt_tt0p85v25c 
SDFFARX1_RVT        128  1171.096    saed32rvt_tt0p85v25c 
----------------------------------------------------------
total               243  1783.583                         


                                         
     Type      Instances   Area   Area % 
-----------------------------------------
sequential           128 1171.096   65.7 
inverter               5   29.989    1.7 
buffer                 6   19.061    1.1 
logic                104  563.437   31.6 
physical_cells         0    0.000    0.0 
-----------------------------------------
total                243 1783.583  100.0 

