============================================================
  Generated by:           Genus(TM) Synthesis Solution 21.12-s068_1
  Generated on:           May 16 2026  04:20:45 pm
  Module:                 systolic_array_64x64_ROWS8_COLS8_DATA_WIDTH32
  Operating conditions:   _nominal_ (balanced_tree)
  Wireload mode:          enclosed
  Area mode:              timing library
============================================================

                                    
    Gate      Instances     Area            Library         
------------------------------------------------------------
AND2X1_RVT         4227    8594.134    saed32rvt_tt0p85v25c 
AND2X4_RVT            1       2.796    saed32rvt_tt0p85v25c 
AND3X1_RVT          344     786.830    saed32rvt_tt0p85v25c 
AND3X2_RVT            3       7.624    saed32rvt_tt0p85v25c 
AND3X4_RVT            1       3.050    saed32rvt_tt0p85v25c 
AND4X1_RVT          284     721.769    saed32rvt_tt0p85v25c 
AO21X1_RVT         2137    5431.057    saed32rvt_tt0p85v25c 
AO21X2_RVT           26      72.685    saed32rvt_tt0p85v25c 
AO221X1_RVT          15      45.746    saed32rvt_tt0p85v25c 
AO222X1_RVT           2       6.608    saed32rvt_tt0p85v25c 
AO22X1_RVT         2366    6013.047    saed32rvt_tt0p85v25c 
AOI21X1_RVT          47     143.337    saed32rvt_tt0p85v25c 
AOI21X2_RVT           1       3.304    saed32rvt_tt0p85v25c 
AOI221X1_RVT          1       3.558    saed32rvt_tt0p85v25c 
AOI222X1_RVT          3      11.436    saed32rvt_tt0p85v25c 
AOI22X1_RVT          52     158.586    saed32rvt_tt0p85v25c 
DEC24X1_RVT           8      48.796    saed32rvt_tt0p85v25c 
DEC24X2_RVT           5      35.580    saed32rvt_tt0p85v25c 
DELLN1X2_RVT          9      45.746    saed32rvt_tt0p85v25c 
DFFARX1_RVT        1536   10930.225    saed32rvt_tt0p85v25c 
FADDX1_RVT         2596   12535.399    saed32rvt_tt0p85v25c 
FADDX2_RVT            4      21.348    saed32rvt_tt0p85v25c 
HADDX1_RVT          881    2910.711    saed32rvt_tt0p85v25c 
HADDX2_RVT            3      11.436    saed32rvt_tt0p85v25c 
IBUFFX2_RVT          18      45.746    saed32rvt_tt0p85v25c 
IBUFFX32_RVT         19     222.122    saed32rvt_tt0p85v25c 
IBUFFX4_RVT           6      18.298    saed32rvt_tt0p85v25c 
IBUFFX8_RVT           1       4.320    saed32rvt_tt0p85v25c 
INVX0_RVT          1254    1593.483    saed32rvt_tt0p85v25c 
INVX16_RVT            3      15.249    saed32rvt_tt0p85v25c 
INVX1_RVT          3184    4045.972    saed32rvt_tt0p85v25c 
INVX2_RVT           208     317.172    saed32rvt_tt0p85v25c 
INVX32_RVT            2      18.298    saed32rvt_tt0p85v25c 
INVX4_RVT             3       6.099    saed32rvt_tt0p85v25c 
INVX8_RVT            11      33.547    saed32rvt_tt0p85v25c 
MUX21X1_RVT         309    1020.896    saed32rvt_tt0p85v25c 
MUX21X2_RVT          13      46.254    saed32rvt_tt0p85v25c 
NAND2X0_RVT        4133    6302.263    saed32rvt_tt0p85v25c 
NAND2X1_RVT          16      40.663    saed32rvt_tt0p85v25c 
NAND2X2_RVT          10      27.956    saed32rvt_tt0p85v25c 
NAND2X4_RVT           9      29.735    saed32rvt_tt0p85v25c 
NAND3X0_RVT         596    1060.289    saed32rvt_tt0p85v25c 
NAND3X1_RVT           3       8.387    saed32rvt_tt0p85v25c 
NAND3X2_RVT           3       9.149    saed32rvt_tt0p85v25c 
NAND4X0_RVT         281     571.316    saed32rvt_tt0p85v25c 
NAND4X1_RVT           2       6.099    saed32rvt_tt0p85v25c 
NBUFFX2_RVT         356     723.802    saed32rvt_tt0p85v25c 
NBUFFX32_RVT          5      53.370    saed32rvt_tt0p85v25c 
NBUFFX4_RVT         155     393.923    saed32rvt_tt0p85v25c 
NBUFFX8_RVT           7      26.685    saed32rvt_tt0p85v25c 
NOR2X0_RVT          440    1118.234    saed32rvt_tt0p85v25c 
NOR3X0_RVT           11      30.751    saed32rvt_tt0p85v25c 
NOR3X1_RVT           45     125.801    saed32rvt_tt0p85v25c 
NOR4X1_RVT           20      60.995    saed32rvt_tt0p85v25c 
OA21X1_RVT         1389    3530.060    saed32rvt_tt0p85v25c 
OA21X2_RVT            4      11.182    saed32rvt_tt0p85v25c 
OA221X1_RVT         322     982.012    saed32rvt_tt0p85v25c 
OA222X1_RVT           1       3.304    saed32rvt_tt0p85v25c 
OA22X1_RVT          230     584.531    saed32rvt_tt0p85v25c 
OAI21X1_RVT          53     161.636    saed32rvt_tt0p85v25c 
OAI21X2_RVT           4      13.215    saed32rvt_tt0p85v25c 
OAI221X1_RVT          1       3.558    saed32rvt_tt0p85v25c 
OAI221X2_RVT          1       3.812    saed32rvt_tt0p85v25c 
OAI22X1_RVT          13      39.646    saed32rvt_tt0p85v25c 
OAI22X2_RVT           8      26.431    saed32rvt_tt0p85v25c 
OR2X1_RVT          1926    3915.851    saed32rvt_tt0p85v25c 
OR2X2_RVT            91     208.144    saed32rvt_tt0p85v25c 
OR3X1_RVT           158     401.548    saed32rvt_tt0p85v25c 
OR3X2_RVT             6      15.249    saed32rvt_tt0p85v25c 
OR4X1_RVT            63     224.155    saed32rvt_tt0p85v25c 
SDFFARX1_RVT       2224   20347.785    saed32rvt_tt0p85v25c 
SDFFARX2_RVT         16     154.520    saed32rvt_tt0p85v25c 
XNOR2X1_RVT          16      69.127    saed32rvt_tt0p85v25c 
XNOR2X2_RVT          55     251.603    saed32rvt_tt0p85v25c 
XNOR3X2_RVT           3      19.061    saed32rvt_tt0p85v25c 
XOR2X1_RVT            2       8.641    saed32rvt_tt0p85v25c 
XOR2X2_RVT           20      91.492    saed32rvt_tt0p85v25c 
XOR3X1_RVT            6      42.696    saed32rvt_tt0p85v25c 
XOR3X2_RVT          708    5218.085    saed32rvt_tt0p85v25c 
------------------------------------------------------------
total             32995  102849.027                         


                                           
     Type      Instances    Area    Area % 
-------------------------------------------
sequential          3776  31432.530   30.6 
inverter            4709   6320.307    6.1 
buffer               532   1243.527    1.2 
logic              23978  63852.663   62.1 
physical_cells         0      0.000    0.0 
-------------------------------------------
total              32995 102849.027  100.0 

