============================================================
  Generated by:           Genus(TM) Synthesis Solution 21.12-s068_1
  Generated on:           May 16 2026  04:20:45 pm
  Module:                 systolic_array_64x64_ROWS8_COLS8_DATA_WIDTH32
  Operating conditions:   _nominal_ (balanced_tree)
  Wireload mode:          enclosed
  Area mode:              timing library
============================================================

Timing
--------

Clock Period 
-------------
clk   1000.0 


  Cost    Critical               Violating 
 Group   Path Slack     TNS        Paths   
-------------------------------------------
clk          -668.9   -730897.5       1423 
default    No paths         0.0            
-------------------------------------------
Total                 -730897.5       1423 

Instance Count
--------------
Leaf Instance Count             32995 
Physical Instance count             0 
Sequential Instance Count        3776 
Combinational Instance Count    29219 
Hierarchical Instance Count         0 

Area
----
Cell Area                          102849.027
Physical Cell Area                 0.000
Total Cell Area (Cell+Physical)    102849.027
Net Area                           0.000
Total Area (Cell+Physical+Net)     102849.027

Max Fanout                         3776 (clk)
Min Fanout                         0 (a_in[0][0])
Average Fanout                     2.2
Terms to net ratio                 3.3717
Terms to instance ratio            3.8021
Runtime                            1401.675182000014 seconds
Elapsed Runtime                    1416 seconds
Genus peak memory usage            1406.19 
Innovus peak memory usage          no_value 
Hostname                           phobos.ece.pdx.edu
