============================================================
  Generated by:           Genus(TM) Synthesis Solution 21.12-s068_1
  Generated on:           May 16 2026  04:20:40 pm
  Module:                 systolic_array_64x64_ROWS8_COLS8_DATA_WIDTH32
  Operating conditions:   _nominal_ (balanced_tree)
  Wireload mode:          enclosed
  Area mode:              timing library
============================================================


Path 1: VIOLATED (-669 ps) Setup Check with Pin gen_row[5].gen_col[0].u_pe_acc_r_reg[23]/CLK->D
          Group: clk
     Startpoint: (R) a_in[5][24]
          Clock: (R) clk
       Endpoint: (F) gen_row[5].gen_col[0].u_pe_acc_r_reg[23]/D
          Clock: (R) clk

                     Capture       Launch     
        Clock Edge:+    1000            0     
        Drv Adjust:+       0            5     
       Src Latency:+       0            0     
       Net Latency:+       0 (I)        0 (I) 
           Arrival:=    1000            5     
                                              
             Setup:-      35                  
       Uncertainty:-      50                  
     Required Time:=     915                  
      Launch Clock:-       5                  
       Input Delay:-     300                  
         Data Path:-    1279                  
             Slack:=    -669                  

Exceptions/Constraints:
  input_delay             300             in_del_73_1 

#-------------------------------------------------------------------------------------------------------------------------------------------------
#                             Timing Point                              Flags    Arc   Edge    Cell      Fanout Load Trans Delay Arrival Instance 
#                                                                                                               (fF)  (ps)  (ps)   (ps)  Location 
#-------------------------------------------------------------------------------------------------------------------------------------------------
  a_in[5][24]                                                           -       -      R     (arrival)        2  1.4    15     0     305    (-,-) 
  g60431/Y                                                              -       A2->Y  R     AND2X1_RVT       1  0.6    21    44     349    (-,-) 
  g59027/Y                                                              -       A4->Y  F     NAND4X0_RVT      1  0.6    54    56     405    (-,-) 
  g67025/Y                                                              -       A2->Y  F     OA21X1_RVT       1  1.4    32    77     481    (-,-) 
  fopt67024/Y                                                           -       A->Y   R     INVX2_RVT        9  4.5    31    34     515    (-,-) 
  g76805/Y                                                              -       A1->Y  R     AO21X1_RVT       5  3.0    47    82     596    (-,-) 
  gen_row[5].gen_col[0].u_pe_csa_tree_add_99_24_groupi_g2400/Y          -       A->Y   R     NBUFFX4_RVT      5  2.9    26    52     649    (-,-) 
  gen_row[5].gen_col[0].u_pe_csa_tree_add_99_24_groupi_g2361/Y          -       A1->Y  R     AND2X1_RVT       1  1.5    29    50     699    (-,-) 
  gen_row[5].gen_col[0].u_pe_csa_tree_add_99_24_groupi_cdnfadd_014_1/CO -       CI->CO R     FADDX1_RVT       1  1.9    47    87     786    (-,-) 
  g69557/S                                                              -       B->S   F     FADDX1_RVT       3  2.3    47   147     933    (-,-) 
  g91037/Y                                                              -       A1->Y  F     XOR3X2_RVT       4  2.5    52   155    1088    (-,-) 
  g1203/Y                                                               -       A2->Y  F     OA22X1_RVT       4  2.3    41    93    1181    (-,-) 
  g1202/Y                                                               -       A->Y   R     INVX1_RVT        1  0.6    25    27    1208    (-,-) 
  g90224/Y                                                              -       A1->Y  F     NAND3X0_RVT      1  0.5    45    34    1242    (-,-) 
  g90223/Y                                                              -       A2->Y  R     NAND2X0_RVT      1  0.6    42    48    1290    (-,-) 
  g90220/Y                                                              -       A2->Y  R     OA21X1_RVT       2  1.0    30    65    1356    (-,-) 
  g89813/Y                                                              -       A1->Y  R     AO21X1_RVT       2  1.0    31    67    1423    (-,-) 
  gen_row[5].gen_col[0].u_pe_csa_tree_add_99_24_groupi_g2150/Y          -       A1->Y  R     AO21X1_RVT       1  0.6    28    64    1487    (-,-) 
  gen_row[5].gen_col[0].u_pe_csa_tree_add_99_24_groupi_g2149/Y          -       A1->Y  F     NAND2X0_RVT      1  0.6    31    28    1516    (-,-) 
  g62315/Y                                                              -       A1->Y  F     AO21X1_RVT       1  0.6    24    68    1584    (-,-) 
  gen_row[5].gen_col[0].u_pe_acc_r_reg[23]/D                            -       -      F     DFFARX1_RVT      1    -     -     0    1584    (-,-) 
#-------------------------------------------------------------------------------------------------------------------------------------------------



Path 2: VIOLATED (-669 ps) Setup Check with Pin gen_row[7].gen_col[7].u_pe_acc_r_reg[23]/CLK->D
          Group: clk
     Startpoint: (R) gen_row[6].gen_col[7].u_pe_b_out_reg[23]/CLK
          Clock: (R) clk
       Endpoint: (F) gen_row[7].gen_col[7].u_pe_acc_r_reg[23]/D
          Clock: (R) clk

                     Capture       Launch     
        Clock Edge:+    1000            0     
       Src Latency:+       0            0     
       Net Latency:+       0 (I)        0 (I) 
           Arrival:=    1000            0     
                                              
             Setup:-      35                  
       Uncertainty:-      50                  
     Required Time:=     915                  
      Launch Clock:-       0                  
         Data Path:-    1584                  
             Slack:=    -669                  

#--------------------------------------------------------------------------------------------------------------------------------------------------
#                            Timing Point                              Flags    Arc    Edge     Cell      Fanout Load Trans Delay Arrival Instance 
#                                                                                                                (fF)  (ps)  (ps)   (ps)  Location 
#--------------------------------------------------------------------------------------------------------------------------------------------------
  gen_row[6].gen_col[7].u_pe_b_out_reg[23]/CLK                         -       -       R     (arrival)      3776    -    50     0       0    (-,-) 
  gen_row[6].gen_col[7].u_pe_b_out_reg[23]/QN                          -       CLK->QN F     SDFFARX1_RVT      1  0.8    37   111     111    (-,-) 
  g50682/Y                                                             -       A->Y    R     INVX1_RVT         3  1.7    30    33     144    (-,-) 
  g59547/Y                                                             -       A4->Y   F     NAND4X0_RVT       1  0.6    55    58     202    (-,-) 
  g70770/Y                                                             -       A->Y    R     INVX0_RVT         1  0.6    32    34     237    (-,-) 
  g70769/Y                                                             -       A1->Y   F     NAND2X0_RVT       1  0.5    30    28     265    (-,-) 
  g76978/Y                                                             -       A1->Y   F     OA21X1_RVT        2  1.9    34    81     346    (-,-) 
  g92380/Y                                                             -       A->Y    R     INVX2_RVT         6  3.0    27    30     376    (-,-) 
  g58067__74178/Y                                                      -       A1->Y   R     AO21X1_RVT        2  1.2    33    68     444    (-,-) 
  gen_row[7].gen_col[7].u_pe_csa_tree_add_99_24_groupi_g74180/Y        -       A->Y    R     NBUFFX2_RVT       7  4.2    33    54     498    (-,-) 
  gen_row[7].gen_col[7].u_pe_csa_tree_add_99_24_groupi_g96236/Y        -       A1->Y   R     AND2X1_RVT        1  1.0    26    49     547    (-,-) 
  gen_row[7].gen_col[7].u_pe_csa_tree_add_99_24_groupi_g1952/SO        -       B0->SO  F     HADDX1_RVT        1  1.5    35    96     644    (-,-) 
  gen_row[7].gen_col[7].u_pe_csa_tree_add_99_24_groupi_cdnfadd_015_2/S -       CI->S   R     FADDX1_RVT        1  1.5    41   140     784    (-,-) 
  g158/CO                                                              -       CI->CO  R     FADDX1_RVT        3  2.7    54    97     881    (-,-) 
  g84779/Y                                                             -       A1->Y   F     XOR3X1_RVT        4  2.3    51   182    1063    (-,-) 
  g92245/Y                                                             -       A1->Y   F     AO22X1_RVT        2  1.1    26    85    1148    (-,-) 
  g92244/Y                                                             -       A1->Y   R     NAND3X0_RVT       1  0.6    34    32    1180    (-,-) 
  g72591/Y                                                             -       A1->Y   F     NAND2X0_RVT       2  1.0    39    36    1216    (-,-) 
  g94533/Y                                                             -       A3->Y   R     AOI21X1_RVT       3  1.9    29    78    1293    (-,-) 
  gen_row[7].gen_col[7].u_pe_csa_tree_add_99_24_groupi_g1848/Y         -       A2->Y   R     OA21X1_RVT        3  1.7    35    67    1360    (-,-) 
  gen_row[7].gen_col[7].u_pe_csa_tree_add_99_24_groupi_g1832/Y         -       A2->Y   R     OA21X1_RVT        1  1.1    31    64    1424    (-,-) 
  gen_row[7].gen_col[7].u_pe_csa_tree_add_99_24_groupi_g1817/Y         -       S0->Y   F     MUX21X1_RVT       1  0.5    36    87    1511    (-,-) 
  g49022/Y                                                             -       A1->Y   F     AO22X1_RVT        1  0.6    24    73    1584    (-,-) 
  gen_row[7].gen_col[7].u_pe_acc_r_reg[23]/D                           -       -       F     DFFARX1_RVT       1    -     -     0    1584    (-,-) 
#--------------------------------------------------------------------------------------------------------------------------------------------------



Path 3: VIOLATED (-669 ps) Setup Check with Pin gen_row[7].gen_col[5].u_pe_acc_r_reg[29]/CLK->D
          Group: clk
     Startpoint: (R) gen_row[7].gen_col[4].u_pe_a_out_reg[25]/CLK
          Clock: (R) clk
       Endpoint: (R) gen_row[7].gen_col[5].u_pe_acc_r_reg[29]/D
          Clock: (R) clk

                     Capture       Launch     
        Clock Edge:+    1000            0     
       Src Latency:+       0            0     
       Net Latency:+       0 (I)        0 (I) 
           Arrival:=    1000            0     
                                              
             Setup:-      50                  
       Uncertainty:-      50                  
     Required Time:=     900                  
      Launch Clock:-       0                  
         Data Path:-    1568                  
             Slack:=    -669                  

#------------------------------------------------------------------------------------------------------------------------------------------------------
#                               Timing Point                                Flags    Arc   Edge     Cell      Fanout Load Trans Delay Arrival Instance 
#                                                                                                                    (fF)  (ps)  (ps)   (ps)  Location 
#------------------------------------------------------------------------------------------------------------------------------------------------------
  gen_row[7].gen_col[4].u_pe_a_out_reg[25]/CLK                              -       -      R     (arrival)      3776    -    50     0       0    (-,-) 
  gen_row[7].gen_col[4].u_pe_a_out_reg[25]/Q                                -       CLK->Q F     SDFFARX1_RVT      4  2.0    36   172     172    (-,-) 
  g59455/Y                                                                  -       A4->Y  F     AND4X1_RVT        1  0.6    39    94     266    (-,-) 
  g77664/Y                                                                  -       A1->Y  F     AND3X1_RVT        2  1.4    33    70     336    (-,-) 
  g58728__77663/Y                                                           -       A2->Y  F     OR2X2_RVT         4  2.4    28    59     395    (-,-) 
  g77662/Y                                                                  -       A1->Y  F     AO21X1_RVT        4  2.1    33    77     471    (-,-) 
  g84252/Y                                                                  -       A2->Y  R     NAND2X0_RVT       2  1.8    63    60     531    (-,-) 
  g90320/Y                                                                  -       A2->Y  R     XOR3X2_RVT        1  1.5    42   159     690    (-,-) 
  gen_row[7].gen_col[5].u_pe_csa_tree_add_99_24_groupi_cdnfadd_015_72196/CO -       CI->CO R     FADDX1_RVT        1  1.5    44    88     777    (-,-) 
  gen_row[7].gen_col[5].u_pe_csa_tree_add_99_24_groupi_cdnfadd_016_5/S      -       CI->S  F     FADDX1_RVT        1  1.5    42   136     913    (-,-) 
  gen_row[7].gen_col[5].u_pe_csa_tree_add_99_24_groupi_cdnfadd_016_72316/S  -       CI->S  R     FADDX1_RVT        4  2.3    46   149    1062    (-,-) 
  g72315/Y                                                                  -       A1->Y  R     AO21X1_RVT        2  1.2    33    74    1136    (-,-) 
  g77156/Y                                                                  -       A1->Y  F     NAND3X0_RVT       1  0.5    42    36    1172    (-,-) 
  g78980/Y                                                                  -       A2->Y  R     NAND2X0_RVT       2  1.0    47    53    1225    (-,-) 
  g76846/Y                                                                  -       A1->Y  R     AO21X1_RVT        2  2.1    40    81    1306    (-,-) 
  g76845/Y                                                                  -       A->Y   F     INVX2_RVT         8  4.1    32    28    1334    (-,-) 
  gen_row[7].gen_col[5].u_pe_csa_tree_add_99_24_groupi_g73796/Y             -       A4->Y  F     OA221X1_RVT       2  1.3    44    85    1419    (-,-) 
  gen_row[7].gen_col[5].u_pe_csa_tree_add_99_24_groupi_g1836/Y              -       A->Y   R     INVX1_RVT         1  0.6    26    28    1447    (-,-) 
  gen_row[7].gen_col[5].u_pe_csa_tree_add_99_24_groupi_g1820/Y              -       A3->Y  R     AO22X1_RVT        1  0.5    28    54    1501    (-,-) 
  g48973/Y                                                                  -       A1->Y  R     AO22X1_RVT        1  0.6    30    68    1568    (-,-) 
  gen_row[7].gen_col[5].u_pe_acc_r_reg[29]/D                                -       -      R     DFFARX1_RVT       1    -     -     0    1568    (-,-) 
#------------------------------------------------------------------------------------------------------------------------------------------------------



Path 4: VIOLATED (-669 ps) Setup Check with Pin gen_row[7].gen_col[5].u_pe_acc_r_reg[28]/CLK->D
          Group: clk
     Startpoint: (R) gen_row[7].gen_col[4].u_pe_a_out_reg[25]/CLK
          Clock: (R) clk
       Endpoint: (R) gen_row[7].gen_col[5].u_pe_acc_r_reg[28]/D
          Clock: (R) clk

                     Capture       Launch     
        Clock Edge:+    1000            0     
       Src Latency:+       0            0     
       Net Latency:+       0 (I)        0 (I) 
           Arrival:=    1000            0     
                                              
             Setup:-      50                  
       Uncertainty:-      50                  
     Required Time:=     900                  
      Launch Clock:-       0                  
         Data Path:-    1568                  
             Slack:=    -669                  

#------------------------------------------------------------------------------------------------------------------------------------------------------
#                               Timing Point                                Flags    Arc   Edge     Cell      Fanout Load Trans Delay Arrival Instance 
#                                                                                                                    (fF)  (ps)  (ps)   (ps)  Location 
#------------------------------------------------------------------------------------------------------------------------------------------------------
  gen_row[7].gen_col[4].u_pe_a_out_reg[25]/CLK                              -       -      R     (arrival)      3776    -    50     0       0    (-,-) 
  gen_row[7].gen_col[4].u_pe_a_out_reg[25]/Q                                -       CLK->Q F     SDFFARX1_RVT      4  2.0    36   172     172    (-,-) 
  g59455/Y                                                                  -       A4->Y  F     AND4X1_RVT        1  0.6    39    94     266    (-,-) 
  g77664/Y                                                                  -       A1->Y  F     AND3X1_RVT        2  1.4    33    70     336    (-,-) 
  g58728__77663/Y                                                           -       A2->Y  F     OR2X2_RVT         4  2.4    28    59     395    (-,-) 
  g77662/Y                                                                  -       A1->Y  F     AO21X1_RVT        4  2.1    33    77     471    (-,-) 
  g84252/Y                                                                  -       A2->Y  R     NAND2X0_RVT       2  1.8    63    60     531    (-,-) 
  g90320/Y                                                                  -       A2->Y  R     XOR3X2_RVT        1  1.5    42   159     690    (-,-) 
  gen_row[7].gen_col[5].u_pe_csa_tree_add_99_24_groupi_cdnfadd_015_72196/CO -       CI->CO R     FADDX1_RVT        1  1.5    44    88     777    (-,-) 
  gen_row[7].gen_col[5].u_pe_csa_tree_add_99_24_groupi_cdnfadd_016_5/S      -       CI->S  F     FADDX1_RVT        1  1.5    42   136     913    (-,-) 
  gen_row[7].gen_col[5].u_pe_csa_tree_add_99_24_groupi_cdnfadd_016_72316/S  -       CI->S  R     FADDX1_RVT        4  2.3    46   149    1062    (-,-) 
  g72315/Y                                                                  -       A1->Y  R     AO21X1_RVT        2  1.2    33    74    1136    (-,-) 
  g77156/Y                                                                  -       A1->Y  F     NAND3X0_RVT       1  0.5    42    36    1172    (-,-) 
  g78980/Y                                                                  -       A2->Y  R     NAND2X0_RVT       2  1.0    47    53    1225    (-,-) 
  g76846/Y                                                                  -       A1->Y  R     AO21X1_RVT        2  2.1    40    81    1306    (-,-) 
  g76845/Y                                                                  -       A->Y   F     INVX2_RVT         8  4.1    32    28    1334    (-,-) 
  gen_row[7].gen_col[5].u_pe_csa_tree_add_99_24_groupi_g73797/Y             -       A4->Y  F     OA221X1_RVT       2  1.3    44    85    1419    (-,-) 
  gen_row[7].gen_col[5].u_pe_csa_tree_add_99_24_groupi_g1837/Y              -       A->Y   R     INVX1_RVT         1  0.6    26    28    1447    (-,-) 
  gen_row[7].gen_col[5].u_pe_csa_tree_add_99_24_groupi_g1821/Y              -       A3->Y  R     AO22X1_RVT        1  0.5    28    54    1501    (-,-) 
  g48971/Y                                                                  -       A1->Y  R     AO22X1_RVT        1  0.6    30    68    1568    (-,-) 
  gen_row[7].gen_col[5].u_pe_acc_r_reg[28]/D                                -       -      R     DFFARX1_RVT       1    -     -     0    1568    (-,-) 
#------------------------------------------------------------------------------------------------------------------------------------------------------



Path 5: VIOLATED (-669 ps) Setup Check with Pin gen_row[7].gen_col[4].u_pe_acc_r_reg[23]/CLK->D
          Group: clk
     Startpoint: (R) gen_row[6].gen_col[4].u_pe_b_out_reg[26]/CLK
          Clock: (R) clk
       Endpoint: (F) gen_row[7].gen_col[4].u_pe_acc_r_reg[23]/D
          Clock: (R) clk

                     Capture       Launch     
        Clock Edge:+    1000            0     
       Src Latency:+       0            0     
       Net Latency:+       0 (I)        0 (I) 
           Arrival:=    1000            0     
                                              
             Setup:-      35                  
       Uncertainty:-      50                  
     Required Time:=     915                  
      Launch Clock:-       0                  
         Data Path:-    1584                  
             Slack:=    -669                  

#-------------------------------------------------------------------------------------------------------------------------------------------------
#                            Timing Point                              Flags    Arc   Edge     Cell      Fanout Load Trans Delay Arrival Instance 
#                                                                                                               (fF)  (ps)  (ps)   (ps)  Location 
#-------------------------------------------------------------------------------------------------------------------------------------------------
  gen_row[6].gen_col[4].u_pe_b_out_reg[26]/CLK                         -       -      R     (arrival)      3776    -    50     0       0    (-,-) 
  gen_row[6].gen_col[4].u_pe_b_out_reg[26]/Q                           -       CLK->Q F     SDFFARX1_RVT      3  1.5    33   169     169    (-,-) 
  g61254/Y                                                             -       A4->Y  F     AND4X1_RVT        1  0.6    39    92     261    (-,-) 
  g77308/Y                                                             -       A1->Y  F     AND3X1_RVT        3  1.9    36    73     334    (-,-) 
  g92739/Y                                                             -       A2->Y  F     OR2X2_RVT         5  2.8    29    61     396    (-,-) 
  g57964__83141/Y                                                      -       A1->Y  F     AO21X1_RVT        5  3.0    39    82     478    (-,-) 
  fopt82140/Y                                                          -       A->Y   F     NBUFFX2_RVT       4  2.4    25    54     532    (-,-) 
  gen_row[7].gen_col[4].u_pe_csa_tree_add_99_24_groupi_g82145/Y        -       A1->Y  F     AND2X1_RVT        1  1.5    27    52     583    (-,-) 
  g88076/S                                                             -       CI->S  R     FADDX1_RVT        1  1.9    44   141     724    (-,-) 
  g236/S                                                               -       B->S   F     FADDX1_RVT        1  1.5    42   140     864    (-,-) 
  gen_row[7].gen_col[4].u_pe_csa_tree_add_99_24_groupi_cdnfadd_014_4/S -       CI->S  R     FADDX1_RVT        2  1.3    39   141    1005    (-,-) 
  gen_row[7].gen_col[4].u_pe_csa_tree_add_99_24_groupi_g1925/Y         -       A2->Y  R     OR2X1_RVT         3  1.7    30    56    1061    (-,-) 
  g77237/Y                                                             -       A1->Y  R     AND2X1_RVT        1  0.5    21    45    1106    (-,-) 
  g83368/Y                                                             -       A1->Y  R     AO21X1_RVT        6  3.4    50    81    1187    (-,-) 
  g78526/Y                                                             -       A2->Y  R     AO21X1_RVT        3  1.8    38    83    1270    (-,-) 
  gen_row[7].gen_col[4].u_pe_csa_tree_add_99_24_groupi_g1858/Y         -       A->Y   F     INVX1_RVT         2  1.1    26    22    1292    (-,-) 
  gen_row[7].gen_col[4].u_pe_csa_tree_add_99_24_groupi_g1848/Y         -       A2->Y  F     OA21X1_RVT        3  1.7    32    68    1360    (-,-) 
  gen_row[7].gen_col[4].u_pe_csa_tree_add_99_24_groupi_g1832/Y         -       A2->Y  F     OA21X1_RVT        1  1.1    29    66    1426    (-,-) 
  gen_row[7].gen_col[4].u_pe_csa_tree_add_99_24_groupi_g1817/Y         -       S0->Y  F     MUX21X1_RVT       1  0.5    36    86    1511    (-,-) 
  g48931/Y                                                             -       A1->Y  F     AO22X1_RVT        1  0.6    24    73    1584    (-,-) 
  gen_row[7].gen_col[4].u_pe_acc_r_reg[23]/D                           -       -      F     DFFARX1_RVT       1    -     -     0    1584    (-,-) 
#-------------------------------------------------------------------------------------------------------------------------------------------------



Path 6: VIOLATED (-669 ps) Setup Check with Pin gen_row[7].gen_col[0].u_pe_acc_r_reg[26]/CLK->D
          Group: clk
     Startpoint: (R) a_in[7][25]
          Clock: (R) clk
       Endpoint: (F) gen_row[7].gen_col[0].u_pe_acc_r_reg[26]/D
          Clock: (R) clk

                     Capture       Launch     
        Clock Edge:+    1000            0     
        Drv Adjust:+       0            7     
       Src Latency:+       0            0     
       Net Latency:+       0 (I)        0 (I) 
           Arrival:=    1000            7     
                                              
             Setup:-      47                  
       Uncertainty:-      50                  
     Required Time:=     903                  
      Launch Clock:-       7                  
       Input Delay:-     300                  
         Data Path:-    1265                  
             Slack:=    -669                  

Exceptions/Constraints:
  input_delay             300             in_del_8_1 

#----------------------------------------------------------------------------------------------------------------------------------------
#                        Timing Point                          Flags    Arc   Edge    Cell      Fanout Load Trans Delay Arrival Instance 
#                                                                                                      (fF)  (ps)  (ps)   (ps)  Location 
#----------------------------------------------------------------------------------------------------------------------------------------
  a_in[7][25]                                                  -       -      R     (arrival)        3  1.8    19     0     307    (-,-) 
  g60424/Y                                                     -       A1->Y  R     AND2X1_RVT       1  0.6    21    42     349    (-,-) 
  g59030/Y                                                     -       A4->Y  F     NAND4X0_RVT      1  0.6    54    56     405    (-,-) 
  g73745/Y                                                     -       A2->Y  F     OA21X1_RVT       1  1.4    32    77     482    (-,-) 
  g73744/Y                                                     -       A->Y   R     INVX2_RVT        8  4.1    29    32     514    (-,-) 
  g74255/Y                                                     -       A1->Y  R     AO21X1_RVT       5  3.1    48    82     596    (-,-) 
  gen_row[7].gen_col[0].u_pe_csa_tree_add_99_24_groupi_g2400/Y -       A->Y   R     NBUFFX4_RVT      4  2.4    25    52     648    (-,-) 
  g85471/Y                                                     -       A1->Y  R     AND2X1_RVT       1  1.5    30    50     698    (-,-) 
  g74447/CO                                                    -       CI->CO R     FADDX1_RVT       1  1.9    47    87     785    (-,-) 
  g201/CO                                                      -       B->CO  R     FADDX1_RVT       2  1.4    43    91     877    (-,-) 
  g197/Y                                                       -       A1->Y  R     AO21X1_RVT       3  2.5    43    82     959    (-,-) 
  g88481/Y                                                     -       A2->Y  F     XOR3X2_RVT       3  1.8    50   159    1118    (-,-) 
  g15/Y                                                        -       A2->Y  F     OR2X1_RVT        3  1.7    29    62    1180    (-,-) 
  g57_0/Y                                                      -       A1->Y  F     AO21X1_RVT       1  0.6    24    67    1247    (-,-) 
  g66755/Y                                                     -       A1->Y  F     AO21X1_RVT       2  1.1    27    68    1315    (-,-) 
  g99/Y                                                        -       A1->Y  F     AO21X1_RVT       1  1.4    29    72    1387    (-,-) 
  g85922/Y                                                     -       A->Y   R     INVX2_RVT        7  4.2    29    31    1418    (-,-) 
  g22_83835/Y                                                  -       A2->Y  R     OR2X1_RVT        2  1.0    28    48    1466    (-,-) 
  g88786/Y                                                     -       A1->Y  R     AO21X1_RVT       1  0.6    28    63    1529    (-,-) 
  g88785/Y                                                     -       A2->Y  F     NAND3X0_RVT      1  0.6    45    43    1572    (-,-) 
  gen_row[7].gen_col[0].u_pe_acc_r_reg[26]/D                   -       -      F     DFFARX1_RVT      1    -     -     0    1572    (-,-) 
#----------------------------------------------------------------------------------------------------------------------------------------



Path 7: VIOLATED (-669 ps) Setup Check with Pin gen_row[6].gen_col[0].u_pe_acc_r_reg[22]/CLK->D
          Group: clk
     Startpoint: (R) a_in[6][22]
          Clock: (R) clk
       Endpoint: (R) gen_row[6].gen_col[0].u_pe_acc_r_reg[22]/D
          Clock: (R) clk

                     Capture       Launch     
        Clock Edge:+    1000            0     
        Drv Adjust:+       0            6     
       Src Latency:+       0            0     
       Net Latency:+       0 (I)        0 (I) 
           Arrival:=    1000            6     
                                              
             Setup:-      50                  
       Uncertainty:-      50                  
     Required Time:=     900                  
      Launch Clock:-       6                  
       Input Delay:-     300                  
         Data Path:-    1263                  
             Slack:=    -669                  

Exceptions/Constraints:
  input_delay             300             in_del_43_1 

#---------------------------------------------------------------------------------------------------------------------------------------------------
#                              Timing Point                                Flags   Arc   Edge    Cell      Fanout Load Trans Delay Arrival Instance 
#                                                                                                                 (fF)  (ps)  (ps)   (ps)  Location 
#---------------------------------------------------------------------------------------------------------------------------------------------------
  a_in[6][22]                                                              -       -     R     (arrival)        3  1.6    17     0     306    (-,-) 
  g65013/Y                                                                 -       A2->Y R     AND2X1_RVT       1  0.6    21    44     350    (-,-) 
  g65009/Y                                                                 -       A4->Y F     NAND4X0_RVT      1  0.6    54    56     406    (-,-) 
  g71258/Y                                                                 -       A2->Y F     OA21X1_RVT       1  1.4    32    77     483    (-,-) 
  g90993/Y                                                                 -       A->Y  R     INVX2_RVT        8  4.0    29    32     515    (-,-) 
  g58595__64330/Y                                                          -       A1->Y R     AO21X1_RVT       3  1.9    38    74     589    (-,-) 
  gen_row[6].gen_col[0].u_pe_csa_tree_add_99_24_groupi_g2366/Y             -       A1->Y R     AND2X1_RVT       1  1.9    32    56     645    (-,-) 
  gen_row[6].gen_col[0].u_pe_csa_tree_add_99_24_groupi_cdnfadd_016_63427/S -       A->S  F     FADDX1_RVT       1  1.5    42   139     784    (-,-) 
  g71557/S                                                                 -       CI->S R     FADDX1_RVT       3  2.5    48   150     935    (-,-) 
  g89606/Y                                                                 -       A2->Y F     XOR3X2_RVT       3  1.7    50   161    1096    (-,-) 
  g73253/Y                                                                 -       A1->Y F     AND2X1_RVT       4  2.2    32    69    1164    (-,-) 
  g95800/Y                                                                 -       A1->Y F     AO21X1_RVT       1  0.6    24    68    1233    (-,-) 
  g95799/Y                                                                 -       A1->Y F     AO21X1_RVT       2  1.1    27    68    1301    (-,-) 
  g1/Y                                                                     -       A->Y  F     NBUFFX2_RVT      2  1.0    19    43    1344    (-,-) 
  g65_95801/Y                                                              -       A3->Y F     AO21X1_RVT       3  2.2    34    51    1395    (-,-) 
  gen_row[6].gen_col[0].u_pe_csa_tree_add_99_24_groupi_g76360/Y            -       A1->Y F     AO21X1_RVT       1  0.5    24    69    1464    (-,-) 
  gen_row[6].gen_col[0].u_pe_csa_tree_add_99_24_groupi_g2158/Y             -       A2->Y R     NAND2X0_RVT      1  0.5    34    35    1499    (-,-) 
  g48515/Y                                                                 -       A1->Y R     AO22X1_RVT       1  0.6    29    70    1569    (-,-) 
  gen_row[6].gen_col[0].u_pe_acc_r_reg[22]/D                               -       -     R     DFFARX1_RVT      1    -     -     0    1569    (-,-) 
#---------------------------------------------------------------------------------------------------------------------------------------------------



Path 8: VIOLATED (-669 ps) Setup Check with Pin gen_row[4].gen_col[0].u_pe_acc_r_reg[24]/CLK->D
          Group: clk
     Startpoint: (R) a_in[4][22]
          Clock: (R) clk
       Endpoint: (R) gen_row[4].gen_col[0].u_pe_acc_r_reg[24]/D
          Clock: (R) clk

                     Capture       Launch     
        Clock Edge:+    1000            0     
        Drv Adjust:+       0            6     
       Src Latency:+       0            0     
       Net Latency:+       0 (I)        0 (I) 
           Arrival:=    1000            6     
                                              
             Setup:-      50                  
       Uncertainty:-      50                  
     Required Time:=     900                  
      Launch Clock:-       6                  
       Input Delay:-     300                  
         Data Path:-    1263                  
             Slack:=    -669                  

Exceptions/Constraints:
  input_delay             300             in_del_107_1 

#---------------------------------------------------------------------------------------------------------------------------------------------------
#                              Timing Point                                Flags   Arc   Edge    Cell      Fanout Load Trans Delay Arrival Instance 
#                                                                                                                 (fF)  (ps)  (ps)   (ps)  Location 
#---------------------------------------------------------------------------------------------------------------------------------------------------
  a_in[4][22]                                                              -       -     R     (arrival)        3  1.6    17     0     306    (-,-) 
  g44/Y                                                                    -       A2->Y R     AND2X1_RVT       1  0.6    21    44     350    (-,-) 
  g42/Y                                                                    -       A4->Y F     NAND4X0_RVT      1  0.6    54    56     406    (-,-) 
  g71254/Y                                                                 -       A2->Y F     OA21X1_RVT       1  1.4    32    77     483    (-,-) 
  g74119/Y                                                                 -       A->Y  R     INVX2_RVT        7  3.5    27    31     514    (-,-) 
  g58572__64320/Y                                                          -       A1->Y R     AO21X1_RVT       3  1.9    38    74     587    (-,-) 
  gen_row[4].gen_col[0].u_pe_csa_tree_add_99_24_groupi_g2372/Y             -       A1->Y R     AND2X1_RVT       1  1.9    32    56     643    (-,-) 
  gen_row[4].gen_col[0].u_pe_csa_tree_add_99_24_groupi_cdnfadd_015_75275/S -       A->S  F     FADDX1_RVT       1  1.5    42   139     782    (-,-) 
  g75269/S                                                                 -       CI->S R     FADDX1_RVT       3  2.3    46   149     932    (-,-) 
  g90985/Y                                                                 -       A1->Y F     XOR3X2_RVT       3  1.8    50   151    1083    (-,-) 
  gen_row[4].gen_col[0].u_pe_csa_tree_add_99_24_groupi_g2257/Y             -       A2->Y F     OR2X1_RVT        2  1.2    26    58    1141    (-,-) 
  gen_row[4].gen_col[0].u_pe_csa_tree_add_99_24_groupi_g63129/Y            -       A1->Y F     AO21X1_RVT       3  1.5    30    72    1213    (-,-) 
  g94536/Y                                                                 -       A3->Y R     AOI21X1_RVT      2  1.2    24    70    1283    (-,-) 
  g74727_dup/Y                                                             -       A3->Y R     OR3X2_RVT        5  3.0    39    67    1350    (-,-) 
  gen_row[4].gen_col[0].u_pe_csa_tree_add_99_24_groupi_g76862/Y            -       A1->Y R     AND2X1_RVT       1  0.5    22    47    1397    (-,-) 
  gen_row[4].gen_col[0].u_pe_csa_tree_add_99_24_groupi_g2164/Y             -       A1->Y R     AO222X1_RVT      1  0.5    40   101    1498    (-,-) 
  g49477/Y                                                                 -       A1->Y R     AO22X1_RVT       1  0.6    29    71    1569    (-,-) 
  gen_row[4].gen_col[0].u_pe_acc_r_reg[24]/D                               -       -     R     DFFARX1_RVT      1    -     -     0    1569    (-,-) 
#---------------------------------------------------------------------------------------------------------------------------------------------------



Path 9: VIOLATED (-669 ps) Setup Check with Pin gen_row[0].gen_col[7].u_pe_acc_r_reg[19]/CLK->D
          Group: clk
     Startpoint: (R) b_in[7][23]
          Clock: (R) clk
       Endpoint: (F) gen_row[0].gen_col[7].u_pe_acc_r_reg[19]/D
          Clock: (R) clk

                     Capture       Launch     
        Clock Edge:+    1000            0     
        Drv Adjust:+       0            6     
       Src Latency:+       0            0     
       Net Latency:+       0 (I)        0 (I) 
           Arrival:=    1000            6     
                                              
             Setup:-      35                  
       Uncertainty:-      50                  
     Required Time:=     915                  
      Launch Clock:-       6                  
       Input Delay:-     300                  
         Data Path:-    1278                  
             Slack:=    -669                  

Exceptions/Constraints:
  input_delay             300             in_del_266_1 

#-----------------------------------------------------------------------------------------------------------------------------------------------------
#                               Timing Point                                Flags    Arc   Edge    Cell      Fanout Load Trans Delay Arrival Instance 
#                                                                                                                   (fF)  (ps)  (ps)   (ps)  Location 
#-----------------------------------------------------------------------------------------------------------------------------------------------------
  b_in[7][23]                                                               -       -      R     (arrival)        3  1.6    17     0     306    (-,-) 
  g74631/Y                                                                  -       A2->Y  R     AND2X1_RVT       1  0.6    21    44     350    (-,-) 
  g74630/Y                                                                  -       A4->Y  F     NAND4X0_RVT      1  0.6    54    56     406    (-,-) 
  g68825/Y                                                                  -       A2->Y  F     OA21X1_RVT       1  1.4    32    77     483    (-,-) 
  g90330/Y                                                                  -       A->Y   R     INVX2_RVT        7  3.5    27    31     514    (-,-) 
  g58443__63066/Y                                                           -       A1->Y  R     AO21X1_RVT       4  2.5    43    77     591    (-,-) 
  gen_row[0].gen_col[7].u_pe_csa_tree_add_99_24_groupi_g63068/Y             -       A->Y   R     NBUFFX4_RVT      6  3.6    27    52     643    (-,-) 
  gen_row[0].gen_col[7].u_pe_csa_tree_add_99_24_groupi_g63067/Y             -       A1->Y  R     AND2X1_RVT       1  1.5    30    51     694    (-,-) 
  gen_row[0].gen_col[7].u_pe_csa_tree_add_99_24_groupi_cdnfadd_013_0/S      -       CI->S  F     FADDX1_RVT       1  1.5    42   132     826    (-,-) 
  gen_row[0].gen_col[7].u_pe_csa_tree_add_99_24_groupi_cdnfadd_013_67808/CO -       CI->CO F     FADDX1_RVT       2  1.4    37    82     908    (-,-) 
  g67807/Y                                                                  -       A->Y   R     INVX1_RVT        3  1.8    30    34     942    (-,-) 
  g414/Y                                                                    -       A1->Y  R     AO22X1_RVT       2  1.1    33    73    1014    (-,-) 
  g67812/Y                                                                  -       A->Y   F     INVX0_RVT        1  0.6    22    20    1034    (-,-) 
  g67811/Y                                                                  -       A3->Y  F     AO22X1_RVT       3  1.8    31    54    1088    (-,-) 
  g404/Y                                                                    -       A1->Y  F     AND2X1_RVT       4  2.4    32    60    1148    (-,-) 
  g57_72227/Y                                                               -       A1->Y  F     AO21X1_RVT       2  1.0    27    72    1220    (-,-) 
  g86734/Y                                                                  -       A3->Y  F     AO21X1_RVT       1  0.6    24    44    1264    (-,-) 
  g66618/Y                                                                  -       A1->Y  R     NAND2X0_RVT      2  1.1    48    42    1306    (-,-) 
  gen_row[0].gen_col[7].u_pe_csa_tree_add_99_24_groupi_g2026/Y              -       A1->Y  F     NAND2X0_RVT      2  1.1    46    40    1346    (-,-) 
  gen_row[0].gen_col[7].u_pe_csa_tree_add_99_24_groupi_g2018/Y              -       A1->Y  F     AO21X1_RVT       1  1.1    27    81    1427    (-,-) 
  gen_row[0].gen_col[7].u_pe_csa_tree_add_99_24_groupi_g2003/Y              -       S0->Y  F     MUX21X1_RVT      1  0.5    36    85    1512    (-,-) 
  g48173/Y                                                                  -       A1->Y  F     AO22X1_RVT       1  0.6    23    72    1584    (-,-) 
  gen_row[0].gen_col[7].u_pe_acc_r_reg[19]/D                                -       -      F     DFFARX1_RVT      1    -     -     0    1584    (-,-) 
#-----------------------------------------------------------------------------------------------------------------------------------------------------



Path 10: VIOLATED (-669 ps) Setup Check with Pin gen_row[3].gen_col[2].u_pe_acc_r_reg[30]/CLK->D
          Group: clk
     Startpoint: (R) gen_row[3].gen_col[1].u_pe_a_out_reg[28]/CLK
          Clock: (R) clk
       Endpoint: (R) gen_row[3].gen_col[2].u_pe_acc_r_reg[30]/D
          Clock: (R) clk

                     Capture       Launch     
        Clock Edge:+    1000            0     
       Src Latency:+       0            0     
       Net Latency:+       0 (I)        0 (I) 
           Arrival:=    1000            0     
                                              
             Setup:-      50                  
       Uncertainty:-      50                  
     Required Time:=     900                  
      Launch Clock:-       0                  
         Data Path:-    1569                  
             Slack:=    -669                  

#--------------------------------------------------------------------------------------------------------------------------------------------------
#                             Timing Point                              Flags    Arc   Edge     Cell      Fanout Load Trans Delay Arrival Instance 
#                                                                                                                (fF)  (ps)  (ps)   (ps)  Location 
#--------------------------------------------------------------------------------------------------------------------------------------------------
  gen_row[3].gen_col[1].u_pe_a_out_reg[28]/CLK                          -       -      R     (arrival)      3776    -    50     0       0    (-,-) 
  gen_row[3].gen_col[1].u_pe_a_out_reg[28]/Q                            -       CLK->Q R     SDFFARX1_RVT      4  2.1    40   183     183    (-,-) 
  g59462/Y                                                              -       A4->Y  R     AND4X1_RVT        1  0.6    35    86     269    (-,-) 
  g77728/Y                                                              -       A1->Y  R     AND3X1_RVT        2  1.4    33    63     332    (-,-) 
  g58733__79551/Y                                                       -       A2->Y  R     OR2X2_RVT         5  2.5    29    56     388    (-,-) 
  g57835__77731/Y                                                       -       A1->Y  R     AO21X1_RVT        3  1.9    38    74     463    (-,-) 
  gen_row[3].gen_col[2].u_pe_csa_tree_add_99_24_groupi_g2083/Y          -       A->Y   R     NBUFFX4_RVT       6  3.6    26    51     513    (-,-) 
  gen_row[3].gen_col[2].u_pe_csa_tree_add_99_24_groupi_g2008/Y          -       A1->Y  R     AND2X1_RVT        1  1.5    30    50     564    (-,-) 
  gen_row[3].gen_col[2].u_pe_csa_tree_add_99_24_groupi_cdnfadd_016_1/CO -       CI->CO R     FADDX1_RVT        1  1.5    43    84     647    (-,-) 
  g73388/S                                                              -       CI->S  F     FADDX1_RVT        1  1.9    45   139     786    (-,-) 
  g73387/S                                                              -       A->S   R     FADDX1_RVT        2  1.4    40   151     938    (-,-) 
  fopt90923/Y                                                           -       A->Y   F     INVX1_RVT         1  0.6    24    18     955    (-,-) 
  g73398/Y                                                              -       A1->Y  R     OAI22X1_RVT       3  1.6    26    97    1053    (-,-) 
  g87768/Y                                                              -       A1->Y  R     OA22X1_RVT        2  1.2    34    74    1127    (-,-) 
  g76094/Y                                                              -       A2->Y  F     NAND3X0_RVT       1  0.5    42    43    1169    (-,-) 
  g76093/Y                                                              -       A2->Y  R     NAND2X0_RVT       2  1.0    47    53    1222    (-,-) 
  g89572/Y                                                              -       A1->Y  R     AO21X1_RVT        2  3.4    50    89    1311    (-,-) 
  fopt89571/Y                                                           -       A->Y   F     INVX4_RVT        10  5.4    31    24    1335    (-,-) 
  gen_row[3].gen_col[2].u_pe_csa_tree_add_99_24_groupi_g1841/Y          -       A4->Y  F     OA221X1_RVT       2  1.3    44    85    1419    (-,-) 
  gen_row[3].gen_col[2].u_pe_csa_tree_add_99_24_groupi_g1835/Y          -       A->Y   R     INVX1_RVT         1  0.6    26    28    1447    (-,-) 
  gen_row[3].gen_col[2].u_pe_csa_tree_add_99_24_groupi_g1819/Y          -       A3->Y  R     AO22X1_RVT        1  0.5    28    54    1501    (-,-) 
  g49269/Y                                                              -       A1->Y  R     AO22X1_RVT        1  0.6    29    68    1569    (-,-) 
  gen_row[3].gen_col[2].u_pe_acc_r_reg[30]/D                            -       -      R     DFFARX1_RVT       1    -     -     0    1569    (-,-) 
#--------------------------------------------------------------------------------------------------------------------------------------------------

