============================================================
  Generated by:           Genus(TM) Synthesis Solution 21.12-s068_1
  Generated on:           Jun 06 2026  05:52:43 pm
  Module:                 stream_pipeline_DATA_WIDTH32_ARRAY_DIM64_USE_LUT_SOFTMAX1_USE_LUT_GELU1_USE_PIPED4_MAC1_USE_PIPED_MAC1
  Operating conditions:   _nominal_ (balanced_tree)
  Wireload mode:          enclosed
  Area mode:              timing library
============================================================

                                     
    Gate      Instances     Area             Library         
-------------------------------------------------------------
AND2X1_RVT       200320   407281.009    saed32rvt_tt0p85v25c 
AND2X2_RVT         3990     9126.311    saed32rvt_tt0p85v25c 
AND2X4_RVT           64      178.917    saed32rvt_tt0p85v25c 
AND3X1_RVT         4165     9526.588    saed32rvt_tt0p85v25c 
AND3X2_RVT            2        5.083    saed32rvt_tt0p85v25c 
AND3X4_RVT            2        6.099    saed32rvt_tt0p85v25c 
AND4X1_RVT          308      782.764    saed32rvt_tt0p85v25c 
AO21X1_RVT       111065   282265.034    saed32rvt_tt0p85v25c 
AO21X2_RVT            3        8.387    saed32rvt_tt0p85v25c 
AO221X1_RVT       47459   144737.041    saed32rvt_tt0p85v25c 
AO222X1_RVT         541     1787.395    saed32rvt_tt0p85v25c 
AO22X1_RVT       611450  1553963.488    saed32rvt_tt0p85v25c 
AOI21X1_RVT         106      323.271    saed32rvt_tt0p85v25c 
AOI221X1_RVT        164      583.515    saed32rvt_tt0p85v25c 
AOI222X1_RVT         47      179.172    saed32rvt_tt0p85v25c 
AOI22X1_RVT          23       70.144    saed32rvt_tt0p85v25c 
DFFARX1_RVT      588029  4184433.181    saed32rvt_tt0p85v25c 
DFFARX2_RVT        8154    62168.705    saed32rvt_tt0p85v25c 
FADDX1_RVT       226121  1091878.613    saed32rvt_tt0p85v25c 
HADDX1_RVT        48436   160026.344    saed32rvt_tt0p85v25c 
IBUFFX16_RVT          9       59.470    saed32rvt_tt0p85v25c 
IBUFFX32_RVT        178     2080.931    saed32rvt_tt0p85v25c 
IBUFFX8_RVT        2961    12792.847    saed32rvt_tt0p85v25c 
INVX0_RVT         40359    51284.988    saed32rvt_tt0p85v25c 
INVX16_RVT          296     1504.532    saed32rvt_tt0p85v25c 
INVX1_RVT         31669    40242.432    saed32rvt_tt0p85v25c 
INVX2_RVT           363      553.526    saed32rvt_tt0p85v25c 
INVX32_RVT          177     1619.406    saed32rvt_tt0p85v25c 
INVX4_RVT            67      136.221    saed32rvt_tt0p85v25c 
INVX8_RVT          1164     3549.883    saed32rvt_tt0p85v25c 
MUX21X1_RVT       11789    38949.347    saed32rvt_tt0p85v25c 
MUX21X2_RVT           3       10.674    saed32rvt_tt0p85v25c 
NAND2X0_RVT      179037   273007.076    saed32rvt_tt0p85v25c 
NAND2X1_RVT           1        2.541    saed32rvt_tt0p85v25c 
NAND2X2_RVT           9       25.160    saed32rvt_tt0p85v25c 
NAND2X4_RVT           2        6.608    saed32rvt_tt0p85v25c 
NAND3X0_RVT       48436    86168.031    saed32rvt_tt0p85v25c 
NAND3X2_RVT           1        3.050    saed32rvt_tt0p85v25c 
NAND4X0_RVT       26451    53778.904    saed32rvt_tt0p85v25c 
NBUFFX16_RVT        137      835.625    saed32rvt_tt0p85v25c 
NBUFFX2_RVT        4347     8838.112    saed32rvt_tt0p85v25c 
NBUFFX32_RVT         24      256.177    saed32rvt_tt0p85v25c 
NBUFFX4_RVT        5606    14247.313    saed32rvt_tt0p85v25c 
NBUFFX8_RVT        4141    15786.155    saed32rvt_tt0p85v25c 
NOR2X0_RVT         4397    11174.712    saed32rvt_tt0p85v25c 
NOR2X2_RVT         4101    11464.690    saed32rvt_tt0p85v25c 
NOR2X4_RVT           68      224.663    saed32rvt_tt0p85v25c 
NOR3X0_RVT           18       50.321    saed32rvt_tt0p85v25c 
NOR3X1_RVT            1        2.796    saed32rvt_tt0p85v25c 
NOR4X0_RVT           10       30.497    saed32rvt_tt0p85v25c 
NOR4X1_RVT        28618    87277.116    saed32rvt_tt0p85v25c 
OA21X1_RVT        11762    29892.417    saed32rvt_tt0p85v25c 
OA21X2_RVT            1        2.796    saed32rvt_tt0p85v25c 
OA221X1_RVT        4076    12430.691    saed32rvt_tt0p85v25c 
OA222X1_RVT          27       89.205    saed32rvt_tt0p85v25c 
OA22X1_RVT          147      373.592    saed32rvt_tt0p85v25c 
OAI21X1_RVT       12112    36938.306    saed32rvt_tt0p85v25c 
OAI21X2_RVT           1        3.304    saed32rvt_tt0p85v25c 
OAI221X1_RVT        253      900.178    saed32rvt_tt0p85v25c 
OAI222X1_RVT         13       49.558    saed32rvt_tt0p85v25c 
OAI22X1_RVT        7810    23818.376    saed32rvt_tt0p85v25c 
OR2X1_RVT         25060    50950.789    saed32rvt_tt0p85v25c 
OR2X2_RVT            45      102.928    saed32rvt_tt0p85v25c 
OR2X4_RVT            67      187.304    saed32rvt_tt0p85v25c 
OR3X1_RVT          8267    21010.084    saed32rvt_tt0p85v25c 
OR3X2_RVT            32       81.326    saed32rvt_tt0p85v25c 
OR4X1_RVT          4195    14925.877    saed32rvt_tt0p85v25c 
XNOR2X1_RVT       41267   178291.928    saed32rvt_tt0p85v25c 
XNOR3X1_RVT       12135    74016.899    saed32rvt_tt0p85v25c 
XOR3X1_RVT            1        7.116    saed32rvt_tt0p85v25c 
XOR3X2_RVT            2       14.740    saed32rvt_tt0p85v25c 
-------------------------------------------------------------
total           2372162  9069382.276                         


                                            
     Type      Instances     Area    Area % 
--------------------------------------------
sequential        596183 4246601.886   46.8 
inverter           77243  113824.236    1.3 
buffer             14255   39963.382    0.4 
logic            1684481 4668992.772   51.5 
physical_cells         0       0.000    0.0 
--------------------------------------------
total            2372162 9069382.276  100.0 

