============================================================
  Generated by:           Genus(TM) Synthesis Solution 21.12-s068_1
  Generated on:           May 20 2026  09:16:17 am
  Module:                 adder_tree_DATA_WIDTH32_NUM_INPUTS32
  Operating conditions:   _nominal_ (balanced_tree)
  Wireload mode:          enclosed
  Area mode:              timing library
============================================================

                                   
    Gate      Instances    Area            Library         
-----------------------------------------------------------
AND2X1_RVT          279    567.249    saed32rvt_tt0p85v25c 
AND4X1_RVT           31     78.785    saed32rvt_tt0p85v25c 
AO21X1_RVT          372    945.416    saed32rvt_tt0p85v25c 
FADDX1_RVT           31    149.691    saed32rvt_tt0p85v25c 
HADDX1_RVT          372   1229.040    saed32rvt_tt0p85v25c 
IBUFFX32_RVT          2     23.381    saed32rvt_tt0p85v25c 
INVX0_RVT           806   1024.200    saed32rvt_tt0p85v25c 
INVX1_RVT           682    866.631    saed32rvt_tt0p85v25c 
INVX32_RVT           14    128.089    saed32rvt_tt0p85v25c 
MUX21X1_RVT          93    307.260    saed32rvt_tt0p85v25c 
NAND2X0_RVT        2449   3734.392    saed32rvt_tt0p85v25c 
NAND3X0_RVT         465    827.239    saed32rvt_tt0p85v25c 
NBUFFX32_RVT          2     21.348    saed32rvt_tt0p85v25c 
NBUFFX8_RVT           1      3.812    saed32rvt_tt0p85v25c 
OA21X1_RVT          372    945.416    saed32rvt_tt0p85v25c 
OA221X1_RVT         496   1512.665    saed32rvt_tt0p85v25c 
OA22X1_RVT           31     78.785    saed32rvt_tt0p85v25c 
OR2X1_RVT          1457   2962.302    saed32rvt_tt0p85v25c 
SDFFARX1_RVT       2022  18499.650    saed32rvt_tt0p85v25c 
XNOR2X1_RVT         465   2009.008    saed32rvt_tt0p85v25c 
XNOR3X1_RVT          31    189.083    saed32rvt_tt0p85v25c 
-----------------------------------------------------------
total             10473  36103.442                         


                                          
     Type      Instances    Area   Area % 
------------------------------------------
sequential          2022 18499.650   51.2 
inverter            1504  2042.301    5.7 
buffer                 3    25.160    0.1 
logic               6944 15536.331   43.0 
physical_cells         0     0.000    0.0 
------------------------------------------
total              10473 36103.442  100.0 

