============================================================
  Generated by:           Genus(TM) Synthesis Solution 21.12-s068_1
  Generated on:           May 20 2026  09:16:17 am
  Module:                 adder_tree_DATA_WIDTH32_NUM_INPUTS32
  Operating conditions:   _nominal_ (balanced_tree)
  Wireload mode:          enclosed
  Area mode:              timing library
============================================================

Timing
--------

Clock Period 
-------------
clk   1000.0 


  Cost    Critical         Violating 
 Group   Path Slack  TNS     Paths   
-------------------------------------
clk             8.4   0.0          0 
default    No paths   0.0            
-------------------------------------
Total                 0.0          0 

Instance Count
--------------
Leaf Instance Count             10473 
Physical Instance count             0 
Sequential Instance Count        2022 
Combinational Instance Count     8451 
Hierarchical Instance Count         0 

Area
----
Cell Area                          36103.442
Physical Cell Area                 0.000
Total Cell Area (Cell+Physical)    36103.442
Net Area                           0.000
Total Area (Cell+Physical+Net)     36103.442

Max Fanout                         2022 (clk)
Min Fanout                         0 (rst_n)
Average Fanout                     2.3
Terms to net ratio                 3.5786
Terms to instance ratio            3.9510
Runtime                            129.07953399999994 seconds
Elapsed Runtime                    123 seconds
Genus peak memory usage            1266.57 
Innovus peak memory usage          no_value 
Hostname                           phobos.ece.pdx.edu
