============================================================
  Generated by:           Genus(TM) Synthesis Solution 21.12-s068_1
  Generated on:           May 16 2026  05:17:29 pm
  Module:                 systolic_array_64x64_ROWS16_COLS16_DATA_WIDTH32
  Operating conditions:   _nominal_ (balanced_tree)
  Wireload mode:          enclosed
  Area mode:              timing library
============================================================

                                    
    Gate      Instances     Area            Library         
------------------------------------------------------------
AND2X1_RVT        15969   32467.404    saed32rvt_tt0p85v25c 
AND2X2_RVT           12      27.448    saed32rvt_tt0p85v25c 
AND3X1_RVT         1011    2312.456    saed32rvt_tt0p85v25c 
AND4X1_RVT         1025    2604.976    saed32rvt_tt0p85v25c 
AO21X1_RVT         7115   18082.346    saed32rvt_tt0p85v25c 
AO21X2_RVT          129     360.630    saed32rvt_tt0p85v25c 
AO221X1_RVT          85     259.227    saed32rvt_tt0p85v25c 
AO221X2_RVT           1       3.304    saed32rvt_tt0p85v25c 
AO222X1_RVT           9      29.735    saed32rvt_tt0p85v25c 
AO22X1_RVT         8347   21213.400    saed32rvt_tt0p85v25c 
AO22X2_RVT           13      36.343    saed32rvt_tt0p85v25c 
AOI21X1_RVT         338    1030.808    saed32rvt_tt0p85v25c 
AOI21X2_RVT           2       6.608    saed32rvt_tt0p85v25c 
AOI221X1_RVT          1       3.558    saed32rvt_tt0p85v25c 
AOI222X1_RVT         11      41.934    saed32rvt_tt0p85v25c 
AOI22X1_RVT          79     240.929    saed32rvt_tt0p85v25c 
AOI22X2_RVT           1       3.304    saed32rvt_tt0p85v25c 
DEC24X1_RVT          17     103.691    saed32rvt_tt0p85v25c 
DEC24X2_RVT           3      21.348    saed32rvt_tt0p85v25c 
DELLN1X2_RVT          8      40.663    saed32rvt_tt0p85v25c 
DFFARX1_RVT        6144   43720.901    saed32rvt_tt0p85v25c 
FADDX1_RVT        11182   53994.926    saed32rvt_tt0p85v25c 
FADDX2_RVT           49     261.514    saed32rvt_tt0p85v25c 
HADDX1_RVT         3233   10681.418    saed32rvt_tt0p85v25c 
HADDX2_RVT            4      15.249    saed32rvt_tt0p85v25c 
IBUFFX16_RVT          1       6.608    saed32rvt_tt0p85v25c 
IBUFFX2_RVT         207     526.078    saed32rvt_tt0p85v25c 
IBUFFX32_RVT         57     666.366    saed32rvt_tt0p85v25c 
IBUFFX8_RVT           3      12.961    saed32rvt_tt0p85v25c 
INVX0_RVT          4201    5338.295    saed32rvt_tt0p85v25c 
INVX16_RVT            1       5.083    saed32rvt_tt0p85v25c 
INVX1_RVT         12184   15482.452    saed32rvt_tt0p85v25c 
INVX2_RVT           629     959.139    saed32rvt_tt0p85v25c 
INVX32_RVT           40     365.967    saed32rvt_tt0p85v25c 
INVX4_RVT            41      83.359    saed32rvt_tt0p85v25c 
INVX8_RVT             4      12.199    saed32rvt_tt0p85v25c 
MUX21X1_RVT        1656    5471.212    saed32rvt_tt0p85v25c 
MUX21X2_RVT         616    2191.738    saed32rvt_tt0p85v25c 
NAND2X0_RVT       15740   24001.359    saed32rvt_tt0p85v25c 
NAND2X1_RVT          39      99.116    saed32rvt_tt0p85v25c 
NAND2X2_RVT          59     164.939    saed32rvt_tt0p85v25c 
NAND2X4_RVT          12      39.646    saed32rvt_tt0p85v25c 
NAND3X0_RVT        2136    3799.961    saed32rvt_tt0p85v25c 
NAND3X1_RVT           9      25.160    saed32rvt_tt0p85v25c 
NAND3X2_RVT          38     115.890    saed32rvt_tt0p85v25c 
NAND4X0_RVT        1199    2437.749    saed32rvt_tt0p85v25c 
NAND4X1_RVT          12      36.597    saed32rvt_tt0p85v25c 
NBUFFX16_RVT         22     134.188    saed32rvt_tt0p85v25c 
NBUFFX2_RVT         934    1898.964    saed32rvt_tt0p85v25c 
NBUFFX32_RVT         23     245.503    saed32rvt_tt0p85v25c 
NBUFFX4_RVT         265     673.482    saed32rvt_tt0p85v25c 
NBUFFX8_RVT          20      76.243    saed32rvt_tt0p85v25c 
NOR2X0_RVT          628    1596.024    saed32rvt_tt0p85v25c 
NOR3X0_RVT           10      27.956    saed32rvt_tt0p85v25c 
NOR3X1_RVT           68     190.100    saed32rvt_tt0p85v25c 
NOR3X2_RVT            2       6.099    saed32rvt_tt0p85v25c 
NOR4X1_RVT          442    1347.980    saed32rvt_tt0p85v25c 
OA21X1_RVT         6271   15937.370    saed32rvt_tt0p85v25c 
OA21X2_RVT           36     100.641    saed32rvt_tt0p85v25c 
OA221X1_RVT        1626    4958.858    saed32rvt_tt0p85v25c 
OA222X1_RVT           3       9.912    saed32rvt_tt0p85v25c 
OA22X1_RVT          563    1430.831    saed32rvt_tt0p85v25c 
OA22X2_RVT            2       5.591    saed32rvt_tt0p85v25c 
OAI21X1_RVT          88     268.376    saed32rvt_tt0p85v25c 
OAI21X2_RVT          20      66.077    saed32rvt_tt0p85v25c 
OAI221X1_RVT         16      56.928    saed32rvt_tt0p85v25c 
OAI221X2_RVT          2       7.624    saed32rvt_tt0p85v25c 
OAI22X1_RVT          45     137.238    saed32rvt_tt0p85v25c 
OAI22X2_RVT          41     135.459    saed32rvt_tt0p85v25c 
OR2X1_RVT          6029   12257.873    saed32rvt_tt0p85v25c 
OR2X2_RVT           507    1159.659    saed32rvt_tt0p85v25c 
OR2X4_RVT             1       2.796    saed32rvt_tt0p85v25c 
OR3X1_RVT           164     416.796    saed32rvt_tt0p85v25c 
OR3X2_RVT           169     429.503    saed32rvt_tt0p85v25c 
OR4X1_RVT           301    1070.963    saed32rvt_tt0p85v25c 
OR4X2_RVT             1       3.812    saed32rvt_tt0p85v25c 
SDFFARX1_RVT       9540   87283.215    saed32rvt_tt0p85v25c 
SDFFARX2_RVT         60     579.448    saed32rvt_tt0p85v25c 
XNOR2X1_RVT          87     375.879    saed32rvt_tt0p85v25c 
XNOR2X2_RVT         260    1189.394    saed32rvt_tt0p85v25c 
XNOR3X1_RVT          11      67.094    saed32rvt_tt0p85v25c 
XNOR3X2_RVT           9      57.182    saed32rvt_tt0p85v25c 
XOR2X1_RVT           57     246.266    saed32rvt_tt0p85v25c 
XOR2X2_RVT           86     393.415    saed32rvt_tt0p85v25c 
XOR3X1_RVT           29     206.365    saed32rvt_tt0p85v25c 
XOR3X2_RVT         2449   18049.561    saed32rvt_tt0p85v25c 
------------------------------------------------------------
total            124559  402506.659                         


                                           
     Type      Instances    Area    Area % 
-------------------------------------------
sequential         15744 131583.564   32.7 
inverter           17368  23458.508    5.8 
buffer              1272   3069.043    0.8 
logic              90175 244395.544   60.7 
physical_cells         0      0.000    0.0 
-------------------------------------------
total             124559 402506.659  100.0 

