============================================================
  Generated by:           Genus(TM) Synthesis Solution 21.12-s068_1
  Generated on:           May 16 2026  05:17:29 pm
  Module:                 systolic_array_64x64_ROWS16_COLS16_DATA_WIDTH32
  Operating conditions:   _nominal_ (balanced_tree)
  Wireload mode:          enclosed
  Area mode:              timing library
============================================================

Timing
--------

Clock Period 
-------------
clk   1000.0 


  Cost    Critical                Violating 
 Group   Path Slack      TNS        Paths   
--------------------------------------------
clk          -667.1   -2911468.1       5677 
default    No paths          0.0            
--------------------------------------------
Total                 -2911468.1       5677 

Instance Count
--------------
Leaf Instance Count             124559 
Physical Instance count              0 
Sequential Instance Count        15744 
Combinational Instance Count    108815 
Hierarchical Instance Count          0 

Area
----
Cell Area                          402506.659
Physical Cell Area                 0.000
Total Cell Area (Cell+Physical)    402506.659
Net Area                           0.000
Total Area (Cell+Physical+Net)     402506.659

Max Fanout                         15744 (clk)
Min Fanout                         0 (a_in[0][0])
Average Fanout                     2.3
Terms to net ratio                 3.4412
Terms to instance ratio            3.8800
Runtime                            3305.6409760000333 seconds
Elapsed Runtime                    3401 seconds
Genus peak memory usage            2447.18 
Innovus peak memory usage          no_value 
Hostname                           phobos.ece.pdx.edu
