============================================================
  Generated by:           Genus(TM) Synthesis Solution 21.12-s068_1
  Generated on:           May 16 2026  05:17:17 pm
  Module:                 systolic_array_64x64_ROWS16_COLS16_DATA_WIDTH32
  Operating conditions:   _nominal_ (balanced_tree)
  Wireload mode:          enclosed
  Area mode:              timing library
============================================================


Path 1: VIOLATED (-667 ps) Setup Check with Pin gen_row[9].gen_col[7].u_pe_acc_r_reg[23]/CLK->D
          Group: clk
     Startpoint: (R) gen_row[8].gen_col[7].u_pe_b_out_reg[19]/CLK
          Clock: (R) clk
       Endpoint: (F) gen_row[9].gen_col[7].u_pe_acc_r_reg[23]/D
          Clock: (R) clk

                     Capture       Launch     
        Clock Edge:+    1000            0     
       Src Latency:+       0            0     
       Net Latency:+       0 (I)        0 (I) 
           Arrival:=    1000            0     
                                              
             Setup:-      35                  
       Uncertainty:-      50                  
     Required Time:=     915                  
      Launch Clock:-       0                  
         Data Path:-    1582                  
             Slack:=    -667                  

#------------------------------------------------------------------------------------------------------------------------------------------------------
#                               Timing Point                                Flags    Arc   Edge     Cell      Fanout Load Trans Delay Arrival Instance 
#                                                                                                                    (fF)  (ps)  (ps)   (ps)  Location 
#------------------------------------------------------------------------------------------------------------------------------------------------------
  gen_row[8].gen_col[7].u_pe_b_out_reg[19]/CLK                              -       -      R     (arrival)     15744    -    50     0       0    (-,-) 
  gen_row[8].gen_col[7].u_pe_b_out_reg[19]/Q                                -       CLK->Q F     SDFFARX1_RVT      4  2.3    38   174     174    (-,-) 
  g166718/Y                                                                 -       A1->Y  F     AND3X1_RVT        1  0.5    27    62     236    (-,-) 
  g166716/Y                                                                 -       A2->Y  F     AND4X1_RVT        3  1.8    47    89     324    (-,-) 
  g166725/Y                                                                 -       A2->Y  F     OR2X2_RVT         5  3.0    31    66     391    (-,-) 
  g142274/Y                                                                 -       A1->Y  F     AO21X1_RVT        5  2.9    39    83     474    (-,-) 
  gen_row[9].gen_col[7].u_pe_csa_tree_add_99_24_groupi_g32689/Y             -       A1->Y  R     NAND2X0_RVT       1  1.9    69    61     535    (-,-) 
  gen_row[9].gen_col[7].u_pe_csa_tree_add_99_24_groupi_cdnfadd_015_165142/S -       B->S   F     FADDX1_RVT        1  1.5    43   147     682    (-,-) 
  gen_row[9].gen_col[7].u_pe_csa_tree_add_99_24_groupi_cdnfadd_015_3/CO     -       CI->CO F     FADDX1_RVT        3  3.1    48    95     778    (-,-) 
  g42855/S                                                                  -       A->S   R     FADDX1_RVT        4  2.5    48   161     939    (-,-) 
  g25150/Y                                                                  -       A->Y   F     INVX1_RVT         2  1.0    29    22     961    (-,-) 
  g142286/Y                                                                 -       A1->Y  R     OAI221X1_RVT      3  1.9    31   132    1093    (-,-) 
  g21516/Y                                                                  -       A2->Y  R     AO21X1_RVT        2  1.2    33    72    1165    (-,-) 
  gen_row[9].gen_col[7].u_pe_csa_tree_add_99_24_groupi_g139839/Y            -       A2->Y  R     OA21X1_RVT        3  1.8    36    69    1234    (-,-) 
  gen_row[9].gen_col[7].u_pe_csa_tree_add_99_24_groupi_g1927/Y              -       A1->Y  R     AND2X1_RVT        3  2.2    34    57    1291    (-,-) 
  gen_row[9].gen_col[7].u_pe_csa_tree_add_99_24_groupi_g1918/Y              -       A2->Y  R     OA21X1_RVT        2  1.6    34    68    1359    (-,-) 
  gen_row[9].gen_col[7].u_pe_csa_tree_add_99_24_groupi_g1908/Y              -       A2->Y  R     OA21X1_RVT        1  1.1    31    64    1423    (-,-) 
  gen_row[9].gen_col[7].u_pe_csa_tree_add_99_24_groupi_g1894/Y              -       S0->Y  F     MUX21X1_RVT       1  0.5    36    87    1510    (-,-) 
  g96342/Y                                                                  -       A1->Y  F     AO22X1_RVT        1  0.6    23    73    1582    (-,-) 
  gen_row[9].gen_col[7].u_pe_acc_r_reg[23]/D                                -       -      F     DFFARX1_RVT       1    -     -     0    1582    (-,-) 
#------------------------------------------------------------------------------------------------------------------------------------------------------



Path 2: VIOLATED (-667 ps) Setup Check with Pin gen_row[4].gen_col[5].u_pe_acc_r_reg[23]/CLK->D
          Group: clk
     Startpoint: (R) gen_row[4].gen_col[4].u_pe_a_out_reg[19]/CLK
          Clock: (R) clk
       Endpoint: (F) gen_row[4].gen_col[5].u_pe_acc_r_reg[23]/D
          Clock: (R) clk

                     Capture       Launch     
        Clock Edge:+    1000            0     
       Src Latency:+       0            0     
       Net Latency:+       0 (I)        0 (I) 
           Arrival:=    1000            0     
                                              
             Setup:-      35                  
       Uncertainty:-      50                  
     Required Time:=     915                  
      Launch Clock:-       0                  
         Data Path:-    1582                  
             Slack:=    -667                  

#-------------------------------------------------------------------------------------------------------------------------------------------------------
#                               Timing Point                                Flags    Arc    Edge     Cell      Fanout Load Trans Delay Arrival Instance 
#                                                                                                                     (fF)  (ps)  (ps)   (ps)  Location 
#-------------------------------------------------------------------------------------------------------------------------------------------------------
  gen_row[4].gen_col[4].u_pe_a_out_reg[19]/CLK                              -       -       R     (arrival)     15744    -    50     0       0    (-,-) 
  gen_row[4].gen_col[4].u_pe_a_out_reg[19]/QN                               -       CLK->QN R     SDFFARX1_RVT      1  0.8    38   125     125    (-,-) 
  g105775/Y                                                                 -       A->Y    F     INVX1_RVT         4  2.1    31    29     154    (-,-) 
  g33301/Y                                                                  -       A1->Y   R     NOR4X1_RVT        3  1.7    29   132     286    (-,-) 
  g167693/Y                                                                 -       A2->Y   F     NAND3X0_RVT       1  0.6    48    43     330    (-,-) 
  g167692/Y                                                                 -       A1->Y   F     AND2X1_RVT        5  2.5    34    69     399    (-,-) 
  g120418/Y                                                                 -       A3->Y   F     AO21X1_RVT        8  4.7    50    70     469    (-,-) 
  gen_row[4].gen_col[5].u_pe_csa_tree_add_99_24_groupi_g2086/Y              -       A1->Y   F     AND2X1_RVT        1  1.9    30    67     536    (-,-) 
  gen_row[4].gen_col[5].u_pe_csa_tree_add_99_24_groupi_cdnfadd_015_31834/CO -       B->CO   F     FADDX1_RVT        1  1.5    37    78     615    (-,-) 
  g31515/S                                                                  -       CI->S   R     FADDX1_RVT        1  1.9    44   144     759    (-,-) 
  g144747/CO                                                                -       B->CO   R     FADDX1_RVT        3  2.4    51    99     858    (-,-) 
  g3313/Y                                                                   -       A1->Y   F     XOR3X2_RVT        3  1.8    50   153    1011    (-,-) 
  g3312/Y                                                                   -       A1->Y   R     NAND2X0_RVT       2  1.1    48    56    1068    (-,-) 
  g7433/Y                                                                   -       A1->Y   R     AO21X1_RVT        2  1.2    33    74    1142    (-,-) 
  g7432/Y                                                                   -       A3->Y   R     OA221X1_RVT       3  1.8    42    91    1232    (-,-) 
  g155799/Y                                                                 -       A1->Y   R     AND2X1_RVT        3  2.2    34    59    1291    (-,-) 
  g155797/Y                                                                 -       A2->Y   R     OA21X1_RVT        2  1.6    34    68    1359    (-,-) 
  gen_row[4].gen_col[5].u_pe_csa_tree_add_99_24_groupi_g1908/Y              -       A2->Y   R     OA21X1_RVT        1  1.1    31    64    1423    (-,-) 
  gen_row[4].gen_col[5].u_pe_csa_tree_add_99_24_groupi_g1894/Y              -       S0->Y   F     MUX21X1_RVT       1  0.5    36    87    1510    (-,-) 
  g99475/Y                                                                  -       A1->Y   F     AO22X1_RVT        1  0.6    23    72    1582    (-,-) 
  gen_row[4].gen_col[5].u_pe_acc_r_reg[23]/D                                -       -       F     DFFARX1_RVT       1    -     -     0    1582    (-,-) 
#-------------------------------------------------------------------------------------------------------------------------------------------------------



Path 3: VIOLATED (-667 ps) Setup Check with Pin gen_row[11].gen_col[6].u_pe_acc_r_reg[23]/CLK->D
          Group: clk
     Startpoint: (R) gen_row[10].gen_col[6].u_pe_b_out_reg[25]/CLK
          Clock: (R) clk
       Endpoint: (F) gen_row[11].gen_col[6].u_pe_acc_r_reg[23]/D
          Clock: (R) clk

                     Capture       Launch     
        Clock Edge:+    1000            0     
       Src Latency:+       0            0     
       Net Latency:+       0 (I)        0 (I) 
           Arrival:=    1000            0     
                                              
             Setup:-      35                  
       Uncertainty:-      50                  
     Required Time:=     915                  
      Launch Clock:-       0                  
         Data Path:-    1582                  
             Slack:=    -667                  

#---------------------------------------------------------------------------------------------------------------------------------------------------
#                             Timing Point                               Flags    Arc   Edge     Cell      Fanout Load Trans Delay Arrival Instance 
#                                                                                                                 (fF)  (ps)  (ps)   (ps)  Location 
#---------------------------------------------------------------------------------------------------------------------------------------------------
  gen_row[10].gen_col[6].u_pe_b_out_reg[25]/CLK                          -       -      R     (arrival)     15744    -    50     0       0    (-,-) 
  gen_row[10].gen_col[6].u_pe_b_out_reg[25]/Q                            -       CLK->Q R     SDFFARX1_RVT      4  2.3    42   184     184    (-,-) 
  g23167/Y                                                               -       A2->Y  R     AND2X1_RVT        2  1.2    27    56     240    (-,-) 
  g167608/Y                                                              -       A4->Y  F     NAND4X0_RVT       1  0.6    57    58     298    (-,-) 
  g36008/Y                                                               -       A1->Y  R     NAND2X2_RVT       6  3.0    27    93     390    (-,-) 
  g121040/Y                                                              -       A1->Y  R     AO21X1_RVT        2  1.3    34    69     459    (-,-) 
  gen_row[11].gen_col[6].u_pe_csa_tree_add_99_24_groupi_g2150/Y          -       A->Y   R     NBUFFX4_RVT       7  4.2    26    50     510    (-,-) 
  gen_row[11].gen_col[6].u_pe_csa_tree_add_99_24_groupi_g38717/Y         -       A1->Y  R     AND2X1_RVT        1  1.9    32    53     563    (-,-) 
  gen_row[11].gen_col[6].u_pe_csa_tree_add_99_24_groupi_cdnfadd_016_1/CO -       B->CO  R     FADDX1_RVT        1  1.5    44    88     650    (-,-) 
  gen_row[11].gen_col[6].u_pe_csa_tree_add_99_24_groupi_cdnfadd_017_2/CO -       CI->CO R     FADDX1_RVT        2  3.0    56   100     751    (-,-) 
  g35761/Y                                                               -       A1->Y  F     XOR3X2_RVT        3  2.1    51   157     908    (-,-) 
  g23076/Y                                                               -       A2->Y  F     OA21X1_RVT        1  0.5    26    68     976    (-,-) 
  g23075/Y                                                               -       A3->Y  F     AO21X1_RVT        3  1.8    32    52    1028    (-,-) 
  g23074/Y                                                               -       A1->Y  F     OR2X1_RVT         2  2.0    30    66    1094    (-,-) 
  g23073/Y                                                               -       A->Y   R     INVX2_RVT         1  0.6    19    20    1114    (-,-) 
  g23070/Y                                                               -       A2->Y  R     OA21X1_RVT        1  0.5    26    55    1169    (-,-) 
  gen_row[11].gen_col[6].u_pe_csa_tree_add_99_24_groupi_g141412/Y        -       A3->Y  R     OA21X1_RVT        3  1.8    36    62    1230    (-,-) 
  g155897/Y                                                              -       A2->Y  R     AND2X1_RVT        3  2.2    34    61    1291    (-,-) 
  g155895/Y                                                              -       A2->Y  R     OA21X1_RVT        2  1.6    34    68    1359    (-,-) 
  gen_row[11].gen_col[6].u_pe_csa_tree_add_99_24_groupi_g1908/Y          -       A2->Y  R     OA21X1_RVT        1  1.1    31    64    1423    (-,-) 
  gen_row[11].gen_col[6].u_pe_csa_tree_add_99_24_groupi_g1894/Y          -       S0->Y  F     MUX21X1_RVT       1  0.5    36    87    1510    (-,-) 
  g97779/Y                                                               -       A1->Y  F     AO22X1_RVT        1  0.6    23    73    1582    (-,-) 
  gen_row[11].gen_col[6].u_pe_acc_r_reg[23]/D                            -       -      F     DFFARX1_RVT       1    -     -     0    1582    (-,-) 
#---------------------------------------------------------------------------------------------------------------------------------------------------



Path 4: VIOLATED (-667 ps) Setup Check with Pin gen_row[0].gen_col[0].u_pe_acc_r_reg[28]/CLK->D
          Group: clk
     Startpoint: (R) a_in[0][22]
          Clock: (R) clk
       Endpoint: (F) gen_row[0].gen_col[0].u_pe_acc_r_reg[28]/D
          Clock: (R) clk

                     Capture       Launch     
        Clock Edge:+    1000            0     
        Drv Adjust:+       0            5     
       Src Latency:+       0            0     
       Net Latency:+       0 (I)        0 (I) 
           Arrival:=    1000            5     
                                              
             Setup:-      46                  
       Uncertainty:-      50                  
     Required Time:=     904                  
      Launch Clock:-       5                  
       Input Delay:-     300                  
         Data Path:-    1266                  
             Slack:=    -667                  

Exceptions/Constraints:
  input_delay             300             in_del_491_1 

#----------------------------------------------------------------------------------------------------------------------------------------
#                        Timing Point                          Flags    Arc   Edge    Cell      Fanout Load Trans Delay Arrival Instance 
#                                                                                                      (fF)  (ps)  (ps)   (ps)  Location 
#----------------------------------------------------------------------------------------------------------------------------------------
  a_in[0][22]                                                  -       -      R     (arrival)        2  1.4    15     0     305    (-,-) 
  g142613/Y                                                    -       A2->Y  R     AND2X1_RVT       1  0.6    21    44     349    (-,-) 
  g915/Y                                                       -       A4->Y  F     NAND4X0_RVT      1  0.6    54    56     405    (-,-) 
  g167855/Y                                                    -       A2->Y  F     OA21X1_RVT       1  1.4    32    77     481    (-,-) 
  g167854/Y                                                    -       A->Y   R     INVX2_RVT        9  4.5    31    34     515    (-,-) 
  g167857/Y                                                    -       A1->Y  R     AO21X2_RVT       9  5.4    56    98     613    (-,-) 
  g142635/Y                                                    -       A1->Y  R     AND2X1_RVT       1  1.9    34    60     673    (-,-) 
  g31256/S                                                     -       A->S   F     FADDX1_RVT       1  1.5    42   140     813    (-,-) 
  g167489/CO                                                   -       CI->CO F     FADDX1_RVT       1  1.5    37    83     896    (-,-) 
  g167488/S                                                    -       CI->S  R     FADDX2_RVT       4  2.5    46   167    1062    (-,-) 
  g39750/Y                                                     -       A1->Y  F     AOI21X1_RVT      1  0.5    19    83    1145    (-,-) 
  g167749/Y                                                    -       A2->Y  F     AND2X1_RVT       2  1.1    24    50    1195    (-,-) 
  g138_167747/Y                                                -       A2->Y  F     OA21X1_RVT       3  1.7    32    67    1262    (-,-) 
  g167751/Y                                                    -       A2->Y  F     OA21X1_RVT       1  0.6    26    62    1324    (-,-) 
  g165081/Y                                                    -       A2->Y  F     OA21X1_RVT       4  2.1    35    71    1395    (-,-) 
  gen_row[0].gen_col[0].u_pe_csa_tree_add_99_24_groupi_g2023/Y -       A4->Y  F     OA221X1_RVT      2  1.3    44    86    1481    (-,-) 
  g163725/Y                                                    -       A1->Y  R     NAND2X0_RVT      1  0.6    36    45    1526    (-,-) 
  g163724/Y                                                    -       A2->Y  F     NAND3X0_RVT      1  0.6    44    45    1572    (-,-) 
  gen_row[0].gen_col[0].u_pe_acc_r_reg[28]/D                   -       -      F     DFFARX1_RVT      1    -     -     0    1572    (-,-) 
#----------------------------------------------------------------------------------------------------------------------------------------



Path 5: VIOLATED (-667 ps) Setup Check with Pin gen_row[0].gen_col[0].u_pe_acc_r_reg[29]/CLK->D
          Group: clk
     Startpoint: (R) a_in[0][22]
          Clock: (R) clk
       Endpoint: (F) gen_row[0].gen_col[0].u_pe_acc_r_reg[29]/D
          Clock: (R) clk

                     Capture       Launch     
        Clock Edge:+    1000            0     
        Drv Adjust:+       0            5     
       Src Latency:+       0            0     
       Net Latency:+       0 (I)        0 (I) 
           Arrival:=    1000            5     
                                              
             Setup:-      46                  
       Uncertainty:-      50                  
     Required Time:=     904                  
      Launch Clock:-       5                  
       Input Delay:-     300                  
         Data Path:-    1266                  
             Slack:=    -667                  

Exceptions/Constraints:
  input_delay             300             in_del_491_1 

#----------------------------------------------------------------------------------------------------------------------------------------
#                        Timing Point                          Flags    Arc   Edge    Cell      Fanout Load Trans Delay Arrival Instance 
#                                                                                                      (fF)  (ps)  (ps)   (ps)  Location 
#----------------------------------------------------------------------------------------------------------------------------------------
  a_in[0][22]                                                  -       -      R     (arrival)        2  1.4    15     0     305    (-,-) 
  g142613/Y                                                    -       A2->Y  R     AND2X1_RVT       1  0.6    21    44     349    (-,-) 
  g915/Y                                                       -       A4->Y  F     NAND4X0_RVT      1  0.6    54    56     405    (-,-) 
  g167855/Y                                                    -       A2->Y  F     OA21X1_RVT       1  1.4    32    77     481    (-,-) 
  g167854/Y                                                    -       A->Y   R     INVX2_RVT        9  4.5    31    34     515    (-,-) 
  g167857/Y                                                    -       A1->Y  R     AO21X2_RVT       9  5.4    56    98     613    (-,-) 
  g142635/Y                                                    -       A1->Y  R     AND2X1_RVT       1  1.9    34    60     673    (-,-) 
  g31256/S                                                     -       A->S   F     FADDX1_RVT       1  1.5    42   140     813    (-,-) 
  g167489/CO                                                   -       CI->CO F     FADDX1_RVT       1  1.5    37    83     896    (-,-) 
  g167488/S                                                    -       CI->S  R     FADDX2_RVT       4  2.5    46   167    1062    (-,-) 
  g39750/Y                                                     -       A1->Y  F     AOI21X1_RVT      1  0.5    19    83    1145    (-,-) 
  g167749/Y                                                    -       A2->Y  F     AND2X1_RVT       2  1.1    24    50    1195    (-,-) 
  g138_167747/Y                                                -       A2->Y  F     OA21X1_RVT       3  1.7    32    67    1262    (-,-) 
  g167751/Y                                                    -       A2->Y  F     OA21X1_RVT       1  0.6    26    62    1324    (-,-) 
  g165081/Y                                                    -       A2->Y  F     OA21X1_RVT       4  2.1    35    71    1395    (-,-) 
  gen_row[0].gen_col[0].u_pe_csa_tree_add_99_24_groupi_g2022/Y -       A4->Y  F     OA221X1_RVT      2  1.3    44    86    1481    (-,-) 
  g163723/Y                                                    -       A1->Y  R     NAND2X0_RVT      1  0.6    36    45    1526    (-,-) 
  g163722/Y                                                    -       A2->Y  F     NAND3X0_RVT      1  0.6    44    45    1572    (-,-) 
  gen_row[0].gen_col[0].u_pe_acc_r_reg[29]/D                   -       -      F     DFFARX1_RVT      1    -     -     0    1572    (-,-) 
#----------------------------------------------------------------------------------------------------------------------------------------



Path 6: VIOLATED (-667 ps) Setup Check with Pin gen_row[5].gen_col[1].u_pe_acc_r_reg[23]/CLK->D
          Group: clk
     Startpoint: (R) gen_row[5].gen_col[0].u_pe_a_out_reg[30]/CLK
          Clock: (R) clk
       Endpoint: (F) gen_row[5].gen_col[1].u_pe_acc_r_reg[23]/D
          Clock: (R) clk

                     Capture       Launch     
        Clock Edge:+    1000            0     
       Src Latency:+       0            0     
       Net Latency:+       0 (I)        0 (I) 
           Arrival:=    1000            0     
                                              
             Setup:-      35                  
       Uncertainty:-      50                  
     Required Time:=     915                  
      Launch Clock:-       0                  
         Data Path:-    1582                  
             Slack:=    -667                  

#------------------------------------------------------------------------------------------------------------------------------------------------------
#                              Timing Point                                Flags    Arc    Edge     Cell      Fanout Load Trans Delay Arrival Instance 
#                                                                                                                    (fF)  (ps)  (ps)   (ps)  Location 
#------------------------------------------------------------------------------------------------------------------------------------------------------
  gen_row[5].gen_col[0].u_pe_a_out_reg[30]/CLK                             -       -       R     (arrival)     15744    -    50     0       0    (-,-) 
  gen_row[5].gen_col[0].u_pe_a_out_reg[30]/QN                              -       CLK->QN F     SDFFARX1_RVT      2  1.3    42   116     116    (-,-) 
  g107696/Y                                                                -       A->Y    R     INVX1_RVT         3  1.6    31    34     150    (-,-) 
  g34169/Y                                                                 -       A2->Y   R     AND2X1_RVT        1  0.6    21    49     199    (-,-) 
  g34165/Y                                                                 -       A4->Y   F     NAND4X0_RVT       1  0.5    51    54     253    (-,-) 
  g145925/Y                                                                -       A1->Y   F     OA21X1_RVT        2  1.4    32    89     342    (-,-) 
  g34180/Y                                                                 -       A->Y    R     INVX1_RVT         6  3.0    37    38     381    (-,-) 
  g122047/Y                                                                -       A1->Y   R     AO21X1_RVT        8  4.8    61    94     475    (-,-) 
  gen_row[5].gen_col[1].u_pe_csa_tree_add_99_24_groupi_g2089/Y             -       A2->Y   R     AND2X1_RVT        1  1.0    27    60     535    (-,-) 
  gen_row[5].gen_col[1].u_pe_csa_tree_add_99_24_groupi_g2028/SO            -       B0->SO  F     HADDX1_RVT        1  1.5    35    97     632    (-,-) 
  gen_row[5].gen_col[1].u_pe_csa_tree_add_99_24_groupi_cdnfadd_012_32364/S -       CI->S   R     FADDX1_RVT        1  1.5    41   140     772    (-,-) 
  gen_row[5].gen_col[1].u_pe_csa_tree_add_99_24_groupi_cdnfadd_012_2/S     -       CI->S   F     FADDX1_RVT        3  2.4    48   142     914    (-,-) 
  gen_row[5].gen_col[1].u_pe_csa_tree_add_99_24_groupi_g2009/Y             -       A1->Y   F     AND2X1_RVT        2  1.0    24    60     974    (-,-) 
  g166288/Y                                                                -       A1->Y   F     AO22X1_RVT        1  0.6    24    66    1040    (-,-) 
  g166287/Y                                                                -       A1->Y   F     OR2X2_RVT         3  2.4    27    63    1104    (-,-) 
  g166286/Y                                                                -       A1->Y   F     AO21X1_RVT        5  3.0    39    82    1185    (-,-) 
  gen_row[5].gen_col[1].u_pe_csa_tree_add_99_24_groupi_g1933/Y             -       A2->Y   R     NAND2X0_RVT       1  0.6    38    45    1230    (-,-) 
  gen_row[5].gen_col[1].u_pe_csa_tree_add_99_24_groupi_g1927/Y             -       A2->Y   R     AND2X1_RVT        3  2.2    34    61    1292    (-,-) 
  gen_row[5].gen_col[1].u_pe_csa_tree_add_99_24_groupi_g1918/Y             -       A2->Y   R     OA21X1_RVT        2  1.6    34    68    1359    (-,-) 
  gen_row[5].gen_col[1].u_pe_csa_tree_add_99_24_groupi_g1908/Y             -       A2->Y   R     OA21X1_RVT        1  1.1    31    64    1423    (-,-) 
  gen_row[5].gen_col[1].u_pe_csa_tree_add_99_24_groupi_g1894/Y             -       S0->Y   F     MUX21X1_RVT       1  0.5    36    87    1510    (-,-) 
  g100393/Y                                                                -       A1->Y   F     AO22X1_RVT        1  0.6    23    72    1582    (-,-) 
  gen_row[5].gen_col[1].u_pe_acc_r_reg[23]/D                               -       -       F     DFFARX1_RVT       1    -     -     0    1582    (-,-) 
#------------------------------------------------------------------------------------------------------------------------------------------------------



Path 7: VIOLATED (-667 ps) Setup Check with Pin gen_row[0].gen_col[0].u_pe_acc_r_reg[26]/CLK->D
          Group: clk
     Startpoint: (R) a_in[0][22]
          Clock: (R) clk
       Endpoint: (R) gen_row[0].gen_col[0].u_pe_acc_r_reg[26]/D
          Clock: (R) clk

                     Capture       Launch     
        Clock Edge:+    1000            0     
        Drv Adjust:+       0            5     
       Src Latency:+       0            0     
       Net Latency:+       0 (I)        0 (I) 
           Arrival:=    1000            5     
                                              
             Setup:-      50                  
       Uncertainty:-      50                  
     Required Time:=     900                  
      Launch Clock:-       5                  
       Input Delay:-     300                  
         Data Path:-    1262                  
             Slack:=    -667                  

Exceptions/Constraints:
  input_delay             300             in_del_491_1 

#----------------------------------------------------------------------------------------------------------------------
#               Timing Point                 Flags    Arc   Edge    Cell      Fanout Load Trans Delay Arrival Instance 
#                                                                                    (fF)  (ps)  (ps)   (ps)  Location 
#----------------------------------------------------------------------------------------------------------------------
  a_in[0][22]                                -       -      R     (arrival)        2  1.4    15     0     305    (-,-) 
  g142613/Y                                  -       A2->Y  R     AND2X1_RVT       1  0.6    21    44     349    (-,-) 
  g915/Y                                     -       A4->Y  F     NAND4X0_RVT      1  0.6    54    56     405    (-,-) 
  g167855/Y                                  -       A2->Y  F     OA21X1_RVT       1  1.4    32    77     481    (-,-) 
  g167854/Y                                  -       A->Y   R     INVX2_RVT        9  4.5    31    34     515    (-,-) 
  g167857/Y                                  -       A1->Y  R     AO21X2_RVT       9  5.4    56    98     613    (-,-) 
  g142635/Y                                  -       A1->Y  R     AND2X1_RVT       1  1.9    34    60     673    (-,-) 
  g31256/S                                   -       A->S   F     FADDX1_RVT       1  1.5    42   140     813    (-,-) 
  g167489/CO                                 -       CI->CO F     FADDX1_RVT       1  1.5    37    83     896    (-,-) 
  g167488/S                                  -       CI->S  R     FADDX2_RVT       4  2.5    46   167    1062    (-,-) 
  g167441/Y                                  -       A3->Y  F     XOR3X2_RVT       6  3.4    55    83    1145    (-,-) 
  g120_0/Y                                   -       A2->Y  F     OA22X1_RVT       2  1.1    34    85    1230    (-,-) 
  g165895/Y                                  -       A2->Y  F     AND2X1_RVT       3  1.8    28    62    1292    (-,-) 
  g161770/Y                                  -       A1->Y  R     NAND2X0_RVT      1  0.6    35    37    1329    (-,-) 
  g145835/Y                                  -       A2->Y  F     NAND3X0_RVT      1  0.6    44    45    1374    (-,-) 
  g145834/Y                                  -       A1->Y  R     NAND2X0_RVT      2  1.1    46    53    1427    (-,-) 
  g145833/Y                                  -       A1->Y  R     AO22X1_RVT       1  0.5    28    72    1499    (-,-) 
  g100632/Y                                  -       A1->Y  R     AO22X1_RVT       1  0.6    29    68    1567    (-,-) 
  gen_row[0].gen_col[0].u_pe_acc_r_reg[26]/D -       -      R     DFFARX1_RVT      1    -     -     0    1567    (-,-) 
#----------------------------------------------------------------------------------------------------------------------



Path 8: VIOLATED (-667 ps) Setup Check with Pin gen_row[15].gen_col[5].u_pe_acc_r_reg[23]/CLK->D
          Group: clk
     Startpoint: (R) gen_row[15].gen_col[4].u_pe_a_out_reg[26]/CLK
          Clock: (R) clk
       Endpoint: (F) gen_row[15].gen_col[5].u_pe_acc_r_reg[23]/D
          Clock: (R) clk

                     Capture       Launch     
        Clock Edge:+    1000            0     
       Src Latency:+       0            0     
       Net Latency:+       0 (I)        0 (I) 
           Arrival:=    1000            0     
                                              
             Setup:-      35                  
       Uncertainty:-      50                  
     Required Time:=     915                  
      Launch Clock:-       0                  
         Data Path:-    1582                  
             Slack:=    -667                  

#---------------------------------------------------------------------------------------------------------------------------------------------------
#                             Timing Point                               Flags    Arc   Edge     Cell      Fanout Load Trans Delay Arrival Instance 
#                                                                                                                 (fF)  (ps)  (ps)   (ps)  Location 
#---------------------------------------------------------------------------------------------------------------------------------------------------
  gen_row[15].gen_col[4].u_pe_a_out_reg[26]/CLK                          -       -      R     (arrival)     15744    -    50     0       0    (-,-) 
  gen_row[15].gen_col[4].u_pe_a_out_reg[26]/Q                            -       CLK->Q F     SDFFARX1_RVT      4  2.2    37   173     173    (-,-) 
  g137403/Y                                                              -       A2->Y  F     OR4X1_RVT         1  0.5    16   134     308    (-,-) 
  g165099/Y                                                              -       A1->Y  F     OA21X1_RVT        7  3.8    46    84     392    (-,-) 
  g35868/Y                                                               -       A1->Y  F     OR2X1_RVT         9  5.3    51    90     482    (-,-) 
  gen_row[15].gen_col[5].u_pe_csa_tree_add_99_24_groupi_g28325/Y         -       A2->Y  F     AND2X1_RVT        1  1.9    30    72     554    (-,-) 
  gen_row[15].gen_col[5].u_pe_csa_tree_add_99_24_groupi_cdnfadd_015_1/S  -       A->S   R     FADDX1_RVT        1  1.5    41   144     698    (-,-) 
  gen_row[15].gen_col[5].u_pe_csa_tree_add_99_24_groupi_cdnfadd_015_3/CO -       CI->CO R     FADDX1_RVT        1  1.5    44    87     785    (-,-) 
  g145394/CO                                                             -       CI->CO R     FADDX1_RVT        2  2.6    53    97     882    (-,-) 
  g3187/Y                                                                -       A1->Y  F     XOR3X2_RVT        3  1.8    50   154    1036    (-,-) 
  g3186/Y                                                                -       A1->Y  R     NAND2X0_RVT       2  1.1    48    56    1092    (-,-) 
  g37657/Y                                                               -       A1->Y  R     AO21X1_RVT        2  1.2    33    74    1167    (-,-) 
  g37649/Y                                                               -       A2->Y  R     OA21X1_RVT        2  1.2    31    65    1232    (-,-) 
  g155874/Y                                                              -       A2->Y  R     AND2X1_RVT        3  2.2    34    59    1291    (-,-) 
  g155872/Y                                                              -       A2->Y  R     OA21X1_RVT        2  1.6    34    68    1359    (-,-) 
  gen_row[15].gen_col[5].u_pe_csa_tree_add_99_24_groupi_g1908/Y          -       A2->Y  R     OA21X1_RVT        1  1.1    31    64    1423    (-,-) 
  gen_row[15].gen_col[5].u_pe_csa_tree_add_99_24_groupi_g1894/Y          -       S0->Y  F     MUX21X1_RVT       1  0.5    36    87    1510    (-,-) 
  g100046/Y                                                              -       A1->Y  F     AO22X1_RVT        1  0.6    24    73    1582    (-,-) 
  gen_row[15].gen_col[5].u_pe_acc_r_reg[23]/D                            -       -      F     DFFARX1_RVT       1    -     -     0    1582    (-,-) 
#---------------------------------------------------------------------------------------------------------------------------------------------------



Path 9: VIOLATED (-667 ps) Setup Check with Pin gen_row[11].gen_col[5].u_pe_acc_r_reg[23]/CLK->D
          Group: clk
     Startpoint: (R) gen_row[10].gen_col[5].u_pe_b_out_reg[30]/CLK
          Clock: (R) clk
       Endpoint: (F) gen_row[11].gen_col[5].u_pe_acc_r_reg[23]/D
          Clock: (R) clk

                     Capture       Launch     
        Clock Edge:+    1000            0     
       Src Latency:+       0            0     
       Net Latency:+       0 (I)        0 (I) 
           Arrival:=    1000            0     
                                              
             Setup:-      35                  
       Uncertainty:-      50                  
     Required Time:=     915                  
      Launch Clock:-       0                  
         Data Path:-    1582                  
             Slack:=    -667                  

#--------------------------------------------------------------------------------------------------------------------------------------------------------
#                               Timing Point                                 Flags    Arc    Edge     Cell      Fanout Load Trans Delay Arrival Instance 
#                                                                                                                      (fF)  (ps)  (ps)   (ps)  Location 
#--------------------------------------------------------------------------------------------------------------------------------------------------------
  gen_row[10].gen_col[5].u_pe_b_out_reg[30]/CLK                              -       -       R     (arrival)     15744    -    50     0       0    (-,-) 
  gen_row[10].gen_col[5].u_pe_b_out_reg[30]/QN                               -       CLK->QN R     SDFFARX1_RVT      1  0.8    38   125     125    (-,-) 
  g109183/Y                                                                  -       A->Y    F     INVX1_RVT         4  2.0    31    28     153    (-,-) 
  g137760/Y                                                                  -       A1->Y   R     NOR4X1_RVT        2  1.1    25   128     282    (-,-) 
  g35889/Y                                                                   -       A1->Y   F     NAND3X0_RVT       1  0.6    43    36     318    (-,-) 
  g27964/Y                                                                   -       A2->Y   F     OA21X1_RVT        5  2.6    38    80     398    (-,-) 
  g27967/Y                                                                   -       A3->Y   F     AO21X1_RVT        8  4.2    47    69     468    (-,-) 
  gen_row[11].gen_col[5].u_pe_csa_tree_add_99_24_groupi_g26454/Y             -       A1->Y   F     AND2X1_RVT        1  1.9    30    66     533    (-,-) 
  gen_row[11].gen_col[5].u_pe_csa_tree_add_99_24_groupi_cdnfadd_015_1/S      -       A->S    R     FADDX1_RVT        1  1.5    41   144     677    (-,-) 
  gen_row[11].gen_col[5].u_pe_csa_tree_add_99_24_groupi_cdnfadd_015_31444/CO -       CI->CO  R     FADDX1_RVT        1  1.5    44    87     764    (-,-) 
  g165553/CO                                                                 -       CI->CO  R     FADDX1_RVT        3  2.3    50    95     859    (-,-) 
  g165555/Y                                                                  -       A1->Y   F     XOR3X2_RVT        3  1.8    50   153    1012    (-,-) 
  g165556/Y                                                                  -       A1->Y   R     NAND2X0_RVT       2  1.1    48    56    1068    (-,-) 
  g7400/Y                                                                    -       A1->Y   R     AO21X1_RVT        2  1.2    33    74    1142    (-,-) 
  g167398/Y                                                                  -       A3->Y   R     OA221X1_RVT       3  1.8    42    91    1233    (-,-) 
  g155901/Y                                                                  -       A1->Y   R     AND2X1_RVT        3  2.2    34    59    1292    (-,-) 
  g155899/Y                                                                  -       A2->Y   R     OA21X1_RVT        2  1.6    34    68    1360    (-,-) 
  gen_row[11].gen_col[5].u_pe_csa_tree_add_99_24_groupi_g1908/Y              -       A2->Y   R     OA21X1_RVT        1  1.1    30    64    1424    (-,-) 
  gen_row[11].gen_col[5].u_pe_csa_tree_add_99_24_groupi_g1894/Y              -       S0->Y   F     MUX21X1_RVT       1  0.5    36    86    1510    (-,-) 
  g97754/Y                                                                   -       A1->Y   F     AO22X1_RVT        1  0.6    23    72    1582    (-,-) 
  gen_row[11].gen_col[5].u_pe_acc_r_reg[23]/D                                -       -       F     DFFARX1_RVT       1    -     -     0    1582    (-,-) 
#--------------------------------------------------------------------------------------------------------------------------------------------------------



Path 10: VIOLATED (-667 ps) Setup Check with Pin gen_row[9].gen_col[3].u_pe_acc_r_reg[23]/CLK->D
          Group: clk
     Startpoint: (R) gen_row[9].gen_col[2].u_pe_a_out_reg[26]/CLK
          Clock: (R) clk
       Endpoint: (F) gen_row[9].gen_col[3].u_pe_acc_r_reg[23]/D
          Clock: (R) clk

                     Capture       Launch     
        Clock Edge:+    1000            0     
       Src Latency:+       0            0     
       Net Latency:+       0 (I)        0 (I) 
           Arrival:=    1000            0     
                                              
             Setup:-      35                  
       Uncertainty:-      50                  
     Required Time:=     915                  
      Launch Clock:-       0                  
         Data Path:-    1582                  
             Slack:=    -667                  

#-------------------------------------------------------------------------------------------------------------------------------------------------
#                            Timing Point                              Flags    Arc   Edge     Cell      Fanout Load Trans Delay Arrival Instance 
#                                                                                                               (fF)  (ps)  (ps)   (ps)  Location 
#-------------------------------------------------------------------------------------------------------------------------------------------------
  gen_row[9].gen_col[2].u_pe_a_out_reg[26]/CLK                         -       -      R     (arrival)     15744    -    50     0       0    (-,-) 
  gen_row[9].gen_col[2].u_pe_a_out_reg[26]/Q                           -       CLK->Q R     SDFFARX1_RVT      4  2.1    40   183     183    (-,-) 
  g128546/Y                                                            -       A4->Y  F     NAND4X0_RVT       1  0.6    58    61     244    (-,-) 
  g127460/Y                                                            -       A->Y   R     INVX0_RVT         1  0.6    33    36     279    (-,-) 
  g124342/Y                                                            -       A1->Y  R     AND3X1_RVT        2  1.2    32    61     340    (-,-) 
  g27785/Y                                                             -       A2->Y  R     OR2X2_RVT         6  3.0    31    57     398    (-,-) 
  g27788/Y                                                             -       A1->Y  R     AO21X1_RVT        7  4.2    56    89     487    (-,-) 
  gen_row[9].gen_col[3].u_pe_csa_tree_add_99_24_groupi_g27794/Y        -       A1->Y  R     AND2X1_RVT        1  1.9    34    60     547    (-,-) 
  gen_row[9].gen_col[3].u_pe_csa_tree_add_99_24_groupi_cdnfadd_013_0/S -       B->S   F     FADDX1_RVT        1  1.5    42   137     684    (-,-) 
  gen_row[9].gen_col[3].u_pe_csa_tree_add_99_24_groupi_cdnfadd_013_2/S -       CI->S  R     FADDX1_RVT        1  1.5    41   143     827    (-,-) 
  gen_row[9].gen_col[3].u_pe_csa_tree_add_99_24_groupi_cdnfadd_013_3/S -       CI->S  F     FADDX1_RVT        3  3.6    55   149     976    (-,-) 
  g41663/Y                                                             -       A2->Y  F     OA21X1_RVT        1  0.6    27    71    1047    (-,-) 
  g41662/Y                                                             -       A1->Y  F     AO21X1_RVT        4  2.8    38    80    1128    (-,-) 
  g1082_0/Y                                                            -       A1->Y  F     AO21X1_RVT        1  0.6    24    72    1200    (-,-) 
  g1079/Y                                                              -       A1->Y  R     NAND2X0_RVT       1  0.6    35    35    1234    (-,-) 
  g37678/Y                                                             -       A1->Y  R     AND2X1_RVT        3  2.2    34    57    1292    (-,-) 
  gen_row[9].gen_col[3].u_pe_csa_tree_add_99_24_groupi_g1918/Y         -       A2->Y  R     OA21X1_RVT        2  1.6    34    68    1359    (-,-) 
  gen_row[9].gen_col[3].u_pe_csa_tree_add_99_24_groupi_g1908/Y         -       A2->Y  R     OA21X1_RVT        1  1.1    31    64    1423    (-,-) 
  gen_row[9].gen_col[3].u_pe_csa_tree_add_99_24_groupi_g1894/Y         -       S0->Y  F     MUX21X1_RVT       1  0.5    36    87    1510    (-,-) 
  g96486/Y                                                             -       A1->Y  F     AO22X1_RVT        1  0.6    23    72    1582    (-,-) 
  gen_row[9].gen_col[3].u_pe_acc_r_reg[23]/D                           -       -      F     DFFARX1_RVT       1    -     -     0    1582    (-,-) 
#-------------------------------------------------------------------------------------------------------------------------------------------------

