============================================================
  Generated by:           Genus(TM) Synthesis Solution 21.12-s068_1
  Generated on:           May 17 2026  09:22:28 pm
  Module:                 tile_buffer_DATA_WIDTH32_TILE_DIM64_NUM_RD_PORTS1
  Operating conditions:   _nominal_ (balanced_tree)
  Wireload mode:          enclosed
  Area mode:              timing library
============================================================

                                     
    Gate      Instances     Area             Library         
-------------------------------------------------------------
AND2X1_RVT         8904    18103.185    saed32rvt_tt0p85v25c 
AND2X2_RVT          452     1033.858    saed32rvt_tt0p85v25c 
AND2X4_RVT          994     2778.810    saed32rvt_tt0p85v25c 
AND3X1_RVT         3880     8874.708    saed32rvt_tt0p85v25c 
AND3X2_RVT            7       17.790    saed32rvt_tt0p85v25c 
AND3X4_RVT            4       12.199    saed32rvt_tt0p85v25c 
AND4X1_RVT         4603    11698.248    saed32rvt_tt0p85v25c 
AND4X2_RVT            3       11.436    saed32rvt_tt0p85v25c 
AND4X4_RVT           11       47.525    saed32rvt_tt0p85v25c 
AO21X1_RVT         3164     8041.116    saed32rvt_tt0p85v25c 
AO221X1_RVT       64867   197826.706    saed32rvt_tt0p85v25c 
AO222X1_RVT        4860    16056.818    saed32rvt_tt0p85v25c 
AO22X1_RVT        96118   244278.130    saed32rvt_tt0p85v25c 
AOI21X1_RVT        1065     3247.960    saed32rvt_tt0p85v25c 
AOI221X1_RVT      13682    48680.775    saed32rvt_tt0p85v25c 
AOI222X1_RVT       2483     9465.593    saed32rvt_tt0p85v25c 
AOI22X1_RVT        4479    13659.732    saed32rvt_tt0p85v25c 
DEC24X1_RVT          31      189.083    saed32rvt_tt0p85v25c 
DEC24X2_RVT          52      370.034    saed32rvt_tt0p85v25c 
DELLN1X2_RVT        210     1067.405    saed32rvt_tt0p85v25c 
DFFARX1_RVT        2279    16217.437    saed32rvt_tt0p85v25c 
DFFARX2_RVT          21      160.111    saed32rvt_tt0p85v25c 
HADDX1_RVT            1        3.304    saed32rvt_tt0p85v25c 
HADDX2_RVT           15       57.182    saed32rvt_tt0p85v25c 
IBUFFX16_RVT         54      356.818    saed32rvt_tt0p85v25c 
IBUFFX2_RVT         258      655.692    saed32rvt_tt0p85v25c 
IBUFFX32_RVT          8       93.525    saed32rvt_tt0p85v25c 
IBUFFX4_RVT          10       30.497    saed32rvt_tt0p85v25c 
IBUFFX8_RVT           1        4.320    saed32rvt_tt0p85v25c 
INVX0_RVT          5387     6845.369    saed32rvt_tt0p85v25c 
INVX16_RVT           12       60.995    saed32rvt_tt0p85v25c 
INVX1_RVT        130069   165281.280    saed32rvt_tt0p85v25c 
INVX2_RVT          8545    13029.963    saed32rvt_tt0p85v25c 
INVX4_RVT          5722    11633.696    saed32rvt_tt0p85v25c 
INVX8_RVT           410     1250.388    saed32rvt_tt0p85v25c 
NAND2X0_RVT        8402    12811.907    saed32rvt_tt0p85v25c 
NAND2X1_RVT           8       20.332    saed32rvt_tt0p85v25c 
NAND2X2_RVT          54      150.962    saed32rvt_tt0p85v25c 
NAND2X4_RVT         228      753.283    saed32rvt_tt0p85v25c 
NAND3X0_RVT        3085     5488.240    saed32rvt_tt0p85v25c 
NAND3X1_RVT           3        8.387    saed32rvt_tt0p85v25c 
NAND3X2_RVT           7       21.348    saed32rvt_tt0p85v25c 
NAND4X0_RVT        5363    10903.794    saed32rvt_tt0p85v25c 
NAND4X1_RVT           2        6.099    saed32rvt_tt0p85v25c 
NBUFFX16_RVT        986     6014.064    saed32rvt_tt0p85v25c 
NBUFFX2_RVT        2291     4657.951    saed32rvt_tt0p85v25c 
NBUFFX32_RVT        391     4173.553    saed32rvt_tt0p85v25c 
NBUFFX4_RVT        4768    12117.586    saed32rvt_tt0p85v25c 
NBUFFX8_RVT        1189     4532.658    saed32rvt_tt0p85v25c 
NOR2X0_RVT         4393    11164.546    saed32rvt_tt0p85v25c 
NOR2X1_RVT           95      241.437    saed32rvt_tt0p85v25c 
NOR2X2_RVT         1085     3033.209    saed32rvt_tt0p85v25c 
NOR2X4_RVT         2411     7965.635    saed32rvt_tt0p85v25c 
NOR3X0_RVT         3651    10206.677    saed32rvt_tt0p85v25c 
NOR3X1_RVT          306      855.449    saed32rvt_tt0p85v25c 
NOR3X2_RVT           17       51.845    saed32rvt_tt0p85v25c 
NOR3X4_RVT           43      152.995    saed32rvt_tt0p85v25c 
NOR4X0_RVT           24       73.193    saed32rvt_tt0p85v25c 
NOR4X1_RVT        14330    43702.602    saed32rvt_tt0p85v25c 
OA21X1_RVT          339      861.548    saed32rvt_tt0p85v25c 
OA221X1_RVT         498     1518.765    saed32rvt_tt0p85v25c 
OA222X1_RVT         151      498.885    saed32rvt_tt0p85v25c 
OA22X1_RVT         1160     2948.070    saed32rvt_tt0p85v25c 
OAI21X1_RVT          14       42.696    saed32rvt_tt0p85v25c 
OAI221X1_RVT         38      135.205    saed32rvt_tt0p85v25c 
OAI222X1_RVT          2        7.624    saed32rvt_tt0p85v25c 
OAI22X1_RVT          23       70.144    saed32rvt_tt0p85v25c 
OR2X1_RVT          8927    18149.948    saed32rvt_tt0p85v25c 
OR2X2_RVT          1861     4256.658    saed32rvt_tt0p85v25c 
OR2X4_RVT          4103    11470.281    saed32rvt_tt0p85v25c 
OR3X1_RVT          4212    10704.545    saed32rvt_tt0p85v25c 
OR3X2_RVT           134      340.553    saed32rvt_tt0p85v25c 
OR4X1_RVT           261      928.642    saed32rvt_tt0p85v25c 
OR4X2_RVT             2        7.624    saed32rvt_tt0p85v25c 
SDFFARX1_RVT     126452  1156932.615    saed32rvt_tt0p85v25c 
SDFFARX2_RVT       2320    22405.335    saed32rvt_tt0p85v25c 
-------------------------------------------------------------
total            566290  2171528.579                         


                                            
     Type      Instances     Area    Area % 
--------------------------------------------
sequential        131072 1195715.498   55.1 
inverter          150476  199242.542    9.2 
buffer              9835   32563.217    1.5 
logic             274907  744007.322   34.3 
physical_cells         0       0.000    0.0 
--------------------------------------------
total             566290 2171528.579  100.0 

