============================================================
  Generated by:           Genus(TM) Synthesis Solution 21.12-s068_1
  Generated on:           May 17 2026  09:22:28 pm
  Module:                 tile_buffer_DATA_WIDTH32_TILE_DIM64_NUM_RD_PORTS1
  Operating conditions:   _nominal_ (balanced_tree)
  Wireload mode:          enclosed
  Area mode:              timing library
============================================================

Timing
--------

Clock Period 
-------------
clk   1000.0 


  Cost    Critical              Violating 
 Group   Path Slack     TNS       Paths   
------------------------------------------
clk          -740.6   -70969.6         96 
default    No paths        0.0            
------------------------------------------
Total                 -70969.6         96 

Instance Count
--------------
Leaf Instance Count             566290 
Physical Instance count              0 
Sequential Instance Count       131072 
Combinational Instance Count    435218 
Hierarchical Instance Count          0 

Area
----
Cell Area                          2171528.579
Physical Cell Area                 0.000
Total Cell Area (Cell+Physical)    2171528.579
Net Area                           0.000
Total Area (Cell+Physical+Net)     2171528.579

Max Fanout                         131072 (clk)
Min Fanout                         0 (rst_n)
Average Fanout                     3.1
Terms to net ratio                 4.5851
Terms to instance ratio            4.5885
Runtime                            15538.169910000019 seconds
Elapsed Runtime                    14755 seconds
Genus peak memory usage            7521.12 
Innovus peak memory usage          no_value 
Hostname                           phobos.ece.pdx.edu
