============================================================
  Generated by:           Genus(TM) Synthesis Solution 21.12-s068_1
  Generated on:           May 17 2026  09:21:26 pm
  Module:                 tile_buffer_DATA_WIDTH32_TILE_DIM64_NUM_RD_PORTS1
  Operating conditions:   _nominal_ (balanced_tree)
  Wireload mode:          enclosed
  Area mode:              timing library
============================================================


Path 1: VIOLATED (-741 ps) Late External Delay Assertion at pin mp_rd_data[0][2]
          Group: clk
     Startpoint: (F) mp_rd_row[0][5]
          Clock: (R) clk
       Endpoint: (R) mp_rd_data[0][2]
          Clock: (R) clk

                     Capture       Launch     
        Clock Edge:+    1000            0     
        Drv Adjust:+       0           21     
       Src Latency:+       0            0     
       Net Latency:+       0 (I)        0 (I) 
           Arrival:=    1000           21     
                                              
      Output Delay:-     300                  
       Uncertainty:-      50                  
     Required Time:=     650                  
      Launch Clock:-      21                  
       Input Delay:-     300                  
         Data Path:-    1069                  
             Slack:=    -741                  

Exceptions/Constraints:
  input_delay              300             in_del_75_1  
  output_delay             300             ou_del_180_1 

#--------------------------------------------------------------------------------------------
#  Timing Point    Flags   Arc   Edge     Cell      Fanout Load Trans Delay Arrival Instance 
#                                                          (fF)  (ps)  (ps)   (ps)  Location 
#--------------------------------------------------------------------------------------------
  mp_rd_row[0][5]  -       -     F     (arrival)         9  5.1    44     0     321    (-,-) 
  fopt3571993/Y    -       A->Y  F     NBUFFX2_RVT       4  2.7    26    57     378    (-,-) 
  g3534520/Y       -       A1->Y F     OR3X1_RVT         1  0.8    26    76     454    (-,-) 
  g3534519/Y       -       A->Y  R     INVX1_RVT         3  1.6    25    28     482    (-,-) 
  g3554641/Y       -       A3->Y F     NAND3X0_RVT       3  2.1    80    69     552    (-,-) 
  g3554644/Y       -       A->Y  F     NBUFFX4_RVT       4  4.1    32    71     623    (-,-) 
  g3580240/Y       -       A->Y  F     NBUFFX16_RVT     22 14.0    24    51     674    (-,-) 
  g582103/Y        -       A2->Y R     NOR2X4_RVT       32 17.7    59   109     783    (-,-) 
  g3562241/Y       -       A3->Y R     AO22X1_RVT        1  0.6    30    64     847    (-,-) 
  g3562240/Y       -       A5->Y R     AO221X1_RVT       1  0.5    34    64     911    (-,-) 
  g3562239/Y       -       A1->Y F     NOR4X1_RVT        1  0.4    21    96    1007    (-,-) 
  g3562233/Y       -       A4->Y F     AND4X1_RVT        1  0.5    39    85    1092    (-,-) 
  g3562230/Y       -       A2->Y F     AND2X1_RVT        1  0.6    22    56    1148    (-,-) 
  g3562227/Y       -       A2->Y R     NAND3X0_RVT       1  0.6    33    31    1180    (-,-) 
  g3538158/Y       -       A->Y  F     INVX0_RVT         1  0.6    22    20    1199    (-,-) 
  g3546003/Y       -       A1->Y F     AND3X1_RVT        1  0.5    27    54    1253    (-,-) 
  g3550939/Y       -       A2->Y F     AND2X1_RVT        1  0.6    21    50    1303    (-,-) 
  g3579607/Y       -       A1->Y F     AND3X1_RVT        1  0.6    28    54    1357    (-,-) 
  g3579605/Y       -       A2->Y R     NAND4X0_RVT       1  0.1    39    34    1391    (-,-) 
  mp_rd_data[0][2] -       -     R     (port)            -    -     -     0    1391    (-,-) 
#--------------------------------------------------------------------------------------------



Path 2: VIOLATED (-741 ps) Late External Delay Assertion at pin mp_rd_data[0][8]
          Group: clk
     Startpoint: (R) mp_rd_row[0][0]
          Clock: (R) clk
       Endpoint: (F) mp_rd_data[0][8]
          Clock: (R) clk

                     Capture       Launch     
        Clock Edge:+    1000            0     
        Drv Adjust:+       0           20     
       Src Latency:+       0            0     
       Net Latency:+       0 (I)        0 (I) 
           Arrival:=    1000           20     
                                              
      Output Delay:-     300                  
       Uncertainty:-      50                  
     Required Time:=     650                  
      Launch Clock:-      20                  
       Input Delay:-     300                  
         Data Path:-    1071                  
             Slack:=    -741                  

Exceptions/Constraints:
  input_delay              300             in_del_80_1  
  output_delay             300             ou_del_174_1 

#-------------------------------------------------------------------------------------------
#  Timing Point    Flags   Arc   Edge    Cell      Fanout Load Trans Delay Arrival Instance 
#                                                         (fF)  (ps)  (ps)   (ps)  Location 
#-------------------------------------------------------------------------------------------
  mp_rd_row[0][0]  -       -     R     (arrival)        7  4.3    44     0     320    (-,-) 
  fopt3584041/Y    -       A->Y  F     INVX0_RVT        1  0.6    26    21     341    (-,-) 
  g3529530/Y       -       A1->Y R     NAND3X0_RVT      2  1.2    47    38     378    (-,-) 
  fopt3431761/Y    -       A->Y  R     NBUFFX2_RVT      3  2.9    30    54     432    (-,-) 
  fopt3431760/Y    -       A->Y  R     NBUFFX8_RVT      4  3.4    20    43     475    (-,-) 
  fopt3431759/Y    -       A->Y  R     NBUFFX8_RVT      3  2.9    19    38     513    (-,-) 
  fopt3431758/Y    -       A->Y  R     NBUFFX8_RVT      9  6.7    23    42     555    (-,-) 
  g3358312/Y       -       A2->Y R     OR2X2_RVT        1  5.5    42    62     617    (-,-) 
  fopt48416/Y      -       A->Y  F     INVX8_RVT        7 14.6    30    26     642    (-,-) 
  fopt48415/Y      -       A->Y  R     INVX8_RVT       17 18.4    29    31     673    (-,-) 
  g3358396/Y       -       A2->Y F     NOR2X4_RVT      32 17.9    55   113     786    (-,-) 
  g3577568/Y       -       A1->Y F     AO22X1_RVT       1  0.6    25    83     869    (-,-) 
  g3577567/Y       -       A5->Y F     AO221X1_RVT      1  0.6    30    54     924    (-,-) 
  g3577566/Y       -       A2->Y R     NOR4X1_RVT       1  0.6    22   118    1042    (-,-) 
  g3359958/Y       -       A2->Y R     AND2X1_RVT       1  0.6    21    46    1088    (-,-) 
  g3454680/Y       -       A1->Y R     AND3X1_RVT       1  0.6    27    53    1141    (-,-) 
  g3568519/Y       -       A1->Y R     AND2X1_RVT       1  0.7    22    45    1186    (-,-) 
  g3568518/Y       -       A1->Y F     NAND4X0_RVT      1  0.7    57    43    1229    (-,-) 
  g3574946/Y       -       A3->Y R     NOR3X0_RVT       1  0.6    21    87    1316    (-,-) 
  g3579325/Y       -       A1->Y R     AND2X1_RVT       1  0.7    22    43    1359    (-,-) 
  g3575209/Y       -       A1->Y F     NAND4X0_RVT      1  0.1    41    32    1391    (-,-) 
  mp_rd_data[0][8] -       -     F     (port)           -    -     -     0    1391    (-,-) 
#-------------------------------------------------------------------------------------------



Path 3: VIOLATED (-741 ps) Late External Delay Assertion at pin mp_rd_data[0][18]
          Group: clk
     Startpoint: (F) mp_rd_col[0][5]
          Clock: (R) clk
       Endpoint: (F) mp_rd_data[0][18]
          Clock: (R) clk

                     Capture       Launch     
        Clock Edge:+    1000            0     
        Drv Adjust:+       0           10     
       Src Latency:+       0            0     
       Net Latency:+       0 (I)        0 (I) 
           Arrival:=    1000           10     
                                              
      Output Delay:-     300                  
       Uncertainty:-      50                  
     Required Time:=     650                  
      Launch Clock:-      10                  
       Input Delay:-     300                  
         Data Path:-    1080                  
             Slack:=    -741                  

Exceptions/Constraints:
  input_delay              300             in_del_83_1  
  output_delay             300             ou_del_164_1 

#--------------------------------------------------------------------------------------------
#   Timing Point    Flags   Arc   Edge    Cell      Fanout Load Trans Delay Arrival Instance 
#                                                          (fF)  (ps)  (ps)   (ps)  Location 
#--------------------------------------------------------------------------------------------
  mp_rd_col[0][5]   -       -     F     (arrival)        2  2.8    24     0     310    (-,-) 
  fopt3567454/Y     -       A->Y  F     NBUFFX8_RVT      9  4.8    20    42     353    (-,-) 
  g3549126/Y        -       A2->Y F     AND3X1_RVT       6  3.7    47    79     432    (-,-) 
  g3573811/Y        -       A1->Y R     NAND2X4_RVT     12  8.9    36    98     530    (-,-) 
  fopt3430849/Y     -       A->Y  F     INVX1_RVT        2  1.9    29    27     557    (-,-) 
  fopt3430848/Y     -       A->Y  R     INVX2_RVT        2  1.3    20    22     580    (-,-) 
  fopt3430847/Y     -       A->Y  R     NBUFFX4_RVT      5  3.3    24    43     623    (-,-) 
  fopt3430846/Y     -       A->Y  R     NBUFFX4_RVT      6  4.0    26    46     669    (-,-) 
  fopt3430845/Y     -       A->Y  R     NBUFFX4_RVT      8  5.0    28    49     718    (-,-) 
  g3567658/Y        -       A1->Y R     OR2X2_RVT        1  5.5    41    68     786    (-,-) 
  g3567657/Y        -       A->Y  F     INVX8_RVT       31 18.6    33    29     815    (-,-) 
  g3230600/Y        -       A1->Y F     AO221X1_RVT      1  0.6    30    98     912    (-,-) 
  g3335739/Y        -       A3->Y R     NOR4X1_RVT       1  0.6    22   107    1019    (-,-) 
  g3522343/Y        -       A4->Y F     NAND4X0_RVT      1  0.6    54    56    1075    (-,-) 
  g3538264/Y        -       A->Y  R     INVX0_RVT        1  0.6    32    34    1110    (-,-) 
  g3573240/Y        -       A1->Y R     AND2X1_RVT       1  0.5    21    45    1155    (-,-) 
  g3573239/Y        -       A3->Y R     AND4X1_RVT       1  0.5    34    78    1233    (-,-) 
  g3573238/Y        -       A2->Y R     AND4X1_RVT       1  0.6    34    78    1311    (-,-) 
  g3571411/Y        -       A1->Y R     AND2X1_RVT       1  0.7    22    47    1359    (-,-) 
  g3575504/Y        -       A1->Y F     NAND4X0_RVT      1  0.1    41    32    1391    (-,-) 
  mp_rd_data[0][18] -       -     F     (port)           -    -     -     0    1391    (-,-) 
#--------------------------------------------------------------------------------------------



Path 4: VIOLATED (-741 ps) Late External Delay Assertion at pin mp_rd_data[0][22]
          Group: clk
     Startpoint: (F) mp_rd_row[0][0]
          Clock: (R) clk
       Endpoint: (R) mp_rd_data[0][22]
          Clock: (R) clk

                     Capture       Launch     
        Clock Edge:+    1000            0     
        Drv Adjust:+       0           18     
       Src Latency:+       0            0     
       Net Latency:+       0 (I)        0 (I) 
           Arrival:=    1000           18     
                                              
      Output Delay:-     300                  
       Uncertainty:-      50                  
     Required Time:=     650                  
      Launch Clock:-      18                  
       Input Delay:-     300                  
         Data Path:-    1073                  
             Slack:=    -741                  

Exceptions/Constraints:
  input_delay              300             in_del_80_1  
  output_delay             300             ou_del_160_1 

#--------------------------------------------------------------------------------------------
#   Timing Point    Flags   Arc   Edge    Cell      Fanout Load Trans Delay Arrival Instance 
#                                                          (fF)  (ps)  (ps)   (ps)  Location 
#--------------------------------------------------------------------------------------------
  mp_rd_row[0][0]   -       -     F     (arrival)        7  4.4    38     0     318    (-,-) 
  fopt3584041/Y     -       A->Y  R     INVX0_RVT        1  0.6    25    29     347    (-,-) 
  g3529530/Y        -       A1->Y F     NAND3X0_RVT      2  1.2    61    46     393    (-,-) 
  fopt3431761/Y     -       A->Y  F     NBUFFX2_RVT      3  2.8    29    65     458    (-,-) 
  g3479227/Y        -       A2->Y F     OR2X2_RVT        3  4.1    32    63     521    (-,-) 
  g3479247/Y        -       A->Y  R     INVX4_RVT       11  7.6    27    31     552    (-,-) 
  g3549112/Y        -       A2->Y R     AND2X1_RVT       7  3.7    46    67     619    (-,-) 
  fopt3426986/Y     -       A->Y  R     NBUFFX2_RVT      3  1.7    26    50     669    (-,-) 
  fopt3426985/Y     -       A->Y  R     NBUFFX4_RVT      3  1.7    21    43     711    (-,-) 
  fopt3426984/Y     -       A->Y  R     NBUFFX4_RVT      5  2.7    23    43     754    (-,-) 
  fopt3426983/Y     -       A->Y  R     NBUFFX4_RVT      3  2.7    23    44     798    (-,-) 
  fopt3426982/Y     -       A->Y  R     NBUFFX8_RVT      5  3.5    20    40     838    (-,-) 
  g444619/Y         -       A1->Y R     AO22X1_RVT       1  0.6    29    65     903    (-,-) 
  g437564/Y         -       A5->Y R     AO221X1_RVT      1  0.7    36    65     969    (-,-) 
  g3562265/Y        -       A3->Y F     NOR3X0_RVT       1  0.5    20    72    1041    (-,-) 
  g3562263/Y        -       A2->Y F     AND4X1_RVT       1  0.6    39    74    1114    (-,-) 
  g3562262/Y        -       A1->Y R     NAND3X0_RVT      1  0.7    34    39    1153    (-,-) 
  g28736/Y          -       A2->Y R     OR2X1_RVT        1  0.8    24    49    1202    (-,-) 
  g3566625/Y        -       A->Y  F     INVX1_RVT        1  0.6    17    16    1218    (-,-) 
  g3582314/Y        -       A1->Y F     AND3X1_RVT       1  0.6    28    52    1269    (-,-) 
  g3582313/Y        -       A1->Y F     AND2X1_RVT       1  0.5    20    47    1316    (-,-) 
  g3582312/Y        -       A2->Y F     AND2X1_RVT       1  0.7    21    47    1363    (-,-) 
  g3582311/Y        -       A1->Y R     NAND4X0_RVT      1  0.1    36    27    1391    (-,-) 
  mp_rd_data[0][22] -       -     R     (port)           -    -     -     0    1391    (-,-) 
#--------------------------------------------------------------------------------------------



Path 5: VIOLATED (-741 ps) Late External Delay Assertion at pin mp_rd_data[0][31]
          Group: clk
     Startpoint: (R) mp_rd_row[0][0]
          Clock: (R) clk
       Endpoint: (F) mp_rd_data[0][31]
          Clock: (R) clk

                     Capture       Launch     
        Clock Edge:+    1000            0     
        Drv Adjust:+       0           20     
       Src Latency:+       0            0     
       Net Latency:+       0 (I)        0 (I) 
           Arrival:=    1000           20     
                                              
      Output Delay:-     300                  
       Uncertainty:-      50                  
     Required Time:=     650                  
      Launch Clock:-      20                  
       Input Delay:-     300                  
         Data Path:-    1071                  
             Slack:=    -741                  

Exceptions/Constraints:
  input_delay              300             in_del_80_1  
  output_delay             300             ou_del_151_1 

#---------------------------------------------------------------------------------------------
#   Timing Point    Flags   Arc   Edge     Cell      Fanout Load Trans Delay Arrival Instance 
#                                                           (fF)  (ps)  (ps)   (ps)  Location 
#---------------------------------------------------------------------------------------------
  mp_rd_row[0][0]   -       -     R     (arrival)         7  4.3    44     0     320    (-,-) 
  fopt3584041/Y     -       A->Y  F     INVX0_RVT         1  0.6    26    21     341    (-,-) 
  g3529530/Y        -       A1->Y R     NAND3X0_RVT       2  1.2    47    38     378    (-,-) 
  fopt3431761/Y     -       A->Y  R     NBUFFX2_RVT       3  2.9    30    54     432    (-,-) 
  fopt3431760/Y     -       A->Y  R     NBUFFX8_RVT       4  3.4    20    43     475    (-,-) 
  fopt3431759/Y     -       A->Y  R     NBUFFX8_RVT       3  2.9    19    38     513    (-,-) 
  fopt3431758/Y     -       A->Y  R     NBUFFX8_RVT       9  6.7    23    42     555    (-,-) 
  fopt3431757/Y     -       A->Y  R     NBUFFX8_RVT      12  7.2    23    43     598    (-,-) 
  g3576686/Y        -       A2->Y R     OR2X2_RVT         1  3.4    32    56     654    (-,-) 
  fopt3576685/Y     -       A->Y  R     NBUFFX32_RVT     70 47.5    32    58     712    (-,-) 
  g77072/Y          -       A2->Y F     NOR2X2_RVT       32 16.0    71   110     822    (-,-) 
  g580462/Y         -       A1->Y F     AO22X1_RVT        1  0.6    24    92     914    (-,-) 
  g574382/Y         -       A5->Y F     AO221X1_RVT       1  0.8    32    55     970    (-,-) 
  g3562829/Y        -       A->Y  R     INVX1_RVT         1  0.6    21    24     993    (-,-) 
  g3562828/Y        -       A2->Y F     NAND4X0_RVT       1  0.6    54    49    1042    (-,-) 
  g3562827/Y        -       A->Y  R     INVX0_RVT         1  0.5    31    33    1075    (-,-) 
  g3562824/Y        -       A2->Y R     AND4X1_RVT        1  0.6    34    77    1152    (-,-) 
  g3562814/Y        -       A2->Y F     NAND4X0_RVT       1  0.6    56    52    1205    (-,-) 
  g3577500/Y        -       A2->Y R     NOR3X0_RVT        1  0.6    20   104    1308    (-,-) 
  g3583224/Y        -       A1->Y R     AND2X1_RVT        1  0.6    21    43    1351    (-,-) 
  g3583222/Y        -       A2->Y F     NAND4X0_RVT       1  0.1    42    40    1391    (-,-) 
  mp_rd_data[0][31] -       -     F     (port)            -    -     -     0    1391    (-,-) 
#---------------------------------------------------------------------------------------------



Path 6: VIOLATED (-741 ps) Late External Delay Assertion at pin rd_lin_data[3]
          Group: clk
     Startpoint: (R) rd_lin_idx[10]
          Clock: (R) clk
       Endpoint: (F) rd_lin_data[3]
          Clock: (R) clk

                     Capture       Launch     
        Clock Edge:+    1000            0     
        Drv Adjust:+       0            8     
       Src Latency:+       0            0     
       Net Latency:+       0 (I)        0 (I) 
           Arrival:=    1000            8     
                                              
      Output Delay:-     300                  
       Uncertainty:-      50                  
     Required Time:=     650                  
      Launch Clock:-       8                  
       Input Delay:-     300                  
         Data Path:-    1083                  
             Slack:=    -741                  

Exceptions/Constraints:
  input_delay              300             in_del_62_1  
  output_delay             300             ou_del_147_1 

#-----------------------------------------------------------------------------------------
# Timing Point   Flags   Arc   Edge    Cell      Fanout Load Trans Delay Arrival Instance 
#                                                       (fF)  (ps)  (ps)   (ps)  Location 
#-----------------------------------------------------------------------------------------
  rd_lin_idx[10] -       -     R     (arrival)        3  2.0    21     0     308    (-,-) 
  fopt3582048/Y  -       A->Y  R     NBUFFX4_RVT      9  5.8    29    48     356    (-,-) 
  fopt3534573/Y  -       A->Y  R     NBUFFX4_RVT      5  3.1    24    47     402    (-,-) 
  g3553602/Y     -       A3->Y F     NOR3X2_RVT       4  2.5    28    81     483    (-,-) 
  fopt3563875/Y  -       A->Y  F     NBUFFX4_RVT      2  1.4    20    44     527    (-,-) 
  g3576401/Y     -       A1->Y R     NAND2X4_RVT     20 16.3    50    94     621    (-,-) 
  fopt3581269/Y  -       A->Y  R     NBUFFX4_RVT      5  3.6    28    55     676    (-,-) 
  fopt3581268/Y  -       A->Y  F     INVX1_RVT        2  2.0    27    26     701    (-,-) 
  g3575048/Y     -       A1->Y F     AND2X1_RVT       1  0.7    21    48     749    (-,-) 
  g3575047/Y     -       A->Y  F     NBUFFX4_RVT     29 15.9    42    61     810    (-,-) 
  g3520478/Y     -       A1->Y F     AO22X1_RVT       1  0.6    23    76     886    (-,-) 
  g3520477/Y     -       A1->Y F     OR2X1_RVT        1  0.6    20    52     939    (-,-) 
  g3597089/Y     -       A5->Y F     AO221X1_RVT      1  0.6    30    52     991    (-,-) 
  g3532353/Y     -       A3->Y R     NOR4X1_RVT       1  0.5    21   106    1097    (-,-) 
  g3532352/Y     -       A1->Y R     AND4X1_RVT       1  0.6    34    67    1164    (-,-) 
  g3544190/Y     -       A2->Y R     AND2X1_RVT       1  0.5    21    49    1213    (-,-) 
  g3544188/Y     -       A2->Y R     AND4X1_RVT       1  0.6    34    75    1288    (-,-) 
  g3573506/Y     -       A1->Y R     AND3X1_RVT       1  0.6    27    57    1344    (-,-) 
  g3573502/Y     -       A3->Y F     NAND4X0_RVT      1  0.1    42    46    1391    (-,-) 
  rd_lin_data[3] -       -     F     (port)           -    -     -     0    1391    (-,-) 
#-----------------------------------------------------------------------------------------



Path 7: VIOLATED (-741 ps) Late External Delay Assertion at pin rd_lin_data[4]
          Group: clk
     Startpoint: (F) rd_lin_idx[5]
          Clock: (R) clk
       Endpoint: (R) rd_lin_data[4]
          Clock: (R) clk

                     Capture       Launch     
        Clock Edge:+    1000            0     
        Drv Adjust:+       0           23     
       Src Latency:+       0            0     
       Net Latency:+       0 (I)        0 (I) 
           Arrival:=    1000           23     
                                              
      Output Delay:-     300                  
       Uncertainty:-      50                  
     Required Time:=     650                  
      Launch Clock:-      23                  
       Input Delay:-     300                  
         Data Path:-    1068                  
             Slack:=    -741                  

Exceptions/Constraints:
  input_delay              300             in_del_67_1  
  output_delay             300             ou_del_146_1 

#------------------------------------------------------------------------------------------
# Timing Point   Flags   Arc   Edge     Cell      Fanout Load Trans Delay Arrival Instance 
#                                                        (fF)  (ps)  (ps)   (ps)  Location 
#------------------------------------------------------------------------------------------
  rd_lin_idx[5]  -       -     F     (arrival)         9  5.4    47     0     323    (-,-) 
  g3551437/Y     -       A1->Y F     OR3X2_RVT         8  5.1    45   111     434    (-,-) 
  g3550523/Y     -       A1->Y F     OR2X2_RVT         2  1.4    24    71     505    (-,-) 
  fopt3581311/Y  -       A->Y  F     NBUFFX4_RVT       5  4.1    24    47     552    (-,-) 
  fopt3581296/Y  -       A->Y  F     NBUFFX8_RVT      14  9.0    23    46     597    (-,-) 
  g3440532/Y     -       A2->Y F     OR2X1_RVT         2  1.3    24    49     646    (-,-) 
  g3440538/Y     -       A->Y  R     INVX1_RVT         2  1.2    22    24     671    (-,-) 
  fopt3434248/Y  -       A->Y  R     NBUFFX2_RVT       2  1.3    22    40     711    (-,-) 
  fopt3434247/Y  -       A->Y  R     NBUFFX4_RVT       6  3.7    25    45     756    (-,-) 
  fopt3434246/Y  -       A->Y  R     NBUFFX4_RVT       4  2.5    23    44     800    (-,-) 
  fopt3434245/Y  -       A->Y  R     NBUFFX4_RVT       5  3.0    24    44     844    (-,-) 
  g428379/Y      -       A3->Y R     AO22X1_RVT        1  0.6    30    54     898    (-,-) 
  g3391766/Y     -       A5->Y F     AOI221X1_RVT      1  0.5    24    77     976    (-,-) 
  g3450585/Y     -       A2->Y R     NAND2X0_RVT       1  0.6    35    37    1013    (-,-) 
  g3450584/Y     -       A1->Y F     NOR2X0_RVT        1  0.7    19    70    1083    (-,-) 
  g3450583/Y     -       A1->Y R     NAND4X0_RVT       1  0.5    43    30    1113    (-,-) 
  g3450582/Y     -       A3->Y F     AOI21X1_RVT       1  0.6    19    66    1179    (-,-) 
  g3583434/Y     -       A1->Y F     AND3X1_RVT        1  0.5    27    52    1231    (-,-) 
  g3583433/Y     -       A1->Y F     AND4X1_RVT        1  0.6    39    72    1303    (-,-) 
  g3583432/Y     -       A1->Y F     AND2X1_RVT        1  0.6    20    53    1356    (-,-) 
  g3583431/Y     -       A4->Y R     NAND4X0_RVT       1  0.1    36    34    1391    (-,-) 
  rd_lin_data[4] -       -     R     (port)            -    -     -     0    1391    (-,-) 
#------------------------------------------------------------------------------------------



Path 8: VIOLATED (-741 ps) Late External Delay Assertion at pin rd_lin_data[6]
          Group: clk
     Startpoint: (R) rd_lin_idx[7]
          Clock: (R) clk
       Endpoint: (F) rd_lin_data[6]
          Clock: (R) clk

                     Capture       Launch     
        Clock Edge:+    1000            0     
        Drv Adjust:+       0           27     
       Src Latency:+       0            0     
       Net Latency:+       0 (I)        0 (I) 
           Arrival:=    1000           27     
                                              
      Output Delay:-     300                  
       Uncertainty:-      50                  
     Required Time:=     650                  
      Launch Clock:-      27                  
       Input Delay:-     300                  
         Data Path:-    1064                  
             Slack:=    -741                  

Exceptions/Constraints:
  input_delay              300             in_del_65_1  
  output_delay             300             ou_del_144_1 

#-----------------------------------------------------------------------------------------
# Timing Point   Flags   Arc   Edge    Cell      Fanout Load Trans Delay Arrival Instance 
#                                                       (fF)  (ps)  (ps)   (ps)  Location 
#-----------------------------------------------------------------------------------------
  rd_lin_idx[7]  -       -     R     (arrival)        9  5.6    56     0     327    (-,-) 
  fopt3583680/Y  -       A->Y  F     INVX1_RVT        1  0.6    29    19     346    (-,-) 
  g3583679/Y     -       A1->Y R     NAND2X0_RVT      2  1.3    52    48     393    (-,-) 
  g3583678/Y     -       A2->Y R     OR2X2_RVT        6  4.0    35    68     462    (-,-) 
  g3549432/Y     -       A1->Y R     OR2X2_RVT        4  7.3    48    76     538    (-,-) 
  fopt3549431/Y  -       A->Y  F     INVX8_RVT       17 23.6    39    34     572    (-,-) 
  fopt3436322/Y  -       A->Y  R     INVX2_RVT        3  2.1    26    29     601    (-,-) 
  g12696/Y       -       A2->Y R     OR2X2_RVT        1  5.5    41    63     664    (-,-) 
  g12695/Y       -       A->Y  F     INVX8_RVT       32 17.6    32    28     692    (-,-) 
  g522872/Y      -       A1->Y F     AO22X1_RVT       1  0.5    23    69     761    (-,-) 
  g3478790/Y     -       A3->Y F     AO21X1_RVT       1  0.5    24    42     803    (-,-) 
  g3478789/Y     -       A3->Y F     AO21X1_RVT       1  0.7    25    44     847    (-,-) 
  g3478788/Y     -       A3->Y F     OR3X1_RVT        1  0.7    26    56     903    (-,-) 
  g3478786/Y     -       A3->Y F     OR3X1_RVT        1  0.6    25    55     958    (-,-) 
  g3550122/Y     -       A->Y  R     INVX0_RVT        1  0.5    19    23     980    (-,-) 
  g3550121/Y     -       A1->Y R     AND4X1_RVT       1  0.6    34    66    1047    (-,-) 
  g3550120/Y     -       A2->Y F     NAND3X0_RVT      1  0.6    45    45    1091    (-,-) 
  g3554629/Y     -       A->Y  R     INVX0_RVT        1  0.7    29    32    1124    (-,-) 
  g3577963/Y     -       A1->Y F     NAND4X0_RVT      1  0.6    54    42    1166    (-,-) 
  g3577962/Y     -       A->Y  R     INVX0_RVT        1  0.6    32    34    1200    (-,-) 
  g3577961/Y     -       A1->Y R     AND3X1_RVT       1  0.6    27    56    1256    (-,-) 
  g3574069/Y     -       A1->Y R     AND3X1_RVT       1  0.6    27    55    1311    (-,-) 
  g3574068/Y     -       A2->Y R     AND2X1_RVT       1  0.6    21    48    1359    (-,-) 
  g3540342/Y     -       A2->Y F     NAND3X0_RVT      1  0.1    33    32    1391    (-,-) 
  rd_lin_data[6] -       -     F     (port)           -    -     -     0    1391    (-,-) 
#-----------------------------------------------------------------------------------------



Path 9: VIOLATED (-741 ps) Late External Delay Assertion at pin rd_lin_data[9]
          Group: clk
     Startpoint: (R) rd_lin_idx[11]
          Clock: (R) clk
       Endpoint: (F) rd_lin_data[9]
          Clock: (R) clk

                     Capture       Launch     
        Clock Edge:+    1000            0     
        Drv Adjust:+       0           10     
       Src Latency:+       0            0     
       Net Latency:+       0 (I)        0 (I) 
           Arrival:=    1000           10     
                                              
      Output Delay:-     300                  
       Uncertainty:-      50                  
     Required Time:=     650                  
      Launch Clock:-      10                  
       Input Delay:-     300                  
         Data Path:-    1080                  
             Slack:=    -741                  

Exceptions/Constraints:
  input_delay              300             in_del_61_1  
  output_delay             300             ou_del_141_1 

#------------------------------------------------------------------------------------------
# Timing Point   Flags   Arc   Edge     Cell      Fanout Load Trans Delay Arrival Instance 
#                                                        (fF)  (ps)  (ps)   (ps)  Location 
#------------------------------------------------------------------------------------------
  rd_lin_idx[11] -       -     R     (arrival)         4  2.5    26     0     310    (-,-) 
  fopt3581807/Y  -       A->Y  R     NBUFFX4_RVT      14  8.6    34    54     365    (-,-) 
  fopt3550447/Y  -       A->Y  F     INVX1_RVT         2  1.3    25    23     388    (-,-) 
  g3550446/Y     -       A1->Y R     NAND4X0_RVT       1  0.7    46    36     423    (-,-) 
  g3564147/Y     -       A2->Y R     OR2X1_RVT         1  2.1    34    60     484    (-,-) 
  g3564146/Y     -       A->Y  R     NBUFFX16_RVT     50 34.3    35    59     543    (-,-) 
  fopt3433859/Y  -       A->Y  R     NBUFFX4_RVT      10  7.8    33    56     600    (-,-) 
  g3511416/Y     -       A2->Y R     OR2X1_RVT         1  2.8    39    60     660    (-,-) 
  g3511415/Y     -       A->Y  F     INVX4_RVT        32 17.4    45    40     700    (-,-) 
  g527198/Y      -       A1->Y F     AO22X1_RVT        1  0.6    23    78     777    (-,-) 
  g519808/Y      -       A5->Y F     AO221X1_RVT       1  0.6    30    54     831    (-,-) 
  g42620/Y       -       A1->Y F     OR2X1_RVT         1  0.7    20    57     888    (-,-) 
  g3341826/Y     -       A3->Y F     OR3X1_RVT         1  0.6    25    54     942    (-,-) 
  g3341825/Y     -       A1->Y R     NOR3X0_RVT        1  0.5    20    94    1036    (-,-) 
  g3483932/Y     -       A1->Y R     AND4X1_RVT        1  0.6    34    66    1103    (-,-) 
  g3556294/Y     -       A1->Y R     AND2X1_RVT        1  0.5    21    46    1149    (-,-) 
  g3556292/Y     -       A2->Y R     AND4X1_RVT        1  0.6    34    75    1223    (-,-) 
  g3576477/Y     -       A3->Y F     NAND4X0_RVT       1  0.6    54    57    1281    (-,-) 
  g3576476/Y     -       A->Y  R     INVX0_RVT         1  0.6    32    34    1315    (-,-) 
  g3576475/Y     -       A2->Y R     AND2X1_RVT        1  0.6    21    49    1364    (-,-) 
  g3582407/Y     -       A1->Y F     NAND3X0_RVT       1  0.1    30    27    1391    (-,-) 
  rd_lin_data[9] -       -     F     (port)            -    -     -     0    1391    (-,-) 
#------------------------------------------------------------------------------------------



Path 10: VIOLATED (-740 ps) Late External Delay Assertion at pin mp_rd_data[0][7]
          Group: clk
     Startpoint: (F) mp_rd_col[0][5]
          Clock: (R) clk
       Endpoint: (F) mp_rd_data[0][7]
          Clock: (R) clk

                     Capture       Launch     
        Clock Edge:+    1000            0     
        Drv Adjust:+       0           10     
       Src Latency:+       0            0     
       Net Latency:+       0 (I)        0 (I) 
           Arrival:=    1000           10     
                                              
      Output Delay:-     300                  
       Uncertainty:-      50                  
     Required Time:=     650                  
      Launch Clock:-      10                  
       Input Delay:-     300                  
         Data Path:-    1080                  
             Slack:=    -740                  

Exceptions/Constraints:
  input_delay              300             in_del_83_1  
  output_delay             300             ou_del_175_1 

#-------------------------------------------------------------------------------------------
#  Timing Point    Flags   Arc   Edge    Cell      Fanout Load Trans Delay Arrival Instance 
#                                                         (fF)  (ps)  (ps)   (ps)  Location 
#-------------------------------------------------------------------------------------------
  mp_rd_col[0][5]  -       -     F     (arrival)        2  2.8    24     0     310    (-,-) 
  fopt3567454/Y    -       A->Y  F     NBUFFX8_RVT      9  4.8    20    42     353    (-,-) 
  g3573109/Y       -       A1->Y F     AND3X1_RVT       9  5.0    56    80     432    (-,-) 
  g3577532/Y       -       A2->Y R     NAND2X2_RVT      3  2.9    27    96     528    (-,-) 
  fopt3581466/Y    -       A->Y  R     NBUFFX8_RVT     14 12.5    28    49     578    (-,-) 
  fopt3581465/Y    -       A->Y  F     INVX1_RVT        2  1.2    22    21     598    (-,-) 
  fopt3581464/Y    -       A->Y  F     NBUFFX4_RVT      3  3.4    22    45     643    (-,-) 
  g448632/Y        -       A2->Y F     AND2X4_RVT      32 17.3    63   102     745    (-,-) 
  g446050/Y        -       A3->Y F     AO22X1_RVT       1  0.6    25    63     808    (-,-) 
  g438927/Y        -       A5->Y F     AO221X1_RVT      1  0.6    30    54     862    (-,-) 
  g3468579/Y       -       A2->Y F     OR4X1_RVT        1  0.6    16   132     994    (-,-) 
  g3468578/Y       -       A1->Y R     NOR3X0_RVT       1  0.6    20    90    1084    (-,-) 
  g3475156/Y       -       A2->Y R     AND2X1_RVT       1  0.6    21    45    1130    (-,-) 
  g3516322/Y       -       A2->Y R     AND2X1_RVT       1  0.6    21    46    1175    (-,-) 
  g3569100/Y       -       A1->Y R     AND3X1_RVT       1  0.5    26    52    1228    (-,-) 
  g3569093/Y       -       A2->Y R     AND3X1_RVT       1  0.5    26    60    1288    (-,-) 
  g3579513/Y       -       A1->Y R     AND4X1_RVT       1  0.7    35    69    1356    (-,-) 
  g3581849/Y       -       A1->Y F     NAND4X0_RVT      1  0.1    44    34    1390    (-,-) 
  mp_rd_data[0][7] -       -     F     (port)           -    -     -     0    1390    (-,-) 
#-------------------------------------------------------------------------------------------

