============================================================
  Generated by:           Genus(TM) Synthesis Solution 21.12-s068_1
  Generated on:           May 20 2026  03:08:07 pm
  Module:                 stream_pipeline_DATA_WIDTH32_ARRAY_DIM2
  Operating conditions:   _nominal_ (balanced_tree)
  Wireload mode:          enclosed
  Area mode:              timing library
============================================================

                                    
    Gate      Instances     Area            Library         
------------------------------------------------------------
AND2X1_RVT        11930   24255.503    saed32rvt_tt0p85v25c 
AND2X2_RVT          131     299.636    saed32rvt_tt0p85v25c 
AND2X4_RVT           44     123.006    saed32rvt_tt0p85v25c 
AND3X1_RVT         1663    3803.773    saed32rvt_tt0p85v25c 
AND3X2_RVT           40     101.658    saed32rvt_tt0p85v25c 
AND3X4_RVT            3       9.149    saed32rvt_tt0p85v25c 
AND4X1_RVT          691    1756.135    saed32rvt_tt0p85v25c 
AND4X2_RVT           12      45.746    saed32rvt_tt0p85v25c 
AND4X4_RVT            1       4.320    saed32rvt_tt0p85v25c 
AO21X1_RVT         5359   13619.577    saed32rvt_tt0p85v25c 
AO21X2_RVT           47     131.392    saed32rvt_tt0p85v25c 
AO221X1_RVT         373    1137.549    saed32rvt_tt0p85v25c 
AO221X2_RVT          36     118.939    saed32rvt_tt0p85v25c 
AO222X1_RVT         119     393.161    saed32rvt_tt0p85v25c 
AO222X2_RVT           5      17.790    saed32rvt_tt0p85v25c 
AO22X1_RVT        11493   29208.770    saed32rvt_tt0p85v25c 
AO22X2_RVT           51     142.575    saed32rvt_tt0p85v25c 
AOI21X1_RVT         279     850.874    saed32rvt_tt0p85v25c 
AOI21X2_RVT          21      69.381    saed32rvt_tt0p85v25c 
AOI221X1_RVT         20      71.160    saed32rvt_tt0p85v25c 
AOI221X2_RVT         17      64.807    saed32rvt_tt0p85v25c 
AOI222X1_RVT         15      57.182    saed32rvt_tt0p85v25c 
AOI22X1_RVT         232     707.537    saed32rvt_tt0p85v25c 
DEC24X1_RVT          46     280.575    saed32rvt_tt0p85v25c 
DEC24X2_RVT          35     249.061    saed32rvt_tt0p85v25c 
DELLN1X2_RVT        256    1301.217    saed32rvt_tt0p85v25c 
DELLN3X2_RVT          4      38.630    saed32rvt_tt0p85v25c 
DFFARX1_RVT         650    4625.421    saed32rvt_tt0p85v25c 
DFFARX2_RVT          88     670.940    saed32rvt_tt0p85v25c 
FADDX1_RVT         8809   42536.335    saed32rvt_tt0p85v25c 
FADDX2_RVT           32     170.785    saed32rvt_tt0p85v25c 
HADDX1_RVT         1521    5025.189    saed32rvt_tt0p85v25c 
HADDX2_RVT           24      91.492    saed32rvt_tt0p85v25c 
IBUFFX16_RVT         45     297.348    saed32rvt_tt0p85v25c 
IBUFFX2_RVT         320     813.261    saed32rvt_tt0p85v25c 
IBUFFX32_RVT         20     233.812    saed32rvt_tt0p85v25c 
IBUFFX4_RVT          19      57.945    saed32rvt_tt0p85v25c 
IBUFFX8_RVT          39     168.497    saed32rvt_tt0p85v25c 
INVX0_RVT          6400    8132.608    saed32rvt_tt0p85v25c 
INVX16_RVT           32     162.652    saed32rvt_tt0p85v25c 
INVX1_RVT          9292   11807.530    saed32rvt_tt0p85v25c 
INVX2_RVT          2154    3284.557    saed32rvt_tt0p85v25c 
INVX32_RVT            7      64.044    saed32rvt_tt0p85v25c 
INVX4_RVT           965    1961.992    saed32rvt_tt0p85v25c 
INVX8_RVT           185     564.200    saed32rvt_tt0p85v25c 
MUX21X1_RVT         760    2510.943    saed32rvt_tt0p85v25c 
MUX21X2_RVT          37     131.647    saed32rvt_tt0p85v25c 
MUX41X2_RVT           1       6.099    saed32rvt_tt0p85v25c 
NAND2X0_RVT       12823   19553.331    saed32rvt_tt0p85v25c 
NAND2X1_RVT          23      58.453    saed32rvt_tt0p85v25c 
NAND2X2_RVT          65     181.713    saed32rvt_tt0p85v25c 
NAND2X4_RVT          95     313.868    saed32rvt_tt0p85v25c 
NAND3X0_RVT        3738    6649.932    saed32rvt_tt0p85v25c 
NAND3X1_RVT          70     195.691    saed32rvt_tt0p85v25c 
NAND3X2_RVT          76     231.779    saed32rvt_tt0p85v25c 
NAND3X4_RVT           1       3.558    saed32rvt_tt0p85v25c 
NAND4X0_RVT        1214    2468.247    saed32rvt_tt0p85v25c 
NAND4X1_RVT         156     475.758    saed32rvt_tt0p85v25c 
NBUFFX16_RVT         16      97.591    saed32rvt_tt0p85v25c 
NBUFFX2_RVT        2109    4287.918    saed32rvt_tt0p85v25c 
NBUFFX32_RVT          2      21.348    saed32rvt_tt0p85v25c 
NBUFFX4_RVT        1251    3179.341    saed32rvt_tt0p85v25c 
NBUFFX8_RVT         181     690.001    saed32rvt_tt0p85v25c 
NOR2X0_RVT          278     706.520    saed32rvt_tt0p85v25c 
NOR2X2_RVT           14      39.138    saed32rvt_tt0p85v25c 
NOR2X4_RVT           14      46.254    saed32rvt_tt0p85v25c 
NOR3X0_RVT           37     103.437    saed32rvt_tt0p85v25c 
NOR3X1_RVT           11      30.751    saed32rvt_tt0p85v25c 
NOR3X2_RVT            2       6.099    saed32rvt_tt0p85v25c 
NOR4X1_RVT           80     243.978    saed32rvt_tt0p85v25c 
OA21X1_RVT         9680   24601.139    saed32rvt_tt0p85v25c 
OA21X2_RVT           35      97.845    saed32rvt_tt0p85v25c 
OA221X1_RVT         936    2854.545    saed32rvt_tt0p85v25c 
OA221X2_RVT          66     218.056    saed32rvt_tt0p85v25c 
OA222X1_RVT         184     607.912    saed32rvt_tt0p85v25c 
OA22X1_RVT         4167   10590.180    saed32rvt_tt0p85v25c 
OA22X2_RVT            1       2.796    saed32rvt_tt0p85v25c 
OAI21X1_RVT          99     301.923    saed32rvt_tt0p85v25c 
OAI21X2_RVT          15      49.558    saed32rvt_tt0p85v25c 
OAI221X1_RVT        114     405.614    saed32rvt_tt0p85v25c 
OAI221X2_RVT         98     373.592    saed32rvt_tt0p85v25c 
OAI222X1_RVT          5      19.061    saed32rvt_tt0p85v25c 
OAI22X1_RVT         198     603.846    saed32rvt_tt0p85v25c 
OAI22X2_RVT          51     168.497    saed32rvt_tt0p85v25c 
OR2X1_RVT          4730    9616.809    saed32rvt_tt0p85v25c 
OR2X2_RVT           574    1312.908    saed32rvt_tt0p85v25c 
OR2X4_RVT            18      50.321    saed32rvt_tt0p85v25c 
OR3X1_RVT           323     820.885    saed32rvt_tt0p85v25c 
OR3X2_RVT            33      83.868    saed32rvt_tt0p85v25c 
OR3X4_RVT             2       8.133    saed32rvt_tt0p85v25c 
OR4X1_RVT            22      78.276    saed32rvt_tt0p85v25c 
OR4X2_RVT             1       3.812    saed32rvt_tt0p85v25c 
OR4X4_RVT             1       4.320    saed32rvt_tt0p85v25c 
SDFFARX1_RVT       1023    9359.615    saed32rvt_tt0p85v25c 
SDFFARX2_RVT        106    1023.692    saed32rvt_tt0p85v25c 
SDFFASX1_RVT          2      18.298    saed32rvt_tt0p85v25c 
XNOR2X1_RVT         887    3832.237    saed32rvt_tt0p85v25c 
XNOR2X2_RVT         245    1120.775    saed32rvt_tt0p85v25c 
XNOR3X1_RVT         424    2586.169    saed32rvt_tt0p85v25c 
XNOR3X2_RVT          24     152.486    saed32rvt_tt0p85v25c 
XOR2X1_RVT           37     159.857    saed32rvt_tt0p85v25c 
XOR2X2_RVT           75     343.094    saed32rvt_tt0p85v25c 
XOR3X1_RVT          758    5393.952    saed32rvt_tt0p85v25c 
XOR3X2_RVT         1564   11526.955    saed32rvt_tt0p85v25c 
------------------------------------------------------------
total            113077  290152.138                         


                                           
     Type      Instances    Area    Area % 
-------------------------------------------
sequential          1869  15697.967    5.4 
inverter           19478  27548.447    9.5 
buffer              3819   9616.047    3.3 
logic              87911 237289.678   81.8 
physical_cells         0      0.000    0.0 
-------------------------------------------
total             113077 290152.138  100.0 

