============================================================
  Generated by:           Genus(TM) Synthesis Solution 21.12-s068_1
  Generated on:           May 20 2026  03:08:07 pm
  Module:                 stream_pipeline_DATA_WIDTH32_ARRAY_DIM2
  Operating conditions:   _nominal_ (balanced_tree)
  Wireload mode:          enclosed
  Area mode:              timing library
============================================================

Timing
--------

Clock Period 
-------------
clk   1000.0 


  Cost    Critical                Violating 
 Group   Path Slack      TNS        Paths   
--------------------------------------------
clk        -18343.0   -4291431.6       1452 
default    No paths          0.0            
--------------------------------------------
Total                 -4291431.6       1452 

Instance Count
--------------
Leaf Instance Count             113077 
Physical Instance count              0 
Sequential Instance Count         1869 
Combinational Instance Count    111208 
Hierarchical Instance Count          0 

Area
----
Cell Area                          290152.138
Physical Cell Area                 0.000
Total Cell Area (Cell+Physical)    290152.138
Net Area                           0.000
Total Area (Cell+Physical+Net)     290152.138

Max Fanout                         1869 (clk)
Min Fanout                         0 (rst_n)
Average Fanout                     2.3
Terms to net ratio                 3.3765
Terms to instance ratio            3.6218
Runtime                            12503.90206200002 seconds
Elapsed Runtime                    12310 seconds
Genus peak memory usage            2561.40 
Innovus peak memory usage          no_value 
Hostname                           phobos.ece.pdx.edu
