
44. Printing statistics.

=== stream_mux ===

   Number of wires:                145
   Number of wire bits:            310
   Number of public wires:           8
   Number of public wire bits:     173
   Number of ports:                  8
   Number of port bits:            173
   Number of memories:               0
   Number of memory bits:            0
   Number of processes:              0
   Number of cells:                174
     sky130_fd_sc_hd__a41oi_1        1
     sky130_fd_sc_hd__clkinv_1       3
     sky130_fd_sc_hd__nand2_1       33
     sky130_fd_sc_hd__nand3_1       98
     sky130_fd_sc_hd__nand3b_1       2
     sky130_fd_sc_hd__nand4_1       32
     sky130_fd_sc_hd__nor2_1         1
     sky130_fd_sc_hd__nor3_1         4

   Chip area for module '\stream_mux': 873.337600
     of which used for sequential elements: 0.000000 (0.00%)

