============================================================
  Generated by:           Genus(TM) Synthesis Solution 21.12-s068_1
  Generated on:           May 18 2026  04:31:06 pm
  Module:                 tile_buffer_DATA_WIDTH32_TILE_DIM8_NUM_RD_PORTS1
  Operating conditions:   _nominal_ (balanced_tree)
  Wireload mode:          enclosed
  Area mode:              timing library
============================================================

                                   
    Gate      Instances    Area            Library         
-----------------------------------------------------------
AND2X1_RVT           22     44.729    saed32rvt_tt0p85v25c 
AND2X2_RVT            1      2.287    saed32rvt_tt0p85v25c 
AND2X4_RVT           13     36.343    saed32rvt_tt0p85v25c 
AO21X1_RVT           22     55.912    saed32rvt_tt0p85v25c 
AO221X1_RVT        1911   5828.030    saed32rvt_tt0p85v25c 
AO222X1_RVT           1      3.304    saed32rvt_tt0p85v25c 
AO22X1_RVT         1892   4808.404    saed32rvt_tt0p85v25c 
AOI222X1_RVT          1      3.812    saed32rvt_tt0p85v25c 
AOI22X1_RVT           4     12.199    saed32rvt_tt0p85v25c 
DEC24X2_RVT           1      7.116    saed32rvt_tt0p85v25c 
IBUFFX16_RVT          2     13.215    saed32rvt_tt0p85v25c 
IBUFFX32_RVT          3     35.072    saed32rvt_tt0p85v25c 
INVX0_RVT             5      6.354    saed32rvt_tt0p85v25c 
INVX16_RVT           13     66.077    saed32rvt_tt0p85v25c 
INVX1_RVT            57     72.431    saed32rvt_tt0p85v25c 
INVX2_RVT            12     18.298    saed32rvt_tt0p85v25c 
INVX32_RVT            2     18.298    saed32rvt_tt0p85v25c 
INVX4_RVT            45     91.492    saed32rvt_tt0p85v25c 
INVX8_RVT            16     48.796    saed32rvt_tt0p85v25c 
NAND2X0_RVT         408    622.145    saed32rvt_tt0p85v25c 
NAND2X2_RVT           2      5.591    saed32rvt_tt0p85v25c 
NAND2X4_RVT           1      3.304    saed32rvt_tt0p85v25c 
NAND3X0_RVT           5      8.895    saed32rvt_tt0p85v25c 
NAND4X0_RVT          99    201.282    saed32rvt_tt0p85v25c 
NBUFFX16_RVT         28    170.785    saed32rvt_tt0p85v25c 
NBUFFX2_RVT           9     18.298    saed32rvt_tt0p85v25c 
NBUFFX32_RVT          7     74.718    saed32rvt_tt0p85v25c 
NBUFFX4_RVT          30     76.243    saed32rvt_tt0p85v25c 
NBUFFX8_RVT          40    152.486    saed32rvt_tt0p85v25c 
NOR2X2_RVT            1      2.796    saed32rvt_tt0p85v25c 
OA22X1_RVT            2      5.083    saed32rvt_tt0p85v25c 
OR2X1_RVT            21     42.696    saed32rvt_tt0p85v25c 
OR2X2_RVT            11     25.160    saed32rvt_tt0p85v25c 
OR2X4_RVT            64    178.917    saed32rvt_tt0p85v25c 
OR3X1_RVT             3      7.624    saed32rvt_tt0p85v25c 
SDFFARX1_RVT       2048  18737.529    saed32rvt_tt0p85v25c 
-----------------------------------------------------------
total              6802  31505.723                         


                                          
     Type      Instances    Area   Area % 
------------------------------------------
sequential          2048 18737.529   59.5 
inverter             155   370.034    1.2 
buffer               114   492.531    1.6 
logic               4485 11905.630   37.8 
physical_cells         0     0.000    0.0 
------------------------------------------
total               6802 31505.723  100.0 

