============================================================
  Generated by:           Genus(TM) Synthesis Solution 21.12-s068_1
  Generated on:           May 18 2026  04:31:06 pm
  Module:                 tile_buffer_DATA_WIDTH32_TILE_DIM8_NUM_RD_PORTS1
  Operating conditions:   _nominal_ (balanced_tree)
  Wireload mode:          enclosed
  Area mode:              timing library
============================================================

Timing
--------

Clock Period 
-------------
clk   1000.0 


  Cost    Critical              Violating 
 Group   Path Slack     TNS       Paths   
------------------------------------------
clk          -162.2   -15045.6         96 
default    No paths        0.0            
------------------------------------------
Total                 -15045.6         96 

Instance Count
--------------
Leaf Instance Count             6802 
Physical Instance count            0 
Sequential Instance Count       2048 
Combinational Instance Count    4754 
Hierarchical Instance Count        0 

Area
----
Cell Area                          31505.723
Physical Cell Area                 0.000
Total Cell Area (Cell+Physical)    31505.723
Net Area                           0.000
Total Area (Cell+Physical+Net)     31505.723

Max Fanout                         2048 (clk)
Min Fanout                         0 (rst_n)
Average Fanout                     4.0
Terms to net ratio                 5.5478
Terms to instance ratio            5.6009
Runtime                            367.74239700000015 seconds
Elapsed Runtime                    353 seconds
Genus peak memory usage            1233.46 
Innovus peak memory usage          no_value 
Hostname                           phobos.ece.pdx.edu
