============================================================
  Generated by:           Genus(TM) Synthesis Solution 21.12-s068_1
  Generated on:           May 18 2026  04:31:04 pm
  Module:                 tile_buffer_DATA_WIDTH32_TILE_DIM8_NUM_RD_PORTS1
  Operating conditions:   _nominal_ (balanced_tree)
  Wireload mode:          enclosed
  Area mode:              timing library
============================================================


Path 1: VIOLATED (-162 ps) Late External Delay Assertion at pin mp_rd_data[0][0]
          Group: clk
     Startpoint: (R) mp_rd_row[0][2]
          Clock: (R) clk
       Endpoint: (R) mp_rd_data[0][0]
          Clock: (R) clk

                     Capture       Launch     
        Clock Edge:+    1000            0     
        Drv Adjust:+       0            4     
       Src Latency:+       0            0     
       Net Latency:+       0 (I)        0 (I) 
           Arrival:=    1000            4     
                                              
      Output Delay:-     300                  
       Uncertainty:-      50                  
     Required Time:=     650                  
      Launch Clock:-       4                  
       Input Delay:-     300                  
         Data Path:-     508                  
             Slack:=    -162                  

Exceptions/Constraints:
  input_delay              300             in_del_78_1  
  output_delay             300             ou_del_182_1 

#---------------------------------------------------------------------------------------------
#  Timing Point    Flags    Arc   Edge     Cell      Fanout Load Trans Delay Arrival Instance 
#                                                           (fF)  (ps)  (ps)   (ps)  Location 
#---------------------------------------------------------------------------------------------
  mp_rd_row[0][2]  -       -      R     (arrival)         2  1.3    14     0     304    (-,-) 
  g222734/Y        -       A->Y   R     NBUFFX4_RVT       6  5.0    27    44     349    (-,-) 
  g232615/Y3       -       A0->Y3 R     DEC24X2_RVT       3  6.3    42    67     415    (-,-) 
  fopt232440/Y     -       A->Y   R     NBUFFX16_RVT     79 47.4    42    67     482    (-,-) 
  g232508/Y        -       A3->Y  R     AO22X1_RVT        1  0.6    29    59     541    (-,-) 
  g216774/Y        -       A5->Y  R     AO221X1_RVT       1  0.5    34    64     605    (-,-) 
  g215191__2883/Y  -       A1->Y  R     AO22X1_RVT        1  0.6    29    70     674    (-,-) 
  g214807__2802/Y  -       A5->Y  R     AO221X1_RVT       1  0.6    35    64     739    (-,-) 
  g213592__7482/Y  -       A1->Y  F     NAND2X0_RVT       1  0.6    38    30     769    (-,-) 
  g212003__9945/Y  -       A4->Y  R     NAND4X0_RVT       1  0.1    38    44     812    (-,-) 
  mp_rd_data[0][0] -       -      R     (port)            -    -     -     0     812    (-,-) 
#---------------------------------------------------------------------------------------------



Path 2: VIOLATED (-162 ps) Late External Delay Assertion at pin mp_rd_data[0][3]
          Group: clk
     Startpoint: (R) mp_rd_row[0][2]
          Clock: (R) clk
       Endpoint: (R) mp_rd_data[0][3]
          Clock: (R) clk

                     Capture       Launch     
        Clock Edge:+    1000            0     
        Drv Adjust:+       0            4     
       Src Latency:+       0            0     
       Net Latency:+       0 (I)        0 (I) 
           Arrival:=    1000            4     
                                              
      Output Delay:-     300                  
       Uncertainty:-      50                  
     Required Time:=     650                  
      Launch Clock:-       4                  
       Input Delay:-     300                  
         Data Path:-     508                  
             Slack:=    -162                  

Exceptions/Constraints:
  input_delay              300             in_del_78_1  
  output_delay             300             ou_del_179_1 

#---------------------------------------------------------------------------------------------
#  Timing Point    Flags    Arc   Edge     Cell      Fanout Load Trans Delay Arrival Instance 
#                                                           (fF)  (ps)  (ps)   (ps)  Location 
#---------------------------------------------------------------------------------------------
  mp_rd_row[0][2]  -       -      R     (arrival)         2  1.3    14     0     304    (-,-) 
  g222734/Y        -       A->Y   R     NBUFFX4_RVT       6  5.0    27    44     349    (-,-) 
  g232615/Y3       -       A0->Y3 R     DEC24X2_RVT       3  6.3    42    67     415    (-,-) 
  fopt232440/Y     -       A->Y   R     NBUFFX16_RVT     79 47.4    42    67     482    (-,-) 
  g232511/Y        -       A3->Y  R     AO22X1_RVT        1  0.6    29    59     541    (-,-) 
  g216694/Y        -       A5->Y  R     AO221X1_RVT       1  0.5    34    64     605    (-,-) 
  g215170__1705/Y  -       A1->Y  R     AO22X1_RVT        1  0.6    29    70     674    (-,-) 
  g214785__2398/Y  -       A5->Y  R     AO221X1_RVT       1  0.6    35    64     739    (-,-) 
  g213574__1617/Y  -       A1->Y  F     NAND2X0_RVT       1  0.6    38    30     769    (-,-) 
  g211999__4733/Y  -       A4->Y  R     NAND4X0_RVT       1  0.1    38    44     812    (-,-) 
  mp_rd_data[0][3] -       -      R     (port)            -    -     -     0     812    (-,-) 
#---------------------------------------------------------------------------------------------



Path 3: VIOLATED (-162 ps) Late External Delay Assertion at pin mp_rd_data[0][4]
          Group: clk
     Startpoint: (R) mp_rd_row[0][2]
          Clock: (R) clk
       Endpoint: (R) mp_rd_data[0][4]
          Clock: (R) clk

                     Capture       Launch     
        Clock Edge:+    1000            0     
        Drv Adjust:+       0            4     
       Src Latency:+       0            0     
       Net Latency:+       0 (I)        0 (I) 
           Arrival:=    1000            4     
                                              
      Output Delay:-     300                  
       Uncertainty:-      50                  
     Required Time:=     650                  
      Launch Clock:-       4                  
       Input Delay:-     300                  
         Data Path:-     508                  
             Slack:=    -162                  

Exceptions/Constraints:
  input_delay              300             in_del_78_1  
  output_delay             300             ou_del_178_1 

#---------------------------------------------------------------------------------------------
#  Timing Point    Flags    Arc   Edge     Cell      Fanout Load Trans Delay Arrival Instance 
#                                                           (fF)  (ps)  (ps)   (ps)  Location 
#---------------------------------------------------------------------------------------------
  mp_rd_row[0][2]  -       -      R     (arrival)         2  1.3    14     0     304    (-,-) 
  g222734/Y        -       A->Y   R     NBUFFX4_RVT       6  5.0    27    44     349    (-,-) 
  g232615/Y3       -       A0->Y3 R     DEC24X2_RVT       3  6.3    42    67     415    (-,-) 
  fopt232440/Y     -       A->Y   R     NBUFFX16_RVT     79 47.4    42    67     482    (-,-) 
  g232514/Y        -       A3->Y  R     AO22X1_RVT        1  0.6    29    59     541    (-,-) 
  g215980/Y        -       A5->Y  R     AO221X1_RVT       1  0.5    34    64     605    (-,-) 
  g215165__6783/Y  -       A1->Y  R     AO22X1_RVT        1  0.6    29    70     674    (-,-) 
  g214777__7410/Y  -       A5->Y  R     AO221X1_RVT       1  0.6    35    64     739    (-,-) 
  g213566__5526/Y  -       A1->Y  F     NAND2X0_RVT       1  0.6    38    30     769    (-,-) 
  g211998__7482/Y  -       A4->Y  R     NAND4X0_RVT       1  0.1    38    44     812    (-,-) 
  mp_rd_data[0][4] -       -      R     (port)            -    -     -     0     812    (-,-) 
#---------------------------------------------------------------------------------------------



Path 4: VIOLATED (-162 ps) Late External Delay Assertion at pin mp_rd_data[0][7]
          Group: clk
     Startpoint: (R) mp_rd_row[0][2]
          Clock: (R) clk
       Endpoint: (R) mp_rd_data[0][7]
          Clock: (R) clk

                     Capture       Launch     
        Clock Edge:+    1000            0     
        Drv Adjust:+       0            4     
       Src Latency:+       0            0     
       Net Latency:+       0 (I)        0 (I) 
           Arrival:=    1000            4     
                                              
      Output Delay:-     300                  
       Uncertainty:-      50                  
     Required Time:=     650                  
      Launch Clock:-       4                  
       Input Delay:-     300                  
         Data Path:-     508                  
             Slack:=    -162                  

Exceptions/Constraints:
  input_delay              300             in_del_78_1  
  output_delay             300             ou_del_175_1 

#---------------------------------------------------------------------------------------------
#  Timing Point    Flags    Arc   Edge     Cell      Fanout Load Trans Delay Arrival Instance 
#                                                           (fF)  (ps)  (ps)   (ps)  Location 
#---------------------------------------------------------------------------------------------
  mp_rd_row[0][2]  -       -      R     (arrival)         2  1.3    14     0     304    (-,-) 
  g222734/Y        -       A->Y   R     NBUFFX4_RVT       6  5.0    27    44     349    (-,-) 
  g232615/Y3       -       A0->Y3 R     DEC24X2_RVT       3  6.3    42    67     415    (-,-) 
  fopt232440/Y     -       A->Y   R     NBUFFX16_RVT     79 47.4    42    67     482    (-,-) 
  g232495/Y        -       A3->Y  R     AO22X1_RVT        1  0.6    29    59     541    (-,-) 
  g216582/Y        -       A5->Y  R     AO221X1_RVT       1  0.5    34    64     605    (-,-) 
  g215145__2883/Y  -       A1->Y  R     AO22X1_RVT        1  0.6    29    70     674    (-,-) 
  g214756__7098/Y  -       A5->Y  R     AO221X1_RVT       1  0.6    35    64     739    (-,-) 
  g213540__9945/Y  -       A1->Y  F     NAND2X0_RVT       1  0.6    38    30     769    (-,-) 
  g211992__6131/Y  -       A4->Y  R     NAND4X0_RVT       1  0.1    38    44     812    (-,-) 
  mp_rd_data[0][7] -       -      R     (port)            -    -     -     0     812    (-,-) 
#---------------------------------------------------------------------------------------------



Path 5: VIOLATED (-162 ps) Late External Delay Assertion at pin mp_rd_data[0][15]
          Group: clk
     Startpoint: (R) mp_rd_row[0][2]
          Clock: (R) clk
       Endpoint: (R) mp_rd_data[0][15]
          Clock: (R) clk

                     Capture       Launch     
        Clock Edge:+    1000            0     
        Drv Adjust:+       0            4     
       Src Latency:+       0            0     
       Net Latency:+       0 (I)        0 (I) 
           Arrival:=    1000            4     
                                              
      Output Delay:-     300                  
       Uncertainty:-      50                  
     Required Time:=     650                  
      Launch Clock:-       4                  
       Input Delay:-     300                  
         Data Path:-     508                  
             Slack:=    -162                  

Exceptions/Constraints:
  input_delay              300             in_del_78_1  
  output_delay             300             ou_del_167_1 

#----------------------------------------------------------------------------------------------
#   Timing Point    Flags    Arc   Edge     Cell      Fanout Load Trans Delay Arrival Instance 
#                                                            (fF)  (ps)  (ps)   (ps)  Location 
#----------------------------------------------------------------------------------------------
  mp_rd_row[0][2]   -       -      R     (arrival)         2  1.3    14     0     304    (-,-) 
  g222734/Y         -       A->Y   R     NBUFFX4_RVT       6  5.0    27    44     349    (-,-) 
  g232615/Y3        -       A0->Y3 R     DEC24X2_RVT       3  6.3    42    67     415    (-,-) 
  fopt232440/Y      -       A->Y   R     NBUFFX16_RVT     79 47.4    42    67     482    (-,-) 
  g232496/Y         -       A3->Y  R     AO22X1_RVT        1  0.6    29    59     541    (-,-) 
  g216345/Y         -       A5->Y  R     AO221X1_RVT       1  0.5    34    64     605    (-,-) 
  g215088__4733/Y   -       A1->Y  R     AO22X1_RVT        1  0.6    29    70     674    (-,-) 
  g214696__5526/Y   -       A5->Y  R     AO221X1_RVT       1  0.6    35    64     739    (-,-) 
  g213481__9315/Y   -       A1->Y  F     NAND2X0_RVT       1  0.6    38    30     769    (-,-) 
  g211977__1617/Y   -       A4->Y  R     NAND4X0_RVT       1  0.1    38    44     812    (-,-) 
  mp_rd_data[0][15] -       -      R     (port)            -    -     -     0     812    (-,-) 
#----------------------------------------------------------------------------------------------



Path 6: VIOLATED (-162 ps) Late External Delay Assertion at pin mp_rd_data[0][20]
          Group: clk
     Startpoint: (R) mp_rd_row[0][2]
          Clock: (R) clk
       Endpoint: (R) mp_rd_data[0][20]
          Clock: (R) clk

                     Capture       Launch     
        Clock Edge:+    1000            0     
        Drv Adjust:+       0            4     
       Src Latency:+       0            0     
       Net Latency:+       0 (I)        0 (I) 
           Arrival:=    1000            4     
                                              
      Output Delay:-     300                  
       Uncertainty:-      50                  
     Required Time:=     650                  
      Launch Clock:-       4                  
       Input Delay:-     300                  
         Data Path:-     508                  
             Slack:=    -162                  

Exceptions/Constraints:
  input_delay              300             in_del_78_1  
  output_delay             300             ou_del_162_1 

#----------------------------------------------------------------------------------------------
#   Timing Point    Flags    Arc   Edge     Cell      Fanout Load Trans Delay Arrival Instance 
#                                                            (fF)  (ps)  (ps)   (ps)  Location 
#----------------------------------------------------------------------------------------------
  mp_rd_row[0][2]   -       -      R     (arrival)         2  1.3    14     0     304    (-,-) 
  g222734/Y         -       A->Y   R     NBUFFX4_RVT       6  5.0    27    44     349    (-,-) 
  g232615/Y3        -       A0->Y3 R     DEC24X2_RVT       3  6.3    42    67     415    (-,-) 
  fopt232440/Y      -       A->Y   R     NBUFFX16_RVT     79 47.4    42    67     482    (-,-) 
  g232510/Y         -       A3->Y  R     AO22X1_RVT        1  0.6    29    59     541    (-,-) 
  g216204/Y         -       A5->Y  R     AO221X1_RVT       1  0.5    34    64     605    (-,-) 
  g215056__5477/Y   -       A1->Y  R     AO22X1_RVT        1  0.6    29    70     674    (-,-) 
  g214663__6417/Y   -       A5->Y  R     AO221X1_RVT       1  0.6    35    64     739    (-,-) 
  g213448__6783/Y   -       A1->Y  F     NAND2X0_RVT       1  0.6    38    30     769    (-,-) 
  g211967__2398/Y   -       A4->Y  R     NAND4X0_RVT       1  0.1    38    44     812    (-,-) 
  mp_rd_data[0][20] -       -      R     (port)            -    -     -     0     812    (-,-) 
#----------------------------------------------------------------------------------------------



Path 7: VIOLATED (-162 ps) Late External Delay Assertion at pin mp_rd_data[0][24]
          Group: clk
     Startpoint: (R) mp_rd_row[0][2]
          Clock: (R) clk
       Endpoint: (R) mp_rd_data[0][24]
          Clock: (R) clk

                     Capture       Launch     
        Clock Edge:+    1000            0     
        Drv Adjust:+       0            4     
       Src Latency:+       0            0     
       Net Latency:+       0 (I)        0 (I) 
           Arrival:=    1000            4     
                                              
      Output Delay:-     300                  
       Uncertainty:-      50                  
     Required Time:=     650                  
      Launch Clock:-       4                  
       Input Delay:-     300                  
         Data Path:-     508                  
             Slack:=    -162                  

Exceptions/Constraints:
  input_delay              300             in_del_78_1  
  output_delay             300             ou_del_158_1 

#----------------------------------------------------------------------------------------------
#   Timing Point    Flags    Arc   Edge     Cell      Fanout Load Trans Delay Arrival Instance 
#                                                            (fF)  (ps)  (ps)   (ps)  Location 
#----------------------------------------------------------------------------------------------
  mp_rd_row[0][2]   -       -      R     (arrival)         2  1.3    14     0     304    (-,-) 
  g222734/Y         -       A->Y   R     NBUFFX4_RVT       6  5.0    27    44     349    (-,-) 
  g232615/Y3        -       A0->Y3 R     DEC24X2_RVT       3  6.3    42    67     415    (-,-) 
  fopt232440/Y      -       A->Y   R     NBUFFX16_RVT     79 47.4    42    67     482    (-,-) 
  g232513/Y         -       A3->Y  R     AO22X1_RVT        1  0.6    29    59     541    (-,-) 
  g216088/Y         -       A5->Y  R     AO221X1_RVT       1  0.5    34    64     605    (-,-) 
  g215030__8246/Y   -       A1->Y  R     AO22X1_RVT        1  0.6    29    70     674    (-,-) 
  g214636__7098/Y   -       A5->Y  R     AO221X1_RVT       1  0.6    35    64     739    (-,-) 
  g213420__9945/Y   -       A1->Y  F     NAND2X0_RVT       1  0.6    38    30     769    (-,-) 
  g211962__6260/Y   -       A4->Y  R     NAND4X0_RVT       1  0.1    38    44     812    (-,-) 
  mp_rd_data[0][24] -       -      R     (port)            -    -     -     0     812    (-,-) 
#----------------------------------------------------------------------------------------------



Path 8: VIOLATED (-162 ps) Late External Delay Assertion at pin mp_rd_data[0][1]
          Group: clk
     Startpoint: (R) mp_rd_row[0][2]
          Clock: (R) clk
       Endpoint: (R) mp_rd_data[0][1]
          Clock: (R) clk

                     Capture       Launch     
        Clock Edge:+    1000            0     
        Drv Adjust:+       0            4     
       Src Latency:+       0            0     
       Net Latency:+       0 (I)        0 (I) 
           Arrival:=    1000            4     
                                              
      Output Delay:-     300                  
       Uncertainty:-      50                  
     Required Time:=     650                  
      Launch Clock:-       4                  
       Input Delay:-     300                  
         Data Path:-     508                  
             Slack:=    -162                  

Exceptions/Constraints:
  input_delay              300             in_del_78_1  
  output_delay             300             ou_del_181_1 

#---------------------------------------------------------------------------------------------
#  Timing Point    Flags    Arc   Edge     Cell      Fanout Load Trans Delay Arrival Instance 
#                                                           (fF)  (ps)  (ps)   (ps)  Location 
#---------------------------------------------------------------------------------------------
  mp_rd_row[0][2]  -       -      R     (arrival)         2  1.3    14     0     304    (-,-) 
  g222734/Y        -       A->Y   R     NBUFFX4_RVT       6  5.0    27    44     349    (-,-) 
  g232615/Y3       -       A0->Y3 R     DEC24X2_RVT       3  6.3    42    67     415    (-,-) 
  fopt232650/Y     -       A->Y   R     NBUFFX16_RVT     96 57.3    46    70     485    (-,-) 
  g232704/Y        -       A3->Y  R     AO22X1_RVT        1  0.6    29    60     546    (-,-) 
  g222332/Y        -       A5->Y  R     AO221X1_RVT       1  0.5    34    64     610    (-,-) 
  g215186__6161/Y  -       A1->Y  R     AO22X1_RVT        1  0.6    29    70     679    (-,-) 
  g214803__6783/Y  -       A5->Y  R     AO221X1_RVT       1  0.6    35    64     744    (-,-) 
  g213588__6131/Y  -       A1->Y  F     NAND2X0_RVT       1  0.6    38    30     773    (-,-) 
  g212002__9315/Y  -       A2->Y  R     NAND4X0_RVT       1  0.1    38    39     812    (-,-) 
  mp_rd_data[0][1] -       -      R     (port)            -    -     -     0     812    (-,-) 
#---------------------------------------------------------------------------------------------



Path 9: VIOLATED (-162 ps) Late External Delay Assertion at pin mp_rd_data[0][14]
          Group: clk
     Startpoint: (R) mp_rd_row[0][2]
          Clock: (R) clk
       Endpoint: (R) mp_rd_data[0][14]
          Clock: (R) clk

                     Capture       Launch     
        Clock Edge:+    1000            0     
        Drv Adjust:+       0            4     
       Src Latency:+       0            0     
       Net Latency:+       0 (I)        0 (I) 
           Arrival:=    1000            4     
                                              
      Output Delay:-     300                  
       Uncertainty:-      50                  
     Required Time:=     650                  
      Launch Clock:-       4                  
       Input Delay:-     300                  
         Data Path:-     508                  
             Slack:=    -162                  

Exceptions/Constraints:
  input_delay              300             in_del_78_1  
  output_delay             300             ou_del_168_1 

#----------------------------------------------------------------------------------------------
#   Timing Point    Flags    Arc   Edge     Cell      Fanout Load Trans Delay Arrival Instance 
#                                                            (fF)  (ps)  (ps)   (ps)  Location 
#----------------------------------------------------------------------------------------------
  mp_rd_row[0][2]   -       -      R     (arrival)         2  1.3    14     0     304    (-,-) 
  g222734/Y         -       A->Y   R     NBUFFX4_RVT       6  5.0    27    44     349    (-,-) 
  g232615/Y3        -       A0->Y3 R     DEC24X2_RVT       3  6.3    42    67     415    (-,-) 
  fopt232650/Y      -       A->Y   R     NBUFFX16_RVT     96 57.3    46    70     485    (-,-) 
  g232700/Y         -       A3->Y  R     AO22X1_RVT        1  0.6    29    60     546    (-,-) 
  g232061/Y         -       A5->Y  R     AO221X1_RVT       1  0.5    34    64     610    (-,-) 
  g215100__2346/Y   -       A1->Y  R     AO22X1_RVT        1  0.6    29    70     679    (-,-) 
  g214706__4733/Y   -       A5->Y  R     AO221X1_RVT       1  0.6    35    64     744    (-,-) 
  g213490__6417/Y   -       A1->Y  F     NAND2X0_RVT       1  0.6    38    30     773    (-,-) 
  g211978__2802/Y   -       A2->Y  R     NAND4X0_RVT       1  0.1    38    39     812    (-,-) 
  mp_rd_data[0][14] -       -      R     (port)            -    -     -     0     812    (-,-) 
#----------------------------------------------------------------------------------------------



Path 10: VIOLATED (-162 ps) Late External Delay Assertion at pin mp_rd_data[0][17]
          Group: clk
     Startpoint: (R) mp_rd_row[0][2]
          Clock: (R) clk
       Endpoint: (R) mp_rd_data[0][17]
          Clock: (R) clk

                     Capture       Launch     
        Clock Edge:+    1000            0     
        Drv Adjust:+       0            4     
       Src Latency:+       0            0     
       Net Latency:+       0 (I)        0 (I) 
           Arrival:=    1000            4     
                                              
      Output Delay:-     300                  
       Uncertainty:-      50                  
     Required Time:=     650                  
      Launch Clock:-       4                  
       Input Delay:-     300                  
         Data Path:-     508                  
             Slack:=    -162                  

Exceptions/Constraints:
  input_delay              300             in_del_78_1  
  output_delay             300             ou_del_165_1 

#----------------------------------------------------------------------------------------------
#   Timing Point    Flags    Arc   Edge     Cell      Fanout Load Trans Delay Arrival Instance 
#                                                            (fF)  (ps)  (ps)   (ps)  Location 
#----------------------------------------------------------------------------------------------
  mp_rd_row[0][2]   -       -      R     (arrival)         2  1.3    14     0     304    (-,-) 
  g222734/Y         -       A->Y   R     NBUFFX4_RVT       6  5.0    27    44     349    (-,-) 
  g232615/Y3        -       A0->Y3 R     DEC24X2_RVT       3  6.3    42    67     415    (-,-) 
  fopt232650/Y      -       A->Y   R     NBUFFX16_RVT     96 57.3    46    70     485    (-,-) 
  g232707/Y         -       A3->Y  R     AO22X1_RVT        1  0.6    29    60     546    (-,-) 
  g216294/Y         -       A5->Y  R     AO221X1_RVT       1  0.5    34    64     610    (-,-) 
  g215077__5122/Y   -       A1->Y  R     AO22X1_RVT        1  0.6    29    70     679    (-,-) 
  g214684__1705/Y   -       A5->Y  R     AO221X1_RVT       1  0.6    35    64     744    (-,-) 
  g213467__4733/Y   -       A1->Y  F     NAND2X0_RVT       1  0.6    38    30     773    (-,-) 
  g211973__6783/Y   -       A2->Y  R     NAND4X0_RVT       1  0.1    38    39     812    (-,-) 
  mp_rd_data[0][17] -       -      R     (port)            -    -     -     0     812    (-,-) 
#----------------------------------------------------------------------------------------------

