Reading pref.tcl

# 2021.3_1

# vsim -c -t 1ps -L work work.tb_fused_postproc_unit -voptargs="+acc" -suppress 3839 -do "run -all; quit" 
# Start time: 18:23:41 on Jun 07,2026
# ** Note: (vsim-3812) Design is being optimized...
# //  Questa Sim-64
# //  Version 2021.3_1 linux_x86_64 Aug 15 2021
# //
# //  Copyright 1991-2021 Mentor Graphics Corporation
# //  All Rights Reserved.
# //
# //  QuestaSim and its associated documentation contain trade
# //  secrets and commercial or financial information that are the property of
# //  Mentor Graphics Corporation and are privileged, confidential,
# //  and exempt from disclosure under the Freedom of Information Act,
# //  5 U.S.C. Section 552. Furthermore, this information
# //  is prohibited from disclosure under the Trade Secrets Act,
# //  18 U.S.C. Section 1905.
# //
# Loading sv_std.std
# Loading work.accel_pkg(fast)
# Loading work.tb_fused_postproc_unit(fast)
# Loading work.fused_postproc_unit(fast)
# Loading work.gelu_unit_lut(fast)
# Loading work.gelu_direct_lut(fast)
# Loading work.gelu_grad_unit_lut(fast)
# Loading work.gelu_grad_direct_lut(fast)
# run -all
# === tb_fused_postproc_unit: START ===
#   PASS: T1: BYPASS, 1-cycle latency -- got 1.5000 matches 1.5000 (within tol)
#   PASS: T2: MASK pass-through, 1-cycle latency -- got -2.2500 matches -2.2500 (within tol)
#   PASS: T3: GELU(1.0) latency=5 -- got 0.8413 matches 0.8412 (within tol)
#   PASS: T4: GELU(-1.0) latency=5 -- got -0.1587 matches -0.1588 (within tol)
#   PASS: T5: GELU_GRAD(1.0 * G'(1.0)) latency=5 -- got 1.0833 matches 1.0830 (within tol)
#   PASS: T6: GELU_GRAD(2.0 * G'(0.5)) -- got 1.7350 matches 1.7347 (within tol)
#   PASS: T7: GELU_GRAD(1.0 * G'(-1.0)) sign test -- got -0.0833 matches -0.0830 (within tol)
# 
# === TB_FUSED_PP: PASS ===
# ** Note: $finish    : ../tb/tb_fused_postproc_unit.sv(192)
#    Time: 211 ns  Iteration: 1  Instance: /tb_fused_postproc_unit
# End time: 18:23:43 on Jun 07,2026, Elapsed time: 0:00:02
# Errors: 0, Warnings: 0
