Reading pref.tcl

# 2021.3_1

# vsim -c -t 1ps -L work work.tb_top -voptargs="+acc" -suppress 3839 -do "run -all; quit" 
# Start time: 18:41:42 on Jun 07,2026
# ** Note: (vsim-3812) Design is being optimized...
# ** Warning: ../../RTL/systolic_array_64x64.sv(33): (vopt-13314) Defaulting port 'a_in' kind to 'var' rather than 'wire' due to default compile option setting of -svinputport=relaxed.
# ** Warning: ../../RTL/systolic_array_64x64.sv(36): (vopt-13314) Defaulting port 'b_in' kind to 'var' rather than 'wire' due to default compile option setting of -svinputport=relaxed.
# ** Warning: ../../RTL/stream_pipeline.sv(62): (vopt-13314) Defaulting port 'a_rd_data' kind to 'var' rather than 'wire' due to default compile option setting of -svinputport=relaxed.
# ** Warning: ../../RTL/stream_pipeline.sv(67): (vopt-13314) Defaulting port 'b_rd_data' kind to 'var' rather than 'wire' due to default compile option setting of -svinputport=relaxed.
# ** Warning: ../../RTL/softmax_unit_lut.sv(45): (vopt-13314) Defaulting port 'scores_in' kind to 'var' rather than 'wire' due to default compile option setting of -svinputport=relaxed.
# ** Warning: ../../RTL/accel_top.sv(37): (vopt-13314) Defaulting port 'macro_cmd_in' kind to 'var' rather than 'wire' due to default compile option setting of -svinputport=relaxed.
# ** Warning: ../../RTL/tile_buffer.sv(41): (vopt-13314) Defaulting port 'mp_rd_row' kind to 'var' rather than 'wire' due to default compile option setting of -svinputport=relaxed.
# ** Warning: ../../RTL/tile_buffer.sv(42): (vopt-13314) Defaulting port 'mp_rd_col' kind to 'var' rather than 'wire' due to default compile option setting of -svinputport=relaxed.
# ** Warning: ../../RTL/accel_controller.sv(25): (vopt-13314) Defaulting port 'cmd' kind to 'var' rather than 'wire' due to default compile option setting of -svinputport=relaxed.
# ** Note: (vopt-143) Recognized 1 FSM in module "accel_controller(fast)".
# ** Warning: ../../RTL/tile_dispatcher.sv(31): (vopt-13314) Defaulting port 'macro_cmd' kind to 'var' rather than 'wire' due to default compile option setting of -svinputport=relaxed.
# ** Warning: ../../RTL/tile_dispatcher.sv(39): (vopt-13314) Defaulting port 'lane_cmd_ready' kind to 'var' rather than 'wire' due to default compile option setting of -svinputport=relaxed.
# ** Warning: ../../RTL/tile_dispatcher.sv(40): (vopt-13314) Defaulting port 'lane_done' kind to 'var' rather than 'wire' due to default compile option setting of -svinputport=relaxed.
# ** Note: (vopt-143) Recognized 1 FSM in module "tile_dispatcher(fast)".
# ** Warning: ../../RTL/accel_engine.sv(18): (vopt-13314) Defaulting port 'cmd_in' kind to 'var' rather than 'wire' due to default compile option setting of -svinputport=relaxed.
# ** Warning: ../../RTL/tile_buffer.sv(41): (vopt-13314) Defaulting port 'mp_rd_row' kind to 'var' rather than 'wire' due to default compile option setting of -svinputport=relaxed.
# ** Warning: ../../RTL/tile_buffer.sv(42): (vopt-13314) Defaulting port 'mp_rd_col' kind to 'var' rather than 'wire' due to default compile option setting of -svinputport=relaxed.
# ** Warning: ../../m2/rtl/compute_core.sv(57): (vopt-13314) Defaulting port 'macro_cmd_in' kind to 'var' rather than 'wire' due to default compile option setting of -svinputport=relaxed.
# ** Note: (vsim-12126) Error and warning message counts have been restored: Errors=0, Warnings=16.
# //  Questa Sim-64
# //  Version 2021.3_1 linux_x86_64 Aug 15 2021
# //
# //  Copyright 1991-2021 Mentor Graphics Corporation
# //  All Rights Reserved.
# //
# //  QuestaSim and its associated documentation contain trade
# //  secrets and commercial or financial information that are the property of
# //  Mentor Graphics Corporation and are privileged, confidential,
# //  and exempt from disclosure under the Freedom of Information Act,
# //  5 U.S.C. Section 552. Furthermore, this information
# //  is prohibited from disclosure under the Trade Secrets Act,
# //  18 U.S.C. Section 1905.
# //
# Loading sv_std.std
# Loading work.accel_pkg(fast)
# Loading work.tb_top(fast)
# Loading work.top(fast)
# Loading work.chiplet_interface(fast)
# Loading work.compute_core(fast)
# Loading work.accel_top(fast)
# Loading work.tile_dispatcher(fast)
# Loading work.dma_engine(fast)
# Loading work.accel_engine(fast)
# Loading work.accel_controller(fast)
# Loading work.tile_buffer(fast)
# Loading work.tile_buffer(fast__1)
# Loading work.stream_pipeline(fast)
# Loading work.systolic_array_64x64(fast)
# Loading work.mac_pe_piped4(fast)
# Loading work.fused_postproc_unit(fast)
# Loading work.gelu_unit_lut(fast)
# Loading work.gelu_direct_lut(fast)
# Loading work.gelu_grad_unit_lut(fast)
# Loading work.gelu_grad_direct_lut(fast)
# Loading work.softmax_unit_lut(fast)
# Loading work.exp_lut(fast)
# Loading work.divider_or_reciprocal_seq(fast)
# Loading work.perf_counter_block(fast)
# Loading work.scratchpad_ctrl(fast)
# Loading work.sram_bank(fast)
# run -all
# === tb_top: START ===
# 
# --- M3 cosim: 64x64 FFN forward through UCIe interface ---
#     A = all-ones 64x64, B = identity 64x64
#     expected C = A*B = A, then out = GELU(C) = GELU(1.0)
# 
#   Loading A (4096 entries) via ucie_wr_*...
#   Loading B (identity 64x64) via ucie_wr_*...
#   Inputs loaded. Issuing FFN_FWD macro through ucie_cmd_*...
#   PASS: chiplet asserted ucie_irq (=done) for the macro
# 
#   Reading 16 sample outputs through ucie_rd_*...
#   Each should match GELU(1.0) = 0.8412 (tol 0.05)
#   PASS: all 16 sampled outputs match GELU(1.0) within tol
# 
# === tb_top: ALL TESTS DONE ===
# 
# === TB_TOP: PASS ===
# ** Note: $finish    : ../tb/tb_top.sv(314)
#    Time: 82513 ns  Iteration: 1  Instance: /tb_top
# End time: 18:41:50 on Jun 07,2026, Elapsed time: 0:00:08
# Errors: 0, Warnings: 16
