============================================================
  Generated by:           Genus(TM) Synthesis Solution 21.12-s068_1
  Generated on:           May 18 2026  04:41:56 pm
  Module:                 tile_buffer_DATA_WIDTH32_TILE_DIM8_NUM_RD_PORTS8
  Operating conditions:   _nominal_ (balanced_tree)
  Wireload mode:          enclosed
  Area mode:              timing library
============================================================

                                   
    Gate      Instances    Area            Library         
-----------------------------------------------------------
AND2X1_RVT            5     10.166    saed32rvt_tt0p85v25c 
AND2X2_RVT           26     59.470    saed32rvt_tt0p85v25c 
AND2X4_RVT           20     55.912    saed32rvt_tt0p85v25c 
AND3X1_RVT            1      2.287    saed32rvt_tt0p85v25c 
AO21X1_RVT            2      5.083    saed32rvt_tt0p85v25c 
AO221X1_RVT        5058  15425.524    saed32rvt_tt0p85v25c 
AO222X1_RVT           2      6.608    saed32rvt_tt0p85v25c 
AO22X1_RVT         5143  13070.626    saed32rvt_tt0p85v25c 
AOI221X1_RVT          7     24.906    saed32rvt_tt0p85v25c 
AOI222X1_RVT          1      3.812    saed32rvt_tt0p85v25c 
AOI22X1_RVT           2      6.099    saed32rvt_tt0p85v25c 
IBUFFX16_RVT         10     66.077    saed32rvt_tt0p85v25c 
IBUFFX8_RVT           3     12.961    saed32rvt_tt0p85v25c 
INVX0_RVT            46     58.453    saed32rvt_tt0p85v25c 
INVX1_RVT          1152   1463.869    saed32rvt_tt0p85v25c 
INVX2_RVT            81    123.514    saed32rvt_tt0p85v25c 
INVX4_RVT           417    847.824    saed32rvt_tt0p85v25c 
INVX8_RVT            53    161.636    saed32rvt_tt0p85v25c 
NAND2X0_RVT          39     59.470    saed32rvt_tt0p85v25c 
NAND3X0_RVT          58    103.182    saed32rvt_tt0p85v25c 
NAND3X2_RVT           5     15.249    saed32rvt_tt0p85v25c 
NAND4X0_RVT         325    660.774    saed32rvt_tt0p85v25c 
NBUFFX16_RVT          1      6.099    saed32rvt_tt0p85v25c 
NBUFFX2_RVT          18     36.597    saed32rvt_tt0p85v25c 
NBUFFX4_RVT          51    129.613    saed32rvt_tt0p85v25c 
NBUFFX8_RVT          11     41.934    saed32rvt_tt0p85v25c 
NOR2X0_RVT           21     53.370    saed32rvt_tt0p85v25c 
NOR2X2_RVT           86    240.420    saed32rvt_tt0p85v25c 
NOR2X4_RVT           20     66.077    saed32rvt_tt0p85v25c 
NOR4X1_RVT         1279   3900.602    saed32rvt_tt0p85v25c 
OA21X1_RVT            1      2.541    saed32rvt_tt0p85v25c 
OA22X1_RVT            8     20.332    saed32rvt_tt0p85v25c 
OR2X1_RVT           379    770.565    saed32rvt_tt0p85v25c 
OR2X2_RVT           140    320.221    saed32rvt_tt0p85v25c 
OR2X4_RVT            64    178.917    saed32rvt_tt0p85v25c 
OR3X1_RVT             7     17.790    saed32rvt_tt0p85v25c 
OR3X2_RVT           105    266.851    saed32rvt_tt0p85v25c 
SDFFARX1_RVT       2048  18737.529    saed32rvt_tt0p85v25c 
-----------------------------------------------------------
total             16695  57032.963                         


                                          
     Type      Instances    Area   Area % 
------------------------------------------
sequential          2048 18737.529   32.9 
inverter            1762  2734.335    4.8 
buffer                81   214.243    0.4 
logic              12804 35346.856   62.0 
physical_cells         0     0.000    0.0 
------------------------------------------
total              16695 57032.963  100.0 

