============================================================
  Generated by:           Genus(TM) Synthesis Solution 21.12-s068_1
  Generated on:           May 18 2026  04:41:56 pm
  Module:                 tile_buffer_DATA_WIDTH32_TILE_DIM8_NUM_RD_PORTS8
  Operating conditions:   _nominal_ (balanced_tree)
  Wireload mode:          enclosed
  Area mode:              timing library
============================================================

Timing
--------

Clock Period 
-------------
clk   1000.0 


  Cost    Critical              Violating 
 Group   Path Slack     TNS       Paths   
------------------------------------------
clk          -164.6   -52575.4        320 
default    No paths        0.0            
------------------------------------------
Total                 -52575.4        320 

Instance Count
--------------
Leaf Instance Count             16695 
Physical Instance count             0 
Sequential Instance Count        2048 
Combinational Instance Count    14647 
Hierarchical Instance Count         0 

Area
----
Cell Area                          57032.963
Physical Cell Area                 0.000
Total Cell Area (Cell+Physical)    57032.963
Net Area                           0.000
Total Area (Cell+Physical+Net)     57032.963

Max Fanout                         2048 (clk)
Min Fanout                         0 (mem[0][0][0])
Average Fanout                     3.7
Terms to net ratio                 4.8024
Terms to instance ratio            5.1114
Runtime                            652.0262409999993 seconds
Elapsed Runtime                    648 seconds
Genus peak memory usage            4449.34 
Innovus peak memory usage          no_value 
Hostname                           phobos.ece.pdx.edu
