============================================================
  Generated by:           Genus(TM) Synthesis Solution 21.12-s068_1
  Generated on:           May 18 2026  04:41:53 pm
  Module:                 tile_buffer_DATA_WIDTH32_TILE_DIM8_NUM_RD_PORTS8
  Operating conditions:   _nominal_ (balanced_tree)
  Wireload mode:          enclosed
  Area mode:              timing library
============================================================


Path 1: VIOLATED (-165 ps) Late External Delay Assertion at pin mp_rd_data[1][0]
          Group: clk
     Startpoint: (F) mp_rd_col[1][2]
          Clock: (R) clk
       Endpoint: (F) mp_rd_data[1][0]
          Clock: (R) clk

                     Capture       Launch     
        Clock Edge:+    1000            0     
        Drv Adjust:+       0           19     
       Src Latency:+       0            0     
       Net Latency:+       0 (I)        0 (I) 
           Arrival:=    1000           19     
                                              
      Output Delay:-     300                  
       Uncertainty:-      50                  
     Required Time:=     650                  
      Launch Clock:-      19                  
       Input Delay:-     300                  
         Data Path:-     495                  
             Slack:=    -165                  

Exceptions/Constraints:
  input_delay              300             in_del_190_1 
  output_delay             300             ou_del_486_1 

#-------------------------------------------------------------------------------------------
#  Timing Point    Flags   Arc   Edge    Cell      Fanout Load Trans Delay Arrival Instance 
#                                                         (fF)  (ps)  (ps)   (ps)  Location 
#-------------------------------------------------------------------------------------------
  mp_rd_col[1][2]  -       -     F     (arrival)        8  4.7    41     0     319    (-,-) 
  g723377/Y        -       A->Y  R     INVX0_RVT        1  0.7    27    31     350    (-,-) 
  g730494/Y        -       A3->Y R     OR3X2_RVT        9  6.1    51    79     429    (-,-) 
  g727940/Y        -       A1->Y R     OR2X2_RVT        1  5.5    42    77     506    (-,-) 
  g727939/Y        -       A->Y  F     INVX8_RVT       32 16.1    31    27     533    (-,-) 
  g718391/Y        -       A1->Y F     AO22X1_RVT       1  0.6    25    70     603    (-,-) 
  g713192/Y        -       A5->Y F     AO221X1_RVT      1  0.6    30    54     657    (-,-) 
  g710622__7482/Y  -       A1->Y R     NOR4X1_RVT       1  0.7    22   126     783    (-,-) 
  g707960__3680/Y  -       A1->Y F     NAND4X0_RVT      1  0.1    41    32     815    (-,-) 
  mp_rd_data[1][0] -       -     F     (port)           -    -     -     0     815    (-,-) 
#-------------------------------------------------------------------------------------------



Path 2: VIOLATED (-165 ps) Late External Delay Assertion at pin mp_rd_data[1][1]
          Group: clk
     Startpoint: (F) mp_rd_col[1][2]
          Clock: (R) clk
       Endpoint: (F) mp_rd_data[1][1]
          Clock: (R) clk

                     Capture       Launch     
        Clock Edge:+    1000            0     
        Drv Adjust:+       0           19     
       Src Latency:+       0            0     
       Net Latency:+       0 (I)        0 (I) 
           Arrival:=    1000           19     
                                              
      Output Delay:-     300                  
       Uncertainty:-      50                  
     Required Time:=     650                  
      Launch Clock:-      19                  
       Input Delay:-     300                  
         Data Path:-     495                  
             Slack:=    -165                  

Exceptions/Constraints:
  input_delay              300             in_del_190_1 
  output_delay             300             ou_del_485_1 

#-------------------------------------------------------------------------------------------
#  Timing Point    Flags   Arc   Edge    Cell      Fanout Load Trans Delay Arrival Instance 
#                                                         (fF)  (ps)  (ps)   (ps)  Location 
#-------------------------------------------------------------------------------------------
  mp_rd_col[1][2]  -       -     F     (arrival)        8  4.7    41     0     319    (-,-) 
  g723377/Y        -       A->Y  R     INVX0_RVT        1  0.7    27    31     350    (-,-) 
  g730494/Y        -       A3->Y R     OR3X2_RVT        9  6.1    51    79     429    (-,-) 
  g727940/Y        -       A1->Y R     OR2X2_RVT        1  5.5    42    77     506    (-,-) 
  g727939/Y        -       A->Y  F     INVX8_RVT       32 16.1    31    27     533    (-,-) 
  g719922/Y        -       A1->Y F     AO22X1_RVT       1  0.6    25    70     603    (-,-) 
  g713160/Y        -       A5->Y F     AO221X1_RVT      1  0.6    30    54     657    (-,-) 
  g710615__6783/Y  -       A1->Y R     NOR4X1_RVT       1  0.7    22   126     783    (-,-) 
  g707959__6783/Y  -       A1->Y F     NAND4X0_RVT      1  0.1    41    32     815    (-,-) 
  mp_rd_data[1][1] -       -     F     (port)           -    -     -     0     815    (-,-) 
#-------------------------------------------------------------------------------------------



Path 3: VIOLATED (-165 ps) Late External Delay Assertion at pin mp_rd_data[1][2]
          Group: clk
     Startpoint: (F) mp_rd_col[1][2]
          Clock: (R) clk
       Endpoint: (F) mp_rd_data[1][2]
          Clock: (R) clk

                     Capture       Launch     
        Clock Edge:+    1000            0     
        Drv Adjust:+       0           19     
       Src Latency:+       0            0     
       Net Latency:+       0 (I)        0 (I) 
           Arrival:=    1000           19     
                                              
      Output Delay:-     300                  
       Uncertainty:-      50                  
     Required Time:=     650                  
      Launch Clock:-      19                  
       Input Delay:-     300                  
         Data Path:-     495                  
             Slack:=    -165                  

Exceptions/Constraints:
  input_delay              300             in_del_190_1 
  output_delay             300             ou_del_484_1 

#-------------------------------------------------------------------------------------------
#  Timing Point    Flags   Arc   Edge    Cell      Fanout Load Trans Delay Arrival Instance 
#                                                         (fF)  (ps)  (ps)   (ps)  Location 
#-------------------------------------------------------------------------------------------
  mp_rd_col[1][2]  -       -     F     (arrival)        8  4.7    41     0     319    (-,-) 
  g723377/Y        -       A->Y  R     INVX0_RVT        1  0.7    27    31     350    (-,-) 
  g730494/Y        -       A3->Y R     OR3X2_RVT        9  6.1    51    79     429    (-,-) 
  g727940/Y        -       A1->Y R     OR2X2_RVT        1  5.5    42    77     506    (-,-) 
  g727939/Y        -       A->Y  F     INVX8_RVT       32 16.1    31    27     533    (-,-) 
  g719996/Y        -       A1->Y F     AO22X1_RVT       1  0.6    25    70     603    (-,-) 
  g713129/Y        -       A5->Y F     AO221X1_RVT      1  0.6    30    54     657    (-,-) 
  g710607__2346/Y  -       A1->Y R     NOR4X1_RVT       1  0.7    22   126     783    (-,-) 
  g707957__5526/Y  -       A1->Y F     NAND4X0_RVT      1  0.1    41    32     815    (-,-) 
  mp_rd_data[1][2] -       -     F     (port)           -    -     -     0     815    (-,-) 
#-------------------------------------------------------------------------------------------



Path 4: VIOLATED (-165 ps) Late External Delay Assertion at pin mp_rd_data[1][5]
          Group: clk
     Startpoint: (F) mp_rd_col[1][2]
          Clock: (R) clk
       Endpoint: (F) mp_rd_data[1][5]
          Clock: (R) clk

                     Capture       Launch     
        Clock Edge:+    1000            0     
        Drv Adjust:+       0           19     
       Src Latency:+       0            0     
       Net Latency:+       0 (I)        0 (I) 
           Arrival:=    1000           19     
                                              
      Output Delay:-     300                  
       Uncertainty:-      50                  
     Required Time:=     650                  
      Launch Clock:-      19                  
       Input Delay:-     300                  
         Data Path:-     495                  
             Slack:=    -165                  

Exceptions/Constraints:
  input_delay              300             in_del_190_1 
  output_delay             300             ou_del_481_1 

#-------------------------------------------------------------------------------------------
#  Timing Point    Flags   Arc   Edge    Cell      Fanout Load Trans Delay Arrival Instance 
#                                                         (fF)  (ps)  (ps)   (ps)  Location 
#-------------------------------------------------------------------------------------------
  mp_rd_col[1][2]  -       -     F     (arrival)        8  4.7    41     0     319    (-,-) 
  g723377/Y        -       A->Y  R     INVX0_RVT        1  0.7    27    31     350    (-,-) 
  g730494/Y        -       A3->Y R     OR3X2_RVT        9  6.1    51    79     429    (-,-) 
  g727940/Y        -       A1->Y R     OR2X2_RVT        1  5.5    42    77     506    (-,-) 
  g727939/Y        -       A->Y  F     INVX8_RVT       32 16.1    31    27     533    (-,-) 
  g716866/Y        -       A1->Y F     AO22X1_RVT       1  0.6    25    70     603    (-,-) 
  g713032/Y        -       A5->Y F     AO221X1_RVT      1  0.6    30    54     657    (-,-) 
  g710584__1881/Y  -       A1->Y R     NOR4X1_RVT       1  0.7    22   126     783    (-,-) 
  g707951__6260/Y  -       A1->Y F     NAND4X0_RVT      1  0.1    41    32     815    (-,-) 
  mp_rd_data[1][5] -       -     F     (port)           -    -     -     0     815    (-,-) 
#-------------------------------------------------------------------------------------------



Path 5: VIOLATED (-165 ps) Late External Delay Assertion at pin mp_rd_data[1][6]
          Group: clk
     Startpoint: (F) mp_rd_col[1][2]
          Clock: (R) clk
       Endpoint: (F) mp_rd_data[1][6]
          Clock: (R) clk

                     Capture       Launch     
        Clock Edge:+    1000            0     
        Drv Adjust:+       0           19     
       Src Latency:+       0            0     
       Net Latency:+       0 (I)        0 (I) 
           Arrival:=    1000           19     
                                              
      Output Delay:-     300                  
       Uncertainty:-      50                  
     Required Time:=     650                  
      Launch Clock:-      19                  
       Input Delay:-     300                  
         Data Path:-     495                  
             Slack:=    -165                  

Exceptions/Constraints:
  input_delay              300             in_del_190_1 
  output_delay             300             ou_del_480_1 

#-------------------------------------------------------------------------------------------
#  Timing Point    Flags   Arc   Edge    Cell      Fanout Load Trans Delay Arrival Instance 
#                                                         (fF)  (ps)  (ps)   (ps)  Location 
#-------------------------------------------------------------------------------------------
  mp_rd_col[1][2]  -       -     F     (arrival)        8  4.7    41     0     319    (-,-) 
  g723377/Y        -       A->Y  R     INVX0_RVT        1  0.7    27    31     350    (-,-) 
  g730494/Y        -       A3->Y R     OR3X2_RVT        9  6.1    51    79     429    (-,-) 
  g727940/Y        -       A1->Y R     OR2X2_RVT        1  5.5    42    77     506    (-,-) 
  g727939/Y        -       A->Y  F     INVX8_RVT       32 16.1    31    27     533    (-,-) 
  g716993/Y        -       A1->Y F     AO22X1_RVT       1  0.6    25    70     603    (-,-) 
  g712999/Y        -       A5->Y F     AO221X1_RVT      1  0.6    30    54     657    (-,-) 
  g710577__6783/Y  -       A1->Y R     NOR4X1_RVT       1  0.7    22   126     783    (-,-) 
  g707949__5107/Y  -       A1->Y F     NAND4X0_RVT      1  0.1    41    32     815    (-,-) 
  mp_rd_data[1][6] -       -     F     (port)           -    -     -     0     815    (-,-) 
#-------------------------------------------------------------------------------------------



Path 6: VIOLATED (-165 ps) Late External Delay Assertion at pin mp_rd_data[1][7]
          Group: clk
     Startpoint: (F) mp_rd_col[1][2]
          Clock: (R) clk
       Endpoint: (F) mp_rd_data[1][7]
          Clock: (R) clk

                     Capture       Launch     
        Clock Edge:+    1000            0     
        Drv Adjust:+       0           19     
       Src Latency:+       0            0     
       Net Latency:+       0 (I)        0 (I) 
           Arrival:=    1000           19     
                                              
      Output Delay:-     300                  
       Uncertainty:-      50                  
     Required Time:=     650                  
      Launch Clock:-      19                  
       Input Delay:-     300                  
         Data Path:-     495                  
             Slack:=    -165                  

Exceptions/Constraints:
  input_delay              300             in_del_190_1 
  output_delay             300             ou_del_479_1 

#-------------------------------------------------------------------------------------------
#  Timing Point    Flags   Arc   Edge    Cell      Fanout Load Trans Delay Arrival Instance 
#                                                         (fF)  (ps)  (ps)   (ps)  Location 
#-------------------------------------------------------------------------------------------
  mp_rd_col[1][2]  -       -     F     (arrival)        8  4.7    41     0     319    (-,-) 
  g723377/Y        -       A->Y  R     INVX0_RVT        1  0.7    27    31     350    (-,-) 
  g730494/Y        -       A3->Y R     OR3X2_RVT        9  6.1    51    79     429    (-,-) 
  g727940/Y        -       A1->Y R     OR2X2_RVT        1  5.5    42    77     506    (-,-) 
  g727939/Y        -       A->Y  F     INVX8_RVT       32 16.1    31    27     533    (-,-) 
  g718183/Y        -       A1->Y F     AO22X1_RVT       1  0.6    25    70     603    (-,-) 
  g712966/Y        -       A5->Y F     AO221X1_RVT      1  0.6    30    54     657    (-,-) 
  g710570__2346/Y  -       A1->Y R     NOR4X1_RVT       1  0.7    22   126     783    (-,-) 
  g707948__2398/Y  -       A1->Y F     NAND4X0_RVT      1  0.1    41    32     815    (-,-) 
  mp_rd_data[1][7] -       -     F     (port)           -    -     -     0     815    (-,-) 
#-------------------------------------------------------------------------------------------



Path 7: VIOLATED (-165 ps) Late External Delay Assertion at pin mp_rd_data[1][8]
          Group: clk
     Startpoint: (F) mp_rd_col[1][2]
          Clock: (R) clk
       Endpoint: (F) mp_rd_data[1][8]
          Clock: (R) clk

                     Capture       Launch     
        Clock Edge:+    1000            0     
        Drv Adjust:+       0           19     
       Src Latency:+       0            0     
       Net Latency:+       0 (I)        0 (I) 
           Arrival:=    1000           19     
                                              
      Output Delay:-     300                  
       Uncertainty:-      50                  
     Required Time:=     650                  
      Launch Clock:-      19                  
       Input Delay:-     300                  
         Data Path:-     495                  
             Slack:=    -165                  

Exceptions/Constraints:
  input_delay              300             in_del_190_1 
  output_delay             300             ou_del_478_1 

#-------------------------------------------------------------------------------------------
#  Timing Point    Flags   Arc   Edge    Cell      Fanout Load Trans Delay Arrival Instance 
#                                                         (fF)  (ps)  (ps)   (ps)  Location 
#-------------------------------------------------------------------------------------------
  mp_rd_col[1][2]  -       -     F     (arrival)        8  4.7    41     0     319    (-,-) 
  g723377/Y        -       A->Y  R     INVX0_RVT        1  0.7    27    31     350    (-,-) 
  g730494/Y        -       A3->Y R     OR3X2_RVT        9  6.1    51    79     429    (-,-) 
  g727940/Y        -       A1->Y R     OR2X2_RVT        1  5.5    42    77     506    (-,-) 
  g727939/Y        -       A->Y  F     INVX8_RVT       32 16.1    31    27     533    (-,-) 
  g718156/Y        -       A1->Y F     AO22X1_RVT       1  0.6    25    70     603    (-,-) 
  g712936/Y        -       A5->Y F     AO221X1_RVT      1  0.6    30    54     657    (-,-) 
  g710562__5122/Y  -       A1->Y R     NOR4X1_RVT       1  0.7    22   126     783    (-,-) 
  g707945__5477/Y  -       A1->Y F     NAND4X0_RVT      1  0.1    41    32     815    (-,-) 
  mp_rd_data[1][8] -       -     F     (port)           -    -     -     0     815    (-,-) 
#-------------------------------------------------------------------------------------------



Path 8: VIOLATED (-165 ps) Late External Delay Assertion at pin mp_rd_data[1][9]
          Group: clk
     Startpoint: (F) mp_rd_col[1][2]
          Clock: (R) clk
       Endpoint: (F) mp_rd_data[1][9]
          Clock: (R) clk

                     Capture       Launch     
        Clock Edge:+    1000            0     
        Drv Adjust:+       0           19     
       Src Latency:+       0            0     
       Net Latency:+       0 (I)        0 (I) 
           Arrival:=    1000           19     
                                              
      Output Delay:-     300                  
       Uncertainty:-      50                  
     Required Time:=     650                  
      Launch Clock:-      19                  
       Input Delay:-     300                  
         Data Path:-     495                  
             Slack:=    -165                  

Exceptions/Constraints:
  input_delay              300             in_del_190_1 
  output_delay             300             ou_del_477_1 

#-------------------------------------------------------------------------------------------
#  Timing Point    Flags   Arc   Edge    Cell      Fanout Load Trans Delay Arrival Instance 
#                                                         (fF)  (ps)  (ps)   (ps)  Location 
#-------------------------------------------------------------------------------------------
  mp_rd_col[1][2]  -       -     F     (arrival)        8  4.7    41     0     319    (-,-) 
  g723377/Y        -       A->Y  R     INVX0_RVT        1  0.7    27    31     350    (-,-) 
  g730494/Y        -       A3->Y R     OR3X2_RVT        9  6.1    51    79     429    (-,-) 
  g727940/Y        -       A1->Y R     OR2X2_RVT        1  5.5    42    77     506    (-,-) 
  g727939/Y        -       A->Y  F     INVX8_RVT       32 16.1    31    27     533    (-,-) 
  g717381/Y        -       A1->Y F     AO22X1_RVT       1  0.6    25    70     603    (-,-) 
  g712899/Y        -       A5->Y F     AO221X1_RVT      1  0.6    30    54     657    (-,-) 
  g710555__2398/Y  -       A1->Y R     NOR4X1_RVT       1  0.7    22   126     783    (-,-) 
  g707944__6417/Y  -       A1->Y F     NAND4X0_RVT      1  0.1    41    32     815    (-,-) 
  mp_rd_data[1][9] -       -     F     (port)           -    -     -     0     815    (-,-) 
#-------------------------------------------------------------------------------------------



Path 9: VIOLATED (-165 ps) Late External Delay Assertion at pin mp_rd_data[1][10]
          Group: clk
     Startpoint: (F) mp_rd_col[1][2]
          Clock: (R) clk
       Endpoint: (F) mp_rd_data[1][10]
          Clock: (R) clk

                     Capture       Launch     
        Clock Edge:+    1000            0     
        Drv Adjust:+       0           19     
       Src Latency:+       0            0     
       Net Latency:+       0 (I)        0 (I) 
           Arrival:=    1000           19     
                                              
      Output Delay:-     300                  
       Uncertainty:-      50                  
     Required Time:=     650                  
      Launch Clock:-      19                  
       Input Delay:-     300                  
         Data Path:-     495                  
             Slack:=    -165                  

Exceptions/Constraints:
  input_delay              300             in_del_190_1 
  output_delay             300             ou_del_476_1 

#--------------------------------------------------------------------------------------------
#   Timing Point    Flags   Arc   Edge    Cell      Fanout Load Trans Delay Arrival Instance 
#                                                          (fF)  (ps)  (ps)   (ps)  Location 
#--------------------------------------------------------------------------------------------
  mp_rd_col[1][2]   -       -     F     (arrival)        8  4.7    41     0     319    (-,-) 
  g723377/Y         -       A->Y  R     INVX0_RVT        1  0.7    27    31     350    (-,-) 
  g730494/Y         -       A3->Y R     OR3X2_RVT        9  6.1    51    79     429    (-,-) 
  g727940/Y         -       A1->Y R     OR2X2_RVT        1  5.5    42    77     506    (-,-) 
  g727939/Y         -       A->Y  F     INVX8_RVT       32 16.1    31    27     533    (-,-) 
  g717518/Y         -       A1->Y F     AO22X1_RVT       1  0.6    25    70     603    (-,-) 
  g712865/Y         -       A5->Y F     AO221X1_RVT      1  0.6    30    54     657    (-,-) 
  g710546__1881/Y   -       A1->Y R     NOR4X1_RVT       1  0.7    22   126     783    (-,-) 
  g707942__7410/Y   -       A1->Y F     NAND4X0_RVT      1  0.1    41    32     815    (-,-) 
  mp_rd_data[1][10] -       -     F     (port)           -    -     -     0     815    (-,-) 
#--------------------------------------------------------------------------------------------



Path 10: VIOLATED (-165 ps) Late External Delay Assertion at pin mp_rd_data[1][11]
          Group: clk
     Startpoint: (F) mp_rd_col[1][2]
          Clock: (R) clk
       Endpoint: (F) mp_rd_data[1][11]
          Clock: (R) clk

                     Capture       Launch     
        Clock Edge:+    1000            0     
        Drv Adjust:+       0           19     
       Src Latency:+       0            0     
       Net Latency:+       0 (I)        0 (I) 
           Arrival:=    1000           19     
                                              
      Output Delay:-     300                  
       Uncertainty:-      50                  
     Required Time:=     650                  
      Launch Clock:-      19                  
       Input Delay:-     300                  
         Data Path:-     495                  
             Slack:=    -165                  

Exceptions/Constraints:
  input_delay              300             in_del_190_1 
  output_delay             300             ou_del_475_1 

#--------------------------------------------------------------------------------------------
#   Timing Point    Flags   Arc   Edge    Cell      Fanout Load Trans Delay Arrival Instance 
#                                                          (fF)  (ps)  (ps)   (ps)  Location 
#--------------------------------------------------------------------------------------------
  mp_rd_col[1][2]   -       -     F     (arrival)        8  4.7    41     0     319    (-,-) 
  g723377/Y         -       A->Y  R     INVX0_RVT        1  0.7    27    31     350    (-,-) 
  g730494/Y         -       A3->Y R     OR3X2_RVT        9  6.1    51    79     429    (-,-) 
  g727940/Y         -       A1->Y R     OR2X2_RVT        1  5.5    42    77     506    (-,-) 
  g727939/Y         -       A->Y  F     INVX8_RVT       32 16.1    31    27     533    (-,-) 
  g718074/Y         -       A1->Y F     AO22X1_RVT       1  0.6    25    70     603    (-,-) 
  g712835/Y         -       A5->Y F     AO221X1_RVT      1  0.6    30    54     657    (-,-) 
  g710537__6260/Y   -       A1->Y R     NOR4X1_RVT       1  0.7    22   126     783    (-,-) 
  g707941__1666/Y   -       A1->Y F     NAND4X0_RVT      1  0.1    41    32     815    (-,-) 
  mp_rd_data[1][11] -       -     F     (port)           -    -     -     0     815    (-,-) 
#--------------------------------------------------------------------------------------------

