
43. Printing statistics.

=== skid_buffer ===

   Number of wires:                274
   Number of wire bits:            367
   Number of public wires:          10
   Number of public wire bits:     103
   Number of ports:                  8
   Number of port bits:             70
   Number of memories:               0
   Number of memory bits:            0
   Number of processes:              0
   Number of cells:                331
     sky130_fd_sc_hd__a21oi_1        1
     sky130_fd_sc_hd__a31oi_1       32
     sky130_fd_sc_hd__and2b_2        1
     sky130_fd_sc_hd__clkinv_1      36
     sky130_fd_sc_hd__dfrtp_1       66
     sky130_fd_sc_hd__nand2_1       97
     sky130_fd_sc_hd__nand3_1        1
     sky130_fd_sc_hd__nand3b_1       1
     sky130_fd_sc_hd__nand4_1       32
     sky130_fd_sc_hd__nor3_1        32
     sky130_fd_sc_hd__o21bai_1      32

   Chip area for module '\skid_buffer': 2977.856000
     of which used for sequential elements: 1651.584000 (55.46%)

