
43. Printing statistics.

=== gelu_unit ===

   Number of wires:              55896
   Number of wire bits:          56361
   Number of public wires:          29
   Number of public wire bits:     494
   Number of ports:                  7
   Number of port bits:             69
   Number of memories:               0
   Number of memory bits:            0
   Number of processes:              0
   Number of cells:              56324
     sky130_fd_sc_hd__a2111o_1       1
     sky130_fd_sc_hd__a2111oi_0      4
     sky130_fd_sc_hd__a211o_2       13
     sky130_fd_sc_hd__a211oi_1      96
     sky130_fd_sc_hd__a21bo_2        3
     sky130_fd_sc_hd__a21boi_0     179
     sky130_fd_sc_hd__a21o_2       158
     sky130_fd_sc_hd__a21oi_1     2903
     sky130_fd_sc_hd__a221oi_1       8
     sky130_fd_sc_hd__a22o_2       148
     sky130_fd_sc_hd__a22oi_1      163
     sky130_fd_sc_hd__a2bb2oi_1     18
     sky130_fd_sc_hd__a311o_2        1
     sky130_fd_sc_hd__a311oi_1      51
     sky130_fd_sc_hd__a31o_2        16
     sky130_fd_sc_hd__a31oi_1      400
     sky130_fd_sc_hd__a32o_1         3
     sky130_fd_sc_hd__a32oi_1       28
     sky130_fd_sc_hd__a41o_2         1
     sky130_fd_sc_hd__a41oi_1       31
     sky130_fd_sc_hd__and2_2       468
     sky130_fd_sc_hd__and3_2       181
     sky130_fd_sc_hd__and3b_2        1
     sky130_fd_sc_hd__clkinv_1    6967
     sky130_fd_sc_hd__dfrtp_1      456
     sky130_fd_sc_hd__dfstp_2        1
     sky130_fd_sc_hd__lpflow_inputiso0p_1    552
     sky130_fd_sc_hd__maj3_1       932
     sky130_fd_sc_hd__mux2i_1        3
     sky130_fd_sc_hd__nand2_1    14393
     sky130_fd_sc_hd__nand3_1     5017
     sky130_fd_sc_hd__nand3b_1     115
     sky130_fd_sc_hd__nand4_1     1222
     sky130_fd_sc_hd__nor2_1      9917
     sky130_fd_sc_hd__nor3_1       596
     sky130_fd_sc_hd__nor3b_1       12
     sky130_fd_sc_hd__nor4_1       190
     sky130_fd_sc_hd__o2111a_1      34
     sky130_fd_sc_hd__o2111ai_1     50
     sky130_fd_sc_hd__o211a_1       82
     sky130_fd_sc_hd__o211ai_1     579
     sky130_fd_sc_hd__o21a_1       421
     sky130_fd_sc_hd__o21ai_0     2745
     sky130_fd_sc_hd__o21bai_1     208
     sky130_fd_sc_hd__o221ai_1      24
     sky130_fd_sc_hd__o22a_2         6
     sky130_fd_sc_hd__o22ai_1      773
     sky130_fd_sc_hd__o2bb2ai_1    267
     sky130_fd_sc_hd__o311a_2        1
     sky130_fd_sc_hd__o311ai_0       6
     sky130_fd_sc_hd__o31a_2         3
     sky130_fd_sc_hd__o31ai_1       57
     sky130_fd_sc_hd__o32ai_1        3
     sky130_fd_sc_hd__o41ai_1        6
     sky130_fd_sc_hd__or2_2        835
     sky130_fd_sc_hd__or2b_2         6
     sky130_fd_sc_hd__or3_2        103
     sky130_fd_sc_hd__or3b_2         2
     sky130_fd_sc_hd__or4_2          2
     sky130_fd_sc_hd__xnor2_1     1160
     sky130_fd_sc_hd__xnor3_4        1
     sky130_fd_sc_hd__xor2_1      3702

   Chip area for module '\gelu_unit': 291065.404800
     of which used for sequential elements: 11437.219200 (3.93%)

