
 /----------------------------------------------------------------------------\
 |  yosys -- Yosys Open SYnthesis Suite                                       |
 |  Copyright (C) 2012 - 2024  Claire Xenia Wolf <claire@yosyshq.com>         |
 |  Distributed under an ISC-like license, type "license" to see terms        |
 \----------------------------------------------------------------------------/
 Yosys 0.46 (git sha1 e97731b9dda91fa5fa53ed87df7c34163ba59a41, clang++ 17.0.6 -fPIC -O3)

-- Running command `read_verilog v_hand/*.v
chparam -set N_LANES 1 tile_dispatcher; chparam -set TILE_DIM 4 tile_dispatcher;
hierarchy -check -top tile_dispatcher
proc
flatten
opt -fast
techmap
opt -fast
dfflibmap -liberty /home/david/.volare/volare/sky130/versions/0fe599b2afb6708d281543108caf8310912f54af/sky130A/libs.ref/sky130_fd_sc_hd/lib/sky130_fd_sc_hd__tt_025C_1v80.lib
abc -liberty /home/david/.volare/volare/sky130/versions/0fe599b2afb6708d281543108caf8310912f54af/sky130A/libs.ref/sky130_fd_sc_hd/lib/sky130_fd_sc_hd__tt_025C_1v80.lib -script "+strash; scorr; ifraig; retime,{D}; strash; dch,-f; map,-M,1,{D}"
opt_clean -purge
tee -o per_module/tile_dispatcher/stat.rpt stat -liberty /home/david/.volare/volare/sky130/versions/0fe599b2afb6708d281543108caf8310912f54af/sky130A/libs.ref/sky130_fd_sc_hd/lib/sky130_fd_sc_hd__tt_025C_1v80.lib
write_verilog -noattr per_module/tile_dispatcher/tile_dispatcher.synth.v' --

1. Executing Verilog-2005 frontend: v_hand/accel_controller.v
Parsing Verilog input from `v_hand/accel_controller.v' to AST representation.
Generating RTLIL representation for module `\accel_controller'.
Successfully finished Verilog frontend.

2. Executing Verilog-2005 frontend: v_hand/accel_engine.v
Parsing Verilog input from `v_hand/accel_engine.v' to AST representation.
Generating RTLIL representation for module `\accel_engine'.
Successfully finished Verilog frontend.

3. Executing Verilog-2005 frontend: v_hand/accel_top.v
Parsing Verilog input from `v_hand/accel_top.v' to AST representation.
Generating RTLIL representation for module `\accel_top'.
Successfully finished Verilog frontend.

4. Executing Verilog-2005 frontend: v_hand/adder_tree.v
Parsing Verilog input from `v_hand/adder_tree.v' to AST representation.
Generating RTLIL representation for module `\adder_tree'.
Warning: Replacing memory \stage with list of registers. See v_hand/adder_tree.v:63
Warning: Replacing memory \valid_pipe with list of registers. See v_hand/adder_tree.v:61
Successfully finished Verilog frontend.

5. Executing Verilog-2005 frontend: v_hand/address_gen.v
Parsing Verilog input from `v_hand/address_gen.v' to AST representation.
Generating RTLIL representation for module `\address_gen'.
Successfully finished Verilog frontend.

6. Executing Verilog-2005 frontend: v_hand/causal_mask_unit.v
Parsing Verilog input from `v_hand/causal_mask_unit.v' to AST representation.
Generating RTLIL representation for module `\causal_mask_unit'.
Successfully finished Verilog frontend.

7. Executing Verilog-2005 frontend: v_hand/chiplet_interface.v
Parsing Verilog input from `v_hand/chiplet_interface.v' to AST representation.
Generating RTLIL representation for module `\chiplet_interface'.
Successfully finished Verilog frontend.

8. Executing Verilog-2005 frontend: v_hand/compute_core.v
Parsing Verilog input from `v_hand/compute_core.v' to AST representation.
Generating RTLIL representation for module `\compute_core'.
Successfully finished Verilog frontend.

9. Executing Verilog-2005 frontend: v_hand/divider_or_reciprocal_unit.v
Parsing Verilog input from `v_hand/divider_or_reciprocal_unit.v' to AST representation.
Generating RTLIL representation for module `\divider_or_reciprocal_unit'.
Successfully finished Verilog frontend.

10. Executing Verilog-2005 frontend: v_hand/dma_engine.v
Parsing Verilog input from `v_hand/dma_engine.v' to AST representation.
Generating RTLIL representation for module `\dma_engine'.
Successfully finished Verilog frontend.

11. Executing Verilog-2005 frontend: v_hand/double_buffer_ctrl.v
Parsing Verilog input from `v_hand/double_buffer_ctrl.v' to AST representation.
Generating RTLIL representation for module `\double_buffer_ctrl'.
Successfully finished Verilog frontend.

12. Executing Verilog-2005 frontend: v_hand/exp_lut.v
Parsing Verilog input from `v_hand/exp_lut.v' to AST representation.
Generating RTLIL representation for module `\exp_lut'.
Successfully finished Verilog frontend.

13. Executing Verilog-2005 frontend: v_hand/fused_postproc_unit.v
Parsing Verilog input from `v_hand/fused_postproc_unit.v' to AST representation.
Generating RTLIL representation for module `\fused_postproc_unit'.
Warning: Replacing memory \data_delay with list of registers. See v_hand/fused_postproc_unit.v:97
Successfully finished Verilog frontend.

14. Executing Verilog-2005 frontend: v_hand/gelu_grad_unit.v
Parsing Verilog input from `v_hand/gelu_grad_unit.v' to AST representation.
Generating RTLIL representation for module `\gelu_grad_unit'.
Successfully finished Verilog frontend.

15. Executing Verilog-2005 frontend: v_hand/gelu_lut.v
Parsing Verilog input from `v_hand/gelu_lut.v' to AST representation.
Generating RTLIL representation for module `\gelu_lut'.
Successfully finished Verilog frontend.

16. Executing Verilog-2005 frontend: v_hand/gelu_unit.v
Parsing Verilog input from `v_hand/gelu_unit.v' to AST representation.
Generating RTLIL representation for module `\gelu_unit'.
Successfully finished Verilog frontend.

17. Executing Verilog-2005 frontend: v_hand/mac_pe.v
Parsing Verilog input from `v_hand/mac_pe.v' to AST representation.
Generating RTLIL representation for module `\mac_pe'.
Successfully finished Verilog frontend.

18. Executing Verilog-2005 frontend: v_hand/mode_decoder.v
Parsing Verilog input from `v_hand/mode_decoder.v' to AST representation.
Generating RTLIL representation for module `\mode_decoder'.
Successfully finished Verilog frontend.

19. Executing Verilog-2005 frontend: v_hand/perf_counter_block.v
Parsing Verilog input from `v_hand/perf_counter_block.v' to AST representation.
Generating RTLIL representation for module `\perf_counter_block'.
Successfully finished Verilog frontend.

20. Executing Verilog-2005 frontend: v_hand/pipeline_stage.v
Parsing Verilog input from `v_hand/pipeline_stage.v' to AST representation.
Generating RTLIL representation for module `\pipeline_stage'.
Successfully finished Verilog frontend.

21. Executing Verilog-2005 frontend: v_hand/scratchpad_ctrl.v
Parsing Verilog input from `v_hand/scratchpad_ctrl.v' to AST representation.
Generating RTLIL representation for module `\scratchpad_ctrl'.
Successfully finished Verilog frontend.

22. Executing Verilog-2005 frontend: v_hand/skid_buffer.v
Parsing Verilog input from `v_hand/skid_buffer.v' to AST representation.
Generating RTLIL representation for module `\skid_buffer'.
Successfully finished Verilog frontend.

23. Executing Verilog-2005 frontend: v_hand/softmax_unit.v
Parsing Verilog input from `v_hand/softmax_unit.v' to AST representation.
Generating RTLIL representation for module `\softmax_unit'.
Warning: Replacing memory \s3_exp with list of registers. See v_hand/softmax_unit.v:194
Warning: Replacing memory \s2_exp with list of registers. See v_hand/softmax_unit.v:171
Warning: Replacing memory \s1_scores with list of registers. See v_hand/softmax_unit.v:146
Successfully finished Verilog frontend.

24. Executing Verilog-2005 frontend: v_hand/sram_bank.v
Parsing Verilog input from `v_hand/sram_bank.v' to AST representation.
Generating RTLIL representation for module `\sram_bank'.
Successfully finished Verilog frontend.

25. Executing Verilog-2005 frontend: v_hand/stream_mux.v
Parsing Verilog input from `v_hand/stream_mux.v' to AST representation.
Generating RTLIL representation for module `\stream_mux'.
Successfully finished Verilog frontend.

26. Executing Verilog-2005 frontend: v_hand/stream_pipeline.v
Parsing Verilog input from `v_hand/stream_pipeline.v' to AST representation.
Generating RTLIL representation for module `\stream_pipeline'.
Warning: Replacing memory \sm_row_buf with list of registers. See v_hand/stream_pipeline.v:302
Successfully finished Verilog frontend.

27. Executing Verilog-2005 frontend: v_hand/systolic_array_64x64.v
Parsing Verilog input from `v_hand/systolic_array_64x64.v' to AST representation.
Generating RTLIL representation for module `\systolic_array_64x64'.
Successfully finished Verilog frontend.

28. Executing Verilog-2005 frontend: v_hand/tile_buffer.v
Parsing Verilog input from `v_hand/tile_buffer.v' to AST representation.
Generating RTLIL representation for module `\tile_buffer'.
Warning: Replacing memory \mem with list of registers. See v_hand/tile_buffer.v:70
Successfully finished Verilog frontend.

29. Executing Verilog-2005 frontend: v_hand/tile_dispatcher.v
Parsing Verilog input from `v_hand/tile_dispatcher.v' to AST representation.
Generating RTLIL representation for module `\tile_dispatcher'.
Successfully finished Verilog frontend.

30. Executing Verilog-2005 frontend: v_hand/tile_loader.v
Parsing Verilog input from `v_hand/tile_loader.v' to AST representation.
Generating RTLIL representation for module `\tile_loader'.
Successfully finished Verilog frontend.

31. Executing Verilog-2005 frontend: v_hand/tile_scheduler.v
Parsing Verilog input from `v_hand/tile_scheduler.v' to AST representation.
Generating RTLIL representation for module `\tile_scheduler'.
Successfully finished Verilog frontend.

32. Executing Verilog-2005 frontend: v_hand/tile_writer.v
Parsing Verilog input from `v_hand/tile_writer.v' to AST representation.
Generating RTLIL representation for module `\tile_writer'.
Successfully finished Verilog frontend.

33. Executing Verilog-2005 frontend: v_hand/top_small.v
Parsing Verilog input from `v_hand/top_small.v' to AST representation.
Generating RTLIL representation for module `\top_small'.
Successfully finished Verilog frontend.
Parameter \N_LANES = 1

34. Executing AST frontend in derive mode using pre-parsed AST for module `\tile_dispatcher'.
Parameter \N_LANES = 1
Generating RTLIL representation for module `$paramod\tile_dispatcher\N_LANES=32'00000000000000000000000000000001'.
Parameter \TILE_DIM = 4

35. Executing AST frontend in derive mode using pre-parsed AST for module `\tile_dispatcher'.
Parameter \TILE_DIM = 4
Generating RTLIL representation for module `$paramod\tile_dispatcher\TILE_DIM=32'00000000000000000000000000000100'.

36. Executing HIERARCHY pass (managing design hierarchy).

36.1. Analyzing design hierarchy..
Top module:  \tile_dispatcher

36.2. Analyzing design hierarchy..
Top module:  \tile_dispatcher
Removing unused module `\top_small'.
Removing unused module `\tile_writer'.
Removing unused module `\tile_scheduler'.
Removing unused module `\tile_loader'.
Removing unused module `\tile_buffer'.
Removing unused module `\systolic_array_64x64'.
Removing unused module `\stream_pipeline'.
Removing unused module `\stream_mux'.
Removing unused module `\sram_bank'.
Removing unused module `\softmax_unit'.
Removing unused module `\skid_buffer'.
Removing unused module `\scratchpad_ctrl'.
Removing unused module `\pipeline_stage'.
Removing unused module `\perf_counter_block'.
Removing unused module `\mode_decoder'.
Removing unused module `\mac_pe'.
Removing unused module `\gelu_unit'.
Removing unused module `\gelu_lut'.
Removing unused module `\gelu_grad_unit'.
Removing unused module `\fused_postproc_unit'.
Removing unused module `\exp_lut'.
Removing unused module `\double_buffer_ctrl'.
Removing unused module `\dma_engine'.
Removing unused module `\divider_or_reciprocal_unit'.
Removing unused module `\compute_core'.
Removing unused module `\chiplet_interface'.
Removing unused module `\causal_mask_unit'.
Removing unused module `\address_gen'.
Removing unused module `\adder_tree'.
Removing unused module `\accel_top'.
Removing unused module `\accel_engine'.
Removing unused module `\accel_controller'.
Removed 32 unused modules.

37. Executing PROC pass (convert processes to netlists).

37.1. Executing PROC_CLEAN pass (remove empty switches from decision trees).
Cleaned up 0 empty switches.

37.2. Executing PROC_RMDEAD pass (remove dead branches from decision trees).
Marked 1 switch rules as full_case in process $proc$v_hand/tile_dispatcher.v:92$21776 in module tile_dispatcher.
Marked 3 switch rules as full_case in process $proc$v_hand/tile_dispatcher.v:115$21786 in module tile_dispatcher.
Removed 1 dead cases from process $proc$v_hand/tile_dispatcher.v:146$21799 in module tile_dispatcher.
Marked 5 switch rules as full_case in process $proc$v_hand/tile_dispatcher.v:146$21799 in module tile_dispatcher.
Removed a total of 1 dead cases.

37.3. Executing PROC_PRUNE pass (remove redundant assignments in processes).
Removed 2 redundant assignments.
Promoted 13 assignments to connections.

37.4. Executing PROC_INIT pass (extract init attributes).

37.5. Executing PROC_ARST pass (detect async resets in processes).
Found async reset \rst_n in `\tile_dispatcher.$proc$v_hand/tile_dispatcher.v:146$21799'.

37.6. Executing PROC_ROM pass (convert switches to ROMs).
Converted 0 switches.
<suppressed ~11 debug messages>

37.7. Executing PROC_MUX pass (convert decision trees to multiplexers).
Creating decoders for process `\tile_dispatcher.$proc$v_hand/tile_dispatcher.v:92$21776'.
     1/1: $1\num_completed[1:0]
Creating decoders for process `\tile_dispatcher.$proc$v_hand/tile_dispatcher.v:115$21786'.
     1/15: $1\one_lane_cmd[98:0] [98:91]
     2/15: $2\lane_cmd_valid[0:0]
     3/15: $1\lane_cmd[98:0]
     4/15: $1$bitselwrite$rvalue$v_hand/tile_dispatcher.v:140$21774[98:0]$21789
     5/15: $1\lane_cmd_valid[0:0]
     6/15: $1$bitselwrite$rvalue$v_hand/tile_dispatcher.v:139$21773[0:0]$21790
     7/15: $1\one_lane_cmd[98:0] [90:83]
     8/15: $1\one_lane_cmd[98:0] [82:75]
     9/15: $1\one_lane_cmd[98:0] [74:67]
    10/15: $1\one_lane_cmd[98:0] [66:51]
    11/15: $1\one_lane_cmd[98:0] [50:35]
    12/15: $1\one_lane_cmd[98:0] [34:19]
    13/15: $1\one_lane_cmd[98:0] [18:3]
    14/15: $1\one_lane_cmd[98:0] [2:0]
    15/15: $2\lane_cmd[98:0]
Creating decoders for process `\tile_dispatcher.$proc$v_hand/tile_dispatcher.v:146$21799'.
     1/16: $4$lookahead\in_flight$21798[0:0]$21812
     2/16: $3$bitselwrite$pos$v_hand/tile_dispatcher.v:182$21775[0:0]$21813
     3/16: $2$bitselwrite$pos$v_hand/tile_dispatcher.v:182$21775[0:0]$21808
     4/16: $3$lookahead\in_flight$21798[0:0]$21807
     5/16: $2$lookahead\in_flight$21798[0:0]$21806
     6/16: $1$bitselwrite$pos$v_hand/tile_dispatcher.v:182$21775[0:0]$21804
     7/16: $1$lookahead\in_flight$21798[0:0]$21803
     8/16: $2\ci[31:0]
     9/16: $0\tiles_completed[15:0]
    10/16: $0\macro_done[0:0]
    11/16: $0\total_tiles[15:0]
    12/16: $0\tiles_issued[15:0]
    13/16: $0\n_idx[7:0]
    14/16: $0\m_idx[7:0]
    15/16: $0\cmd_reg[106:0]
    16/16: $0\state[1:0]

37.8. Executing PROC_DLATCH pass (convert process syncs to latches).
No latch inferred for signal `\tile_dispatcher.\ci' from process `\tile_dispatcher.$proc$v_hand/tile_dispatcher.v:92$21776'.
No latch inferred for signal `\tile_dispatcher.\completion_pulse' from process `\tile_dispatcher.$proc$v_hand/tile_dispatcher.v:92$21776'.
No latch inferred for signal `\tile_dispatcher.\num_completed' from process `\tile_dispatcher.$proc$v_hand/tile_dispatcher.v:92$21776'.
No latch inferred for signal `\tile_dispatcher.\lane_cmd' from process `\tile_dispatcher.$proc$v_hand/tile_dispatcher.v:115$21786'.
No latch inferred for signal `\tile_dispatcher.\lane_cmd_valid' from process `\tile_dispatcher.$proc$v_hand/tile_dispatcher.v:115$21786'.
No latch inferred for signal `\tile_dispatcher.\li' from process `\tile_dispatcher.$proc$v_hand/tile_dispatcher.v:115$21786'.
No latch inferred for signal `\tile_dispatcher.\one_lane_cmd' from process `\tile_dispatcher.$proc$v_hand/tile_dispatcher.v:115$21786'.
No latch inferred for signal `\tile_dispatcher.$bitselwrite$rvalue$v_hand/tile_dispatcher.v:140$21774' from process `\tile_dispatcher.$proc$v_hand/tile_dispatcher.v:115$21786'.
No latch inferred for signal `\tile_dispatcher.$bitselwrite$rvalue$v_hand/tile_dispatcher.v:139$21773' from process `\tile_dispatcher.$proc$v_hand/tile_dispatcher.v:115$21786'.

37.9. Executing PROC_DFF pass (convert process syncs to FFs).
Creating register for signal `\tile_dispatcher.\state' using process `\tile_dispatcher.$proc$v_hand/tile_dispatcher.v:146$21799'.
  created $adff cell `$procdff$21989' with positive edge clock and positive level reset.
Creating register for signal `\tile_dispatcher.\cmd_reg' using process `\tile_dispatcher.$proc$v_hand/tile_dispatcher.v:146$21799'.
  created $adff cell `$procdff$21994' with positive edge clock and positive level reset.
Creating register for signal `\tile_dispatcher.\tiles_completed' using process `\tile_dispatcher.$proc$v_hand/tile_dispatcher.v:146$21799'.
  created $adff cell `$procdff$21999' with positive edge clock and positive level reset.
Creating register for signal `\tile_dispatcher.\macro_done' using process `\tile_dispatcher.$proc$v_hand/tile_dispatcher.v:146$21799'.
  created $adff cell `$procdff$22004' with positive edge clock and positive level reset.
Creating register for signal `\tile_dispatcher.\m_idx' using process `\tile_dispatcher.$proc$v_hand/tile_dispatcher.v:146$21799'.
  created $adff cell `$procdff$22009' with positive edge clock and positive level reset.
Creating register for signal `\tile_dispatcher.\n_idx' using process `\tile_dispatcher.$proc$v_hand/tile_dispatcher.v:146$21799'.
  created $adff cell `$procdff$22014' with positive edge clock and positive level reset.
Creating register for signal `\tile_dispatcher.\tiles_issued' using process `\tile_dispatcher.$proc$v_hand/tile_dispatcher.v:146$21799'.
  created $adff cell `$procdff$22019' with positive edge clock and positive level reset.
Creating register for signal `\tile_dispatcher.\total_tiles' using process `\tile_dispatcher.$proc$v_hand/tile_dispatcher.v:146$21799'.
  created $adff cell `$procdff$22024' with positive edge clock and positive level reset.
Creating register for signal `\tile_dispatcher.\in_flight' using process `\tile_dispatcher.$proc$v_hand/tile_dispatcher.v:146$21799'.
  created $adff cell `$procdff$22029' with positive edge clock and positive level reset.
Creating register for signal `\tile_dispatcher.\ci' using process `\tile_dispatcher.$proc$v_hand/tile_dispatcher.v:146$21799'.
  created $adff cell `$procdff$22034' with positive edge clock and positive level reset.
Creating register for signal `\tile_dispatcher.$lookahead\in_flight$21798' using process `\tile_dispatcher.$proc$v_hand/tile_dispatcher.v:146$21799'.
  created $adff cell `$procdff$22039' with positive edge clock and positive level reset.
Creating register for signal `\tile_dispatcher.$bitselwrite$pos$v_hand/tile_dispatcher.v:182$21775' using process `\tile_dispatcher.$proc$v_hand/tile_dispatcher.v:146$21799'.
  created $adff cell `$procdff$22044' with positive edge clock and positive level reset.

37.10. Executing PROC_MEMWR pass (convert process memory writes to cells).

37.11. Executing PROC_CLEAN pass (remove empty switches from decision trees).
Found and cleaned up 1 empty switch in `\tile_dispatcher.$proc$v_hand/tile_dispatcher.v:92$21776'.
Removing empty process `tile_dispatcher.$proc$v_hand/tile_dispatcher.v:92$21776'.
Found and cleaned up 3 empty switches in `\tile_dispatcher.$proc$v_hand/tile_dispatcher.v:115$21786'.
Removing empty process `tile_dispatcher.$proc$v_hand/tile_dispatcher.v:115$21786'.
Found and cleaned up 7 empty switches in `\tile_dispatcher.$proc$v_hand/tile_dispatcher.v:146$21799'.
Removing empty process `tile_dispatcher.$proc$v_hand/tile_dispatcher.v:146$21799'.
Cleaned up 11 empty switches.

37.12. Executing OPT_EXPR pass (perform const folding).
Optimizing module tile_dispatcher.
<suppressed ~38 debug messages>

38. Executing FLATTEN pass (flatten design).

39. Executing OPT pass (performing simple optimizations).

39.1. Executing OPT_EXPR pass (perform const folding).
Optimizing module tile_dispatcher.
<suppressed ~3 debug messages>

39.2. Executing OPT_MERGE pass (detect identical cells).
Finding identical cells in module `\tile_dispatcher'.
<suppressed ~123 debug messages>
Removed a total of 41 cells.

39.3. Executing OPT_DFF pass (perform DFF optimizations).
Adding EN signal on $procdff$22019 ($adff) from module tile_dispatcher (D = $procmux$21936_Y, Q = \tiles_issued).
Adding EN signal on $procdff$22014 ($adff) from module tile_dispatcher (D = $procmux$21949_Y, Q = \n_idx).
Adding EN signal on $procdff$21989 ($adff) from module tile_dispatcher (D = $procmux$21974_Y, Q = \state).
Adding EN signal on $procdff$22009 ($adff) from module tile_dispatcher (D = $procmux$21962_Y, Q = \m_idx).
Adding EN signal on $procdff$21994 ($adff) from module tile_dispatcher (D = \macro_cmd, Q = \cmd_reg).
Handling D = Q on $procdff$22034 ($adff) from module tile_dispatcher (removing D path).
Adding EN signal on $procdff$22024 ($adff) from module tile_dispatcher (D = $mul$v_hand/tile_dispatcher.v:175$21809_Y, Q = \total_tiles).
Setting constant 1-bit at position 0 on $procdff$22034 ($dlatch) from module tile_dispatcher.
Setting constant 0-bit at position 1 on $procdff$22034 ($dlatch) from module tile_dispatcher.
Setting constant 0-bit at position 2 on $procdff$22034 ($dlatch) from module tile_dispatcher.
Setting constant 0-bit at position 3 on $procdff$22034 ($dlatch) from module tile_dispatcher.
Setting constant 0-bit at position 4 on $procdff$22034 ($dlatch) from module tile_dispatcher.
Setting constant 0-bit at position 5 on $procdff$22034 ($dlatch) from module tile_dispatcher.
Setting constant 0-bit at position 6 on $procdff$22034 ($dlatch) from module tile_dispatcher.
Setting constant 0-bit at position 7 on $procdff$22034 ($dlatch) from module tile_dispatcher.
Setting constant 0-bit at position 8 on $procdff$22034 ($dlatch) from module tile_dispatcher.
Setting constant 0-bit at position 9 on $procdff$22034 ($dlatch) from module tile_dispatcher.
Setting constant 0-bit at position 10 on $procdff$22034 ($dlatch) from module tile_dispatcher.
Setting constant 0-bit at position 11 on $procdff$22034 ($dlatch) from module tile_dispatcher.
Setting constant 0-bit at position 12 on $procdff$22034 ($dlatch) from module tile_dispatcher.
Setting constant 0-bit at position 13 on $procdff$22034 ($dlatch) from module tile_dispatcher.
Setting constant 0-bit at position 14 on $procdff$22034 ($dlatch) from module tile_dispatcher.
Setting constant 0-bit at position 15 on $procdff$22034 ($dlatch) from module tile_dispatcher.
Setting constant 0-bit at position 16 on $procdff$22034 ($dlatch) from module tile_dispatcher.
Setting constant 0-bit at position 17 on $procdff$22034 ($dlatch) from module tile_dispatcher.
Setting constant 0-bit at position 18 on $procdff$22034 ($dlatch) from module tile_dispatcher.
Setting constant 0-bit at position 19 on $procdff$22034 ($dlatch) from module tile_dispatcher.
Setting constant 0-bit at position 20 on $procdff$22034 ($dlatch) from module tile_dispatcher.
Setting constant 0-bit at position 21 on $procdff$22034 ($dlatch) from module tile_dispatcher.
Setting constant 0-bit at position 22 on $procdff$22034 ($dlatch) from module tile_dispatcher.
Setting constant 0-bit at position 23 on $procdff$22034 ($dlatch) from module tile_dispatcher.
Setting constant 0-bit at position 24 on $procdff$22034 ($dlatch) from module tile_dispatcher.
Setting constant 0-bit at position 25 on $procdff$22034 ($dlatch) from module tile_dispatcher.
Setting constant 0-bit at position 26 on $procdff$22034 ($dlatch) from module tile_dispatcher.
Setting constant 0-bit at position 27 on $procdff$22034 ($dlatch) from module tile_dispatcher.
Setting constant 0-bit at position 28 on $procdff$22034 ($dlatch) from module tile_dispatcher.
Setting constant 0-bit at position 29 on $procdff$22034 ($dlatch) from module tile_dispatcher.
Setting constant 0-bit at position 30 on $procdff$22034 ($dlatch) from module tile_dispatcher.
Setting constant 0-bit at position 31 on $procdff$22034 ($dlatch) from module tile_dispatcher.
Setting constant 1-bit at position 0 on $procdff$22039 ($adff) from module tile_dispatcher.

39.4. Executing OPT_CLEAN pass (remove unused cells and wires).
Finding unused cells or wires in module \tile_dispatcher..
Removed 42 unused cells and 176 unused wires.
<suppressed ~46 debug messages>

39.5. Rerunning OPT passes. (Removed registers in this run.)

39.6. Executing OPT_EXPR pass (perform const folding).
Optimizing module tile_dispatcher.
<suppressed ~2 debug messages>

39.7. Executing OPT_MERGE pass (detect identical cells).
Finding identical cells in module `\tile_dispatcher'.
<suppressed ~6 debug messages>
Removed a total of 2 cells.

39.8. Executing OPT_DFF pass (perform DFF optimizations).

39.9. Executing OPT_CLEAN pass (remove unused cells and wires).
Finding unused cells or wires in module \tile_dispatcher..
Removed 0 unused cells and 2 unused wires.
<suppressed ~1 debug messages>

39.10. Finished fast OPT passes.

40. Executing TECHMAP pass (map to technology primitives).

40.1. Executing Verilog-2005 frontend: /nix/store/9r0bh7sp051dpm8km8bqlb028anpd3v3-yosys/bin/../share/yosys/techmap.v
Parsing Verilog input from `/nix/store/9r0bh7sp051dpm8km8bqlb028anpd3v3-yosys/bin/../share/yosys/techmap.v' to AST representation.
Generating RTLIL representation for module `\_90_simplemap_bool_ops'.
Generating RTLIL representation for module `\_90_simplemap_reduce_ops'.
Generating RTLIL representation for module `\_90_simplemap_logic_ops'.
Generating RTLIL representation for module `\_90_simplemap_compare_ops'.
Generating RTLIL representation for module `\_90_simplemap_various'.
Generating RTLIL representation for module `\_90_simplemap_registers'.
Generating RTLIL representation for module `\_90_shift_ops_shr_shl_sshl_sshr'.
Generating RTLIL representation for module `\_90_shift_shiftx'.
Generating RTLIL representation for module `\_90_fa'.
Generating RTLIL representation for module `\_90_lcu_brent_kung'.
Generating RTLIL representation for module `\_90_alu'.
Generating RTLIL representation for module `\_90_macc'.
Generating RTLIL representation for module `\_90_alumacc'.
Generating RTLIL representation for module `\$__div_mod_u'.
Generating RTLIL representation for module `\$__div_mod_trunc'.
Generating RTLIL representation for module `\_90_div'.
Generating RTLIL representation for module `\_90_mod'.
Generating RTLIL representation for module `\$__div_mod_floor'.
Generating RTLIL representation for module `\_90_divfloor'.
Generating RTLIL representation for module `\_90_modfloor'.
Generating RTLIL representation for module `\_90_pow'.
Generating RTLIL representation for module `\_90_pmux'.
Generating RTLIL representation for module `\_90_demux'.
Generating RTLIL representation for module `\_90_lut'.
Successfully finished Verilog frontend.

40.2. Continuing TECHMAP pass.
Using template $paramod$0d149ffe75563ef6fcc1a3dddc59d00af28651a7\_90_pmux for cells of type $pmux.
Using extmapper simplemap for cells of type $ne.
Using extmapper simplemap for cells of type $mux.
Using extmapper simplemap for cells of type $reduce_bool.
Using template $paramod$b3b6ac92d800c6f07aa48f510f923d86a674e5a7\_90_pmux for cells of type $pmux.
Using extmapper simplemap for cells of type $logic_not.
Using extmapper simplemap for cells of type $reduce_and.
Using extmapper simplemap for cells of type $adff.
Using extmapper simplemap for cells of type $adffe.
Using extmapper simplemap for cells of type $eq.
Using template $paramod$068ad458e7761d78e5eed8238508872e7b0aef95\_90_pmux for cells of type $pmux.
Running "alumacc" on wrapper $extern:wrap:$ge:A_SIGNED=0:A_WIDTH=16:B_SIGNED=0:B_WIDTH=16:Y_WIDTH=1:394426c56d1a028ba8fdd5469b163e04011def47.
Using template $extern:wrap:$ge:A_SIGNED=0:A_WIDTH=16:B_SIGNED=0:B_WIDTH=16:Y_WIDTH=1:394426c56d1a028ba8fdd5469b163e04011def47 for cells of type $extern:wrap:$ge:A_SIGNED=0:A_WIDTH=16:B_SIGNED=0:B_WIDTH=16:Y_WIDTH=1:394426c56d1a028ba8fdd5469b163e04011def47.
Using extmapper simplemap for cells of type $logic_or.
Using extmapper simplemap for cells of type $logic_and.
Running "alumacc" on wrapper $extern:wrap:$add:A_SIGNED=0:A_WIDTH=16:B_SIGNED=0:B_WIDTH=16:Y_WIDTH=16:394426c56d1a028ba8fdd5469b163e04011def47.
Using template $extern:wrap:$add:A_SIGNED=0:A_WIDTH=16:B_SIGNED=0:B_WIDTH=16:Y_WIDTH=16:394426c56d1a028ba8fdd5469b163e04011def47 for cells of type $extern:wrap:$add:A_SIGNED=0:A_WIDTH=16:B_SIGNED=0:B_WIDTH=16:Y_WIDTH=16:394426c56d1a028ba8fdd5469b163e04011def47.
Using extmapper simplemap for cells of type $or.
Using extmapper simplemap for cells of type $and.
Using extmapper simplemap for cells of type $not.
Using template $paramod$constmap:9ae352c2fcacdc5c02cab0429a5dfcb4f73a39bc$paramod$1ca472f582ad8cb8d017350f5f90e8b5b90a3168\_90_shift_shiftx for cells of type $shift.
Running "alumacc" on wrapper $extern:wrap:$neg:A_SIGNED=1:A_WIDTH=2:Y_WIDTH=2:394426c56d1a028ba8fdd5469b163e04011def47.
Using template $extern:wrap:$neg:A_SIGNED=1:A_WIDTH=2:Y_WIDTH=2:394426c56d1a028ba8fdd5469b163e04011def47 for cells of type $extern:wrap:$neg:A_SIGNED=1:A_WIDTH=2:Y_WIDTH=2:394426c56d1a028ba8fdd5469b163e04011def47.
Using template $paramod$constmap:815cc7485588a64bc62599a9bada5e51195aa96d$paramod$4641b69efc84ba0ab813a61d631e14ea82ec5f5e\_90_shift_shiftx for cells of type $shiftx.
Running "alumacc" on wrapper $extern:wrap:$mul:A_SIGNED=0:A_WIDTH=16:B_SIGNED=0:B_WIDTH=16:Y_WIDTH=16:394426c56d1a028ba8fdd5469b163e04011def47.
Using template $extern:wrap:$mul:A_SIGNED=0:A_WIDTH=16:B_SIGNED=0:B_WIDTH=16:Y_WIDTH=16:394426c56d1a028ba8fdd5469b163e04011def47 for cells of type $extern:wrap:$mul:A_SIGNED=0:A_WIDTH=16:B_SIGNED=0:B_WIDTH=16:Y_WIDTH=16:394426c56d1a028ba8fdd5469b163e04011def47.
Running "alumacc" on wrapper $extern:wrap:$mul:A_SIGNED=0:A_WIDTH=1:B_SIGNED=0:B_WIDTH=32:Y_WIDTH=32:394426c56d1a028ba8fdd5469b163e04011def47.
Using template $extern:wrap:$mul:A_SIGNED=0:A_WIDTH=1:B_SIGNED=0:B_WIDTH=32:Y_WIDTH=32:394426c56d1a028ba8fdd5469b163e04011def47 for cells of type $extern:wrap:$mul:A_SIGNED=0:A_WIDTH=1:B_SIGNED=0:B_WIDTH=32:Y_WIDTH=32:394426c56d1a028ba8fdd5469b163e04011def47.
Running "alumacc" on wrapper $extern:wrap:$lt:A_SIGNED=0:A_WIDTH=16:B_SIGNED=0:B_WIDTH=16:Y_WIDTH=1:394426c56d1a028ba8fdd5469b163e04011def47.
Using template $extern:wrap:$lt:A_SIGNED=0:A_WIDTH=16:B_SIGNED=0:B_WIDTH=16:Y_WIDTH=1:394426c56d1a028ba8fdd5469b163e04011def47 for cells of type $extern:wrap:$lt:A_SIGNED=0:A_WIDTH=16:B_SIGNED=0:B_WIDTH=16:Y_WIDTH=1:394426c56d1a028ba8fdd5469b163e04011def47.
Using extmapper simplemap for cells of type $reduce_or.
Using template $paramod$6df0329addda9228fcc2546de2aaf14ad26c98e1\_90_alu for cells of type $alu.
Using extmapper maccmap for cells of type $macc.
  add 99 * \tiles_issued [0] (32x1 bits, unsigned)
  add { 8'00000000 \macro_cmd [74:67] } * { 8'00000000 \macro_cmd [82:75] } (16x16 bits, unsigned)
Using template $paramod$d1615bf4e5e328245ffd1550e5fe105901cda77b\_90_alu for cells of type $alu.
Using extmapper simplemap for cells of type $pos.
Using template $paramod\_90_lcu_brent_kung\WIDTH=32'00000000000000000000000000010000 for cells of type $lcu.
Using extmapper simplemap for cells of type $xor.
Using template $paramod\_90_lcu_brent_kung\WIDTH=32'00000000000000000000000000000010 for cells of type $lcu.
Using template $paramod\_90_fa\WIDTH=32'00000000000000000000000000010000 for cells of type $fa.
No more expansions possible.
<suppressed ~1762 debug messages>

41. Executing OPT pass (performing simple optimizations).

41.1. Executing OPT_EXPR pass (perform const folding).
Optimizing module tile_dispatcher.
<suppressed ~1982 debug messages>

41.2. Executing OPT_MERGE pass (detect identical cells).
Finding identical cells in module `\tile_dispatcher'.
<suppressed ~774 debug messages>
Removed a total of 258 cells.

41.3. Executing OPT_DFF pass (perform DFF optimizations).

41.4. Executing OPT_CLEAN pass (remove unused cells and wires).
Finding unused cells or wires in module \tile_dispatcher..
Removed 280 unused cells and 1107 unused wires.
<suppressed ~283 debug messages>

41.5. Finished fast OPT passes.

42. Executing DFFLIBMAP pass (mapping DFF cells to sequential cells from liberty file).
Warning: Found unsupported expression 'D&!SCE|SCD&SCE' in pin attribute of cell 'sky130_fd_sc_hd__sdfbbn_1' - skipping.
Warning: Found unsupported expression 'D&!SCE|SCD&SCE' in pin attribute of cell 'sky130_fd_sc_hd__sdfbbn_2' - skipping.
Warning: Found unsupported expression 'D&!SCE|SCD&SCE' in pin attribute of cell 'sky130_fd_sc_hd__sdfrtn_1' - skipping.
Warning: Found unsupported expression 'D&DE|IQ&!DE' in pin attribute of cell 'sky130_fd_sc_hd__edfxbp_1' - skipping.
Warning: Found unsupported expression 'D&DE|IQ&!DE' in pin attribute of cell 'sky130_fd_sc_hd__edfxtp_1' - skipping.
Warning: Found unsupported expression 'D&!SCE|SCD&SCE' in pin attribute of cell 'sky130_fd_sc_hd__sdfbbp_1' - skipping.
Warning: Found unsupported expression 'D&!SCE|SCD&SCE' in pin attribute of cell 'sky130_fd_sc_hd__sdfrbp_1' - skipping.
Warning: Found unsupported expression 'D&!SCE|SCD&SCE' in pin attribute of cell 'sky130_fd_sc_hd__sdfrbp_2' - skipping.
Warning: Found unsupported expression 'D&!SCE|SCD&SCE' in pin attribute of cell 'sky130_fd_sc_hd__sdfrtp_1' - skipping.
Warning: Found unsupported expression 'D&!SCE|SCD&SCE' in pin attribute of cell 'sky130_fd_sc_hd__sdfrtp_2' - skipping.
Warning: Found unsupported expression 'D&!SCE|SCD&SCE' in pin attribute of cell 'sky130_fd_sc_hd__sdfrtp_4' - skipping.
Warning: Found unsupported expression 'D&!SCE|SCD&SCE' in pin attribute of cell 'sky130_fd_sc_hd__sdfsbp_1' - skipping.
Warning: Found unsupported expression 'D&!SCE|SCD&SCE' in pin attribute of cell 'sky130_fd_sc_hd__sdfsbp_2' - skipping.
Warning: Found unsupported expression 'D&!SCE|SCD&SCE' in pin attribute of cell 'sky130_fd_sc_hd__sdfstp_1' - skipping.
Warning: Found unsupported expression 'D&!SCE|SCD&SCE' in pin attribute of cell 'sky130_fd_sc_hd__sdfstp_2' - skipping.
Warning: Found unsupported expression 'D&!SCE|SCD&SCE' in pin attribute of cell 'sky130_fd_sc_hd__sdfstp_4' - skipping.
Warning: Found unsupported expression 'D&!SCE|SCD&SCE' in pin attribute of cell 'sky130_fd_sc_hd__sdfxbp_1' - skipping.
Warning: Found unsupported expression 'D&!SCE|SCD&SCE' in pin attribute of cell 'sky130_fd_sc_hd__sdfxbp_2' - skipping.
Warning: Found unsupported expression 'D&!SCE|SCD&SCE' in pin attribute of cell 'sky130_fd_sc_hd__sdfxtp_1' - skipping.
Warning: Found unsupported expression 'D&!SCE|SCD&SCE' in pin attribute of cell 'sky130_fd_sc_hd__sdfxtp_2' - skipping.
Warning: Found unsupported expression 'D&!SCE|SCD&SCE' in pin attribute of cell 'sky130_fd_sc_hd__sdfxtp_4' - skipping.
Warning: Found unsupported expression 'D&DE&!SCE|IQ&!DE&!SCE|SCD&SCE' in pin attribute of cell 'sky130_fd_sc_hd__sedfxbp_1' - skipping.
Warning: Found unsupported expression 'D&DE&!SCE|IQ&!DE&!SCE|SCD&SCE' in pin attribute of cell 'sky130_fd_sc_hd__sedfxbp_2' - skipping.
Warning: Found unsupported expression 'D&DE&!SCE|IQ&!DE&!SCE|SCD&SCE' in pin attribute of cell 'sky130_fd_sc_hd__sedfxtp_1' - skipping.
Warning: Found unsupported expression 'D&DE&!SCE|IQ&!DE&!SCE|SCD&SCE' in pin attribute of cell 'sky130_fd_sc_hd__sedfxtp_2' - skipping.
Warning: Found unsupported expression 'D&DE&!SCE|IQ&!DE&!SCE|SCD&SCE' in pin attribute of cell 'sky130_fd_sc_hd__sedfxtp_4' - skipping.
  cell sky130_fd_sc_hd__dfxtp_1 (noninv, pins=3, area=20.02) is a direct match for cell type $_DFF_P_.
Warning: Found unsupported expression 'D&!SCE|SCD&SCE' in pin attribute of cell 'sky130_fd_sc_hd__sdfbbn_1' - skipping.
Warning: Found unsupported expression 'D&!SCE|SCD&SCE' in pin attribute of cell 'sky130_fd_sc_hd__sdfbbn_2' - skipping.
Warning: Found unsupported expression 'D&!SCE|SCD&SCE' in pin attribute of cell 'sky130_fd_sc_hd__sdfrtn_1' - skipping.
  cell sky130_fd_sc_hd__dfrtn_1 (noninv, pins=4, area=25.02) is a direct match for cell type $_DFF_NN0_.
Warning: Found unsupported expression 'D&!SCE|SCD&SCE' in pin attribute of cell 'sky130_fd_sc_hd__sdfbbn_1' - skipping.
Warning: Found unsupported expression 'D&!SCE|SCD&SCE' in pin attribute of cell 'sky130_fd_sc_hd__sdfbbn_2' - skipping.
Warning: Found unsupported expression 'D&!SCE|SCD&SCE' in pin attribute of cell 'sky130_fd_sc_hd__sdfrtn_1' - skipping.
Warning: Found unsupported expression 'D&!SCE|SCD&SCE' in pin attribute of cell 'sky130_fd_sc_hd__sdfbbn_1' - skipping.
Warning: Found unsupported expression 'D&!SCE|SCD&SCE' in pin attribute of cell 'sky130_fd_sc_hd__sdfbbn_2' - skipping.
Warning: Found unsupported expression 'D&!SCE|SCD&SCE' in pin attribute of cell 'sky130_fd_sc_hd__sdfrtn_1' - skipping.
Warning: Found unsupported expression 'D&!SCE|SCD&SCE' in pin attribute of cell 'sky130_fd_sc_hd__sdfbbn_1' - skipping.
Warning: Found unsupported expression 'D&!SCE|SCD&SCE' in pin attribute of cell 'sky130_fd_sc_hd__sdfbbn_2' - skipping.
Warning: Found unsupported expression 'D&!SCE|SCD&SCE' in pin attribute of cell 'sky130_fd_sc_hd__sdfrtn_1' - skipping.
Warning: Found unsupported expression 'D&DE|IQ&!DE' in pin attribute of cell 'sky130_fd_sc_hd__edfxbp_1' - skipping.
Warning: Found unsupported expression 'D&DE|IQ&!DE' in pin attribute of cell 'sky130_fd_sc_hd__edfxtp_1' - skipping.
Warning: Found unsupported expression 'D&!SCE|SCD&SCE' in pin attribute of cell 'sky130_fd_sc_hd__sdfbbp_1' - skipping.
Warning: Found unsupported expression 'D&!SCE|SCD&SCE' in pin attribute of cell 'sky130_fd_sc_hd__sdfrbp_1' - skipping.
Warning: Found unsupported expression 'D&!SCE|SCD&SCE' in pin attribute of cell 'sky130_fd_sc_hd__sdfrbp_2' - skipping.
Warning: Found unsupported expression 'D&!SCE|SCD&SCE' in pin attribute of cell 'sky130_fd_sc_hd__sdfrtp_1' - skipping.
Warning: Found unsupported expression 'D&!SCE|SCD&SCE' in pin attribute of cell 'sky130_fd_sc_hd__sdfrtp_2' - skipping.
Warning: Found unsupported expression 'D&!SCE|SCD&SCE' in pin attribute of cell 'sky130_fd_sc_hd__sdfrtp_4' - skipping.
Warning: Found unsupported expression 'D&!SCE|SCD&SCE' in pin attribute of cell 'sky130_fd_sc_hd__sdfsbp_1' - skipping.
Warning: Found unsupported expression 'D&!SCE|SCD&SCE' in pin attribute of cell 'sky130_fd_sc_hd__sdfsbp_2' - skipping.
Warning: Found unsupported expression 'D&!SCE|SCD&SCE' in pin attribute of cell 'sky130_fd_sc_hd__sdfstp_1' - skipping.
Warning: Found unsupported expression 'D&!SCE|SCD&SCE' in pin attribute of cell 'sky130_fd_sc_hd__sdfstp_2' - skipping.
Warning: Found unsupported expression 'D&!SCE|SCD&SCE' in pin attribute of cell 'sky130_fd_sc_hd__sdfstp_4' - skipping.
Warning: Found unsupported expression 'D&!SCE|SCD&SCE' in pin attribute of cell 'sky130_fd_sc_hd__sdfxbp_1' - skipping.
Warning: Found unsupported expression 'D&!SCE|SCD&SCE' in pin attribute of cell 'sky130_fd_sc_hd__sdfxbp_2' - skipping.
Warning: Found unsupported expression 'D&!SCE|SCD&SCE' in pin attribute of cell 'sky130_fd_sc_hd__sdfxtp_1' - skipping.
Warning: Found unsupported expression 'D&!SCE|SCD&SCE' in pin attribute of cell 'sky130_fd_sc_hd__sdfxtp_2' - skipping.
Warning: Found unsupported expression 'D&!SCE|SCD&SCE' in pin attribute of cell 'sky130_fd_sc_hd__sdfxtp_4' - skipping.
Warning: Found unsupported expression 'D&DE&!SCE|IQ&!DE&!SCE|SCD&SCE' in pin attribute of cell 'sky130_fd_sc_hd__sedfxbp_1' - skipping.
Warning: Found unsupported expression 'D&DE&!SCE|IQ&!DE&!SCE|SCD&SCE' in pin attribute of cell 'sky130_fd_sc_hd__sedfxbp_2' - skipping.
Warning: Found unsupported expression 'D&DE&!SCE|IQ&!DE&!SCE|SCD&SCE' in pin attribute of cell 'sky130_fd_sc_hd__sedfxtp_1' - skipping.
Warning: Found unsupported expression 'D&DE&!SCE|IQ&!DE&!SCE|SCD&SCE' in pin attribute of cell 'sky130_fd_sc_hd__sedfxtp_2' - skipping.
Warning: Found unsupported expression 'D&DE&!SCE|IQ&!DE&!SCE|SCD&SCE' in pin attribute of cell 'sky130_fd_sc_hd__sedfxtp_4' - skipping.
  cell sky130_fd_sc_hd__dfrtp_1 (noninv, pins=4, area=25.02) is a direct match for cell type $_DFF_PN0_.
Warning: Found unsupported expression 'D&DE|IQ&!DE' in pin attribute of cell 'sky130_fd_sc_hd__edfxbp_1' - skipping.
Warning: Found unsupported expression 'D&DE|IQ&!DE' in pin attribute of cell 'sky130_fd_sc_hd__edfxtp_1' - skipping.
Warning: Found unsupported expression 'D&!SCE|SCD&SCE' in pin attribute of cell 'sky130_fd_sc_hd__sdfbbp_1' - skipping.
Warning: Found unsupported expression 'D&!SCE|SCD&SCE' in pin attribute of cell 'sky130_fd_sc_hd__sdfrbp_1' - skipping.
Warning: Found unsupported expression 'D&!SCE|SCD&SCE' in pin attribute of cell 'sky130_fd_sc_hd__sdfrbp_2' - skipping.
Warning: Found unsupported expression 'D&!SCE|SCD&SCE' in pin attribute of cell 'sky130_fd_sc_hd__sdfrtp_1' - skipping.
Warning: Found unsupported expression 'D&!SCE|SCD&SCE' in pin attribute of cell 'sky130_fd_sc_hd__sdfrtp_2' - skipping.
Warning: Found unsupported expression 'D&!SCE|SCD&SCE' in pin attribute of cell 'sky130_fd_sc_hd__sdfrtp_4' - skipping.
Warning: Found unsupported expression 'D&!SCE|SCD&SCE' in pin attribute of cell 'sky130_fd_sc_hd__sdfsbp_1' - skipping.
Warning: Found unsupported expression 'D&!SCE|SCD&SCE' in pin attribute of cell 'sky130_fd_sc_hd__sdfsbp_2' - skipping.
Warning: Found unsupported expression 'D&!SCE|SCD&SCE' in pin attribute of cell 'sky130_fd_sc_hd__sdfstp_1' - skipping.
Warning: Found unsupported expression 'D&!SCE|SCD&SCE' in pin attribute of cell 'sky130_fd_sc_hd__sdfstp_2' - skipping.
Warning: Found unsupported expression 'D&!SCE|SCD&SCE' in pin attribute of cell 'sky130_fd_sc_hd__sdfstp_4' - skipping.
Warning: Found unsupported expression 'D&!SCE|SCD&SCE' in pin attribute of cell 'sky130_fd_sc_hd__sdfxbp_1' - skipping.
Warning: Found unsupported expression 'D&!SCE|SCD&SCE' in pin attribute of cell 'sky130_fd_sc_hd__sdfxbp_2' - skipping.
Warning: Found unsupported expression 'D&!SCE|SCD&SCE' in pin attribute of cell 'sky130_fd_sc_hd__sdfxtp_1' - skipping.
Warning: Found unsupported expression 'D&!SCE|SCD&SCE' in pin attribute of cell 'sky130_fd_sc_hd__sdfxtp_2' - skipping.
Warning: Found unsupported expression 'D&!SCE|SCD&SCE' in pin attribute of cell 'sky130_fd_sc_hd__sdfxtp_4' - skipping.
Warning: Found unsupported expression 'D&DE&!SCE|IQ&!DE&!SCE|SCD&SCE' in pin attribute of cell 'sky130_fd_sc_hd__sedfxbp_1' - skipping.
Warning: Found unsupported expression 'D&DE&!SCE|IQ&!DE&!SCE|SCD&SCE' in pin attribute of cell 'sky130_fd_sc_hd__sedfxbp_2' - skipping.
Warning: Found unsupported expression 'D&DE&!SCE|IQ&!DE&!SCE|SCD&SCE' in pin attribute of cell 'sky130_fd_sc_hd__sedfxtp_1' - skipping.
Warning: Found unsupported expression 'D&DE&!SCE|IQ&!DE&!SCE|SCD&SCE' in pin attribute of cell 'sky130_fd_sc_hd__sedfxtp_2' - skipping.
Warning: Found unsupported expression 'D&DE&!SCE|IQ&!DE&!SCE|SCD&SCE' in pin attribute of cell 'sky130_fd_sc_hd__sedfxtp_4' - skipping.
  cell sky130_fd_sc_hd__dfstp_2 (noninv, pins=4, area=26.28) is a direct match for cell type $_DFF_PN1_.
Warning: Found unsupported expression 'D&DE|IQ&!DE' in pin attribute of cell 'sky130_fd_sc_hd__edfxbp_1' - skipping.
Warning: Found unsupported expression 'D&DE|IQ&!DE' in pin attribute of cell 'sky130_fd_sc_hd__edfxtp_1' - skipping.
Warning: Found unsupported expression 'D&!SCE|SCD&SCE' in pin attribute of cell 'sky130_fd_sc_hd__sdfbbp_1' - skipping.
Warning: Found unsupported expression 'D&!SCE|SCD&SCE' in pin attribute of cell 'sky130_fd_sc_hd__sdfrbp_1' - skipping.
Warning: Found unsupported expression 'D&!SCE|SCD&SCE' in pin attribute of cell 'sky130_fd_sc_hd__sdfrbp_2' - skipping.
Warning: Found unsupported expression 'D&!SCE|SCD&SCE' in pin attribute of cell 'sky130_fd_sc_hd__sdfrtp_1' - skipping.
Warning: Found unsupported expression 'D&!SCE|SCD&SCE' in pin attribute of cell 'sky130_fd_sc_hd__sdfrtp_2' - skipping.
Warning: Found unsupported expression 'D&!SCE|SCD&SCE' in pin attribute of cell 'sky130_fd_sc_hd__sdfrtp_4' - skipping.
Warning: Found unsupported expression 'D&!SCE|SCD&SCE' in pin attribute of cell 'sky130_fd_sc_hd__sdfsbp_1' - skipping.
Warning: Found unsupported expression 'D&!SCE|SCD&SCE' in pin attribute of cell 'sky130_fd_sc_hd__sdfsbp_2' - skipping.
Warning: Found unsupported expression 'D&!SCE|SCD&SCE' in pin attribute of cell 'sky130_fd_sc_hd__sdfstp_1' - skipping.
Warning: Found unsupported expression 'D&!SCE|SCD&SCE' in pin attribute of cell 'sky130_fd_sc_hd__sdfstp_2' - skipping.
Warning: Found unsupported expression 'D&!SCE|SCD&SCE' in pin attribute of cell 'sky130_fd_sc_hd__sdfstp_4' - skipping.
Warning: Found unsupported expression 'D&!SCE|SCD&SCE' in pin attribute of cell 'sky130_fd_sc_hd__sdfxbp_1' - skipping.
Warning: Found unsupported expression 'D&!SCE|SCD&SCE' in pin attribute of cell 'sky130_fd_sc_hd__sdfxbp_2' - skipping.
Warning: Found unsupported expression 'D&!SCE|SCD&SCE' in pin attribute of cell 'sky130_fd_sc_hd__sdfxtp_1' - skipping.
Warning: Found unsupported expression 'D&!SCE|SCD&SCE' in pin attribute of cell 'sky130_fd_sc_hd__sdfxtp_2' - skipping.
Warning: Found unsupported expression 'D&!SCE|SCD&SCE' in pin attribute of cell 'sky130_fd_sc_hd__sdfxtp_4' - skipping.
Warning: Found unsupported expression 'D&DE&!SCE|IQ&!DE&!SCE|SCD&SCE' in pin attribute of cell 'sky130_fd_sc_hd__sedfxbp_1' - skipping.
Warning: Found unsupported expression 'D&DE&!SCE|IQ&!DE&!SCE|SCD&SCE' in pin attribute of cell 'sky130_fd_sc_hd__sedfxbp_2' - skipping.
Warning: Found unsupported expression 'D&DE&!SCE|IQ&!DE&!SCE|SCD&SCE' in pin attribute of cell 'sky130_fd_sc_hd__sedfxtp_1' - skipping.
Warning: Found unsupported expression 'D&DE&!SCE|IQ&!DE&!SCE|SCD&SCE' in pin attribute of cell 'sky130_fd_sc_hd__sedfxtp_2' - skipping.
Warning: Found unsupported expression 'D&DE&!SCE|IQ&!DE&!SCE|SCD&SCE' in pin attribute of cell 'sky130_fd_sc_hd__sedfxtp_4' - skipping.
Warning: Found unsupported expression 'D&DE|IQ&!DE' in pin attribute of cell 'sky130_fd_sc_hd__edfxbp_1' - skipping.
Warning: Found unsupported expression 'D&DE|IQ&!DE' in pin attribute of cell 'sky130_fd_sc_hd__edfxtp_1' - skipping.
Warning: Found unsupported expression 'D&!SCE|SCD&SCE' in pin attribute of cell 'sky130_fd_sc_hd__sdfbbp_1' - skipping.
Warning: Found unsupported expression 'D&!SCE|SCD&SCE' in pin attribute of cell 'sky130_fd_sc_hd__sdfrbp_1' - skipping.
Warning: Found unsupported expression 'D&!SCE|SCD&SCE' in pin attribute of cell 'sky130_fd_sc_hd__sdfrbp_2' - skipping.
Warning: Found unsupported expression 'D&!SCE|SCD&SCE' in pin attribute of cell 'sky130_fd_sc_hd__sdfrtp_1' - skipping.
Warning: Found unsupported expression 'D&!SCE|SCD&SCE' in pin attribute of cell 'sky130_fd_sc_hd__sdfrtp_2' - skipping.
Warning: Found unsupported expression 'D&!SCE|SCD&SCE' in pin attribute of cell 'sky130_fd_sc_hd__sdfrtp_4' - skipping.
Warning: Found unsupported expression 'D&!SCE|SCD&SCE' in pin attribute of cell 'sky130_fd_sc_hd__sdfsbp_1' - skipping.
Warning: Found unsupported expression 'D&!SCE|SCD&SCE' in pin attribute of cell 'sky130_fd_sc_hd__sdfsbp_2' - skipping.
Warning: Found unsupported expression 'D&!SCE|SCD&SCE' in pin attribute of cell 'sky130_fd_sc_hd__sdfstp_1' - skipping.
Warning: Found unsupported expression 'D&!SCE|SCD&SCE' in pin attribute of cell 'sky130_fd_sc_hd__sdfstp_2' - skipping.
Warning: Found unsupported expression 'D&!SCE|SCD&SCE' in pin attribute of cell 'sky130_fd_sc_hd__sdfstp_4' - skipping.
Warning: Found unsupported expression 'D&!SCE|SCD&SCE' in pin attribute of cell 'sky130_fd_sc_hd__sdfxbp_1' - skipping.
Warning: Found unsupported expression 'D&!SCE|SCD&SCE' in pin attribute of cell 'sky130_fd_sc_hd__sdfxbp_2' - skipping.
Warning: Found unsupported expression 'D&!SCE|SCD&SCE' in pin attribute of cell 'sky130_fd_sc_hd__sdfxtp_1' - skipping.
Warning: Found unsupported expression 'D&!SCE|SCD&SCE' in pin attribute of cell 'sky130_fd_sc_hd__sdfxtp_2' - skipping.
Warning: Found unsupported expression 'D&!SCE|SCD&SCE' in pin attribute of cell 'sky130_fd_sc_hd__sdfxtp_4' - skipping.
Warning: Found unsupported expression 'D&DE&!SCE|IQ&!DE&!SCE|SCD&SCE' in pin attribute of cell 'sky130_fd_sc_hd__sedfxbp_1' - skipping.
Warning: Found unsupported expression 'D&DE&!SCE|IQ&!DE&!SCE|SCD&SCE' in pin attribute of cell 'sky130_fd_sc_hd__sedfxbp_2' - skipping.
Warning: Found unsupported expression 'D&DE&!SCE|IQ&!DE&!SCE|SCD&SCE' in pin attribute of cell 'sky130_fd_sc_hd__sedfxtp_1' - skipping.
Warning: Found unsupported expression 'D&DE&!SCE|IQ&!DE&!SCE|SCD&SCE' in pin attribute of cell 'sky130_fd_sc_hd__sedfxtp_2' - skipping.
Warning: Found unsupported expression 'D&DE&!SCE|IQ&!DE&!SCE|SCD&SCE' in pin attribute of cell 'sky130_fd_sc_hd__sedfxtp_4' - skipping.
Warning: Found unsupported expression 'D&!SCE|SCD&SCE' in pin attribute of cell 'sky130_fd_sc_hd__sdfbbn_1' - skipping.
Warning: Found unsupported expression 'D&!SCE|SCD&SCE' in pin attribute of cell 'sky130_fd_sc_hd__sdfbbn_2' - skipping.
Warning: Found unsupported expression 'D&!SCE|SCD&SCE' in pin attribute of cell 'sky130_fd_sc_hd__sdfrtn_1' - skipping.
  cell sky130_fd_sc_hd__dfbbn_1 (noninv, pins=6, area=32.53) is a direct match for cell type $_DFFSR_NNN_.
Warning: Found unsupported expression 'D&!SCE|SCD&SCE' in pin attribute of cell 'sky130_fd_sc_hd__sdfbbn_1' - skipping.
Warning: Found unsupported expression 'D&!SCE|SCD&SCE' in pin attribute of cell 'sky130_fd_sc_hd__sdfbbn_2' - skipping.
Warning: Found unsupported expression 'D&!SCE|SCD&SCE' in pin attribute of cell 'sky130_fd_sc_hd__sdfrtn_1' - skipping.
Warning: Found unsupported expression 'D&!SCE|SCD&SCE' in pin attribute of cell 'sky130_fd_sc_hd__sdfbbn_1' - skipping.
Warning: Found unsupported expression 'D&!SCE|SCD&SCE' in pin attribute of cell 'sky130_fd_sc_hd__sdfbbn_2' - skipping.
Warning: Found unsupported expression 'D&!SCE|SCD&SCE' in pin attribute of cell 'sky130_fd_sc_hd__sdfrtn_1' - skipping.
Warning: Found unsupported expression 'D&!SCE|SCD&SCE' in pin attribute of cell 'sky130_fd_sc_hd__sdfbbn_1' - skipping.
Warning: Found unsupported expression 'D&!SCE|SCD&SCE' in pin attribute of cell 'sky130_fd_sc_hd__sdfbbn_2' - skipping.
Warning: Found unsupported expression 'D&!SCE|SCD&SCE' in pin attribute of cell 'sky130_fd_sc_hd__sdfrtn_1' - skipping.
Warning: Found unsupported expression 'D&DE|IQ&!DE' in pin attribute of cell 'sky130_fd_sc_hd__edfxbp_1' - skipping.
Warning: Found unsupported expression 'D&DE|IQ&!DE' in pin attribute of cell 'sky130_fd_sc_hd__edfxtp_1' - skipping.
Warning: Found unsupported expression 'D&!SCE|SCD&SCE' in pin attribute of cell 'sky130_fd_sc_hd__sdfbbp_1' - skipping.
Warning: Found unsupported expression 'D&!SCE|SCD&SCE' in pin attribute of cell 'sky130_fd_sc_hd__sdfrbp_1' - skipping.
Warning: Found unsupported expression 'D&!SCE|SCD&SCE' in pin attribute of cell 'sky130_fd_sc_hd__sdfrbp_2' - skipping.
Warning: Found unsupported expression 'D&!SCE|SCD&SCE' in pin attribute of cell 'sky130_fd_sc_hd__sdfrtp_1' - skipping.
Warning: Found unsupported expression 'D&!SCE|SCD&SCE' in pin attribute of cell 'sky130_fd_sc_hd__sdfrtp_2' - skipping.
Warning: Found unsupported expression 'D&!SCE|SCD&SCE' in pin attribute of cell 'sky130_fd_sc_hd__sdfrtp_4' - skipping.
Warning: Found unsupported expression 'D&!SCE|SCD&SCE' in pin attribute of cell 'sky130_fd_sc_hd__sdfsbp_1' - skipping.
Warning: Found unsupported expression 'D&!SCE|SCD&SCE' in pin attribute of cell 'sky130_fd_sc_hd__sdfsbp_2' - skipping.
Warning: Found unsupported expression 'D&!SCE|SCD&SCE' in pin attribute of cell 'sky130_fd_sc_hd__sdfstp_1' - skipping.
Warning: Found unsupported expression 'D&!SCE|SCD&SCE' in pin attribute of cell 'sky130_fd_sc_hd__sdfstp_2' - skipping.
Warning: Found unsupported expression 'D&!SCE|SCD&SCE' in pin attribute of cell 'sky130_fd_sc_hd__sdfstp_4' - skipping.
Warning: Found unsupported expression 'D&!SCE|SCD&SCE' in pin attribute of cell 'sky130_fd_sc_hd__sdfxbp_1' - skipping.
Warning: Found unsupported expression 'D&!SCE|SCD&SCE' in pin attribute of cell 'sky130_fd_sc_hd__sdfxbp_2' - skipping.
Warning: Found unsupported expression 'D&!SCE|SCD&SCE' in pin attribute of cell 'sky130_fd_sc_hd__sdfxtp_1' - skipping.
Warning: Found unsupported expression 'D&!SCE|SCD&SCE' in pin attribute of cell 'sky130_fd_sc_hd__sdfxtp_2' - skipping.
Warning: Found unsupported expression 'D&!SCE|SCD&SCE' in pin attribute of cell 'sky130_fd_sc_hd__sdfxtp_4' - skipping.
Warning: Found unsupported expression 'D&DE&!SCE|IQ&!DE&!SCE|SCD&SCE' in pin attribute of cell 'sky130_fd_sc_hd__sedfxbp_1' - skipping.
Warning: Found unsupported expression 'D&DE&!SCE|IQ&!DE&!SCE|SCD&SCE' in pin attribute of cell 'sky130_fd_sc_hd__sedfxbp_2' - skipping.
Warning: Found unsupported expression 'D&DE&!SCE|IQ&!DE&!SCE|SCD&SCE' in pin attribute of cell 'sky130_fd_sc_hd__sedfxtp_1' - skipping.
Warning: Found unsupported expression 'D&DE&!SCE|IQ&!DE&!SCE|SCD&SCE' in pin attribute of cell 'sky130_fd_sc_hd__sedfxtp_2' - skipping.
Warning: Found unsupported expression 'D&DE&!SCE|IQ&!DE&!SCE|SCD&SCE' in pin attribute of cell 'sky130_fd_sc_hd__sedfxtp_4' - skipping.
  cell sky130_fd_sc_hd__dfbbp_1 (noninv, pins=6, area=32.53) is a direct match for cell type $_DFFSR_PNN_.
Warning: Found unsupported expression 'D&DE|IQ&!DE' in pin attribute of cell 'sky130_fd_sc_hd__edfxbp_1' - skipping.
Warning: Found unsupported expression 'D&DE|IQ&!DE' in pin attribute of cell 'sky130_fd_sc_hd__edfxtp_1' - skipping.
Warning: Found unsupported expression 'D&!SCE|SCD&SCE' in pin attribute of cell 'sky130_fd_sc_hd__sdfbbp_1' - skipping.
Warning: Found unsupported expression 'D&!SCE|SCD&SCE' in pin attribute of cell 'sky130_fd_sc_hd__sdfrbp_1' - skipping.
Warning: Found unsupported expression 'D&!SCE|SCD&SCE' in pin attribute of cell 'sky130_fd_sc_hd__sdfrbp_2' - skipping.
Warning: Found unsupported expression 'D&!SCE|SCD&SCE' in pin attribute of cell 'sky130_fd_sc_hd__sdfrtp_1' - skipping.
Warning: Found unsupported expression 'D&!SCE|SCD&SCE' in pin attribute of cell 'sky130_fd_sc_hd__sdfrtp_2' - skipping.
Warning: Found unsupported expression 'D&!SCE|SCD&SCE' in pin attribute of cell 'sky130_fd_sc_hd__sdfrtp_4' - skipping.
Warning: Found unsupported expression 'D&!SCE|SCD&SCE' in pin attribute of cell 'sky130_fd_sc_hd__sdfsbp_1' - skipping.
Warning: Found unsupported expression 'D&!SCE|SCD&SCE' in pin attribute of cell 'sky130_fd_sc_hd__sdfsbp_2' - skipping.
Warning: Found unsupported expression 'D&!SCE|SCD&SCE' in pin attribute of cell 'sky130_fd_sc_hd__sdfstp_1' - skipping.
Warning: Found unsupported expression 'D&!SCE|SCD&SCE' in pin attribute of cell 'sky130_fd_sc_hd__sdfstp_2' - skipping.
Warning: Found unsupported expression 'D&!SCE|SCD&SCE' in pin attribute of cell 'sky130_fd_sc_hd__sdfstp_4' - skipping.
Warning: Found unsupported expression 'D&!SCE|SCD&SCE' in pin attribute of cell 'sky130_fd_sc_hd__sdfxbp_1' - skipping.
Warning: Found unsupported expression 'D&!SCE|SCD&SCE' in pin attribute of cell 'sky130_fd_sc_hd__sdfxbp_2' - skipping.
Warning: Found unsupported expression 'D&!SCE|SCD&SCE' in pin attribute of cell 'sky130_fd_sc_hd__sdfxtp_1' - skipping.
Warning: Found unsupported expression 'D&!SCE|SCD&SCE' in pin attribute of cell 'sky130_fd_sc_hd__sdfxtp_2' - skipping.
Warning: Found unsupported expression 'D&!SCE|SCD&SCE' in pin attribute of cell 'sky130_fd_sc_hd__sdfxtp_4' - skipping.
Warning: Found unsupported expression 'D&DE&!SCE|IQ&!DE&!SCE|SCD&SCE' in pin attribute of cell 'sky130_fd_sc_hd__sedfxbp_1' - skipping.
Warning: Found unsupported expression 'D&DE&!SCE|IQ&!DE&!SCE|SCD&SCE' in pin attribute of cell 'sky130_fd_sc_hd__sedfxbp_2' - skipping.
Warning: Found unsupported expression 'D&DE&!SCE|IQ&!DE&!SCE|SCD&SCE' in pin attribute of cell 'sky130_fd_sc_hd__sedfxtp_1' - skipping.
Warning: Found unsupported expression 'D&DE&!SCE|IQ&!DE&!SCE|SCD&SCE' in pin attribute of cell 'sky130_fd_sc_hd__sedfxtp_2' - skipping.
Warning: Found unsupported expression 'D&DE&!SCE|IQ&!DE&!SCE|SCD&SCE' in pin attribute of cell 'sky130_fd_sc_hd__sedfxtp_4' - skipping.
Warning: Found unsupported expression 'D&DE|IQ&!DE' in pin attribute of cell 'sky130_fd_sc_hd__edfxbp_1' - skipping.
Warning: Found unsupported expression 'D&DE|IQ&!DE' in pin attribute of cell 'sky130_fd_sc_hd__edfxtp_1' - skipping.
Warning: Found unsupported expression 'D&!SCE|SCD&SCE' in pin attribute of cell 'sky130_fd_sc_hd__sdfbbp_1' - skipping.
Warning: Found unsupported expression 'D&!SCE|SCD&SCE' in pin attribute of cell 'sky130_fd_sc_hd__sdfrbp_1' - skipping.
Warning: Found unsupported expression 'D&!SCE|SCD&SCE' in pin attribute of cell 'sky130_fd_sc_hd__sdfrbp_2' - skipping.
Warning: Found unsupported expression 'D&!SCE|SCD&SCE' in pin attribute of cell 'sky130_fd_sc_hd__sdfrtp_1' - skipping.
Warning: Found unsupported expression 'D&!SCE|SCD&SCE' in pin attribute of cell 'sky130_fd_sc_hd__sdfrtp_2' - skipping.
Warning: Found unsupported expression 'D&!SCE|SCD&SCE' in pin attribute of cell 'sky130_fd_sc_hd__sdfrtp_4' - skipping.
Warning: Found unsupported expression 'D&!SCE|SCD&SCE' in pin attribute of cell 'sky130_fd_sc_hd__sdfsbp_1' - skipping.
Warning: Found unsupported expression 'D&!SCE|SCD&SCE' in pin attribute of cell 'sky130_fd_sc_hd__sdfsbp_2' - skipping.
Warning: Found unsupported expression 'D&!SCE|SCD&SCE' in pin attribute of cell 'sky130_fd_sc_hd__sdfstp_1' - skipping.
Warning: Found unsupported expression 'D&!SCE|SCD&SCE' in pin attribute of cell 'sky130_fd_sc_hd__sdfstp_2' - skipping.
Warning: Found unsupported expression 'D&!SCE|SCD&SCE' in pin attribute of cell 'sky130_fd_sc_hd__sdfstp_4' - skipping.
Warning: Found unsupported expression 'D&!SCE|SCD&SCE' in pin attribute of cell 'sky130_fd_sc_hd__sdfxbp_1' - skipping.
Warning: Found unsupported expression 'D&!SCE|SCD&SCE' in pin attribute of cell 'sky130_fd_sc_hd__sdfxbp_2' - skipping.
Warning: Found unsupported expression 'D&!SCE|SCD&SCE' in pin attribute of cell 'sky130_fd_sc_hd__sdfxtp_1' - skipping.
Warning: Found unsupported expression 'D&!SCE|SCD&SCE' in pin attribute of cell 'sky130_fd_sc_hd__sdfxtp_2' - skipping.
Warning: Found unsupported expression 'D&!SCE|SCD&SCE' in pin attribute of cell 'sky130_fd_sc_hd__sdfxtp_4' - skipping.
Warning: Found unsupported expression 'D&DE&!SCE|IQ&!DE&!SCE|SCD&SCE' in pin attribute of cell 'sky130_fd_sc_hd__sedfxbp_1' - skipping.
Warning: Found unsupported expression 'D&DE&!SCE|IQ&!DE&!SCE|SCD&SCE' in pin attribute of cell 'sky130_fd_sc_hd__sedfxbp_2' - skipping.
Warning: Found unsupported expression 'D&DE&!SCE|IQ&!DE&!SCE|SCD&SCE' in pin attribute of cell 'sky130_fd_sc_hd__sedfxtp_1' - skipping.
Warning: Found unsupported expression 'D&DE&!SCE|IQ&!DE&!SCE|SCD&SCE' in pin attribute of cell 'sky130_fd_sc_hd__sedfxtp_2' - skipping.
Warning: Found unsupported expression 'D&DE&!SCE|IQ&!DE&!SCE|SCD&SCE' in pin attribute of cell 'sky130_fd_sc_hd__sedfxtp_4' - skipping.
Warning: Found unsupported expression 'D&DE|IQ&!DE' in pin attribute of cell 'sky130_fd_sc_hd__edfxbp_1' - skipping.
Warning: Found unsupported expression 'D&DE|IQ&!DE' in pin attribute of cell 'sky130_fd_sc_hd__edfxtp_1' - skipping.
Warning: Found unsupported expression 'D&!SCE|SCD&SCE' in pin attribute of cell 'sky130_fd_sc_hd__sdfbbp_1' - skipping.
Warning: Found unsupported expression 'D&!SCE|SCD&SCE' in pin attribute of cell 'sky130_fd_sc_hd__sdfrbp_1' - skipping.
Warning: Found unsupported expression 'D&!SCE|SCD&SCE' in pin attribute of cell 'sky130_fd_sc_hd__sdfrbp_2' - skipping.
Warning: Found unsupported expression 'D&!SCE|SCD&SCE' in pin attribute of cell 'sky130_fd_sc_hd__sdfrtp_1' - skipping.
Warning: Found unsupported expression 'D&!SCE|SCD&SCE' in pin attribute of cell 'sky130_fd_sc_hd__sdfrtp_2' - skipping.
Warning: Found unsupported expression 'D&!SCE|SCD&SCE' in pin attribute of cell 'sky130_fd_sc_hd__sdfrtp_4' - skipping.
Warning: Found unsupported expression 'D&!SCE|SCD&SCE' in pin attribute of cell 'sky130_fd_sc_hd__sdfsbp_1' - skipping.
Warning: Found unsupported expression 'D&!SCE|SCD&SCE' in pin attribute of cell 'sky130_fd_sc_hd__sdfsbp_2' - skipping.
Warning: Found unsupported expression 'D&!SCE|SCD&SCE' in pin attribute of cell 'sky130_fd_sc_hd__sdfstp_1' - skipping.
Warning: Found unsupported expression 'D&!SCE|SCD&SCE' in pin attribute of cell 'sky130_fd_sc_hd__sdfstp_2' - skipping.
Warning: Found unsupported expression 'D&!SCE|SCD&SCE' in pin attribute of cell 'sky130_fd_sc_hd__sdfstp_4' - skipping.
Warning: Found unsupported expression 'D&!SCE|SCD&SCE' in pin attribute of cell 'sky130_fd_sc_hd__sdfxbp_1' - skipping.
Warning: Found unsupported expression 'D&!SCE|SCD&SCE' in pin attribute of cell 'sky130_fd_sc_hd__sdfxbp_2' - skipping.
Warning: Found unsupported expression 'D&!SCE|SCD&SCE' in pin attribute of cell 'sky130_fd_sc_hd__sdfxtp_1' - skipping.
Warning: Found unsupported expression 'D&!SCE|SCD&SCE' in pin attribute of cell 'sky130_fd_sc_hd__sdfxtp_2' - skipping.
Warning: Found unsupported expression 'D&!SCE|SCD&SCE' in pin attribute of cell 'sky130_fd_sc_hd__sdfxtp_4' - skipping.
Warning: Found unsupported expression 'D&DE&!SCE|IQ&!DE&!SCE|SCD&SCE' in pin attribute of cell 'sky130_fd_sc_hd__sedfxbp_1' - skipping.
Warning: Found unsupported expression 'D&DE&!SCE|IQ&!DE&!SCE|SCD&SCE' in pin attribute of cell 'sky130_fd_sc_hd__sedfxbp_2' - skipping.
Warning: Found unsupported expression 'D&DE&!SCE|IQ&!DE&!SCE|SCD&SCE' in pin attribute of cell 'sky130_fd_sc_hd__sedfxtp_1' - skipping.
Warning: Found unsupported expression 'D&DE&!SCE|IQ&!DE&!SCE|SCD&SCE' in pin attribute of cell 'sky130_fd_sc_hd__sedfxtp_2' - skipping.
Warning: Found unsupported expression 'D&DE&!SCE|IQ&!DE&!SCE|SCD&SCE' in pin attribute of cell 'sky130_fd_sc_hd__sedfxtp_4' - skipping.
  final dff cell mappings:
    unmapped dff cell: $_DFF_N_
    \sky130_fd_sc_hd__dfxtp_1 _DFF_P_ (.CLK( C), .D( D), .Q( Q));
    \sky130_fd_sc_hd__dfrtn_1 _DFF_NN0_ (.CLK_N( C), .D( D), .Q( Q), .RESET_B( R));
    unmapped dff cell: $_DFF_NN1_
    unmapped dff cell: $_DFF_NP0_
    unmapped dff cell: $_DFF_NP1_
    \sky130_fd_sc_hd__dfrtp_1 _DFF_PN0_ (.CLK( C), .D( D), .Q( Q), .RESET_B( R));
    \sky130_fd_sc_hd__dfstp_2 _DFF_PN1_ (.CLK( C), .D( D), .Q( Q), .SET_B( R));
    unmapped dff cell: $_DFF_PP0_
    unmapped dff cell: $_DFF_PP1_
    \sky130_fd_sc_hd__dfbbn_1 _DFFSR_NNN_ (.CLK_N( C), .D( D), .Q( Q), .Q_N(~Q), .RESET_B( R), .SET_B( S));
    unmapped dff cell: $_DFFSR_NNP_
    unmapped dff cell: $_DFFSR_NPN_
    unmapped dff cell: $_DFFSR_NPP_
    \sky130_fd_sc_hd__dfbbp_1 _DFFSR_PNN_ (.CLK( C), .D( D), .Q( Q), .Q_N(~Q), .RESET_B( R), .SET_B( S));
    unmapped dff cell: $_DFFSR_PNP_
    unmapped dff cell: $_DFFSR_PPN_
    unmapped dff cell: $_DFFSR_PPP_

42.1. Executing DFFLEGALIZE pass (convert FFs to types supported by the target).
Mapping DFF cells in module `\tile_dispatcher':
  mapped 143 $_DFF_PN0_ cells to \sky130_fd_sc_hd__dfrtp_1 cells.

43. Executing ABC pass (technology mapping using ABC).

43.1. Extracting gate netlist of module `\tile_dispatcher' to `<abc-temp-dir>/input.blif'..
Replacing 134 occurrences of constant undef bits with constant zero bits
Extracted 1406 gates and 1661 wires to a netlist network with 252 inputs and 237 outputs.

43.1.1. Executing ABC.
Running ABC command: "/nix/store/6l3aj1gi4lja8z5s4lan2k2cfz9mqkrz-yosys-abc/bin/abc" -s -f <abc-temp-dir>/abc.script 2>&1
ABC: ABC command line: "source <abc-temp-dir>/abc.script".
ABC: 
ABC: + read_blif <abc-temp-dir>/input.blif 
ABC: + read_lib -w /home/david/.volare/volare/sky130/versions/0fe599b2afb6708d281543108caf8310912f54af/sky130A/libs.ref/sky130_fd_sc_hd/lib/sky130_fd_sc_hd__tt_025C_1v80.lib 
ABC: Parsing finished successfully.  Parsing time =     0.07 sec
ABC: Scl_LibertyReadGenlib() skipped cell "sky130_fd_sc_hd__decap_12" without logic function.
ABC: Scl_LibertyReadGenlib() skipped cell "sky130_fd_sc_hd__decap_3" without logic function.
ABC: Scl_LibertyReadGenlib() skipped cell "sky130_fd_sc_hd__decap_4" without logic function.
ABC: Scl_LibertyReadGenlib() skipped cell "sky130_fd_sc_hd__decap_6" without logic function.
ABC: Scl_LibertyReadGenlib() skipped cell "sky130_fd_sc_hd__decap_8" without logic function.
ABC: Scl_LibertyReadGenlib() skipped sequential cell "sky130_fd_sc_hd__dfbbn_1".
ABC: Scl_LibertyReadGenlib() skipped sequential cell "sky130_fd_sc_hd__dfbbn_2".
ABC: Scl_LibertyReadGenlib() skipped sequential cell "sky130_fd_sc_hd__dfbbp_1".
ABC: Scl_LibertyReadGenlib() skipped sequential cell "sky130_fd_sc_hd__dfrbp_1".
ABC: Scl_LibertyReadGenlib() skipped sequential cell "sky130_fd_sc_hd__dfrbp_2".
ABC: Scl_LibertyReadGenlib() skipped sequential cell "sky130_fd_sc_hd__dfrtn_1".
ABC: Scl_LibertyReadGenlib() skipped sequential cell "sky130_fd_sc_hd__dfrtp_1".
ABC: Scl_LibertyReadGenlib() skipped sequential cell "sky130_fd_sc_hd__dfrtp_2".
ABC: Scl_LibertyReadGenlib() skipped sequential cell "sky130_fd_sc_hd__dfrtp_4".
ABC: Scl_LibertyReadGenlib() skipped sequential cell "sky130_fd_sc_hd__dfsbp_1".
ABC: Scl_LibertyReadGenlib() skipped sequential cell "sky130_fd_sc_hd__dfsbp_2".
ABC: Scl_LibertyReadGenlib() skipped sequential cell "sky130_fd_sc_hd__dfstp_1".
ABC: Scl_LibertyReadGenlib() skipped sequential cell "sky130_fd_sc_hd__dfstp_2".
ABC: Scl_LibertyReadGenlib() skipped sequential cell "sky130_fd_sc_hd__dfstp_4".
ABC: Scl_LibertyReadGenlib() skipped sequential cell "sky130_fd_sc_hd__dfxbp_1".
ABC: Scl_LibertyReadGenlib() skipped sequential cell "sky130_fd_sc_hd__dfxbp_2".
ABC: Scl_LibertyReadGenlib() skipped sequential cell "sky130_fd_sc_hd__dfxtp_1".
ABC: Scl_LibertyReadGenlib() skipped sequential cell "sky130_fd_sc_hd__dfxtp_2".
ABC: Scl_LibertyReadGenlib() skipped sequential cell "sky130_fd_sc_hd__dfxtp_4".
ABC: Scl_LibertyReadGenlib() skipped cell "sky130_fd_sc_hd__diode_2" without logic function.
ABC: Scl_LibertyReadGenlib() skipped cell "sky130_fd_sc_hd__dlclkp_1" without logic function.
ABC: Scl_LibertyReadGenlib() skipped cell "sky130_fd_sc_hd__dlclkp_2" without logic function.
ABC: Scl_LibertyReadGenlib() skipped cell "sky130_fd_sc_hd__dlclkp_4" without logic function.
ABC: Scl_LibertyReadGenlib() skipped sequential cell "sky130_fd_sc_hd__dlrbn_1".
ABC: Scl_LibertyReadGenlib() skipped sequential cell "sky130_fd_sc_hd__dlrbn_2".
ABC: Scl_LibertyReadGenlib() skipped sequential cell "sky130_fd_sc_hd__dlrbp_1".
ABC: Scl_LibertyReadGenlib() skipped sequential cell "sky130_fd_sc_hd__dlrbp_2".
ABC: Scl_LibertyReadGenlib() skipped sequential cell "sky130_fd_sc_hd__dlrtn_1".
ABC: Scl_LibertyReadGenlib() skipped sequential cell "sky130_fd_sc_hd__dlrtn_2".
ABC: Scl_LibertyReadGenlib() skipped sequential cell "sky130_fd_sc_hd__dlrtn_4".
ABC: Scl_LibertyReadGenlib() skipped sequential cell "sky130_fd_sc_hd__dlrtp_1".
ABC: Scl_LibertyReadGenlib() skipped sequential cell "sky130_fd_sc_hd__dlrtp_2".
ABC: Scl_LibertyReadGenlib() skipped sequential cell "sky130_fd_sc_hd__dlrtp_4".
ABC: Scl_LibertyReadGenlib() skipped sequential cell "sky130_fd_sc_hd__dlxbn_1".
ABC: Scl_LibertyReadGenlib() skipped sequential cell "sky130_fd_sc_hd__dlxbn_2".
ABC: Scl_LibertyReadGenlib() skipped sequential cell "sky130_fd_sc_hd__dlxbp_1".
ABC: Scl_LibertyReadGenlib() skipped sequential cell "sky130_fd_sc_hd__dlxtn_1".
ABC: Scl_LibertyReadGenlib() skipped sequential cell "sky130_fd_sc_hd__dlxtn_2".
ABC: Scl_LibertyReadGenlib() skipped sequential cell "sky130_fd_sc_hd__dlxtn_4".
ABC: Scl_LibertyReadGenlib() skipped sequential cell "sky130_fd_sc_hd__dlxtp_1".
ABC: Scl_LibertyReadGenlib() skipped three-state cell "sky130_fd_sc_hd__ebufn_1".
ABC: Scl_LibertyReadGenlib() skipped three-state cell "sky130_fd_sc_hd__ebufn_2".
ABC: Scl_LibertyReadGenlib() skipped three-state cell "sky130_fd_sc_hd__ebufn_4".
ABC: Scl_LibertyReadGenlib() skipped three-state cell "sky130_fd_sc_hd__ebufn_8".
ABC: Scl_LibertyReadGenlib() skipped sequential cell "sky130_fd_sc_hd__edfxbp_1".
ABC: Scl_LibertyReadGenlib() skipped sequential cell "sky130_fd_sc_hd__edfxtp_1".
ABC: Scl_LibertyReadGenlib() skipped three-state cell "sky130_fd_sc_hd__einvn_0".
ABC: Scl_LibertyReadGenlib() skipped three-state cell "sky130_fd_sc_hd__einvn_1".
ABC: Scl_LibertyReadGenlib() skipped three-state cell "sky130_fd_sc_hd__einvn_2".
ABC: Scl_LibertyReadGenlib() skipped three-state cell "sky130_fd_sc_hd__einvn_4".
ABC: Scl_LibertyReadGenlib() skipped three-state cell "sky130_fd_sc_hd__einvn_8".
ABC: Scl_LibertyReadGenlib() skipped three-state cell "sky130_fd_sc_hd__einvp_1".
ABC: Scl_LibertyReadGenlib() skipped three-state cell "sky130_fd_sc_hd__einvp_2".
ABC: Scl_LibertyReadGenlib() skipped three-state cell "sky130_fd_sc_hd__einvp_4".
ABC: Scl_LibertyReadGenlib() skipped three-state cell "sky130_fd_sc_hd__einvp_8".
ABC: Scl_LibertyReadGenlib() skipped cell "sky130_fd_sc_hd__lpflow_bleeder_1" without logic function.
ABC: Scl_LibertyReadGenlib() skipped cell "sky130_fd_sc_hd__lpflow_decapkapwr_12" without logic function.
ABC: Scl_LibertyReadGenlib() skipped cell "sky130_fd_sc_hd__lpflow_decapkapwr_3" without logic function.
ABC: Scl_LibertyReadGenlib() skipped cell "sky130_fd_sc_hd__lpflow_decapkapwr_4" without logic function.
ABC: Scl_LibertyReadGenlib() skipped cell "sky130_fd_sc_hd__lpflow_decapkapwr_6" without logic function.
ABC: Scl_LibertyReadGenlib() skipped cell "sky130_fd_sc_hd__lpflow_decapkapwr_8" without logic function.
ABC: Scl_LibertyReadGenlib() skipped sequential cell "sky130_fd_sc_hd__lpflow_inputisolatch_1".
ABC: Scl_LibertyReadGenlib() skipped sequential cell "sky130_fd_sc_hd__sdfbbn_1".
ABC: Scl_LibertyReadGenlib() skipped sequential cell "sky130_fd_sc_hd__sdfbbn_2".
ABC: Scl_LibertyReadGenlib() skipped sequential cell "sky130_fd_sc_hd__sdfbbp_1".
ABC: Scl_LibertyReadGenlib() skipped sequential cell "sky130_fd_sc_hd__sdfrbp_1".
ABC: Scl_LibertyReadGenlib() skipped sequential cell "sky130_fd_sc_hd__sdfrbp_2".
ABC: Scl_LibertyReadGenlib() skipped sequential cell "sky130_fd_sc_hd__sdfrtn_1".
ABC: Scl_LibertyReadGenlib() skipped sequential cell "sky130_fd_sc_hd__sdfrtp_1".
ABC: Scl_LibertyReadGenlib() skipped sequential cell "sky130_fd_sc_hd__sdfrtp_2".
ABC: Scl_LibertyReadGenlib() skipped sequential cell "sky130_fd_sc_hd__sdfrtp_4".
ABC: Scl_LibertyReadGenlib() skipped sequential cell "sky130_fd_sc_hd__sdfsbp_1".
ABC: Scl_LibertyReadGenlib() skipped sequential cell "sky130_fd_sc_hd__sdfsbp_2".
ABC: Scl_LibertyReadGenlib() skipped sequential cell "sky130_fd_sc_hd__sdfstp_1".
ABC: Scl_LibertyReadGenlib() skipped sequential cell "sky130_fd_sc_hd__sdfstp_2".
ABC: Scl_LibertyReadGenlib() skipped sequential cell "sky130_fd_sc_hd__sdfstp_4".
ABC: Scl_LibertyReadGenlib() skipped sequential cell "sky130_fd_sc_hd__sdfxbp_1".
ABC: Scl_LibertyReadGenlib() skipped sequential cell "sky130_fd_sc_hd__sdfxbp_2".
ABC: Scl_LibertyReadGenlib() skipped sequential cell "sky130_fd_sc_hd__sdfxtp_1".
ABC: Scl_LibertyReadGenlib() skipped sequential cell "sky130_fd_sc_hd__sdfxtp_2".
ABC: Scl_LibertyReadGenlib() skipped sequential cell "sky130_fd_sc_hd__sdfxtp_4".
ABC: Scl_LibertyReadGenlib() skipped cell "sky130_fd_sc_hd__sdlclkp_1" without logic function.
ABC: Scl_LibertyReadGenlib() skipped cell "sky130_fd_sc_hd__sdlclkp_2" without logic function.
ABC: Scl_LibertyReadGenlib() skipped cell "sky130_fd_sc_hd__sdlclkp_4" without logic function.
ABC: Scl_LibertyReadGenlib() skipped sequential cell "sky130_fd_sc_hd__sedfxbp_1".
ABC: Scl_LibertyReadGenlib() skipped sequential cell "sky130_fd_sc_hd__sedfxbp_2".
ABC: Scl_LibertyReadGenlib() skipped sequential cell "sky130_fd_sc_hd__sedfxtp_1".
ABC: Scl_LibertyReadGenlib() skipped sequential cell "sky130_fd_sc_hd__sedfxtp_2".
ABC: Scl_LibertyReadGenlib() skipped sequential cell "sky130_fd_sc_hd__sedfxtp_4".
ABC: Library "sky130_fd_sc_hd__tt_025C_1v80" from "/home/david/.volare/volare/sky130/versions/0fe599b2afb6708d281543108caf8310912f54af/sky130A/libs.ref/sky130_fd_sc_hd/lib/sky130_fd_sc_hd__tt_025C_1v80.lib" has 334 cells (94 skipped: 63 seq; 13 tri-state; 18 no func; 0 dont_use).  Time =     0.11 sec
ABC: Memory =   19.85 MB. Time =     0.11 sec
ABC: Warning: Detected 9 multi-output gates (for example, "sky130_fd_sc_hd__fa_1").
ABC: + strash 
ABC: + scorr 
ABC: Warning: The network is combinational (run "fraig" or "fraig_sweep").
ABC: + ifraig 
ABC: + retime 
ABC: + strash 
ABC: + dch -f 
ABC: + map -M 1 
ABC: + write_blif <abc-temp-dir>/output.blif 

43.1.2. Re-integrating ABC results.
ABC RESULTS:   sky130_fd_sc_hd__lpflow_inputiso0p_1 cells:        2
ABC RESULTS:   sky130_fd_sc_hd__a2bb2oi_1 cells:        2
ABC RESULTS:   sky130_fd_sc_hd__o2111ai_1 cells:        1
ABC RESULTS:   sky130_fd_sc_hd__o2111a_1 cells:        1
ABC RESULTS:   sky130_fd_sc_hd__o2bb2ai_1 cells:        6
ABC RESULTS:   sky130_fd_sc_hd__a21boi_0 cells:        7
ABC RESULTS:   sky130_fd_sc_hd__a21o_2 cells:        2
ABC RESULTS:   sky130_fd_sc_hd__a211o_2 cells:        1
ABC RESULTS:   sky130_fd_sc_hd__and3_2 cells:        1
ABC RESULTS:   sky130_fd_sc_hd__and2_2 cells:        5
ABC RESULTS:   sky130_fd_sc_hd__a22oi_1 cells:        9
ABC RESULTS:   sky130_fd_sc_hd__nand3b_1 cells:        5
ABC RESULTS:   sky130_fd_sc_hd__a311oi_1 cells:        1
ABC RESULTS:   sky130_fd_sc_hd__a2111oi_0 cells:        1
ABC RESULTS:   sky130_fd_sc_hd__o21bai_1 cells:        2
ABC RESULTS:   sky130_fd_sc_hd__xnor3_4 cells:        1
ABC RESULTS:   sky130_fd_sc_hd__o311ai_0 cells:        1
ABC RESULTS:   sky130_fd_sc_hd__nand4_1 cells:       74
ABC RESULTS:   sky130_fd_sc_hd__xnor2_1 cells:        1
ABC RESULTS:   sky130_fd_sc_hd__a31o_2 cells:        1
ABC RESULTS:   sky130_fd_sc_hd__or2_2 cells:        9
ABC RESULTS:   sky130_fd_sc_hd__o21a_1 cells:        5
ABC RESULTS:   sky130_fd_sc_hd__nor4_1 cells:        9
ABC RESULTS:   sky130_fd_sc_hd__a21oi_1 cells:      134
ABC RESULTS:   sky130_fd_sc_hd__a221oi_1 cells:        1
ABC RESULTS:   sky130_fd_sc_hd__o211ai_1 cells:        6
ABC RESULTS:   sky130_fd_sc_hd__o31ai_1 cells:        4
ABC RESULTS:   sky130_fd_sc_hd__a31oi_1 cells:       13
ABC RESULTS:   sky130_fd_sc_hd__o41ai_1 cells:        2
ABC RESULTS:   sky130_fd_sc_hd__o32ai_1 cells:        1
ABC RESULTS:   sky130_fd_sc_hd__nand3_1 cells:      265
ABC RESULTS:   sky130_fd_sc_hd__o22ai_1 cells:       27
ABC RESULTS:   sky130_fd_sc_hd__clkinv_1 cells:      225
ABC RESULTS:   sky130_fd_sc_hd__nor3_1 cells:       46
ABC RESULTS:   sky130_fd_sc_hd__nor3b_1 cells:        8
ABC RESULTS:   sky130_fd_sc_hd__xor2_1 cells:       22
ABC RESULTS:   sky130_fd_sc_hd__nor2_1 cells:      297
ABC RESULTS:   sky130_fd_sc_hd__nand2_1 cells:      308
ABC RESULTS:   sky130_fd_sc_hd__o21ai_0 cells:       37
ABC RESULTS:          _const0_ cells:        1
ABC RESULTS:        internal signals:     1172
ABC RESULTS:           input signals:      252
ABC RESULTS:          output signals:      237
Removing temp directory.

44. Executing OPT_CLEAN pass (remove unused cells and wires).
Finding unused cells or wires in module \tile_dispatcher..
Removed 0 unused cells and 773 unused wires.
<suppressed ~9 debug messages>

45. Printing statistics.

=== tile_dispatcher ===

   Number of wires:               1460
   Number of wire bits:           1826
   Number of public wires:          25
   Number of public wire bits:     373
   Number of ports:                 10
   Number of port bits:            214
   Number of memories:               0
   Number of memory bits:            0
   Number of processes:              0
   Number of cells:               1686
     sky130_fd_sc_hd__a2111oi_0      1
     sky130_fd_sc_hd__a211o_2        1
     sky130_fd_sc_hd__a21boi_0       7
     sky130_fd_sc_hd__a21o_2         2
     sky130_fd_sc_hd__a21oi_1      134
     sky130_fd_sc_hd__a221oi_1       1
     sky130_fd_sc_hd__a22oi_1        9
     sky130_fd_sc_hd__a2bb2oi_1      2
     sky130_fd_sc_hd__a311oi_1       1
     sky130_fd_sc_hd__a31o_2         1
     sky130_fd_sc_hd__a31oi_1       13
     sky130_fd_sc_hd__and2_2         5
     sky130_fd_sc_hd__and3_2         1
     sky130_fd_sc_hd__clkinv_1     225
     sky130_fd_sc_hd__dfrtp_1      143
     sky130_fd_sc_hd__lpflow_inputiso0p_1      2
     sky130_fd_sc_hd__nand2_1      308
     sky130_fd_sc_hd__nand3_1      265
     sky130_fd_sc_hd__nand3b_1       5
     sky130_fd_sc_hd__nand4_1       74
     sky130_fd_sc_hd__nor2_1       297
     sky130_fd_sc_hd__nor3_1        46
     sky130_fd_sc_hd__nor3b_1        8
     sky130_fd_sc_hd__nor4_1         9
     sky130_fd_sc_hd__o2111a_1       1
     sky130_fd_sc_hd__o2111ai_1      1
     sky130_fd_sc_hd__o211ai_1       6
     sky130_fd_sc_hd__o21a_1         5
     sky130_fd_sc_hd__o21ai_0       37
     sky130_fd_sc_hd__o21bai_1       2
     sky130_fd_sc_hd__o22ai_1       27
     sky130_fd_sc_hd__o2bb2ai_1      6
     sky130_fd_sc_hd__o311ai_0       1
     sky130_fd_sc_hd__o31ai_1        4
     sky130_fd_sc_hd__o32ai_1        1
     sky130_fd_sc_hd__o41ai_1        2
     sky130_fd_sc_hd__or2_2          9
     sky130_fd_sc_hd__xnor2_1        1
     sky130_fd_sc_hd__xnor3_4        1
     sky130_fd_sc_hd__xor2_1        22

   Chip area for module '\tile_dispatcher': 10752.812800
     of which used for sequential elements: 3578.432000 (33.28%)

46. Executing Verilog backend.

46.1. Executing BMUXMAP pass.

46.2. Executing DEMUXMAP pass.
Dumping module `\tile_dispatcher'.

Warnings: 34 unique messages, 242 total
End of script. Logfile hash: 5eb86c9959, CPU: user 42.88s system 1.84s, MEM: 1898.91 MB peak
Yosys 0.46 (git sha1 e97731b9dda91fa5fa53ed87df7c34163ba59a41, clang++ 17.0.6 -fPIC -O3)
Time spent: 96% 35x read_verilog (43 sec), 1% 1x abc (0 sec), ...
