============================================================
  Generated by:           Genus(TM) Synthesis Solution 21.12-s068_1
  Generated on:           May 20 2026  09:12:19 am
  Module:                 adder_tree_DATA_WIDTH32_NUM_INPUTS4
  Operating conditions:   _nominal_ (balanced_tree)
  Wireload mode:          enclosed
  Area mode:              timing library
============================================================

                                  
    Gate      Instances    Area           Library         
----------------------------------------------------------
AND2X1_RVT           27    54.895    saed32rvt_tt0p85v25c 
AND4X1_RVT            3     7.624    saed32rvt_tt0p85v25c 
AO21X1_RVT           36    91.492    saed32rvt_tt0p85v25c 
FADDX1_RVT            3    14.486    saed32rvt_tt0p85v25c 
HADDX1_RVT           36   118.939    saed32rvt_tt0p85v25c 
IBUFFX8_RVT           1     4.320    saed32rvt_tt0p85v25c 
INVX0_RVT            78    99.116    saed32rvt_tt0p85v25c 
INVX1_RVT            66    83.868    saed32rvt_tt0p85v25c 
INVX32_RVT            1     9.149    saed32rvt_tt0p85v25c 
INVX4_RVT             1     2.033    saed32rvt_tt0p85v25c 
MUX21X1_RVT           9    29.735    saed32rvt_tt0p85v25c 
NAND2X0_RVT         237   361.393    saed32rvt_tt0p85v25c 
NAND3X0_RVT          45    80.055    saed32rvt_tt0p85v25c 
OA21X1_RVT           36    91.492    saed32rvt_tt0p85v25c 
OA221X1_RVT          48   146.387    saed32rvt_tt0p85v25c 
OA22X1_RVT            3     7.624    saed32rvt_tt0p85v25c 
OR2X1_RVT           141   286.674    saed32rvt_tt0p85v25c 
SDFFARX1_RVT        227  2076.865    saed32rvt_tt0p85v25c 
XNOR2X1_RVT          45   194.420    saed32rvt_tt0p85v25c 
XNOR3X1_RVT           3    18.298    saed32rvt_tt0p85v25c 
----------------------------------------------------------
total              1046  3778.867                         


                                         
     Type      Instances   Area   Area % 
-----------------------------------------
sequential           227 2076.865   55.0 
inverter             147  198.486    5.3 
logic                672 1503.516   39.8 
physical_cells         0    0.000    0.0 
-----------------------------------------
total               1046 3778.867  100.0 

