============================================================
  Generated by:           Genus(TM) Synthesis Solution 21.12-s068_1
  Generated on:           May 20 2026  09:12:19 am
  Module:                 adder_tree_DATA_WIDTH32_NUM_INPUTS4
  Operating conditions:   _nominal_ (balanced_tree)
  Wireload mode:          enclosed
  Area mode:              timing library
============================================================

Timing
--------

Clock Period 
-------------
clk   1000.0 


  Cost    Critical         Violating 
 Group   Path Slack  TNS     Paths   
-------------------------------------
clk             8.4   0.0          0 
default    No paths   0.0            
-------------------------------------
Total                 0.0          0 

Instance Count
--------------
Leaf Instance Count             1046 
Physical Instance count            0 
Sequential Instance Count        227 
Combinational Instance Count     819 
Hierarchical Instance Count        0 

Area
----
Cell Area                          3778.867
Physical Cell Area                 0.000
Total Cell Area (Cell+Physical)    3778.867
Net Area                           0.000
Total Area (Cell+Physical+Net)     3778.867

Max Fanout                         227 (clk)
Min Fanout                         0 (rst_n)
Average Fanout                     2.3
Terms to net ratio                 3.5693
Terms to instance ratio            4.0402
Runtime                            29.034042999999997 seconds
Elapsed Runtime                    30 seconds
Genus peak memory usage            1153.53 
Innovus peak memory usage          no_value 
Hostname                           phobos.ece.pdx.edu
