============================================================
  Generated by:           Genus(TM) Synthesis Solution 21.12-s068_1
  Generated on:           May 20 2026  09:12:18 am
  Module:                 adder_tree_DATA_WIDTH32_NUM_INPUTS4
  Operating conditions:   _nominal_ (balanced_tree)
  Wireload mode:          enclosed
  Area mode:              timing library
============================================================


Path 1: MET (8 ps) Setup Check with Pin stage_reg[2][0][26]/CLK->SI
          Group: clk
     Startpoint: (R) stage_reg[1][1][0]/CLK
          Clock: (R) clk
       Endpoint: (F) stage_reg[2][0][26]/SI
          Clock: (R) clk

                     Capture       Launch     
        Clock Edge:+    1000            0     
       Src Latency:+       0            0     
       Net Latency:+       0 (I)        0 (I) 
           Arrival:=    1000            0     
                                              
             Setup:-     112                  
       Uncertainty:-      50                  
     Required Time:=     838                  
      Launch Clock:-       0                  
         Data Path:-     830                  
             Slack:=       8                  

#------------------------------------------------------------------------------------------------------------
#         Timing Point           Flags    Arc    Edge     Cell      Fanout Load Trans Delay Arrival Instance 
#                                                                          (fF)  (ps)  (ps)   (ps)  Location 
#------------------------------------------------------------------------------------------------------------
  stage_reg[1][1][0]/CLK         -       -       R     (arrival)       227    -    50     0       0    (-,-) 
  stage_reg[1][1][0]/QN          -       CLK->QN R     SDFFARX1_RVT      1  0.8    38   125     125    (-,-) 
  g1776/Y                        -       A->Y    F     INVX1_RVT         2  1.5    28    25     150    (-,-) 
  add_50_46_I2_I1_g1337__5122/C1 -       A0->C1  F     HADDX1_RVT        1  1.5    30    62     211    (-,-) 
  add_50_46_I2_I1_g1304__1881/CO -       CI->CO  F     FADDX1_RVT        3  2.4    43    85     297    (-,-) 
  add_50_46_I2_I1_g1296__1617/Y  -       A1->Y   F     AO21X1_RVT        5  3.1    40    91     388    (-,-) 
  add_50_46_I2_I1_g1283__1666/Y  -       A1->Y   F     AO21X1_RVT        7  4.3    48    96     484    (-,-) 
  add_50_46_I2_I1_g1278__9315/Y  -       A1->Y   F     AO21X1_RVT        9  5.5    56   106     589    (-,-) 
  add_50_46_I2_I1_g1272/Y        -       A->Y    R     INVX1_RVT         9  4.8    58    60     650    (-,-) 
  add_50_46_I2_I1_g1259__4319/Y  -       A4->Y   R     OA221X1_RVT       1  1.0    36    85     735    (-,-) 
  add_50_46_I2_I1_g1505__7410/SO -       A0->SO  F     HADDX1_RVT        1  0.5    30    95     830    (-,-) 
  stage_reg[2][0][26]/SI         -       -       F     SDFFARX1_RVT      1    -     -     0     830    (-,-) 
#------------------------------------------------------------------------------------------------------------



Path 2: MET (8 ps) Setup Check with Pin stage_reg[2][0][22]/CLK->SI
          Group: clk
     Startpoint: (R) stage_reg[1][1][0]/CLK
          Clock: (R) clk
       Endpoint: (F) stage_reg[2][0][22]/SI
          Clock: (R) clk

                     Capture       Launch     
        Clock Edge:+    1000            0     
       Src Latency:+       0            0     
       Net Latency:+       0 (I)        0 (I) 
           Arrival:=    1000            0     
                                              
             Setup:-     112                  
       Uncertainty:-      50                  
     Required Time:=     838                  
      Launch Clock:-       0                  
         Data Path:-     830                  
             Slack:=       8                  

#------------------------------------------------------------------------------------------------------------
#         Timing Point           Flags    Arc    Edge     Cell      Fanout Load Trans Delay Arrival Instance 
#                                                                          (fF)  (ps)  (ps)   (ps)  Location 
#------------------------------------------------------------------------------------------------------------
  stage_reg[1][1][0]/CLK         -       -       R     (arrival)       227    -    50     0       0    (-,-) 
  stage_reg[1][1][0]/QN          -       CLK->QN R     SDFFARX1_RVT      1  0.8    38   125     125    (-,-) 
  g1776/Y                        -       A->Y    F     INVX1_RVT         2  1.5    28    25     150    (-,-) 
  add_50_46_I2_I1_g1337__5122/C1 -       A0->C1  F     HADDX1_RVT        1  1.5    30    62     211    (-,-) 
  add_50_46_I2_I1_g1304__1881/CO -       CI->CO  F     FADDX1_RVT        3  2.4    43    85     297    (-,-) 
  add_50_46_I2_I1_g1296__1617/Y  -       A1->Y   F     AO21X1_RVT        5  3.1    40    91     388    (-,-) 
  add_50_46_I2_I1_g1283__1666/Y  -       A1->Y   F     AO21X1_RVT        7  4.3    48    96     484    (-,-) 
  add_50_46_I2_I1_g1278__9315/Y  -       A1->Y   F     AO21X1_RVT        9  5.5    56   106     589    (-,-) 
  add_50_46_I2_I1_g1272/Y        -       A->Y    R     INVX1_RVT         9  4.8    58    60     650    (-,-) 
  add_50_46_I2_I1_g1255__5477/Y  -       A4->Y   R     OA221X1_RVT       1  1.0    36    85     735    (-,-) 
  add_50_46_I2_I1_g1509__5477/SO -       A0->SO  F     HADDX1_RVT        1  0.5    30    95     830    (-,-) 
  stage_reg[2][0][22]/SI         -       -       F     SDFFARX1_RVT      1    -     -     0     830    (-,-) 
#------------------------------------------------------------------------------------------------------------



Path 3: MET (8 ps) Setup Check with Pin stage_reg[1][1][26]/CLK->SI
          Group: clk
     Startpoint: (R) stage_reg[0][3][0]/CLK
          Clock: (R) clk
       Endpoint: (F) stage_reg[1][1][26]/SI
          Clock: (R) clk

                     Capture       Launch     
        Clock Edge:+    1000            0     
       Src Latency:+       0            0     
       Net Latency:+       0 (I)        0 (I) 
           Arrival:=    1000            0     
                                              
             Setup:-     112                  
       Uncertainty:-      50                  
     Required Time:=     838                  
      Launch Clock:-       0                  
         Data Path:-     830                  
             Slack:=       8                  

#------------------------------------------------------------------------------------------------------------
#         Timing Point           Flags    Arc    Edge     Cell      Fanout Load Trans Delay Arrival Instance 
#                                                                          (fF)  (ps)  (ps)   (ps)  Location 
#------------------------------------------------------------------------------------------------------------
  stage_reg[0][3][0]/CLK         -       -       R     (arrival)       227    -    50     0       0    (-,-) 
  stage_reg[0][3][0]/QN          -       CLK->QN R     SDFFARX1_RVT      1  0.8    38   125     125    (-,-) 
  g1777/Y                        -       A->Y    F     INVX1_RVT         2  1.5    28    25     150    (-,-) 
  add_50_46_I1_I2_g1337__2802/C1 -       A0->C1  F     HADDX1_RVT        1  1.5    30    62     211    (-,-) 
  add_50_46_I1_I2_g1304__7098/CO -       CI->CO  F     FADDX1_RVT        3  2.4    43    85     297    (-,-) 
  add_50_46_I1_I2_g1296__6783/Y  -       A1->Y   F     AO21X1_RVT        5  3.1    40    91     388    (-,-) 
  add_50_46_I1_I2_g1283__2883/Y  -       A1->Y   F     AO21X1_RVT        7  4.3    48    96     484    (-,-) 
  add_50_46_I1_I2_g1278__4733/Y  -       A1->Y   F     AO21X1_RVT        9  5.5    56   106     589    (-,-) 
  add_50_46_I1_I2_g1272/Y        -       A->Y    R     INVX1_RVT         9  4.8    58    60     650    (-,-) 
  add_50_46_I1_I2_g1259__5107/Y  -       A4->Y   R     OA221X1_RVT       1  1.0    36    85     735    (-,-) 
  add_50_46_I1_I2_g1505__2346/SO -       A0->SO  F     HADDX1_RVT        1  0.5    30    95     830    (-,-) 
  stage_reg[1][1][26]/SI         -       -       F     SDFFARX1_RVT      1    -     -     0     830    (-,-) 
#------------------------------------------------------------------------------------------------------------



Path 4: MET (8 ps) Setup Check with Pin stage_reg[1][1][22]/CLK->SI
          Group: clk
     Startpoint: (R) stage_reg[0][3][0]/CLK
          Clock: (R) clk
       Endpoint: (F) stage_reg[1][1][22]/SI
          Clock: (R) clk

                     Capture       Launch     
        Clock Edge:+    1000            0     
       Src Latency:+       0            0     
       Net Latency:+       0 (I)        0 (I) 
           Arrival:=    1000            0     
                                              
             Setup:-     112                  
       Uncertainty:-      50                  
     Required Time:=     838                  
      Launch Clock:-       0                  
         Data Path:-     830                  
             Slack:=       8                  

#------------------------------------------------------------------------------------------------------------
#         Timing Point           Flags    Arc    Edge     Cell      Fanout Load Trans Delay Arrival Instance 
#                                                                          (fF)  (ps)  (ps)   (ps)  Location 
#------------------------------------------------------------------------------------------------------------
  stage_reg[0][3][0]/CLK         -       -       R     (arrival)       227    -    50     0       0    (-,-) 
  stage_reg[0][3][0]/QN          -       CLK->QN R     SDFFARX1_RVT      1  0.8    38   125     125    (-,-) 
  g1777/Y                        -       A->Y    F     INVX1_RVT         2  1.5    28    25     150    (-,-) 
  add_50_46_I1_I2_g1337__2802/C1 -       A0->C1  F     HADDX1_RVT        1  1.5    30    62     211    (-,-) 
  add_50_46_I1_I2_g1304__7098/CO -       CI->CO  F     FADDX1_RVT        3  2.4    43    85     297    (-,-) 
  add_50_46_I1_I2_g1296__6783/Y  -       A1->Y   F     AO21X1_RVT        5  3.1    40    91     388    (-,-) 
  add_50_46_I1_I2_g1283__2883/Y  -       A1->Y   F     AO21X1_RVT        7  4.3    48    96     484    (-,-) 
  add_50_46_I1_I2_g1278__4733/Y  -       A1->Y   F     AO21X1_RVT        9  5.5    56   106     589    (-,-) 
  add_50_46_I1_I2_g1272/Y        -       A->Y    R     INVX1_RVT         9  4.8    58    60     650    (-,-) 
  add_50_46_I1_I2_g1255__7410/Y  -       A4->Y   R     OA221X1_RVT       1  1.0    36    85     735    (-,-) 
  add_50_46_I1_I2_g1509__7410/SO -       A0->SO  F     HADDX1_RVT        1  0.5    30    95     830    (-,-) 
  stage_reg[1][1][22]/SI         -       -       F     SDFFARX1_RVT      1    -     -     0     830    (-,-) 
#------------------------------------------------------------------------------------------------------------



Path 5: MET (8 ps) Setup Check with Pin stage_reg[1][0][26]/CLK->SI
          Group: clk
     Startpoint: (R) stage_reg[0][1][0]/CLK
          Clock: (R) clk
       Endpoint: (F) stage_reg[1][0][26]/SI
          Clock: (R) clk

                     Capture       Launch     
        Clock Edge:+    1000            0     
       Src Latency:+       0            0     
       Net Latency:+       0 (I)        0 (I) 
           Arrival:=    1000            0     
                                              
             Setup:-     112                  
       Uncertainty:-      50                  
     Required Time:=     838                  
      Launch Clock:-       0                  
         Data Path:-     830                  
             Slack:=       8                  

#------------------------------------------------------------------------------------------------------------
#         Timing Point           Flags    Arc    Edge     Cell      Fanout Load Trans Delay Arrival Instance 
#                                                                          (fF)  (ps)  (ps)   (ps)  Location 
#------------------------------------------------------------------------------------------------------------
  stage_reg[0][1][0]/CLK         -       -       R     (arrival)       227    -    50     0       0    (-,-) 
  stage_reg[0][1][0]/QN          -       CLK->QN R     SDFFARX1_RVT      1  0.8    38   125     125    (-,-) 
  g1773/Y                        -       A->Y    F     INVX1_RVT         2  1.5    28    25     150    (-,-) 
  add_50_46_I1_I1_g1337__3680/C1 -       A0->C1  F     HADDX1_RVT        1  1.5    30    62     211    (-,-) 
  add_50_46_I1_I1_g1304__5122/CO -       CI->CO  F     FADDX1_RVT        3  2.4    43    85     297    (-,-) 
  add_50_46_I1_I1_g1296__8428/Y  -       A1->Y   F     AO21X1_RVT        5  3.1    40    91     388    (-,-) 
  add_50_46_I1_I1_g1283__9315/Y  -       A1->Y   F     AO21X1_RVT        7  4.3    48    96     484    (-,-) 
  add_50_46_I1_I1_g1278__5115/Y  -       A1->Y   F     AO21X1_RVT        9  5.5    56   106     589    (-,-) 
  add_50_46_I1_I1_g1272/Y        -       A->Y    R     INVX1_RVT         9  4.8    58    60     650    (-,-) 
  add_50_46_I1_I1_g1259__5477/Y  -       A4->Y   R     OA221X1_RVT       1  1.0    36    85     735    (-,-) 
  add_50_46_I1_I1_g1505__9945/SO -       A0->SO  F     HADDX1_RVT        1  0.5    30    95     830    (-,-) 
  stage_reg[1][0][26]/SI         -       -       F     SDFFARX1_RVT      1    -     -     0     830    (-,-) 
#------------------------------------------------------------------------------------------------------------



Path 6: MET (8 ps) Setup Check with Pin stage_reg[1][0][22]/CLK->SI
          Group: clk
     Startpoint: (R) stage_reg[0][1][0]/CLK
          Clock: (R) clk
       Endpoint: (F) stage_reg[1][0][22]/SI
          Clock: (R) clk

                     Capture       Launch     
        Clock Edge:+    1000            0     
       Src Latency:+       0            0     
       Net Latency:+       0 (I)        0 (I) 
           Arrival:=    1000            0     
                                              
             Setup:-     112                  
       Uncertainty:-      50                  
     Required Time:=     838                  
      Launch Clock:-       0                  
         Data Path:-     830                  
             Slack:=       8                  

#------------------------------------------------------------------------------------------------------------
#         Timing Point           Flags    Arc    Edge     Cell      Fanout Load Trans Delay Arrival Instance 
#                                                                          (fF)  (ps)  (ps)   (ps)  Location 
#------------------------------------------------------------------------------------------------------------
  stage_reg[0][1][0]/CLK         -       -       R     (arrival)       227    -    50     0       0    (-,-) 
  stage_reg[0][1][0]/QN          -       CLK->QN R     SDFFARX1_RVT      1  0.8    38   125     125    (-,-) 
  g1773/Y                        -       A->Y    F     INVX1_RVT         2  1.5    28    25     150    (-,-) 
  add_50_46_I1_I1_g1337__3680/C1 -       A0->C1  F     HADDX1_RVT        1  1.5    30    62     211    (-,-) 
  add_50_46_I1_I1_g1304__5122/CO -       CI->CO  F     FADDX1_RVT        3  2.4    43    85     297    (-,-) 
  add_50_46_I1_I1_g1296__8428/Y  -       A1->Y   F     AO21X1_RVT        5  3.1    40    91     388    (-,-) 
  add_50_46_I1_I1_g1283__9315/Y  -       A1->Y   F     AO21X1_RVT        7  4.3    48    96     484    (-,-) 
  add_50_46_I1_I1_g1278__5115/Y  -       A1->Y   F     AO21X1_RVT        9  5.5    56   106     589    (-,-) 
  add_50_46_I1_I1_g1272/Y        -       A->Y    R     INVX1_RVT         9  4.8    58    60     650    (-,-) 
  add_50_46_I1_I1_g1255__2346/Y  -       A4->Y   R     OA221X1_RVT       1  1.0    36    85     735    (-,-) 
  add_50_46_I1_I1_g1509__2346/SO -       A0->SO  F     HADDX1_RVT        1  0.5    30    95     830    (-,-) 
  stage_reg[1][0][22]/SI         -       -       F     SDFFARX1_RVT      1    -     -     0     830    (-,-) 
#------------------------------------------------------------------------------------------------------------



Path 7: MET (9 ps) Setup Check with Pin stage_reg[2][0][28]/CLK->SI
          Group: clk
     Startpoint: (R) stage_reg[1][1][0]/CLK
          Clock: (R) clk
       Endpoint: (F) stage_reg[2][0][28]/SI
          Clock: (R) clk

                     Capture       Launch     
        Clock Edge:+    1000            0     
       Src Latency:+       0            0     
       Net Latency:+       0 (I)        0 (I) 
           Arrival:=    1000            0     
                                              
             Setup:-     112                  
       Uncertainty:-      50                  
     Required Time:=     838                  
      Launch Clock:-       0                  
         Data Path:-     829                  
             Slack:=       9                  

#------------------------------------------------------------------------------------------------------------
#         Timing Point           Flags    Arc    Edge     Cell      Fanout Load Trans Delay Arrival Instance 
#                                                                          (fF)  (ps)  (ps)   (ps)  Location 
#------------------------------------------------------------------------------------------------------------
  stage_reg[1][1][0]/CLK         -       -       R     (arrival)       227    -    50     0       0    (-,-) 
  stage_reg[1][1][0]/QN          -       CLK->QN R     SDFFARX1_RVT      1  0.8    38   125     125    (-,-) 
  g1776/Y                        -       A->Y    F     INVX1_RVT         2  1.5    28    25     150    (-,-) 
  add_50_46_I2_I1_g1337__5122/C1 -       A0->C1  F     HADDX1_RVT        1  1.5    30    62     211    (-,-) 
  add_50_46_I2_I1_g1304__1881/CO -       CI->CO  F     FADDX1_RVT        3  2.4    43    85     297    (-,-) 
  add_50_46_I2_I1_g1296__1617/Y  -       A1->Y   F     AO21X1_RVT        5  3.1    40    91     388    (-,-) 
  add_50_46_I2_I1_g1283__1666/Y  -       A1->Y   F     AO21X1_RVT        7  4.3    48    96     484    (-,-) 
  add_50_46_I2_I1_g1278__9315/Y  -       A1->Y   F     AO21X1_RVT        9  5.5    56   106     589    (-,-) 
  add_50_46_I2_I1_g1272/Y        -       A->Y    R     INVX1_RVT         9  4.8    58    60     650    (-,-) 
  add_50_46_I2_I1_g1256__2398/Y  -       A4->Y   R     OA221X1_RVT       1  1.0    36    85     735    (-,-) 
  add_50_46_I2_I1_g1503__1666/SO -       A0->SO  F     HADDX1_RVT        1  0.5    30    95     829    (-,-) 
  stage_reg[2][0][28]/SI         -       -       F     SDFFARX1_RVT      1    -     -     0     829    (-,-) 
#------------------------------------------------------------------------------------------------------------



Path 8: MET (9 ps) Setup Check with Pin stage_reg[1][1][28]/CLK->SI
          Group: clk
     Startpoint: (R) stage_reg[0][3][0]/CLK
          Clock: (R) clk
       Endpoint: (F) stage_reg[1][1][28]/SI
          Clock: (R) clk

                     Capture       Launch     
        Clock Edge:+    1000            0     
       Src Latency:+       0            0     
       Net Latency:+       0 (I)        0 (I) 
           Arrival:=    1000            0     
                                              
             Setup:-     112                  
       Uncertainty:-      50                  
     Required Time:=     838                  
      Launch Clock:-       0                  
         Data Path:-     829                  
             Slack:=       9                  

#------------------------------------------------------------------------------------------------------------
#         Timing Point           Flags    Arc    Edge     Cell      Fanout Load Trans Delay Arrival Instance 
#                                                                          (fF)  (ps)  (ps)   (ps)  Location 
#------------------------------------------------------------------------------------------------------------
  stage_reg[0][3][0]/CLK         -       -       R     (arrival)       227    -    50     0       0    (-,-) 
  stage_reg[0][3][0]/QN          -       CLK->QN R     SDFFARX1_RVT      1  0.8    38   125     125    (-,-) 
  g1777/Y                        -       A->Y    F     INVX1_RVT         2  1.5    28    25     150    (-,-) 
  add_50_46_I1_I2_g1337__2802/C1 -       A0->C1  F     HADDX1_RVT        1  1.5    30    62     211    (-,-) 
  add_50_46_I1_I2_g1304__7098/CO -       CI->CO  F     FADDX1_RVT        3  2.4    43    85     297    (-,-) 
  add_50_46_I1_I2_g1296__6783/Y  -       A1->Y   F     AO21X1_RVT        5  3.1    40    91     388    (-,-) 
  add_50_46_I1_I2_g1283__2883/Y  -       A1->Y   F     AO21X1_RVT        7  4.3    48    96     484    (-,-) 
  add_50_46_I1_I2_g1278__4733/Y  -       A1->Y   F     AO21X1_RVT        9  5.5    56   106     589    (-,-) 
  add_50_46_I1_I2_g1272/Y        -       A->Y    R     INVX1_RVT         9  4.8    58    60     650    (-,-) 
  add_50_46_I1_I2_g1256__6417/Y  -       A4->Y   R     OA221X1_RVT       1  1.0    36    85     735    (-,-) 
  add_50_46_I1_I2_g1503__2883/SO -       A0->SO  F     HADDX1_RVT        1  0.5    30    95     829    (-,-) 
  stage_reg[1][1][28]/SI         -       -       F     SDFFARX1_RVT      1    -     -     0     829    (-,-) 
#------------------------------------------------------------------------------------------------------------



Path 9: MET (9 ps) Setup Check with Pin stage_reg[1][0][28]/CLK->SI
          Group: clk
     Startpoint: (R) stage_reg[0][1][0]/CLK
          Clock: (R) clk
       Endpoint: (F) stage_reg[1][0][28]/SI
          Clock: (R) clk

                     Capture       Launch     
        Clock Edge:+    1000            0     
       Src Latency:+       0            0     
       Net Latency:+       0 (I)        0 (I) 
           Arrival:=    1000            0     
                                              
             Setup:-     112                  
       Uncertainty:-      50                  
     Required Time:=     838                  
      Launch Clock:-       0                  
         Data Path:-     829                  
             Slack:=       9                  

#------------------------------------------------------------------------------------------------------------
#         Timing Point           Flags    Arc    Edge     Cell      Fanout Load Trans Delay Arrival Instance 
#                                                                          (fF)  (ps)  (ps)   (ps)  Location 
#------------------------------------------------------------------------------------------------------------
  stage_reg[0][1][0]/CLK         -       -       R     (arrival)       227    -    50     0       0    (-,-) 
  stage_reg[0][1][0]/QN          -       CLK->QN R     SDFFARX1_RVT      1  0.8    38   125     125    (-,-) 
  g1773/Y                        -       A->Y    F     INVX1_RVT         2  1.5    28    25     150    (-,-) 
  add_50_46_I1_I1_g1337__3680/C1 -       A0->C1  F     HADDX1_RVT        1  1.5    30    62     211    (-,-) 
  add_50_46_I1_I1_g1304__5122/CO -       CI->CO  F     FADDX1_RVT        3  2.4    43    85     297    (-,-) 
  add_50_46_I1_I1_g1296__8428/Y  -       A1->Y   F     AO21X1_RVT        5  3.1    40    91     388    (-,-) 
  add_50_46_I1_I1_g1283__9315/Y  -       A1->Y   F     AO21X1_RVT        7  4.3    48    96     484    (-,-) 
  add_50_46_I1_I1_g1278__5115/Y  -       A1->Y   F     AO21X1_RVT        9  5.5    56   106     589    (-,-) 
  add_50_46_I1_I1_g1272/Y        -       A->Y    R     INVX1_RVT         9  4.8    58    60     650    (-,-) 
  add_50_46_I1_I1_g1256__1666/Y  -       A4->Y   R     OA221X1_RVT       1  1.0    36    85     735    (-,-) 
  add_50_46_I1_I1_g1503__9315/SO -       A0->SO  F     HADDX1_RVT        1  0.5    30    95     829    (-,-) 
  stage_reg[1][0][28]/SI         -       -       F     SDFFARX1_RVT      1    -     -     0     829    (-,-) 
#------------------------------------------------------------------------------------------------------------



Path 10: MET (9 ps) Setup Check with Pin stage_reg[2][0][21]/CLK->SI
          Group: clk
     Startpoint: (R) stage_reg[1][1][0]/CLK
          Clock: (R) clk
       Endpoint: (F) stage_reg[2][0][21]/SI
          Clock: (R) clk

                     Capture       Launch     
        Clock Edge:+    1000            0     
       Src Latency:+       0            0     
       Net Latency:+       0 (I)        0 (I) 
           Arrival:=    1000            0     
                                              
             Setup:-     112                  
       Uncertainty:-      50                  
     Required Time:=     838                  
      Launch Clock:-       0                  
         Data Path:-     829                  
             Slack:=       9                  

#------------------------------------------------------------------------------------------------------------
#         Timing Point           Flags    Arc    Edge     Cell      Fanout Load Trans Delay Arrival Instance 
#                                                                          (fF)  (ps)  (ps)   (ps)  Location 
#------------------------------------------------------------------------------------------------------------
  stage_reg[1][1][0]/CLK         -       -       R     (arrival)       227    -    50     0       0    (-,-) 
  stage_reg[1][1][0]/QN          -       CLK->QN R     SDFFARX1_RVT      1  0.8    38   125     125    (-,-) 
  g1776/Y                        -       A->Y    F     INVX1_RVT         2  1.5    28    25     150    (-,-) 
  add_50_46_I2_I1_g1337__5122/C1 -       A0->C1  F     HADDX1_RVT        1  1.5    30    62     211    (-,-) 
  add_50_46_I2_I1_g1304__1881/CO -       CI->CO  F     FADDX1_RVT        3  2.4    43    85     297    (-,-) 
  add_50_46_I2_I1_g1296__1617/Y  -       A1->Y   F     AO21X1_RVT        5  3.1    40    91     388    (-,-) 
  add_50_46_I2_I1_g1283__1666/Y  -       A1->Y   F     AO21X1_RVT        7  4.3    48    96     484    (-,-) 
  add_50_46_I2_I1_g1278__9315/Y  -       A1->Y   F     AO21X1_RVT        9  5.5    56   106     589    (-,-) 
  add_50_46_I2_I1_g1272/Y        -       A->Y    R     INVX1_RVT         9  4.8    58    60     650    (-,-) 
  add_50_46_I2_I1_g1254__6417/Y  -       A4->Y   R     OA221X1_RVT       1  1.0    35    85     735    (-,-) 
  add_50_46_I2_I1_g1511__2398/SO -       A0->SO  F     HADDX1_RVT        1  0.5    29    95     829    (-,-) 
  stage_reg[2][0][21]/SI         -       -       F     SDFFARX1_RVT      1    -     -     0     829    (-,-) 
#------------------------------------------------------------------------------------------------------------

