============================================================
  Generated by:           Genus(TM) Synthesis Solution 21.12-s068_1
  Generated on:           May 16 2026  03:47:19 pm
  Module:                 systolic_array_64x64_ROWS2_COLS2_DATA_WIDTH32
  Operating conditions:   _nominal_ (balanced_tree)
  Wireload mode:          enclosed
  Area mode:              timing library
============================================================

                                  
    Gate      Instances    Area           Library         
----------------------------------------------------------
AND2X1_RVT          326   662.808    saed32rvt_tt0p85v25c 
AND3X1_RVT           30    68.619    saed32rvt_tt0p85v25c 
AND4X1_RVT           11    27.956    saed32rvt_tt0p85v25c 
AO21X1_RVT          181   460.001    saed32rvt_tt0p85v25c 
AO21X2_RVT            7    19.569    saed32rvt_tt0p85v25c 
AO221X1_RVT           5    15.249    saed32rvt_tt0p85v25c 
AO222X1_RVT           2     6.608    saed32rvt_tt0p85v25c 
AO22X1_RVT          128   325.304    saed32rvt_tt0p85v25c 
AOI21X1_RVT           8    24.398    saed32rvt_tt0p85v25c 
AOI221X1_RVT          1     3.558    saed32rvt_tt0p85v25c 
AOI22X1_RVT           8    24.398    saed32rvt_tt0p85v25c 
DFFARX1_RVT          96   683.139    saed32rvt_tt0p85v25c 
FADDX1_RVT          125   603.592    saed32rvt_tt0p85v25c 
FADDX2_RVT            2    10.674    saed32rvt_tt0p85v25c 
HADDX1_RVT           28    92.508    saed32rvt_tt0p85v25c 
IBUFFX2_RVT           4    10.166    saed32rvt_tt0p85v25c 
INVX0_RVT           155   196.962    saed32rvt_tt0p85v25c 
INVX16_RVT            1     5.083    saed32rvt_tt0p85v25c 
INVX1_RVT           176   223.647    saed32rvt_tt0p85v25c 
INVX2_RVT            17    25.923    saed32rvt_tt0p85v25c 
INVX4_RVT             4     8.133    saed32rvt_tt0p85v25c 
INVX8_RVT             2     6.099    saed32rvt_tt0p85v25c 
MUX21X1_RVT           6    19.823    saed32rvt_tt0p85v25c 
MUX21X2_RVT           9    32.022    saed32rvt_tt0p85v25c 
NAND2X0_RVT         401   611.470    saed32rvt_tt0p85v25c 
NAND2X1_RVT           2     5.083    saed32rvt_tt0p85v25c 
NAND2X2_RVT           1     2.796    saed32rvt_tt0p85v25c 
NAND3X0_RVT         161   286.420    saed32rvt_tt0p85v25c 
NAND3X1_RVT           1     2.796    saed32rvt_tt0p85v25c 
NAND3X2_RVT           1     3.050    saed32rvt_tt0p85v25c 
NAND4X0_RVT          31    63.028    saed32rvt_tt0p85v25c 
NBUFFX2_RVT          35    71.160    saed32rvt_tt0p85v25c 
NBUFFX4_RVT          15    38.122    saed32rvt_tt0p85v25c 
NBUFFX8_RVT           1     3.812    saed32rvt_tt0p85v25c 
NOR2X0_RVT           20    50.829    saed32rvt_tt0p85v25c 
NOR2X4_RVT            1     3.304    saed32rvt_tt0p85v25c 
NOR3X0_RVT            2     5.591    saed32rvt_tt0p85v25c 
NOR4X1_RVT            2     6.099    saed32rvt_tt0p85v25c 
OA21X1_RVT          118   299.890    saed32rvt_tt0p85v25c 
OA21X2_RVT            1     2.796    saed32rvt_tt0p85v25c 
OA221X1_RVT          17    51.845    saed32rvt_tt0p85v25c 
OA222X1_RVT           1     3.304    saed32rvt_tt0p85v25c 
OA22X1_RVT           21    53.370    saed32rvt_tt0p85v25c 
OAI21X1_RVT           2     6.099    saed32rvt_tt0p85v25c 
OAI22X1_RVT           4    12.199    saed32rvt_tt0p85v25c 
OR2X1_RVT           186   378.166    saed32rvt_tt0p85v25c 
OR2X2_RVT            12    27.448    saed32rvt_tt0p85v25c 
OR3X1_RVT            12    30.497    saed32rvt_tt0p85v25c 
OR3X2_RVT             2     5.083    saed32rvt_tt0p85v25c 
OR4X1_RVT             2     7.116    saed32rvt_tt0p85v25c 
SDFFARX1_RVT         80   731.935    saed32rvt_tt0p85v25c 
XNOR2X1_RVT           6    25.923    saed32rvt_tt0p85v25c 
XNOR2X2_RVT           2     9.149    saed32rvt_tt0p85v25c 
XNOR3X2_RVT           1     6.354    saed32rvt_tt0p85v25c 
XOR2X2_RVT            1     4.575    saed32rvt_tt0p85v25c 
XOR3X1_RVT            1     7.116    saed32rvt_tt0p85v25c 
XOR3X2_RVT           72   530.653    saed32rvt_tt0p85v25c 
----------------------------------------------------------
total              2547  6903.313                         


                                         
     Type      Instances   Area   Area % 
-----------------------------------------
sequential           176 1415.074   20.5 
inverter             359  476.012    6.9 
buffer                51  113.094    1.6 
logic               1961 4899.134   71.0 
physical_cells         0    0.000    0.0 
-----------------------------------------
total               2547 6903.313  100.0 

