============================================================
  Generated by:           Genus(TM) Synthesis Solution 21.12-s068_1
  Generated on:           May 16 2026  03:47:19 pm
  Module:                 systolic_array_64x64_ROWS2_COLS2_DATA_WIDTH32
  Operating conditions:   _nominal_ (balanced_tree)
  Wireload mode:          enclosed
  Area mode:              timing library
============================================================

Timing
--------

Clock Period 
-------------
clk   1000.0 


  Cost    Critical              Violating 
 Group   Path Slack     TNS       Paths   
------------------------------------------
clk          -641.3   -44441.5         91 
default    No paths        0.0            
------------------------------------------
Total                 -44441.5         91 

Instance Count
--------------
Leaf Instance Count             2547 
Physical Instance count            0 
Sequential Instance Count        176 
Combinational Instance Count    2371 
Hierarchical Instance Count        0 

Area
----
Cell Area                          6903.313
Physical Cell Area                 0.000
Total Cell Area (Cell+Physical)    6903.313
Net Area                           0.000
Total Area (Cell+Physical+Net)     6903.313

Max Fanout                         176 (clk)
Min Fanout                         0 (a_in[0][0])
Average Fanout                     2.2
Terms to net ratio                 3.1863
Terms to instance ratio            3.5866
Runtime                            275.1347809999985 seconds
Elapsed Runtime                    281 seconds
Genus peak memory usage            1256.84 
Innovus peak memory usage          no_value 
Hostname                           phobos.ece.pdx.edu
