============================================================
  Generated by:           Genus(TM) Synthesis Solution 21.12-s068_1
  Generated on:           May 16 2026  03:47:19 pm
  Module:                 systolic_array_64x64_ROWS2_COLS2_DATA_WIDTH32
  Operating conditions:   _nominal_ (balanced_tree)
  Wireload mode:          enclosed
  Area mode:              timing library
============================================================


Path 1: VIOLATED (-641 ps) Setup Check with Pin gen_row[1].gen_col[0].u_pe_acc_r_reg[31]/CLK->D
          Group: clk
     Startpoint: (R) a_in[1][22]
          Clock: (R) clk
       Endpoint: (R) gen_row[1].gen_col[0].u_pe_acc_r_reg[31]/D
          Clock: (R) clk

                     Capture       Launch     
        Clock Edge:+    1000            0     
        Drv Adjust:+       0            5     
       Src Latency:+       0            0     
       Net Latency:+       0 (I)        0 (I) 
           Arrival:=    1000            5     
                                              
             Setup:-      52                  
       Uncertainty:-      50                  
     Required Time:=     898                  
      Launch Clock:-       5                  
       Input Delay:-     300                  
         Data Path:-    1234                  
             Slack:=    -641                  

Exceptions/Constraints:
  input_delay             300             in_del_11_1 

#------------------------------------------------------------------------------------------------------------------------------------------------------
#                               Timing Point                                 Flags    Arc   Edge    Cell      Fanout Load Trans Delay Arrival Instance 
#                                                                                                                    (fF)  (ps)  (ps)   (ps)  Location 
#------------------------------------------------------------------------------------------------------------------------------------------------------
  a_in[1][22]                                                                -       -      R     (arrival)        2  1.4    15     0     305    (-,-) 
  g5191__5107/Y                                                              -       A2->Y  R     AND2X1_RVT       1  0.6    21    44     349    (-,-) 
  g8969/Y                                                                    -       A4->Y  F     NAND4X0_RVT      1  0.6    54    56     405    (-,-) 
  g8967/Y                                                                    -       A2->Y  F     OA21X1_RVT       1  1.4    32    77     481    (-,-) 
  g8966/Y                                                                    -       A->Y   R     INVX2_RVT       10  5.1    33    35     516    (-,-) 
  g8739/Y                                                                    -       A1->Y  R     AO21X1_RVT       4  2.4    42    78     595    (-,-) 
  gen_row[1].gen_col[0].u_pe_csa_tree_add_99_24_groupi_g2366/Y               -       A1->Y  R     AND2X1_RVT       1  1.5    30    54     649    (-,-) 
  g7637/CO                                                                   -       CI->CO R     FADDX1_RVT       1  1.5    43    83     733    (-,-) 
  gen_row[1].gen_col[0].u_pe_csa_tree_add_99_24_groupi_cdnfadd_017_2__5107/S -       CI->S  F     FADDX1_RVT       1  1.9    45   139     872    (-,-) 
  g8986/CO                                                                   -       B->CO  F     FADDX1_RVT       3  2.2    42    90     962    (-,-) 
  g9913/Y                                                                    -       A1->Y  R     XOR3X2_RVT       4  2.4    46   148    1110    (-,-) 
  g8990/Y                                                                    -       A->Y   R     NBUFFX4_RVT      2  1.1    23    48    1158    (-,-) 
  g233_8992/Y                                                                -       A1->Y  R     OA22X1_RVT       1  0.6    29    68    1226    (-,-) 
  g8826/Y                                                                    -       A2->Y  F     NAND3X0_RVT      1  0.6    44    43    1269    (-,-) 
  g8825/Y                                                                    -       A1->Y  R     NAND2X0_RVT      1  0.7    39    47    1316    (-,-) 
  g11061/Y                                                                   -       A2->Y  R     OR2X2_RVT        3  3.8    34    62    1379    (-,-) 
  g11063/Y                                                                   -       A->Y   F     INVX4_RVT       10  6.0    26    23    1401    (-,-) 
  g45_11064/Y                                                                -       A2->Y  F     OR2X1_RVT        1  0.6    20    46    1447    (-,-) 
  g8979/Y                                                                    -       A1->Y  F     AO21X1_RVT       1  0.6    24    62    1508    (-,-) 
  g8978/Y                                                                    -       A1->Y  R     NAND3X0_RVT      1  0.6    36    30    1539    (-,-) 
  gen_row[1].gen_col[0].u_pe_acc_r_reg[31]/D                                 -       -      R     DFFARX1_RVT      1    -     -     0    1539    (-,-) 
#------------------------------------------------------------------------------------------------------------------------------------------------------



Path 2: VIOLATED (-641 ps) Setup Check with Pin gen_row[1].gen_col[0].u_pe_acc_r_reg[29]/CLK->D
          Group: clk
     Startpoint: (R) a_in[1][22]
          Clock: (R) clk
       Endpoint: (R) gen_row[1].gen_col[0].u_pe_acc_r_reg[29]/D
          Clock: (R) clk

                     Capture       Launch     
        Clock Edge:+    1000            0     
        Drv Adjust:+       0            5     
       Src Latency:+       0            0     
       Net Latency:+       0 (I)        0 (I) 
           Arrival:=    1000            5     
                                              
             Setup:-      52                  
       Uncertainty:-      50                  
     Required Time:=     898                  
      Launch Clock:-       5                  
       Input Delay:-     300                  
         Data Path:-    1234                  
             Slack:=    -641                  

Exceptions/Constraints:
  input_delay             300             in_del_11_1 

#------------------------------------------------------------------------------------------------------------------------------------------------------
#                               Timing Point                                 Flags    Arc   Edge    Cell      Fanout Load Trans Delay Arrival Instance 
#                                                                                                                    (fF)  (ps)  (ps)   (ps)  Location 
#------------------------------------------------------------------------------------------------------------------------------------------------------
  a_in[1][22]                                                                -       -      R     (arrival)        2  1.4    15     0     305    (-,-) 
  g5191__5107/Y                                                              -       A2->Y  R     AND2X1_RVT       1  0.6    21    44     349    (-,-) 
  g8969/Y                                                                    -       A4->Y  F     NAND4X0_RVT      1  0.6    54    56     405    (-,-) 
  g8967/Y                                                                    -       A2->Y  F     OA21X1_RVT       1  1.4    32    77     481    (-,-) 
  g8966/Y                                                                    -       A->Y   R     INVX2_RVT       10  5.1    33    35     516    (-,-) 
  g8739/Y                                                                    -       A1->Y  R     AO21X1_RVT       4  2.4    42    78     595    (-,-) 
  gen_row[1].gen_col[0].u_pe_csa_tree_add_99_24_groupi_g2366/Y               -       A1->Y  R     AND2X1_RVT       1  1.5    30    54     649    (-,-) 
  g7637/CO                                                                   -       CI->CO R     FADDX1_RVT       1  1.5    43    83     733    (-,-) 
  gen_row[1].gen_col[0].u_pe_csa_tree_add_99_24_groupi_cdnfadd_017_2__5107/S -       CI->S  F     FADDX1_RVT       1  1.9    45   139     872    (-,-) 
  g8986/CO                                                                   -       B->CO  F     FADDX1_RVT       3  2.2    42    90     962    (-,-) 
  g9913/Y                                                                    -       A1->Y  R     XOR3X2_RVT       4  2.4    46   148    1110    (-,-) 
  g8990/Y                                                                    -       A->Y   R     NBUFFX4_RVT      2  1.1    23    48    1158    (-,-) 
  g233_8992/Y                                                                -       A1->Y  R     OA22X1_RVT       1  0.6    29    68    1226    (-,-) 
  g8826/Y                                                                    -       A2->Y  F     NAND3X0_RVT      1  0.6    44    43    1269    (-,-) 
  g8825/Y                                                                    -       A1->Y  R     NAND2X0_RVT      1  0.7    39    47    1316    (-,-) 
  g11061/Y                                                                   -       A2->Y  R     OR2X2_RVT        3  3.8    34    62    1379    (-,-) 
  g11063/Y                                                                   -       A->Y   F     INVX4_RVT       10  6.0    26    23    1401    (-,-) 
  g45_11062/Y                                                                -       A2->Y  F     OR2X1_RVT        1  0.6    20    46    1447    (-,-) 
  g7572/Y                                                                    -       A1->Y  F     AO21X1_RVT       1  0.6    24    62    1508    (-,-) 
  g7380/Y                                                                    -       A1->Y  R     NAND3X0_RVT      1  0.6    36    30    1539    (-,-) 
  gen_row[1].gen_col[0].u_pe_acc_r_reg[29]/D                                 -       -      R     DFFARX1_RVT      1    -     -     0    1539    (-,-) 
#------------------------------------------------------------------------------------------------------------------------------------------------------



Path 3: VIOLATED (-641 ps) Setup Check with Pin gen_row[1].gen_col[0].u_pe_acc_r_reg[26]/CLK->D
          Group: clk
     Startpoint: (F) a_in[1][22]
          Clock: (R) clk
       Endpoint: (R) gen_row[1].gen_col[0].u_pe_acc_r_reg[26]/D
          Clock: (R) clk

                     Capture       Launch     
        Clock Edge:+    1000            0     
        Drv Adjust:+       0            5     
       Src Latency:+       0            0     
       Net Latency:+       0 (I)        0 (I) 
           Arrival:=    1000            5     
                                              
             Setup:-      55                  
       Uncertainty:-      50                  
     Required Time:=     895                  
      Launch Clock:-       5                  
       Input Delay:-     300                  
         Data Path:-    1231                  
             Slack:=    -641                  

Exceptions/Constraints:
  input_delay             300             in_del_11_1 

#----------------------------------------------------------------------------------------------------------------------------------------------
#                           Timing Point                             Flags    Arc   Edge    Cell      Fanout Load Trans Delay Arrival Instance 
#                                                                                                            (fF)  (ps)  (ps)   (ps)  Location 
#----------------------------------------------------------------------------------------------------------------------------------------------
  a_in[1][22]                                                        -       -      F     (arrival)        2  1.3    12     0     305    (-,-) 
  g5191__5107/Y                                                      -       A2->Y  F     AND2X1_RVT       1  0.6    20    42     347    (-,-) 
  g8969/Y                                                            -       A4->Y  R     NAND4X0_RVT      1  0.6    44    40     387    (-,-) 
  g8967/Y                                                            -       A2->Y  R     OA21X1_RVT       1  1.5    33    70     456    (-,-) 
  g8966/Y                                                            -       A->Y   F     INVX2_RVT       10  5.8    34    31     488    (-,-) 
  g7130/Y                                                            -       A1->Y  F     AO21X1_RVT       5  3.1    40    86     574    (-,-) 
  gen_row[1].gen_col[0].u_pe_csa_tree_add_99_24_groupi_g2319__5833/Y -       A1->Y  F     AND2X1_RVT       1  1.5    27    60     633    (-,-) 
  g8553/S                                                            -       CI->S  R     FADDX1_RVT       1  1.9    44   141     774    (-,-) 
  g9163/CO                                                           -       B->CO  R     FADDX1_RVT       1  1.5    44    91     865    (-,-) 
  g8986/CO                                                           -       CI->CO R     FADDX1_RVT       3  2.1    49    93     959    (-,-) 
  g9913/Y                                                            -       A1->Y  F     XOR3X2_RVT       4  2.4    52   155    1114    (-,-) 
  g8990/Y                                                            -       A->Y   F     NBUFFX4_RVT      2  1.1    23    54    1168    (-,-) 
  g233_8992/Y                                                        -       A1->Y  F     OA22X1_RVT       1  0.6    31    77    1245    (-,-) 
  g8826/Y                                                            -       A2->Y  R     NAND3X0_RVT      1  0.6    34    36    1281    (-,-) 
  g8825/Y                                                            -       A1->Y  F     NAND2X0_RVT      1  0.7    34    31    1312    (-,-) 
  g11061/Y                                                           -       A2->Y  F     OR2X2_RVT        3  3.8    32    64    1376    (-,-) 
  g11063/Y                                                           -       A->Y   R     INVX4_RVT       10  5.9    25    28    1404    (-,-) 
  g11073/Y                                                           -       A->Y   R     NBUFFX2_RVT      2  1.1    21    41    1445    (-,-) 
  g9007/Y                                                            -       A3->Y  F     NAND3X0_RVT      1  0.7    48    44    1489    (-,-) 
  g11050/Y                                                           -       A1->Y  R     NAND4X0_RVT      1  0.6    44    46    1536    (-,-) 
  gen_row[1].gen_col[0].u_pe_acc_r_reg[26]/D                         -       -      R     DFFARX1_RVT      1    -     -     0    1536    (-,-) 
#----------------------------------------------------------------------------------------------------------------------------------------------



Path 4: VIOLATED (-640 ps) Setup Check with Pin gen_row[0].gen_col[0].u_pe_acc_r_reg[29]/CLK->D
          Group: clk
     Startpoint: (R) a_in[0][22]
          Clock: (R) clk
       Endpoint: (F) gen_row[0].gen_col[0].u_pe_acc_r_reg[29]/D
          Clock: (R) clk

                     Capture       Launch     
        Clock Edge:+    1000            0     
        Drv Adjust:+       0            6     
       Src Latency:+       0            0     
       Net Latency:+       0 (I)        0 (I) 
           Arrival:=    1000            6     
                                              
             Setup:-      41                  
       Uncertainty:-      50                  
     Required Time:=     909                  
      Launch Clock:-       6                  
       Input Delay:-     300                  
         Data Path:-    1243                  
             Slack:=    -640                  

Exceptions/Constraints:
  input_delay             300             in_del_43_1 

#---------------------------------------------------------------------------------------------------------------------------------------------
#                           Timing Point                             Flags   Arc   Edge    Cell      Fanout Load Trans Delay Arrival Instance 
#                                                                                                           (fF)  (ps)  (ps)   (ps)  Location 
#---------------------------------------------------------------------------------------------------------------------------------------------
  a_in[0][22]                                                        -       -     R     (arrival)        3  1.6    17     0     306    (-,-) 
  g1058/Y                                                            -       A2->Y R     AND2X1_RVT       1  0.6    21    44     350    (-,-) 
  g1055/Y                                                            -       A4->Y F     NAND4X0_RVT      1  0.6    54    56     406    (-,-) 
  g1053/Y                                                            -       A2->Y F     OA21X1_RVT       1  1.4    32    77     483    (-,-) 
  g10447/Y                                                           -       A->Y  R     INVX2_RVT        8  4.0    29    32     515    (-,-) 
  g8023/Y                                                            -       A1->Y R     AO21X1_RVT       2  1.3    34    69     584    (-,-) 
  fopt8286/Y                                                         -       A->Y  R     NBUFFX4_RVT      9  5.4    29    52     637    (-,-) 
  gen_row[0].gen_col[0].u_pe_csa_tree_add_99_24_groupi_g2133__6614/Y -       A1->Y R     AND2X1_RVT       3  2.4    36    57     694    (-,-) 
  g11052/Y                                                           -       A2->Y F     XOR3X2_RVT       4  2.4    52   159     852    (-,-) 
  g277/Y                                                             -       A2->Y F     OR2X1_RVT        2  1.1    26    58     911    (-,-) 
  g179_0/Y                                                           -       A1->Y F     AO21X1_RVT       1  1.1    28    69     980    (-,-) 
  g8873/Y                                                            -       A1->Y R     XOR3X2_RVT       6  3.4    50   146    1126    (-,-) 
  g11245/Y                                                           -       A1->Y F     NAND2X0_RVT      3  1.5    54    46    1172    (-,-) 
  g11042/Y                                                           -       A1->Y F     OA21X1_RVT       1  0.5    25    83    1255    (-,-) 
  g151/Y                                                             -       A2->Y F     AND2X1_RVT       2  1.1    24    53    1308    (-,-) 
  g11043/Y                                                           -       A2->Y F     OA21X1_RVT       3  1.5    31    66    1374    (-,-) 
  gen_row[0].gen_col[0].u_pe_csa_tree_add_99_24_groupi_g1920__8442/Y -       A4->Y F     OA221X1_RVT      1  1.2    44    84    1458    (-,-) 
  gen_row[0].gen_col[0].u_pe_csa_tree_add_99_24_groupi_g1904__6590/Y -       S0->Y F     MUX21X2_RVT      1  0.6    36    91    1549    (-,-) 
  gen_row[0].gen_col[0].u_pe_acc_r_reg[29]/D                         -       -     F     DFFARX1_RVT      1    -     -     0    1549    (-,-) 
#---------------------------------------------------------------------------------------------------------------------------------------------



Path 5: VIOLATED (-640 ps) Setup Check with Pin gen_row[0].gen_col[0].u_pe_acc_r_reg[26]/CLK->D
          Group: clk
     Startpoint: (R) a_in[0][22]
          Clock: (R) clk
       Endpoint: (F) gen_row[0].gen_col[0].u_pe_acc_r_reg[26]/D
          Clock: (R) clk

                     Capture       Launch     
        Clock Edge:+    1000            0     
        Drv Adjust:+       0            6     
       Src Latency:+       0            0     
       Net Latency:+       0 (I)        0 (I) 
           Arrival:=    1000            6     
                                              
             Setup:-      41                  
       Uncertainty:-      50                  
     Required Time:=     909                  
      Launch Clock:-       6                  
       Input Delay:-     300                  
         Data Path:-    1243                  
             Slack:=    -640                  

Exceptions/Constraints:
  input_delay             300             in_del_43_1 

#---------------------------------------------------------------------------------------------------------------------------------------------
#                           Timing Point                             Flags   Arc   Edge    Cell      Fanout Load Trans Delay Arrival Instance 
#                                                                                                           (fF)  (ps)  (ps)   (ps)  Location 
#---------------------------------------------------------------------------------------------------------------------------------------------
  a_in[0][22]                                                        -       -     R     (arrival)        3  1.6    17     0     306    (-,-) 
  g1058/Y                                                            -       A2->Y R     AND2X1_RVT       1  0.6    21    44     350    (-,-) 
  g1055/Y                                                            -       A4->Y F     NAND4X0_RVT      1  0.6    54    56     406    (-,-) 
  g1053/Y                                                            -       A2->Y F     OA21X1_RVT       1  1.4    32    77     483    (-,-) 
  g10447/Y                                                           -       A->Y  R     INVX2_RVT        8  4.0    29    32     515    (-,-) 
  g8023/Y                                                            -       A1->Y R     AO21X1_RVT       2  1.3    34    69     584    (-,-) 
  fopt8286/Y                                                         -       A->Y  R     NBUFFX4_RVT      9  5.4    29    52     637    (-,-) 
  gen_row[0].gen_col[0].u_pe_csa_tree_add_99_24_groupi_g2133__6614/Y -       A1->Y R     AND2X1_RVT       3  2.4    36    57     694    (-,-) 
  g11052/Y                                                           -       A2->Y F     XOR3X2_RVT       4  2.4    52   159     852    (-,-) 
  g277/Y                                                             -       A2->Y F     OR2X1_RVT        2  1.1    26    58     911    (-,-) 
  g179_0/Y                                                           -       A1->Y F     AO21X1_RVT       1  1.1    28    69     980    (-,-) 
  g8873/Y                                                            -       A1->Y R     XOR3X2_RVT       6  3.4    50   146    1126    (-,-) 
  g11245/Y                                                           -       A1->Y F     NAND2X0_RVT      3  1.5    54    46    1172    (-,-) 
  g11042/Y                                                           -       A1->Y F     OA21X1_RVT       1  0.5    25    83    1255    (-,-) 
  g151/Y                                                             -       A2->Y F     AND2X1_RVT       2  1.1    24    53    1308    (-,-) 
  g11043/Y                                                           -       A2->Y F     OA21X1_RVT       3  1.5    31    66    1374    (-,-) 
  gen_row[0].gen_col[0].u_pe_csa_tree_add_99_24_groupi_g1918__8439/Y -       A4->Y F     OA221X1_RVT      1  1.2    44    84    1458    (-,-) 
  gen_row[0].gen_col[0].u_pe_csa_tree_add_99_24_groupi_g1908__6585/Y -       S0->Y F     MUX21X2_RVT      1  0.6    36    91    1549    (-,-) 
  gen_row[0].gen_col[0].u_pe_acc_r_reg[26]/D                         -       -     F     DFFARX1_RVT      1    -     -     0    1549    (-,-) 
#---------------------------------------------------------------------------------------------------------------------------------------------



Path 6: VIOLATED (-639 ps) Setup Check with Pin gen_row[0].gen_col[0].u_pe_acc_r_reg[28]/CLK->D
          Group: clk
     Startpoint: (R) a_in[0][22]
          Clock: (R) clk
       Endpoint: (F) gen_row[0].gen_col[0].u_pe_acc_r_reg[28]/D
          Clock: (R) clk

                     Capture       Launch     
        Clock Edge:+    1000            0     
        Drv Adjust:+       0            6     
       Src Latency:+       0            0     
       Net Latency:+       0 (I)        0 (I) 
           Arrival:=    1000            6     
                                              
             Setup:-      45                  
       Uncertainty:-      50                  
     Required Time:=     905                  
      Launch Clock:-       6                  
       Input Delay:-     300                  
         Data Path:-    1238                  
             Slack:=    -639                  

Exceptions/Constraints:
  input_delay             300             in_del_43_1 

#----------------------------------------------------------------------------------------------------------------------------------------------
#                           Timing Point                             Flags    Arc   Edge    Cell      Fanout Load Trans Delay Arrival Instance 
#                                                                                                            (fF)  (ps)  (ps)   (ps)  Location 
#----------------------------------------------------------------------------------------------------------------------------------------------
  a_in[0][22]                                                        -       -      R     (arrival)        3  1.6    17     0     306    (-,-) 
  g1058/Y                                                            -       A2->Y  R     AND2X1_RVT       1  0.6    21    44     350    (-,-) 
  g1055/Y                                                            -       A4->Y  F     NAND4X0_RVT      1  0.6    54    56     406    (-,-) 
  g1053/Y                                                            -       A2->Y  F     OA21X1_RVT       1  1.4    32    77     483    (-,-) 
  g10447/Y                                                           -       A->Y   R     INVX2_RVT        8  4.0    29    32     515    (-,-) 
  g1051/Y                                                            -       A1->Y  R     AO21X1_RVT       6  3.6    51    85     600    (-,-) 
  fopt8284/Y                                                         -       A->Y   R     NBUFFX2_RVT      3  1.8    27    52     652    (-,-) 
  gen_row[0].gen_col[0].u_pe_csa_tree_add_99_24_groupi_g2086__6679/Y -       A1->Y  F     NAND2X0_RVT      2  3.2    81    62     714    (-,-) 
  g122/Y                                                             -       A2->Y  R     XOR3X2_RVT       1  1.5    42   170     885    (-,-) 
  g121/CO                                                            -       CI->CO R     FADDX1_RVT       1  1.9    47    91     976    (-,-) 
  g133/CO                                                            -       B->CO  R     FADDX1_RVT       3  1.7    45    94    1070    (-,-) 
  g508/Y                                                             -       A1->Y  R     OR2X1_RVT        3  1.6    30    62    1132    (-,-) 
  g11429/Y                                                           -       A1->Y  F     NAND3X0_RVT      1  0.6    45    37    1170    (-,-) 
  g11428/Y                                                           -       A1->Y  F     AND2X1_RVT       2  1.1    25    60    1229    (-,-) 
  g8667/Y                                                            -       A1->Y  F     AO21X1_RVT       5  2.6    37    78    1307    (-,-) 
  g8916/Y                                                            -       A3->Y  F     OA21X1_RVT       2  1.0    28    63    1370    (-,-) 
  gen_row[0].gen_col[0].u_pe_csa_tree_add_99_24_groupi_g1921__8671/Y -       A4->Y  F     OA221X1_RVT      2  1.3    44    84    1454    (-,-) 
  g7242/Y                                                            -       A1->Y  R     NAND2X0_RVT      1  0.5    34    44    1498    (-,-) 
  g7239/Y                                                            -       A3->Y  F     NAND3X0_RVT      1  0.6    42    46    1544    (-,-) 
  gen_row[0].gen_col[0].u_pe_acc_r_reg[28]/D                         -       -      F     DFFARX1_RVT      1    -     -     0    1544    (-,-) 
#----------------------------------------------------------------------------------------------------------------------------------------------



Path 7: VIOLATED (-639 ps) Setup Check with Pin gen_row[0].gen_col[0].u_pe_acc_r_reg[27]/CLK->D
          Group: clk
     Startpoint: (R) a_in[0][22]
          Clock: (R) clk
       Endpoint: (F) gen_row[0].gen_col[0].u_pe_acc_r_reg[27]/D
          Clock: (R) clk

                     Capture       Launch     
        Clock Edge:+    1000            0     
        Drv Adjust:+       0            6     
       Src Latency:+       0            0     
       Net Latency:+       0 (I)        0 (I) 
           Arrival:=    1000            6     
                                              
             Setup:-      45                  
       Uncertainty:-      50                  
     Required Time:=     905                  
      Launch Clock:-       6                  
       Input Delay:-     300                  
         Data Path:-    1238                  
             Slack:=    -639                  

Exceptions/Constraints:
  input_delay             300             in_del_43_1 

#----------------------------------------------------------------------------------------------------------------------------------------------
#                           Timing Point                             Flags    Arc   Edge    Cell      Fanout Load Trans Delay Arrival Instance 
#                                                                                                            (fF)  (ps)  (ps)   (ps)  Location 
#----------------------------------------------------------------------------------------------------------------------------------------------
  a_in[0][22]                                                        -       -      R     (arrival)        3  1.6    17     0     306    (-,-) 
  g1058/Y                                                            -       A2->Y  R     AND2X1_RVT       1  0.6    21    44     350    (-,-) 
  g1055/Y                                                            -       A4->Y  F     NAND4X0_RVT      1  0.6    54    56     406    (-,-) 
  g1053/Y                                                            -       A2->Y  F     OA21X1_RVT       1  1.4    32    77     483    (-,-) 
  g10447/Y                                                           -       A->Y   R     INVX2_RVT        8  4.0    29    32     515    (-,-) 
  g1051/Y                                                            -       A1->Y  R     AO21X1_RVT       6  3.6    51    85     600    (-,-) 
  fopt8284/Y                                                         -       A->Y   R     NBUFFX2_RVT      3  1.8    27    52     652    (-,-) 
  gen_row[0].gen_col[0].u_pe_csa_tree_add_99_24_groupi_g2086__6679/Y -       A1->Y  F     NAND2X0_RVT      2  3.2    81    62     714    (-,-) 
  g122/Y                                                             -       A2->Y  R     XOR3X2_RVT       1  1.5    42   170     885    (-,-) 
  g121/CO                                                            -       CI->CO R     FADDX1_RVT       1  1.9    47    91     976    (-,-) 
  g133/CO                                                            -       B->CO  R     FADDX1_RVT       3  1.7    45    94    1070    (-,-) 
  g508/Y                                                             -       A1->Y  R     OR2X1_RVT        3  1.6    30    62    1132    (-,-) 
  g11429/Y                                                           -       A1->Y  F     NAND3X0_RVT      1  0.6    45    37    1170    (-,-) 
  g11428/Y                                                           -       A1->Y  F     AND2X1_RVT       2  1.1    25    60    1229    (-,-) 
  g8667/Y                                                            -       A1->Y  F     AO21X1_RVT       5  2.6    37    78    1307    (-,-) 
  g8916/Y                                                            -       A3->Y  F     OA21X1_RVT       2  1.0    28    63    1370    (-,-) 
  gen_row[0].gen_col[0].u_pe_csa_tree_add_99_24_groupi_g1922__8668/Y -       A4->Y  F     OA221X1_RVT      2  1.3    44    84    1454    (-,-) 
  g7238/Y                                                            -       A1->Y  R     NAND2X0_RVT      1  0.5    34    44    1498    (-,-) 
  g7236/Y                                                            -       A3->Y  F     NAND3X0_RVT      1  0.6    42    46    1544    (-,-) 
  gen_row[0].gen_col[0].u_pe_acc_r_reg[27]/D                         -       -      F     DFFARX1_RVT      1    -     -     0    1544    (-,-) 
#----------------------------------------------------------------------------------------------------------------------------------------------



Path 8: VIOLATED (-638 ps) Setup Check with Pin gen_row[1].gen_col[0].u_pe_acc_r_reg[30]/CLK->D
          Group: clk
     Startpoint: (F) a_in[1][22]
          Clock: (R) clk
       Endpoint: (R) gen_row[1].gen_col[0].u_pe_acc_r_reg[30]/D
          Clock: (R) clk

                     Capture       Launch     
        Clock Edge:+    1000            0     
        Drv Adjust:+       0            5     
       Src Latency:+       0            0     
       Net Latency:+       0 (I)        0 (I) 
           Arrival:=    1000            5     
                                              
             Setup:-      53                  
       Uncertainty:-      50                  
     Required Time:=     897                  
      Launch Clock:-       5                  
       Input Delay:-     300                  
         Data Path:-    1231                  
             Slack:=    -638                  

Exceptions/Constraints:
  input_delay             300             in_del_11_1 

#----------------------------------------------------------------------------------------------------------------------------------------------
#                           Timing Point                             Flags    Arc   Edge    Cell      Fanout Load Trans Delay Arrival Instance 
#                                                                                                            (fF)  (ps)  (ps)   (ps)  Location 
#----------------------------------------------------------------------------------------------------------------------------------------------
  a_in[1][22]                                                        -       -      F     (arrival)        2  1.3    12     0     305    (-,-) 
  g5191__5107/Y                                                      -       A2->Y  F     AND2X1_RVT       1  0.6    20    42     347    (-,-) 
  g8969/Y                                                            -       A4->Y  R     NAND4X0_RVT      1  0.6    44    40     387    (-,-) 
  g8967/Y                                                            -       A2->Y  R     OA21X1_RVT       1  1.5    33    70     456    (-,-) 
  g8966/Y                                                            -       A->Y   F     INVX2_RVT       10  5.8    34    31     488    (-,-) 
  g7130/Y                                                            -       A1->Y  F     AO21X1_RVT       5  3.1    40    86     574    (-,-) 
  gen_row[1].gen_col[0].u_pe_csa_tree_add_99_24_groupi_g2319__5833/Y -       A1->Y  F     AND2X1_RVT       1  1.5    27    60     633    (-,-) 
  g8553/S                                                            -       CI->S  R     FADDX1_RVT       1  1.9    44   141     774    (-,-) 
  g9163/CO                                                           -       B->CO  R     FADDX1_RVT       1  1.5    44    91     865    (-,-) 
  g8986/CO                                                           -       CI->CO R     FADDX1_RVT       3  2.1    49    93     959    (-,-) 
  g9913/Y                                                            -       A1->Y  F     XOR3X2_RVT       4  2.4    52   155    1114    (-,-) 
  g8990/Y                                                            -       A->Y   F     NBUFFX4_RVT      2  1.1    23    54    1168    (-,-) 
  g233_8992/Y                                                        -       A1->Y  F     OA22X1_RVT       1  0.6    31    77    1245    (-,-) 
  g8826/Y                                                            -       A2->Y  R     NAND3X0_RVT      1  0.6    34    36    1281    (-,-) 
  g8825/Y                                                            -       A1->Y  F     NAND2X0_RVT      1  0.7    34    31    1312    (-,-) 
  g11061/Y                                                           -       A2->Y  F     OR2X2_RVT        3  3.8    32    64    1376    (-,-) 
  g11063/Y                                                           -       A->Y   R     INVX4_RVT       10  5.9    25    28    1404    (-,-) 
  g11070/Y                                                           -       A1->Y  R     OR2X1_RVT        1  0.6    26    48    1452    (-,-) 
  g7504/Y                                                            -       A2->Y  F     NAND3X0_RVT      1  0.5    40    41    1492    (-,-) 
  g7923/Y                                                            -       A3->Y  R     NAND3X0_RVT      1  0.6    37    43    1535    (-,-) 
  gen_row[1].gen_col[0].u_pe_acc_r_reg[30]/D                         -       -      R     DFFARX1_RVT      1    -     -     0    1535    (-,-) 
#----------------------------------------------------------------------------------------------------------------------------------------------



Path 9: VIOLATED (-638 ps) Setup Check with Pin gen_row[0].gen_col[1].u_pe_acc_r_reg[31]/CLK->D
          Group: clk
     Startpoint: (F) b_in[1][19]
          Clock: (R) clk
       Endpoint: (F) gen_row[0].gen_col[1].u_pe_acc_r_reg[31]/D
          Clock: (R) clk

                     Capture       Launch     
        Clock Edge:+    1000            0     
        Drv Adjust:+       0            6     
       Src Latency:+       0            0     
       Net Latency:+       0 (I)        0 (I) 
           Arrival:=    1000            6     
                                              
             Setup:-      47                  
       Uncertainty:-      50                  
     Required Time:=     903                  
      Launch Clock:-       6                  
       Input Delay:-     300                  
         Data Path:-    1235                  
             Slack:=    -638                  

Exceptions/Constraints:
  input_delay             300             in_del_78_1 

#-------------------------------------------------------------------------------------------------------------------------------------------------------
#                                Timing Point                                 Flags    Arc   Edge    Cell      Fanout Load Trans Delay Arrival Instance 
#                                                                                                                     (fF)  (ps)  (ps)   (ps)  Location 
#-------------------------------------------------------------------------------------------------------------------------------------------------------
  b_in[1][19]                                                                 -       -      F     (arrival)        3  1.6    14     0     306    (-,-) 
  g63/Y                                                                       -       A->Y   R     INVX0_RVT        1  0.6    16    18     324    (-,-) 
  g62/Y                                                                       -       A2->Y  R     AND2X1_RVT       1  0.6    21    44     367    (-,-) 
  g58/Y                                                                       -       A4->Y  F     NAND4X0_RVT      1  0.6    54    56     423    (-,-) 
  g8675/Y                                                                     -       A2->Y  F     OA21X2_RVT       8  4.0    43    94     517    (-,-) 
  g5050__5574/Y                                                               -       A3->Y  F     AO21X1_RVT       7  4.2    47    71     588    (-,-) 
  gen_row[0].gen_col[1].u_pe_csa_tree_add_99_24_groupi_g2162__5582/Y          -       A1->Y  F     AND2X1_RVT       1  1.5    28    63     651    (-,-) 
  gen_row[0].gen_col[1].u_pe_csa_tree_add_99_24_groupi_cdnfadd_016_2__1617/S  -       CI->S  R     FADDX1_RVT       1  1.5    41   138     789    (-,-) 
  gen_row[0].gen_col[1].u_pe_csa_tree_add_99_24_groupi_cdnfadd_016_4__6284/CO -       CI->CO R     FADDX1_RVT       3  1.7    45    89     878    (-,-) 
  g7550/Y                                                                     -       A2->Y  R     AO21X1_RVT       3  2.4    42    85     964    (-,-) 
  g7553/Y                                                                     -       A1->Y  F     XOR3X2_RVT       4  2.4    52   152    1116    (-,-) 
  g7705/Y                                                                     -       A1->Y  F     AND2X1_RVT       2  1.1    25    63    1179    (-,-) 
  g7704/Y                                                                     -       A1->Y  F     AO21X1_RVT       1  0.6    24    65    1244    (-,-) 
  g7703/Y                                                                     -       A1->Y  R     NAND2X0_RVT      1  0.6    37    35    1278    (-,-) 
  g57/Y                                                                       -       A1->Y  F     NAND3X0_RVT      1  1.4    64    52    1331    (-,-) 
  fopt10368/Y                                                                 -       A->Y   R     INVX2_RVT       10  6.5    50    54    1385    (-,-) 
  g8337/Y                                                                     -       A2->Y  R     OR2X1_RVT        2  1.2    27    56    1441    (-,-) 
  g8564/Y                                                                     -       A1->Y  R     AO21X1_RVT       1  0.6    28    63    1504    (-,-) 
  g8563/Y                                                                     -       A1->Y  F     NAND3X0_RVT      1  0.6    46    37    1540    (-,-) 
  gen_row[0].gen_col[1].u_pe_acc_r_reg[31]/D                                  -       -      F     DFFARX1_RVT      1    -     -     0    1540    (-,-) 
#-------------------------------------------------------------------------------------------------------------------------------------------------------



Path 10: VIOLATED (-638 ps) Setup Check with Pin gen_row[0].gen_col[1].u_pe_acc_r_reg[27]/CLK->D
          Group: clk
     Startpoint: (F) b_in[1][19]
          Clock: (R) clk
       Endpoint: (F) gen_row[0].gen_col[1].u_pe_acc_r_reg[27]/D
          Clock: (R) clk

                     Capture       Launch     
        Clock Edge:+    1000            0     
        Drv Adjust:+       0            6     
       Src Latency:+       0            0     
       Net Latency:+       0 (I)        0 (I) 
           Arrival:=    1000            6     
                                              
             Setup:-      47                  
       Uncertainty:-      50                  
     Required Time:=     903                  
      Launch Clock:-       6                  
       Input Delay:-     300                  
         Data Path:-    1235                  
             Slack:=    -638                  

Exceptions/Constraints:
  input_delay             300             in_del_78_1 

#-------------------------------------------------------------------------------------------------------------------------------------------------------
#                                Timing Point                                 Flags    Arc   Edge    Cell      Fanout Load Trans Delay Arrival Instance 
#                                                                                                                     (fF)  (ps)  (ps)   (ps)  Location 
#-------------------------------------------------------------------------------------------------------------------------------------------------------
  b_in[1][19]                                                                 -       -      F     (arrival)        3  1.6    14     0     306    (-,-) 
  g63/Y                                                                       -       A->Y   R     INVX0_RVT        1  0.6    16    18     324    (-,-) 
  g62/Y                                                                       -       A2->Y  R     AND2X1_RVT       1  0.6    21    44     367    (-,-) 
  g58/Y                                                                       -       A4->Y  F     NAND4X0_RVT      1  0.6    54    56     423    (-,-) 
  g8675/Y                                                                     -       A2->Y  F     OA21X2_RVT       8  4.0    43    94     517    (-,-) 
  g5050__5574/Y                                                               -       A3->Y  F     AO21X1_RVT       7  4.2    47    71     588    (-,-) 
  gen_row[0].gen_col[1].u_pe_csa_tree_add_99_24_groupi_g2162__5582/Y          -       A1->Y  F     AND2X1_RVT       1  1.5    28    63     651    (-,-) 
  gen_row[0].gen_col[1].u_pe_csa_tree_add_99_24_groupi_cdnfadd_016_2__1617/S  -       CI->S  R     FADDX1_RVT       1  1.5    41   138     789    (-,-) 
  gen_row[0].gen_col[1].u_pe_csa_tree_add_99_24_groupi_cdnfadd_016_4__6284/CO -       CI->CO R     FADDX1_RVT       3  1.7    45    89     878    (-,-) 
  g7550/Y                                                                     -       A2->Y  R     AO21X1_RVT       3  2.4    42    85     964    (-,-) 
  g7553/Y                                                                     -       A1->Y  F     XOR3X2_RVT       4  2.4    52   152    1116    (-,-) 
  g7705/Y                                                                     -       A1->Y  F     AND2X1_RVT       2  1.1    25    63    1179    (-,-) 
  g7704/Y                                                                     -       A1->Y  F     AO21X1_RVT       1  0.6    24    65    1244    (-,-) 
  g7703/Y                                                                     -       A1->Y  R     NAND2X0_RVT      1  0.6    37    35    1278    (-,-) 
  g57/Y                                                                       -       A1->Y  F     NAND3X0_RVT      1  1.4    64    52    1331    (-,-) 
  fopt10368/Y                                                                 -       A->Y   R     INVX2_RVT       10  6.5    50    54    1385    (-,-) 
  g8338/Y                                                                     -       A2->Y  R     OR2X1_RVT        2  1.2    27    56    1441    (-,-) 
  g8561/Y                                                                     -       A1->Y  R     AO21X1_RVT       1  0.6    28    63    1504    (-,-) 
  g166/Y                                                                      -       A1->Y  F     NAND3X0_RVT      1  0.6    46    37    1540    (-,-) 
  gen_row[0].gen_col[1].u_pe_acc_r_reg[27]/D                                  -       -      F     DFFARX1_RVT      1    -     -     0    1540    (-,-) 
#-------------------------------------------------------------------------------------------------------------------------------------------------------

