Clock: clk
Sources: clk 
Generated: no
Virtual: yes
Propagated: no
Period: 10.000000

===========================================================================
report_clock_properties
============================================================================
Clock                   Period          Waveform
----------------------------------------------------
clk                  10.000000    0.000000  5.000000

===========================================================================
report_clock_latency
============================================================================
Clock clk
rise -> rise
    min     max
0.000000 0.000000 source latency
1.281394         network latency _69580_/CLK
        1.543852 network latency _66558_/CLK
---------------
1.281394 1.543852 latency
        0.262458 skew

fall -> fall
    min     max
0.000000 0.000000 source latency
1.033406         network latency _67984_/CLK
        1.258691 network latency _66558_/CLK
---------------
1.033406 1.258691 latency
        0.225285 skew



===========================================================================
report_clock_min_period
============================================================================
clk period_min = 5.80 fmax = 172.53
