============================================================
  Generated by:           Genus(TM) Synthesis Solution 21.12-s068_1
  Generated on:           May 19 2026  06:43:46 am
  Module:                 tile_buffer_DATA_WIDTH32_TILE_DIM32_NUM_RD_PORTS32
  Operating conditions:   _nominal_ (balanced_tree)
  Wireload mode:          enclosed
  Area mode:              timing library
============================================================

                                     
    Gate      Instances     Area             Library         
-------------------------------------------------------------
AND2X1_RVT         5334    10844.833    saed32rvt_tt0p85v25c 
AND2X2_RVT         1562     3572.756    saed32rvt_tt0p85v25c 
AND2X4_RVT         2893     8087.625    saed32rvt_tt0p85v25c 
AND3X1_RVT         1929     4412.194    saed32rvt_tt0p85v25c 
AND3X2_RVT            1        2.541    saed32rvt_tt0p85v25c 
AND3X4_RVT            1        3.050    saed32rvt_tt0p85v25c 
AND4X1_RVT         3028     7695.480    saed32rvt_tt0p85v25c 
AND4X2_RVT            2        7.624    saed32rvt_tt0p85v25c 
AND4X4_RVT            3       12.961    saed32rvt_tt0p85v25c 
AO21X1_RVT         2117     5380.228    saed32rvt_tt0p85v25c 
AO221X1_RVT      255068   777888.022    saed32rvt_tt0p85v25c 
AO222X1_RVT        2994     9891.793    saed32rvt_tt0p85v25c 
AO22X1_RVT       279477   710274.027    saed32rvt_tt0p85v25c 
AOI21X1_RVT         489     1491.317    saed32rvt_tt0p85v25c 
AOI221X1_RVT      11789    41945.451    saed32rvt_tt0p85v25c 
AOI222X1_RVT        749     2855.308    saed32rvt_tt0p85v25c 
AOI22X1_RVT        1552     4733.178    saed32rvt_tt0p85v25c 
DEC24X1_RVT          15       91.492    saed32rvt_tt0p85v25c 
DEC24X2_RVT          27      192.133    saed32rvt_tt0p85v25c 
HADDX2_RVT            6       22.873    saed32rvt_tt0p85v25c 
IBUFFX16_RVT         56      370.034    saed32rvt_tt0p85v25c 
IBUFFX2_RVT          33       83.868    saed32rvt_tt0p85v25c 
IBUFFX32_RVT         47      549.459    saed32rvt_tt0p85v25c 
IBUFFX8_RVT           4       17.282    saed32rvt_tt0p85v25c 
INVX0_RVT          7416     9423.660    saed32rvt_tt0p85v25c 
INVX16_RVT            1        5.083    saed32rvt_tt0p85v25c 
INVX1_RVT         17906    22753.512    saed32rvt_tt0p85v25c 
INVX2_RVT          6608    10076.301    saed32rvt_tt0p85v25c 
INVX4_RVT         39949    81222.389    saed32rvt_tt0p85v25c 
INVX8_RVT          2245     6846.639    saed32rvt_tt0p85v25c 
NAND2X0_RVT        3793     5783.809    saed32rvt_tt0p85v25c 
NAND2X1_RVT          11       27.956    saed32rvt_tt0p85v25c 
NAND2X2_RVT          21       58.707    saed32rvt_tt0p85v25c 
NAND2X4_RVT          21       69.381    saed32rvt_tt0p85v25c 
NAND3X0_RVT        3587     6381.302    saed32rvt_tt0p85v25c 
NAND3X2_RVT           6       18.298    saed32rvt_tt0p85v25c 
NAND4X0_RVT       18256    37117.223    saed32rvt_tt0p85v25c 
NAND4X1_RVT           2        6.099    saed32rvt_tt0p85v25c 
NBUFFX16_RVT        143      872.222    saed32rvt_tt0p85v25c 
NBUFFX2_RVT        4863     9887.218    saed32rvt_tt0p85v25c 
NBUFFX32_RVT        129     1376.952    saed32rvt_tt0p85v25c 
NBUFFX4_RVT       16683    42398.844    saed32rvt_tt0p85v25c 
NBUFFX8_RVT        8865    33794.798    saed32rvt_tt0p85v25c 
NOR2X0_RVT         4026    10231.837    saed32rvt_tt0p85v25c 
NOR2X1_RVT          175      444.752    saed32rvt_tt0p85v25c 
NOR2X2_RVT         2469     6902.297    saed32rvt_tt0p85v25c 
NOR2X4_RVT         8422    27825.210    saed32rvt_tt0p85v25c 
NOR3X0_RVT         3419     9558.102    saed32rvt_tt0p85v25c 
NOR3X1_RVT          131      366.222    saed32rvt_tt0p85v25c 
NOR3X2_RVT           16       48.796    saed32rvt_tt0p85v25c 
NOR3X4_RVT           50      177.901    saed32rvt_tt0p85v25c 
NOR4X0_RVT          279      850.874    saed32rvt_tt0p85v25c 
NOR4X1_RVT        61208   186667.751    saed32rvt_tt0p85v25c 
OA21X1_RVT           74      188.067    saed32rvt_tt0p85v25c 
OA221X1_RVT          23       70.144    saed32rvt_tt0p85v25c 
OA222X1_RVT          25       82.597    saed32rvt_tt0p85v25c 
OA22X1_RVT          113      287.183    saed32rvt_tt0p85v25c 
OAI21X1_RVT           3        9.149    saed32rvt_tt0p85v25c 
OAI22X1_RVT           7       21.348    saed32rvt_tt0p85v25c 
OR2X1_RVT         15064    30627.402    saed32rvt_tt0p85v25c 
OR2X2_RVT         10028    22937.004    saed32rvt_tt0p85v25c 
OR2X4_RVT          2041     5705.787    saed32rvt_tt0p85v25c 
OR3X1_RVT          5043    12816.482    saed32rvt_tt0p85v25c 
OR3X2_RVT           138      350.719    saed32rvt_tt0p85v25c 
OR3X4_RVT             2        8.133    saed32rvt_tt0p85v25c 
OR4X1_RVT           557     1981.815    saed32rvt_tt0p85v25c 
OR4X2_RVT             4       15.249    saed32rvt_tt0p85v25c 
OR4X4_RVT             1        4.320    saed32rvt_tt0p85v25c 
SDFFARX1_RVT      32766   299782.163    saed32rvt_tt0p85v25c 
SDFFARX2_RVT          2       19.315    saed32rvt_tt0p85v25c 
-------------------------------------------------------------
total            845767  2476526.540                         


                                            
     Type      Instances     Area    Area % 
--------------------------------------------
sequential         32768  299801.478   12.1 
inverter           74265  131348.227    5.3 
buffer             30683   88330.034    3.6 
logic             708051 1957046.800   79.0 
physical_cells         0       0.000    0.0 
--------------------------------------------
total             845767 2476526.540  100.0 

