============================================================
  Generated by:           Genus(TM) Synthesis Solution 21.12-s068_1
  Generated on:           May 19 2026  06:43:46 am
  Module:                 tile_buffer_DATA_WIDTH32_TILE_DIM32_NUM_RD_PORTS32
  Operating conditions:   _nominal_ (balanced_tree)
  Wireload mode:          enclosed
  Area mode:              timing library
============================================================

Timing
--------

Clock Period 
-------------
clk   1000.0 


  Cost    Critical               Violating 
 Group   Path Slack     TNS        Paths   
-------------------------------------------
clk          -600.4   -639889.0       1088 
default    No paths         0.0            
-------------------------------------------
Total                 -639889.0       1088 

Instance Count
--------------
Leaf Instance Count             845767 
Physical Instance count              0 
Sequential Instance Count        32768 
Combinational Instance Count    812999 
Hierarchical Instance Count          0 

Area
----
Cell Area                          2476526.540
Physical Cell Area                 0.000
Total Cell Area (Cell+Physical)    2476526.540
Net Area                           0.000
Total Area (Cell+Physical+Net)     2476526.540

Max Fanout                         32768 (clk)
Min Fanout                         0 (rst_n)
Average Fanout                     3.8
Terms to net ratio                 4.8753
Terms to instance ratio            4.8775
Runtime                            20213.91676100003 seconds
Elapsed Runtime                    19244 seconds
Genus peak memory usage            10111.79 
Innovus peak memory usage          no_value 
Hostname                           phobos.ece.pdx.edu
