============================================================
  Generated by:           Genus(TM) Synthesis Solution 21.12-s068_1
  Generated on:           May 19 2026  06:41:32 am
  Module:                 tile_buffer_DATA_WIDTH32_TILE_DIM32_NUM_RD_PORTS32
  Operating conditions:   _nominal_ (balanced_tree)
  Wireload mode:          enclosed
  Area mode:              timing library
============================================================


Path 1: VIOLATED (-600 ps) Late External Delay Assertion at pin mp_rd_data[1][25]
          Group: clk
     Startpoint: (F) mp_rd_row[1][4]
          Clock: (R) clk
       Endpoint: (F) mp_rd_data[1][25]
          Clock: (R) clk

                     Capture       Launch     
        Clock Edge:+    1000            0     
        Drv Adjust:+       0           26     
       Src Latency:+       0            0     
       Net Latency:+       0 (I)        0 (I) 
           Arrival:=    1000           26     
                                              
      Output Delay:-     300                  
       Uncertainty:-      50                  
     Required Time:=     650                  
      Launch Clock:-      26                  
       Input Delay:-     300                  
         Data Path:-     925                  
             Slack:=    -600                  

Exceptions/Constraints:
  input_delay              300             in_del_316_1  
  output_delay             300             ou_del_1613_1 

#--------------------------------------------------------------------------------------------
#   Timing Point    Flags   Arc   Edge    Cell      Fanout Load Trans Delay Arrival Instance 
#                                                          (fF)  (ps)  (ps)   (ps)  Location 
#--------------------------------------------------------------------------------------------
  mp_rd_row[1][4]   -       -     F     (arrival)        9  6.0    52     0     326    (-,-) 
  g5719473/Y        -       A1->Y R     NAND3X0_RVT      5  3.5    81    74     400    (-,-) 
  g5679174/Y        -       A2->Y R     OR2X4_RVT       30 20.2    67   112     512    (-,-) 
  g22641/Y          -       A1->Y R     OR2X1_RVT        1  2.8    42    76     588    (-,-) 
  g5320822/Y        -       A->Y  F     INVX4_RVT        2  1.3    21    13     602    (-,-) 
  g5639785/Y        -       A->Y  F     NBUFFX4_RVT     31 18.3    47    64     666    (-,-) 
  g5335998/Y        -       A3->Y F     AO22X1_RVT       1  0.6    24    57     722    (-,-) 
  g5335997/Y        -       A5->Y F     AO221X1_RVT      1  0.6    30    54     776    (-,-) 
  g5335994/Y        -       A2->Y R     NOR4X1_RVT       1  0.7    22   119     895    (-,-) 
  g759703/Y         -       A1->Y F     NAND4X0_RVT      1  0.6    54    41     936    (-,-) 
  g5632412/Y        -       A->Y  R     INVX0_RVT        1  0.6    32    34     970    (-,-) 
  g5632411/Y        -       A2->Y F     NAND4X0_RVT      1  0.6    55    52    1022    (-,-) 
  g5632409/Y        -       A3->Y R     NOR4X1_RVT       1  0.7    23   118    1140    (-,-) 
  g5632408/Y        -       A1->Y F     NAND4X0_RVT      1  0.6    54    41    1181    (-,-) 
  g5574261/Y        -       A->Y  R     INVX0_RVT        1  0.7    33    36    1216    (-,-) 
  g5572044/Y        -       A1->Y F     NAND4X0_RVT      1  0.1    43    34    1250    (-,-) 
  mp_rd_data[1][25] -       -     F     (port)           -    -     -     0    1250    (-,-) 
#--------------------------------------------------------------------------------------------



Path 2: VIOLATED (-600 ps) Late External Delay Assertion at pin mp_rd_data[3][13]
          Group: clk
     Startpoint: (R) mp_rd_row[3][4]
          Clock: (R) clk
       Endpoint: (F) mp_rd_data[3][13]
          Clock: (R) clk

                     Capture       Launch     
        Clock Edge:+    1000            0     
        Drv Adjust:+       0           30     
       Src Latency:+       0            0     
       Net Latency:+       0 (I)        0 (I) 
           Arrival:=    1000           30     
                                              
      Output Delay:-     300                  
       Uncertainty:-      50                  
     Required Time:=     650                  
      Launch Clock:-      30                  
       Input Delay:-     300                  
         Data Path:-     920                  
             Slack:=    -600                  

Exceptions/Constraints:
  input_delay              300             in_del_300_1  
  output_delay             300             ou_del_1561_1 

#---------------------------------------------------------------------------------------------
#   Timing Point    Flags   Arc   Edge     Cell      Fanout Load Trans Delay Arrival Instance 
#                                                           (fF)  (ps)  (ps)   (ps)  Location 
#---------------------------------------------------------------------------------------------
  mp_rd_row[3][4]   -       -     R     (arrival)         9  6.2    62     0     330    (-,-) 
  fopt5691236/Y     -       A->Y  F     INVX2_RVT         8  4.6    42    34     364    (-,-) 
  g5714099/Y        -       A1->Y R     NAND3X0_RVT       3  1.8    56    52     416    (-,-) 
  g5573032/Y        -       A->Y  R     NBUFFX2_RVT       3  1.8    27    53     469    (-,-) 
  g5674711/Y        -       A2->Y R     OR2X2_RVT         1  2.8    32    55     524    (-,-) 
  g5674710/Y        -       A->Y  F     INVX4_RVT         3  6.6    25    23     548    (-,-) 
  g5674709/Y        -       A->Y  R     INVX8_RVT        28 19.0    28    29     576    (-,-) 
  g5020144/Y        -       A2->Y F     NOR2X4_RVT        2  1.2    29    83     660    (-,-) 
  g5616870/Y        -       A->Y  F     NBUFFX4_RVT       2  2.7    22    47     706    (-,-) 
  g5674236/Y        -       A->Y  F     NBUFFX16_RVT     30 18.0    25    48     754    (-,-) 
  g5703915/Y        -       A1->Y F     AO21X1_RVT        1  0.6    24    65     819    (-,-) 
  g5704593/Y        -       A1->Y F     OR2X1_RVT         1  0.7    20    54     873    (-,-) 
  g5704592/Y        -       A3->Y F     OR3X1_RVT         1  0.6    25    54     926    (-,-) 
  g5704591/Y        -       A1->Y F     OR3X1_RVT         1  0.6    25    74    1000    (-,-) 
  g5613311/Y        -       A1->Y F     OR2X1_RVT         1  0.6    24    54    1054    (-,-) 
  g5613310/Y        -       A1->Y F     OR3X1_RVT         1  0.6    28    73    1127    (-,-) 
  g5572496/Y        -       A1->Y R     NOR3X0_RVT        1  0.6    20    97    1224    (-,-) 
  g5672735/Y        -       A1->Y F     NAND3X0_RVT       1  0.1    30    26    1250    (-,-) 
  mp_rd_data[3][13] -       -     F     (port)            -    -     -     0    1250    (-,-) 
#---------------------------------------------------------------------------------------------



Path 3: VIOLATED (-600 ps) Late External Delay Assertion at pin mp_rd_data[4][13]
          Group: clk
     Startpoint: (F) mp_rd_row[4][4]
          Clock: (R) clk
       Endpoint: (R) mp_rd_data[4][13]
          Clock: (R) clk

                     Capture       Launch     
        Clock Edge:+    1000            0     
        Drv Adjust:+       0           22     
       Src Latency:+       0            0     
       Net Latency:+       0 (I)        0 (I) 
           Arrival:=    1000           22     
                                              
      Output Delay:-     300                  
       Uncertainty:-      50                  
     Required Time:=     650                  
      Launch Clock:-      22                  
       Input Delay:-     300                  
         Data Path:-     928                  
             Slack:=    -600                  

Exceptions/Constraints:
  input_delay              300             in_del_292_1  
  output_delay             300             ou_del_1529_1 

#--------------------------------------------------------------------------------------------
#   Timing Point    Flags   Arc   Edge    Cell      Fanout Load Trans Delay Arrival Instance 
#                                                          (fF)  (ps)  (ps)   (ps)  Location 
#--------------------------------------------------------------------------------------------
  mp_rd_row[4][4]   -       -     F     (arrival)        7  5.3    46     0     322    (-,-) 
  fopt5689398/Y     -       A->Y  R     INVX2_RVT        2  1.2    27    27     349    (-,-) 
  g5689397/Y        -       A1->Y F     NAND3X0_RVT      4  2.7    96    72     422    (-,-) 
  g5517696/Y        -       A2->Y F     OR2X2_RVT       13  8.0    52    98     520    (-,-) 
  fopt5609185/Y     -       A->Y  F     NBUFFX2_RVT      2  1.4    24    56     576    (-,-) 
  fopt5609184/Y     -       A->Y  F     NBUFFX4_RVT      6  4.0    24    47     622    (-,-) 
  g5595447/Y        -       A1->Y R     NOR2X2_RVT       1  0.7    20    76     698    (-,-) 
  fopt5576246/Y     -       A->Y  R     NBUFFX4_RVT      3  1.8    21    41     739    (-,-) 
  fopt5576245/Y     -       A->Y  R     NBUFFX4_RVT      4  2.5    23    42     781    (-,-) 
  fopt5576244/Y     -       A->Y  R     NBUFFX4_RVT      4  3.3    24    44     826    (-,-) 
  fopt5576243/Y     -       A->Y  R     NBUFFX8_RVT      7  5.0    21    42     868    (-,-) 
  fopt5576242/Y     -       A->Y  R     NBUFFX8_RVT     17 10.2    26    45     913    (-,-) 
  g4987791/Y        -       A3->Y R     AO22X1_RVT       1  0.6    29    55     968    (-,-) 
  g4987790/Y        -       A5->Y R     AO221X1_RVT      1  0.7    36    65    1033    (-,-) 
  g4987783/Y        -       A4->Y F     NOR4X1_RVT       1  0.6    22    80    1113    (-,-) 
  g4987764/Y        -       A3->Y R     NAND4X0_RVT      1  0.7    46    40    1154    (-,-) 
  g5700604/Y        -       A2->Y F     NOR2X0_RVT       1  0.6    18    68    1222    (-,-) 
  g5700600/Y        -       A2->Y R     NAND4X0_RVT      1  0.1    36    29    1250    (-,-) 
  mp_rd_data[4][13] -       -     R     (port)           -    -     -     0    1250    (-,-) 
#--------------------------------------------------------------------------------------------



Path 4: VIOLATED (-600 ps) Late External Delay Assertion at pin mp_rd_data[4][27]
          Group: clk
     Startpoint: (R) mp_rd_col[4][4]
          Clock: (R) clk
       Endpoint: (R) mp_rd_data[4][27]
          Clock: (R) clk

                     Capture       Launch     
        Clock Edge:+    1000            0     
        Drv Adjust:+       0           26     
       Src Latency:+       0            0     
       Net Latency:+       0 (I)        0 (I) 
           Arrival:=    1000           26     
                                              
      Output Delay:-     300                  
       Uncertainty:-      50                  
     Required Time:=     650                  
      Launch Clock:-      26                  
       Input Delay:-     300                  
         Data Path:-     925                  
             Slack:=    -600                  

Exceptions/Constraints:
  input_delay              300             in_del_548_1  
  output_delay             300             ou_del_1515_1 

#--------------------------------------------------------------------------------------------
#   Timing Point    Flags   Arc   Edge    Cell      Fanout Load Trans Delay Arrival Instance 
#                                                          (fF)  (ps)  (ps)   (ps)  Location 
#--------------------------------------------------------------------------------------------
  mp_rd_col[4][4]   -       -     R     (arrival)        9  5.4    54     0     326    (-,-) 
  g5719671/Y        -       A3->Y F     NAND3X0_RVT      4  2.6    96    86     412    (-,-) 
  g5719672/Y        -       A1->Y F     OR2X1_RVT        3  2.1    33    97     509    (-,-) 
  fopt5722609/Y     -       A->Y  F     NBUFFX4_RVT      9  5.6    26    53     562    (-,-) 
  fopt5722608/Y     -       A->Y  F     NBUFFX4_RVT      6  3.7    23    47     610    (-,-) 
  g4979155/Y        -       A1->Y F     OR2X2_RVT        1  2.8    31    64     674    (-,-) 
  g4979154/Y        -       A->Y  R     INVX4_RVT       32 16.0    42    41     715    (-,-) 
  g4995971/Y        -       A1->Y R     AO22X1_RVT       1  0.6    29    72     787    (-,-) 
  g4995970/Y        -       A5->Y R     AO221X1_RVT      1  0.5    34    64     851    (-,-) 
  g4995969/Y        -       A1->Y F     NOR4X1_RVT       1  0.5    22    97     948    (-,-) 
  g5685749/Y        -       A2->Y F     AND4X1_RVT       1  0.4    38    72    1020    (-,-) 
  g5685746/Y        -       A4->Y F     AND4X1_RVT       1  0.4    38    93    1112    (-,-) 
  g5685744/Y        -       A4->Y F     AND4X1_RVT       1  0.6    39    95    1208    (-,-) 
  g5685726/Y        -       A3->Y R     NAND4X0_RVT      1  0.1    39    43    1250    (-,-) 
  mp_rd_data[4][27] -       -     R     (port)           -    -     -     0    1250    (-,-) 
#--------------------------------------------------------------------------------------------



Path 5: VIOLATED (-600 ps) Late External Delay Assertion at pin mp_rd_data[4][28]
          Group: clk
     Startpoint: (F) mp_rd_row[4][4]
          Clock: (R) clk
       Endpoint: (F) mp_rd_data[4][28]
          Clock: (R) clk

                     Capture       Launch     
        Clock Edge:+    1000            0     
        Drv Adjust:+       0           22     
       Src Latency:+       0            0     
       Net Latency:+       0 (I)        0 (I) 
           Arrival:=    1000           22     
                                              
      Output Delay:-     300                  
       Uncertainty:-      50                  
     Required Time:=     650                  
      Launch Clock:-      22                  
       Input Delay:-     300                  
         Data Path:-     928                  
             Slack:=    -600                  

Exceptions/Constraints:
  input_delay              300             in_del_292_1  
  output_delay             300             ou_del_1514_1 

#--------------------------------------------------------------------------------------------
#   Timing Point    Flags   Arc   Edge    Cell      Fanout Load Trans Delay Arrival Instance 
#                                                          (fF)  (ps)  (ps)   (ps)  Location 
#--------------------------------------------------------------------------------------------
  mp_rd_row[4][4]   -       -     F     (arrival)        7  5.3    46     0     322    (-,-) 
  g5651844/Y        -       A1->Y R     NAND3X0_RVT      4  2.7    69    63     386    (-,-) 
  g5648989/Y        -       A2->Y R     OR2X1_RVT        3  2.0    34    66     452    (-,-) 
  g5649604/Y        -       A->Y  R     NBUFFX2_RVT      6  3.9    32    53     505    (-,-) 
  g5643307/Y        -       A2->Y R     OR2X1_RVT        2  3.4    44    63     569    (-,-) 
  g5643306/Y        -       A->Y  F     INVX4_RVT       30 18.0    47    42     611    (-,-) 
  g5643300/Y        -       A3->Y F     AO222X1_RVT      1  0.5    27    85     696    (-,-) 
  g5643295/Y        -       A3->Y F     AO21X1_RVT       1  0.5    24    44     740    (-,-) 
  g5643294/Y        -       A3->Y F     AO21X1_RVT       1  0.6    24    43     783    (-,-) 
  g5643293/Y        -       A5->Y F     AO221X1_RVT      1  0.6    30    54     837    (-,-) 
  g5643292/Y        -       A1->Y R     NOR4X1_RVT       1  0.6    22   125     962    (-,-) 
  g5643284/Y        -       A4->Y F     NAND4X0_RVT      1  0.6    54    56    1018    (-,-) 
  g5643283/Y        -       A1->Y R     NOR4X1_RVT       1  0.5    21   136    1154    (-,-) 
  g5643282/Y        -       A1->Y R     AND4X1_RVT       1  0.6    34    67    1221    (-,-) 
  g5675007/Y        -       A1->Y F     NAND3X0_RVT      1  0.1    34    29    1250    (-,-) 
  mp_rd_data[4][28] -       -     F     (port)           -    -     -     0    1250    (-,-) 
#--------------------------------------------------------------------------------------------



Path 6: VIOLATED (-600 ps) Late External Delay Assertion at pin mp_rd_data[9][30]
          Group: clk
     Startpoint: (F) mp_rd_col[9][4]
          Clock: (R) clk
       Endpoint: (F) mp_rd_data[9][30]
          Clock: (R) clk

                     Capture       Launch     
        Clock Edge:+    1000            0     
        Drv Adjust:+       0           10     
       Src Latency:+       0            0     
       Net Latency:+       0 (I)        0 (I) 
           Arrival:=    1000           10     
                                              
      Output Delay:-     300                  
       Uncertainty:-      50                  
     Required Time:=     650                  
      Launch Clock:-      10                  
       Input Delay:-     300                  
         Data Path:-     940                  
             Slack:=    -600                  

Exceptions/Constraints:
  input_delay              300             in_del_508_1  
  output_delay             300             ou_del_1352_1 

#--------------------------------------------------------------------------------------------
#   Timing Point    Flags   Arc   Edge    Cell      Fanout Load Trans Delay Arrival Instance 
#                                                          (fF)  (ps)  (ps)   (ps)  Location 
#--------------------------------------------------------------------------------------------
  mp_rd_col[9][4]   -       -     F     (arrival)        4  2.7    23     0     310    (-,-) 
  g790968/Y         -       A->Y  R     INVX1_RVT        2  1.4    23    25     335    (-,-) 
  g5675811/Y        -       A2->Y R     OR2X2_RVT        9  5.9    42    63     398    (-,-) 
  fopt5600010/Y     -       A->Y  R     NBUFFX4_RVT      3  1.9    24    49     447    (-,-) 
  g5528101/Y        -       A1->Y R     OR2X1_RVT        1  2.8    40    61     508    (-,-) 
  g5525064/Y        -       A->Y  F     INVX4_RVT       21 13.9    40    36     544    (-,-) 
  g790434/Y         -       A1->Y F     AND2X2_RVT       2  1.3    29    65     609    (-,-) 
  g5648782/Y        -       A->Y  F     NBUFFX4_RVT      2  1.9    20    45     654    (-,-) 
  g5685693/Y        -       A->Y  F     NBUFFX8_RVT     30 15.0    28    48     702    (-,-) 
  g5318730/Y        -       A3->Y F     AO221X1_RVT      1  0.6    30    79     781    (-,-) 
  g5318727/Y        -       A3->Y R     NOR4X1_RVT       1  0.6    22   107     888    (-,-) 
  g5318716/Y        -       A3->Y F     NAND4X0_RVT      1  0.6    54    54     942    (-,-) 
  g5318715/Y        -       A1->Y R     NOR4X1_RVT       1  0.5    21   136    1079    (-,-) 
  g5628332/Y        -       A2->Y F     NAND2X0_RVT      1  0.7    31    30    1109    (-,-) 
  g5714669/Y        -       A2->Y R     NOR2X0_RVT       1  0.6    19    67    1176    (-,-) 
  g5714668/Y        -       A1->Y R     AND2X1_RVT       1  0.7    22    43    1219    (-,-) 
  g5628306/Y        -       A1->Y F     NAND4X0_RVT      1  0.1    41    32    1250    (-,-) 
  mp_rd_data[9][30] -       -     F     (port)           -    -     -     0    1250    (-,-) 
#--------------------------------------------------------------------------------------------



Path 7: VIOLATED (-600 ps) Late External Delay Assertion at pin mp_rd_data[13][16]
          Group: clk
     Startpoint: (F) mp_rd_col[13][1]
          Clock: (R) clk
       Endpoint: (R) mp_rd_data[13][16]
          Clock: (R) clk

                     Capture       Launch     
        Clock Edge:+    1000            0     
        Drv Adjust:+       0           22     
       Src Latency:+       0            0     
       Net Latency:+       0 (I)        0 (I) 
           Arrival:=    1000           22     
                                              
      Output Delay:-     300                  
       Uncertainty:-      50                  
     Required Time:=     650                  
      Launch Clock:-      22                  
       Input Delay:-     300                  
         Data Path:-     928                  
             Slack:=    -600                  

Exceptions/Constraints:
  input_delay              300             in_del_479_1  
  output_delay             300             ou_del_1238_1 

#---------------------------------------------------------------------------------------------
#   Timing Point     Flags   Arc   Edge    Cell      Fanout Load Trans Delay Arrival Instance 
#                                                           (fF)  (ps)  (ps)   (ps)  Location 
#---------------------------------------------------------------------------------------------
  mp_rd_col[13][1]   -       -     F     (arrival)        9  5.3    46     0     322    (-,-) 
  fopt5675227/Y      -       A->Y  R     INVX1_RVT        1  0.6    27    28     350    (-,-) 
  g5675226/Y         -       A2->Y F     NAND3X0_RVT      5  3.3   112    89     439    (-,-) 
  g5682946/Y         -       A1->Y F     OR2X2_RVT        1  2.8    34   109     548    (-,-) 
  fopt5682945/Y      -       A->Y  R     INVX4_RVT       12 13.3    38    39     587    (-,-) 
  g5609943/Y         -       A->Y  F     INVX1_RVT        5  3.4    39    36     622    (-,-) 
  g5184779/Y         -       A1->Y R     NOR2X4_RVT      10  5.2    36   105     727    (-,-) 
  fopt5591284/Y      -       A->Y  R     NBUFFX4_RVT      6  3.1    25    49     776    (-,-) 
  fopt5591283/Y      -       A->Y  R     NBUFFX2_RVT      2  1.2    21    41     818    (-,-) 
  fopt5591282/Y      -       A->Y  R     NBUFFX4_RVT     13  6.7    31    50     867    (-,-) 
  fopt5591281/Y      -       A->Y  R     NBUFFX4_RVT      5  2.5    23    46     913    (-,-) 
  g5195110/Y         -       A1->Y R     AO221X1_RVT      1  0.6    35    80     993    (-,-) 
  g5195105/Y         -       A3->Y F     NOR4X1_RVT       1  0.7    23    88    1081    (-,-) 
  g5195104/Y         -       A1->Y R     NAND4X0_RVT      1  0.6    44    34    1115    (-,-) 
  g5712547/Y         -       A->Y  F     INVX0_RVT        1  0.5    26    20    1134    (-,-) 
  g5712545/Y         -       A2->Y F     AND4X1_RVT       1  0.6    39    77    1211    (-,-) 
  g5163327/Y         -       A2->Y R     NAND4X0_RVT      1  0.1    36    40    1250    (-,-) 
  mp_rd_data[13][16] -       -     R     (port)           -    -     -     0    1250    (-,-) 
#---------------------------------------------------------------------------------------------



Path 8: VIOLATED (-600 ps) Late External Delay Assertion at pin mp_rd_data[13][29]
          Group: clk
     Startpoint: (F) mp_rd_col[13][1]
          Clock: (R) clk
       Endpoint: (R) mp_rd_data[13][29]
          Clock: (R) clk

                     Capture       Launch     
        Clock Edge:+    1000            0     
        Drv Adjust:+       0           22     
       Src Latency:+       0            0     
       Net Latency:+       0 (I)        0 (I) 
           Arrival:=    1000           22     
                                              
      Output Delay:-     300                  
       Uncertainty:-      50                  
     Required Time:=     650                  
      Launch Clock:-      22                  
       Input Delay:-     300                  
         Data Path:-     928                  
             Slack:=    -600                  

Exceptions/Constraints:
  input_delay              300             in_del_479_1  
  output_delay             300             ou_del_1225_1 

#---------------------------------------------------------------------------------------------
#   Timing Point     Flags   Arc   Edge    Cell      Fanout Load Trans Delay Arrival Instance 
#                                                           (fF)  (ps)  (ps)   (ps)  Location 
#---------------------------------------------------------------------------------------------
  mp_rd_col[13][1]   -       -     F     (arrival)        9  5.3    46     0     322    (-,-) 
  fopt5675227/Y      -       A->Y  R     INVX1_RVT        1  0.6    27    28     350    (-,-) 
  g5675226/Y         -       A2->Y F     NAND3X0_RVT      5  3.3   112    89     439    (-,-) 
  g5682946/Y         -       A1->Y F     OR2X2_RVT        1  2.8    34   109     548    (-,-) 
  fopt5682945/Y      -       A->Y  R     INVX4_RVT       12 13.3    38    39     587    (-,-) 
  g5609943/Y         -       A->Y  F     INVX1_RVT        5  3.4    39    36     622    (-,-) 
  g5184779/Y         -       A1->Y R     NOR2X4_RVT      10  5.2    36   105     727    (-,-) 
  fopt5591284/Y      -       A->Y  R     NBUFFX4_RVT      6  3.1    25    49     776    (-,-) 
  fopt5591283/Y      -       A->Y  R     NBUFFX2_RVT      2  1.2    21    41     818    (-,-) 
  fopt5591282/Y      -       A->Y  R     NBUFFX4_RVT     13  6.7    31    50     867    (-,-) 
  fopt5591281/Y      -       A->Y  R     NBUFFX4_RVT      5  2.5    23    46     913    (-,-) 
  g5202858/Y         -       A1->Y R     AO221X1_RVT      1  0.6    35    80     993    (-,-) 
  g5202853/Y         -       A3->Y F     NOR4X1_RVT       1  0.7    23    88    1081    (-,-) 
  g5202852/Y         -       A1->Y R     NAND4X0_RVT      1  0.6    44    34    1115    (-,-) 
  g5712529/Y         -       A->Y  F     INVX0_RVT        1  0.5    26    20    1134    (-,-) 
  g5712527/Y         -       A2->Y F     AND4X1_RVT       1  0.6    39    77    1211    (-,-) 
  g5163340/Y         -       A2->Y R     NAND4X0_RVT      1  0.1    36    40    1250    (-,-) 
  mp_rd_data[13][29] -       -     R     (port)           -    -     -     0    1250    (-,-) 
#---------------------------------------------------------------------------------------------



Path 9: VIOLATED (-600 ps) Late External Delay Assertion at pin mp_rd_data[14][1]
          Group: clk
     Startpoint: (R) mp_rd_row[14][2]
          Clock: (R) clk
       Endpoint: (F) mp_rd_data[14][1]
          Clock: (R) clk

                     Capture       Launch     
        Clock Edge:+    1000            0     
        Drv Adjust:+       0           11     
       Src Latency:+       0            0     
       Net Latency:+       0 (I)        0 (I) 
           Arrival:=    1000           11     
                                              
      Output Delay:-     300                  
       Uncertainty:-      50                  
     Required Time:=     650                  
      Launch Clock:-      11                  
       Input Delay:-     300                  
         Data Path:-     939                  
             Slack:=    -600                  

Exceptions/Constraints:
  input_delay              300             in_del_214_1  
  output_delay             300             ou_del_1221_1 

#--------------------------------------------------------------------------------------------
#   Timing Point    Flags   Arc   Edge    Cell      Fanout Load Trans Delay Arrival Instance 
#                                                          (fF)  (ps)  (ps)   (ps)  Location 
#--------------------------------------------------------------------------------------------
  mp_rd_row[14][2]  -       -     R     (arrival)        4  2.7    28     0     311    (-,-) 
  g5707752/Y        -       A2->Y R     OR2X2_RVT       11  7.9    50    71     382    (-,-) 
  fopt5711659/Y     -       A->Y  F     INVX2_RVT        1  0.6    24    14     396    (-,-) 
  g5711658/Y        -       A2->Y R     NAND4X0_RVT      1  0.7    46    38     435    (-,-) 
  fopt5711657/Y     -       A->Y  R     NBUFFX4_RVT     19 12.7    44    67     502    (-,-) 
  fopt5596973/Y     -       A->Y  R     NBUFFX4_RVT      6  4.1    28    54     556    (-,-) 
  g5361787/Y        -       A2->Y R     OR2X2_RVT        2  4.3    36    60     616    (-,-) 
  fopt5600602/Y     -       A->Y  F     INVX2_RVT        5  2.8    26    23     639    (-,-) 
  fopt5600601/Y     -       A->Y  F     NBUFFX4_RVT      8  4.4    24    48     687    (-,-) 
  fopt5600600/Y     -       A->Y  F     NBUFFX4_RVT      4  2.5    21    44     731    (-,-) 
  fopt5600599/Y     -       A->Y  F     NBUFFX4_RVT      6  3.2    22    44     774    (-,-) 
  g5505797/Y        -       A3->Y F     AO221X1_RVT      1  0.6    30    76     851    (-,-) 
  g5363587/Y        -       A2->Y R     NOR4X1_RVT       1  0.5    21   117     968    (-,-) 
  g5681436/Y        -       A1->Y R     AND4X1_RVT       1  0.5    34    66    1034    (-,-) 
  g5681435/Y        -       A3->Y F     NAND3X0_RVT      1  0.6    42    46    1080    (-,-) 
  g5363576/Y        -       A1->Y R     NOR4X1_RVT       1  0.6    22   131    1211    (-,-) 
  g5360737/Y        -       A2->Y F     NAND4X0_RVT      1  0.1    40    40    1250    (-,-) 
  mp_rd_data[14][1] -       -     F     (port)           -    -     -     0    1250    (-,-) 
#--------------------------------------------------------------------------------------------



Path 10: VIOLATED (-600 ps) Late External Delay Assertion at pin mp_rd_data[15][30]
          Group: clk
     Startpoint: (F) mp_rd_col[15][4]
          Clock: (R) clk
       Endpoint: (F) mp_rd_data[15][30]
          Clock: (R) clk

                     Capture       Launch     
        Clock Edge:+    1000            0     
        Drv Adjust:+       0           10     
       Src Latency:+       0            0     
       Net Latency:+       0 (I)        0 (I) 
           Arrival:=    1000           10     
                                              
      Output Delay:-     300                  
       Uncertainty:-      50                  
     Required Time:=     650                  
      Launch Clock:-      10                  
       Input Delay:-     300                  
         Data Path:-     941                  
             Slack:=    -600                  

Exceptions/Constraints:
  input_delay              300             in_del_460_1  
  output_delay             300             ou_del_1160_1 

#---------------------------------------------------------------------------------------------
#   Timing Point     Flags   Arc   Edge    Cell      Fanout Load Trans Delay Arrival Instance 
#                                                           (fF)  (ps)  (ps)   (ps)  Location 
#---------------------------------------------------------------------------------------------
  mp_rd_col[15][4]   -       -     F     (arrival)        4  2.6    22     0     310    (-,-) 
  g5266025/Y         -       A->Y  R     INVX1_RVT        3  1.9    26    28     337    (-,-) 
  g5266036/Y         -       A2->Y R     OR2X2_RVT        9  5.3    40    62     400    (-,-) 
  g5525012/Y         -       A1->Y R     OR2X4_RVT        2  2.1    33    70     470    (-,-) 
  g5631762/Y         -       A->Y  R     NBUFFX8_RVT     33 20.0    35    57     527    (-,-) 
  g5266326/Y         -       A1->Y F     NOR2X4_RVT       4  2.5    31    96     623    (-,-) 
  fopt5589152/Y      -       A->Y  F     NBUFFX4_RVT      6  3.7    23    50     672    (-,-) 
  fopt5589151/Y      -       A->Y  F     NBUFFX4_RVT      5  2.9    22    44     717    (-,-) 
  fopt5589150/Y      -       A->Y  F     NBUFFX2_RVT      2  1.4    20    42     758    (-,-) 
  fopt5589147/Y      -       A->Y  F     NBUFFX4_RVT      6  3.7    23    44     802    (-,-) 
  fopt5589146/Y      -       A->Y  F     NBUFFX4_RVT      3  1.8    20    42     844    (-,-) 
  g5285767/Y         -       A3->Y F     AO22X1_RVT       1  0.6    25    45     889    (-,-) 
  g21035/Y           -       A5->Y F     AO221X1_RVT      1  0.6    30    54     943    (-,-) 
  g5285765/Y         -       A1->Y R     NOR4X0_RVT       1  0.6    22   125    1068    (-,-) 
  g5285755/Y         -       A2->Y F     NAND4X0_RVT      1  0.7    57    51    1120    (-,-) 
  g5714013/Y         -       A3->Y R     NOR3X0_RVT       1  0.6    21    86    1206    (-,-) 
  g5681148/Y         -       A3->Y F     NAND4X0_RVT      1  0.1    41    44    1250    (-,-) 
  mp_rd_data[15][30] -       -     F     (port)           -    -     -     0    1250    (-,-) 
#---------------------------------------------------------------------------------------------

